0.6807 	WARNING 	We strongly recommend you activate the PTB sound engine in PsychoPy prefs as the preferred audio engine. Its timing is vastly superior. Your prefs are currently set to use ['sounddevice', 'PTB', 'pyo', 'pygame'] (in that order).
0.6807 	WARNING 	Requested audio device 'Speakers (Realtek HD Audio output)' that is not available on this hardware. The 'audioDevice' preference should be one of ['24P1W1 (NVIDIA High Definition ']
19.0362 	WARNING 	Monitor specification not found. Creating a temporary one...
19.8996 	EXP 	Created window1 = Window(allowGUI=False, allowStencil=False, args=UNKNOWN, autoLog=True, bitsMode=UNKNOWN, blendMode='avg', bpc=(8, 8, 8), color=array([0.804, 0.804, 0.961]), colorSpace='rgb', depthBits=8, fullscr=<method-wrapper '__getattribute__' of attributeSetter object at 0x000002E6D19F5DD8>, gamma=None, gammaErrorPolicy='raise', kwargs=UNKNOWN, lms=UNKNOWN, monitor=<psychopy.monitors.calibTools.Monitor object at 0x000002E6D16B7B38>, multiSample=False, name='window1', numSamples=2, pos=[0.0, 0.0], screen=0, size=array([1920, 1080]), stencilBits=0, stereo=False, units='height', useFBO=True, useRetina=False, viewOri=0.0, viewPos=None, viewScale=None, waitBlanking=True, winType='pyglet')
19.8996 	EXP 	window1: recordFrameIntervals = False
20.0658 	EXP 	window1: recordFrameIntervals = True
20.2492 	EXP 	window1: recordFrameIntervals = False
20.3765 	EXP 	Created start_encoding_text = TextStim(__class__=<class 'psychopy.visual.text.TextStim'>, alignHoriz=method-wrapper(...), alignText='center', alignVert=method-wrapper(...), anchorHoriz='center', anchorVert='center', antialias=True, autoLog=True, bold=False, color='black', colorSpace='named', contrast=1.0, depth=0.0, flipHoriz=False, flipVert=False, font='Arial', fontFiles=[], height=0.1, italic=False, languageStyle='LTR', name='start_encoding_text', opacity=1.0, ori=0, pos=array([0., 0.]), rgb=array([0., 0., 0.]), text='default text', units='height', win=Window(...), wrapWidth=1)
20.4049 	EXP 	Created enc_instructions_1_text = TextStim(__class__=<class 'psychopy.visual.text.TextStim'>, alignHoriz=method-wrapper(...), alignText='center', alignVert=method-wrapper(...), anchorHoriz='center', anchorVert='center', antialias=True, autoLog=True, bold=False, color='black', colorSpace='named', contrast=1.0, depth=0.0, flipHoriz=False, flipVert=False, font='Arial', fontFiles=[], height=0.03, italic=False, languageStyle='LTR', name='enc_instructions_1_text', opacity=1.0, ori=0, pos=array([-0.3,  0. ]), rgb=array([0., 0., 0.]), text=str(...), units='height', win=Window(...), wrapWidth=0.65)
20.4708 	EXP 	Created enc_instructions_1_image = ImageStim(__class__=<class 'psychopy.visual.image.ImageStim'>, autoLog=True, color=array([1., 1., 1.]), colorSpace='rgb', contrast=1.0, depth=-1.0, flipHoriz=False, flipVert=False, image='stimuli/GalleryBuildingFromOutside.jpg', interpolate=True, mask=None, maskParams=None, name='enc_instructions_1_image', opacity=1.0, ori=0.0, pos=array([0.4688, 0.    ]), size=array([0.625 , 0.8333]), texRes=128, units='norm', win=Window(...))
20.4740 	EXP 	Created instructions_1_continue = TextStim(__class__=<class 'psychopy.visual.text.TextStim'>, alignHoriz=method-wrapper(...), alignText='center', alignVert=method-wrapper(...), anchorHoriz='center', anchorVert='center', antialias=True, autoLog=True, bold=False, color='black', colorSpace='named', contrast=1.0, depth=-3.0, flipHoriz=False, flipVert=False, font='Arial', fontFiles=[], height=0.03, italic=False, languageStyle='LTR', name='instructions_1_continue', opacity=1.0, ori=0, pos=array([ 0. , -0.4]), rgb=array([0., 0., 0.]), text=str(...), units='height', win=Window(...), wrapWidth=1)
20.4912 	EXP 	Created enc_instructions_2_text = TextStim(__class__=<class 'psychopy.visual.text.TextStim'>, alignHoriz=method-wrapper(...), alignText='center', alignVert=method-wrapper(...), anchorHoriz='center', anchorVert='center', antialias=True, autoLog=True, bold=False, color='black', colorSpace='named', contrast=1.0, depth=0.0, flipHoriz=False, flipVert=False, font='Arial', fontFiles=[], height=0.03, italic=False, languageStyle='LTR', name='enc_instructions_2_text', opacity=1.0, ori=0, pos=array([-0.35,  0.  ]), rgb=array([0., 0., 0.]), text=str(...), units='height', win=Window(...), wrapWidth=0.5)
20.6296 	EXP 	Created enc_instructions_2_image = ImageStim(__class__=<class 'psychopy.visual.image.ImageStim'>, autoLog=True, color=array([1., 1., 1.]), colorSpace='rgb', contrast=1.0, depth=-1.0, flipHoriz=False, flipVert=False, image='stimuli/GalleryInterior.png', interpolate=True, mask=None, maskParams=None, name='enc_instructions_2_image', opacity=1.0, ori=0.0, pos=array([0.4427, 0.    ]), size=array([0.7604, 0.8185]), texRes=128, units='norm', win=Window(...))
20.6320 	EXP 	Created instructions_2_continue = TextStim(__class__=<class 'psychopy.visual.text.TextStim'>, alignHoriz=method-wrapper(...), alignText='center', alignVert=method-wrapper(...), anchorHoriz='center', anchorVert='center', antialias=True, autoLog=True, bold=False, color='black', colorSpace='named', contrast=1.0, depth=-3.0, flipHoriz=False, flipVert=False, font='Arial', fontFiles=[], height=0.03, italic=False, languageStyle='LTR', name='instructions_2_continue', opacity=1.0, ori=0, pos=array([ 0. , -0.4]), rgb=array([0., 0., 0.]), text=str(...), units='height', win=Window(...), wrapWidth=1)
20.6579 	EXP 	Created enc_instructions_3_text = TextStim(__class__=<class 'psychopy.visual.text.TextStim'>, alignHoriz=method-wrapper(...), alignText='center', alignVert=method-wrapper(...), anchorHoriz='center', anchorVert='center', antialias=True, autoLog=True, bold=False, color='black', colorSpace='named', contrast=1.0, depth=0.0, flipHoriz=False, flipVert=False, font='Arial', fontFiles=[], height=0.04, italic=False, languageStyle='LTR', name='enc_instructions_3_text', opacity=1.0, ori=0, pos=array([0., 0.]), rgb=array([0., 0., 0.]), text=str(...), units='height', win=Window(...), wrapWidth=1)
20.6612 	EXP 	Created enc_instructions_3_continue = TextStim(__class__=<class 'psychopy.visual.text.TextStim'>, alignHoriz=method-wrapper(...), alignText='center', alignVert=method-wrapper(...), anchorHoriz='center', anchorVert='center', antialias=True, autoLog=True, bold=False, color='black', colorSpace='named', contrast=1.0, depth=-2.0, flipHoriz=False, flipVert=False, font='Arial', fontFiles=[], height=0.03, italic=False, languageStyle='LTR', name='enc_instructions_3_continue', opacity=1.0, ori=0, pos=array([ 0. , -0.4]), rgb=array([0., 0., 0.]), text=str(...), units='height', win=Window(...), wrapWidth=1)
20.6732 	EXP 	Created start_practice_text = TextStim(__class__=<class 'psychopy.visual.text.TextStim'>, alignHoriz=method-wrapper(...), alignText='center', alignVert=method-wrapper(...), anchorHoriz='center', anchorVert='center', antialias=True, autoLog=True, bold=False, color='black', colorSpace='named', contrast=1.0, depth=0.0, flipHoriz=False, flipVert=False, font='Arial', fontFiles=[], height=0.1, italic=False, languageStyle='LTR', name='start_practice_text', opacity=1.0, ori=0, pos=array([0., 0.]), rgb=array([0., 0., 0.]), text='Kezdődik a gyakorlás...', units='height', win=Window(...), wrapWidth=1)
20.8054 	EXP 	Created enc_practice_fx_interior = ImageStim(__class__=<class 'psychopy.visual.image.ImageStim'>, autoLog=True, color=array([1., 1., 1.]), colorSpace='rgb', contrast=1.0, depth=0.0, flipHoriz=False, flipVert=False, image='stimuli/GalleryInterior.png', interpolate=True, mask=None, maskParams=None, name='enc_practice_fx_interior', opacity=1.0, ori=0.0, pos=array([0., 0.]), size=array([2., 2.]), texRes=128, units='norm', win=Window(...))
20.8099 	EXP 	Created enc_practice_fx_cross = TextStim(__class__=<class 'psychopy.visual.text.TextStim'>, alignHoriz=method-wrapper(...), alignText='center', alignVert=method-wrapper(...), anchorHoriz='center', anchorVert='center', antialias=True, autoLog=True, bold=False, color='black', colorSpace='named', contrast=1.0, depth=-1.0, flipHoriz=False, flipVert=False, font='Arial', fontFiles=[], height=0.1, italic=False, languageStyle='LTR', name='enc_practice_fx_cross', opacity=1.0, ori=0, pos=array([0., 0.]), rgb=array([0., 0., 0.]), text='+', units='norm', win=Window(...), wrapWidth=1)
20.9346 	EXP 	Created enc_practice_trial_interior = ImageStim(__class__=<class 'psychopy.visual.image.ImageStim'>, autoLog=True, color=array([1., 1., 1.]), colorSpace='rgb', contrast=1.0, depth=-1.0, flipHoriz=False, flipVert=False, image='stimuli/GalleryInterior.png', interpolate=True, mask=None, maskParams=None, name='enc_practice_trial_interior', opacity=1.0, ori=0.0, pos=array([0., 0.]), size=array([2., 2.]), texRes=128, units='norm', win=Window(...))
20.9414 	EXP 	Created enc_practice_trial_main_image = ImageStim(__class__=<class 'psychopy.visual.image.ImageStim'>, autoLog=True, color=array([1., 1., 1.]), colorSpace='rgb', contrast=1.0, depth=-2.0, flipHoriz=False, flipVert=False, image='sin', interpolate=True, mask=None, maskParams=None, name='enc_practice_trial_main_image', opacity=1.0, ori=0.0, pos=array([0., 0.]), size=array([1., 1.]), texRes=128, units='norm', win=Window(...))
21.0682 	EXP 	Created enc_practice_feedback_interior = ImageStim(__class__=<class 'psychopy.visual.image.ImageStim'>, autoLog=True, color=array([1., 1., 1.]), colorSpace='rgb', contrast=1.0, depth=-1.0, flipHoriz=False, flipVert=False, image='stimuli/GalleryInterior.png', interpolate=True, mask=None, maskParams=None, name='enc_practice_feedback_interior', opacity=1.0, ori=0.0, pos=array([0., 0.]), size=array([2., 2.]), texRes=128, units='norm', win=Window(...))
21.0735 	EXP 	Created enc_practice_feedback_image = ImageStim(__class__=<class 'psychopy.visual.image.ImageStim'>, autoLog=True, color=array([1., 1., 1.]), colorSpace='rgb', contrast=1.0, depth=-2.0, flipHoriz=False, flipVert=False, image='sin', interpolate=True, mask=None, maskParams=None, name='enc_practice_feedback_image', opacity=1.0, ori=0.0, pos=array([0., 0.]), size=array([1., 1.]), texRes=128, units='norm', win=Window(...))
21.0799 	EXP 	Created enc_practice_feedback_text = TextStim(__class__=<class 'psychopy.visual.text.TextStim'>, alignHoriz=method-wrapper(...), alignText='center', alignVert=method-wrapper(...), anchorHoriz='center', anchorVert='center', antialias=True, autoLog=True, bold=False, color='black', colorSpace='named', contrast=1.0, depth=-3.0, flipHoriz=False, flipVert=False, font='Arial', fontFiles=[], height=0.05, italic=False, languageStyle='LTR', name='enc_practice_feedback_text', opacity=1.0, ori=0, pos=array([0., 0.]), rgb=array([0., 0., 0.]), text='default text', units='norm', win=Window(...), wrapWidth=1)
21.0942 	EXP 	Created end_practice_text = TextStim(__class__=<class 'psychopy.visual.text.TextStim'>, alignHoriz=method-wrapper(...), alignText='center', alignVert=method-wrapper(...), anchorHoriz='center', anchorVert='center', antialias=True, autoLog=True, bold=False, color='black', colorSpace='named', contrast=1.0, depth=0.0, flipHoriz=False, flipVert=False, font='Arial', fontFiles=[], height=0.05, italic=False, languageStyle='LTR', name='end_practice_text', opacity=1.0, ori=0, pos=array([0., 0.]), rgb=array([0., 0., 0.]), text=str(...), units='height', win=Window(...), wrapWidth=0.8)
21.1001 	EXP 	Created end_practice_continue = TextStim(__class__=<class 'psychopy.visual.text.TextStim'>, alignHoriz=method-wrapper(...), alignText='center', alignVert=method-wrapper(...), anchorHoriz='center', anchorVert='center', antialias=True, autoLog=True, bold=False, color='black', colorSpace='named', contrast=1.0, depth=-2.0, flipHoriz=False, flipVert=False, font='Arial', fontFiles=[], height=0.03, italic=False, languageStyle='LTR', name='end_practice_continue', opacity=1.0, ori=0, pos=array([ 0. , -0.4]), rgb=array([0., 0., 0.]), text=str(...), units='height', win=Window(...), wrapWidth=1)
21.1296 	EXP 	Created start_MR_text = TextStim(__class__=<class 'psychopy.visual.text.TextStim'>, alignHoriz=method-wrapper(...), alignText='center', alignVert=method-wrapper(...), anchorHoriz='center', anchorVert='center', antialias=True, autoLog=True, bold=False, color='black', colorSpace='named', contrast=1.0, depth=0.0, flipHoriz=False, flipVert=False, font='Arial', fontFiles=[], height=0.3, italic=False, languageStyle='LTR', name='start_MR_text', opacity=1.0, ori=0, pos=array([0., 0.]), rgb=array([0., 0., 0.]), text='A vizsgálatvezető indítja a szkennert...', units='norm', win=Window(...), wrapWidth=1)
21.1397 	EXP 	Created start_enc_run_text = TextStim(__class__=<class 'psychopy.visual.text.TextStim'>, alignHoriz=method-wrapper(...), alignText='center', alignVert=method-wrapper(...), anchorHoriz='center', anchorVert='center', antialias=True, autoLog=True, bold=False, color='black', colorSpace='named', contrast=1.0, depth=-2.0, flipHoriz=False, flipVert=False, font='Arial', fontFiles=[], height=0.06, italic=False, languageStyle='LTR', name='start_enc_run_text', opacity=1.0, ori=0, pos=array([0., 0.]), rgb=array([0., 0., 0.]), text='Kezdődik a feladat...', units='height', win=Window(...), wrapWidth=1)
21.2629 	EXP 	Created enc_fx_interior = ImageStim(__class__=<class 'psychopy.visual.image.ImageStim'>, autoLog=True, color=array([1., 1., 1.]), colorSpace='rgb', contrast=1.0, depth=0.0, flipHoriz=False, flipVert=False, image='stimuli/GalleryInterior.png', interpolate=True, mask=None, maskParams=None, name='enc_fx_interior', opacity=1.0, ori=0.0, pos=array([0., 0.]), size=array([2., 2.]), texRes=128, units='norm', win=Window(...))
21.2649 	EXP 	Created enc_fx_cross = TextStim(__class__=<class 'psychopy.visual.text.TextStim'>, alignHoriz=method-wrapper(...), alignText='center', alignVert=method-wrapper(...), anchorHoriz='center', anchorVert='center', antialias=True, autoLog=True, bold=False, color='black', colorSpace='named', contrast=1.0, depth=-1.0, flipHoriz=False, flipVert=False, font='Arial', fontFiles=[], height=0.1, italic=False, languageStyle='LTR', name='enc_fx_cross', opacity=1.0, ori=0, pos=array([0., 0.]), rgb=array([0., 0., 0.]), text='+', units='norm', win=Window(...), wrapWidth=1)
21.3880 	EXP 	Created enc_trial_interior = ImageStim(__class__=<class 'psychopy.visual.image.ImageStim'>, autoLog=True, color=array([1., 1., 1.]), colorSpace='rgb', contrast=1.0, depth=-1.0, flipHoriz=False, flipVert=False, image='stimuli/GalleryInterior.png', interpolate=True, mask=None, maskParams=None, name='enc_trial_interior', opacity=1.0, ori=0.0, pos=array([0., 0.]), size=array([2., 2.]), texRes=128, units='norm', win=Window(...))
21.3932 	EXP 	Created enc_trial_main_image = ImageStim(__class__=<class 'psychopy.visual.image.ImageStim'>, autoLog=True, color=array([1., 1., 1.]), colorSpace='rgb', contrast=1.0, depth=-2.0, flipHoriz=False, flipVert=False, image='sin', interpolate=True, mask=None, maskParams=None, name='enc_trial_main_image', opacity=1.0, ori=0.0, pos=array([0., 0.]), size=array([1., 1.]), texRes=128, units='norm', win=Window(...))
21.3964 	EXP 	Created end_enc_run_text = TextStim(__class__=<class 'psychopy.visual.text.TextStim'>, alignHoriz=method-wrapper(...), alignText='center', alignVert=method-wrapper(...), anchorHoriz='center', anchorVert='center', antialias=True, autoLog=True, bold=False, color='black', colorSpace='named', contrast=1.0, depth=0.0, flipHoriz=False, flipVert=False, font='Arial', fontFiles=[], height=0.06, italic=False, languageStyle='LTR', name='end_enc_run_text', opacity=1.0, ori=0, pos=array([0., 0.]), rgb=array([0., 0., 0.]), text='default text', units='height', win=Window(...), wrapWidth=1)
21.4038 	EXP 	Created enc_run_end_continue = TextStim(__class__=<class 'psychopy.visual.text.TextStim'>, alignHoriz=method-wrapper(...), alignText='center', alignVert=method-wrapper(...), anchorHoriz='center', anchorVert='center', antialias=True, autoLog=True, bold=False, color='black', colorSpace='named', contrast=1.0, depth=-2.0, flipHoriz=False, flipVert=False, font='Arial', fontFiles=[], height=0.03, italic=False, languageStyle='LTR', name='enc_run_end_continue', opacity=1.0, ori=0, pos=array([ 0. , -0.4]), rgb=array([0., 0., 0.]), text=str(...), units='height', win=Window(...), wrapWidth=1)
21.4073 	EXP 	Created inter_task_break_text = TextStim(__class__=<class 'psychopy.visual.text.TextStim'>, alignHoriz=method-wrapper(...), alignText='center', alignVert=method-wrapper(...), anchorHoriz='center', anchorVert='center', antialias=True, autoLog=True, bold=False, color='black', colorSpace='named', contrast=1.0, depth=0.0, flipHoriz=False, flipVert=False, font='Arial', fontFiles=[], height=0.03, italic=False, languageStyle='LTR', name='inter_task_break_text', opacity=1.0, ori=0, pos=array([0., 0.]), rgb=array([0., 0., 0.]), text='Most kivesszük Önt a szkennerből.', units='height', win=Window(...), wrapWidth=1)
21.4951 	EXP 	start_encoding_text: text = 'Első feladat\nGaléria berendezés'
21.4951 	EXP 	start_encoding_text: autoDraw = True
22.9323 	EXP 	start_encoding_text: autoDraw = False
22.9323 	EXP 	enc_instructions_1_text: autoDraw = True
22.9323 	EXP 	enc_instructions_1_image: autoDraw = True
26.9841 	DATA 	Keypress: d
27.8988 	EXP 	instructions_1_continue: autoDraw = True
75.2691 	DATA 	Keypress: d
75.2977 	EXP 	enc_instructions_1_text: autoDraw = False
75.2977 	EXP 	enc_instructions_1_image: autoDraw = False
75.2977 	EXP 	instructions_1_continue: autoDraw = False
75.2977 	EXP 	enc_instructions_2_text: autoDraw = True
75.2977 	EXP 	enc_instructions_2_image: autoDraw = True
79.0161 	DATA 	Keypress: s
80.2809 	EXP 	instructions_2_continue: autoDraw = True
80.3709 	DATA 	Keypress: d
80.3809 	EXP 	enc_instructions_2_text: autoDraw = False
80.3809 	EXP 	enc_instructions_2_image: autoDraw = False
80.3809 	EXP 	instructions_2_continue: autoDraw = False
80.3809 	EXP 	enc_instructions_3_text: autoDraw = True
85.3641 	EXP 	enc_instructions_3_continue: autoDraw = True
85.7715 	DATA 	Keypress: d
85.7808 	EXP 	enc_instructions_3_text: autoDraw = False
85.7808 	EXP 	enc_instructions_3_continue: autoDraw = False
85.7808 	EXP 	start_practice_text: autoDraw = True
86.7850 	EXP 	Imported stimuli_tables/encoding_practice_trials.csv as conditions, 9 conditions, 9 params
86.7852 	EXP 	Created sequence: sequential, trialTypes=9, nReps=1, seed=None
86.7854 	EXP 	New trial (rep=0, index=0): OrderedDict([('Task', 'EncodingPractice'), ('TrialType', 'OBJ'), ('StimType', 'LURE'), ('Order', 1), ('CurrentImage', 'stimuli/fractals/166a.jpg'), ('CurrentX', -0.0781), ('CurrentY', 0.4167), ('Jitter', 1500), ('Section', 'Encoding')])
86.8141 	EXP 	start_practice_text: autoDraw = False
86.8141 	EXP 	start_practice_text: autoDraw = False
86.8141 	EXP 	enc_practice_fx_cross: pos = array([-0.0781,  0.4167])
86.8141 	EXP 	enc_practice_fx_interior: autoDraw = True
86.8141 	EXP 	enc_practice_fx_cross: autoDraw = True
88.3470 	EXP 	enc_practice_fx_interior: autoDraw = False
88.3470 	EXP 	enc_practice_fx_cross: autoDraw = False
88.3470 	EXP 	enc_practice_fx_interior: autoDraw = False
88.3470 	EXP 	enc_practice_fx_cross: autoDraw = False
88.3470 	EXP 	enc_practice_trial_main_image: pos = array([-0.0781,  0.4167])
88.3470 	EXP 	enc_practice_trial_main_image: size = array([0.3125    , 0.55555556])
88.3470 	EXP 	enc_practice_trial_main_image: image = 'stimuli/fractals/166a.jpg'
88.3470 	EXP 	enc_practice_trial_interior: autoDraw = True
88.3470 	EXP 	enc_practice_trial_main_image: autoDraw = True
88.4841 	DATA 	Keypress: s
91.3636 	EXP 	enc_practice_trial_interior: autoDraw = False
91.3636 	EXP 	enc_practice_trial_main_image: autoDraw = False
91.3636 	EXP 	enc_practice_feedback_image: pos = array([-0.0781,  0.4167])
91.3636 	EXP 	enc_practice_feedback_image: size = array([0.3125    , 0.55555556])
91.3636 	EXP 	enc_practice_feedback_image: image = 'stimuli/fractals/166a.jpg'
91.3636 	EXP 	enc_practice_feedback_text: pos = array([-0.0781,  0.0167])
91.3636 	EXP 	enc_practice_feedback_text: text = 'Nem adott választ.'
91.3636 	EXP 	enc_practice_feedback_interior: autoDraw = True
91.3636 	EXP 	enc_practice_feedback_image: autoDraw = True
91.3636 	EXP 	enc_practice_feedback_text: autoDraw = True
91.5491 	DATA 	Keypress: c
92.3143 	EXP 	New trial (rep=0, index=1): OrderedDict([('Task', 'EncodingPractice'), ('TrialType', 'OBJ'), ('StimType', 'TARGET'), ('Order', 1), ('CurrentImage', 'stimuli/fractals/167a.jpg'), ('CurrentX', 0.2344), ('CurrentY', 0.4167), ('Jitter', 500), ('Section', 'Encoding')])
92.3302 	EXP 	enc_practice_feedback_interior: autoDraw = False
92.3302 	EXP 	enc_practice_feedback_image: autoDraw = False
92.3302 	EXP 	enc_practice_feedback_text: autoDraw = False
92.3302 	EXP 	enc_practice_fx_cross: pos = array([0.2344, 0.4167])
92.3302 	EXP 	enc_practice_fx_interior: autoDraw = True
92.3302 	EXP 	enc_practice_fx_cross: autoDraw = True
92.8469 	EXP 	enc_practice_fx_interior: autoDraw = False
92.8469 	EXP 	enc_practice_fx_cross: autoDraw = False
92.8469 	EXP 	enc_practice_fx_interior: autoDraw = False
92.8469 	EXP 	enc_practice_fx_cross: autoDraw = False
92.8469 	EXP 	enc_practice_trial_main_image: pos = array([0.2344, 0.4167])
92.8469 	EXP 	enc_practice_trial_main_image: size = array([0.3125    , 0.55555556])
92.8469 	EXP 	enc_practice_trial_main_image: image = 'stimuli/fractals/167a.jpg'
92.8469 	EXP 	enc_practice_trial_interior: autoDraw = True
92.8469 	EXP 	enc_practice_trial_main_image: autoDraw = True
93.6509 	DATA 	Keypress: b
95.8468 	EXP 	enc_practice_trial_interior: autoDraw = False
95.8468 	EXP 	enc_practice_trial_main_image: autoDraw = False
95.8468 	EXP 	enc_practice_feedback_image: pos = array([0.2344, 0.4167])
95.8468 	EXP 	enc_practice_feedback_image: size = array([0.3125    , 0.55555556])
95.8468 	EXP 	enc_practice_feedback_image: image = 'stimuli/fractals/167a.jpg'
95.8468 	EXP 	enc_practice_feedback_text: pos = array([0.2344, 0.0167])
95.8468 	EXP 	enc_practice_feedback_text: text = 'Nem adott választ.'
95.8468 	EXP 	enc_practice_feedback_interior: autoDraw = True
95.8468 	EXP 	enc_practice_feedback_image: autoDraw = True
95.8468 	EXP 	enc_practice_feedback_text: autoDraw = True
96.8307 	EXP 	New trial (rep=0, index=2): OrderedDict([('Task', 'EncodingPractice'), ('TrialType', 'OBJ'), ('StimType', 'FOIL'), ('Order', 1), ('CurrentImage', 'stimuli/fractals/149a.jpg'), ('CurrentX', 0.2344), ('CurrentY', -0.1389), ('Jitter', 1000), ('Section', 'Encoding')])
96.8469 	EXP 	enc_practice_feedback_interior: autoDraw = False
96.8469 	EXP 	enc_practice_feedback_image: autoDraw = False
96.8469 	EXP 	enc_practice_feedback_text: autoDraw = False
96.8469 	EXP 	enc_practice_fx_cross: pos = array([ 0.2344, -0.1389])
96.8469 	EXP 	enc_practice_fx_interior: autoDraw = True
96.8469 	EXP 	enc_practice_fx_cross: autoDraw = True
97.8468 	EXP 	enc_practice_fx_interior: autoDraw = False
97.8468 	EXP 	enc_practice_fx_cross: autoDraw = False
97.8468 	EXP 	enc_practice_fx_interior: autoDraw = False
97.8468 	EXP 	enc_practice_fx_cross: autoDraw = False
97.8468 	EXP 	enc_practice_trial_main_image: pos = array([ 0.2344, -0.1389])
97.8468 	EXP 	enc_practice_trial_main_image: size = array([0.3125    , 0.55555556])
97.8468 	EXP 	enc_practice_trial_main_image: image = 'stimuli/fractals/149a.jpg'
97.8468 	EXP 	enc_practice_trial_interior: autoDraw = True
97.8468 	EXP 	enc_practice_trial_main_image: autoDraw = True
98.4011 	DATA 	Keypress: b
100.8467 	EXP 	enc_practice_trial_interior: autoDraw = False
100.8467 	EXP 	enc_practice_trial_main_image: autoDraw = False
100.8467 	EXP 	enc_practice_trial_interior: autoDraw = False
100.8467 	EXP 	enc_practice_trial_main_image: autoDraw = False
100.8467 	EXP 	enc_practice_feedback_image: pos = array([ 0.2344, -0.1389])
100.8467 	EXP 	enc_practice_feedback_image: size = array([0.3125    , 0.55555556])
100.8467 	EXP 	enc_practice_feedback_image: image = 'stimuli/fractals/149a.jpg'
100.8467 	EXP 	enc_practice_feedback_text: pos = array([ 0.2344, -0.5389])
100.8467 	EXP 	enc_practice_feedback_text: text = 'Nem adott választ.'
100.8467 	EXP 	enc_practice_feedback_interior: autoDraw = True
100.8467 	EXP 	enc_practice_feedback_image: autoDraw = True
100.8467 	EXP 	enc_practice_feedback_text: autoDraw = True
101.8323 	EXP 	New trial (rep=0, index=3): OrderedDict([('Task', 'EncodingPractice'), ('TrialType', 'LOC'), ('StimType', 'FOIL'), ('Order', 1), ('CurrentImage', 'stimuli/fractals/148b.jpg'), ('CurrentX', 0.2344), ('CurrentY', -0.1389), ('Jitter', 1000), ('Section', 'Encoding')])
101.8467 	EXP 	enc_practice_feedback_interior: autoDraw = False
101.8467 	EXP 	enc_practice_feedback_image: autoDraw = False
101.8467 	EXP 	enc_practice_feedback_text: autoDraw = False
101.8467 	EXP 	enc_practice_feedback_interior: autoDraw = False
101.8467 	EXP 	enc_practice_feedback_image: autoDraw = False
101.8467 	EXP 	enc_practice_feedback_text: autoDraw = False
101.8467 	EXP 	enc_practice_fx_cross: pos = array([ 0.2344, -0.1389])
101.8467 	EXP 	enc_practice_fx_interior: autoDraw = True
101.8467 	EXP 	enc_practice_fx_cross: autoDraw = True
102.8467 	EXP 	enc_practice_fx_interior: autoDraw = False
102.8467 	EXP 	enc_practice_fx_cross: autoDraw = False
102.8467 	EXP 	enc_practice_fx_interior: autoDraw = False
102.8467 	EXP 	enc_practice_fx_cross: autoDraw = False
102.8467 	EXP 	enc_practice_trial_main_image: pos = array([ 0.2344, -0.1389])
102.8467 	EXP 	enc_practice_trial_main_image: size = array([0.3125    , 0.55555556])
102.8467 	EXP 	enc_practice_trial_main_image: image = 'stimuli/fractals/148b.jpg'
102.8467 	EXP 	enc_practice_trial_interior: autoDraw = True
102.8467 	EXP 	enc_practice_trial_main_image: autoDraw = True
103.4669 	DATA 	Keypress: b
105.8633 	EXP 	enc_practice_trial_interior: autoDraw = False
105.8633 	EXP 	enc_practice_trial_main_image: autoDraw = False
105.8633 	EXP 	enc_practice_trial_interior: autoDraw = False
105.8633 	EXP 	enc_practice_trial_main_image: autoDraw = False
105.8633 	EXP 	enc_practice_feedback_image: pos = array([ 0.2344, -0.1389])
105.8633 	EXP 	enc_practice_feedback_image: size = array([0.3125    , 0.55555556])
105.8633 	EXP 	enc_practice_feedback_image: image = 'stimuli/fractals/148b.jpg'
105.8633 	EXP 	enc_practice_feedback_text: pos = array([ 0.2344, -0.5389])
105.8633 	EXP 	enc_practice_feedback_text: text = 'Nem adott választ.'
105.8633 	EXP 	enc_practice_feedback_interior: autoDraw = True
105.8633 	EXP 	enc_practice_feedback_image: autoDraw = True
105.8633 	EXP 	enc_practice_feedback_text: autoDraw = True
106.8471 	EXP 	New trial (rep=0, index=4): OrderedDict([('Task', 'EncodingPractice'), ('TrialType', 'LOC'), ('StimType', 'LURE'), ('Order', 1), ('CurrentImage', 'stimuli/fractals/159a.jpg'), ('CurrentX', -0.3906), ('CurrentY', 0.4167), ('Jitter', 5000), ('Section', 'Encoding')])
106.8632 	EXP 	enc_practice_feedback_interior: autoDraw = False
106.8632 	EXP 	enc_practice_feedback_image: autoDraw = False
106.8632 	EXP 	enc_practice_feedback_text: autoDraw = False
106.8632 	EXP 	enc_practice_fx_cross: pos = array([-0.3906,  0.4167])
106.8632 	EXP 	enc_practice_fx_interior: autoDraw = True
106.8632 	EXP 	enc_practice_fx_cross: autoDraw = True
109.7672 	DATA 	Keypress: c
111.8965 	EXP 	enc_practice_fx_interior: autoDraw = False
111.8965 	EXP 	enc_practice_fx_cross: autoDraw = False
111.8965 	EXP 	enc_practice_fx_interior: autoDraw = False
111.8965 	EXP 	enc_practice_fx_cross: autoDraw = False
111.8965 	EXP 	enc_practice_trial_main_image: pos = array([-0.3906,  0.4167])
111.8965 	EXP 	enc_practice_trial_main_image: size = array([0.3125    , 0.55555556])
111.8965 	EXP 	enc_practice_trial_main_image: image = 'stimuli/fractals/159a.jpg'
111.8965 	EXP 	enc_practice_trial_interior: autoDraw = True
111.8965 	EXP 	enc_practice_trial_main_image: autoDraw = True
112.3339 	DATA 	Keypress: c
114.8964 	EXP 	enc_practice_trial_interior: autoDraw = False
114.8964 	EXP 	enc_practice_trial_main_image: autoDraw = False
114.8964 	EXP 	enc_practice_feedback_image: pos = array([-0.3906,  0.4167])
114.8964 	EXP 	enc_practice_feedback_image: size = array([0.3125    , 0.55555556])
114.8964 	EXP 	enc_practice_feedback_image: image = 'stimuli/fractals/159a.jpg'
114.8964 	EXP 	enc_practice_feedback_text: pos = array([-0.3906,  0.0167])
114.8964 	EXP 	enc_practice_feedback_text: text = 'Nem adott választ.'
114.8964 	EXP 	enc_practice_feedback_interior: autoDraw = True
114.8964 	EXP 	enc_practice_feedback_image: autoDraw = True
114.8964 	EXP 	enc_practice_feedback_text: autoDraw = True
115.8636 	EXP 	New trial (rep=0, index=5): OrderedDict([('Task', 'EncodingPractice'), ('TrialType', 'OBJ'), ('StimType', 'LURE'), ('Order', 1), ('CurrentImage', 'stimuli/fractals/177b.jpg'), ('CurrentX', -0.3906), ('CurrentY', 0.4167), ('Jitter', 800), ('Section', 'Encoding')])
115.8797 	EXP 	enc_practice_feedback_interior: autoDraw = False
115.8797 	EXP 	enc_practice_feedback_image: autoDraw = False
115.8797 	EXP 	enc_practice_feedback_text: autoDraw = False
115.8797 	EXP 	enc_practice_fx_cross: pos = array([-0.3906,  0.4167])
115.8797 	EXP 	enc_practice_fx_interior: autoDraw = True
115.8797 	EXP 	enc_practice_fx_cross: autoDraw = True
116.6963 	EXP 	enc_practice_fx_interior: autoDraw = False
116.6963 	EXP 	enc_practice_fx_cross: autoDraw = False
116.6963 	EXP 	enc_practice_fx_interior: autoDraw = False
116.6963 	EXP 	enc_practice_fx_cross: autoDraw = False
116.6963 	EXP 	enc_practice_trial_main_image: pos = array([-0.3906,  0.4167])
116.6963 	EXP 	enc_practice_trial_main_image: size = array([0.3125    , 0.55555556])
116.6963 	EXP 	enc_practice_trial_main_image: image = 'stimuli/fractals/177b.jpg'
116.6963 	EXP 	enc_practice_trial_interior: autoDraw = True
116.6963 	EXP 	enc_practice_trial_main_image: autoDraw = True
117.4844 	DATA 	Keypress: c
119.7129 	EXP 	enc_practice_trial_interior: autoDraw = False
119.7129 	EXP 	enc_practice_trial_main_image: autoDraw = False
119.7129 	EXP 	enc_practice_feedback_image: pos = array([-0.3906,  0.4167])
119.7129 	EXP 	enc_practice_feedback_image: size = array([0.3125    , 0.55555556])
119.7129 	EXP 	enc_practice_feedback_image: image = 'stimuli/fractals/177b.jpg'
119.7129 	EXP 	enc_practice_feedback_text: pos = array([-0.3906,  0.0167])
119.7129 	EXP 	enc_practice_feedback_text: text = 'Nem adott választ.'
119.7129 	EXP 	enc_practice_feedback_interior: autoDraw = True
119.7129 	EXP 	enc_practice_feedback_image: autoDraw = True
119.7129 	EXP 	enc_practice_feedback_text: autoDraw = True
120.6801 	EXP 	New trial (rep=0, index=6): OrderedDict([('Task', 'EncodingPractice'), ('TrialType', '-'), ('StimType', '-'), ('Order', 1), ('CurrentImage', 'stimuli/fractals/181c.jpg'), ('CurrentX', -0.0781), ('CurrentY', -0.1389), ('Jitter', 3000), ('Section', 'Encoding')])
120.6962 	EXP 	enc_practice_feedback_interior: autoDraw = False
120.6962 	EXP 	enc_practice_feedback_image: autoDraw = False
120.6962 	EXP 	enc_practice_feedback_text: autoDraw = False
120.6962 	EXP 	enc_practice_fx_cross: pos = array([-0.0781, -0.1389])
120.6962 	EXP 	enc_practice_fx_interior: autoDraw = True
120.6962 	EXP 	enc_practice_fx_cross: autoDraw = True
121.7172 	DATA 	Keypress: b
123.6337 	DATA 	Keypress: b
123.7128 	EXP 	enc_practice_fx_interior: autoDraw = False
123.7128 	EXP 	enc_practice_fx_cross: autoDraw = False
123.7128 	EXP 	enc_practice_fx_interior: autoDraw = False
123.7128 	EXP 	enc_practice_fx_cross: autoDraw = False
123.7128 	EXP 	enc_practice_trial_main_image: pos = array([-0.0781, -0.1389])
123.7128 	EXP 	enc_practice_trial_main_image: size = array([0.3125    , 0.55555556])
123.7128 	EXP 	enc_practice_trial_main_image: image = 'stimuli/fractals/181c.jpg'
123.7128 	EXP 	enc_practice_trial_interior: autoDraw = True
123.7128 	EXP 	enc_practice_trial_main_image: autoDraw = True
125.5834 	DATA 	Keypress: b
126.7294 	EXP 	enc_practice_trial_interior: autoDraw = False
126.7294 	EXP 	enc_practice_trial_main_image: autoDraw = False
126.7294 	EXP 	enc_practice_feedback_image: pos = array([-0.0781, -0.1389])
126.7294 	EXP 	enc_practice_feedback_image: size = array([0.3125    , 0.55555556])
126.7294 	EXP 	enc_practice_feedback_image: image = 'stimuli/fractals/181c.jpg'
126.7294 	EXP 	enc_practice_feedback_text: pos = array([-0.0781, -0.5389])
126.7294 	EXP 	enc_practice_feedback_text: text = 'Nem adott választ.'
126.7294 	EXP 	enc_practice_feedback_interior: autoDraw = True
126.7294 	EXP 	enc_practice_feedback_image: autoDraw = True
126.7294 	EXP 	enc_practice_feedback_text: autoDraw = True
126.8489 	DATA 	Keypress: b
127.2310 	DATA 	Keypress: b
127.4651 	DATA 	Keypress: b
127.6811 	DATA 	Keypress: b
127.6966 	EXP 	New trial (rep=0, index=7): OrderedDict([('Task', 'EncodingPractice'), ('TrialType', '-'), ('StimType', '-'), ('Order', 1), ('CurrentImage', 'stimuli/fractals/163a.jpg'), ('CurrentX', -0.2344), ('CurrentY', -0.4167), ('Jitter', 800), ('Section', 'Encoding')])
127.7127 	EXP 	enc_practice_feedback_interior: autoDraw = False
127.7127 	EXP 	enc_practice_feedback_image: autoDraw = False
127.7127 	EXP 	enc_practice_feedback_text: autoDraw = False
127.7127 	EXP 	enc_practice_fx_cross: pos = array([-0.2344, -0.4167])
127.7127 	EXP 	enc_practice_fx_interior: autoDraw = True
127.7127 	EXP 	enc_practice_fx_cross: autoDraw = True
127.9008 	DATA 	Keypress: b
128.0837 	DATA 	Keypress: b
128.2672 	DATA 	Keypress: b
128.5128 	EXP 	enc_practice_fx_interior: autoDraw = False
128.5128 	EXP 	enc_practice_fx_cross: autoDraw = False
128.5128 	EXP 	enc_practice_fx_interior: autoDraw = False
128.5128 	EXP 	enc_practice_fx_cross: autoDraw = False
128.5128 	EXP 	enc_practice_trial_main_image: pos = array([-0.2344, -0.4167])
128.5128 	EXP 	enc_practice_trial_main_image: size = array([0.3125    , 0.55555556])
128.5128 	EXP 	enc_practice_trial_main_image: image = 'stimuli/fractals/163a.jpg'
128.5128 	EXP 	enc_practice_trial_interior: autoDraw = True
128.5128 	EXP 	enc_practice_trial_main_image: autoDraw = True
129.4670 	DATA 	Keypress: c
131.4501 	DATA 	Keypress: c
131.5294 	EXP 	enc_practice_trial_interior: autoDraw = False
131.5294 	EXP 	enc_practice_trial_main_image: autoDraw = False
131.5294 	EXP 	enc_practice_trial_interior: autoDraw = False
131.5294 	EXP 	enc_practice_trial_main_image: autoDraw = False
131.5294 	EXP 	enc_practice_feedback_image: pos = array([-0.2344, -0.4167])
131.5294 	EXP 	enc_practice_feedback_image: size = array([0.3125    , 0.55555556])
131.5294 	EXP 	enc_practice_feedback_image: image = 'stimuli/fractals/163a.jpg'
131.5294 	EXP 	enc_practice_feedback_text: pos = array([-0.2344, -0.8167])
131.5294 	EXP 	enc_practice_feedback_text: text = 'Nem adott választ.'
131.5294 	EXP 	enc_practice_feedback_interior: autoDraw = True
131.5294 	EXP 	enc_practice_feedback_image: autoDraw = True
131.5294 	EXP 	enc_practice_feedback_text: autoDraw = True
132.3489 	DATA 	Keypress: c
132.5137 	EXP 	New trial (rep=0, index=8): OrderedDict([('Task', 'EncodingPractice'), ('TrialType', 'LOC'), ('StimType', 'TARGET'), ('Order', 1), ('CurrentImage', 'stimuli/fractals/166a.jpg'), ('CurrentX', -0.0781), ('CurrentY', 0.4167), ('Jitter', 1500), ('Section', 'Encoding')])
132.5294 	EXP 	enc_practice_feedback_interior: autoDraw = False
132.5294 	EXP 	enc_practice_feedback_image: autoDraw = False
132.5294 	EXP 	enc_practice_feedback_text: autoDraw = False
132.5294 	EXP 	enc_practice_fx_cross: pos = array([-0.0781,  0.4167])
132.5294 	EXP 	enc_practice_fx_interior: autoDraw = True
132.5294 	EXP 	enc_practice_fx_cross: autoDraw = True
133.6007 	DATA 	Keypress: c
134.0460 	EXP 	enc_practice_fx_interior: autoDraw = False
134.0460 	EXP 	enc_practice_fx_cross: autoDraw = False
134.0460 	EXP 	enc_practice_fx_interior: autoDraw = False
134.0460 	EXP 	enc_practice_fx_cross: autoDraw = False
134.0460 	EXP 	enc_practice_trial_main_image: pos = array([-0.0781,  0.4167])
134.0460 	EXP 	enc_practice_trial_main_image: size = array([0.3125    , 0.55555556])
134.0460 	EXP 	enc_practice_trial_main_image: image = 'stimuli/fractals/166a.jpg'
134.0460 	EXP 	enc_practice_trial_interior: autoDraw = True
134.0460 	EXP 	enc_practice_trial_main_image: autoDraw = True
135.1504 	DATA 	Keypress: c
136.7330 	DATA 	Keypress: c
137.0626 	EXP 	enc_practice_trial_interior: autoDraw = False
137.0626 	EXP 	enc_practice_trial_main_image: autoDraw = False
137.0626 	EXP 	enc_practice_feedback_image: pos = array([-0.0781,  0.4167])
137.0626 	EXP 	enc_practice_feedback_image: size = array([0.3125    , 0.55555556])
137.0626 	EXP 	enc_practice_feedback_image: image = 'stimuli/fractals/166a.jpg'
137.0626 	EXP 	enc_practice_feedback_text: pos = array([-0.0781,  0.0167])
137.0626 	EXP 	enc_practice_feedback_text: text = 'Nem adott választ.'
137.0626 	EXP 	enc_practice_feedback_interior: autoDraw = True
137.0626 	EXP 	enc_practice_feedback_image: autoDraw = True
137.0626 	EXP 	enc_practice_feedback_text: autoDraw = True
138.0459 	EXP 	enc_practice_feedback_interior: autoDraw = False
138.0459 	EXP 	enc_practice_feedback_image: autoDraw = False
138.0459 	EXP 	enc_practice_feedback_text: autoDraw = False
138.0459 	EXP 	end_practice_text: autoDraw = True
139.0293 	EXP 	end_practice_continue: autoDraw = True
140.0510 	DATA 	Keypress: s
141.9004 	EXP 	Created sequence: sequential, trialTypes=1, nReps=2, seed=None
141.9009 	EXP 	New trial (rep=0, index=0): None
141.9046 	DATA 	Keypress: d
141.9126 	EXP 	end_practice_text: autoDraw = False
141.9126 	EXP 	end_practice_continue: autoDraw = False
141.9126 	EXP 	start_MR_text: autoDraw = True
145.0716 	EXP 	window1: mouseVisible = True
