0.6904 	WARNING 	We strongly recommend you activate the PTB sound engine in PsychoPy prefs as the preferred audio engine. Its timing is vastly superior. Your prefs are currently set to use ['sounddevice', 'PTB', 'pyo', 'pygame'] (in that order).
0.6905 	WARNING 	Requested audio device 'Speakers (Realtek HD Audio output)' that is not available on this hardware. The 'audioDevice' preference should be one of ['24P1W1 (NVIDIA High Definition ']
13.0274 	WARNING 	Monitor specification not found. Creating a temporary one...
13.8980 	EXP 	Created window1 = Window(allowGUI=False, allowStencil=False, args=UNKNOWN, autoLog=True, bitsMode=UNKNOWN, blendMode='avg', bpc=(8, 8, 8), color=array([0.804, 0.804, 0.961]), colorSpace='rgb', depthBits=8, fullscr=<method-wrapper '__getattribute__' of attributeSetter object at 0x000001637E927E48>, gamma=None, gammaErrorPolicy='raise', kwargs=UNKNOWN, lms=UNKNOWN, monitor=<psychopy.monitors.calibTools.Monitor object at 0x000001637E5F6BA8>, multiSample=False, name='window1', numSamples=2, pos=[0.0, 0.0], screen=0, size=array([1920, 1080]), stencilBits=0, stereo=False, units='height', useFBO=True, useRetina=False, viewOri=0.0, viewPos=None, viewScale=None, waitBlanking=True, winType='pyglet')
13.8980 	EXP 	window1: recordFrameIntervals = False
14.0642 	EXP 	window1: recordFrameIntervals = True
14.2477 	EXP 	window1: recordFrameIntervals = False
14.3840 	EXP 	Created start_encoding_text = TextStim(__class__=<class 'psychopy.visual.text.TextStim'>, alignHoriz=method-wrapper(...), alignText='center', alignVert=method-wrapper(...), anchorHoriz='center', anchorVert='center', antialias=True, autoLog=True, bold=False, color='black', colorSpace='named', contrast=1.0, depth=0.0, flipHoriz=False, flipVert=False, font='Arial', fontFiles=[], height=0.1, italic=False, languageStyle='LTR', name='start_encoding_text', opacity=1.0, ori=0, pos=array([0., 0.]), rgb=array([0., 0., 0.]), text='default text', units='height', win=Window(...), wrapWidth=1)
14.4113 	EXP 	Created enc_instructions_1_text = TextStim(__class__=<class 'psychopy.visual.text.TextStim'>, alignHoriz=method-wrapper(...), alignText='center', alignVert=method-wrapper(...), anchorHoriz='center', anchorVert='center', antialias=True, autoLog=True, bold=False, color='black', colorSpace='named', contrast=1.0, depth=0.0, flipHoriz=False, flipVert=False, font='Arial', fontFiles=[], height=0.03, italic=False, languageStyle='LTR', name='enc_instructions_1_text', opacity=1.0, ori=0, pos=array([-0.3,  0. ]), rgb=array([0., 0., 0.]), text=str(...), units='height', win=Window(...), wrapWidth=0.65)
14.4775 	EXP 	Created enc_instructions_1_image = ImageStim(__class__=<class 'psychopy.visual.image.ImageStim'>, autoLog=True, color=array([1., 1., 1.]), colorSpace='rgb', contrast=1.0, depth=-1.0, flipHoriz=False, flipVert=False, image='stimuli/GalleryBuildingFromOutside.jpg', interpolate=True, mask=None, maskParams=None, name='enc_instructions_1_image', opacity=1.0, ori=0.0, pos=array([0.4688, 0.    ]), size=array([0.625 , 0.8333]), texRes=128, units='norm', win=Window(...))
14.4810 	EXP 	Created instructions_1_continue = TextStim(__class__=<class 'psychopy.visual.text.TextStim'>, alignHoriz=method-wrapper(...), alignText='center', alignVert=method-wrapper(...), anchorHoriz='center', anchorVert='center', antialias=True, autoLog=True, bold=False, color='black', colorSpace='named', contrast=1.0, depth=-3.0, flipHoriz=False, flipVert=False, font='Arial', fontFiles=[], height=0.03, italic=False, languageStyle='LTR', name='instructions_1_continue', opacity=1.0, ori=0, pos=array([ 0. , -0.4]), rgb=array([0., 0., 0.]), text=str(...), units='height', win=Window(...), wrapWidth=1)
14.4984 	EXP 	Created enc_instructions_2_text = TextStim(__class__=<class 'psychopy.visual.text.TextStim'>, alignHoriz=method-wrapper(...), alignText='center', alignVert=method-wrapper(...), anchorHoriz='center', anchorVert='center', antialias=True, autoLog=True, bold=False, color='black', colorSpace='named', contrast=1.0, depth=0.0, flipHoriz=False, flipVert=False, font='Arial', fontFiles=[], height=0.03, italic=False, languageStyle='LTR', name='enc_instructions_2_text', opacity=1.0, ori=0, pos=array([-0.35,  0.  ]), rgb=array([0., 0., 0.]), text=str(...), units='height', win=Window(...), wrapWidth=0.5)
14.6256 	EXP 	Created enc_instructions_2_image = ImageStim(__class__=<class 'psychopy.visual.image.ImageStim'>, autoLog=True, color=array([1., 1., 1.]), colorSpace='rgb', contrast=1.0, depth=-1.0, flipHoriz=False, flipVert=False, image='stimuli/GalleryInterior.png', interpolate=True, mask=None, maskParams=None, name='enc_instructions_2_image', opacity=1.0, ori=0.0, pos=array([0.4427, 0.    ]), size=array([0.7604, 0.8185]), texRes=128, units='norm', win=Window(...))
14.6282 	EXP 	Created instructions_2_continue = TextStim(__class__=<class 'psychopy.visual.text.TextStim'>, alignHoriz=method-wrapper(...), alignText='center', alignVert=method-wrapper(...), anchorHoriz='center', anchorVert='center', antialias=True, autoLog=True, bold=False, color='black', colorSpace='named', contrast=1.0, depth=-3.0, flipHoriz=False, flipVert=False, font='Arial', fontFiles=[], height=0.03, italic=False, languageStyle='LTR', name='instructions_2_continue', opacity=1.0, ori=0, pos=array([ 0. , -0.4]), rgb=array([0., 0., 0.]), text=str(...), units='height', win=Window(...), wrapWidth=1)
14.6564 	EXP 	Created enc_instructions_3_text = TextStim(__class__=<class 'psychopy.visual.text.TextStim'>, alignHoriz=method-wrapper(...), alignText='center', alignVert=method-wrapper(...), anchorHoriz='center', anchorVert='center', antialias=True, autoLog=True, bold=False, color='black', colorSpace='named', contrast=1.0, depth=0.0, flipHoriz=False, flipVert=False, font='Arial', fontFiles=[], height=0.04, italic=False, languageStyle='LTR', name='enc_instructions_3_text', opacity=1.0, ori=0, pos=array([0., 0.]), rgb=array([0., 0., 0.]), text=str(...), units='height', win=Window(...), wrapWidth=1)
14.6598 	EXP 	Created enc_instructions_3_continue = TextStim(__class__=<class 'psychopy.visual.text.TextStim'>, alignHoriz=method-wrapper(...), alignText='center', alignVert=method-wrapper(...), anchorHoriz='center', anchorVert='center', antialias=True, autoLog=True, bold=False, color='black', colorSpace='named', contrast=1.0, depth=-2.0, flipHoriz=False, flipVert=False, font='Arial', fontFiles=[], height=0.03, italic=False, languageStyle='LTR', name='enc_instructions_3_continue', opacity=1.0, ori=0, pos=array([ 0. , -0.4]), rgb=array([0., 0., 0.]), text=str(...), units='height', win=Window(...), wrapWidth=1)
14.6730 	EXP 	Created start_practice_text = TextStim(__class__=<class 'psychopy.visual.text.TextStim'>, alignHoriz=method-wrapper(...), alignText='center', alignVert=method-wrapper(...), anchorHoriz='center', anchorVert='center', antialias=True, autoLog=True, bold=False, color='black', colorSpace='named', contrast=1.0, depth=0.0, flipHoriz=False, flipVert=False, font='Arial', fontFiles=[], height=0.1, italic=False, languageStyle='LTR', name='start_practice_text', opacity=1.0, ori=0, pos=array([0., 0.]), rgb=array([0., 0., 0.]), text='Kezdődik a gyakorlás...', units='height', win=Window(...), wrapWidth=1)
14.7957 	EXP 	Created enc_practice_fx_interior = ImageStim(__class__=<class 'psychopy.visual.image.ImageStim'>, autoLog=True, color=array([1., 1., 1.]), colorSpace='rgb', contrast=1.0, depth=0.0, flipHoriz=False, flipVert=False, image='stimuli/GalleryInterior.png', interpolate=True, mask=None, maskParams=None, name='enc_practice_fx_interior', opacity=1.0, ori=0.0, pos=array([0., 0.]), size=array([2., 2.]), texRes=128, units='norm', win=Window(...))
14.8005 	EXP 	Created enc_practice_fx_cross = TextStim(__class__=<class 'psychopy.visual.text.TextStim'>, alignHoriz=method-wrapper(...), alignText='center', alignVert=method-wrapper(...), anchorHoriz='center', anchorVert='center', antialias=True, autoLog=True, bold=False, color='black', colorSpace='named', contrast=1.0, depth=-1.0, flipHoriz=False, flipVert=False, font='Arial', fontFiles=[], height=0.1, italic=False, languageStyle='LTR', name='enc_practice_fx_cross', opacity=1.0, ori=0, pos=array([0., 0.]), rgb=array([0., 0., 0.]), text='+', units='norm', win=Window(...), wrapWidth=1)
14.9237 	EXP 	Created enc_practice_trial_interior = ImageStim(__class__=<class 'psychopy.visual.image.ImageStim'>, autoLog=True, color=array([1., 1., 1.]), colorSpace='rgb', contrast=1.0, depth=-1.0, flipHoriz=False, flipVert=False, image='stimuli/GalleryInterior.png', interpolate=True, mask=None, maskParams=None, name='enc_practice_trial_interior', opacity=1.0, ori=0.0, pos=array([0., 0.]), size=array([2., 2.]), texRes=128, units='norm', win=Window(...))
14.9305 	EXP 	Created enc_practice_trial_main_image = ImageStim(__class__=<class 'psychopy.visual.image.ImageStim'>, autoLog=True, color=array([1., 1., 1.]), colorSpace='rgb', contrast=1.0, depth=-2.0, flipHoriz=False, flipVert=False, image='sin', interpolate=True, mask=None, maskParams=None, name='enc_practice_trial_main_image', opacity=1.0, ori=0.0, pos=array([0., 0.]), size=array([1., 1.]), texRes=128, units='norm', win=Window(...))
15.0580 	EXP 	Created enc_practice_feedback_interior = ImageStim(__class__=<class 'psychopy.visual.image.ImageStim'>, autoLog=True, color=array([1., 1., 1.]), colorSpace='rgb', contrast=1.0, depth=-1.0, flipHoriz=False, flipVert=False, image='stimuli/GalleryInterior.png', interpolate=True, mask=None, maskParams=None, name='enc_practice_feedback_interior', opacity=1.0, ori=0.0, pos=array([0., 0.]), size=array([2., 2.]), texRes=128, units='norm', win=Window(...))
15.0632 	EXP 	Created enc_practice_feedback_image = ImageStim(__class__=<class 'psychopy.visual.image.ImageStim'>, autoLog=True, color=array([1., 1., 1.]), colorSpace='rgb', contrast=1.0, depth=-2.0, flipHoriz=False, flipVert=False, image='sin', interpolate=True, mask=None, maskParams=None, name='enc_practice_feedback_image', opacity=1.0, ori=0.0, pos=array([0., 0.]), size=array([1., 1.]), texRes=128, units='norm', win=Window(...))
15.0697 	EXP 	Created enc_practice_feedback_text = TextStim(__class__=<class 'psychopy.visual.text.TextStim'>, alignHoriz=method-wrapper(...), alignText='center', alignVert=method-wrapper(...), anchorHoriz='center', anchorVert='center', antialias=True, autoLog=True, bold=False, color='black', colorSpace='named', contrast=1.0, depth=-3.0, flipHoriz=False, flipVert=False, font='Arial', fontFiles=[], height=0.05, italic=False, languageStyle='LTR', name='enc_practice_feedback_text', opacity=1.0, ori=0, pos=array([0., 0.]), rgb=array([0., 0., 0.]), text='default text', units='norm', win=Window(...), wrapWidth=1)
15.0844 	EXP 	Created end_practice_text = TextStim(__class__=<class 'psychopy.visual.text.TextStim'>, alignHoriz=method-wrapper(...), alignText='center', alignVert=method-wrapper(...), anchorHoriz='center', anchorVert='center', antialias=True, autoLog=True, bold=False, color='black', colorSpace='named', contrast=1.0, depth=0.0, flipHoriz=False, flipVert=False, font='Arial', fontFiles=[], height=0.05, italic=False, languageStyle='LTR', name='end_practice_text', opacity=1.0, ori=0, pos=array([0., 0.]), rgb=array([0., 0., 0.]), text=str(...), units='height', win=Window(...), wrapWidth=0.8)
15.0907 	EXP 	Created end_practice_continue = TextStim(__class__=<class 'psychopy.visual.text.TextStim'>, alignHoriz=method-wrapper(...), alignText='center', alignVert=method-wrapper(...), anchorHoriz='center', anchorVert='center', antialias=True, autoLog=True, bold=False, color='black', colorSpace='named', contrast=1.0, depth=-2.0, flipHoriz=False, flipVert=False, font='Arial', fontFiles=[], height=0.03, italic=False, languageStyle='LTR', name='end_practice_continue', opacity=1.0, ori=0, pos=array([ 0. , -0.4]), rgb=array([0., 0., 0.]), text=str(...), units='height', win=Window(...), wrapWidth=1)
15.1210 	EXP 	Created start_MR_text = TextStim(__class__=<class 'psychopy.visual.text.TextStim'>, alignHoriz=method-wrapper(...), alignText='center', alignVert=method-wrapper(...), anchorHoriz='center', anchorVert='center', antialias=True, autoLog=True, bold=False, color='black', colorSpace='named', contrast=1.0, depth=0.0, flipHoriz=False, flipVert=False, font='Arial', fontFiles=[], height=0.3, italic=False, languageStyle='LTR', name='start_MR_text', opacity=1.0, ori=0, pos=array([0., 0.]), rgb=array([0., 0., 0.]), text='A vizsgálatvezető indítja a szkennert...', units='norm', win=Window(...), wrapWidth=1)
15.1309 	EXP 	Created start_enc_run_text = TextStim(__class__=<class 'psychopy.visual.text.TextStim'>, alignHoriz=method-wrapper(...), alignText='center', alignVert=method-wrapper(...), anchorHoriz='center', anchorVert='center', antialias=True, autoLog=True, bold=False, color='black', colorSpace='named', contrast=1.0, depth=-2.0, flipHoriz=False, flipVert=False, font='Arial', fontFiles=[], height=0.06, italic=False, languageStyle='LTR', name='start_enc_run_text', opacity=1.0, ori=0, pos=array([0., 0.]), rgb=array([0., 0., 0.]), text='Kezdődik a feladat...', units='height', win=Window(...), wrapWidth=1)
15.2539 	EXP 	Created enc_fx_interior = ImageStim(__class__=<class 'psychopy.visual.image.ImageStim'>, autoLog=True, color=array([1., 1., 1.]), colorSpace='rgb', contrast=1.0, depth=0.0, flipHoriz=False, flipVert=False, image='stimuli/GalleryInterior.png', interpolate=True, mask=None, maskParams=None, name='enc_fx_interior', opacity=1.0, ori=0.0, pos=array([0., 0.]), size=array([2., 2.]), texRes=128, units='norm', win=Window(...))
15.2563 	EXP 	Created enc_fx_cross = TextStim(__class__=<class 'psychopy.visual.text.TextStim'>, alignHoriz=method-wrapper(...), alignText='center', alignVert=method-wrapper(...), anchorHoriz='center', anchorVert='center', antialias=True, autoLog=True, bold=False, color='black', colorSpace='named', contrast=1.0, depth=-1.0, flipHoriz=False, flipVert=False, font='Arial', fontFiles=[], height=0.1, italic=False, languageStyle='LTR', name='enc_fx_cross', opacity=1.0, ori=0, pos=array([0., 0.]), rgb=array([0., 0., 0.]), text='+', units='norm', win=Window(...), wrapWidth=1)
15.3787 	EXP 	Created enc_trial_interior = ImageStim(__class__=<class 'psychopy.visual.image.ImageStim'>, autoLog=True, color=array([1., 1., 1.]), colorSpace='rgb', contrast=1.0, depth=-1.0, flipHoriz=False, flipVert=False, image='stimuli/GalleryInterior.png', interpolate=True, mask=None, maskParams=None, name='enc_trial_interior', opacity=1.0, ori=0.0, pos=array([0., 0.]), size=array([2., 2.]), texRes=128, units='norm', win=Window(...))
15.3839 	EXP 	Created enc_trial_main_image = ImageStim(__class__=<class 'psychopy.visual.image.ImageStim'>, autoLog=True, color=array([1., 1., 1.]), colorSpace='rgb', contrast=1.0, depth=-2.0, flipHoriz=False, flipVert=False, image='sin', interpolate=True, mask=None, maskParams=None, name='enc_trial_main_image', opacity=1.0, ori=0.0, pos=array([0., 0.]), size=array([1., 1.]), texRes=128, units='norm', win=Window(...))
15.3866 	EXP 	Created end_enc_run_text = TextStim(__class__=<class 'psychopy.visual.text.TextStim'>, alignHoriz=method-wrapper(...), alignText='center', alignVert=method-wrapper(...), anchorHoriz='center', anchorVert='center', antialias=True, autoLog=True, bold=False, color='black', colorSpace='named', contrast=1.0, depth=0.0, flipHoriz=False, flipVert=False, font='Arial', fontFiles=[], height=0.06, italic=False, languageStyle='LTR', name='end_enc_run_text', opacity=1.0, ori=0, pos=array([0., 0.]), rgb=array([0., 0., 0.]), text='default text', units='height', win=Window(...), wrapWidth=1)
15.3940 	EXP 	Created enc_run_end_continue = TextStim(__class__=<class 'psychopy.visual.text.TextStim'>, alignHoriz=method-wrapper(...), alignText='center', alignVert=method-wrapper(...), anchorHoriz='center', anchorVert='center', antialias=True, autoLog=True, bold=False, color='black', colorSpace='named', contrast=1.0, depth=-2.0, flipHoriz=False, flipVert=False, font='Arial', fontFiles=[], height=0.03, italic=False, languageStyle='LTR', name='enc_run_end_continue', opacity=1.0, ori=0, pos=array([ 0. , -0.4]), rgb=array([0., 0., 0.]), text=str(...), units='height', win=Window(...), wrapWidth=1)
15.3973 	EXP 	Created inter_task_break_text = TextStim(__class__=<class 'psychopy.visual.text.TextStim'>, alignHoriz=method-wrapper(...), alignText='center', alignVert=method-wrapper(...), anchorHoriz='center', anchorVert='center', antialias=True, autoLog=True, bold=False, color='black', colorSpace='named', contrast=1.0, depth=0.0, flipHoriz=False, flipVert=False, font='Arial', fontFiles=[], height=0.03, italic=False, languageStyle='LTR', name='inter_task_break_text', opacity=1.0, ori=0, pos=array([0., 0.]), rgb=array([0., 0., 0.]), text='Most kivesszük Önt a szkennerből.', units='height', win=Window(...), wrapWidth=1)
15.4659 	EXP 	start_encoding_text: text = 'Első feladat\nGaléria berendezés'
15.4659 	EXP 	start_encoding_text: autoDraw = True
16.9140 	EXP 	start_encoding_text: autoDraw = False
16.9140 	EXP 	enc_instructions_1_text: autoDraw = True
16.9140 	EXP 	enc_instructions_1_image: autoDraw = True
21.8806 	EXP 	instructions_1_continue: autoDraw = True
22.4211 	DATA 	Keypress: d
22.4306 	EXP 	enc_instructions_1_text: autoDraw = False
22.4306 	EXP 	enc_instructions_1_image: autoDraw = False
22.4306 	EXP 	instructions_1_continue: autoDraw = False
22.4306 	EXP 	enc_instructions_2_text: autoDraw = True
22.4306 	EXP 	enc_instructions_2_image: autoDraw = True
26.4660 	DATA 	Keypress: d
27.4138 	EXP 	instructions_2_continue: autoDraw = True
27.9207 	DATA 	Keypress: d
27.9305 	EXP 	enc_instructions_2_text: autoDraw = False
27.9305 	EXP 	enc_instructions_2_image: autoDraw = False
27.9305 	EXP 	instructions_2_continue: autoDraw = False
27.9305 	EXP 	enc_instructions_3_text: autoDraw = True
32.9136 	EXP 	enc_instructions_3_continue: autoDraw = True
34.1533 	DATA 	Keypress: d
34.1636 	EXP 	enc_instructions_3_text: autoDraw = False
34.1636 	EXP 	enc_instructions_3_continue: autoDraw = False
34.1636 	EXP 	start_practice_text: autoDraw = True
35.1674 	EXP 	Imported stimuli_tables/encoding_practice_trials.csv as conditions, 9 conditions, 9 params
35.1676 	EXP 	Created sequence: sequential, trialTypes=9, nReps=1, seed=None
35.1678 	EXP 	New trial (rep=0, index=0): OrderedDict([('Task', 'EncodingPractice'), ('TrialType', 'OBJ'), ('StimType', 'LURE'), ('Order', 1), ('CurrentImage', 'stimuli/fractals/166a.jpg'), ('CurrentX', -0.0781), ('CurrentY', 0.4167), ('Jitter', 1500), ('Section', 'Encoding')])
35.1969 	EXP 	start_practice_text: autoDraw = False
35.1969 	EXP 	start_practice_text: autoDraw = False
35.1969 	EXP 	enc_practice_fx_cross: pos = array([-0.0781,  0.4167])
35.1969 	EXP 	enc_practice_fx_interior: autoDraw = True
35.1969 	EXP 	enc_practice_fx_cross: autoDraw = True
36.7299 	EXP 	enc_practice_fx_interior: autoDraw = False
36.7299 	EXP 	enc_practice_fx_cross: autoDraw = False
36.7299 	EXP 	enc_practice_fx_interior: autoDraw = False
36.7299 	EXP 	enc_practice_fx_cross: autoDraw = False
36.7299 	EXP 	enc_practice_trial_main_image: pos = array([-0.0781,  0.4167])
36.7299 	EXP 	enc_practice_trial_main_image: size = array([0.3125    , 0.55555556])
36.7299 	EXP 	enc_practice_trial_main_image: image = 'stimuli/fractals/166a.jpg'
36.7299 	EXP 	enc_practice_trial_interior: autoDraw = True
36.7299 	EXP 	enc_practice_trial_main_image: autoDraw = True
37.7843 	DATA 	Keypress: d
39.7464 	EXP 	enc_practice_trial_interior: autoDraw = False
39.7464 	EXP 	enc_practice_trial_main_image: autoDraw = False
39.7464 	EXP 	enc_practice_feedback_image: pos = array([-0.0781,  0.4167])
39.7464 	EXP 	enc_practice_feedback_image: size = array([0.3125    , 0.55555556])
39.7464 	EXP 	enc_practice_feedback_image: image = 'stimuli/fractals/166a.jpg'
39.7464 	EXP 	enc_practice_feedback_text: pos = array([-0.0781,  0.0167])
39.7464 	EXP 	enc_practice_feedback_text: text = 'Nem adott választ.'
39.7464 	EXP 	enc_practice_feedback_interior: autoDraw = True
39.7464 	EXP 	enc_practice_feedback_image: autoDraw = True
39.7464 	EXP 	enc_practice_feedback_text: autoDraw = True
39.8499 	DATA 	Keypress: b
39.8998 	DATA 	Keypress: v
40.6971 	EXP 	New trial (rep=0, index=1): OrderedDict([('Task', 'EncodingPractice'), ('TrialType', 'OBJ'), ('StimType', 'TARGET'), ('Order', 1), ('CurrentImage', 'stimuli/fractals/167a.jpg'), ('CurrentX', 0.2344), ('CurrentY', 0.4167), ('Jitter', 500), ('Section', 'Encoding')])
40.7131 	EXP 	enc_practice_feedback_interior: autoDraw = False
40.7131 	EXP 	enc_practice_feedback_image: autoDraw = False
40.7131 	EXP 	enc_practice_feedback_text: autoDraw = False
40.7131 	EXP 	enc_practice_fx_cross: pos = array([0.2344, 0.4167])
40.7131 	EXP 	enc_practice_fx_interior: autoDraw = True
40.7131 	EXP 	enc_practice_fx_cross: autoDraw = True
41.2298 	EXP 	enc_practice_fx_interior: autoDraw = False
41.2298 	EXP 	enc_practice_fx_cross: autoDraw = False
41.2298 	EXP 	enc_practice_fx_interior: autoDraw = False
41.2298 	EXP 	enc_practice_fx_cross: autoDraw = False
41.2298 	EXP 	enc_practice_trial_main_image: pos = array([0.2344, 0.4167])
41.2298 	EXP 	enc_practice_trial_main_image: size = array([0.3125    , 0.55555556])
41.2298 	EXP 	enc_practice_trial_main_image: image = 'stimuli/fractals/167a.jpg'
41.2298 	EXP 	enc_practice_trial_interior: autoDraw = True
41.2298 	EXP 	enc_practice_trial_main_image: autoDraw = True
41.8169 	DATA 	Keypress: b
44.2463 	EXP 	enc_practice_trial_interior: autoDraw = False
44.2463 	EXP 	enc_practice_trial_main_image: autoDraw = False
44.2463 	EXP 	enc_practice_feedback_image: pos = array([0.2344, 0.4167])
44.2463 	EXP 	enc_practice_feedback_image: size = array([0.3125    , 0.55555556])
44.2463 	EXP 	enc_practice_feedback_image: image = 'stimuli/fractals/167a.jpg'
44.2463 	EXP 	enc_practice_feedback_text: pos = array([0.2344, 0.0167])
44.2463 	EXP 	enc_practice_feedback_text: text = 'Az Ön válasza:\nA kép nem marad.'
44.2463 	EXP 	enc_practice_feedback_interior: autoDraw = True
44.2463 	EXP 	enc_practice_feedback_image: autoDraw = True
44.2463 	EXP 	enc_practice_feedback_text: autoDraw = True
45.2139 	EXP 	New trial (rep=0, index=2): OrderedDict([('Task', 'EncodingPractice'), ('TrialType', 'OBJ'), ('StimType', 'FOIL'), ('Order', 1), ('CurrentImage', 'stimuli/fractals/149a.jpg'), ('CurrentX', 0.2344), ('CurrentY', -0.1389), ('Jitter', 1000), ('Section', 'Encoding')])
45.2297 	EXP 	enc_practice_feedback_interior: autoDraw = False
45.2297 	EXP 	enc_practice_feedback_image: autoDraw = False
45.2297 	EXP 	enc_practice_feedback_text: autoDraw = False
45.2297 	EXP 	enc_practice_fx_cross: pos = array([ 0.2344, -0.1389])
45.2297 	EXP 	enc_practice_fx_interior: autoDraw = True
45.2297 	EXP 	enc_practice_fx_cross: autoDraw = True
46.2463 	EXP 	enc_practice_fx_interior: autoDraw = False
46.2463 	EXP 	enc_practice_fx_cross: autoDraw = False
46.2463 	EXP 	enc_practice_fx_interior: autoDraw = False
46.2463 	EXP 	enc_practice_fx_cross: autoDraw = False
46.2463 	EXP 	enc_practice_trial_main_image: pos = array([ 0.2344, -0.1389])
46.2463 	EXP 	enc_practice_trial_main_image: size = array([0.3125    , 0.55555556])
46.2463 	EXP 	enc_practice_trial_main_image: image = 'stimuli/fractals/149a.jpg'
46.2463 	EXP 	enc_practice_trial_interior: autoDraw = True
46.2463 	EXP 	enc_practice_trial_main_image: autoDraw = True
46.8169 	DATA 	Keypress: c
49.2629 	EXP 	enc_practice_trial_interior: autoDraw = False
49.2629 	EXP 	enc_practice_trial_main_image: autoDraw = False
49.2629 	EXP 	enc_practice_feedback_image: pos = array([ 0.2344, -0.1389])
49.2629 	EXP 	enc_practice_feedback_image: size = array([0.3125    , 0.55555556])
49.2629 	EXP 	enc_practice_feedback_image: image = 'stimuli/fractals/149a.jpg'
49.2629 	EXP 	enc_practice_feedback_text: pos = array([ 0.2344, -0.5389])
49.2629 	EXP 	enc_practice_feedback_text: text = 'Az Ön válasza:\nA kép marad.'
49.2629 	EXP 	enc_practice_feedback_interior: autoDraw = True
49.2629 	EXP 	enc_practice_feedback_image: autoDraw = True
49.2629 	EXP 	enc_practice_feedback_text: autoDraw = True
50.2300 	EXP 	New trial (rep=0, index=3): OrderedDict([('Task', 'EncodingPractice'), ('TrialType', 'LOC'), ('StimType', 'FOIL'), ('Order', 1), ('CurrentImage', 'stimuli/fractals/148b.jpg'), ('CurrentX', 0.2344), ('CurrentY', -0.1389), ('Jitter', 1000), ('Section', 'Encoding')])
50.2462 	EXP 	enc_practice_feedback_interior: autoDraw = False
50.2462 	EXP 	enc_practice_feedback_image: autoDraw = False
50.2462 	EXP 	enc_practice_feedback_text: autoDraw = False
50.2462 	EXP 	enc_practice_fx_cross: pos = array([ 0.2344, -0.1389])
50.2462 	EXP 	enc_practice_fx_interior: autoDraw = True
50.2462 	EXP 	enc_practice_fx_cross: autoDraw = True
51.2629 	EXP 	enc_practice_fx_interior: autoDraw = False
51.2629 	EXP 	enc_practice_fx_cross: autoDraw = False
51.2629 	EXP 	enc_practice_fx_interior: autoDraw = False
51.2629 	EXP 	enc_practice_fx_cross: autoDraw = False
51.2629 	EXP 	enc_practice_trial_main_image: pos = array([ 0.2344, -0.1389])
51.2629 	EXP 	enc_practice_trial_main_image: size = array([0.3125    , 0.55555556])
51.2629 	EXP 	enc_practice_trial_main_image: image = 'stimuli/fractals/148b.jpg'
51.2629 	EXP 	enc_practice_trial_interior: autoDraw = True
51.2629 	EXP 	enc_practice_trial_main_image: autoDraw = True
53.9338 	DATA 	Keypress: d
54.2794 	EXP 	enc_practice_trial_interior: autoDraw = False
54.2794 	EXP 	enc_practice_trial_main_image: autoDraw = False
54.2794 	EXP 	enc_practice_feedback_image: pos = array([ 0.2344, -0.1389])
54.2794 	EXP 	enc_practice_feedback_image: size = array([0.3125    , 0.55555556])
54.2794 	EXP 	enc_practice_feedback_image: image = 'stimuli/fractals/148b.jpg'
54.2794 	EXP 	enc_practice_feedback_text: pos = array([ 0.2344, -0.5389])
54.2794 	EXP 	enc_practice_feedback_text: text = 'Nem adott választ.'
54.2794 	EXP 	enc_practice_feedback_interior: autoDraw = True
54.2794 	EXP 	enc_practice_feedback_image: autoDraw = True
54.2794 	EXP 	enc_practice_feedback_text: autoDraw = True
55.2466 	EXP 	New trial (rep=0, index=4): OrderedDict([('Task', 'EncodingPractice'), ('TrialType', 'LOC'), ('StimType', 'LURE'), ('Order', 1), ('CurrentImage', 'stimuli/fractals/159a.jpg'), ('CurrentX', -0.3906), ('CurrentY', 0.4167), ('Jitter', 5000), ('Section', 'Encoding')])
55.2627 	EXP 	enc_practice_feedback_interior: autoDraw = False
55.2627 	EXP 	enc_practice_feedback_image: autoDraw = False
55.2627 	EXP 	enc_practice_feedback_text: autoDraw = False
55.2627 	EXP 	enc_practice_fx_cross: pos = array([-0.3906,  0.4167])
55.2627 	EXP 	enc_practice_fx_interior: autoDraw = True
55.2627 	EXP 	enc_practice_fx_cross: autoDraw = True
59.4510 	DATA 	Keypress: s
60.2961 	EXP 	enc_practice_fx_interior: autoDraw = False
60.2961 	EXP 	enc_practice_fx_cross: autoDraw = False
60.2961 	EXP 	enc_practice_fx_interior: autoDraw = False
60.2961 	EXP 	enc_practice_fx_cross: autoDraw = False
60.2961 	EXP 	enc_practice_trial_main_image: pos = array([-0.3906,  0.4167])
60.2961 	EXP 	enc_practice_trial_main_image: size = array([0.3125    , 0.55555556])
60.2961 	EXP 	enc_practice_trial_main_image: image = 'stimuli/fractals/159a.jpg'
60.2961 	EXP 	enc_practice_trial_interior: autoDraw = True
60.2961 	EXP 	enc_practice_trial_main_image: autoDraw = True
61.6669 	DATA 	Keypress: c
63.2960 	EXP 	enc_practice_trial_interior: autoDraw = False
63.2960 	EXP 	enc_practice_trial_main_image: autoDraw = False
63.2960 	EXP 	enc_practice_feedback_image: pos = array([-0.3906,  0.4167])
63.2960 	EXP 	enc_practice_feedback_image: size = array([0.3125    , 0.55555556])
63.2960 	EXP 	enc_practice_feedback_image: image = 'stimuli/fractals/159a.jpg'
63.2960 	EXP 	enc_practice_feedback_text: pos = array([-0.3906,  0.0167])
63.2960 	EXP 	enc_practice_feedback_text: text = 'Az Ön válasza:\nA kép marad.'
63.2960 	EXP 	enc_practice_feedback_interior: autoDraw = True
63.2960 	EXP 	enc_practice_feedback_image: autoDraw = True
63.2960 	EXP 	enc_practice_feedback_text: autoDraw = True
64.2632 	EXP 	New trial (rep=0, index=5): OrderedDict([('Task', 'EncodingPractice'), ('TrialType', 'OBJ'), ('StimType', 'LURE'), ('Order', 1), ('CurrentImage', 'stimuli/fractals/177b.jpg'), ('CurrentX', -0.3906), ('CurrentY', 0.4167), ('Jitter', 800), ('Section', 'Encoding')])
64.2793 	EXP 	enc_practice_feedback_interior: autoDraw = False
64.2793 	EXP 	enc_practice_feedback_image: autoDraw = False
64.2793 	EXP 	enc_practice_feedback_text: autoDraw = False
64.2793 	EXP 	enc_practice_fx_cross: pos = array([-0.3906,  0.4167])
64.2793 	EXP 	enc_practice_fx_interior: autoDraw = True
64.2793 	EXP 	enc_practice_fx_cross: autoDraw = True
65.0960 	EXP 	enc_practice_fx_interior: autoDraw = False
65.0960 	EXP 	enc_practice_fx_cross: autoDraw = False
65.0960 	EXP 	enc_practice_fx_interior: autoDraw = False
65.0960 	EXP 	enc_practice_fx_cross: autoDraw = False
65.0960 	EXP 	enc_practice_trial_main_image: pos = array([-0.3906,  0.4167])
65.0960 	EXP 	enc_practice_trial_main_image: size = array([0.3125    , 0.55555556])
65.0960 	EXP 	enc_practice_trial_main_image: image = 'stimuli/fractals/177b.jpg'
65.0960 	EXP 	enc_practice_trial_interior: autoDraw = True
65.0960 	EXP 	enc_practice_trial_main_image: autoDraw = True
68.1126 	EXP 	enc_practice_trial_interior: autoDraw = False
68.1126 	EXP 	enc_practice_trial_main_image: autoDraw = False
68.1126 	EXP 	enc_practice_feedback_image: pos = array([-0.3906,  0.4167])
68.1126 	EXP 	enc_practice_feedback_image: size = array([0.3125    , 0.55555556])
68.1126 	EXP 	enc_practice_feedback_image: image = 'stimuli/fractals/177b.jpg'
68.1126 	EXP 	enc_practice_feedback_text: pos = array([-0.3906,  0.0167])
68.1126 	EXP 	enc_practice_feedback_text: text = 'Nem adott választ.'
68.1126 	EXP 	enc_practice_feedback_interior: autoDraw = True
68.1126 	EXP 	enc_practice_feedback_image: autoDraw = True
68.1126 	EXP 	enc_practice_feedback_text: autoDraw = True
69.0797 	EXP 	New trial (rep=0, index=6): OrderedDict([('Task', 'EncodingPractice'), ('TrialType', '-'), ('StimType', '-'), ('Order', 1), ('CurrentImage', 'stimuli/fractals/181c.jpg'), ('CurrentX', -0.0781), ('CurrentY', -0.1389), ('Jitter', 3000), ('Section', 'Encoding')])
69.0959 	EXP 	enc_practice_feedback_interior: autoDraw = False
69.0959 	EXP 	enc_practice_feedback_image: autoDraw = False
69.0959 	EXP 	enc_practice_feedback_text: autoDraw = False
69.0959 	EXP 	enc_practice_fx_cross: pos = array([-0.0781, -0.1389])
69.0959 	EXP 	enc_practice_fx_interior: autoDraw = True
69.0959 	EXP 	enc_practice_fx_cross: autoDraw = True
72.1125 	EXP 	enc_practice_fx_interior: autoDraw = False
72.1125 	EXP 	enc_practice_fx_cross: autoDraw = False
72.1125 	EXP 	enc_practice_fx_interior: autoDraw = False
72.1125 	EXP 	enc_practice_fx_cross: autoDraw = False
72.1125 	EXP 	enc_practice_trial_main_image: pos = array([-0.0781, -0.1389])
72.1125 	EXP 	enc_practice_trial_main_image: size = array([0.3125    , 0.55555556])
72.1125 	EXP 	enc_practice_trial_main_image: image = 'stimuli/fractals/181c.jpg'
72.1125 	EXP 	enc_practice_trial_interior: autoDraw = True
72.1125 	EXP 	enc_practice_trial_main_image: autoDraw = True
75.1291 	EXP 	enc_practice_trial_interior: autoDraw = False
75.1291 	EXP 	enc_practice_trial_main_image: autoDraw = False
75.1291 	EXP 	enc_practice_feedback_image: pos = array([-0.0781, -0.1389])
75.1291 	EXP 	enc_practice_feedback_image: size = array([0.3125    , 0.55555556])
75.1291 	EXP 	enc_practice_feedback_image: image = 'stimuli/fractals/181c.jpg'
75.1291 	EXP 	enc_practice_feedback_text: pos = array([-0.0781, -0.5389])
75.1291 	EXP 	enc_practice_feedback_text: text = 'Nem adott választ.'
75.1291 	EXP 	enc_practice_feedback_interior: autoDraw = True
75.1291 	EXP 	enc_practice_feedback_image: autoDraw = True
75.1291 	EXP 	enc_practice_feedback_text: autoDraw = True
76.0962 	EXP 	New trial (rep=0, index=7): OrderedDict([('Task', 'EncodingPractice'), ('TrialType', '-'), ('StimType', '-'), ('Order', 1), ('CurrentImage', 'stimuli/fractals/163a.jpg'), ('CurrentX', -0.2344), ('CurrentY', -0.4167), ('Jitter', 800), ('Section', 'Encoding')])
76.1124 	EXP 	enc_practice_feedback_interior: autoDraw = False
76.1124 	EXP 	enc_practice_feedback_image: autoDraw = False
76.1124 	EXP 	enc_practice_feedback_text: autoDraw = False
76.1124 	EXP 	enc_practice_fx_cross: pos = array([-0.2344, -0.4167])
76.1124 	EXP 	enc_practice_fx_interior: autoDraw = True
76.1124 	EXP 	enc_practice_fx_cross: autoDraw = True
76.9290 	EXP 	enc_practice_fx_interior: autoDraw = False
76.9290 	EXP 	enc_practice_fx_cross: autoDraw = False
76.9290 	EXP 	enc_practice_fx_interior: autoDraw = False
76.9290 	EXP 	enc_practice_fx_cross: autoDraw = False
76.9290 	EXP 	enc_practice_trial_main_image: pos = array([-0.2344, -0.4167])
76.9290 	EXP 	enc_practice_trial_main_image: size = array([0.3125    , 0.55555556])
76.9290 	EXP 	enc_practice_trial_main_image: image = 'stimuli/fractals/163a.jpg'
76.9290 	EXP 	enc_practice_trial_interior: autoDraw = True
76.9290 	EXP 	enc_practice_trial_main_image: autoDraw = True
79.9456 	EXP 	enc_practice_trial_interior: autoDraw = False
79.9456 	EXP 	enc_practice_trial_main_image: autoDraw = False
79.9456 	EXP 	enc_practice_feedback_image: pos = array([-0.2344, -0.4167])
79.9456 	EXP 	enc_practice_feedback_image: size = array([0.3125    , 0.55555556])
79.9456 	EXP 	enc_practice_feedback_image: image = 'stimuli/fractals/163a.jpg'
79.9456 	EXP 	enc_practice_feedback_text: pos = array([-0.2344, -0.8167])
79.9456 	EXP 	enc_practice_feedback_text: text = 'Nem adott választ.'
79.9456 	EXP 	enc_practice_feedback_interior: autoDraw = True
79.9456 	EXP 	enc_practice_feedback_image: autoDraw = True
79.9456 	EXP 	enc_practice_feedback_text: autoDraw = True
80.9132 	EXP 	New trial (rep=0, index=8): OrderedDict([('Task', 'EncodingPractice'), ('TrialType', 'LOC'), ('StimType', 'TARGET'), ('Order', 1), ('CurrentImage', 'stimuli/fractals/166a.jpg'), ('CurrentX', -0.0781), ('CurrentY', 0.4167), ('Jitter', 1500), ('Section', 'Encoding')])
80.9289 	EXP 	enc_practice_feedback_interior: autoDraw = False
80.9289 	EXP 	enc_practice_feedback_image: autoDraw = False
80.9289 	EXP 	enc_practice_feedback_text: autoDraw = False
80.9289 	EXP 	enc_practice_fx_cross: pos = array([-0.0781,  0.4167])
80.9289 	EXP 	enc_practice_fx_interior: autoDraw = True
80.9289 	EXP 	enc_practice_fx_cross: autoDraw = True
82.4456 	EXP 	enc_practice_fx_interior: autoDraw = False
82.4456 	EXP 	enc_practice_fx_cross: autoDraw = False
82.4456 	EXP 	enc_practice_fx_interior: autoDraw = False
82.4456 	EXP 	enc_practice_fx_cross: autoDraw = False
82.4456 	EXP 	enc_practice_trial_main_image: pos = array([-0.0781,  0.4167])
82.4456 	EXP 	enc_practice_trial_main_image: size = array([0.3125    , 0.55555556])
82.4456 	EXP 	enc_practice_trial_main_image: image = 'stimuli/fractals/166a.jpg'
82.4456 	EXP 	enc_practice_trial_interior: autoDraw = True
82.4456 	EXP 	enc_practice_trial_main_image: autoDraw = True
85.4622 	EXP 	enc_practice_trial_interior: autoDraw = False
85.4622 	EXP 	enc_practice_trial_main_image: autoDraw = False
85.4622 	EXP 	enc_practice_feedback_image: pos = array([-0.0781,  0.4167])
85.4622 	EXP 	enc_practice_feedback_image: size = array([0.3125    , 0.55555556])
85.4622 	EXP 	enc_practice_feedback_image: image = 'stimuli/fractals/166a.jpg'
85.4622 	EXP 	enc_practice_feedback_text: pos = array([-0.0781,  0.0167])
85.4622 	EXP 	enc_practice_feedback_text: text = 'Nem adott választ.'
85.4622 	EXP 	enc_practice_feedback_interior: autoDraw = True
85.4622 	EXP 	enc_practice_feedback_image: autoDraw = True
85.4622 	EXP 	enc_practice_feedback_text: autoDraw = True
86.4455 	EXP 	enc_practice_feedback_interior: autoDraw = False
86.4455 	EXP 	enc_practice_feedback_image: autoDraw = False
86.4455 	EXP 	enc_practice_feedback_text: autoDraw = False
86.4455 	EXP 	end_practice_text: autoDraw = True
87.4288 	EXP 	end_practice_continue: autoDraw = True
89.0999 	EXP 	Created sequence: sequential, trialTypes=1, nReps=2, seed=None
89.1002 	EXP 	New trial (rep=0, index=0): None
89.1024 	DATA 	Keypress: d
89.1121 	EXP 	end_practice_text: autoDraw = False
89.1121 	EXP 	end_practice_continue: autoDraw = False
89.1121 	EXP 	start_MR_text: autoDraw = True
90.6376 	DATA 	Keypress: s
90.6454 	EXP 	start_MR_text: autoDraw = False
90.6454 	EXP 	start_enc_run_text: autoDraw = True
93.6577 	EXP 	Imported stimuli_tables/encoding_trials_2.csv as conditions, 3 conditions, 20 params
93.6581 	EXP 	Created sequence: sequential, trialTypes=3, nReps=1, seed=None
93.6584 	EXP 	New trial (rep=0, index=0): OrderedDict([('TrialIndex', 1.0), ('Jitter', 2000.0), ('ScannerRun', 1.0), ('StimType', 'OLP'), ('Order', 1.0), ('Delay', 3.0), ('CurrentImage', 'stimuli/fractals/131c.jpg'), ('CurrentX', -0.234375), ('CurrentY', 0.1388888888888889), ('TripletMemberA', 'stimuli/fractals/131c.jpg'), ('TripletMemberB', 'stimuli/fractals/131b.jpg'), ('TripletMemberC', 'stimuli/fractals/131a.jpg'), ('Xcoordinate', -0.234375), ('Ycoordinate', 0.1388888888888889), ('Xcoordinate_lure1', -0.234375), ('Ycoordinate_lure1', -0.1388888888888889), ('Xcoordinate_lure2', -0.078125), ('Ycoordinate_lure2', 0.1388888888888889), ('Xcoordinate_foil', 0.234375), ('Ycoordinate_foil', -0.4166666666666667)])
93.6786 	EXP 	start_enc_run_text: autoDraw = False
93.6786 	EXP 	start_enc_run_text: autoDraw = False
93.6786 	EXP 	enc_fx_cross: pos = array([-0.234375  ,  0.13888889])
93.6786 	EXP 	enc_fx_interior: autoDraw = True
93.6786 	EXP 	enc_fx_cross: autoDraw = True
95.4509 	DATA 	Keypress: s
95.7121 	EXP 	enc_fx_interior: autoDraw = False
95.7121 	EXP 	enc_fx_cross: autoDraw = False
95.7121 	EXP 	enc_fx_interior: autoDraw = False
95.7121 	EXP 	enc_fx_cross: autoDraw = False
95.7121 	EXP 	enc_trial_main_image: pos = array([-0.234375  ,  0.13888889])
95.7121 	EXP 	enc_trial_main_image: size = array([0.3125    , 0.55555556])
95.7121 	EXP 	enc_trial_main_image: image = 'stimuli/fractals/131c.jpg'
95.7121 	EXP 	enc_trial_interior: autoDraw = True
95.7121 	EXP 	enc_trial_main_image: autoDraw = True
95.8849 	DATA 	Keypress: s
96.6183 	DATA 	Keypress: s
97.5511 	DATA 	Keypress: s
98.2683 	DATA 	Keypress: v
98.6797 	EXP 	New trial (rep=0, index=1): OrderedDict([('TrialIndex', 2.0), ('Jitter', 6000.0), ('ScannerRun', 1.0), ('StimType', 'OLP'), ('Order', 1.0), ('Delay', 3.0), ('CurrentImage', 'stimuli/fractals/72b.jpg'), ('CurrentX', -0.078125), ('CurrentY', 0.4166666666666667), ('TripletMemberA', 'stimuli/fractals/72b.jpg'), ('TripletMemberB', 'stimuli/fractals/72a.jpg'), ('TripletMemberC', 'stimuli/fractals/72c.jpg'), ('Xcoordinate', -0.078125), ('Ycoordinate', 0.4166666666666667), ('Xcoordinate_lure1', -0.234375), ('Ycoordinate_lure1', 0.4166666666666667), ('Xcoordinate_lure2', -0.078125), ('Ycoordinate_lure2', 0.1388888888888889), ('Xcoordinate_foil', -0.390625), ('Ycoordinate_foil', -0.4166666666666667)])
98.6952 	EXP 	enc_trial_interior: autoDraw = False
98.6952 	EXP 	enc_trial_main_image: autoDraw = False
98.6952 	EXP 	enc_fx_cross: pos = array([-0.078125  ,  0.41666667])
98.6952 	EXP 	enc_fx_interior: autoDraw = True
98.6952 	EXP 	enc_fx_cross: autoDraw = True
99.1849 	DATA 	Keypress: c
99.9856 	DATA 	Keypress: s
101.8686 	DATA 	Keypress: s
103.8853 	DATA 	Keypress: s
104.7117 	EXP 	enc_fx_interior: autoDraw = False
104.7117 	EXP 	enc_fx_cross: autoDraw = False
104.7117 	EXP 	enc_fx_interior: autoDraw = False
104.7117 	EXP 	enc_fx_cross: autoDraw = False
104.7117 	EXP 	enc_trial_main_image: pos = array([-0.078125  ,  0.41666667])
104.7117 	EXP 	enc_trial_main_image: size = array([0.3125    , 0.55555556])
104.7117 	EXP 	enc_trial_main_image: image = 'stimuli/fractals/72b.jpg'
104.7117 	EXP 	enc_trial_interior: autoDraw = True
104.7117 	EXP 	enc_trial_main_image: autoDraw = True
105.4346 	DATA 	Keypress: c
106.1343 	DATA 	Keypress: s
107.6962 	EXP 	New trial (rep=0, index=2): OrderedDict([('TrialIndex', 3.0), ('Jitter', 2000.0), ('ScannerRun', 1.0), ('StimType', 'LLP'), ('Order', 1.0), ('Delay', 5.0), ('CurrentImage', 'stimuli/fractals/41b.jpg'), ('CurrentX', 0.390625), ('CurrentY', 0.4166666666666667), ('TripletMemberA', 'stimuli/fractals/41b.jpg'), ('TripletMemberB', 'stimuli/fractals/41a.jpg'), ('TripletMemberC', 'stimuli/fractals/41c.jpg'), ('Xcoordinate', 0.390625), ('Ycoordinate', 0.4166666666666667), ('Xcoordinate_lure1', 0.234375), ('Ycoordinate_lure1', 0.4166666666666667), ('Xcoordinate_lure2', 0.390625), ('Ycoordinate_lure2', 0.1388888888888889), ('Xcoordinate_foil', -0.078125), ('Ycoordinate_foil', -0.4166666666666667)])
107.7116 	EXP 	enc_trial_interior: autoDraw = False
107.7116 	EXP 	enc_trial_main_image: autoDraw = False
107.7116 	EXP 	enc_fx_cross: pos = array([0.390625  , 0.41666667])
107.7116 	EXP 	enc_fx_interior: autoDraw = True
107.7116 	EXP 	enc_fx_cross: autoDraw = True
108.5339 	DATA 	Keypress: s
109.6686 	DATA 	Keypress: c
109.7282 	EXP 	enc_fx_interior: autoDraw = False
109.7282 	EXP 	enc_fx_cross: autoDraw = False
109.7282 	EXP 	enc_fx_interior: autoDraw = False
109.7282 	EXP 	enc_fx_cross: autoDraw = False
109.7282 	EXP 	enc_trial_main_image: pos = array([0.390625  , 0.41666667])
109.7282 	EXP 	enc_trial_main_image: size = array([0.3125    , 0.55555556])
109.7282 	EXP 	enc_trial_main_image: image = 'stimuli/fractals/41b.jpg'
109.7282 	EXP 	enc_trial_interior: autoDraw = True
109.7282 	EXP 	enc_trial_main_image: autoDraw = True
110.9013 	DATA 	Keypress: s
112.7282 	EXP 	enc_trial_interior: autoDraw = False
112.7282 	EXP 	enc_trial_main_image: autoDraw = False
112.7282 	EXP 	end_enc_run_text: text = 'Rövid szünet.'
112.7282 	EXP 	end_enc_run_text: autoDraw = True
117.7282 	EXP 	enc_run_end_continue: autoDraw = True
119.8182 	EXP 	New trial (rep=1, index=0): None
119.8205 	DATA 	Keypress: d
119.8283 	EXP 	end_enc_run_text: autoDraw = False
119.8283 	EXP 	enc_run_end_continue: autoDraw = False
119.8283 	EXP 	start_MR_text: autoDraw = True
121.7193 	DATA 	Keypress: s
121.7282 	EXP 	start_MR_text: autoDraw = False
121.7282 	EXP 	start_enc_run_text: autoDraw = True
122.9494 	DATA 	Keypress: s
124.1494 	DATA 	Keypress: s
124.7437 	EXP 	Imported stimuli_tables/encoding_trials_2.csv as conditions, 3 conditions, 20 params
124.7440 	EXP 	Created sequence: sequential, trialTypes=3, nReps=1, seed=None
124.7443 	EXP 	New trial (rep=0, index=0): OrderedDict([('TrialIndex', 4.0), ('Jitter', 1000.0), ('ScannerRun', 1.0), ('StimType', 'ERP'), ('Order', 1.0), ('Delay', 2.0), ('CurrentImage', 'stimuli/fractals/115a.jpg'), ('CurrentX', 0.078125), ('CurrentY', 0.4166666666666667), ('TripletMemberA', 'stimuli/fractals/115a.jpg'), ('TripletMemberB', 'stimuli/fractals/115b.jpg'), ('TripletMemberC', 'stimuli/fractals/115c.jpg'), ('Xcoordinate', 0.078125), ('Ycoordinate', 0.4166666666666667), ('Xcoordinate_lure1', 0.234375), ('Ycoordinate_lure1', 0.4166666666666667), ('Xcoordinate_lure2', 0.078125), ('Ycoordinate_lure2', 0.1388888888888889), ('Xcoordinate_foil', -0.390625), ('Ycoordinate_foil', -0.1388888888888889)])
124.7615 	EXP 	start_enc_run_text: autoDraw = False
124.7615 	EXP 	start_enc_run_text: autoDraw = False
124.7615 	EXP 	enc_fx_cross: pos = array([0.078125  , 0.41666667])
124.7615 	EXP 	enc_fx_interior: autoDraw = True
124.7615 	EXP 	enc_fx_cross: autoDraw = True
125.5346 	DATA 	Keypress: s
125.7948 	EXP 	enc_fx_interior: autoDraw = False
125.7948 	EXP 	enc_fx_cross: autoDraw = False
125.7948 	EXP 	enc_fx_interior: autoDraw = False
125.7948 	EXP 	enc_fx_cross: autoDraw = False
125.7948 	EXP 	enc_trial_main_image: pos = array([0.078125  , 0.41666667])
125.7948 	EXP 	enc_trial_main_image: size = array([0.3125    , 0.55555556])
125.7948 	EXP 	enc_trial_main_image: image = 'stimuli/fractals/115a.jpg'
125.7948 	EXP 	enc_trial_interior: autoDraw = True
125.7948 	EXP 	enc_trial_main_image: autoDraw = True
126.9344 	DATA 	Keypress: c
127.4343 	DATA 	Keypress: s
128.7794 	EXP 	New trial (rep=0, index=1): OrderedDict([('TrialIndex', 5.0), ('Jitter', 5000.0), ('ScannerRun', 1.0), ('StimType', 'OLP'), ('Order', 2.0), ('Delay', 0.0), ('CurrentImage', 'stimuli/fractals/131b.jpg'), ('CurrentX', -0.234375), ('CurrentY', 0.1388888888888889), ('TripletMemberA', 'stimuli/fractals/131c.jpg'), ('TripletMemberB', 'stimuli/fractals/131b.jpg'), ('TripletMemberC', 'stimuli/fractals/131a.jpg'), ('Xcoordinate', -0.234375), ('Ycoordinate', 0.1388888888888889), ('Xcoordinate_lure1', -0.234375), ('Ycoordinate_lure1', -0.1388888888888889), ('Xcoordinate_lure2', -0.078125), ('Ycoordinate_lure2', 0.1388888888888889), ('Xcoordinate_foil', 0.234375), ('Ycoordinate_foil', -0.4166666666666667)])
128.7820 	DATA 	Keypress: s
128.7947 	EXP 	enc_trial_interior: autoDraw = False
128.7947 	EXP 	enc_trial_main_image: autoDraw = False
128.7947 	EXP 	enc_fx_cross: pos = array([-0.234375  ,  0.13888889])
128.7947 	EXP 	enc_fx_interior: autoDraw = True
128.7947 	EXP 	enc_fx_cross: autoDraw = True
130.1016 	DATA 	Keypress: b
130.7339 	DATA 	Keypress: s
131.8174 	DATA 	Keypress: s
132.8852 	DATA 	Keypress: s
133.8109 	EXP 	enc_fx_interior: autoDraw = False
133.8109 	EXP 	enc_fx_cross: autoDraw = False
133.8109 	EXP 	enc_fx_interior: autoDraw = False
133.8109 	EXP 	enc_fx_cross: autoDraw = False
133.8109 	EXP 	enc_trial_main_image: pos = array([-0.234375  ,  0.13888889])
133.8109 	EXP 	enc_trial_main_image: size = array([0.3125    , 0.55555556])
133.8109 	EXP 	enc_trial_main_image: image = 'stimuli/fractals/131b.jpg'
133.8109 	EXP 	enc_trial_interior: autoDraw = True
133.8109 	EXP 	enc_trial_main_image: autoDraw = True
134.2343 	DATA 	Keypress: b
135.1843 	DATA 	Keypress: s
136.1839 	DATA 	Keypress: s
136.7949 	EXP 	New trial (rep=0, index=2): OrderedDict([('TrialIndex', 6.0), ('Jitter', 3000.0), ('ScannerRun', 1.0), ('StimType', 'OLP'), ('Order', 2.0), ('Delay', 0.0), ('CurrentImage', 'stimuli/fractals/72a.jpg'), ('CurrentX', -0.078125), ('CurrentY', 0.4166666666666667), ('TripletMemberA', 'stimuli/fractals/72b.jpg'), ('TripletMemberB', 'stimuli/fractals/72a.jpg'), ('TripletMemberC', 'stimuli/fractals/72c.jpg'), ('Xcoordinate', -0.078125), ('Ycoordinate', 0.4166666666666667), ('Xcoordinate_lure1', -0.234375), ('Ycoordinate_lure1', 0.4166666666666667), ('Xcoordinate_lure2', -0.078125), ('Ycoordinate_lure2', 0.1388888888888889), ('Xcoordinate_foil', -0.390625), ('Ycoordinate_foil', -0.4166666666666667)])
136.8108 	EXP 	enc_trial_interior: autoDraw = False
136.8108 	EXP 	enc_trial_main_image: autoDraw = False
136.8108 	EXP 	enc_fx_cross: pos = array([-0.078125  ,  0.41666667])
136.8108 	EXP 	enc_fx_interior: autoDraw = True
136.8108 	EXP 	enc_fx_cross: autoDraw = True
137.8006 	DATA 	Keypress: s
139.0175 	DATA 	Keypress: s
139.8274 	EXP 	enc_fx_interior: autoDraw = False
139.8274 	EXP 	enc_fx_cross: autoDraw = False
139.8274 	EXP 	enc_fx_interior: autoDraw = False
139.8274 	EXP 	enc_fx_cross: autoDraw = False
139.8274 	EXP 	enc_trial_main_image: pos = array([-0.078125  ,  0.41666667])
139.8274 	EXP 	enc_trial_main_image: size = array([0.3125    , 0.55555556])
139.8274 	EXP 	enc_trial_main_image: image = 'stimuli/fractals/72a.jpg'
139.8274 	EXP 	enc_trial_interior: autoDraw = True
139.8274 	EXP 	enc_trial_main_image: autoDraw = True
140.0503 	DATA 	Keypress: s
140.3500 	DATA 	Keypress: b
140.9999 	DATA 	Keypress: s
142.2673 	DATA 	Keypress: s
142.8274 	EXP 	enc_trial_interior: autoDraw = False
142.8274 	EXP 	enc_trial_main_image: autoDraw = False
142.8274 	EXP 	end_enc_run_text: text = 'Vége az első feladatnak.'
142.8274 	EXP 	end_enc_run_text: autoDraw = True
147.8272 	EXP 	enc_run_end_continue: autoDraw = True
149.2499 	DATA 	Keypress: d
149.2605 	EXP 	end_enc_run_text: autoDraw = False
149.2605 	EXP 	enc_run_end_continue: autoDraw = False
149.2605 	EXP 	inter_task_break_text: autoDraw = True
153.9620 	DATA 	Keypress: escape
154.1986 	EXP 	window1: mouseVisible = True
