0.6805 	WARNING 	We strongly recommend you activate the PTB sound engine in PsychoPy prefs as the preferred audio engine. Its timing is vastly superior. Your prefs are currently set to use ['sounddevice', 'PTB', 'pyo', 'pygame'] (in that order).
0.6806 	WARNING 	Requested audio device 'Speakers (Realtek HD Audio output)' that is not available on this hardware. The 'audioDevice' preference should be one of ['Hangszórók (Realtek(R) Audio)']
9.8998 	WARNING 	Monitor specification not found. Creating a temporary one...
10.6990 	EXP 	Created window1 = Window(allowGUI=False, allowStencil=False, args=UNKNOWN, autoLog=True, bitsMode=UNKNOWN, blendMode='avg', bpc=(8, 8, 8), color=array([0.804, 0.804, 0.961]), colorSpace='rgb', depthBits=8, fullscr=<method-wrapper '__getattribute__' of attributeSetter object at 0x000001EC30DEB6A0>, gamma=None, gammaErrorPolicy='raise', kwargs=UNKNOWN, lms=UNKNOWN, monitor=<psychopy.monitors.calibTools.Monitor object at 0x000001EC30FF90F0>, multiSample=False, name='window1', numSamples=2, pos=[0.0, 0.0], screen=0, size=array([1920, 1080]), stencilBits=0, stereo=False, units='height', useFBO=True, useRetina=False, viewOri=0.0, viewPos=None, viewScale=None, waitBlanking=True, winType='pyglet')
10.6990 	EXP 	window1: recordFrameIntervals = False
10.8653 	EXP 	window1: recordFrameIntervals = True
11.0486 	EXP 	window1: recordFrameIntervals = False
11.1857 	EXP 	Created start_encoding_text = TextStim(__class__=<class 'psychopy.visual.text.TextStim'>, alignHoriz=method-wrapper(...), alignText='center', alignVert=method-wrapper(...), anchorHoriz='center', anchorVert='center', antialias=True, autoLog=True, bold=False, color='black', colorSpace='named', contrast=1.0, depth=0.0, flipHoriz=False, flipVert=False, font='Arial', fontFiles=[], height=0.1, italic=False, languageStyle='LTR', name='start_encoding_text', opacity=1.0, ori=0, pos=array([0., 0.]), rgb=array([0., 0., 0.]), text='default text', units='height', win=Window(...), wrapWidth=1)
11.2132 	EXP 	Created enc_instructions_1_text = TextStim(__class__=<class 'psychopy.visual.text.TextStim'>, alignHoriz=method-wrapper(...), alignText='center', alignVert=method-wrapper(...), anchorHoriz='center', anchorVert='center', antialias=True, autoLog=True, bold=False, color='black', colorSpace='named', contrast=1.0, depth=0.0, flipHoriz=False, flipVert=False, font='Arial', fontFiles=[], height=0.03, italic=False, languageStyle='LTR', name='enc_instructions_1_text', opacity=1.0, ori=0, pos=array([-0.3,  0. ]), rgb=array([0., 0., 0.]), text=str(...), units='height', win=Window(...), wrapWidth=0.65)
11.2672 	EXP 	Created enc_instructions_1_image = ImageStim(__class__=<class 'psychopy.visual.image.ImageStim'>, autoLog=True, color=array([1., 1., 1.]), colorSpace='rgb', contrast=1.0, depth=-1.0, flipHoriz=False, flipVert=False, image='stimuli/GalleryBuildingFromOutside.jpg', interpolate=True, mask=None, maskParams=None, name='enc_instructions_1_image', opacity=1.0, ori=0.0, pos=array([0.4688, 0.    ]), size=array([0.625 , 0.8333]), texRes=128, units='norm', win=Window(...))
11.2706 	EXP 	Created instructions_1_continue = TextStim(__class__=<class 'psychopy.visual.text.TextStim'>, alignHoriz=method-wrapper(...), alignText='center', alignVert=method-wrapper(...), anchorHoriz='center', anchorVert='center', antialias=True, autoLog=True, bold=False, color='black', colorSpace='named', contrast=1.0, depth=-3.0, flipHoriz=False, flipVert=False, font='Arial', fontFiles=[], height=0.03, italic=False, languageStyle='LTR', name='instructions_1_continue', opacity=1.0, ori=0, pos=array([ 0. , -0.4]), rgb=array([0., 0., 0.]), text=str(...), units='height', win=Window(...), wrapWidth=1)
11.2894 	EXP 	Created enc_instructions_2_text = TextStim(__class__=<class 'psychopy.visual.text.TextStim'>, alignHoriz=method-wrapper(...), alignText='center', alignVert=method-wrapper(...), anchorHoriz='center', anchorVert='center', antialias=True, autoLog=True, bold=False, color='black', colorSpace='named', contrast=1.0, depth=0.0, flipHoriz=False, flipVert=False, font='Arial', fontFiles=[], height=0.03, italic=False, languageStyle='LTR', name='enc_instructions_2_text', opacity=1.0, ori=0, pos=array([-0.35,  0.  ]), rgb=array([0., 0., 0.]), text=str(...), units='height', win=Window(...), wrapWidth=0.5)
11.3901 	EXP 	Created enc_instructions_2_image = ImageStim(__class__=<class 'psychopy.visual.image.ImageStim'>, autoLog=True, color=array([1., 1., 1.]), colorSpace='rgb', contrast=1.0, depth=-1.0, flipHoriz=False, flipVert=False, image='stimuli/GalleryInterior.png', interpolate=True, mask=None, maskParams=None, name='enc_instructions_2_image', opacity=1.0, ori=0.0, pos=array([0.4427, 0.    ]), size=array([0.7604, 0.8185]), texRes=128, units='norm', win=Window(...))
11.3925 	EXP 	Created instructions_2_continue = TextStim(__class__=<class 'psychopy.visual.text.TextStim'>, alignHoriz=method-wrapper(...), alignText='center', alignVert=method-wrapper(...), anchorHoriz='center', anchorVert='center', antialias=True, autoLog=True, bold=False, color='black', colorSpace='named', contrast=1.0, depth=-3.0, flipHoriz=False, flipVert=False, font='Arial', fontFiles=[], height=0.03, italic=False, languageStyle='LTR', name='instructions_2_continue', opacity=1.0, ori=0, pos=array([ 0. , -0.4]), rgb=array([0., 0., 0.]), text=str(...), units='height', win=Window(...), wrapWidth=1)
11.4206 	EXP 	Created enc_instructions_3_text = TextStim(__class__=<class 'psychopy.visual.text.TextStim'>, alignHoriz=method-wrapper(...), alignText='center', alignVert=method-wrapper(...), anchorHoriz='center', anchorVert='center', antialias=True, autoLog=True, bold=False, color='black', colorSpace='named', contrast=1.0, depth=0.0, flipHoriz=False, flipVert=False, font='Arial', fontFiles=[], height=0.04, italic=False, languageStyle='LTR', name='enc_instructions_3_text', opacity=1.0, ori=0, pos=array([0., 0.]), rgb=array([0., 0., 0.]), text=str(...), units='height', win=Window(...), wrapWidth=1)
11.4242 	EXP 	Created enc_instructions_3_continue = TextStim(__class__=<class 'psychopy.visual.text.TextStim'>, alignHoriz=method-wrapper(...), alignText='center', alignVert=method-wrapper(...), anchorHoriz='center', anchorVert='center', antialias=True, autoLog=True, bold=False, color='black', colorSpace='named', contrast=1.0, depth=-2.0, flipHoriz=False, flipVert=False, font='Arial', fontFiles=[], height=0.03, italic=False, languageStyle='LTR', name='enc_instructions_3_continue', opacity=1.0, ori=0, pos=array([ 0. , -0.4]), rgb=array([0., 0., 0.]), text=str(...), units='height', win=Window(...), wrapWidth=1)
11.4376 	EXP 	Created start_practice_text = TextStim(__class__=<class 'psychopy.visual.text.TextStim'>, alignHoriz=method-wrapper(...), alignText='center', alignVert=method-wrapper(...), anchorHoriz='center', anchorVert='center', antialias=True, autoLog=True, bold=False, color='black', colorSpace='named', contrast=1.0, depth=0.0, flipHoriz=False, flipVert=False, font='Arial', fontFiles=[], height=0.1, italic=False, languageStyle='LTR', name='start_practice_text', opacity=1.0, ori=0, pos=array([0., 0.]), rgb=array([0., 0., 0.]), text='Kezdődik a gyakorlás...', units='height', win=Window(...), wrapWidth=1)
11.5356 	EXP 	Created enc_practice_fx_interior = ImageStim(__class__=<class 'psychopy.visual.image.ImageStim'>, autoLog=True, color=array([1., 1., 1.]), colorSpace='rgb', contrast=1.0, depth=0.0, flipHoriz=False, flipVert=False, image='stimuli/GalleryInterior.png', interpolate=True, mask=None, maskParams=None, name='enc_practice_fx_interior', opacity=1.0, ori=0.0, pos=array([0., 0.]), size=array([2., 2.]), texRes=128, units='norm', win=Window(...))
11.5400 	EXP 	Created enc_practice_fx_cross = TextStim(__class__=<class 'psychopy.visual.text.TextStim'>, alignHoriz=method-wrapper(...), alignText='center', alignVert=method-wrapper(...), anchorHoriz='center', anchorVert='center', antialias=True, autoLog=True, bold=False, color='black', colorSpace='named', contrast=1.0, depth=-1.0, flipHoriz=False, flipVert=False, font='Arial', fontFiles=[], height=0.1, italic=False, languageStyle='LTR', name='enc_practice_fx_cross', opacity=1.0, ori=0, pos=array([0., 0.]), rgb=array([0., 0., 0.]), text='+', units='norm', win=Window(...), wrapWidth=1)
11.6373 	EXP 	Created enc_practice_trial_interior = ImageStim(__class__=<class 'psychopy.visual.image.ImageStim'>, autoLog=True, color=array([1., 1., 1.]), colorSpace='rgb', contrast=1.0, depth=-1.0, flipHoriz=False, flipVert=False, image='stimuli/GalleryInterior.png', interpolate=True, mask=None, maskParams=None, name='enc_practice_trial_interior', opacity=1.0, ori=0.0, pos=array([0., 0.]), size=array([2., 2.]), texRes=128, units='norm', win=Window(...))
11.6406 	EXP 	Created enc_practice_trial_main_image = ImageStim(__class__=<class 'psychopy.visual.image.ImageStim'>, autoLog=True, color=array([1., 1., 1.]), colorSpace='rgb', contrast=1.0, depth=-2.0, flipHoriz=False, flipVert=False, image='sin', interpolate=True, mask=None, maskParams=None, name='enc_practice_trial_main_image', opacity=1.0, ori=0.0, pos=array([0., 0.]), size=array([1., 1.]), texRes=128, units='norm', win=Window(...))
11.7381 	EXP 	Created enc_practice_feedback_interior = ImageStim(__class__=<class 'psychopy.visual.image.ImageStim'>, autoLog=True, color=array([1., 1., 1.]), colorSpace='rgb', contrast=1.0, depth=-1.0, flipHoriz=False, flipVert=False, image='stimuli/GalleryInterior.png', interpolate=True, mask=None, maskParams=None, name='enc_practice_feedback_interior', opacity=1.0, ori=0.0, pos=array([0., 0.]), size=array([2., 2.]), texRes=128, units='norm', win=Window(...))
11.7403 	EXP 	Created enc_practice_feedback_image = ImageStim(__class__=<class 'psychopy.visual.image.ImageStim'>, autoLog=True, color=array([1., 1., 1.]), colorSpace='rgb', contrast=1.0, depth=-2.0, flipHoriz=False, flipVert=False, image='sin', interpolate=True, mask=None, maskParams=None, name='enc_practice_feedback_image', opacity=1.0, ori=0.0, pos=array([0., 0.]), size=array([1., 1.]), texRes=128, units='norm', win=Window(...))
11.7469 	EXP 	Created enc_practice_feedback_text = TextStim(__class__=<class 'psychopy.visual.text.TextStim'>, alignHoriz=method-wrapper(...), alignText='center', alignVert=method-wrapper(...), anchorHoriz='center', anchorVert='center', antialias=True, autoLog=True, bold=False, color='black', colorSpace='named', contrast=1.0, depth=-3.0, flipHoriz=False, flipVert=False, font='Arial', fontFiles=[], height=0.05, italic=False, languageStyle='LTR', name='enc_practice_feedback_text', opacity=1.0, ori=0, pos=array([0., 0.]), rgb=array([0., 0., 0.]), text='default text', units='norm', win=Window(...), wrapWidth=1)
11.7635 	EXP 	Created end_practice_text = TextStim(__class__=<class 'psychopy.visual.text.TextStim'>, alignHoriz=method-wrapper(...), alignText='center', alignVert=method-wrapper(...), anchorHoriz='center', anchorVert='center', antialias=True, autoLog=True, bold=False, color='black', colorSpace='named', contrast=1.0, depth=0.0, flipHoriz=False, flipVert=False, font='Arial', fontFiles=[], height=0.05, italic=False, languageStyle='LTR', name='end_practice_text', opacity=1.0, ori=0, pos=array([0., 0.]), rgb=array([0., 0., 0.]), text=str(...), units='height', win=Window(...), wrapWidth=0.8)
11.7707 	EXP 	Created end_practice_continue = TextStim(__class__=<class 'psychopy.visual.text.TextStim'>, alignHoriz=method-wrapper(...), alignText='center', alignVert=method-wrapper(...), anchorHoriz='center', anchorVert='center', antialias=True, autoLog=True, bold=False, color='black', colorSpace='named', contrast=1.0, depth=-2.0, flipHoriz=False, flipVert=False, font='Arial', fontFiles=[], height=0.03, italic=False, languageStyle='LTR', name='end_practice_continue', opacity=1.0, ori=0, pos=array([ 0. , -0.4]), rgb=array([0., 0., 0.]), text=str(...), units='height', win=Window(...), wrapWidth=1)
11.7778 	EXP 	Created start_MR_text = TextStim(__class__=<class 'psychopy.visual.text.TextStim'>, alignHoriz=method-wrapper(...), alignText='center', alignVert=method-wrapper(...), anchorHoriz='center', anchorVert='center', antialias=True, autoLog=True, bold=False, color='black', colorSpace='named', contrast=1.0, depth=0.0, flipHoriz=False, flipVert=False, font='Arial', fontFiles=[], height=0.1, italic=False, languageStyle='LTR', name='start_MR_text', opacity=1.0, ori=0, pos=array([0., 0.]), rgb=array([0., 0., 0.]), text='A vizsgálatvezető indítja a szkennert...', units='norm', win=Window(...), wrapWidth=1)
11.7883 	EXP 	Created start_enc_run_text = TextStim(__class__=<class 'psychopy.visual.text.TextStim'>, alignHoriz=method-wrapper(...), alignText='center', alignVert=method-wrapper(...), anchorHoriz='center', anchorVert='center', antialias=True, autoLog=True, bold=False, color='black', colorSpace='named', contrast=1.0, depth=-2.0, flipHoriz=False, flipVert=False, font='Arial', fontFiles=[], height=0.06, italic=False, languageStyle='LTR', name='start_enc_run_text', opacity=1.0, ori=0, pos=array([0., 0.]), rgb=array([0., 0., 0.]), text='Kezdődik a feladat...', units='height', win=Window(...), wrapWidth=1)
11.8854 	EXP 	Created enc_fx_interior = ImageStim(__class__=<class 'psychopy.visual.image.ImageStim'>, autoLog=True, color=array([1., 1., 1.]), colorSpace='rgb', contrast=1.0, depth=0.0, flipHoriz=False, flipVert=False, image='stimuli/GalleryInterior.png', interpolate=True, mask=None, maskParams=None, name='enc_fx_interior', opacity=1.0, ori=0.0, pos=array([0., 0.]), size=array([2., 2.]), texRes=128, units='norm', win=Window(...))
11.8871 	EXP 	Created enc_fx_cross = TextStim(__class__=<class 'psychopy.visual.text.TextStim'>, alignHoriz=method-wrapper(...), alignText='center', alignVert=method-wrapper(...), anchorHoriz='center', anchorVert='center', antialias=True, autoLog=True, bold=False, color='black', colorSpace='named', contrast=1.0, depth=-1.0, flipHoriz=False, flipVert=False, font='Arial', fontFiles=[], height=0.1, italic=False, languageStyle='LTR', name='enc_fx_cross', opacity=1.0, ori=0, pos=array([0., 0.]), rgb=array([0., 0., 0.]), text='+', units='norm', win=Window(...), wrapWidth=1)
11.9846 	EXP 	Created enc_trial_interior = ImageStim(__class__=<class 'psychopy.visual.image.ImageStim'>, autoLog=True, color=array([1., 1., 1.]), colorSpace='rgb', contrast=1.0, depth=-1.0, flipHoriz=False, flipVert=False, image='stimuli/GalleryInterior.png', interpolate=True, mask=None, maskParams=None, name='enc_trial_interior', opacity=1.0, ori=0.0, pos=array([0., 0.]), size=array([2., 2.]), texRes=128, units='norm', win=Window(...))
11.9869 	EXP 	Created enc_trial_main_image = ImageStim(__class__=<class 'psychopy.visual.image.ImageStim'>, autoLog=True, color=array([1., 1., 1.]), colorSpace='rgb', contrast=1.0, depth=-2.0, flipHoriz=False, flipVert=False, image='sin', interpolate=True, mask=None, maskParams=None, name='enc_trial_main_image', opacity=1.0, ori=0.0, pos=array([0., 0.]), size=array([1., 1.]), texRes=128, units='norm', win=Window(...))
11.9899 	EXP 	Created end_enc_run_text = TextStim(__class__=<class 'psychopy.visual.text.TextStim'>, alignHoriz=method-wrapper(...), alignText='center', alignVert=method-wrapper(...), anchorHoriz='center', anchorVert='center', antialias=True, autoLog=True, bold=False, color='black', colorSpace='named', contrast=1.0, depth=0.0, flipHoriz=False, flipVert=False, font='Arial', fontFiles=[], height=0.06, italic=False, languageStyle='LTR', name='end_enc_run_text', opacity=1.0, ori=0, pos=array([0., 0.]), rgb=array([0., 0., 0.]), text='default text', units='height', win=Window(...), wrapWidth=1)
11.9976 	EXP 	Created enc_run_end_continue = TextStim(__class__=<class 'psychopy.visual.text.TextStim'>, alignHoriz=method-wrapper(...), alignText='center', alignVert=method-wrapper(...), anchorHoriz='center', anchorVert='center', antialias=True, autoLog=True, bold=False, color='black', colorSpace='named', contrast=1.0, depth=-2.0, flipHoriz=False, flipVert=False, font='Arial', fontFiles=[], height=0.03, italic=False, languageStyle='LTR', name='enc_run_end_continue', opacity=1.0, ori=0, pos=array([ 0. , -0.4]), rgb=array([0., 0., 0.]), text=str(...), units='height', win=Window(...), wrapWidth=1)
12.0012 	EXP 	Created inter_task_break_text = TextStim(__class__=<class 'psychopy.visual.text.TextStim'>, alignHoriz=method-wrapper(...), alignText='center', alignVert=method-wrapper(...), anchorHoriz='center', anchorVert='center', antialias=True, autoLog=True, bold=False, color='black', colorSpace='named', contrast=1.0, depth=0.0, flipHoriz=False, flipVert=False, font='Arial', fontFiles=[], height=0.03, italic=False, languageStyle='LTR', name='inter_task_break_text', opacity=1.0, ori=0, pos=array([0., 0.]), rgb=array([0., 0., 0.]), text='Most kivesszük Önt a szkennerből.', units='height', win=Window(...), wrapWidth=1)
12.0715 	EXP 	start_encoding_text: text = 'Első feladat\nGaléria berendezés'
12.0715 	EXP 	start_encoding_text: autoDraw = True
13.5317 	EXP 	start_encoding_text: autoDraw = False
13.5317 	EXP 	enc_instructions_1_text: autoDraw = True
13.5317 	EXP 	enc_instructions_1_image: autoDraw = True
18.4983 	EXP 	instructions_1_continue: autoDraw = True
18.9381 	DATA 	Keypress: d
18.9482 	EXP 	enc_instructions_1_text: autoDraw = False
18.9482 	EXP 	enc_instructions_1_image: autoDraw = False
18.9482 	EXP 	instructions_1_continue: autoDraw = False
18.9482 	EXP 	enc_instructions_2_text: autoDraw = True
18.9482 	EXP 	enc_instructions_2_image: autoDraw = True
23.9315 	EXP 	instructions_2_continue: autoDraw = True
24.9716 	DATA 	Keypress: d
24.9815 	EXP 	enc_instructions_2_text: autoDraw = False
24.9815 	EXP 	enc_instructions_2_image: autoDraw = False
24.9815 	EXP 	instructions_2_continue: autoDraw = False
24.9815 	EXP 	enc_instructions_3_text: autoDraw = True
29.9646 	EXP 	enc_instructions_3_continue: autoDraw = True
30.8852 	DATA 	Keypress: d
30.9147 	EXP 	enc_instructions_3_text: autoDraw = False
30.9147 	EXP 	enc_instructions_3_continue: autoDraw = False
30.9147 	EXP 	start_practice_text: autoDraw = True
31.9194 	EXP 	Imported stimuli_tables/encoding_practice_trials.csv as conditions, 9 conditions, 9 params
31.9196 	EXP 	Created sequence: sequential, trialTypes=9, nReps=0, seed=None
31.9313 	EXP 	start_practice_text: autoDraw = False
31.9313 	EXP 	start_practice_text: autoDraw = False
31.9313 	EXP 	end_practice_text: autoDraw = True
32.9146 	EXP 	end_practice_continue: autoDraw = True
33.7020 	DATA 	Keypress: d
33.7193 	EXP 	Created sequence: sequential, trialTypes=1, nReps=2, seed=None
33.7198 	EXP 	New trial (rep=0, index=0): None
33.7313 	EXP 	end_practice_text: autoDraw = False
33.7313 	EXP 	end_practice_continue: autoDraw = False
33.7313 	EXP 	start_MR_text: autoDraw = True
44.0880 	DATA 	Keypress: s
44.0977 	EXP 	start_MR_text: autoDraw = False
44.0977 	EXP 	start_enc_run_text: autoDraw = True
44.8185 	DATA 	Keypress: s
46.2185 	DATA 	Keypress: s
46.9185 	DATA 	Keypress: s
47.1156 	EXP 	Imported stimuli_tables/encoding_trials_2.csv as conditions, 3 conditions, 20 params
47.1159 	EXP 	Created sequence: sequential, trialTypes=3, nReps=1, seed=None
47.1162 	EXP 	New trial (rep=0, index=0): OrderedDict([('TrialIndex', 1.0), ('Jitter', 2000.0), ('ScannerRun', 1.0), ('StimType', 'OLP'), ('Order', 1.0), ('Delay', 3.0), ('CurrentImage', 'stimuli/fractals/131c.jpg'), ('CurrentX', -0.234375), ('CurrentY', 0.1388888888888889), ('TripletMemberA', 'stimuli/fractals/131c.jpg'), ('TripletMemberB', 'stimuli/fractals/131b.jpg'), ('TripletMemberC', 'stimuli/fractals/131a.jpg'), ('Xcoordinate', -0.234375), ('Ycoordinate', 0.1388888888888889), ('Xcoordinate_lure1', -0.234375), ('Ycoordinate_lure1', -0.1388888888888889), ('Xcoordinate_lure2', -0.078125), ('Ycoordinate_lure2', 0.1388888888888889), ('Xcoordinate_foil', 0.234375), ('Ycoordinate_foil', -0.4166666666666667)])
47.1309 	EXP 	start_enc_run_text: autoDraw = False
47.1309 	EXP 	start_enc_run_text: autoDraw = False
47.1309 	EXP 	enc_fx_cross: pos = array([-0.234375  ,  0.13888889])
47.1309 	EXP 	enc_fx_interior: autoDraw = True
47.1309 	EXP 	enc_fx_cross: autoDraw = True
47.9706 	DATA 	Keypress: c
49.0372 	DATA 	Keypress: b
49.1642 	EXP 	enc_fx_interior: autoDraw = False
49.1642 	EXP 	enc_fx_cross: autoDraw = False
49.1642 	EXP 	enc_fx_interior: autoDraw = False
49.1642 	EXP 	enc_fx_cross: autoDraw = False
49.1642 	EXP 	enc_trial_main_image: pos = array([-0.234375  ,  0.13888889])
49.1642 	EXP 	enc_trial_main_image: size = array([0.3125    , 0.55555556])
49.1642 	EXP 	enc_trial_main_image: image = 'stimuli/fractals/131c.jpg'
49.1642 	EXP 	enc_trial_interior: autoDraw = True
49.1642 	EXP 	enc_trial_main_image: autoDraw = True
49.5203 	DATA 	Keypress: s
50.3043 	DATA 	Keypress: c
51.8203 	DATA 	Keypress: s
52.1331 	EXP 	New trial (rep=0, index=1): OrderedDict([('TrialIndex', 2.0), ('Jitter', 6000.0), ('ScannerRun', 1.0), ('StimType', 'OLP'), ('Order', 1.0), ('Delay', 3.0), ('CurrentImage', 'stimuli/fractals/72b.jpg'), ('CurrentX', -0.078125), ('CurrentY', 0.4166666666666667), ('TripletMemberA', 'stimuli/fractals/72b.jpg'), ('TripletMemberB', 'stimuli/fractals/72a.jpg'), ('TripletMemberC', 'stimuli/fractals/72c.jpg'), ('Xcoordinate', -0.078125), ('Ycoordinate', 0.4166666666666667), ('Xcoordinate_lure1', -0.234375), ('Ycoordinate_lure1', 0.4166666666666667), ('Xcoordinate_lure2', -0.078125), ('Ycoordinate_lure2', 0.1388888888888889), ('Xcoordinate_foil', -0.390625), ('Ycoordinate_foil', -0.4166666666666667)])
52.1475 	EXP 	enc_trial_interior: autoDraw = False
52.1475 	EXP 	enc_trial_main_image: autoDraw = False
52.1475 	EXP 	enc_fx_cross: pos = array([-0.078125  ,  0.41666667])
52.1475 	EXP 	enc_fx_interior: autoDraw = True
52.1475 	EXP 	enc_fx_cross: autoDraw = True
52.5206 	DATA 	Keypress: escape
52.7181 	EXP 	window1: mouseVisible = True
