0.7358 	WARNING 	We strongly recommend you activate the PTB sound engine in PsychoPy prefs as the preferred audio engine. Its timing is vastly superior. Your prefs are currently set to use ['sounddevice', 'PTB', 'pyo', 'pygame'] (in that order).
0.7359 	WARNING 	Requested audio device 'Speakers (Realtek HD Audio output)' that is not available on this hardware. The 'audioDevice' preference should be one of ['Hangszórók (Realtek(R) Audio)']
22.4832 	WARNING 	Monitor specification not found. Creating a temporary one...
23.4809 	EXP 	Created window1 = Window(allowGUI=False, allowStencil=False, args=UNKNOWN, autoLog=True, bitsMode=UNKNOWN, blendMode='avg', bpc=(8, 8, 8), color=array([0.804, 0.804, 0.961]), colorSpace='rgb', depthBits=8, fullscr=<method-wrapper '__getattribute__' of attributeSetter object at 0x00000130B477D4E0>, gamma=None, gammaErrorPolicy='raise', kwargs=UNKNOWN, lms=UNKNOWN, monitor=<psychopy.monitors.calibTools.Monitor object at 0x00000130B4904F28>, multiSample=False, name='window1', numSamples=2, pos=[0.0, 0.0], screen=0, size=array([1920, 1080]), stencilBits=0, stereo=False, units='height', useFBO=True, useRetina=False, viewOri=0.0, viewPos=None, viewScale=None, waitBlanking=True, winType='pyglet')
23.4810 	EXP 	window1: recordFrameIntervals = False
23.6470 	EXP 	window1: recordFrameIntervals = True
23.8305 	EXP 	window1: recordFrameIntervals = False
24.1115 	EXP 	Created start_encoding_text = TextStim(__class__=<class 'psychopy.visual.text.TextStim'>, alignHoriz=method-wrapper(...), alignText='center', alignVert=method-wrapper(...), anchorHoriz='center', anchorVert='center', antialias=True, autoLog=True, bold=False, color='black', colorSpace='named', contrast=1.0, depth=0.0, flipHoriz=False, flipVert=False, font='Arial', fontFiles=[], height=0.1, italic=False, languageStyle='LTR', name='start_encoding_text', opacity=1.0, ori=0, pos=array([0., 0.]), rgb=array([0., 0., 0.]), text='default text', units='height', win=Window(...), wrapWidth=1)
24.1379 	EXP 	Created enc_instructions_1_text = TextStim(__class__=<class 'psychopy.visual.text.TextStim'>, alignHoriz=method-wrapper(...), alignText='center', alignVert=method-wrapper(...), anchorHoriz='center', anchorVert='center', antialias=True, autoLog=True, bold=False, color='black', colorSpace='named', contrast=1.0, depth=0.0, flipHoriz=False, flipVert=False, font='Arial', fontFiles=[], height=0.03, italic=False, languageStyle='LTR', name='enc_instructions_1_text', opacity=1.0, ori=0, pos=array([-0.3,  0. ]), rgb=array([0., 0., 0.]), text=str(...), units='height', win=Window(...), wrapWidth=0.65)
24.2030 	EXP 	Created enc_instructions_1_image = ImageStim(__class__=<class 'psychopy.visual.image.ImageStim'>, autoLog=True, color=array([1., 1., 1.]), colorSpace='rgb', contrast=1.0, depth=-1.0, flipHoriz=False, flipVert=False, image='stimuli/GalleryBuildingFromOutside.jpg', interpolate=True, mask=None, maskParams=None, name='enc_instructions_1_image', opacity=1.0, ori=0.0, pos=array([0.4688, 0.    ]), size=array([0.625 , 0.8333]), texRes=128, units='norm', win=Window(...))
24.2071 	EXP 	Created instructions_1_continue = TextStim(__class__=<class 'psychopy.visual.text.TextStim'>, alignHoriz=method-wrapper(...), alignText='center', alignVert=method-wrapper(...), anchorHoriz='center', anchorVert='center', antialias=True, autoLog=True, bold=False, color='black', colorSpace='named', contrast=1.0, depth=-3.0, flipHoriz=False, flipVert=False, font='Arial', fontFiles=[], height=0.03, italic=False, languageStyle='LTR', name='instructions_1_continue', opacity=1.0, ori=0, pos=array([ 0. , -0.4]), rgb=array([0., 0., 0.]), text=str(...), units='height', win=Window(...), wrapWidth=1)
24.2247 	EXP 	Created enc_instructions_2_text = TextStim(__class__=<class 'psychopy.visual.text.TextStim'>, alignHoriz=method-wrapper(...), alignText='center', alignVert=method-wrapper(...), anchorHoriz='center', anchorVert='center', antialias=True, autoLog=True, bold=False, color='black', colorSpace='named', contrast=1.0, depth=0.0, flipHoriz=False, flipVert=False, font='Arial', fontFiles=[], height=0.03, italic=False, languageStyle='LTR', name='enc_instructions_2_text', opacity=1.0, ori=0, pos=array([-0.35,  0.  ]), rgb=array([0., 0., 0.]), text=str(...), units='height', win=Window(...), wrapWidth=0.5)
24.3445 	EXP 	Created enc_instructions_2_image = ImageStim(__class__=<class 'psychopy.visual.image.ImageStim'>, autoLog=True, color=array([1., 1., 1.]), colorSpace='rgb', contrast=1.0, depth=-1.0, flipHoriz=False, flipVert=False, image='stimuli/GalleryInterior.png', interpolate=True, mask=None, maskParams=None, name='enc_instructions_2_image', opacity=1.0, ori=0.0, pos=array([0.4427, 0.    ]), size=array([0.7604, 0.8185]), texRes=128, units='norm', win=Window(...))
24.3470 	EXP 	Created instructions_2_continue = TextStim(__class__=<class 'psychopy.visual.text.TextStim'>, alignHoriz=method-wrapper(...), alignText='center', alignVert=method-wrapper(...), anchorHoriz='center', anchorVert='center', antialias=True, autoLog=True, bold=False, color='black', colorSpace='named', contrast=1.0, depth=-3.0, flipHoriz=False, flipVert=False, font='Arial', fontFiles=[], height=0.03, italic=False, languageStyle='LTR', name='instructions_2_continue', opacity=1.0, ori=0, pos=array([ 0. , -0.4]), rgb=array([0., 0., 0.]), text=str(...), units='height', win=Window(...), wrapWidth=1)
24.3907 	EXP 	Created enc_instructions_3_text = TextStim(__class__=<class 'psychopy.visual.text.TextStim'>, alignHoriz=method-wrapper(...), alignText='center', alignVert=method-wrapper(...), anchorHoriz='center', anchorVert='center', antialias=True, autoLog=True, bold=False, color='black', colorSpace='named', contrast=1.0, depth=0.0, flipHoriz=False, flipVert=False, font='Arial', fontFiles=[], height=0.04, italic=False, languageStyle='LTR', name='enc_instructions_3_text', opacity=1.0, ori=0, pos=array([0., 0.]), rgb=array([0., 0., 0.]), text=str(...), units='height', win=Window(...), wrapWidth=1)
24.3953 	EXP 	Created enc_instructions_3_continue = TextStim(__class__=<class 'psychopy.visual.text.TextStim'>, alignHoriz=method-wrapper(...), alignText='center', alignVert=method-wrapper(...), anchorHoriz='center', anchorVert='center', antialias=True, autoLog=True, bold=False, color='black', colorSpace='named', contrast=1.0, depth=-2.0, flipHoriz=False, flipVert=False, font='Arial', fontFiles=[], height=0.03, italic=False, languageStyle='LTR', name='enc_instructions_3_continue', opacity=1.0, ori=0, pos=array([ 0. , -0.4]), rgb=array([0., 0., 0.]), text=str(...), units='height', win=Window(...), wrapWidth=1)
24.4093 	EXP 	Created start_practice_text = TextStim(__class__=<class 'psychopy.visual.text.TextStim'>, alignHoriz=method-wrapper(...), alignText='center', alignVert=method-wrapper(...), anchorHoriz='center', anchorVert='center', antialias=True, autoLog=True, bold=False, color='black', colorSpace='named', contrast=1.0, depth=0.0, flipHoriz=False, flipVert=False, font='Arial', fontFiles=[], height=0.1, italic=False, languageStyle='LTR', name='start_practice_text', opacity=1.0, ori=0, pos=array([0., 0.]), rgb=array([0., 0., 0.]), text='Kezdődik a gyakorlás...', units='height', win=Window(...), wrapWidth=1)
24.5065 	EXP 	Created enc_practice_fx_interior = ImageStim(__class__=<class 'psychopy.visual.image.ImageStim'>, autoLog=True, color=array([1., 1., 1.]), colorSpace='rgb', contrast=1.0, depth=0.0, flipHoriz=False, flipVert=False, image='stimuli/GalleryInterior.png', interpolate=True, mask=None, maskParams=None, name='enc_practice_fx_interior', opacity=1.0, ori=0.0, pos=array([0., 0.]), size=array([2., 2.]), texRes=128, units='norm', win=Window(...))
24.5110 	EXP 	Created enc_practice_fx_cross = TextStim(__class__=<class 'psychopy.visual.text.TextStim'>, alignHoriz=method-wrapper(...), alignText='center', alignVert=method-wrapper(...), anchorHoriz='center', anchorVert='center', antialias=True, autoLog=True, bold=False, color='black', colorSpace='named', contrast=1.0, depth=-1.0, flipHoriz=False, flipVert=False, font='Arial', fontFiles=[], height=0.1, italic=False, languageStyle='LTR', name='enc_practice_fx_cross', opacity=1.0, ori=0, pos=array([0., 0.]), rgb=array([0., 0., 0.]), text='+', units='norm', win=Window(...), wrapWidth=1)
24.6100 	EXP 	Created enc_practice_trial_interior = ImageStim(__class__=<class 'psychopy.visual.image.ImageStim'>, autoLog=True, color=array([1., 1., 1.]), colorSpace='rgb', contrast=1.0, depth=-1.0, flipHoriz=False, flipVert=False, image='stimuli/GalleryInterior.png', interpolate=True, mask=None, maskParams=None, name='enc_practice_trial_interior', opacity=1.0, ori=0.0, pos=array([0., 0.]), size=array([2., 2.]), texRes=128, units='norm', win=Window(...))
24.6138 	EXP 	Created enc_practice_trial_main_image = ImageStim(__class__=<class 'psychopy.visual.image.ImageStim'>, autoLog=True, color=array([1., 1., 1.]), colorSpace='rgb', contrast=1.0, depth=-2.0, flipHoriz=False, flipVert=False, image='sin', interpolate=True, mask=None, maskParams=None, name='enc_practice_trial_main_image', opacity=1.0, ori=0.0, pos=array([0., 0.]), size=array([1., 1.]), texRes=128, units='norm', win=Window(...))
24.7110 	EXP 	Created enc_practice_feedback_interior = ImageStim(__class__=<class 'psychopy.visual.image.ImageStim'>, autoLog=True, color=array([1., 1., 1.]), colorSpace='rgb', contrast=1.0, depth=-1.0, flipHoriz=False, flipVert=False, image='stimuli/GalleryInterior.png', interpolate=True, mask=None, maskParams=None, name='enc_practice_feedback_interior', opacity=1.0, ori=0.0, pos=array([0., 0.]), size=array([2., 2.]), texRes=128, units='norm', win=Window(...))
24.7134 	EXP 	Created enc_practice_feedback_image = ImageStim(__class__=<class 'psychopy.visual.image.ImageStim'>, autoLog=True, color=array([1., 1., 1.]), colorSpace='rgb', contrast=1.0, depth=-2.0, flipHoriz=False, flipVert=False, image='sin', interpolate=True, mask=None, maskParams=None, name='enc_practice_feedback_image', opacity=1.0, ori=0.0, pos=array([0., 0.]), size=array([1., 1.]), texRes=128, units='norm', win=Window(...))
24.7205 	EXP 	Created enc_practice_feedback_text = TextStim(__class__=<class 'psychopy.visual.text.TextStim'>, alignHoriz=method-wrapper(...), alignText='center', alignVert=method-wrapper(...), anchorHoriz='center', anchorVert='center', antialias=True, autoLog=True, bold=False, color='black', colorSpace='named', contrast=1.0, depth=-3.0, flipHoriz=False, flipVert=False, font='Arial', fontFiles=[], height=0.05, italic=False, languageStyle='LTR', name='enc_practice_feedback_text', opacity=1.0, ori=0, pos=array([0., 0.]), rgb=array([0., 0., 0.]), text='default text', units='norm', win=Window(...), wrapWidth=1)
24.7362 	EXP 	Created end_practice_text = TextStim(__class__=<class 'psychopy.visual.text.TextStim'>, alignHoriz=method-wrapper(...), alignText='center', alignVert=method-wrapper(...), anchorHoriz='center', anchorVert='center', antialias=True, autoLog=True, bold=False, color='black', colorSpace='named', contrast=1.0, depth=0.0, flipHoriz=False, flipVert=False, font='Arial', fontFiles=[], height=0.05, italic=False, languageStyle='LTR', name='end_practice_text', opacity=1.0, ori=0, pos=array([0., 0.]), rgb=array([0., 0., 0.]), text=str(...), units='height', win=Window(...), wrapWidth=0.8)
24.7422 	EXP 	Created end_practice_continue = TextStim(__class__=<class 'psychopy.visual.text.TextStim'>, alignHoriz=method-wrapper(...), alignText='center', alignVert=method-wrapper(...), anchorHoriz='center', anchorVert='center', antialias=True, autoLog=True, bold=False, color='black', colorSpace='named', contrast=1.0, depth=-2.0, flipHoriz=False, flipVert=False, font='Arial', fontFiles=[], height=0.03, italic=False, languageStyle='LTR', name='end_practice_continue', opacity=1.0, ori=0, pos=array([ 0. , -0.4]), rgb=array([0., 0., 0.]), text=str(...), units='height', win=Window(...), wrapWidth=1)
24.7737 	EXP 	Created start_MR_text = TextStim(__class__=<class 'psychopy.visual.text.TextStim'>, alignHoriz=method-wrapper(...), alignText='center', alignVert=method-wrapper(...), anchorHoriz='center', anchorVert='center', antialias=True, autoLog=True, bold=False, color='black', colorSpace='named', contrast=1.0, depth=0.0, flipHoriz=False, flipVert=False, font='Arial', fontFiles=[], height=0.3, italic=False, languageStyle='LTR', name='start_MR_text', opacity=1.0, ori=0, pos=array([0., 0.]), rgb=array([0., 0., 0.]), text='A vizsgálatvezető indítja a szkennert...', units='norm', win=Window(...), wrapWidth=1)
24.7840 	EXP 	Created start_enc_run_text = TextStim(__class__=<class 'psychopy.visual.text.TextStim'>, alignHoriz=method-wrapper(...), alignText='center', alignVert=method-wrapper(...), anchorHoriz='center', anchorVert='center', antialias=True, autoLog=True, bold=False, color='black', colorSpace='named', contrast=1.0, depth=-2.0, flipHoriz=False, flipVert=False, font='Arial', fontFiles=[], height=0.06, italic=False, languageStyle='LTR', name='start_enc_run_text', opacity=1.0, ori=0, pos=array([0., 0.]), rgb=array([0., 0., 0.]), text='Kezdődik a feladat...', units='height', win=Window(...), wrapWidth=1)
24.8814 	EXP 	Created enc_fx_interior = ImageStim(__class__=<class 'psychopy.visual.image.ImageStim'>, autoLog=True, color=array([1., 1., 1.]), colorSpace='rgb', contrast=1.0, depth=0.0, flipHoriz=False, flipVert=False, image='stimuli/GalleryInterior.png', interpolate=True, mask=None, maskParams=None, name='enc_fx_interior', opacity=1.0, ori=0.0, pos=array([0., 0.]), size=array([2., 2.]), texRes=128, units='norm', win=Window(...))
24.8835 	EXP 	Created enc_fx_cross = TextStim(__class__=<class 'psychopy.visual.text.TextStim'>, alignHoriz=method-wrapper(...), alignText='center', alignVert=method-wrapper(...), anchorHoriz='center', anchorVert='center', antialias=True, autoLog=True, bold=False, color='black', colorSpace='named', contrast=1.0, depth=-1.0, flipHoriz=False, flipVert=False, font='Arial', fontFiles=[], height=0.1, italic=False, languageStyle='LTR', name='enc_fx_cross', opacity=1.0, ori=0, pos=array([0., 0.]), rgb=array([0., 0., 0.]), text='+', units='norm', win=Window(...), wrapWidth=1)
24.9808 	EXP 	Created enc_trial_interior = ImageStim(__class__=<class 'psychopy.visual.image.ImageStim'>, autoLog=True, color=array([1., 1., 1.]), colorSpace='rgb', contrast=1.0, depth=-1.0, flipHoriz=False, flipVert=False, image='stimuli/GalleryInterior.png', interpolate=True, mask=None, maskParams=None, name='enc_trial_interior', opacity=1.0, ori=0.0, pos=array([0., 0.]), size=array([2., 2.]), texRes=128, units='norm', win=Window(...))
24.9831 	EXP 	Created enc_trial_main_image = ImageStim(__class__=<class 'psychopy.visual.image.ImageStim'>, autoLog=True, color=array([1., 1., 1.]), colorSpace='rgb', contrast=1.0, depth=-2.0, flipHoriz=False, flipVert=False, image='sin', interpolate=True, mask=None, maskParams=None, name='enc_trial_main_image', opacity=1.0, ori=0.0, pos=array([0., 0.]), size=array([1., 1.]), texRes=128, units='norm', win=Window(...))
24.9858 	EXP 	Created end_enc_run_text = TextStim(__class__=<class 'psychopy.visual.text.TextStim'>, alignHoriz=method-wrapper(...), alignText='center', alignVert=method-wrapper(...), anchorHoriz='center', anchorVert='center', antialias=True, autoLog=True, bold=False, color='black', colorSpace='named', contrast=1.0, depth=0.0, flipHoriz=False, flipVert=False, font='Arial', fontFiles=[], height=0.06, italic=False, languageStyle='LTR', name='end_enc_run_text', opacity=1.0, ori=0, pos=array([0., 0.]), rgb=array([0., 0., 0.]), text='default text', units='height', win=Window(...), wrapWidth=1)
24.9938 	EXP 	Created enc_run_end_continue = TextStim(__class__=<class 'psychopy.visual.text.TextStim'>, alignHoriz=method-wrapper(...), alignText='center', alignVert=method-wrapper(...), anchorHoriz='center', anchorVert='center', antialias=True, autoLog=True, bold=False, color='black', colorSpace='named', contrast=1.0, depth=-2.0, flipHoriz=False, flipVert=False, font='Arial', fontFiles=[], height=0.03, italic=False, languageStyle='LTR', name='enc_run_end_continue', opacity=1.0, ori=0, pos=array([ 0. , -0.4]), rgb=array([0., 0., 0.]), text=str(...), units='height', win=Window(...), wrapWidth=1)
24.9972 	EXP 	Created inter_task_break_text = TextStim(__class__=<class 'psychopy.visual.text.TextStim'>, alignHoriz=method-wrapper(...), alignText='center', alignVert=method-wrapper(...), anchorHoriz='center', anchorVert='center', antialias=True, autoLog=True, bold=False, color='black', colorSpace='named', contrast=1.0, depth=0.0, flipHoriz=False, flipVert=False, font='Arial', fontFiles=[], height=0.03, italic=False, languageStyle='LTR', name='inter_task_break_text', opacity=1.0, ori=0, pos=array([0., 0.]), rgb=array([0., 0., 0.]), text='Most kivesszük Önt a szkennerből.', units='height', win=Window(...), wrapWidth=1)
25.0926 	EXP 	start_encoding_text: text = 'Első feladat\nGaléria berendezés'
25.0926 	EXP 	start_encoding_text: autoDraw = True
26.5303 	EXP 	start_encoding_text: autoDraw = False
26.5303 	EXP 	enc_instructions_1_text: autoDraw = True
26.5303 	EXP 	enc_instructions_1_image: autoDraw = True
31.4970 	EXP 	instructions_1_continue: autoDraw = True
32.8182 	DATA 	Keypress: d
32.8470 	EXP 	enc_instructions_1_text: autoDraw = False
32.8470 	EXP 	enc_instructions_1_image: autoDraw = False
32.8470 	EXP 	instructions_1_continue: autoDraw = False
32.8470 	EXP 	enc_instructions_2_text: autoDraw = True
32.8470 	EXP 	enc_instructions_2_image: autoDraw = True
37.8302 	EXP 	instructions_2_continue: autoDraw = True
38.5530 	DATA 	Keypress: d
38.5635 	EXP 	enc_instructions_2_text: autoDraw = False
38.5635 	EXP 	enc_instructions_2_image: autoDraw = False
38.5635 	EXP 	instructions_2_continue: autoDraw = False
38.5635 	EXP 	enc_instructions_3_text: autoDraw = True
43.5467 	EXP 	enc_instructions_3_continue: autoDraw = True
44.3861 	DATA 	Keypress: d
44.3968 	EXP 	enc_instructions_3_text: autoDraw = False
44.3968 	EXP 	enc_instructions_3_continue: autoDraw = False
44.3968 	EXP 	start_practice_text: autoDraw = True
45.4008 	EXP 	Imported stimuli_tables/encoding_practice_trials.csv as conditions, 9 conditions, 9 params
45.4010 	EXP 	Created sequence: sequential, trialTypes=9, nReps=1, seed=None
45.4012 	EXP 	New trial (rep=0, index=0): OrderedDict([('Task', 'EncodingPractice'), ('TrialType', 'OBJ'), ('StimType', 'LURE'), ('Order', 1), ('CurrentImage', 'stimuli/fractals/166a.jpg'), ('CurrentX', -0.0781), ('CurrentY', 0.4167), ('Jitter', 1500), ('Section', 'Encoding')])
45.4301 	EXP 	start_practice_text: autoDraw = False
45.4301 	EXP 	start_practice_text: autoDraw = False
45.4301 	EXP 	enc_practice_fx_cross: pos = array([-0.0781,  0.4167])
45.4301 	EXP 	enc_practice_fx_interior: autoDraw = True
45.4301 	EXP 	enc_practice_fx_cross: autoDraw = True
46.9797 	EXP 	enc_practice_fx_interior: autoDraw = False
46.9797 	EXP 	enc_practice_fx_cross: autoDraw = False
46.9797 	EXP 	enc_practice_fx_interior: autoDraw = False
46.9797 	EXP 	enc_practice_fx_cross: autoDraw = False
46.9797 	EXP 	enc_practice_trial_main_image: pos = array([-0.0781,  0.4167])
46.9797 	EXP 	enc_practice_trial_main_image: size = array([0.3125    , 0.55555556])
46.9797 	EXP 	enc_practice_trial_main_image: image = 'stimuli/fractals/166a.jpg'
46.9797 	EXP 	enc_practice_trial_interior: autoDraw = True
46.9797 	EXP 	enc_practice_trial_main_image: autoDraw = True
48.0170 	DATA 	Keypress: c
49.9797 	EXP 	enc_practice_trial_interior: autoDraw = False
49.9797 	EXP 	enc_practice_trial_main_image: autoDraw = False
49.9797 	EXP 	enc_practice_feedback_image: pos = array([-0.0781,  0.4167])
49.9797 	EXP 	enc_practice_feedback_image: size = array([0.3125    , 0.55555556])
49.9797 	EXP 	enc_practice_feedback_image: image = 'stimuli/fractals/166a.jpg'
49.9797 	EXP 	enc_practice_feedback_text: pos = array([-0.0781,  0.0167])
49.9797 	EXP 	enc_practice_feedback_text: text = 'Az Ön válasza:\nA kép marad.'
49.9797 	EXP 	enc_practice_feedback_interior: autoDraw = True
49.9797 	EXP 	enc_practice_feedback_image: autoDraw = True
49.9797 	EXP 	enc_practice_feedback_text: autoDraw = True
50.9305 	EXP 	New trial (rep=0, index=1): OrderedDict([('Task', 'EncodingPractice'), ('TrialType', 'OBJ'), ('StimType', 'TARGET'), ('Order', 1), ('CurrentImage', 'stimuli/fractals/167a.jpg'), ('CurrentX', 0.2344), ('CurrentY', 0.4167), ('Jitter', 500), ('Section', 'Encoding')])
50.9463 	EXP 	enc_practice_feedback_interior: autoDraw = False
50.9463 	EXP 	enc_practice_feedback_image: autoDraw = False
50.9463 	EXP 	enc_practice_feedback_text: autoDraw = False
50.9463 	EXP 	enc_practice_fx_cross: pos = array([0.2344, 0.4167])
50.9463 	EXP 	enc_practice_fx_interior: autoDraw = True
50.9463 	EXP 	enc_practice_fx_cross: autoDraw = True
51.4630 	EXP 	enc_practice_fx_interior: autoDraw = False
51.4630 	EXP 	enc_practice_fx_cross: autoDraw = False
51.4630 	EXP 	enc_practice_fx_interior: autoDraw = False
51.4630 	EXP 	enc_practice_fx_cross: autoDraw = False
51.4630 	EXP 	enc_practice_trial_main_image: pos = array([0.2344, 0.4167])
51.4630 	EXP 	enc_practice_trial_main_image: size = array([0.3125    , 0.55555556])
51.4630 	EXP 	enc_practice_trial_main_image: image = 'stimuli/fractals/167a.jpg'
51.4630 	EXP 	enc_practice_trial_interior: autoDraw = True
51.4630 	EXP 	enc_practice_trial_main_image: autoDraw = True
51.9339 	DATA 	Keypress: b
54.4629 	EXP 	enc_practice_trial_interior: autoDraw = False
54.4629 	EXP 	enc_practice_trial_main_image: autoDraw = False
54.4629 	EXP 	enc_practice_feedback_image: pos = array([0.2344, 0.4167])
54.4629 	EXP 	enc_practice_feedback_image: size = array([0.3125    , 0.55555556])
54.4629 	EXP 	enc_practice_feedback_image: image = 'stimuli/fractals/167a.jpg'
54.4629 	EXP 	enc_practice_feedback_text: pos = array([0.2344, 0.0167])
54.4629 	EXP 	enc_practice_feedback_text: text = 'Az Ön válasza:\nA kép nem marad.'
54.4629 	EXP 	enc_practice_feedback_interior: autoDraw = True
54.4629 	EXP 	enc_practice_feedback_image: autoDraw = True
54.4629 	EXP 	enc_practice_feedback_text: autoDraw = True
55.4468 	EXP 	New trial (rep=0, index=2): OrderedDict([('Task', 'EncodingPractice'), ('TrialType', 'OBJ'), ('StimType', 'FOIL'), ('Order', 1), ('CurrentImage', 'stimuli/fractals/149a.jpg'), ('CurrentX', 0.2344), ('CurrentY', -0.1389), ('Jitter', 1000), ('Section', 'Encoding')])
55.4629 	EXP 	enc_practice_feedback_interior: autoDraw = False
55.4629 	EXP 	enc_practice_feedback_image: autoDraw = False
55.4629 	EXP 	enc_practice_feedback_text: autoDraw = False
55.4629 	EXP 	enc_practice_fx_cross: pos = array([ 0.2344, -0.1389])
55.4629 	EXP 	enc_practice_fx_interior: autoDraw = True
55.4629 	EXP 	enc_practice_fx_cross: autoDraw = True
56.4962 	EXP 	enc_practice_fx_interior: autoDraw = False
56.4962 	EXP 	enc_practice_fx_cross: autoDraw = False
56.4962 	EXP 	enc_practice_fx_interior: autoDraw = False
56.4962 	EXP 	enc_practice_fx_cross: autoDraw = False
56.4962 	EXP 	enc_practice_trial_main_image: pos = array([ 0.2344, -0.1389])
56.4962 	EXP 	enc_practice_trial_main_image: size = array([0.3125    , 0.55555556])
56.4962 	EXP 	enc_practice_trial_main_image: image = 'stimuli/fractals/149a.jpg'
56.4962 	EXP 	enc_practice_trial_interior: autoDraw = True
56.4962 	EXP 	enc_practice_trial_main_image: autoDraw = True
56.8170 	DATA 	Keypress: c
59.4794 	EXP 	enc_practice_trial_interior: autoDraw = False
59.4794 	EXP 	enc_practice_trial_main_image: autoDraw = False
59.4794 	EXP 	enc_practice_feedback_image: pos = array([ 0.2344, -0.1389])
59.4794 	EXP 	enc_practice_feedback_image: size = array([0.3125    , 0.55555556])
59.4794 	EXP 	enc_practice_feedback_image: image = 'stimuli/fractals/149a.jpg'
59.4794 	EXP 	enc_practice_feedback_text: pos = array([ 0.2344, -0.5389])
59.4794 	EXP 	enc_practice_feedback_text: text = 'Az Ön válasza:\nA kép marad.'
59.4794 	EXP 	enc_practice_feedback_interior: autoDraw = True
59.4794 	EXP 	enc_practice_feedback_image: autoDraw = True
59.4794 	EXP 	enc_practice_feedback_text: autoDraw = True
60.4634 	EXP 	New trial (rep=0, index=3): OrderedDict([('Task', 'EncodingPractice'), ('TrialType', 'LOC'), ('StimType', 'FOIL'), ('Order', 1), ('CurrentImage', 'stimuli/fractals/148b.jpg'), ('CurrentX', 0.2344), ('CurrentY', -0.1389), ('Jitter', 1000), ('Section', 'Encoding')])
60.4794 	EXP 	enc_practice_feedback_interior: autoDraw = False
60.4794 	EXP 	enc_practice_feedback_image: autoDraw = False
60.4794 	EXP 	enc_practice_feedback_text: autoDraw = False
60.4794 	EXP 	enc_practice_fx_cross: pos = array([ 0.2344, -0.1389])
60.4794 	EXP 	enc_practice_fx_interior: autoDraw = True
60.4794 	EXP 	enc_practice_fx_cross: autoDraw = True
61.4961 	EXP 	enc_practice_fx_interior: autoDraw = False
61.4961 	EXP 	enc_practice_fx_cross: autoDraw = False
61.4961 	EXP 	enc_practice_fx_interior: autoDraw = False
61.4961 	EXP 	enc_practice_fx_cross: autoDraw = False
61.4961 	EXP 	enc_practice_trial_main_image: pos = array([ 0.2344, -0.1389])
61.4961 	EXP 	enc_practice_trial_main_image: size = array([0.3125    , 0.55555556])
61.4961 	EXP 	enc_practice_trial_main_image: image = 'stimuli/fractals/148b.jpg'
61.4961 	EXP 	enc_practice_trial_interior: autoDraw = True
61.4961 	EXP 	enc_practice_trial_main_image: autoDraw = True
62.0491 	DATA 	Keypress: b
64.4960 	EXP 	enc_practice_trial_interior: autoDraw = False
64.4960 	EXP 	enc_practice_trial_main_image: autoDraw = False
64.4960 	EXP 	enc_practice_feedback_image: pos = array([ 0.2344, -0.1389])
64.4960 	EXP 	enc_practice_feedback_image: size = array([0.3125    , 0.55555556])
64.4960 	EXP 	enc_practice_feedback_image: image = 'stimuli/fractals/148b.jpg'
64.4960 	EXP 	enc_practice_feedback_text: pos = array([ 0.2344, -0.5389])
64.4960 	EXP 	enc_practice_feedback_text: text = 'Az Ön válasza:\nA kép nem marad.'
64.4960 	EXP 	enc_practice_feedback_interior: autoDraw = True
64.4960 	EXP 	enc_practice_feedback_image: autoDraw = True
64.4960 	EXP 	enc_practice_feedback_text: autoDraw = True
65.4800 	EXP 	New trial (rep=0, index=4): OrderedDict([('Task', 'EncodingPractice'), ('TrialType', 'LOC'), ('StimType', 'LURE'), ('Order', 1), ('CurrentImage', 'stimuli/fractals/159a.jpg'), ('CurrentX', -0.3906), ('CurrentY', 0.4167), ('Jitter', 5000), ('Section', 'Encoding')])
65.4960 	EXP 	enc_practice_feedback_interior: autoDraw = False
65.4960 	EXP 	enc_practice_feedback_image: autoDraw = False
65.4960 	EXP 	enc_practice_feedback_text: autoDraw = False
65.4960 	EXP 	enc_practice_fx_cross: pos = array([-0.3906,  0.4167])
65.4960 	EXP 	enc_practice_fx_interior: autoDraw = True
65.4960 	EXP 	enc_practice_fx_cross: autoDraw = True
66.5000 	DATA 	Keypress: c
70.5292 	EXP 	enc_practice_fx_interior: autoDraw = False
70.5292 	EXP 	enc_practice_fx_cross: autoDraw = False
70.5292 	EXP 	enc_practice_fx_interior: autoDraw = False
70.5292 	EXP 	enc_practice_fx_cross: autoDraw = False
70.5292 	EXP 	enc_practice_trial_main_image: pos = array([-0.3906,  0.4167])
70.5292 	EXP 	enc_practice_trial_main_image: size = array([0.3125    , 0.55555556])
70.5292 	EXP 	enc_practice_trial_main_image: image = 'stimuli/fractals/159a.jpg'
70.5292 	EXP 	enc_practice_trial_interior: autoDraw = True
70.5292 	EXP 	enc_practice_trial_main_image: autoDraw = True
70.9659 	DATA 	Keypress: c
73.5291 	EXP 	enc_practice_trial_interior: autoDraw = False
73.5291 	EXP 	enc_practice_trial_main_image: autoDraw = False
73.5291 	EXP 	enc_practice_feedback_image: pos = array([-0.3906,  0.4167])
73.5291 	EXP 	enc_practice_feedback_image: size = array([0.3125    , 0.55555556])
73.5291 	EXP 	enc_practice_feedback_image: image = 'stimuli/fractals/159a.jpg'
73.5291 	EXP 	enc_practice_feedback_text: pos = array([-0.3906,  0.0167])
73.5291 	EXP 	enc_practice_feedback_text: text = 'Az Ön válasza:\nA kép marad.'
73.5291 	EXP 	enc_practice_feedback_interior: autoDraw = True
73.5291 	EXP 	enc_practice_feedback_image: autoDraw = True
73.5291 	EXP 	enc_practice_feedback_text: autoDraw = True
74.4963 	EXP 	New trial (rep=0, index=5): OrderedDict([('Task', 'EncodingPractice'), ('TrialType', 'OBJ'), ('StimType', 'LURE'), ('Order', 1), ('CurrentImage', 'stimuli/fractals/177b.jpg'), ('CurrentX', -0.3906), ('CurrentY', 0.4167), ('Jitter', 800), ('Section', 'Encoding')])
74.5124 	EXP 	enc_practice_feedback_interior: autoDraw = False
74.5124 	EXP 	enc_practice_feedback_image: autoDraw = False
74.5124 	EXP 	enc_practice_feedback_text: autoDraw = False
74.5124 	EXP 	enc_practice_fx_cross: pos = array([-0.3906,  0.4167])
74.5124 	EXP 	enc_practice_fx_interior: autoDraw = True
74.5124 	EXP 	enc_practice_fx_cross: autoDraw = True
75.3457 	EXP 	enc_practice_fx_interior: autoDraw = False
75.3457 	EXP 	enc_practice_fx_cross: autoDraw = False
75.3457 	EXP 	enc_practice_fx_interior: autoDraw = False
75.3457 	EXP 	enc_practice_fx_cross: autoDraw = False
75.3457 	EXP 	enc_practice_trial_main_image: pos = array([-0.3906,  0.4167])
75.3457 	EXP 	enc_practice_trial_main_image: size = array([0.3125    , 0.55555556])
75.3457 	EXP 	enc_practice_trial_main_image: image = 'stimuli/fractals/177b.jpg'
75.3457 	EXP 	enc_practice_trial_interior: autoDraw = True
75.3457 	EXP 	enc_practice_trial_main_image: autoDraw = True
76.4659 	DATA 	Keypress: c
78.3457 	EXP 	enc_practice_trial_interior: autoDraw = False
78.3457 	EXP 	enc_practice_trial_main_image: autoDraw = False
78.3457 	EXP 	enc_practice_feedback_image: pos = array([-0.3906,  0.4167])
78.3457 	EXP 	enc_practice_feedback_image: size = array([0.3125    , 0.55555556])
78.3457 	EXP 	enc_practice_feedback_image: image = 'stimuli/fractals/177b.jpg'
78.3457 	EXP 	enc_practice_feedback_text: pos = array([-0.3906,  0.0167])
78.3457 	EXP 	enc_practice_feedback_text: text = 'Az Ön válasza:\nA kép marad.'
78.3457 	EXP 	enc_practice_feedback_interior: autoDraw = True
78.3457 	EXP 	enc_practice_feedback_image: autoDraw = True
78.3457 	EXP 	enc_practice_feedback_text: autoDraw = True
79.3129 	EXP 	New trial (rep=0, index=6): OrderedDict([('Task', 'EncodingPractice'), ('TrialType', '-'), ('StimType', '-'), ('Order', 1), ('CurrentImage', 'stimuli/fractals/181c.jpg'), ('CurrentX', -0.0781), ('CurrentY', -0.1389), ('Jitter', 3000), ('Section', 'Encoding')])
79.3290 	EXP 	enc_practice_feedback_interior: autoDraw = False
79.3290 	EXP 	enc_practice_feedback_image: autoDraw = False
79.3290 	EXP 	enc_practice_feedback_text: autoDraw = False
79.3290 	EXP 	enc_practice_fx_cross: pos = array([-0.0781, -0.1389])
79.3290 	EXP 	enc_practice_fx_interior: autoDraw = True
79.3290 	EXP 	enc_practice_fx_cross: autoDraw = True
82.3622 	EXP 	enc_practice_fx_interior: autoDraw = False
82.3622 	EXP 	enc_practice_fx_cross: autoDraw = False
82.3622 	EXP 	enc_practice_fx_interior: autoDraw = False
82.3622 	EXP 	enc_practice_fx_cross: autoDraw = False
82.3622 	EXP 	enc_practice_trial_main_image: pos = array([-0.0781, -0.1389])
82.3622 	EXP 	enc_practice_trial_main_image: size = array([0.3125    , 0.55555556])
82.3622 	EXP 	enc_practice_trial_main_image: image = 'stimuli/fractals/181c.jpg'
82.3622 	EXP 	enc_practice_trial_interior: autoDraw = True
82.3622 	EXP 	enc_practice_trial_main_image: autoDraw = True
82.8330 	DATA 	Keypress: b
85.3622 	EXP 	enc_practice_trial_interior: autoDraw = False
85.3622 	EXP 	enc_practice_trial_main_image: autoDraw = False
85.3622 	EXP 	enc_practice_feedback_image: pos = array([-0.0781, -0.1389])
85.3622 	EXP 	enc_practice_feedback_image: size = array([0.3125    , 0.55555556])
85.3622 	EXP 	enc_practice_feedback_image: image = 'stimuli/fractals/181c.jpg'
85.3622 	EXP 	enc_practice_feedback_text: pos = array([-0.0781, -0.5389])
85.3622 	EXP 	enc_practice_feedback_text: text = 'Az Ön válasza:\nA kép nem marad.'
85.3622 	EXP 	enc_practice_feedback_interior: autoDraw = True
85.3622 	EXP 	enc_practice_feedback_image: autoDraw = True
85.3622 	EXP 	enc_practice_feedback_text: autoDraw = True
86.3294 	EXP 	New trial (rep=0, index=7): OrderedDict([('Task', 'EncodingPractice'), ('TrialType', '-'), ('StimType', '-'), ('Order', 1), ('CurrentImage', 'stimuli/fractals/163a.jpg'), ('CurrentX', -0.2344), ('CurrentY', -0.4167), ('Jitter', 800), ('Section', 'Encoding')])
86.3455 	EXP 	enc_practice_feedback_interior: autoDraw = False
86.3455 	EXP 	enc_practice_feedback_image: autoDraw = False
86.3455 	EXP 	enc_practice_feedback_text: autoDraw = False
86.3455 	EXP 	enc_practice_fx_cross: pos = array([-0.2344, -0.4167])
86.3455 	EXP 	enc_practice_fx_interior: autoDraw = True
86.3455 	EXP 	enc_practice_fx_cross: autoDraw = True
87.0660 	DATA 	Keypress: c
87.1788 	EXP 	enc_practice_fx_interior: autoDraw = False
87.1788 	EXP 	enc_practice_fx_cross: autoDraw = False
87.1788 	EXP 	enc_practice_fx_interior: autoDraw = False
87.1788 	EXP 	enc_practice_fx_cross: autoDraw = False
87.1788 	EXP 	enc_practice_trial_main_image: pos = array([-0.2344, -0.4167])
87.1788 	EXP 	enc_practice_trial_main_image: size = array([0.3125    , 0.55555556])
87.1788 	EXP 	enc_practice_trial_main_image: image = 'stimuli/fractals/163a.jpg'
87.1788 	EXP 	enc_practice_trial_interior: autoDraw = True
87.1788 	EXP 	enc_practice_trial_main_image: autoDraw = True
90.1788 	EXP 	enc_practice_trial_interior: autoDraw = False
90.1788 	EXP 	enc_practice_trial_main_image: autoDraw = False
90.1788 	EXP 	enc_practice_feedback_image: pos = array([-0.2344, -0.4167])
90.1788 	EXP 	enc_practice_feedback_image: size = array([0.3125    , 0.55555556])
90.1788 	EXP 	enc_practice_feedback_image: image = 'stimuli/fractals/163a.jpg'
90.1788 	EXP 	enc_practice_feedback_text: pos = array([-0.2344, -0.8167])
90.1788 	EXP 	enc_practice_feedback_text: text = 'Nem adott választ.'
90.1788 	EXP 	enc_practice_feedback_interior: autoDraw = True
90.1788 	EXP 	enc_practice_feedback_image: autoDraw = True
90.1788 	EXP 	enc_practice_feedback_text: autoDraw = True
91.1461 	EXP 	New trial (rep=0, index=8): OrderedDict([('Task', 'EncodingPractice'), ('TrialType', 'LOC'), ('StimType', 'TARGET'), ('Order', 1), ('CurrentImage', 'stimuli/fractals/166a.jpg'), ('CurrentX', -0.0781), ('CurrentY', 0.4167), ('Jitter', 1500), ('Section', 'Encoding')])
91.1622 	EXP 	enc_practice_feedback_interior: autoDraw = False
91.1622 	EXP 	enc_practice_feedback_image: autoDraw = False
91.1622 	EXP 	enc_practice_feedback_text: autoDraw = False
91.1622 	EXP 	enc_practice_fx_cross: pos = array([-0.0781,  0.4167])
91.1622 	EXP 	enc_practice_fx_interior: autoDraw = True
91.1622 	EXP 	enc_practice_fx_cross: autoDraw = True
92.6788 	EXP 	enc_practice_fx_interior: autoDraw = False
92.6788 	EXP 	enc_practice_fx_cross: autoDraw = False
92.6788 	EXP 	enc_practice_fx_interior: autoDraw = False
92.6788 	EXP 	enc_practice_fx_cross: autoDraw = False
92.6788 	EXP 	enc_practice_trial_main_image: pos = array([-0.0781,  0.4167])
92.6788 	EXP 	enc_practice_trial_main_image: size = array([0.3125    , 0.55555556])
92.6788 	EXP 	enc_practice_trial_main_image: image = 'stimuli/fractals/166a.jpg'
92.6788 	EXP 	enc_practice_trial_interior: autoDraw = True
92.6788 	EXP 	enc_practice_trial_main_image: autoDraw = True
93.5988 	DATA 	Keypress: c
95.6954 	EXP 	enc_practice_trial_interior: autoDraw = False
95.6954 	EXP 	enc_practice_trial_main_image: autoDraw = False
95.6954 	EXP 	enc_practice_feedback_image: pos = array([-0.0781,  0.4167])
95.6954 	EXP 	enc_practice_feedback_image: size = array([0.3125    , 0.55555556])
95.6954 	EXP 	enc_practice_feedback_image: image = 'stimuli/fractals/166a.jpg'
95.6954 	EXP 	enc_practice_feedback_text: pos = array([-0.0781,  0.0167])
95.6954 	EXP 	enc_practice_feedback_text: text = 'Az Ön válasza:\nA kép marad.'
95.6954 	EXP 	enc_practice_feedback_interior: autoDraw = True
95.6954 	EXP 	enc_practice_feedback_image: autoDraw = True
95.6954 	EXP 	enc_practice_feedback_text: autoDraw = True
96.6787 	EXP 	enc_practice_feedback_interior: autoDraw = False
96.6787 	EXP 	enc_practice_feedback_image: autoDraw = False
96.6787 	EXP 	enc_practice_feedback_text: autoDraw = False
96.6787 	EXP 	end_practice_text: autoDraw = True
97.6620 	EXP 	end_practice_continue: autoDraw = True
99.2829 	EXP 	Created sequence: sequential, trialTypes=1, nReps=2, seed=None
99.2831 	EXP 	New trial (rep=0, index=0): None
99.2852 	DATA 	Keypress: d
99.2953 	EXP 	end_practice_text: autoDraw = False
99.2953 	EXP 	end_practice_continue: autoDraw = False
99.2953 	EXP 	start_MR_text: autoDraw = True
109.4694 	EXP 	window1: mouseVisible = True
