0.6944 	WARNING 	We strongly recommend you activate the PTB sound engine in PsychoPy prefs as the preferred audio engine. Its timing is vastly superior. Your prefs are currently set to use ['sounddevice', 'PTB', 'pyo', 'pygame'] (in that order).
0.6945 	WARNING 	Requested audio device 'Speakers (Realtek HD Audio output)' that is not available on this hardware. The 'audioDevice' preference should be one of ['Hangszórók (Realtek(R) Audio)']
7.8369 	WARNING 	Monitor specification not found. Creating a temporary one...
8.6705 	EXP 	Created window1 = Window(allowGUI=False, allowStencil=False, args=UNKNOWN, autoLog=True, bitsMode=UNKNOWN, blendMode='avg', bpc=(8, 8, 8), color=array([0.804, 0.804, 0.961]), colorSpace='rgb', depthBits=8, fullscr=<method-wrapper '__getattribute__' of attributeSetter object at 0x0000024B8E283438>, gamma=None, gammaErrorPolicy='raise', kwargs=UNKNOWN, lms=UNKNOWN, monitor=<psychopy.monitors.calibTools.Monitor object at 0x0000024B8DE69E48>, multiSample=False, name='window1', numSamples=2, pos=[0.0, 0.0], screen=0, size=array([1920, 1080]), stencilBits=0, stereo=False, units='height', useFBO=True, useRetina=False, viewOri=0.0, viewPos=None, viewScale=None, waitBlanking=True, winType='pyglet')
8.6705 	EXP 	window1: recordFrameIntervals = False
8.8368 	EXP 	window1: recordFrameIntervals = True
9.0201 	EXP 	window1: recordFrameIntervals = False
9.1576 	EXP 	Created start_encoding_text = TextStim(__class__=<class 'psychopy.visual.text.TextStim'>, alignHoriz=method-wrapper(...), alignText='center', alignVert=method-wrapper(...), anchorHoriz='center', anchorVert='center', antialias=True, autoLog=True, bold=False, color='black', colorSpace='named', contrast=1.0, depth=0.0, flipHoriz=False, flipVert=False, font='Arial', fontFiles=[], height=0.1, italic=False, languageStyle='LTR', name='start_encoding_text', opacity=1.0, ori=0, pos=array([0., 0.]), rgb=array([0., 0., 0.]), text='default text', units='height', win=Window(...), wrapWidth=1)
9.1842 	EXP 	Created enc_instructions_1_text = TextStim(__class__=<class 'psychopy.visual.text.TextStim'>, alignHoriz=method-wrapper(...), alignText='center', alignVert=method-wrapper(...), anchorHoriz='center', anchorVert='center', antialias=True, autoLog=True, bold=False, color='black', colorSpace='named', contrast=1.0, depth=0.0, flipHoriz=False, flipVert=False, font='Arial', fontFiles=[], height=0.03, italic=False, languageStyle='LTR', name='enc_instructions_1_text', opacity=1.0, ori=0, pos=array([-0.3,  0. ]), rgb=array([0., 0., 0.]), text=str(...), units='height', win=Window(...), wrapWidth=0.65)
9.2368 	EXP 	Created enc_instructions_1_image = ImageStim(__class__=<class 'psychopy.visual.image.ImageStim'>, autoLog=True, color=array([1., 1., 1.]), colorSpace='rgb', contrast=1.0, depth=-1.0, flipHoriz=False, flipVert=False, image='stimuli/GalleryBuildingFromOutside.jpg', interpolate=True, mask=None, maskParams=None, name='enc_instructions_1_image', opacity=1.0, ori=0.0, pos=array([0.4688, 0.    ]), size=array([0.625 , 0.8333]), texRes=128, units='norm', win=Window(...))
9.2401 	EXP 	Created instructions_1_continue = TextStim(__class__=<class 'psychopy.visual.text.TextStim'>, alignHoriz=method-wrapper(...), alignText='center', alignVert=method-wrapper(...), anchorHoriz='center', anchorVert='center', antialias=True, autoLog=True, bold=False, color='black', colorSpace='named', contrast=1.0, depth=-3.0, flipHoriz=False, flipVert=False, font='Arial', fontFiles=[], height=0.03, italic=False, languageStyle='LTR', name='instructions_1_continue', opacity=1.0, ori=0, pos=array([ 0. , -0.4]), rgb=array([0., 0., 0.]), text=str(...), units='height', win=Window(...), wrapWidth=1)
9.2577 	EXP 	Created enc_instructions_2_text = TextStim(__class__=<class 'psychopy.visual.text.TextStim'>, alignHoriz=method-wrapper(...), alignText='center', alignVert=method-wrapper(...), anchorHoriz='center', anchorVert='center', antialias=True, autoLog=True, bold=False, color='black', colorSpace='named', contrast=1.0, depth=0.0, flipHoriz=False, flipVert=False, font='Arial', fontFiles=[], height=0.03, italic=False, languageStyle='LTR', name='enc_instructions_2_text', opacity=1.0, ori=0, pos=array([-0.35,  0.  ]), rgb=array([0., 0., 0.]), text=str(...), units='height', win=Window(...), wrapWidth=0.5)
9.3673 	EXP 	Created enc_instructions_2_image = ImageStim(__class__=<class 'psychopy.visual.image.ImageStim'>, autoLog=True, color=array([1., 1., 1.]), colorSpace='rgb', contrast=1.0, depth=-1.0, flipHoriz=False, flipVert=False, image='stimuli/GalleryInterior.png', interpolate=True, mask=None, maskParams=None, name='enc_instructions_2_image', opacity=1.0, ori=0.0, pos=array([0.4427, 0.    ]), size=array([0.7604, 0.8185]), texRes=128, units='norm', win=Window(...))
9.3700 	EXP 	Created instructions_2_continue = TextStim(__class__=<class 'psychopy.visual.text.TextStim'>, alignHoriz=method-wrapper(...), alignText='center', alignVert=method-wrapper(...), anchorHoriz='center', anchorVert='center', antialias=True, autoLog=True, bold=False, color='black', colorSpace='named', contrast=1.0, depth=-3.0, flipHoriz=False, flipVert=False, font='Arial', fontFiles=[], height=0.03, italic=False, languageStyle='LTR', name='instructions_2_continue', opacity=1.0, ori=0, pos=array([ 0. , -0.4]), rgb=array([0., 0., 0.]), text=str(...), units='height', win=Window(...), wrapWidth=1)
9.3957 	EXP 	Created enc_instructions_3_text = TextStim(__class__=<class 'psychopy.visual.text.TextStim'>, alignHoriz=method-wrapper(...), alignText='center', alignVert=method-wrapper(...), anchorHoriz='center', anchorVert='center', antialias=True, autoLog=True, bold=False, color='black', colorSpace='named', contrast=1.0, depth=0.0, flipHoriz=False, flipVert=False, font='Arial', fontFiles=[], height=0.04, italic=False, languageStyle='LTR', name='enc_instructions_3_text', opacity=1.0, ori=0, pos=array([0., 0.]), rgb=array([0., 0., 0.]), text=str(...), units='height', win=Window(...), wrapWidth=1)
9.3992 	EXP 	Created enc_instructions_3_continue = TextStim(__class__=<class 'psychopy.visual.text.TextStim'>, alignHoriz=method-wrapper(...), alignText='center', alignVert=method-wrapper(...), anchorHoriz='center', anchorVert='center', antialias=True, autoLog=True, bold=False, color='black', colorSpace='named', contrast=1.0, depth=-2.0, flipHoriz=False, flipVert=False, font='Arial', fontFiles=[], height=0.03, italic=False, languageStyle='LTR', name='enc_instructions_3_continue', opacity=1.0, ori=0, pos=array([ 0. , -0.4]), rgb=array([0., 0., 0.]), text=str(...), units='height', win=Window(...), wrapWidth=1)
9.4114 	EXP 	Created start_practice_text = TextStim(__class__=<class 'psychopy.visual.text.TextStim'>, alignHoriz=method-wrapper(...), alignText='center', alignVert=method-wrapper(...), anchorHoriz='center', anchorVert='center', antialias=True, autoLog=True, bold=False, color='black', colorSpace='named', contrast=1.0, depth=0.0, flipHoriz=False, flipVert=False, font='Arial', fontFiles=[], height=0.1, italic=False, languageStyle='LTR', name='start_practice_text', opacity=1.0, ori=0, pos=array([0., 0.]), rgb=array([0., 0., 0.]), text='Kezdődik a gyakorlás...', units='height', win=Window(...), wrapWidth=1)
9.5177 	EXP 	Created enc_practice_fx_interior = ImageStim(__class__=<class 'psychopy.visual.image.ImageStim'>, autoLog=True, color=array([1., 1., 1.]), colorSpace='rgb', contrast=1.0, depth=0.0, flipHoriz=False, flipVert=False, image='stimuli/GalleryInterior.png', interpolate=True, mask=None, maskParams=None, name='enc_practice_fx_interior', opacity=1.0, ori=0.0, pos=array([0., 0.]), size=array([2., 2.]), texRes=128, units='norm', win=Window(...))
9.5225 	EXP 	Created enc_practice_fx_cross = TextStim(__class__=<class 'psychopy.visual.text.TextStim'>, alignHoriz=method-wrapper(...), alignText='center', alignVert=method-wrapper(...), anchorHoriz='center', anchorVert='center', antialias=True, autoLog=True, bold=False, color='black', colorSpace='named', contrast=1.0, depth=-1.0, flipHoriz=False, flipVert=False, font='Arial', fontFiles=[], height=0.1, italic=False, languageStyle='LTR', name='enc_practice_fx_cross', opacity=1.0, ori=0, pos=array([0., 0.]), rgb=array([0., 0., 0.]), text='+', units='norm', win=Window(...), wrapWidth=1)
9.6278 	EXP 	Created enc_practice_trial_interior = ImageStim(__class__=<class 'psychopy.visual.image.ImageStim'>, autoLog=True, color=array([1., 1., 1.]), colorSpace='rgb', contrast=1.0, depth=-1.0, flipHoriz=False, flipVert=False, image='stimuli/GalleryInterior.png', interpolate=True, mask=None, maskParams=None, name='enc_practice_trial_interior', opacity=1.0, ori=0.0, pos=array([0., 0.]), size=array([2., 2.]), texRes=128, units='norm', win=Window(...))
9.6322 	EXP 	Created enc_practice_trial_main_image = ImageStim(__class__=<class 'psychopy.visual.image.ImageStim'>, autoLog=True, color=array([1., 1., 1.]), colorSpace='rgb', contrast=1.0, depth=-2.0, flipHoriz=False, flipVert=False, image='sin', interpolate=True, mask=None, maskParams=None, name='enc_practice_trial_main_image', opacity=1.0, ori=0.0, pos=array([0., 0.]), size=array([1., 1.]), texRes=128, units='norm', win=Window(...))
9.7403 	EXP 	Created enc_practice_feedback_interior = ImageStim(__class__=<class 'psychopy.visual.image.ImageStim'>, autoLog=True, color=array([1., 1., 1.]), colorSpace='rgb', contrast=1.0, depth=-1.0, flipHoriz=False, flipVert=False, image='stimuli/GalleryInterior.png', interpolate=True, mask=None, maskParams=None, name='enc_practice_feedback_interior', opacity=1.0, ori=0.0, pos=array([0., 0.]), size=array([2., 2.]), texRes=128, units='norm', win=Window(...))
9.7438 	EXP 	Created enc_practice_feedback_image = ImageStim(__class__=<class 'psychopy.visual.image.ImageStim'>, autoLog=True, color=array([1., 1., 1.]), colorSpace='rgb', contrast=1.0, depth=-2.0, flipHoriz=False, flipVert=False, image='sin', interpolate=True, mask=None, maskParams=None, name='enc_practice_feedback_image', opacity=1.0, ori=0.0, pos=array([0., 0.]), size=array([1., 1.]), texRes=128, units='norm', win=Window(...))
9.7502 	EXP 	Created enc_practice_feedback_text = TextStim(__class__=<class 'psychopy.visual.text.TextStim'>, alignHoriz=method-wrapper(...), alignText='center', alignVert=method-wrapper(...), anchorHoriz='center', anchorVert='center', antialias=True, autoLog=True, bold=False, color='black', colorSpace='named', contrast=1.0, depth=-3.0, flipHoriz=False, flipVert=False, font='Arial', fontFiles=[], height=0.05, italic=False, languageStyle='LTR', name='enc_practice_feedback_text', opacity=1.0, ori=0, pos=array([0., 0.]), rgb=array([0., 0., 0.]), text='default text', units='norm', win=Window(...), wrapWidth=1)
9.7644 	EXP 	Created end_practice_text = TextStim(__class__=<class 'psychopy.visual.text.TextStim'>, alignHoriz=method-wrapper(...), alignText='center', alignVert=method-wrapper(...), anchorHoriz='center', anchorVert='center', antialias=True, autoLog=True, bold=False, color='black', colorSpace='named', contrast=1.0, depth=0.0, flipHoriz=False, flipVert=False, font='Arial', fontFiles=[], height=0.05, italic=False, languageStyle='LTR', name='end_practice_text', opacity=1.0, ori=0, pos=array([0., 0.]), rgb=array([0., 0., 0.]), text=str(...), units='height', win=Window(...), wrapWidth=0.8)
9.7704 	EXP 	Created end_practice_continue = TextStim(__class__=<class 'psychopy.visual.text.TextStim'>, alignHoriz=method-wrapper(...), alignText='center', alignVert=method-wrapper(...), anchorHoriz='center', anchorVert='center', antialias=True, autoLog=True, bold=False, color='black', colorSpace='named', contrast=1.0, depth=-2.0, flipHoriz=False, flipVert=False, font='Arial', fontFiles=[], height=0.03, italic=False, languageStyle='LTR', name='end_practice_continue', opacity=1.0, ori=0, pos=array([ 0. , -0.4]), rgb=array([0., 0., 0.]), text=str(...), units='height', win=Window(...), wrapWidth=1)
9.7769 	EXP 	Created start_MR_text = TextStim(__class__=<class 'psychopy.visual.text.TextStim'>, alignHoriz=method-wrapper(...), alignText='center', alignVert=method-wrapper(...), anchorHoriz='center', anchorVert='center', antialias=True, autoLog=True, bold=False, color='black', colorSpace='named', contrast=1.0, depth=0.0, flipHoriz=False, flipVert=False, font='Arial', fontFiles=[], height=0.1, italic=False, languageStyle='LTR', name='start_MR_text', opacity=1.0, ori=0, pos=array([0., 0.]), rgb=array([0., 0., 0.]), text='A vizsgálatvezető indítja a szkennert...', units='norm', win=Window(...), wrapWidth=1)
9.7866 	EXP 	Created start_enc_run_text = TextStim(__class__=<class 'psychopy.visual.text.TextStim'>, alignHoriz=method-wrapper(...), alignText='center', alignVert=method-wrapper(...), anchorHoriz='center', anchorVert='center', antialias=True, autoLog=True, bold=False, color='black', colorSpace='named', contrast=1.0, depth=-2.0, flipHoriz=False, flipVert=False, font='Arial', fontFiles=[], height=0.06, italic=False, languageStyle='LTR', name='start_enc_run_text', opacity=1.0, ori=0, pos=array([0., 0.]), rgb=array([0., 0., 0.]), text='Kezdődik a feladat...', units='height', win=Window(...), wrapWidth=1)
9.8918 	EXP 	Created enc_fx_interior = ImageStim(__class__=<class 'psychopy.visual.image.ImageStim'>, autoLog=True, color=array([1., 1., 1.]), colorSpace='rgb', contrast=1.0, depth=0.0, flipHoriz=False, flipVert=False, image='stimuli/GalleryInterior.png', interpolate=True, mask=None, maskParams=None, name='enc_fx_interior', opacity=1.0, ori=0.0, pos=array([0., 0.]), size=array([2., 2.]), texRes=128, units='norm', win=Window(...))
9.8935 	EXP 	Created enc_fx_cross = TextStim(__class__=<class 'psychopy.visual.text.TextStim'>, alignHoriz=method-wrapper(...), alignText='center', alignVert=method-wrapper(...), anchorHoriz='center', anchorVert='center', antialias=True, autoLog=True, bold=False, color='black', colorSpace='named', contrast=1.0, depth=-1.0, flipHoriz=False, flipVert=False, font='Arial', fontFiles=[], height=0.1, italic=False, languageStyle='LTR', name='enc_fx_cross', opacity=1.0, ori=0, pos=array([0., 0.]), rgb=array([0., 0., 0.]), text='+', units='norm', win=Window(...), wrapWidth=1)
9.9993 	EXP 	Created enc_trial_interior = ImageStim(__class__=<class 'psychopy.visual.image.ImageStim'>, autoLog=True, color=array([1., 1., 1.]), colorSpace='rgb', contrast=1.0, depth=-1.0, flipHoriz=False, flipVert=False, image='stimuli/GalleryInterior.png', interpolate=True, mask=None, maskParams=None, name='enc_trial_interior', opacity=1.0, ori=0.0, pos=array([0., 0.]), size=array([2., 2.]), texRes=128, units='norm', win=Window(...))
10.0028 	EXP 	Created enc_trial_main_image = ImageStim(__class__=<class 'psychopy.visual.image.ImageStim'>, autoLog=True, color=array([1., 1., 1.]), colorSpace='rgb', contrast=1.0, depth=-2.0, flipHoriz=False, flipVert=False, image='sin', interpolate=True, mask=None, maskParams=None, name='enc_trial_main_image', opacity=1.0, ori=0.0, pos=array([0., 0.]), size=array([1., 1.]), texRes=128, units='norm', win=Window(...))
10.0059 	EXP 	Created end_enc_run_text = TextStim(__class__=<class 'psychopy.visual.text.TextStim'>, alignHoriz=method-wrapper(...), alignText='center', alignVert=method-wrapper(...), anchorHoriz='center', anchorVert='center', antialias=True, autoLog=True, bold=False, color='black', colorSpace='named', contrast=1.0, depth=0.0, flipHoriz=False, flipVert=False, font='Arial', fontFiles=[], height=0.06, italic=False, languageStyle='LTR', name='end_enc_run_text', opacity=1.0, ori=0, pos=array([0., 0.]), rgb=array([0., 0., 0.]), text='default text', units='height', win=Window(...), wrapWidth=1)
10.0136 	EXP 	Created enc_run_end_continue = TextStim(__class__=<class 'psychopy.visual.text.TextStim'>, alignHoriz=method-wrapper(...), alignText='center', alignVert=method-wrapper(...), anchorHoriz='center', anchorVert='center', antialias=True, autoLog=True, bold=False, color='black', colorSpace='named', contrast=1.0, depth=-2.0, flipHoriz=False, flipVert=False, font='Arial', fontFiles=[], height=0.03, italic=False, languageStyle='LTR', name='enc_run_end_continue', opacity=1.0, ori=0, pos=array([ 0. , -0.4]), rgb=array([0., 0., 0.]), text=str(...), units='height', win=Window(...), wrapWidth=1)
10.0171 	EXP 	Created inter_task_break_text = TextStim(__class__=<class 'psychopy.visual.text.TextStim'>, alignHoriz=method-wrapper(...), alignText='center', alignVert=method-wrapper(...), anchorHoriz='center', anchorVert='center', antialias=True, autoLog=True, bold=False, color='black', colorSpace='named', contrast=1.0, depth=0.0, flipHoriz=False, flipVert=False, font='Arial', fontFiles=[], height=0.03, italic=False, languageStyle='LTR', name='inter_task_break_text', opacity=1.0, ori=0, pos=array([0., 0.]), rgb=array([0., 0., 0.]), text='Most kivesszük Önt a szkennerből.', units='height', win=Window(...), wrapWidth=1)
10.0843 	EXP 	start_encoding_text: text = 'Első feladat\nGaléria berendezés'
10.0843 	EXP 	start_encoding_text: autoDraw = True
11.5366 	EXP 	start_encoding_text: autoDraw = False
11.5366 	EXP 	enc_instructions_1_text: autoDraw = True
11.5366 	EXP 	enc_instructions_1_image: autoDraw = True
16.5032 	EXP 	instructions_1_continue: autoDraw = True
16.8606 	DATA 	Keypress: d
16.8699 	EXP 	enc_instructions_1_text: autoDraw = False
16.8699 	EXP 	enc_instructions_1_image: autoDraw = False
16.8699 	EXP 	instructions_1_continue: autoDraw = False
16.8699 	EXP 	enc_instructions_2_text: autoDraw = True
16.8699 	EXP 	enc_instructions_2_image: autoDraw = True
21.8531 	EXP 	instructions_2_continue: autoDraw = True
22.3262 	DATA 	Keypress: d
22.3364 	EXP 	enc_instructions_2_text: autoDraw = False
22.3364 	EXP 	enc_instructions_2_image: autoDraw = False
22.3364 	EXP 	instructions_2_continue: autoDraw = False
22.3364 	EXP 	enc_instructions_3_text: autoDraw = True
27.3196 	EXP 	enc_instructions_3_continue: autoDraw = True
27.9932 	DATA 	Keypress: d
28.0031 	EXP 	enc_instructions_3_text: autoDraw = False
28.0031 	EXP 	enc_instructions_3_continue: autoDraw = False
28.0031 	EXP 	start_practice_text: autoDraw = True
29.0229 	EXP 	Imported stimuli_tables/encoding_practice_trials.csv as conditions, 9 conditions, 9 params
29.0231 	EXP 	Created sequence: sequential, trialTypes=9, nReps=0, seed=None
29.0363 	EXP 	start_practice_text: autoDraw = False
29.0363 	EXP 	start_practice_text: autoDraw = False
29.0363 	EXP 	end_practice_text: autoDraw = True
30.0197 	EXP 	end_practice_continue: autoDraw = True
31.5404 	EXP 	Created sequence: sequential, trialTypes=1, nReps=2, seed=None
31.5406 	EXP 	New trial (rep=0, index=0): None
31.5426 	DATA 	Keypress: d
31.5530 	EXP 	end_practice_text: autoDraw = False
31.5530 	EXP 	end_practice_continue: autoDraw = False
31.5530 	EXP 	start_MR_text: autoDraw = True
32.1909 	DATA 	Keypress: s
32.2076 	EXP 	Added new global key event: get_current_trigger_time
32.2196 	EXP 	start_MR_text: autoDraw = False
32.2196 	EXP 	start_enc_run_text: autoDraw = True
32.5215 	DATA 	Keypress: s
32.5215 	EXP 	Global key event: get_current_trigger_time. Calling <function get_current_trigger_time at 0x0000024B8FC57840>.
32.8391 	DATA 	Keypress: s
32.8392 	EXP 	Global key event: get_current_trigger_time. Calling <function get_current_trigger_time at 0x0000024B8FC57840>.
33.1390 	DATA 	Keypress: s
33.1391 	EXP 	Global key event: get_current_trigger_time. Calling <function get_current_trigger_time at 0x0000024B8FC57840>.
33.4555 	DATA 	Keypress: s
33.4555 	EXP 	Global key event: get_current_trigger_time. Calling <function get_current_trigger_time at 0x0000024B8FC57840>.
33.7390 	DATA 	Keypress: s
33.7391 	EXP 	Global key event: get_current_trigger_time. Calling <function get_current_trigger_time at 0x0000024B8FC57840>.
34.0555 	DATA 	Keypress: s
34.0555 	EXP 	Global key event: get_current_trigger_time. Calling <function get_current_trigger_time at 0x0000024B8FC57840>.
34.6890 	DATA 	Keypress: s
34.6891 	EXP 	Global key event: get_current_trigger_time. Calling <function get_current_trigger_time at 0x0000024B8FC57840>.
35.0383 	DATA 	Keypress: s
35.0383 	EXP 	Global key event: get_current_trigger_time. Calling <function get_current_trigger_time at 0x0000024B8FC57840>.
35.2384 	EXP 	Imported stimuli_tables/encoding_trials_0.csv as conditions, 3 conditions, 20 params
35.2387 	EXP 	Created sequence: sequential, trialTypes=3, nReps=1, seed=None
35.2391 	EXP 	New trial (rep=0, index=0): OrderedDict([('TrialIndex', 1.0), ('Jitter', 2000.0), ('ScannerRun', 1.0), ('StimType', 'OLP'), ('Order', 1.0), ('Delay', 3.0), ('CurrentImage', 'stimuli/fractals/42c.jpg'), ('CurrentX', -0.234375), ('CurrentY', 0.1388888888888889), ('TripletMemberA', 'stimuli/fractals/42c.jpg'), ('TripletMemberB', 'stimuli/fractals/42b.jpg'), ('TripletMemberC', 'stimuli/fractals/42a.jpg'), ('Xcoordinate', -0.234375), ('Ycoordinate', 0.1388888888888889), ('Xcoordinate_lure1', -0.234375), ('Ycoordinate_lure1', -0.1388888888888889), ('Xcoordinate_lure2', -0.078125), ('Ycoordinate_lure2', 0.1388888888888889), ('Xcoordinate_foil', 0.234375), ('Ycoordinate_foil', -0.4166666666666667)])
35.2529 	EXP 	start_enc_run_text: autoDraw = False
35.2529 	EXP 	start_enc_run_text: autoDraw = False
35.2529 	EXP 	enc_fx_cross: pos = array([-0.234375  ,  0.13888889])
35.2529 	EXP 	enc_fx_interior: autoDraw = True
35.2529 	EXP 	enc_fx_cross: autoDraw = True
35.3410 	DATA 	Keypress: s
35.3411 	EXP 	Global key event: get_current_trigger_time. Calling <function get_current_trigger_time at 0x0000024B8FC57840>.
35.6565 	DATA 	Keypress: s
35.6565 	EXP 	Global key event: get_current_trigger_time. Calling <function get_current_trigger_time at 0x0000024B8FC57840>.
35.9563 	DATA 	Keypress: s
35.9564 	EXP 	Global key event: get_current_trigger_time. Calling <function get_current_trigger_time at 0x0000024B8FC57840>.
36.2241 	DATA 	Keypress: s
36.2242 	EXP 	Global key event: get_current_trigger_time. Calling <function get_current_trigger_time at 0x0000024B8FC57840>.
36.5240 	DATA 	Keypress: s
36.5241 	EXP 	Global key event: get_current_trigger_time. Calling <function get_current_trigger_time at 0x0000024B8FC57840>.
37.0910 	DATA 	Keypress: s
37.0911 	EXP 	Global key event: get_current_trigger_time. Calling <function get_current_trigger_time at 0x0000024B8FC57840>.
37.3191 	EXP 	enc_fx_interior: autoDraw = False
37.3191 	EXP 	enc_fx_cross: autoDraw = False
37.3191 	EXP 	enc_fx_interior: autoDraw = False
37.3191 	EXP 	enc_fx_cross: autoDraw = False
37.3191 	EXP 	enc_trial_main_image: pos = array([-0.234375  ,  0.13888889])
37.3191 	EXP 	enc_trial_main_image: size = array([0.3125    , 0.55555556])
37.3191 	EXP 	enc_trial_main_image: image = 'stimuli/fractals/42c.jpg'
37.3191 	EXP 	enc_trial_interior: autoDraw = True
37.3191 	EXP 	enc_trial_main_image: autoDraw = True
37.3897 	DATA 	Keypress: s
37.3898 	EXP 	Global key event: get_current_trigger_time. Calling <function get_current_trigger_time at 0x0000024B8FC57840>.
37.6737 	DATA 	Keypress: s
37.6738 	EXP 	Global key event: get_current_trigger_time. Calling <function get_current_trigger_time at 0x0000024B8FC57840>.
37.9738 	DATA 	Keypress: s
37.9739 	EXP 	Global key event: get_current_trigger_time. Calling <function get_current_trigger_time at 0x0000024B8FC57840>.
38.2563 	DATA 	Keypress: s
38.2563 	EXP 	Global key event: get_current_trigger_time. Calling <function get_current_trigger_time at 0x0000024B8FC57840>.
38.5237 	DATA 	Keypress: s
38.5238 	EXP 	Global key event: get_current_trigger_time. Calling <function get_current_trigger_time at 0x0000024B8FC57840>.
38.8064 	DATA 	Keypress: s
38.8064 	EXP 	Global key event: get_current_trigger_time. Calling <function get_current_trigger_time at 0x0000024B8FC57840>.
39.3897 	DATA 	Keypress: s
39.3898 	EXP 	Global key event: get_current_trigger_time. Calling <function get_current_trigger_time at 0x0000024B8FC57840>.
39.6897 	DATA 	Keypress: s
39.6898 	EXP 	Global key event: get_current_trigger_time. Calling <function get_current_trigger_time at 0x0000024B8FC57840>.
39.9897 	DATA 	Keypress: s
39.9898 	EXP 	Global key event: get_current_trigger_time. Calling <function get_current_trigger_time at 0x0000024B8FC57840>.
40.2540 	EXP 	New trial (rep=0, index=1): OrderedDict([('TrialIndex', 2.0), ('Jitter', 6000.0), ('ScannerRun', 1.0), ('StimType', 'OLP'), ('Order', 1.0), ('Delay', 3.0), ('CurrentImage', 'stimuli/fractals/64a.jpg'), ('CurrentX', -0.078125), ('CurrentY', 0.4166666666666667), ('TripletMemberA', 'stimuli/fractals/64a.jpg'), ('TripletMemberB', 'stimuli/fractals/64c.jpg'), ('TripletMemberC', 'stimuli/fractals/64b.jpg'), ('Xcoordinate', -0.078125), ('Ycoordinate', 0.4166666666666667), ('Xcoordinate_lure1', -0.234375), ('Ycoordinate_lure1', 0.4166666666666667), ('Xcoordinate_lure2', -0.078125), ('Ycoordinate_lure2', 0.1388888888888889), ('Xcoordinate_foil', -0.390625), ('Ycoordinate_foil', -0.4166666666666667)])
40.2691 	EXP 	enc_trial_interior: autoDraw = False
40.2691 	EXP 	enc_trial_main_image: autoDraw = False
40.2691 	EXP 	enc_fx_cross: pos = array([-0.078125  ,  0.41666667])
40.2691 	EXP 	enc_fx_interior: autoDraw = True
40.2691 	EXP 	enc_fx_cross: autoDraw = True
40.2760 	DATA 	Keypress: s
40.2761 	EXP 	Global key event: get_current_trigger_time. Calling <function get_current_trigger_time at 0x0000024B8FC57840>.
40.5740 	DATA 	Keypress: s
40.5741 	EXP 	Global key event: get_current_trigger_time. Calling <function get_current_trigger_time at 0x0000024B8FC57840>.
40.8740 	DATA 	Keypress: s
40.8741 	EXP 	Global key event: get_current_trigger_time. Calling <function get_current_trigger_time at 0x0000024B8FC57840>.
41.1566 	DATA 	Keypress: s
41.1566 	EXP 	Global key event: get_current_trigger_time. Calling <function get_current_trigger_time at 0x0000024B8FC57840>.
41.7564 	DATA 	Keypress: s
41.7564 	EXP 	Global key event: get_current_trigger_time. Calling <function get_current_trigger_time at 0x0000024B8FC57840>.
42.0565 	DATA 	Keypress: s
42.0565 	EXP 	Global key event: get_current_trigger_time. Calling <function get_current_trigger_time at 0x0000024B8FC57840>.
42.3744 	DATA 	Keypress: s
42.3746 	EXP 	Global key event: get_current_trigger_time. Calling <function get_current_trigger_time at 0x0000024B8FC57840>.
42.6565 	DATA 	Keypress: s
42.6565 	EXP 	Global key event: get_current_trigger_time. Calling <function get_current_trigger_time at 0x0000024B8FC57840>.
42.9240 	DATA 	Keypress: s
42.9241 	EXP 	Global key event: get_current_trigger_time. Calling <function get_current_trigger_time at 0x0000024B8FC57840>.
43.1906 	DATA 	Keypress: s
43.1907 	EXP 	Global key event: get_current_trigger_time. Calling <function get_current_trigger_time at 0x0000024B8FC57840>.
43.5066 	DATA 	Keypress: s
43.5066 	EXP 	Global key event: get_current_trigger_time. Calling <function get_current_trigger_time at 0x0000024B8FC57840>.
44.0740 	DATA 	Keypress: s
44.0741 	EXP 	Global key event: get_current_trigger_time. Calling <function get_current_trigger_time at 0x0000024B8FC57840>.
44.3745 	DATA 	Keypress: s
44.3746 	EXP 	Global key event: get_current_trigger_time. Calling <function get_current_trigger_time at 0x0000024B8FC57840>.
44.6395 	DATA 	Keypress: s
44.6396 	EXP 	Global key event: get_current_trigger_time. Calling <function get_current_trigger_time at 0x0000024B8FC57840>.
44.9395 	DATA 	Keypress: s
44.9395 	EXP 	Global key event: get_current_trigger_time. Calling <function get_current_trigger_time at 0x0000024B8FC57840>.
45.1400 	DATA 	Keypress: s
45.1401 	EXP 	Global key event: get_current_trigger_time. Calling <function get_current_trigger_time at 0x0000024B8FC57840>.
45.5906 	DATA 	Keypress: escape
45.7730 	EXP 	window1: mouseVisible = True
