0.6858 	WARNING 	We strongly recommend you activate the PTB sound engine in PsychoPy prefs as the preferred audio engine. Its timing is vastly superior. Your prefs are currently set to use ['sounddevice', 'PTB', 'pyo', 'pygame'] (in that order).
0.6859 	WARNING 	Requested audio device 'Speakers (Realtek HD Audio output)' that is not available on this hardware. The 'audioDevice' preference should be one of ['24P1W1 (NVIDIA High Definition ']
10.8494 	WARNING 	Monitor specification not found. Creating a temporary one...
11.7044 	EXP 	Created window1 = Window(allowGUI=False, allowStencil=False, args=UNKNOWN, autoLog=True, bitsMode=UNKNOWN, blendMode='avg', bpc=(8, 8, 8), color=array([0.804, 0.804, 0.961]), colorSpace='rgb', depthBits=8, fullscr=<method-wrapper '__getattribute__' of attributeSetter object at 0x00000133F2C1AA58>, gamma=None, gammaErrorPolicy='raise', kwargs=UNKNOWN, lms=UNKNOWN, monitor=<psychopy.monitors.calibTools.Monitor object at 0x00000133F2A347B8>, multiSample=False, name='window1', numSamples=2, pos=[0.0, 0.0], screen=0, size=array([1920, 1080]), stencilBits=0, stereo=False, units='height', useFBO=True, useRetina=False, viewOri=0.0, viewPos=None, viewScale=None, waitBlanking=True, winType='pyglet')
11.7045 	EXP 	window1: recordFrameIntervals = False
11.8707 	EXP 	window1: recordFrameIntervals = True
12.0540 	EXP 	window1: recordFrameIntervals = False
12.1873 	EXP 	Created start_encoding_text = TextStim(__class__=<class 'psychopy.visual.text.TextStim'>, alignHoriz=method-wrapper(...), alignText='center', alignVert=method-wrapper(...), anchorHoriz='center', anchorVert='center', antialias=True, autoLog=True, bold=False, color='black', colorSpace='named', contrast=1.0, depth=0.0, flipHoriz=False, flipVert=False, font='Arial', fontFiles=[], height=0.1, italic=False, languageStyle='LTR', name='start_encoding_text', opacity=1.0, ori=0, pos=array([0., 0.]), rgb=array([0., 0., 0.]), text='default text', units='height', win=Window(...), wrapWidth=1)
12.2144 	EXP 	Created enc_instructions_1_text = TextStim(__class__=<class 'psychopy.visual.text.TextStim'>, alignHoriz=method-wrapper(...), alignText='center', alignVert=method-wrapper(...), anchorHoriz='center', anchorVert='center', antialias=True, autoLog=True, bold=False, color='black', colorSpace='named', contrast=1.0, depth=0.0, flipHoriz=False, flipVert=False, font='Arial', fontFiles=[], height=0.03, italic=False, languageStyle='LTR', name='enc_instructions_1_text', opacity=1.0, ori=0, pos=array([-0.3,  0. ]), rgb=array([0., 0., 0.]), text=str(...), units='height', win=Window(...), wrapWidth=0.65)
12.2681 	EXP 	Created enc_instructions_1_image = ImageStim(__class__=<class 'psychopy.visual.image.ImageStim'>, autoLog=True, color=array([1., 1., 1.]), colorSpace='rgb', contrast=1.0, depth=-1.0, flipHoriz=False, flipVert=False, image='stimuli/GalleryBuildingFromOutside.jpg', interpolate=True, mask=None, maskParams=None, name='enc_instructions_1_image', opacity=1.0, ori=0.0, pos=array([0.4688, 0.    ]), size=array([0.625 , 0.8333]), texRes=128, units='norm', win=Window(...))
12.2716 	EXP 	Created instructions_1_continue = TextStim(__class__=<class 'psychopy.visual.text.TextStim'>, alignHoriz=method-wrapper(...), alignText='center', alignVert=method-wrapper(...), anchorHoriz='center', anchorVert='center', antialias=True, autoLog=True, bold=False, color='black', colorSpace='named', contrast=1.0, depth=-3.0, flipHoriz=False, flipVert=False, font='Arial', fontFiles=[], height=0.03, italic=False, languageStyle='LTR', name='instructions_1_continue', opacity=1.0, ori=0, pos=array([ 0. , -0.4]), rgb=array([0., 0., 0.]), text=str(...), units='height', win=Window(...), wrapWidth=1)
12.2889 	EXP 	Created enc_instructions_2_text = TextStim(__class__=<class 'psychopy.visual.text.TextStim'>, alignHoriz=method-wrapper(...), alignText='center', alignVert=method-wrapper(...), anchorHoriz='center', anchorVert='center', antialias=True, autoLog=True, bold=False, color='black', colorSpace='named', contrast=1.0, depth=0.0, flipHoriz=False, flipVert=False, font='Arial', fontFiles=[], height=0.03, italic=False, languageStyle='LTR', name='enc_instructions_2_text', opacity=1.0, ori=0, pos=array([-0.35,  0.  ]), rgb=array([0., 0., 0.]), text=str(...), units='height', win=Window(...), wrapWidth=0.5)
12.3890 	EXP 	Created enc_instructions_2_image = ImageStim(__class__=<class 'psychopy.visual.image.ImageStim'>, autoLog=True, color=array([1., 1., 1.]), colorSpace='rgb', contrast=1.0, depth=-1.0, flipHoriz=False, flipVert=False, image='stimuli/GalleryInterior.png', interpolate=True, mask=None, maskParams=None, name='enc_instructions_2_image', opacity=1.0, ori=0.0, pos=array([0.4427, 0.    ]), size=array([0.7604, 0.8185]), texRes=128, units='norm', win=Window(...))
12.3914 	EXP 	Created instructions_2_continue = TextStim(__class__=<class 'psychopy.visual.text.TextStim'>, alignHoriz=method-wrapper(...), alignText='center', alignVert=method-wrapper(...), anchorHoriz='center', anchorVert='center', antialias=True, autoLog=True, bold=False, color='black', colorSpace='named', contrast=1.0, depth=-3.0, flipHoriz=False, flipVert=False, font='Arial', fontFiles=[], height=0.03, italic=False, languageStyle='LTR', name='instructions_2_continue', opacity=1.0, ori=0, pos=array([ 0. , -0.4]), rgb=array([0., 0., 0.]), text='A folytatáshoz nyomja le a jobb nyilat. ', units='height', win=Window(...), wrapWidth=1)
12.4171 	EXP 	Created enc_instructions_3_text = TextStim(__class__=<class 'psychopy.visual.text.TextStim'>, alignHoriz=method-wrapper(...), alignText='center', alignVert=method-wrapper(...), anchorHoriz='center', anchorVert='center', antialias=True, autoLog=True, bold=False, color='black', colorSpace='named', contrast=1.0, depth=0.0, flipHoriz=False, flipVert=False, font='Arial', fontFiles=[], height=0.04, italic=False, languageStyle='LTR', name='enc_instructions_3_text', opacity=1.0, ori=0, pos=array([0., 0.]), rgb=array([0., 0., 0.]), text=str(...), units='height', win=Window(...), wrapWidth=1)
12.4204 	EXP 	Created enc_instructions_3_continue = TextStim(__class__=<class 'psychopy.visual.text.TextStim'>, alignHoriz=method-wrapper(...), alignText='center', alignVert=method-wrapper(...), anchorHoriz='center', anchorVert='center', antialias=True, autoLog=True, bold=False, color='black', colorSpace='named', contrast=1.0, depth=-2.0, flipHoriz=False, flipVert=False, font='Arial', fontFiles=[], height=0.03, italic=False, languageStyle='LTR', name='enc_instructions_3_continue', opacity=1.0, ori=0, pos=array([ 0. , -0.4]), rgb=array([0., 0., 0.]), text=str(...), units='height', win=Window(...), wrapWidth=1)
12.4328 	EXP 	Created start_practice_text = TextStim(__class__=<class 'psychopy.visual.text.TextStim'>, alignHoriz=method-wrapper(...), alignText='center', alignVert=method-wrapper(...), anchorHoriz='center', anchorVert='center', antialias=True, autoLog=True, bold=False, color='black', colorSpace='named', contrast=1.0, depth=0.0, flipHoriz=False, flipVert=False, font='Arial', fontFiles=[], height=0.1, italic=False, languageStyle='LTR', name='start_practice_text', opacity=1.0, ori=0, pos=array([0., 0.]), rgb=array([0., 0., 0.]), text='Kezdődik a gyakorlás...', units='height', win=Window(...), wrapWidth=1)
12.5288 	EXP 	Created enc_fx_interior = ImageStim(__class__=<class 'psychopy.visual.image.ImageStim'>, autoLog=True, color=array([1., 1., 1.]), colorSpace='rgb', contrast=1.0, depth=0.0, flipHoriz=False, flipVert=False, image='stimuli/GalleryInterior.png', interpolate=True, mask=None, maskParams=None, name='enc_fx_interior', opacity=1.0, ori=0.0, pos=array([0., 0.]), size=array([2., 2.]), texRes=128, units='norm', win=Window(...))
12.5333 	EXP 	Created enc_fx_cross = TextStim(__class__=<class 'psychopy.visual.text.TextStim'>, alignHoriz=method-wrapper(...), alignText='center', alignVert=method-wrapper(...), anchorHoriz='center', anchorVert='center', antialias=True, autoLog=True, bold=False, color='black', colorSpace='named', contrast=1.0, depth=-1.0, flipHoriz=False, flipVert=False, font='Arial', fontFiles=[], height=0.1, italic=False, languageStyle='LTR', name='enc_fx_cross', opacity=1.0, ori=0, pos=array([0., 0.]), rgb=array([0., 0., 0.]), text='+', units='norm', win=Window(...), wrapWidth=1)
12.6303 	EXP 	Created enc_trial_interior = ImageStim(__class__=<class 'psychopy.visual.image.ImageStim'>, autoLog=True, color=array([1., 1., 1.]), colorSpace='rgb', contrast=1.0, depth=-1.0, flipHoriz=False, flipVert=False, image='stimuli/GalleryInterior.png', interpolate=True, mask=None, maskParams=None, name='enc_trial_interior', opacity=1.0, ori=0.0, pos=array([0., 0.]), size=array([2., 2.]), texRes=128, units='norm', win=Window(...))
12.6333 	EXP 	Created enc_trial_main_image = ImageStim(__class__=<class 'psychopy.visual.image.ImageStim'>, autoLog=True, color=array([1., 1., 1.]), colorSpace='rgb', contrast=1.0, depth=-2.0, flipHoriz=False, flipVert=False, image='sin', interpolate=True, mask=None, maskParams=None, name='enc_trial_main_image', opacity=1.0, ori=0.0, pos=array([0., 0.]), size=array([1., 1.]), texRes=128, units='norm', win=Window(...))
12.7308 	EXP 	Created enc_practice_feedback_interior = ImageStim(__class__=<class 'psychopy.visual.image.ImageStim'>, autoLog=True, color=array([1., 1., 1.]), colorSpace='rgb', contrast=1.0, depth=-1.0, flipHoriz=False, flipVert=False, image='stimuli/GalleryInterior.png', interpolate=True, mask=None, maskParams=None, name='enc_practice_feedback_interior', opacity=1.0, ori=0.0, pos=array([0., 0.]), size=array([2., 2.]), texRes=128, units='norm', win=Window(...))
12.7330 	EXP 	Created enc_practice_feedback_image = ImageStim(__class__=<class 'psychopy.visual.image.ImageStim'>, autoLog=True, color=array([1., 1., 1.]), colorSpace='rgb', contrast=1.0, depth=-2.0, flipHoriz=False, flipVert=False, image='sin', interpolate=True, mask=None, maskParams=None, name='enc_practice_feedback_image', opacity=1.0, ori=0.0, pos=array([0., 0.]), size=array([1., 1.]), texRes=128, units='norm', win=Window(...))
12.7404 	EXP 	Created enc_practice_feedback_text = TextStim(__class__=<class 'psychopy.visual.text.TextStim'>, alignHoriz=method-wrapper(...), alignText='center', alignVert=method-wrapper(...), anchorHoriz='center', anchorVert='center', antialias=True, autoLog=True, bold=False, color='black', colorSpace='named', contrast=1.0, depth=-3.0, flipHoriz=False, flipVert=False, font='Arial', fontFiles=[], height=0.05, italic=False, languageStyle='LTR', name='enc_practice_feedback_text', opacity=1.0, ori=0, pos=array([0., 0.]), rgb=array([0., 0., 0.]), text='default text', units='norm', win=Window(...), wrapWidth=1)
12.7555 	EXP 	Created end_practice_text = TextStim(__class__=<class 'psychopy.visual.text.TextStim'>, alignHoriz=method-wrapper(...), alignText='center', alignVert=method-wrapper(...), anchorHoriz='center', anchorVert='center', antialias=True, autoLog=True, bold=False, color='black', colorSpace='named', contrast=1.0, depth=0.0, flipHoriz=False, flipVert=False, font='Arial', fontFiles=[], height=0.05, italic=False, languageStyle='LTR', name='end_practice_text', opacity=1.0, ori=0, pos=array([0., 0.]), rgb=array([0., 0., 0.]), text=str(...), units='height', win=Window(...), wrapWidth=0.8)
12.7608 	EXP 	Created end_practice_continue = TextStim(__class__=<class 'psychopy.visual.text.TextStim'>, alignHoriz=method-wrapper(...), alignText='center', alignVert=method-wrapper(...), anchorHoriz='center', anchorVert='center', antialias=True, autoLog=True, bold=False, color='black', colorSpace='named', contrast=1.0, depth=-2.0, flipHoriz=False, flipVert=False, font='Arial', fontFiles=[], height=0.03, italic=False, languageStyle='LTR', name='end_practice_continue', opacity=1.0, ori=0, pos=array([ 0. , -0.4]), rgb=array([0., 0., 0.]), text='A folytatáshoz nyomja le a jobb nyilat. ', units='height', win=Window(...), wrapWidth=1)
12.7696 	EXP 	Created start_enc_run_text = TextStim(__class__=<class 'psychopy.visual.text.TextStim'>, alignHoriz=method-wrapper(...), alignText='center', alignVert=method-wrapper(...), anchorHoriz='center', anchorVert='center', antialias=True, autoLog=True, bold=False, color='black', colorSpace='named', contrast=1.0, depth=-2.0, flipHoriz=False, flipVert=False, font='Arial', fontFiles=[], height=0.06, italic=False, languageStyle='LTR', name='start_enc_run_text', opacity=1.0, ori=0, pos=array([0., 0.]), rgb=array([0., 0., 0.]), text='Kezdődik a feladat...', units='height', win=Window(...), wrapWidth=1)
12.8659 	EXP 	Created enc_fx_interior = ImageStim(__class__=<class 'psychopy.visual.image.ImageStim'>, autoLog=True, color=array([1., 1., 1.]), colorSpace='rgb', contrast=1.0, depth=0.0, flipHoriz=False, flipVert=False, image='stimuli/GalleryInterior.png', interpolate=True, mask=None, maskParams=None, name='enc_fx_interior', opacity=1.0, ori=0.0, pos=array([0., 0.]), size=array([2., 2.]), texRes=128, units='norm', win=Window(...))
12.8683 	EXP 	Created enc_fx_cross = TextStim(__class__=<class 'psychopy.visual.text.TextStim'>, alignHoriz=method-wrapper(...), alignText='center', alignVert=method-wrapper(...), anchorHoriz='center', anchorVert='center', antialias=True, autoLog=True, bold=False, color='black', colorSpace='named', contrast=1.0, depth=-1.0, flipHoriz=False, flipVert=False, font='Arial', fontFiles=[], height=0.1, italic=False, languageStyle='LTR', name='enc_fx_cross', opacity=1.0, ori=0, pos=array([0., 0.]), rgb=array([0., 0., 0.]), text='+', units='norm', win=Window(...), wrapWidth=1)
12.9665 	EXP 	Created enc_trial_interior = ImageStim(__class__=<class 'psychopy.visual.image.ImageStim'>, autoLog=True, color=array([1., 1., 1.]), colorSpace='rgb', contrast=1.0, depth=-1.0, flipHoriz=False, flipVert=False, image='stimuli/GalleryInterior.png', interpolate=True, mask=None, maskParams=None, name='enc_trial_interior', opacity=1.0, ori=0.0, pos=array([0., 0.]), size=array([2., 2.]), texRes=128, units='norm', win=Window(...))
12.9687 	EXP 	Created enc_trial_main_image = ImageStim(__class__=<class 'psychopy.visual.image.ImageStim'>, autoLog=True, color=array([1., 1., 1.]), colorSpace='rgb', contrast=1.0, depth=-2.0, flipHoriz=False, flipVert=False, image='sin', interpolate=True, mask=None, maskParams=None, name='enc_trial_main_image', opacity=1.0, ori=0.0, pos=array([0., 0.]), size=array([1., 1.]), texRes=128, units='norm', win=Window(...))
12.9721 	EXP 	Created end_enc_run_text = TextStim(__class__=<class 'psychopy.visual.text.TextStim'>, alignHoriz=method-wrapper(...), alignText='center', alignVert=method-wrapper(...), anchorHoriz='center', anchorVert='center', antialias=True, autoLog=True, bold=False, color='black', colorSpace='named', contrast=1.0, depth=0.0, flipHoriz=False, flipVert=False, font='Arial', fontFiles=[], height=0.06, italic=False, languageStyle='LTR', name='end_enc_run_text', opacity=1.0, ori=0, pos=array([0., 0.]), rgb=array([0., 0., 0.]), text='default text', units='height', win=Window(...), wrapWidth=1)
12.9783 	EXP 	Created inter_task_break_text = TextStim(__class__=<class 'psychopy.visual.text.TextStim'>, alignHoriz=method-wrapper(...), alignText='center', alignVert=method-wrapper(...), anchorHoriz='center', anchorVert='center', antialias=True, autoLog=True, bold=False, color='black', colorSpace='named', contrast=1.0, depth=0.0, flipHoriz=False, flipVert=False, font='Arial', fontFiles=[], height=0.03, italic=False, languageStyle='LTR', name='inter_task_break_text', opacity=1.0, ori=0, pos=array([0., 0.]), rgb=array([0., 0., 0.]), text='Most kivesszük Önt a szkennerből.', units='height', win=Window(...), wrapWidth=1)
13.0386 	EXP 	start_encoding_text: text = 'Első feladat\nGaléria berendezés'
13.0386 	EXP 	start_encoding_text: autoDraw = True
14.5038 	EXP 	start_encoding_text: autoDraw = False
14.5038 	EXP 	enc_instructions_1_text: autoDraw = True
14.5038 	EXP 	enc_instructions_1_image: autoDraw = True
19.4703 	EXP 	instructions_1_continue: autoDraw = True
20.0442 	DATA 	Keypress: d
20.0537 	EXP 	enc_instructions_1_text: autoDraw = False
20.0537 	EXP 	enc_instructions_1_image: autoDraw = False
20.0537 	EXP 	instructions_1_continue: autoDraw = False
20.0537 	EXP 	enc_instructions_2_text: autoDraw = True
20.0537 	EXP 	enc_instructions_2_image: autoDraw = True
25.0368 	EXP 	instructions_2_continue: autoDraw = True
44.6575 	DATA 	Keypress: d
46.0261 	DATA 	Keypress: right
46.0364 	EXP 	enc_instructions_2_text: autoDraw = False
46.0364 	EXP 	enc_instructions_2_image: autoDraw = False
46.0364 	EXP 	instructions_2_continue: autoDraw = False
46.0364 	EXP 	enc_instructions_3_text: autoDraw = True
51.0196 	EXP 	enc_instructions_3_continue: autoDraw = True
67.4932 	DATA 	Keypress: d
67.5029 	EXP 	enc_instructions_3_text: autoDraw = False
67.5029 	EXP 	enc_instructions_3_continue: autoDraw = False
67.5029 	EXP 	start_practice_text: autoDraw = True
68.5082 	EXP 	Imported stimuli_tables/encoding_practice_trials.csv as conditions, 9 conditions, 9 params
68.5084 	EXP 	Created sequence: sequential, trialTypes=9, nReps=1, seed=None
68.5086 	EXP 	New trial (rep=0, index=0): OrderedDict([('Task', 'EncodingPractice'), ('TrialType', 'OBJ'), ('StimType', 'LURE'), ('Order', 1), ('CurrentImage', 'stimuli/fractals/166a.jpg'), ('CurrentX', -0.0781), ('CurrentY', 0.4167), ('Jitter', 1500), ('Section', 'Encoding')])
68.5362 	EXP 	start_practice_text: autoDraw = False
68.5362 	EXP 	start_practice_text: autoDraw = False
68.5362 	EXP 	enc_fx_cross: pos = array([-0.0781,  0.4167])
68.5362 	EXP 	enc_fx_interior: autoDraw = True
68.5362 	EXP 	enc_fx_cross: autoDraw = True
70.0691 	EXP 	enc_fx_interior: autoDraw = False
70.0691 	EXP 	enc_fx_cross: autoDraw = False
70.0691 	EXP 	enc_fx_interior: autoDraw = False
70.0691 	EXP 	enc_fx_cross: autoDraw = False
70.0691 	EXP 	enc_trial_main_image: pos = array([-0.0781,  0.4167])
70.0691 	EXP 	enc_trial_main_image: size = array([0.3125    , 0.55555556])
70.0691 	EXP 	enc_trial_main_image: image = 'stimuli/fractals/166a.jpg'
70.0691 	EXP 	enc_trial_interior: autoDraw = True
70.0691 	EXP 	enc_trial_main_image: autoDraw = True
70.5563 	DATA 	Keypress: c
73.0861 	EXP 	enc_trial_interior: autoDraw = False
73.0861 	EXP 	enc_trial_main_image: autoDraw = False
73.0861 	EXP 	enc_practice_feedback_image: pos = array([-0.0781,  0.4167])
73.0861 	EXP 	enc_practice_feedback_image: size = array([0.3125    , 0.55555556])
73.0861 	EXP 	enc_practice_feedback_image: image = 'stimuli/fractals/166a.jpg'
73.0861 	EXP 	enc_practice_feedback_text: pos = array([-0.0781,  0.0167])
73.0861 	EXP 	enc_practice_feedback_text: text = 'Az Ön válasza:\nA kép marad.'
73.0861 	EXP 	enc_practice_feedback_interior: autoDraw = True
73.0861 	EXP 	enc_practice_feedback_image: autoDraw = True
73.0861 	EXP 	enc_practice_feedback_text: autoDraw = True
74.0366 	EXP 	New trial (rep=0, index=1): OrderedDict([('Task', 'EncodingPractice'), ('TrialType', 'OBJ'), ('StimType', 'TARGET'), ('Order', 1), ('CurrentImage', 'stimuli/fractals/167a.jpg'), ('CurrentX', 0.2344), ('CurrentY', 0.4167), ('Jitter', 500), ('Section', 'Encoding')])
74.0524 	EXP 	enc_practice_feedback_interior: autoDraw = False
74.0524 	EXP 	enc_practice_feedback_image: autoDraw = False
74.0524 	EXP 	enc_practice_feedback_text: autoDraw = False
74.0524 	EXP 	enc_fx_cross: pos = array([0.2344, 0.4167])
74.0524 	EXP 	enc_fx_interior: autoDraw = True
74.0524 	EXP 	enc_fx_cross: autoDraw = True
74.5690 	EXP 	enc_fx_interior: autoDraw = False
74.5690 	EXP 	enc_fx_cross: autoDraw = False
74.5690 	EXP 	enc_fx_interior: autoDraw = False
74.5690 	EXP 	enc_fx_cross: autoDraw = False
74.5690 	EXP 	enc_trial_main_image: pos = array([0.2344, 0.4167])
74.5690 	EXP 	enc_trial_main_image: size = array([0.3125    , 0.55555556])
74.5690 	EXP 	enc_trial_main_image: image = 'stimuli/fractals/167a.jpg'
74.5690 	EXP 	enc_trial_interior: autoDraw = True
74.5690 	EXP 	enc_trial_main_image: autoDraw = True
75.2733 	DATA 	Keypress: b
77.5856 	EXP 	enc_trial_interior: autoDraw = False
77.5856 	EXP 	enc_trial_main_image: autoDraw = False
77.5856 	EXP 	enc_practice_feedback_image: pos = array([0.2344, 0.4167])
77.5856 	EXP 	enc_practice_feedback_image: size = array([0.3125    , 0.55555556])
77.5856 	EXP 	enc_practice_feedback_image: image = 'stimuli/fractals/167a.jpg'
77.5856 	EXP 	enc_practice_feedback_text: pos = array([0.2344, 0.0167])
77.5856 	EXP 	enc_practice_feedback_text: text = 'Az Ön válasza:\nA kép nem marad.'
77.5856 	EXP 	enc_practice_feedback_interior: autoDraw = True
77.5856 	EXP 	enc_practice_feedback_image: autoDraw = True
77.5856 	EXP 	enc_practice_feedback_text: autoDraw = True
78.5529 	EXP 	New trial (rep=0, index=2): OrderedDict([('Task', 'EncodingPractice'), ('TrialType', 'OBJ'), ('StimType', 'FOIL'), ('Order', 1), ('CurrentImage', 'stimuli/fractals/149a.jpg'), ('CurrentX', 0.2344), ('CurrentY', -0.1389), ('Jitter', 1000), ('Section', 'Encoding')])
78.5689 	EXP 	enc_practice_feedback_interior: autoDraw = False
78.5689 	EXP 	enc_practice_feedback_image: autoDraw = False
78.5689 	EXP 	enc_practice_feedback_text: autoDraw = False
78.5689 	EXP 	enc_fx_cross: pos = array([ 0.2344, -0.1389])
78.5689 	EXP 	enc_fx_interior: autoDraw = True
78.5689 	EXP 	enc_fx_cross: autoDraw = True
79.5069 	DATA 	Keypress: c
79.5856 	EXP 	enc_fx_interior: autoDraw = False
79.5856 	EXP 	enc_fx_cross: autoDraw = False
79.5856 	EXP 	enc_fx_interior: autoDraw = False
79.5856 	EXP 	enc_fx_cross: autoDraw = False
79.5856 	EXP 	enc_trial_main_image: pos = array([ 0.2344, -0.1389])
79.5856 	EXP 	enc_trial_main_image: size = array([0.3125    , 0.55555556])
79.5856 	EXP 	enc_trial_main_image: image = 'stimuli/fractals/149a.jpg'
79.5856 	EXP 	enc_trial_interior: autoDraw = True
79.5856 	EXP 	enc_trial_main_image: autoDraw = True
82.6021 	EXP 	enc_trial_interior: autoDraw = False
82.6021 	EXP 	enc_trial_main_image: autoDraw = False
82.6021 	EXP 	enc_practice_feedback_image: pos = array([ 0.2344, -0.1389])
82.6021 	EXP 	enc_practice_feedback_image: size = array([0.3125    , 0.55555556])
82.6021 	EXP 	enc_practice_feedback_image: image = 'stimuli/fractals/149a.jpg'
82.6021 	EXP 	enc_practice_feedback_text: pos = array([ 0.2344, -0.5389])
82.6021 	EXP 	enc_practice_feedback_text: text = 'Nem adott választ.'
82.6021 	EXP 	enc_practice_feedback_interior: autoDraw = True
82.6021 	EXP 	enc_practice_feedback_image: autoDraw = True
82.6021 	EXP 	enc_practice_feedback_text: autoDraw = True
83.5697 	EXP 	New trial (rep=0, index=3): OrderedDict([('Task', 'EncodingPractice'), ('TrialType', 'LOC'), ('StimType', 'FOIL'), ('Order', 1), ('CurrentImage', 'stimuli/fractals/148b.jpg'), ('CurrentX', 0.2344), ('CurrentY', -0.1389), ('Jitter', 1000), ('Section', 'Encoding')])
83.5855 	EXP 	enc_practice_feedback_interior: autoDraw = False
83.5855 	EXP 	enc_practice_feedback_image: autoDraw = False
83.5855 	EXP 	enc_practice_feedback_text: autoDraw = False
83.5855 	EXP 	enc_fx_cross: pos = array([ 0.2344, -0.1389])
83.5855 	EXP 	enc_fx_interior: autoDraw = True
83.5855 	EXP 	enc_fx_cross: autoDraw = True
84.6021 	EXP 	enc_fx_interior: autoDraw = False
84.6021 	EXP 	enc_fx_cross: autoDraw = False
84.6021 	EXP 	enc_fx_interior: autoDraw = False
84.6021 	EXP 	enc_fx_cross: autoDraw = False
84.6021 	EXP 	enc_trial_main_image: pos = array([ 0.2344, -0.1389])
84.6021 	EXP 	enc_trial_main_image: size = array([0.3125    , 0.55555556])
84.6021 	EXP 	enc_trial_main_image: image = 'stimuli/fractals/148b.jpg'
84.6021 	EXP 	enc_trial_interior: autoDraw = True
84.6021 	EXP 	enc_trial_main_image: autoDraw = True
85.0896 	DATA 	Keypress: b
87.6020 	EXP 	enc_trial_interior: autoDraw = False
87.6020 	EXP 	enc_trial_main_image: autoDraw = False
87.6020 	EXP 	enc_practice_feedback_image: pos = array([ 0.2344, -0.1389])
87.6020 	EXP 	enc_practice_feedback_image: size = array([0.3125    , 0.55555556])
87.6020 	EXP 	enc_practice_feedback_image: image = 'stimuli/fractals/148b.jpg'
87.6020 	EXP 	enc_practice_feedback_text: pos = array([ 0.2344, -0.5389])
87.6020 	EXP 	enc_practice_feedback_text: text = 'Az Ön válasza:\nA kép nem marad.'
87.6020 	EXP 	enc_practice_feedback_interior: autoDraw = True
87.6020 	EXP 	enc_practice_feedback_image: autoDraw = True
87.6020 	EXP 	enc_practice_feedback_text: autoDraw = True
88.5859 	EXP 	New trial (rep=0, index=4): OrderedDict([('Task', 'EncodingPractice'), ('TrialType', 'LOC'), ('StimType', 'LURE'), ('Order', 1), ('CurrentImage', 'stimuli/fractals/159a.jpg'), ('CurrentX', -0.3906), ('CurrentY', 0.4167), ('Jitter', 5000), ('Section', 'Encoding')])
88.6020 	EXP 	enc_practice_feedback_interior: autoDraw = False
88.6020 	EXP 	enc_practice_feedback_image: autoDraw = False
88.6020 	EXP 	enc_practice_feedback_text: autoDraw = False
88.6020 	EXP 	enc_fx_cross: pos = array([-0.3906,  0.4167])
88.6020 	EXP 	enc_fx_interior: autoDraw = True
88.6020 	EXP 	enc_fx_cross: autoDraw = True
93.6186 	EXP 	enc_fx_interior: autoDraw = False
93.6186 	EXP 	enc_fx_cross: autoDraw = False
93.6186 	EXP 	enc_fx_interior: autoDraw = False
93.6186 	EXP 	enc_fx_cross: autoDraw = False
93.6186 	EXP 	enc_trial_main_image: pos = array([-0.3906,  0.4167])
93.6186 	EXP 	enc_trial_main_image: size = array([0.3125    , 0.55555556])
93.6186 	EXP 	enc_trial_main_image: image = 'stimuli/fractals/159a.jpg'
93.6186 	EXP 	enc_trial_interior: autoDraw = True
93.6186 	EXP 	enc_trial_main_image: autoDraw = True
93.9896 	DATA 	Keypress: c
96.6351 	EXP 	enc_trial_interior: autoDraw = False
96.6351 	EXP 	enc_trial_main_image: autoDraw = False
96.6351 	EXP 	enc_practice_feedback_image: pos = array([-0.3906,  0.4167])
96.6351 	EXP 	enc_practice_feedback_image: size = array([0.3125    , 0.55555556])
96.6351 	EXP 	enc_practice_feedback_image: image = 'stimuli/fractals/159a.jpg'
96.6351 	EXP 	enc_practice_feedback_text: pos = array([-0.3906,  0.0167])
96.6351 	EXP 	enc_practice_feedback_text: text = 'Az Ön válasza:\nA kép marad.'
96.6351 	EXP 	enc_practice_feedback_interior: autoDraw = True
96.6351 	EXP 	enc_practice_feedback_image: autoDraw = True
96.6351 	EXP 	enc_practice_feedback_text: autoDraw = True
97.6023 	EXP 	New trial (rep=0, index=5): OrderedDict([('Task', 'EncodingPractice'), ('TrialType', 'OBJ'), ('StimType', 'LURE'), ('Order', 1), ('CurrentImage', 'stimuli/fractals/177b.jpg'), ('CurrentX', -0.3906), ('CurrentY', 0.4167), ('Jitter', 800), ('Section', 'Encoding')])
97.6185 	EXP 	enc_practice_feedback_interior: autoDraw = False
97.6185 	EXP 	enc_practice_feedback_image: autoDraw = False
97.6185 	EXP 	enc_practice_feedback_text: autoDraw = False
97.6185 	EXP 	enc_fx_cross: pos = array([-0.3906,  0.4167])
97.6185 	EXP 	enc_fx_interior: autoDraw = True
97.6185 	EXP 	enc_fx_cross: autoDraw = True
98.4518 	EXP 	enc_fx_interior: autoDraw = False
98.4518 	EXP 	enc_fx_cross: autoDraw = False
98.4518 	EXP 	enc_fx_interior: autoDraw = False
98.4518 	EXP 	enc_fx_cross: autoDraw = False
98.4518 	EXP 	enc_trial_main_image: pos = array([-0.3906,  0.4167])
98.4518 	EXP 	enc_trial_main_image: size = array([0.3125    , 0.55555556])
98.4518 	EXP 	enc_trial_main_image: image = 'stimuli/fractals/177b.jpg'
98.4518 	EXP 	enc_trial_interior: autoDraw = True
98.4518 	EXP 	enc_trial_main_image: autoDraw = True
99.3067 	DATA 	Keypress: c
101.4517 	EXP 	enc_trial_interior: autoDraw = False
101.4517 	EXP 	enc_trial_main_image: autoDraw = False
101.4517 	EXP 	enc_practice_feedback_image: pos = array([-0.3906,  0.4167])
101.4517 	EXP 	enc_practice_feedback_image: size = array([0.3125    , 0.55555556])
101.4517 	EXP 	enc_practice_feedback_image: image = 'stimuli/fractals/177b.jpg'
101.4517 	EXP 	enc_practice_feedback_text: pos = array([-0.3906,  0.0167])
101.4517 	EXP 	enc_practice_feedback_text: text = 'Az Ön válasza:\nA kép marad.'
101.4517 	EXP 	enc_practice_feedback_interior: autoDraw = True
101.4517 	EXP 	enc_practice_feedback_image: autoDraw = True
101.4517 	EXP 	enc_practice_feedback_text: autoDraw = True
102.4188 	EXP 	New trial (rep=0, index=6): OrderedDict([('Task', 'EncodingPractice'), ('TrialType', '-'), ('StimType', '-'), ('Order', 1), ('CurrentImage', 'stimuli/fractals/181c.jpg'), ('CurrentX', -0.0781), ('CurrentY', -0.1389), ('Jitter', 3000), ('Section', 'Encoding')])
102.4350 	EXP 	enc_practice_feedback_interior: autoDraw = False
102.4350 	EXP 	enc_practice_feedback_image: autoDraw = False
102.4350 	EXP 	enc_practice_feedback_text: autoDraw = False
102.4350 	EXP 	enc_fx_cross: pos = array([-0.0781, -0.1389])
102.4350 	EXP 	enc_fx_interior: autoDraw = True
102.4350 	EXP 	enc_fx_cross: autoDraw = True
105.4516 	EXP 	enc_fx_interior: autoDraw = False
105.4516 	EXP 	enc_fx_cross: autoDraw = False
105.4516 	EXP 	enc_fx_interior: autoDraw = False
105.4516 	EXP 	enc_fx_cross: autoDraw = False
105.4516 	EXP 	enc_trial_main_image: pos = array([-0.0781, -0.1389])
105.4516 	EXP 	enc_trial_main_image: size = array([0.3125    , 0.55555556])
105.4516 	EXP 	enc_trial_main_image: image = 'stimuli/fractals/181c.jpg'
105.4516 	EXP 	enc_trial_interior: autoDraw = True
105.4516 	EXP 	enc_trial_main_image: autoDraw = True
106.7057 	DATA 	Keypress: c
108.4515 	EXP 	enc_trial_interior: autoDraw = False
108.4515 	EXP 	enc_trial_main_image: autoDraw = False
108.4515 	EXP 	enc_practice_feedback_image: pos = array([-0.0781, -0.1389])
108.4515 	EXP 	enc_practice_feedback_image: size = array([0.3125    , 0.55555556])
108.4515 	EXP 	enc_practice_feedback_image: image = 'stimuli/fractals/181c.jpg'
108.4515 	EXP 	enc_practice_feedback_text: pos = array([-0.0781, -0.5389])
108.4515 	EXP 	enc_practice_feedback_text: text = 'Az Ön válasza:\nA kép marad.'
108.4515 	EXP 	enc_practice_feedback_interior: autoDraw = True
108.4515 	EXP 	enc_practice_feedback_image: autoDraw = True
108.4515 	EXP 	enc_practice_feedback_text: autoDraw = True
109.4354 	EXP 	New trial (rep=0, index=7): OrderedDict([('Task', 'EncodingPractice'), ('TrialType', '-'), ('StimType', '-'), ('Order', 1), ('CurrentImage', 'stimuli/fractals/163a.jpg'), ('CurrentX', -0.2344), ('CurrentY', -0.4167), ('Jitter', 800), ('Section', 'Encoding')])
109.4515 	EXP 	enc_practice_feedback_interior: autoDraw = False
109.4515 	EXP 	enc_practice_feedback_image: autoDraw = False
109.4515 	EXP 	enc_practice_feedback_text: autoDraw = False
109.4515 	EXP 	enc_fx_cross: pos = array([-0.2344, -0.4167])
109.4515 	EXP 	enc_fx_interior: autoDraw = True
109.4515 	EXP 	enc_fx_cross: autoDraw = True
110.2681 	EXP 	enc_fx_interior: autoDraw = False
110.2681 	EXP 	enc_fx_cross: autoDraw = False
110.2681 	EXP 	enc_fx_interior: autoDraw = False
110.2681 	EXP 	enc_fx_cross: autoDraw = False
110.2681 	EXP 	enc_trial_main_image: pos = array([-0.2344, -0.4167])
110.2681 	EXP 	enc_trial_main_image: size = array([0.3125    , 0.55555556])
110.2681 	EXP 	enc_trial_main_image: image = 'stimuli/fractals/163a.jpg'
110.2681 	EXP 	enc_trial_interior: autoDraw = True
110.2681 	EXP 	enc_trial_main_image: autoDraw = True
110.7397 	DATA 	Keypress: b
113.2849 	EXP 	enc_trial_interior: autoDraw = False
113.2849 	EXP 	enc_trial_main_image: autoDraw = False
113.2849 	EXP 	enc_practice_feedback_image: pos = array([-0.2344, -0.4167])
113.2849 	EXP 	enc_practice_feedback_image: size = array([0.3125    , 0.55555556])
113.2849 	EXP 	enc_practice_feedback_image: image = 'stimuli/fractals/163a.jpg'
113.2849 	EXP 	enc_practice_feedback_text: pos = array([-0.2344, -0.8167])
113.2849 	EXP 	enc_practice_feedback_text: text = 'Az Ön válasza:\nA kép nem marad.'
113.2849 	EXP 	enc_practice_feedback_interior: autoDraw = True
113.2849 	EXP 	enc_practice_feedback_image: autoDraw = True
113.2849 	EXP 	enc_practice_feedback_text: autoDraw = True
114.2520 	EXP 	New trial (rep=0, index=8): OrderedDict([('Task', 'EncodingPractice'), ('TrialType', 'LOC'), ('StimType', 'TARGET'), ('Order', 1), ('CurrentImage', 'stimuli/fractals/166a.jpg'), ('CurrentX', -0.0781), ('CurrentY', 0.4167), ('Jitter', 1500), ('Section', 'Encoding')])
114.2682 	EXP 	enc_practice_feedback_interior: autoDraw = False
114.2682 	EXP 	enc_practice_feedback_image: autoDraw = False
114.2682 	EXP 	enc_practice_feedback_text: autoDraw = False
114.2682 	EXP 	enc_fx_cross: pos = array([-0.0781,  0.4167])
114.2682 	EXP 	enc_fx_interior: autoDraw = True
114.2682 	EXP 	enc_fx_cross: autoDraw = True
114.9052 	DATA 	Keypress: b
115.7849 	EXP 	enc_fx_interior: autoDraw = False
115.7849 	EXP 	enc_fx_cross: autoDraw = False
115.7849 	EXP 	enc_fx_interior: autoDraw = False
115.7849 	EXP 	enc_fx_cross: autoDraw = False
115.7849 	EXP 	enc_trial_main_image: pos = array([-0.0781,  0.4167])
115.7849 	EXP 	enc_trial_main_image: size = array([0.3125    , 0.55555556])
115.7849 	EXP 	enc_trial_main_image: image = 'stimuli/fractals/166a.jpg'
115.7849 	EXP 	enc_trial_interior: autoDraw = True
115.7849 	EXP 	enc_trial_main_image: autoDraw = True
118.8014 	EXP 	enc_trial_interior: autoDraw = False
118.8014 	EXP 	enc_trial_main_image: autoDraw = False
118.8014 	EXP 	enc_practice_feedback_image: pos = array([-0.0781,  0.4167])
118.8014 	EXP 	enc_practice_feedback_image: size = array([0.3125    , 0.55555556])
118.8014 	EXP 	enc_practice_feedback_image: image = 'stimuli/fractals/166a.jpg'
118.8014 	EXP 	enc_practice_feedback_text: pos = array([-0.0781,  0.0167])
118.8014 	EXP 	enc_practice_feedback_text: text = 'Nem adott választ.'
118.8014 	EXP 	enc_practice_feedback_interior: autoDraw = True
118.8014 	EXP 	enc_practice_feedback_image: autoDraw = True
118.8014 	EXP 	enc_practice_feedback_text: autoDraw = True
119.7847 	EXP 	enc_practice_feedback_interior: autoDraw = False
119.7847 	EXP 	enc_practice_feedback_image: autoDraw = False
119.7847 	EXP 	enc_practice_feedback_text: autoDraw = False
119.7847 	EXP 	end_practice_text: autoDraw = True
120.7514 	EXP 	end_practice_continue: autoDraw = True
128.8403 	DATA 	Keypress: d
129.6383 	DATA 	Keypress: d
129.9562 	DATA 	Keypress: d
130.1723 	DATA 	Keypress: d
130.4383 	DATA 	Keypress: d
130.7235 	DATA 	Keypress: d
131.0053 	DATA 	Keypress: d
131.2883 	DATA 	Keypress: d
132.0556 	EXP 	Created sequence: sequential, trialTypes=1, nReps=3, seed=None
132.0562 	EXP 	New trial (rep=0, index=0): None
132.0589 	DATA 	Keypress: right
132.0680 	EXP 	end_practice_text: autoDraw = False
132.0680 	EXP 	end_practice_continue: autoDraw = False
132.0680 	EXP 	start_enc_run_text: autoDraw = True
134.0798 	EXP 	Imported stimuli_tables/encoding_trials_0.csv as conditions, 3 conditions, 20 params
134.0801 	EXP 	Created sequence: sequential, trialTypes=3, nReps=1, seed=None
134.0805 	EXP 	New trial (rep=0, index=0): OrderedDict([('TrialIndex', 1.0), ('Jitter', 2000.0), ('ScannerRun', 1.0), ('StimType', 'OLP'), ('Order', 1.0), ('Delay', 3.0), ('CurrentImage', 'stimuli/fractals/42c.jpg'), ('CurrentX', -0.234375), ('CurrentY', 0.1388888888888889), ('TripletMemberA', 'stimuli/fractals/42c.jpg'), ('TripletMemberB', 'stimuli/fractals/42b.jpg'), ('TripletMemberC', 'stimuli/fractals/42a.jpg'), ('Xcoordinate', -0.234375), ('Ycoordinate', 0.1388888888888889), ('Xcoordinate_lure1', -0.234375), ('Ycoordinate_lure1', -0.1388888888888889), ('Xcoordinate_lure2', -0.078125), ('Ycoordinate_lure2', 0.1388888888888889), ('Xcoordinate_foil', 0.234375), ('Ycoordinate_foil', -0.4166666666666667)])
134.1013 	EXP 	start_enc_run_text: autoDraw = False
134.1013 	EXP 	start_enc_run_text: autoDraw = False
134.1013 	EXP 	enc_fx_cross: pos = array([-0.234375  ,  0.13888889])
134.1013 	EXP 	enc_fx_interior: autoDraw = True
134.1013 	EXP 	enc_fx_cross: autoDraw = True
136.1175 	EXP 	enc_fx_interior: autoDraw = False
136.1175 	EXP 	enc_fx_cross: autoDraw = False
136.1175 	EXP 	enc_fx_interior: autoDraw = False
136.1175 	EXP 	enc_fx_cross: autoDraw = False
136.1175 	EXP 	enc_trial_main_image: pos = array([-0.234375  ,  0.13888889])
136.1175 	EXP 	enc_trial_main_image: size = array([0.3125    , 0.55555556])
136.1175 	EXP 	enc_trial_main_image: image = 'stimuli/fractals/42c.jpg'
136.1175 	EXP 	enc_trial_interior: autoDraw = True
136.1175 	EXP 	enc_trial_main_image: autoDraw = True
139.1018 	EXP 	New trial (rep=0, index=1): OrderedDict([('TrialIndex', 2.0), ('Jitter', 6000.0), ('ScannerRun', 1.0), ('StimType', 'OLP'), ('Order', 1.0), ('Delay', 3.0), ('CurrentImage', 'stimuli/fractals/64a.jpg'), ('CurrentX', -0.078125), ('CurrentY', 0.4166666666666667), ('TripletMemberA', 'stimuli/fractals/64a.jpg'), ('TripletMemberB', 'stimuli/fractals/64c.jpg'), ('TripletMemberC', 'stimuli/fractals/64b.jpg'), ('Xcoordinate', -0.078125), ('Ycoordinate', 0.4166666666666667), ('Xcoordinate_lure1', -0.234375), ('Ycoordinate_lure1', 0.4166666666666667), ('Xcoordinate_lure2', -0.078125), ('Ycoordinate_lure2', 0.1388888888888889), ('Xcoordinate_foil', -0.390625), ('Ycoordinate_foil', -0.4166666666666667)])
139.1175 	EXP 	enc_trial_interior: autoDraw = False
139.1175 	EXP 	enc_trial_main_image: autoDraw = False
139.1175 	EXP 	enc_fx_cross: pos = array([-0.078125  ,  0.41666667])
139.1175 	EXP 	enc_fx_interior: autoDraw = True
139.1175 	EXP 	enc_fx_cross: autoDraw = True
145.1173 	EXP 	enc_fx_interior: autoDraw = False
145.1173 	EXP 	enc_fx_cross: autoDraw = False
145.1173 	EXP 	enc_fx_interior: autoDraw = False
145.1173 	EXP 	enc_fx_cross: autoDraw = False
145.1173 	EXP 	enc_trial_main_image: pos = array([-0.078125  ,  0.41666667])
145.1173 	EXP 	enc_trial_main_image: size = array([0.3125    , 0.55555556])
145.1173 	EXP 	enc_trial_main_image: image = 'stimuli/fractals/64a.jpg'
145.1173 	EXP 	enc_trial_interior: autoDraw = True
145.1173 	EXP 	enc_trial_main_image: autoDraw = True
148.1025 	EXP 	New trial (rep=0, index=2): OrderedDict([('TrialIndex', 3.0), ('Jitter', 2000.0), ('ScannerRun', 1.0), ('StimType', 'LLP'), ('Order', 1.0), ('Delay', 5.0), ('CurrentImage', 'stimuli/fractals/25c.jpg'), ('CurrentX', 0.390625), ('CurrentY', 0.4166666666666667), ('TripletMemberA', 'stimuli/fractals/25c.jpg'), ('TripletMemberB', 'stimuli/fractals/25b.jpg'), ('TripletMemberC', 'stimuli/fractals/25a.jpg'), ('Xcoordinate', 0.390625), ('Ycoordinate', 0.4166666666666667), ('Xcoordinate_lure1', 0.234375), ('Ycoordinate_lure1', 0.4166666666666667), ('Xcoordinate_lure2', 0.390625), ('Ycoordinate_lure2', 0.1388888888888889), ('Xcoordinate_foil', -0.078125), ('Ycoordinate_foil', -0.4166666666666667)])
148.1173 	EXP 	enc_trial_interior: autoDraw = False
148.1173 	EXP 	enc_trial_main_image: autoDraw = False
148.1173 	EXP 	enc_trial_interior: autoDraw = False
148.1173 	EXP 	enc_trial_main_image: autoDraw = False
148.1173 	EXP 	enc_fx_cross: pos = array([0.390625  , 0.41666667])
148.1173 	EXP 	enc_fx_interior: autoDraw = True
148.1173 	EXP 	enc_fx_cross: autoDraw = True
150.1172 	EXP 	enc_fx_interior: autoDraw = False
150.1172 	EXP 	enc_fx_cross: autoDraw = False
150.1172 	EXP 	enc_fx_interior: autoDraw = False
150.1172 	EXP 	enc_fx_cross: autoDraw = False
150.1172 	EXP 	enc_trial_main_image: pos = array([0.390625  , 0.41666667])
150.1172 	EXP 	enc_trial_main_image: size = array([0.3125    , 0.55555556])
150.1172 	EXP 	enc_trial_main_image: image = 'stimuli/fractals/25c.jpg'
150.1172 	EXP 	enc_trial_interior: autoDraw = True
150.1172 	EXP 	enc_trial_main_image: autoDraw = True
153.1338 	EXP 	enc_trial_interior: autoDraw = False
153.1338 	EXP 	enc_trial_main_image: autoDraw = False
153.1338 	EXP 	enc_trial_interior: autoDraw = False
153.1338 	EXP 	enc_trial_main_image: autoDraw = False
153.1338 	EXP 	end_enc_run_text: text = 'Rövid szünet\nA feladat folytatáshoz jelezzen a jobb hüvelykujjával'
153.1338 	EXP 	end_enc_run_text: autoDraw = True
157.8374 	DATA 	Keypress: b
162.9873 	DATA 	Keypress: d
165.5714 	DATA 	Keypress: d
166.1542 	DATA 	Keypress: d
166.6214 	DATA 	Keypress: right
166.6377 	EXP 	New trial (rep=1, index=0): None
166.6502 	EXP 	end_enc_run_text: autoDraw = False
166.6502 	EXP 	start_enc_run_text: autoDraw = True
168.6675 	EXP 	Imported stimuli_tables/encoding_trials_0.csv as conditions, 3 conditions, 20 params
168.6678 	EXP 	Created sequence: sequential, trialTypes=3, nReps=1, seed=None
168.6681 	EXP 	New trial (rep=0, index=0): OrderedDict([('TrialIndex', 4.0), ('Jitter', 1000.0), ('ScannerRun', 1.0), ('StimType', 'ERP'), ('Order', 1.0), ('Delay', 2.0), ('CurrentImage', 'stimuli/fractals/4a.jpg'), ('CurrentX', 0.078125), ('CurrentY', 0.4166666666666667), ('TripletMemberA', 'stimuli/fractals/4a.jpg'), ('TripletMemberB', 'stimuli/fractals/4b.jpg'), ('TripletMemberC', 'stimuli/fractals/4c.jpg'), ('Xcoordinate', 0.078125), ('Ycoordinate', 0.4166666666666667), ('Xcoordinate_lure1', 0.234375), ('Ycoordinate_lure1', 0.4166666666666667), ('Xcoordinate_lure2', 0.078125), ('Ycoordinate_lure2', 0.1388888888888889), ('Xcoordinate_foil', -0.390625), ('Ycoordinate_foil', -0.1388888888888889)])
168.6834 	EXP 	start_enc_run_text: autoDraw = False
168.6834 	EXP 	start_enc_run_text: autoDraw = False
168.6834 	EXP 	enc_fx_cross: pos = array([0.078125  , 0.41666667])
168.6834 	EXP 	enc_fx_interior: autoDraw = True
168.6834 	EXP 	enc_fx_cross: autoDraw = True
169.7001 	EXP 	enc_fx_interior: autoDraw = False
169.7001 	EXP 	enc_fx_cross: autoDraw = False
169.7001 	EXP 	enc_fx_interior: autoDraw = False
169.7001 	EXP 	enc_fx_cross: autoDraw = False
169.7001 	EXP 	enc_trial_main_image: pos = array([0.078125  , 0.41666667])
169.7001 	EXP 	enc_trial_main_image: size = array([0.3125    , 0.55555556])
169.7001 	EXP 	enc_trial_main_image: image = 'stimuli/fractals/4a.jpg'
169.7001 	EXP 	enc_trial_interior: autoDraw = True
169.7001 	EXP 	enc_trial_main_image: autoDraw = True
169.8546 	DATA 	Keypress: escape
170.1706 	EXP 	window1: mouseVisible = True
