0.7008 	WARNING 	We strongly recommend you activate the PTB sound engine in PsychoPy prefs as the preferred audio engine. Its timing is vastly superior. Your prefs are currently set to use ['sounddevice', 'PTB', 'pyo', 'pygame'] (in that order).
0.7009 	WARNING 	Requested audio device 'Speakers (Realtek HD Audio output)' that is not available on this hardware. The 'audioDevice' preference should be one of ['Hangszórók (Realtek(R) Audio)']
10.9667 	WARNING 	Monitor specification not found. Creating a temporary one...
11.8352 	EXP 	Created window1 = Window(allowGUI=False, allowStencil=False, args=UNKNOWN, autoLog=True, bitsMode=UNKNOWN, blendMode='avg', bpc=(8, 8, 8), color=array([0.804, 0.804, 0.961]), colorSpace='rgb', depthBits=8, fullscr=<method-wrapper '__getattribute__' of attributeSetter object at 0x000001E9DD4CD4E0>, gamma=None, gammaErrorPolicy='raise', kwargs=UNKNOWN, lms=UNKNOWN, monitor=<psychopy.monitors.calibTools.Monitor object at 0x000001E9DD654F28>, multiSample=False, name='window1', numSamples=2, pos=[0.0, 0.0], screen=0, size=array([1920, 1080]), stencilBits=0, stereo=False, units='height', useFBO=True, useRetina=False, viewOri=0.0, viewPos=None, viewScale=None, waitBlanking=True, winType='pyglet')
11.8352 	EXP 	window1: recordFrameIntervals = False
12.0013 	EXP 	window1: recordFrameIntervals = True
12.1847 	EXP 	window1: recordFrameIntervals = False
12.3042 	EXP 	Created start_encoding_text = TextStim(__class__=<class 'psychopy.visual.text.TextStim'>, alignHoriz=method-wrapper(...), alignText='center', alignVert=method-wrapper(...), anchorHoriz='center', anchorVert='center', antialias=True, autoLog=True, bold=False, color='black', colorSpace='named', contrast=1.0, depth=0.0, flipHoriz=False, flipVert=False, font='Arial', fontFiles=[], height=0.1, italic=False, languageStyle='LTR', name='start_encoding_text', opacity=1.0, ori=0, pos=array([0., 0.]), rgb=array([0., 0., 0.]), text='default text', units='height', win=Window(...), wrapWidth=1)
12.3322 	EXP 	Created enc_instructions_1_text = TextStim(__class__=<class 'psychopy.visual.text.TextStim'>, alignHoriz=method-wrapper(...), alignText='center', alignVert=method-wrapper(...), anchorHoriz='center', anchorVert='center', antialias=True, autoLog=True, bold=False, color='black', colorSpace='named', contrast=1.0, depth=0.0, flipHoriz=False, flipVert=False, font='Arial', fontFiles=[], height=0.03, italic=False, languageStyle='LTR', name='enc_instructions_1_text', opacity=1.0, ori=0, pos=array([-0.3,  0. ]), rgb=array([0., 0., 0.]), text=str(...), units='height', win=Window(...), wrapWidth=0.65)
12.3946 	EXP 	Created enc_instructions_1_image = ImageStim(__class__=<class 'psychopy.visual.image.ImageStim'>, autoLog=True, color=array([1., 1., 1.]), colorSpace='rgb', contrast=1.0, depth=-1.0, flipHoriz=False, flipVert=False, image='stimuli/GalleryBuildingFromOutside.jpg', interpolate=True, mask=None, maskParams=None, name='enc_instructions_1_image', opacity=1.0, ori=0.0, pos=array([0.4688, 0.    ]), size=array([0.625 , 0.8333]), texRes=128, units='norm', win=Window(...))
12.3984 	EXP 	Created instructions_1_continue = TextStim(__class__=<class 'psychopy.visual.text.TextStim'>, alignHoriz=method-wrapper(...), alignText='center', alignVert=method-wrapper(...), anchorHoriz='center', anchorVert='center', antialias=True, autoLog=True, bold=False, color='black', colorSpace='named', contrast=1.0, depth=-3.0, flipHoriz=False, flipVert=False, font='Arial', fontFiles=[], height=0.03, italic=False, languageStyle='LTR', name='instructions_1_continue', opacity=1.0, ori=0, pos=array([ 0. , -0.4]), rgb=array([0., 0., 0.]), text=str(...), units='height', win=Window(...), wrapWidth=1)
12.4178 	EXP 	Created enc_instructions_2_text = TextStim(__class__=<class 'psychopy.visual.text.TextStim'>, alignHoriz=method-wrapper(...), alignText='center', alignVert=method-wrapper(...), anchorHoriz='center', anchorVert='center', antialias=True, autoLog=True, bold=False, color='black', colorSpace='named', contrast=1.0, depth=0.0, flipHoriz=False, flipVert=False, font='Arial', fontFiles=[], height=0.03, italic=False, languageStyle='LTR', name='enc_instructions_2_text', opacity=1.0, ori=0, pos=array([-0.35,  0.  ]), rgb=array([0., 0., 0.]), text=str(...), units='height', win=Window(...), wrapWidth=0.5)
12.5462 	EXP 	Created enc_instructions_2_image = ImageStim(__class__=<class 'psychopy.visual.image.ImageStim'>, autoLog=True, color=array([1., 1., 1.]), colorSpace='rgb', contrast=1.0, depth=-1.0, flipHoriz=False, flipVert=False, image='stimuli/GalleryInterior.png', interpolate=True, mask=None, maskParams=None, name='enc_instructions_2_image', opacity=1.0, ori=0.0, pos=array([0.4427, 0.    ]), size=array([0.7604, 0.8185]), texRes=128, units='norm', win=Window(...))
12.5486 	EXP 	Created instructions_2_continue = TextStim(__class__=<class 'psychopy.visual.text.TextStim'>, alignHoriz=method-wrapper(...), alignText='center', alignVert=method-wrapper(...), anchorHoriz='center', anchorVert='center', antialias=True, autoLog=True, bold=False, color='black', colorSpace='named', contrast=1.0, depth=-3.0, flipHoriz=False, flipVert=False, font='Arial', fontFiles=[], height=0.03, italic=False, languageStyle='LTR', name='instructions_2_continue', opacity=1.0, ori=0, pos=array([ 0. , -0.4]), rgb=array([0., 0., 0.]), text=str(...), units='height', win=Window(...), wrapWidth=1)
12.5753 	EXP 	Created enc_instructions_3_text = TextStim(__class__=<class 'psychopy.visual.text.TextStim'>, alignHoriz=method-wrapper(...), alignText='center', alignVert=method-wrapper(...), anchorHoriz='center', anchorVert='center', antialias=True, autoLog=True, bold=False, color='black', colorSpace='named', contrast=1.0, depth=0.0, flipHoriz=False, flipVert=False, font='Arial', fontFiles=[], height=0.04, italic=False, languageStyle='LTR', name='enc_instructions_3_text', opacity=1.0, ori=0, pos=array([0., 0.]), rgb=array([0., 0., 0.]), text=str(...), units='height', win=Window(...), wrapWidth=1)
12.5783 	EXP 	Created enc_instructions_3_continue = TextStim(__class__=<class 'psychopy.visual.text.TextStim'>, alignHoriz=method-wrapper(...), alignText='center', alignVert=method-wrapper(...), anchorHoriz='center', anchorVert='center', antialias=True, autoLog=True, bold=False, color='black', colorSpace='named', contrast=1.0, depth=-2.0, flipHoriz=False, flipVert=False, font='Arial', fontFiles=[], height=0.03, italic=False, languageStyle='LTR', name='enc_instructions_3_continue', opacity=1.0, ori=0, pos=array([ 0. , -0.4]), rgb=array([0., 0., 0.]), text=str(...), units='height', win=Window(...), wrapWidth=1)
12.5906 	EXP 	Created start_practice_text = TextStim(__class__=<class 'psychopy.visual.text.TextStim'>, alignHoriz=method-wrapper(...), alignText='center', alignVert=method-wrapper(...), anchorHoriz='center', anchorVert='center', antialias=True, autoLog=True, bold=False, color='black', colorSpace='named', contrast=1.0, depth=0.0, flipHoriz=False, flipVert=False, font='Arial', fontFiles=[], height=0.1, italic=False, languageStyle='LTR', name='start_practice_text', opacity=1.0, ori=0, pos=array([0., 0.]), rgb=array([0., 0., 0.]), text='Kezdődik a gyakorlás...', units='height', win=Window(...), wrapWidth=1)
12.7136 	EXP 	Created enc_practice_fx_interior = ImageStim(__class__=<class 'psychopy.visual.image.ImageStim'>, autoLog=True, color=array([1., 1., 1.]), colorSpace='rgb', contrast=1.0, depth=0.0, flipHoriz=False, flipVert=False, image='stimuli/GalleryInterior.png', interpolate=True, mask=None, maskParams=None, name='enc_practice_fx_interior', opacity=1.0, ori=0.0, pos=array([0., 0.]), size=array([2., 2.]), texRes=128, units='norm', win=Window(...))
12.7185 	EXP 	Created enc_practice_fx_cross = TextStim(__class__=<class 'psychopy.visual.text.TextStim'>, alignHoriz=method-wrapper(...), alignText='center', alignVert=method-wrapper(...), anchorHoriz='center', anchorVert='center', antialias=True, autoLog=True, bold=False, color='black', colorSpace='named', contrast=1.0, depth=-1.0, flipHoriz=False, flipVert=False, font='Arial', fontFiles=[], height=0.1, italic=False, languageStyle='LTR', name='enc_practice_fx_cross', opacity=1.0, ori=0, pos=array([0., 0.]), rgb=array([0., 0., 0.]), text='+', units='norm', win=Window(...), wrapWidth=1)
12.8415 	EXP 	Created enc_practice_trial_interior = ImageStim(__class__=<class 'psychopy.visual.image.ImageStim'>, autoLog=True, color=array([1., 1., 1.]), colorSpace='rgb', contrast=1.0, depth=-1.0, flipHoriz=False, flipVert=False, image='stimuli/GalleryInterior.png', interpolate=True, mask=None, maskParams=None, name='enc_practice_trial_interior', opacity=1.0, ori=0.0, pos=array([0., 0.]), size=array([2., 2.]), texRes=128, units='norm', win=Window(...))
12.8483 	EXP 	Created enc_practice_trial_main_image = ImageStim(__class__=<class 'psychopy.visual.image.ImageStim'>, autoLog=True, color=array([1., 1., 1.]), colorSpace='rgb', contrast=1.0, depth=-2.0, flipHoriz=False, flipVert=False, image='sin', interpolate=True, mask=None, maskParams=None, name='enc_practice_trial_main_image', opacity=1.0, ori=0.0, pos=array([0., 0.]), size=array([1., 1.]), texRes=128, units='norm', win=Window(...))
12.9738 	EXP 	Created enc_practice_feedback_interior = ImageStim(__class__=<class 'psychopy.visual.image.ImageStim'>, autoLog=True, color=array([1., 1., 1.]), colorSpace='rgb', contrast=1.0, depth=-1.0, flipHoriz=False, flipVert=False, image='stimuli/GalleryInterior.png', interpolate=True, mask=None, maskParams=None, name='enc_practice_feedback_interior', opacity=1.0, ori=0.0, pos=array([0., 0.]), size=array([2., 2.]), texRes=128, units='norm', win=Window(...))
12.9791 	EXP 	Created enc_practice_feedback_image = ImageStim(__class__=<class 'psychopy.visual.image.ImageStim'>, autoLog=True, color=array([1., 1., 1.]), colorSpace='rgb', contrast=1.0, depth=-2.0, flipHoriz=False, flipVert=False, image='sin', interpolate=True, mask=None, maskParams=None, name='enc_practice_feedback_image', opacity=1.0, ori=0.0, pos=array([0., 0.]), size=array([1., 1.]), texRes=128, units='norm', win=Window(...))
12.9854 	EXP 	Created enc_practice_feedback_text = TextStim(__class__=<class 'psychopy.visual.text.TextStim'>, alignHoriz=method-wrapper(...), alignText='center', alignVert=method-wrapper(...), anchorHoriz='center', anchorVert='center', antialias=True, autoLog=True, bold=False, color='black', colorSpace='named', contrast=1.0, depth=-3.0, flipHoriz=False, flipVert=False, font='Arial', fontFiles=[], height=0.05, italic=False, languageStyle='LTR', name='enc_practice_feedback_text', opacity=1.0, ori=0, pos=array([0., 0.]), rgb=array([0., 0., 0.]), text='default text', units='norm', win=Window(...), wrapWidth=1)
12.9994 	EXP 	Created end_practice_text = TextStim(__class__=<class 'psychopy.visual.text.TextStim'>, alignHoriz=method-wrapper(...), alignText='center', alignVert=method-wrapper(...), anchorHoriz='center', anchorVert='center', antialias=True, autoLog=True, bold=False, color='black', colorSpace='named', contrast=1.0, depth=0.0, flipHoriz=False, flipVert=False, font='Arial', fontFiles=[], height=0.05, italic=False, languageStyle='LTR', name='end_practice_text', opacity=1.0, ori=0, pos=array([0., 0.]), rgb=array([0., 0., 0.]), text=str(...), units='height', win=Window(...), wrapWidth=0.8)
13.0053 	EXP 	Created end_practice_continue = TextStim(__class__=<class 'psychopy.visual.text.TextStim'>, alignHoriz=method-wrapper(...), alignText='center', alignVert=method-wrapper(...), anchorHoriz='center', anchorVert='center', antialias=True, autoLog=True, bold=False, color='black', colorSpace='named', contrast=1.0, depth=-2.0, flipHoriz=False, flipVert=False, font='Arial', fontFiles=[], height=0.03, italic=False, languageStyle='LTR', name='end_practice_continue', opacity=1.0, ori=0, pos=array([ 0. , -0.4]), rgb=array([0., 0., 0.]), text=str(...), units='height', win=Window(...), wrapWidth=1)
13.0129 	EXP 	Created start_MR_text = TextStim(__class__=<class 'psychopy.visual.text.TextStim'>, alignHoriz=method-wrapper(...), alignText='center', alignVert=method-wrapper(...), anchorHoriz='center', anchorVert='center', antialias=True, autoLog=True, bold=False, color='black', colorSpace='named', contrast=1.0, depth=0.0, flipHoriz=False, flipVert=False, font='Arial', fontFiles=[], height=0.1, italic=False, languageStyle='LTR', name='start_MR_text', opacity=1.0, ori=0, pos=array([0., 0.]), rgb=array([0., 0., 0.]), text='A vizsgálatvezető indítja a szkennert...', units='norm', win=Window(...), wrapWidth=1)
13.0226 	EXP 	Created start_enc_run_text = TextStim(__class__=<class 'psychopy.visual.text.TextStim'>, alignHoriz=method-wrapper(...), alignText='center', alignVert=method-wrapper(...), anchorHoriz='center', anchorVert='center', antialias=True, autoLog=True, bold=False, color='black', colorSpace='named', contrast=1.0, depth=-2.0, flipHoriz=False, flipVert=False, font='Arial', fontFiles=[], height=0.06, italic=False, languageStyle='LTR', name='start_enc_run_text', opacity=1.0, ori=0, pos=array([0., 0.]), rgb=array([0., 0., 0.]), text='Kezdődik a feladat...', units='height', win=Window(...), wrapWidth=1)
13.1456 	EXP 	Created enc_fx_interior = ImageStim(__class__=<class 'psychopy.visual.image.ImageStim'>, autoLog=True, color=array([1., 1., 1.]), colorSpace='rgb', contrast=1.0, depth=0.0, flipHoriz=False, flipVert=False, image='stimuli/GalleryInterior.png', interpolate=True, mask=None, maskParams=None, name='enc_fx_interior', opacity=1.0, ori=0.0, pos=array([0., 0.]), size=array([2., 2.]), texRes=128, units='norm', win=Window(...))
13.1473 	EXP 	Created enc_fx_cross = TextStim(__class__=<class 'psychopy.visual.text.TextStim'>, alignHoriz=method-wrapper(...), alignText='center', alignVert=method-wrapper(...), anchorHoriz='center', anchorVert='center', antialias=True, autoLog=True, bold=False, color='black', colorSpace='named', contrast=1.0, depth=-1.0, flipHoriz=False, flipVert=False, font='Arial', fontFiles=[], height=0.1, italic=False, languageStyle='LTR', name='enc_fx_cross', opacity=1.0, ori=0, pos=array([0., 0.]), rgb=array([0., 0., 0.]), text='+', units='norm', win=Window(...), wrapWidth=1)
13.2711 	EXP 	Created enc_trial_interior = ImageStim(__class__=<class 'psychopy.visual.image.ImageStim'>, autoLog=True, color=array([1., 1., 1.]), colorSpace='rgb', contrast=1.0, depth=-1.0, flipHoriz=False, flipVert=False, image='stimuli/GalleryInterior.png', interpolate=True, mask=None, maskParams=None, name='enc_trial_interior', opacity=1.0, ori=0.0, pos=array([0., 0.]), size=array([2., 2.]), texRes=128, units='norm', win=Window(...))
13.2764 	EXP 	Created enc_trial_main_image = ImageStim(__class__=<class 'psychopy.visual.image.ImageStim'>, autoLog=True, color=array([1., 1., 1.]), colorSpace='rgb', contrast=1.0, depth=-2.0, flipHoriz=False, flipVert=False, image='sin', interpolate=True, mask=None, maskParams=None, name='enc_trial_main_image', opacity=1.0, ori=0.0, pos=array([0., 0.]), size=array([1., 1.]), texRes=128, units='norm', win=Window(...))
13.2794 	EXP 	Created end_enc_run_text = TextStim(__class__=<class 'psychopy.visual.text.TextStim'>, alignHoriz=method-wrapper(...), alignText='center', alignVert=method-wrapper(...), anchorHoriz='center', anchorVert='center', antialias=True, autoLog=True, bold=False, color='black', colorSpace='named', contrast=1.0, depth=0.0, flipHoriz=False, flipVert=False, font='Arial', fontFiles=[], height=0.06, italic=False, languageStyle='LTR', name='end_enc_run_text', opacity=1.0, ori=0, pos=array([0., 0.]), rgb=array([0., 0., 0.]), text='default text', units='height', win=Window(...), wrapWidth=1)
13.2870 	EXP 	Created enc_run_end_continue = TextStim(__class__=<class 'psychopy.visual.text.TextStim'>, alignHoriz=method-wrapper(...), alignText='center', alignVert=method-wrapper(...), anchorHoriz='center', anchorVert='center', antialias=True, autoLog=True, bold=False, color='black', colorSpace='named', contrast=1.0, depth=-2.0, flipHoriz=False, flipVert=False, font='Arial', fontFiles=[], height=0.03, italic=False, languageStyle='LTR', name='enc_run_end_continue', opacity=1.0, ori=0, pos=array([ 0. , -0.4]), rgb=array([0., 0., 0.]), text=str(...), units='height', win=Window(...), wrapWidth=1)
13.2903 	EXP 	Created inter_task_break_text = TextStim(__class__=<class 'psychopy.visual.text.TextStim'>, alignHoriz=method-wrapper(...), alignText='center', alignVert=method-wrapper(...), anchorHoriz='center', anchorVert='center', antialias=True, autoLog=True, bold=False, color='black', colorSpace='named', contrast=1.0, depth=0.0, flipHoriz=False, flipVert=False, font='Arial', fontFiles=[], height=0.03, italic=False, languageStyle='LTR', name='inter_task_break_text', opacity=1.0, ori=0, pos=array([0., 0.]), rgb=array([0., 0., 0.]), text='Most kivesszük Önt a szkennerből.', units='height', win=Window(...), wrapWidth=1)
13.3794 	EXP 	start_encoding_text: text = 'Első feladat\nGaléria berendezés'
13.3794 	EXP 	start_encoding_text: autoDraw = True
14.8178 	EXP 	start_encoding_text: autoDraw = False
14.8178 	EXP 	enc_instructions_1_text: autoDraw = True
14.8178 	EXP 	enc_instructions_1_image: autoDraw = True
19.7844 	EXP 	instructions_1_continue: autoDraw = True
20.8887 	DATA 	Keypress: d
20.9177 	EXP 	enc_instructions_1_text: autoDraw = False
20.9177 	EXP 	enc_instructions_1_image: autoDraw = False
20.9177 	EXP 	instructions_1_continue: autoDraw = False
20.9177 	EXP 	enc_instructions_2_text: autoDraw = True
20.9177 	EXP 	enc_instructions_2_image: autoDraw = True
25.9009 	EXP 	instructions_2_continue: autoDraw = True
26.6737 	DATA 	Keypress: d
26.6842 	EXP 	enc_instructions_2_text: autoDraw = False
26.6842 	EXP 	enc_instructions_2_image: autoDraw = False
26.6842 	EXP 	instructions_2_continue: autoDraw = False
26.6842 	EXP 	enc_instructions_3_text: autoDraw = True
31.6674 	EXP 	enc_instructions_3_continue: autoDraw = True
32.5737 	DATA 	Keypress: d
32.5840 	EXP 	enc_instructions_3_text: autoDraw = False
32.5840 	EXP 	enc_instructions_3_continue: autoDraw = False
32.5840 	EXP 	start_practice_text: autoDraw = True
33.6037 	EXP 	Imported stimuli_tables/encoding_practice_trials.csv as conditions, 9 conditions, 9 params
33.6039 	EXP 	Created sequence: sequential, trialTypes=9, nReps=1, seed=None
33.6042 	EXP 	New trial (rep=0, index=0): OrderedDict([('Task', 'EncodingPractice'), ('TrialType', 'OBJ'), ('StimType', 'LURE'), ('Order', 1), ('CurrentImage', 'stimuli/fractals/166a.jpg'), ('CurrentX', -0.0781), ('CurrentY', 0.4167), ('Jitter', 1500), ('Section', 'Encoding')])
33.6174 	EXP 	start_practice_text: autoDraw = False
33.6174 	EXP 	start_practice_text: autoDraw = False
33.6174 	EXP 	enc_practice_fx_cross: pos = array([-0.0781,  0.4167])
33.6174 	EXP 	enc_practice_fx_interior: autoDraw = True
33.6174 	EXP 	enc_practice_fx_cross: autoDraw = True
35.1503 	EXP 	enc_practice_fx_interior: autoDraw = False
35.1503 	EXP 	enc_practice_fx_cross: autoDraw = False
35.1503 	EXP 	enc_practice_fx_interior: autoDraw = False
35.1503 	EXP 	enc_practice_fx_cross: autoDraw = False
35.1503 	EXP 	enc_practice_trial_main_image: pos = array([-0.0781,  0.4167])
35.1503 	EXP 	enc_practice_trial_main_image: size = array([0.3125    , 0.55555556])
35.1503 	EXP 	enc_practice_trial_main_image: image = 'stimuli/fractals/166a.jpg'
35.1503 	EXP 	enc_practice_trial_interior: autoDraw = True
35.1503 	EXP 	enc_practice_trial_main_image: autoDraw = True
36.5706 	DATA 	Keypress: c
38.1669 	EXP 	enc_practice_trial_interior: autoDraw = False
38.1669 	EXP 	enc_practice_trial_main_image: autoDraw = False
38.1669 	EXP 	enc_practice_feedback_image: pos = array([-0.0781,  0.4167])
38.1669 	EXP 	enc_practice_feedback_image: size = array([0.3125    , 0.55555556])
38.1669 	EXP 	enc_practice_feedback_image: image = 'stimuli/fractals/166a.jpg'
38.1669 	EXP 	enc_practice_feedback_text: pos = array([-0.0781,  0.0167])
38.1669 	EXP 	enc_practice_feedback_text: text = 'Az Ön válasza:\nA kép marad.'
38.1669 	EXP 	enc_practice_feedback_interior: autoDraw = True
38.1669 	EXP 	enc_practice_feedback_image: autoDraw = True
38.1669 	EXP 	enc_practice_feedback_text: autoDraw = True
39.1177 	EXP 	New trial (rep=0, index=1): OrderedDict([('Task', 'EncodingPractice'), ('TrialType', 'OBJ'), ('StimType', 'TARGET'), ('Order', 1), ('CurrentImage', 'stimuli/fractals/167a.jpg'), ('CurrentX', 0.2344), ('CurrentY', 0.4167), ('Jitter', 500), ('Section', 'Encoding')])
39.1335 	EXP 	enc_practice_feedback_interior: autoDraw = False
39.1335 	EXP 	enc_practice_feedback_image: autoDraw = False
39.1335 	EXP 	enc_practice_feedback_text: autoDraw = False
39.1335 	EXP 	enc_practice_fx_cross: pos = array([0.2344, 0.4167])
39.1335 	EXP 	enc_practice_fx_interior: autoDraw = True
39.1335 	EXP 	enc_practice_fx_cross: autoDraw = True
39.6335 	EXP 	enc_practice_fx_interior: autoDraw = False
39.6335 	EXP 	enc_practice_fx_cross: autoDraw = False
39.6335 	EXP 	enc_practice_fx_interior: autoDraw = False
39.6335 	EXP 	enc_practice_fx_cross: autoDraw = False
39.6335 	EXP 	enc_practice_trial_main_image: pos = array([0.2344, 0.4167])
39.6335 	EXP 	enc_practice_trial_main_image: size = array([0.3125    , 0.55555556])
39.6335 	EXP 	enc_practice_trial_main_image: image = 'stimuli/fractals/167a.jpg'
39.6335 	EXP 	enc_practice_trial_interior: autoDraw = True
39.6335 	EXP 	enc_practice_trial_main_image: autoDraw = True
42.0204 	DATA 	Keypress: b
42.6501 	EXP 	enc_practice_trial_interior: autoDraw = False
42.6501 	EXP 	enc_practice_trial_main_image: autoDraw = False
42.6501 	EXP 	enc_practice_trial_interior: autoDraw = False
42.6501 	EXP 	enc_practice_trial_main_image: autoDraw = False
42.6501 	EXP 	enc_practice_feedback_image: pos = array([0.2344, 0.4167])
42.6501 	EXP 	enc_practice_feedback_image: size = array([0.3125    , 0.55555556])
42.6501 	EXP 	enc_practice_feedback_image: image = 'stimuli/fractals/167a.jpg'
42.6501 	EXP 	enc_practice_feedback_text: pos = array([0.2344, 0.0167])
42.6501 	EXP 	enc_practice_feedback_text: text = 'Az Ön válasza:\nA kép nem marad.'
42.6501 	EXP 	enc_practice_feedback_interior: autoDraw = True
42.6501 	EXP 	enc_practice_feedback_image: autoDraw = True
42.6501 	EXP 	enc_practice_feedback_text: autoDraw = True
43.6340 	EXP 	New trial (rep=0, index=2): OrderedDict([('Task', 'EncodingPractice'), ('TrialType', 'OBJ'), ('StimType', 'FOIL'), ('Order', 1), ('CurrentImage', 'stimuli/fractals/149a.jpg'), ('CurrentX', 0.2344), ('CurrentY', -0.1389), ('Jitter', 1000), ('Section', 'Encoding')])
43.6501 	EXP 	enc_practice_feedback_interior: autoDraw = False
43.6501 	EXP 	enc_practice_feedback_image: autoDraw = False
43.6501 	EXP 	enc_practice_feedback_text: autoDraw = False
43.6501 	EXP 	enc_practice_fx_cross: pos = array([ 0.2344, -0.1389])
43.6501 	EXP 	enc_practice_fx_interior: autoDraw = True
43.6501 	EXP 	enc_practice_fx_cross: autoDraw = True
44.6501 	EXP 	enc_practice_fx_interior: autoDraw = False
44.6501 	EXP 	enc_practice_fx_cross: autoDraw = False
44.6501 	EXP 	enc_practice_fx_interior: autoDraw = False
44.6501 	EXP 	enc_practice_fx_cross: autoDraw = False
44.6501 	EXP 	enc_practice_trial_main_image: pos = array([ 0.2344, -0.1389])
44.6501 	EXP 	enc_practice_trial_main_image: size = array([0.3125    , 0.55555556])
44.6501 	EXP 	enc_practice_trial_main_image: image = 'stimuli/fractals/149a.jpg'
44.6501 	EXP 	enc_practice_trial_interior: autoDraw = True
44.6501 	EXP 	enc_practice_trial_main_image: autoDraw = True
45.0706 	DATA 	Keypress: b
47.6500 	EXP 	enc_practice_trial_interior: autoDraw = False
47.6500 	EXP 	enc_practice_trial_main_image: autoDraw = False
47.6500 	EXP 	enc_practice_trial_interior: autoDraw = False
47.6500 	EXP 	enc_practice_trial_main_image: autoDraw = False
47.6500 	EXP 	enc_practice_feedback_image: pos = array([ 0.2344, -0.1389])
47.6500 	EXP 	enc_practice_feedback_image: size = array([0.3125    , 0.55555556])
47.6500 	EXP 	enc_practice_feedback_image: image = 'stimuli/fractals/149a.jpg'
47.6500 	EXP 	enc_practice_feedback_text: pos = array([ 0.2344, -0.5389])
47.6500 	EXP 	enc_practice_feedback_text: text = 'Az Ön válasza:\nA kép nem marad.'
47.6500 	EXP 	enc_practice_feedback_interior: autoDraw = True
47.6500 	EXP 	enc_practice_feedback_image: autoDraw = True
47.6500 	EXP 	enc_practice_feedback_text: autoDraw = True
48.6358 	EXP 	New trial (rep=0, index=3): OrderedDict([('Task', 'EncodingPractice'), ('TrialType', 'LOC'), ('StimType', 'FOIL'), ('Order', 1), ('CurrentImage', 'stimuli/fractals/148b.jpg'), ('CurrentX', 0.2344), ('CurrentY', -0.1389), ('Jitter', 1000), ('Section', 'Encoding')])
48.6500 	EXP 	enc_practice_feedback_interior: autoDraw = False
48.6500 	EXP 	enc_practice_feedback_image: autoDraw = False
48.6500 	EXP 	enc_practice_feedback_text: autoDraw = False
48.6500 	EXP 	enc_practice_feedback_interior: autoDraw = False
48.6500 	EXP 	enc_practice_feedback_image: autoDraw = False
48.6500 	EXP 	enc_practice_feedback_text: autoDraw = False
48.6500 	EXP 	enc_practice_fx_cross: pos = array([ 0.2344, -0.1389])
48.6500 	EXP 	enc_practice_fx_interior: autoDraw = True
48.6500 	EXP 	enc_practice_fx_cross: autoDraw = True
49.6500 	EXP 	enc_practice_fx_interior: autoDraw = False
49.6500 	EXP 	enc_practice_fx_cross: autoDraw = False
49.6500 	EXP 	enc_practice_fx_interior: autoDraw = False
49.6500 	EXP 	enc_practice_fx_cross: autoDraw = False
49.6500 	EXP 	enc_practice_trial_main_image: pos = array([ 0.2344, -0.1389])
49.6500 	EXP 	enc_practice_trial_main_image: size = array([0.3125    , 0.55555556])
49.6500 	EXP 	enc_practice_trial_main_image: image = 'stimuli/fractals/148b.jpg'
49.6500 	EXP 	enc_practice_trial_interior: autoDraw = True
49.6500 	EXP 	enc_practice_trial_main_image: autoDraw = True
50.2706 	DATA 	Keypress: b
52.6499 	EXP 	enc_practice_trial_interior: autoDraw = False
52.6499 	EXP 	enc_practice_trial_main_image: autoDraw = False
52.6499 	EXP 	enc_practice_trial_interior: autoDraw = False
52.6499 	EXP 	enc_practice_trial_main_image: autoDraw = False
52.6499 	EXP 	enc_practice_feedback_image: pos = array([ 0.2344, -0.1389])
52.6499 	EXP 	enc_practice_feedback_image: size = array([0.3125    , 0.55555556])
52.6499 	EXP 	enc_practice_feedback_image: image = 'stimuli/fractals/148b.jpg'
52.6499 	EXP 	enc_practice_feedback_text: pos = array([ 0.2344, -0.5389])
52.6499 	EXP 	enc_practice_feedback_text: text = 'Az Ön válasza:\nA kép nem marad.'
52.6499 	EXP 	enc_practice_feedback_interior: autoDraw = True
52.6499 	EXP 	enc_practice_feedback_image: autoDraw = True
52.6499 	EXP 	enc_practice_feedback_text: autoDraw = True
53.6358 	EXP 	New trial (rep=0, index=4): OrderedDict([('Task', 'EncodingPractice'), ('TrialType', 'LOC'), ('StimType', 'LURE'), ('Order', 1), ('CurrentImage', 'stimuli/fractals/159a.jpg'), ('CurrentX', -0.3906), ('CurrentY', 0.4167), ('Jitter', 5000), ('Section', 'Encoding')])
53.6499 	EXP 	enc_practice_feedback_interior: autoDraw = False
53.6499 	EXP 	enc_practice_feedback_image: autoDraw = False
53.6499 	EXP 	enc_practice_feedback_text: autoDraw = False
53.6499 	EXP 	enc_practice_feedback_interior: autoDraw = False
53.6499 	EXP 	enc_practice_feedback_image: autoDraw = False
53.6499 	EXP 	enc_practice_feedback_text: autoDraw = False
53.6499 	EXP 	enc_practice_fx_cross: pos = array([-0.3906,  0.4167])
53.6499 	EXP 	enc_practice_fx_interior: autoDraw = True
53.6499 	EXP 	enc_practice_fx_cross: autoDraw = True
55.5377 	DATA 	Keypress: b
58.6665 	EXP 	enc_practice_fx_interior: autoDraw = False
58.6665 	EXP 	enc_practice_fx_cross: autoDraw = False
58.6665 	EXP 	enc_practice_fx_interior: autoDraw = False
58.6665 	EXP 	enc_practice_fx_cross: autoDraw = False
58.6665 	EXP 	enc_practice_trial_main_image: pos = array([-0.3906,  0.4167])
58.6665 	EXP 	enc_practice_trial_main_image: size = array([0.3125    , 0.55555556])
58.6665 	EXP 	enc_practice_trial_main_image: image = 'stimuli/fractals/159a.jpg'
58.6665 	EXP 	enc_practice_trial_interior: autoDraw = True
58.6665 	EXP 	enc_practice_trial_main_image: autoDraw = True
61.6831 	EXP 	enc_practice_trial_interior: autoDraw = False
61.6831 	EXP 	enc_practice_trial_main_image: autoDraw = False
61.6831 	EXP 	enc_practice_feedback_image: pos = array([-0.3906,  0.4167])
61.6831 	EXP 	enc_practice_feedback_image: size = array([0.3125    , 0.55555556])
61.6831 	EXP 	enc_practice_feedback_image: image = 'stimuli/fractals/159a.jpg'
61.6831 	EXP 	enc_practice_feedback_text: pos = array([-0.3906,  0.0167])
61.6831 	EXP 	enc_practice_feedback_text: text = 'Nem adott választ.'
61.6831 	EXP 	enc_practice_feedback_interior: autoDraw = True
61.6831 	EXP 	enc_practice_feedback_image: autoDraw = True
61.6831 	EXP 	enc_practice_feedback_text: autoDraw = True
62.6503 	EXP 	New trial (rep=0, index=5): OrderedDict([('Task', 'EncodingPractice'), ('TrialType', 'OBJ'), ('StimType', 'LURE'), ('Order', 1), ('CurrentImage', 'stimuli/fractals/177b.jpg'), ('CurrentX', -0.3906), ('CurrentY', 0.4167), ('Jitter', 800), ('Section', 'Encoding')])
62.6665 	EXP 	enc_practice_feedback_interior: autoDraw = False
62.6665 	EXP 	enc_practice_feedback_image: autoDraw = False
62.6665 	EXP 	enc_practice_feedback_text: autoDraw = False
62.6665 	EXP 	enc_practice_fx_cross: pos = array([-0.3906,  0.4167])
62.6665 	EXP 	enc_practice_fx_interior: autoDraw = True
62.6665 	EXP 	enc_practice_fx_cross: autoDraw = True
63.4831 	EXP 	enc_practice_fx_interior: autoDraw = False
63.4831 	EXP 	enc_practice_fx_cross: autoDraw = False
63.4831 	EXP 	enc_practice_fx_interior: autoDraw = False
63.4831 	EXP 	enc_practice_fx_cross: autoDraw = False
63.4831 	EXP 	enc_practice_trial_main_image: pos = array([-0.3906,  0.4167])
63.4831 	EXP 	enc_practice_trial_main_image: size = array([0.3125    , 0.55555556])
63.4831 	EXP 	enc_practice_trial_main_image: image = 'stimuli/fractals/177b.jpg'
63.4831 	EXP 	enc_practice_trial_interior: autoDraw = True
63.4831 	EXP 	enc_practice_trial_main_image: autoDraw = True
64.0705 	DATA 	Keypress: b
66.4997 	EXP 	enc_practice_trial_interior: autoDraw = False
66.4997 	EXP 	enc_practice_trial_main_image: autoDraw = False
66.4997 	EXP 	enc_practice_feedback_image: pos = array([-0.3906,  0.4167])
66.4997 	EXP 	enc_practice_feedback_image: size = array([0.3125    , 0.55555556])
66.4997 	EXP 	enc_practice_feedback_image: image = 'stimuli/fractals/177b.jpg'
66.4997 	EXP 	enc_practice_feedback_text: pos = array([-0.3906,  0.0167])
66.4997 	EXP 	enc_practice_feedback_text: text = 'Az Ön válasza:\nA kép nem marad.'
66.4997 	EXP 	enc_practice_feedback_interior: autoDraw = True
66.4997 	EXP 	enc_practice_feedback_image: autoDraw = True
66.4997 	EXP 	enc_practice_feedback_text: autoDraw = True
67.4669 	EXP 	New trial (rep=0, index=6): OrderedDict([('Task', 'EncodingPractice'), ('TrialType', '-'), ('StimType', '-'), ('Order', 1), ('CurrentImage', 'stimuli/fractals/181c.jpg'), ('CurrentX', -0.0781), ('CurrentY', -0.1389), ('Jitter', 3000), ('Section', 'Encoding')])
67.4830 	EXP 	enc_practice_feedback_interior: autoDraw = False
67.4830 	EXP 	enc_practice_feedback_image: autoDraw = False
67.4830 	EXP 	enc_practice_feedback_text: autoDraw = False
67.4830 	EXP 	enc_practice_fx_cross: pos = array([-0.0781, -0.1389])
67.4830 	EXP 	enc_practice_fx_interior: autoDraw = True
67.4830 	EXP 	enc_practice_fx_cross: autoDraw = True
70.4996 	EXP 	enc_practice_fx_interior: autoDraw = False
70.4996 	EXP 	enc_practice_fx_cross: autoDraw = False
70.4996 	EXP 	enc_practice_fx_interior: autoDraw = False
70.4996 	EXP 	enc_practice_fx_cross: autoDraw = False
70.4996 	EXP 	enc_practice_trial_main_image: pos = array([-0.0781, -0.1389])
70.4996 	EXP 	enc_practice_trial_main_image: size = array([0.3125    , 0.55555556])
70.4996 	EXP 	enc_practice_trial_main_image: image = 'stimuli/fractals/181c.jpg'
70.4996 	EXP 	enc_practice_trial_interior: autoDraw = True
70.4996 	EXP 	enc_practice_trial_main_image: autoDraw = True
71.2370 	DATA 	Keypress: b
73.5162 	EXP 	enc_practice_trial_interior: autoDraw = False
73.5162 	EXP 	enc_practice_trial_main_image: autoDraw = False
73.5162 	EXP 	enc_practice_feedback_image: pos = array([-0.0781, -0.1389])
73.5162 	EXP 	enc_practice_feedback_image: size = array([0.3125    , 0.55555556])
73.5162 	EXP 	enc_practice_feedback_image: image = 'stimuli/fractals/181c.jpg'
73.5162 	EXP 	enc_practice_feedback_text: pos = array([-0.0781, -0.5389])
73.5162 	EXP 	enc_practice_feedback_text: text = 'Az Ön válasza:\nA kép nem marad.'
73.5162 	EXP 	enc_practice_feedback_interior: autoDraw = True
73.5162 	EXP 	enc_practice_feedback_image: autoDraw = True
73.5162 	EXP 	enc_practice_feedback_text: autoDraw = True
74.4834 	EXP 	New trial (rep=0, index=7): OrderedDict([('Task', 'EncodingPractice'), ('TrialType', '-'), ('StimType', '-'), ('Order', 1), ('CurrentImage', 'stimuli/fractals/163a.jpg'), ('CurrentX', -0.2344), ('CurrentY', -0.4167), ('Jitter', 800), ('Section', 'Encoding')])
74.4995 	EXP 	enc_practice_feedback_interior: autoDraw = False
74.4995 	EXP 	enc_practice_feedback_image: autoDraw = False
74.4995 	EXP 	enc_practice_feedback_text: autoDraw = False
74.4995 	EXP 	enc_practice_fx_cross: pos = array([-0.2344, -0.4167])
74.4995 	EXP 	enc_practice_fx_interior: autoDraw = True
74.4995 	EXP 	enc_practice_fx_cross: autoDraw = True
75.3162 	EXP 	enc_practice_fx_interior: autoDraw = False
75.3162 	EXP 	enc_practice_fx_cross: autoDraw = False
75.3162 	EXP 	enc_practice_fx_interior: autoDraw = False
75.3162 	EXP 	enc_practice_fx_cross: autoDraw = False
75.3162 	EXP 	enc_practice_trial_main_image: pos = array([-0.2344, -0.4167])
75.3162 	EXP 	enc_practice_trial_main_image: size = array([0.3125    , 0.55555556])
75.3162 	EXP 	enc_practice_trial_main_image: image = 'stimuli/fractals/163a.jpg'
75.3162 	EXP 	enc_practice_trial_interior: autoDraw = True
75.3162 	EXP 	enc_practice_trial_main_image: autoDraw = True
75.9866 	DATA 	Keypress: b
78.3327 	EXP 	enc_practice_trial_interior: autoDraw = False
78.3327 	EXP 	enc_practice_trial_main_image: autoDraw = False
78.3327 	EXP 	enc_practice_feedback_image: pos = array([-0.2344, -0.4167])
78.3327 	EXP 	enc_practice_feedback_image: size = array([0.3125    , 0.55555556])
78.3327 	EXP 	enc_practice_feedback_image: image = 'stimuli/fractals/163a.jpg'
78.3327 	EXP 	enc_practice_feedback_text: pos = array([-0.2344, -0.8167])
78.3327 	EXP 	enc_practice_feedback_text: text = 'Az Ön válasza:\nA kép nem marad.'
78.3327 	EXP 	enc_practice_feedback_interior: autoDraw = True
78.3327 	EXP 	enc_practice_feedback_image: autoDraw = True
78.3327 	EXP 	enc_practice_feedback_text: autoDraw = True
79.3003 	EXP 	New trial (rep=0, index=8): OrderedDict([('Task', 'EncodingPractice'), ('TrialType', 'LOC'), ('StimType', 'TARGET'), ('Order', 1), ('CurrentImage', 'stimuli/fractals/166a.jpg'), ('CurrentX', -0.0781), ('CurrentY', 0.4167), ('Jitter', 1500), ('Section', 'Encoding')])
79.3161 	EXP 	enc_practice_feedback_interior: autoDraw = False
79.3161 	EXP 	enc_practice_feedback_image: autoDraw = False
79.3161 	EXP 	enc_practice_feedback_text: autoDraw = False
79.3161 	EXP 	enc_practice_fx_cross: pos = array([-0.0781,  0.4167])
79.3161 	EXP 	enc_practice_fx_interior: autoDraw = True
79.3161 	EXP 	enc_practice_fx_cross: autoDraw = True
80.8327 	EXP 	enc_practice_fx_interior: autoDraw = False
80.8327 	EXP 	enc_practice_fx_cross: autoDraw = False
80.8327 	EXP 	enc_practice_fx_interior: autoDraw = False
80.8327 	EXP 	enc_practice_fx_cross: autoDraw = False
80.8327 	EXP 	enc_practice_trial_main_image: pos = array([-0.0781,  0.4167])
80.8327 	EXP 	enc_practice_trial_main_image: size = array([0.3125    , 0.55555556])
80.8327 	EXP 	enc_practice_trial_main_image: image = 'stimuli/fractals/166a.jpg'
80.8327 	EXP 	enc_practice_trial_interior: autoDraw = True
80.8327 	EXP 	enc_practice_trial_main_image: autoDraw = True
82.0537 	DATA 	Keypress: c
83.8493 	EXP 	enc_practice_trial_interior: autoDraw = False
83.8493 	EXP 	enc_practice_trial_main_image: autoDraw = False
83.8493 	EXP 	enc_practice_feedback_image: pos = array([-0.0781,  0.4167])
83.8493 	EXP 	enc_practice_feedback_image: size = array([0.3125    , 0.55555556])
83.8493 	EXP 	enc_practice_feedback_image: image = 'stimuli/fractals/166a.jpg'
83.8493 	EXP 	enc_practice_feedback_text: pos = array([-0.0781,  0.0167])
83.8493 	EXP 	enc_practice_feedback_text: text = 'Az Ön válasza:\nA kép marad.'
83.8493 	EXP 	enc_practice_feedback_interior: autoDraw = True
83.8493 	EXP 	enc_practice_feedback_image: autoDraw = True
83.8493 	EXP 	enc_practice_feedback_text: autoDraw = True
84.8326 	EXP 	enc_practice_feedback_interior: autoDraw = False
84.8326 	EXP 	enc_practice_feedback_image: autoDraw = False
84.8326 	EXP 	enc_practice_feedback_text: autoDraw = False
84.8326 	EXP 	end_practice_text: autoDraw = True
85.8159 	EXP 	end_practice_continue: autoDraw = True
88.3200 	EXP 	Created sequence: sequential, trialTypes=1, nReps=2, seed=None
88.3205 	EXP 	New trial (rep=0, index=0): None
88.3234 	DATA 	Keypress: d
88.3326 	EXP 	end_practice_text: autoDraw = False
88.3326 	EXP 	end_practice_continue: autoDraw = False
88.3326 	EXP 	start_MR_text: autoDraw = True
91.2217 	DATA 	Keypress: s
91.2325 	EXP 	start_MR_text: autoDraw = False
91.2325 	EXP 	start_enc_run_text: autoDraw = True
94.0696 	DATA 	Keypress: s
94.2661 	EXP 	Imported stimuli_tables/encoding_trials_2.csv as conditions, 3 conditions, 20 params
94.2664 	EXP 	Created sequence: sequential, trialTypes=3, nReps=1, seed=None
94.2668 	EXP 	New trial (rep=0, index=0): OrderedDict([('TrialIndex', 1.0), ('Jitter', 2000.0), ('ScannerRun', 1.0), ('StimType', 'OLP'), ('Order', 1.0), ('Delay', 3.0), ('CurrentImage', 'stimuli/fractals/131c.jpg'), ('CurrentX', -0.234375), ('CurrentY', 0.1388888888888889), ('TripletMemberA', 'stimuli/fractals/131c.jpg'), ('TripletMemberB', 'stimuli/fractals/131b.jpg'), ('TripletMemberC', 'stimuli/fractals/131a.jpg'), ('Xcoordinate', -0.234375), ('Ycoordinate', 0.1388888888888889), ('Xcoordinate_lure1', -0.234375), ('Ycoordinate_lure1', -0.1388888888888889), ('Xcoordinate_lure2', -0.078125), ('Ycoordinate_lure2', 0.1388888888888889), ('Xcoordinate_foil', 0.234375), ('Ycoordinate_foil', -0.4166666666666667)])
94.3199 	EXP 	window1: mouseVisible = True
