0.6776 	WARNING 	We strongly recommend you activate the PTB sound engine in PsychoPy prefs as the preferred audio engine. Its timing is vastly superior. Your prefs are currently set to use ['sounddevice', 'PTB', 'pyo', 'pygame'] (in that order).
0.6777 	WARNING 	Requested audio device 'Speakers (Realtek HD Audio output)' that is not available on this hardware. The 'audioDevice' preference should be one of ['24P1W1 (NVIDIA High Definition ']
10.5114 	WARNING 	Monitor specification not found. Creating a temporary one...
11.3325 	EXP 	Created window1 = Window(allowGUI=False, allowStencil=False, args=UNKNOWN, autoLog=True, bitsMode=UNKNOWN, blendMode='avg', bpc=(8, 8, 8), color=array([0.804, 0.804, 0.961]), colorSpace='rgb', depthBits=8, fullscr=<method-wrapper '__getattribute__' of attributeSetter object at 0x00000224FA5A8C50>, gamma=None, gammaErrorPolicy='raise', kwargs=UNKNOWN, lms=UNKNOWN, monitor=<psychopy.monitors.calibTools.Monitor object at 0x00000224FA3859B0>, multiSample=False, name='window1', numSamples=2, pos=[0.0, 0.0], screen=0, size=array([1920, 1080]), stencilBits=0, stereo=False, units='height', useFBO=True, useRetina=False, viewOri=0.0, viewPos=None, viewScale=None, waitBlanking=True, winType='pyglet')
11.3325 	EXP 	window1: recordFrameIntervals = False
11.4987 	EXP 	window1: recordFrameIntervals = True
11.6821 	EXP 	window1: recordFrameIntervals = False
11.8056 	EXP 	Created start_encoding_text = TextStim(__class__=<class 'psychopy.visual.text.TextStim'>, alignHoriz=method-wrapper(...), alignText='center', alignVert=method-wrapper(...), anchorHoriz='center', anchorVert='center', antialias=True, autoLog=True, bold=False, color='black', colorSpace='named', contrast=1.0, depth=0.0, flipHoriz=False, flipVert=False, font='Arial', fontFiles=[], height=0.1, italic=False, languageStyle='LTR', name='start_encoding_text', opacity=1.0, ori=0, pos=array([0., 0.]), rgb=array([0., 0., 0.]), text='default text', units='height', win=Window(...), wrapWidth=1)
11.8325 	EXP 	Created enc_instructions_1_text = TextStim(__class__=<class 'psychopy.visual.text.TextStim'>, alignHoriz=method-wrapper(...), alignText='center', alignVert=method-wrapper(...), anchorHoriz='center', anchorVert='center', antialias=True, autoLog=True, bold=False, color='black', colorSpace='named', contrast=1.0, depth=0.0, flipHoriz=False, flipVert=False, font='Arial', fontFiles=[], height=0.03, italic=False, languageStyle='LTR', name='enc_instructions_1_text', opacity=1.0, ori=0, pos=array([-0.3,  0. ]), rgb=array([0., 0., 0.]), text=str(...), units='height', win=Window(...), wrapWidth=0.65)
11.8878 	EXP 	Created enc_instructions_1_image = ImageStim(__class__=<class 'psychopy.visual.image.ImageStim'>, autoLog=True, color=array([1., 1., 1.]), colorSpace='rgb', contrast=1.0, depth=-1.0, flipHoriz=False, flipVert=False, image='stimuli/GalleryBuildingFromOutside.jpg', interpolate=True, mask=None, maskParams=None, name='enc_instructions_1_image', opacity=1.0, ori=0.0, pos=array([0.4688, 0.    ]), size=array([0.625 , 0.8333]), texRes=128, units='norm', win=Window(...))
11.8910 	EXP 	Created instructions_1_continue = TextStim(__class__=<class 'psychopy.visual.text.TextStim'>, alignHoriz=method-wrapper(...), alignText='center', alignVert=method-wrapper(...), anchorHoriz='center', anchorVert='center', antialias=True, autoLog=True, bold=False, color='black', colorSpace='named', contrast=1.0, depth=-3.0, flipHoriz=False, flipVert=False, font='Arial', fontFiles=[], height=0.03, italic=False, languageStyle='LTR', name='instructions_1_continue', opacity=1.0, ori=0, pos=array([ 0. , -0.4]), rgb=array([0., 0., 0.]), text=str(...), units='height', win=Window(...), wrapWidth=1)
11.9085 	EXP 	Created enc_instructions_2_text = TextStim(__class__=<class 'psychopy.visual.text.TextStim'>, alignHoriz=method-wrapper(...), alignText='center', alignVert=method-wrapper(...), anchorHoriz='center', anchorVert='center', antialias=True, autoLog=True, bold=False, color='black', colorSpace='named', contrast=1.0, depth=0.0, flipHoriz=False, flipVert=False, font='Arial', fontFiles=[], height=0.03, italic=False, languageStyle='LTR', name='enc_instructions_2_text', opacity=1.0, ori=0, pos=array([-0.35,  0.  ]), rgb=array([0., 0., 0.]), text=str(...), units='height', win=Window(...), wrapWidth=0.5)
12.0301 	EXP 	Created enc_instructions_2_image = ImageStim(__class__=<class 'psychopy.visual.image.ImageStim'>, autoLog=True, color=array([1., 1., 1.]), colorSpace='rgb', contrast=1.0, depth=-1.0, flipHoriz=False, flipVert=False, image='stimuli/GalleryInterior.png', interpolate=True, mask=None, maskParams=None, name='enc_instructions_2_image', opacity=1.0, ori=0.0, pos=array([0.4427, 0.    ]), size=array([0.7604, 0.8185]), texRes=128, units='norm', win=Window(...))
12.0325 	EXP 	Created instructions_2_continue = TextStim(__class__=<class 'psychopy.visual.text.TextStim'>, alignHoriz=method-wrapper(...), alignText='center', alignVert=method-wrapper(...), anchorHoriz='center', anchorVert='center', antialias=True, autoLog=True, bold=False, color='black', colorSpace='named', contrast=1.0, depth=-3.0, flipHoriz=False, flipVert=False, font='Arial', fontFiles=[], height=0.03, italic=False, languageStyle='LTR', name='instructions_2_continue', opacity=1.0, ori=0, pos=array([ 0. , -0.4]), rgb=array([0., 0., 0.]), text=str(...), units='height', win=Window(...), wrapWidth=1)
12.0594 	EXP 	Created enc_instructions_3_text = TextStim(__class__=<class 'psychopy.visual.text.TextStim'>, alignHoriz=method-wrapper(...), alignText='center', alignVert=method-wrapper(...), anchorHoriz='center', anchorVert='center', antialias=True, autoLog=True, bold=False, color='black', colorSpace='named', contrast=1.0, depth=0.0, flipHoriz=False, flipVert=False, font='Arial', fontFiles=[], height=0.04, italic=False, languageStyle='LTR', name='enc_instructions_3_text', opacity=1.0, ori=0, pos=array([0., 0.]), rgb=array([0., 0., 0.]), text=str(...), units='height', win=Window(...), wrapWidth=1)
12.0630 	EXP 	Created enc_instructions_3_continue = TextStim(__class__=<class 'psychopy.visual.text.TextStim'>, alignHoriz=method-wrapper(...), alignText='center', alignVert=method-wrapper(...), anchorHoriz='center', anchorVert='center', antialias=True, autoLog=True, bold=False, color='black', colorSpace='named', contrast=1.0, depth=-2.0, flipHoriz=False, flipVert=False, font='Arial', fontFiles=[], height=0.03, italic=False, languageStyle='LTR', name='enc_instructions_3_continue', opacity=1.0, ori=0, pos=array([ 0. , -0.4]), rgb=array([0., 0., 0.]), text=str(...), units='height', win=Window(...), wrapWidth=1)
12.0756 	EXP 	Created start_practice_text = TextStim(__class__=<class 'psychopy.visual.text.TextStim'>, alignHoriz=method-wrapper(...), alignText='center', alignVert=method-wrapper(...), anchorHoriz='center', anchorVert='center', antialias=True, autoLog=True, bold=False, color='black', colorSpace='named', contrast=1.0, depth=0.0, flipHoriz=False, flipVert=False, font='Arial', fontFiles=[], height=0.1, italic=False, languageStyle='LTR', name='start_practice_text', opacity=1.0, ori=0, pos=array([0., 0.]), rgb=array([0., 0., 0.]), text='Kezdődik a gyakorlás...', units='height', win=Window(...), wrapWidth=1)
12.1915 	EXP 	Created enc_fx_interior = ImageStim(__class__=<class 'psychopy.visual.image.ImageStim'>, autoLog=True, color=array([1., 1., 1.]), colorSpace='rgb', contrast=1.0, depth=0.0, flipHoriz=False, flipVert=False, image='stimuli/GalleryInterior.png', interpolate=True, mask=None, maskParams=None, name='enc_fx_interior', opacity=1.0, ori=0.0, pos=array([0., 0.]), size=array([2., 2.]), texRes=128, units='norm', win=Window(...))
12.1957 	EXP 	Created enc_fx_cross = TextStim(__class__=<class 'psychopy.visual.text.TextStim'>, alignHoriz=method-wrapper(...), alignText='center', alignVert=method-wrapper(...), anchorHoriz='center', anchorVert='center', antialias=True, autoLog=True, bold=False, color='black', colorSpace='named', contrast=1.0, depth=-1.0, flipHoriz=False, flipVert=False, font='Arial', fontFiles=[], height=0.1, italic=False, languageStyle='LTR', name='enc_fx_cross', opacity=1.0, ori=0, pos=array([0., 0.]), rgb=array([0., 0., 0.]), text='+', units='norm', win=Window(...), wrapWidth=1)
12.3015 	EXP 	Created enc_trial_interior = ImageStim(__class__=<class 'psychopy.visual.image.ImageStim'>, autoLog=True, color=array([1., 1., 1.]), colorSpace='rgb', contrast=1.0, depth=-1.0, flipHoriz=False, flipVert=False, image='stimuli/GalleryInterior.png', interpolate=True, mask=None, maskParams=None, name='enc_trial_interior', opacity=1.0, ori=0.0, pos=array([0., 0.]), size=array([2., 2.]), texRes=128, units='norm', win=Window(...))
12.3058 	EXP 	Created enc_trial_main_image = ImageStim(__class__=<class 'psychopy.visual.image.ImageStim'>, autoLog=True, color=array([1., 1., 1.]), colorSpace='rgb', contrast=1.0, depth=-2.0, flipHoriz=False, flipVert=False, image='sin', interpolate=True, mask=None, maskParams=None, name='enc_trial_main_image', opacity=1.0, ori=0.0, pos=array([0., 0.]), size=array([1., 1.]), texRes=128, units='norm', win=Window(...))
12.4133 	EXP 	Created enc_practice_feedback_interior = ImageStim(__class__=<class 'psychopy.visual.image.ImageStim'>, autoLog=True, color=array([1., 1., 1.]), colorSpace='rgb', contrast=1.0, depth=-1.0, flipHoriz=False, flipVert=False, image='stimuli/GalleryInterior.png', interpolate=True, mask=None, maskParams=None, name='enc_practice_feedback_interior', opacity=1.0, ori=0.0, pos=array([0., 0.]), size=array([2., 2.]), texRes=128, units='norm', win=Window(...))
12.4167 	EXP 	Created enc_practice_feedback_image = ImageStim(__class__=<class 'psychopy.visual.image.ImageStim'>, autoLog=True, color=array([1., 1., 1.]), colorSpace='rgb', contrast=1.0, depth=-2.0, flipHoriz=False, flipVert=False, image='sin', interpolate=True, mask=None, maskParams=None, name='enc_practice_feedback_image', opacity=1.0, ori=0.0, pos=array([0., 0.]), size=array([1., 1.]), texRes=128, units='norm', win=Window(...))
12.4229 	EXP 	Created enc_practice_feedback_text = TextStim(__class__=<class 'psychopy.visual.text.TextStim'>, alignHoriz=method-wrapper(...), alignText='center', alignVert=method-wrapper(...), anchorHoriz='center', anchorVert='center', antialias=True, autoLog=True, bold=False, color='black', colorSpace='named', contrast=1.0, depth=-3.0, flipHoriz=False, flipVert=False, font='Arial', fontFiles=[], height=0.05, italic=False, languageStyle='LTR', name='enc_practice_feedback_text', opacity=1.0, ori=0, pos=array([0., 0.]), rgb=array([0., 0., 0.]), text='default text', units='norm', win=Window(...), wrapWidth=1)
12.4365 	EXP 	Created end_practice_text = TextStim(__class__=<class 'psychopy.visual.text.TextStim'>, alignHoriz=method-wrapper(...), alignText='center', alignVert=method-wrapper(...), anchorHoriz='center', anchorVert='center', antialias=True, autoLog=True, bold=False, color='black', colorSpace='named', contrast=1.0, depth=0.0, flipHoriz=False, flipVert=False, font='Arial', fontFiles=[], height=0.05, italic=False, languageStyle='LTR', name='end_practice_text', opacity=1.0, ori=0, pos=array([0., 0.]), rgb=array([0., 0., 0.]), text=str(...), units='height', win=Window(...), wrapWidth=0.8)
12.4424 	EXP 	Created end_practice_continue = TextStim(__class__=<class 'psychopy.visual.text.TextStim'>, alignHoriz=method-wrapper(...), alignText='center', alignVert=method-wrapper(...), anchorHoriz='center', anchorVert='center', antialias=True, autoLog=True, bold=False, color='black', colorSpace='named', contrast=1.0, depth=-2.0, flipHoriz=False, flipVert=False, font='Arial', fontFiles=[], height=0.03, italic=False, languageStyle='LTR', name='end_practice_continue', opacity=1.0, ori=0, pos=array([ 0. , -0.4]), rgb=array([0., 0., 0.]), text=str(...), units='height', win=Window(...), wrapWidth=1)
12.4721 	EXP 	Created start_MR_text = TextStim(__class__=<class 'psychopy.visual.text.TextStim'>, alignHoriz=method-wrapper(...), alignText='center', alignVert=method-wrapper(...), anchorHoriz='center', anchorVert='center', antialias=True, autoLog=True, bold=False, color='black', colorSpace='named', contrast=1.0, depth=0.0, flipHoriz=False, flipVert=False, font='Arial', fontFiles=[], height=0.3, italic=False, languageStyle='LTR', name='start_MR_text', opacity=1.0, ori=0, pos=array([0., 0.]), rgb=array([0., 0., 0.]), text='A vizsgálatvezető indítja a szkennert...', units='norm', win=Window(...), wrapWidth=1)
12.4820 	EXP 	Created start_enc_run_text = TextStim(__class__=<class 'psychopy.visual.text.TextStim'>, alignHoriz=method-wrapper(...), alignText='center', alignVert=method-wrapper(...), anchorHoriz='center', anchorVert='center', antialias=True, autoLog=True, bold=False, color='black', colorSpace='named', contrast=1.0, depth=-2.0, flipHoriz=False, flipVert=False, font='Arial', fontFiles=[], height=0.06, italic=False, languageStyle='LTR', name='start_enc_run_text', opacity=1.0, ori=0, pos=array([0., 0.]), rgb=array([0., 0., 0.]), text='Kezdődik a feladat...', units='height', win=Window(...), wrapWidth=1)
12.6069 	EXP 	Created enc_fx_interior = ImageStim(__class__=<class 'psychopy.visual.image.ImageStim'>, autoLog=True, color=array([1., 1., 1.]), colorSpace='rgb', contrast=1.0, depth=0.0, flipHoriz=False, flipVert=False, image='stimuli/GalleryInterior.png', interpolate=True, mask=None, maskParams=None, name='enc_fx_interior', opacity=1.0, ori=0.0, pos=array([0., 0.]), size=array([2., 2.]), texRes=128, units='norm', win=Window(...))
12.6090 	EXP 	Created enc_fx_cross = TextStim(__class__=<class 'psychopy.visual.text.TextStim'>, alignHoriz=method-wrapper(...), alignText='center', alignVert=method-wrapper(...), anchorHoriz='center', anchorVert='center', antialias=True, autoLog=True, bold=False, color='black', colorSpace='named', contrast=1.0, depth=-1.0, flipHoriz=False, flipVert=False, font='Arial', fontFiles=[], height=0.1, italic=False, languageStyle='LTR', name='enc_fx_cross', opacity=1.0, ori=0, pos=array([0., 0.]), rgb=array([0., 0., 0.]), text='+', units='norm', win=Window(...), wrapWidth=1)
12.7300 	EXP 	Created enc_trial_interior = ImageStim(__class__=<class 'psychopy.visual.image.ImageStim'>, autoLog=True, color=array([1., 1., 1.]), colorSpace='rgb', contrast=1.0, depth=-1.0, flipHoriz=False, flipVert=False, image='stimuli/GalleryInterior.png', interpolate=True, mask=None, maskParams=None, name='enc_trial_interior', opacity=1.0, ori=0.0, pos=array([0., 0.]), size=array([2., 2.]), texRes=128, units='norm', win=Window(...))
12.7353 	EXP 	Created enc_trial_main_image = ImageStim(__class__=<class 'psychopy.visual.image.ImageStim'>, autoLog=True, color=array([1., 1., 1.]), colorSpace='rgb', contrast=1.0, depth=-2.0, flipHoriz=False, flipVert=False, image='sin', interpolate=True, mask=None, maskParams=None, name='enc_trial_main_image', opacity=1.0, ori=0.0, pos=array([0., 0.]), size=array([1., 1.]), texRes=128, units='norm', win=Window(...))
12.7381 	EXP 	Created end_enc_run_text = TextStim(__class__=<class 'psychopy.visual.text.TextStim'>, alignHoriz=method-wrapper(...), alignText='center', alignVert=method-wrapper(...), anchorHoriz='center', anchorVert='center', antialias=True, autoLog=True, bold=False, color='black', colorSpace='named', contrast=1.0, depth=0.0, flipHoriz=False, flipVert=False, font='Arial', fontFiles=[], height=0.06, italic=False, languageStyle='LTR', name='end_enc_run_text', opacity=1.0, ori=0, pos=array([0., 0.]), rgb=array([0., 0., 0.]), text='default text', units='height', win=Window(...), wrapWidth=1)
12.7464 	EXP 	Created enc_run_end_continue = TextStim(__class__=<class 'psychopy.visual.text.TextStim'>, alignHoriz=method-wrapper(...), alignText='center', alignVert=method-wrapper(...), anchorHoriz='center', anchorVert='center', antialias=True, autoLog=True, bold=False, color='black', colorSpace='named', contrast=1.0, depth=-2.0, flipHoriz=False, flipVert=False, font='Arial', fontFiles=[], height=0.03, italic=False, languageStyle='LTR', name='enc_run_end_continue', opacity=1.0, ori=0, pos=array([ 0. , -0.4]), rgb=array([0., 0., 0.]), text=str(...), units='height', win=Window(...), wrapWidth=1)
12.7498 	EXP 	Created inter_task_break_text = TextStim(__class__=<class 'psychopy.visual.text.TextStim'>, alignHoriz=method-wrapper(...), alignText='center', alignVert=method-wrapper(...), anchorHoriz='center', anchorVert='center', antialias=True, autoLog=True, bold=False, color='black', colorSpace='named', contrast=1.0, depth=0.0, flipHoriz=False, flipVert=False, font='Arial', fontFiles=[], height=0.03, italic=False, languageStyle='LTR', name='inter_task_break_text', opacity=1.0, ori=0, pos=array([0., 0.]), rgb=array([0., 0., 0.]), text='Most kivesszük Önt a szkennerből.', units='height', win=Window(...), wrapWidth=1)
12.8138 	EXP 	start_encoding_text: text = 'Első feladat\nGaléria berendezés'
12.8138 	EXP 	start_encoding_text: autoDraw = True
14.2820 	EXP 	start_encoding_text: autoDraw = False
14.2820 	EXP 	enc_instructions_1_text: autoDraw = True
14.2820 	EXP 	enc_instructions_1_image: autoDraw = True
19.2485 	EXP 	instructions_1_continue: autoDraw = True
19.7725 	DATA 	Keypress: d
19.7819 	EXP 	enc_instructions_1_text: autoDraw = False
19.7819 	EXP 	enc_instructions_1_image: autoDraw = False
19.7819 	EXP 	instructions_1_continue: autoDraw = False
19.7819 	EXP 	enc_instructions_2_text: autoDraw = True
19.7819 	EXP 	enc_instructions_2_image: autoDraw = True
24.7650 	EXP 	instructions_2_continue: autoDraw = True
25.3855 	DATA 	Keypress: right
26.7222 	DATA 	Keypress: d
26.7317 	EXP 	enc_instructions_2_text: autoDraw = False
26.7317 	EXP 	enc_instructions_2_image: autoDraw = False
26.7317 	EXP 	instructions_2_continue: autoDraw = False
26.7317 	EXP 	enc_instructions_3_text: autoDraw = True
31.7149 	EXP 	enc_instructions_3_continue: autoDraw = True
35.6876 	DATA 	Keypress: d
35.6983 	EXP 	enc_instructions_3_text: autoDraw = False
35.6983 	EXP 	enc_instructions_3_continue: autoDraw = False
35.6983 	EXP 	start_practice_text: autoDraw = True
36.7084 	EXP 	Imported stimuli_tables/encoding_practice_trials.csv as conditions, 9 conditions, 9 params
36.7085 	EXP 	Created sequence: sequential, trialTypes=9, nReps=1, seed=None
36.7088 	EXP 	New trial (rep=0, index=0): OrderedDict([('Task', 'EncodingPractice'), ('TrialType', 'OBJ'), ('StimType', 'LURE'), ('Order', 1), ('CurrentImage', 'stimuli/fractals/166a.jpg'), ('CurrentX', -0.0781), ('CurrentY', 0.4167), ('Jitter', 1500), ('Section', 'Encoding')])
36.7316 	EXP 	start_practice_text: autoDraw = False
36.7316 	EXP 	start_practice_text: autoDraw = False
36.7316 	EXP 	enc_fx_cross: pos = array([-0.0781,  0.4167])
36.7316 	EXP 	enc_fx_interior: autoDraw = True
36.7316 	EXP 	enc_fx_cross: autoDraw = True
38.2812 	EXP 	enc_fx_interior: autoDraw = False
38.2812 	EXP 	enc_fx_cross: autoDraw = False
38.2812 	EXP 	enc_fx_interior: autoDraw = False
38.2812 	EXP 	enc_fx_cross: autoDraw = False
38.2812 	EXP 	enc_trial_main_image: pos = array([-0.0781,  0.4167])
38.2812 	EXP 	enc_trial_main_image: size = array([0.3125    , 0.55555556])
38.2812 	EXP 	enc_trial_main_image: image = 'stimuli/fractals/166a.jpg'
38.2812 	EXP 	enc_trial_interior: autoDraw = True
38.2812 	EXP 	enc_trial_main_image: autoDraw = True
40.0378 	DATA 	Keypress: c
41.2813 	EXP 	enc_trial_interior: autoDraw = False
41.2813 	EXP 	enc_trial_main_image: autoDraw = False
41.2813 	EXP 	enc_practice_feedback_image: pos = array([-0.0781,  0.4167])
41.2813 	EXP 	enc_practice_feedback_image: size = array([0.3125    , 0.55555556])
41.2813 	EXP 	enc_practice_feedback_image: image = 'stimuli/fractals/166a.jpg'
41.2813 	EXP 	enc_practice_feedback_text: pos = array([-0.0781,  0.0167])
41.2813 	EXP 	enc_practice_feedback_text: text = 'Az Ön válasza:\nA kép marad.'
41.2813 	EXP 	enc_practice_feedback_interior: autoDraw = True
41.2813 	EXP 	enc_practice_feedback_image: autoDraw = True
41.2813 	EXP 	enc_practice_feedback_text: autoDraw = True
42.2319 	EXP 	New trial (rep=0, index=1): OrderedDict([('Task', 'EncodingPractice'), ('TrialType', 'OBJ'), ('StimType', 'TARGET'), ('Order', 1), ('CurrentImage', 'stimuli/fractals/167a.jpg'), ('CurrentX', 0.2344), ('CurrentY', 0.4167), ('Jitter', 500), ('Section', 'Encoding')])
42.2477 	EXP 	enc_practice_feedback_interior: autoDraw = False
42.2477 	EXP 	enc_practice_feedback_image: autoDraw = False
42.2477 	EXP 	enc_practice_feedback_text: autoDraw = False
42.2477 	EXP 	enc_fx_cross: pos = array([0.2344, 0.4167])
42.2477 	EXP 	enc_fx_interior: autoDraw = True
42.2477 	EXP 	enc_fx_cross: autoDraw = True
42.7644 	EXP 	enc_fx_interior: autoDraw = False
42.7644 	EXP 	enc_fx_cross: autoDraw = False
42.7644 	EXP 	enc_fx_interior: autoDraw = False
42.7644 	EXP 	enc_fx_cross: autoDraw = False
42.7644 	EXP 	enc_trial_main_image: pos = array([0.2344, 0.4167])
42.7644 	EXP 	enc_trial_main_image: size = array([0.3125    , 0.55555556])
42.7644 	EXP 	enc_trial_main_image: image = 'stimuli/fractals/167a.jpg'
42.7644 	EXP 	enc_trial_interior: autoDraw = True
42.7644 	EXP 	enc_trial_main_image: autoDraw = True
43.9370 	DATA 	Keypress: b
44.1540 	DATA 	Keypress: b
45.7810 	EXP 	enc_trial_interior: autoDraw = False
45.7810 	EXP 	enc_trial_main_image: autoDraw = False
45.7810 	EXP 	enc_practice_feedback_image: pos = array([0.2344, 0.4167])
45.7810 	EXP 	enc_practice_feedback_image: size = array([0.3125    , 0.55555556])
45.7810 	EXP 	enc_practice_feedback_image: image = 'stimuli/fractals/167a.jpg'
45.7810 	EXP 	enc_practice_feedback_text: pos = array([0.2344, 0.0167])
45.7810 	EXP 	enc_practice_feedback_text: text = 'Az Ön válasza:\nA kép nem marad.'
45.7810 	EXP 	enc_practice_feedback_interior: autoDraw = True
45.7810 	EXP 	enc_practice_feedback_image: autoDraw = True
45.7810 	EXP 	enc_practice_feedback_text: autoDraw = True
46.7481 	EXP 	New trial (rep=0, index=2): OrderedDict([('Task', 'EncodingPractice'), ('TrialType', 'OBJ'), ('StimType', 'FOIL'), ('Order', 1), ('CurrentImage', 'stimuli/fractals/149a.jpg'), ('CurrentX', 0.2344), ('CurrentY', -0.1389), ('Jitter', 1000), ('Section', 'Encoding')])
46.7643 	EXP 	enc_practice_feedback_interior: autoDraw = False
46.7643 	EXP 	enc_practice_feedback_image: autoDraw = False
46.7643 	EXP 	enc_practice_feedback_text: autoDraw = False
46.7643 	EXP 	enc_fx_cross: pos = array([ 0.2344, -0.1389])
46.7643 	EXP 	enc_fx_interior: autoDraw = True
46.7643 	EXP 	enc_fx_cross: autoDraw = True
47.7643 	EXP 	enc_fx_interior: autoDraw = False
47.7643 	EXP 	enc_fx_cross: autoDraw = False
47.7643 	EXP 	enc_fx_interior: autoDraw = False
47.7643 	EXP 	enc_fx_cross: autoDraw = False
47.7643 	EXP 	enc_trial_main_image: pos = array([ 0.2344, -0.1389])
47.7643 	EXP 	enc_trial_main_image: size = array([0.3125    , 0.55555556])
47.7643 	EXP 	enc_trial_main_image: image = 'stimuli/fractals/149a.jpg'
47.7643 	EXP 	enc_trial_interior: autoDraw = True
47.7643 	EXP 	enc_trial_main_image: autoDraw = True
50.3200 	DATA 	Keypress: c
50.7809 	EXP 	enc_trial_interior: autoDraw = False
50.7809 	EXP 	enc_trial_main_image: autoDraw = False
50.7809 	EXP 	enc_trial_interior: autoDraw = False
50.7809 	EXP 	enc_trial_main_image: autoDraw = False
50.7809 	EXP 	enc_practice_feedback_image: pos = array([ 0.2344, -0.1389])
50.7809 	EXP 	enc_practice_feedback_image: size = array([0.3125    , 0.55555556])
50.7809 	EXP 	enc_practice_feedback_image: image = 'stimuli/fractals/149a.jpg'
50.7809 	EXP 	enc_practice_feedback_text: pos = array([ 0.2344, -0.5389])
50.7809 	EXP 	enc_practice_feedback_text: text = 'Az Ön válasza:\nA kép marad.'
50.7809 	EXP 	enc_practice_feedback_interior: autoDraw = True
50.7809 	EXP 	enc_practice_feedback_image: autoDraw = True
50.7809 	EXP 	enc_practice_feedback_text: autoDraw = True
51.7648 	EXP 	New trial (rep=0, index=3): OrderedDict([('Task', 'EncodingPractice'), ('TrialType', 'LOC'), ('StimType', 'FOIL'), ('Order', 1), ('CurrentImage', 'stimuli/fractals/148b.jpg'), ('CurrentX', 0.2344), ('CurrentY', -0.1389), ('Jitter', 1000), ('Section', 'Encoding')])
51.7808 	EXP 	enc_practice_feedback_interior: autoDraw = False
51.7808 	EXP 	enc_practice_feedback_image: autoDraw = False
51.7808 	EXP 	enc_practice_feedback_text: autoDraw = False
51.7808 	EXP 	enc_fx_cross: pos = array([ 0.2344, -0.1389])
51.7808 	EXP 	enc_fx_interior: autoDraw = True
51.7808 	EXP 	enc_fx_cross: autoDraw = True
52.7808 	EXP 	enc_fx_interior: autoDraw = False
52.7808 	EXP 	enc_fx_cross: autoDraw = False
52.7808 	EXP 	enc_fx_interior: autoDraw = False
52.7808 	EXP 	enc_fx_cross: autoDraw = False
52.7808 	EXP 	enc_trial_main_image: pos = array([ 0.2344, -0.1389])
52.7808 	EXP 	enc_trial_main_image: size = array([0.3125    , 0.55555556])
52.7808 	EXP 	enc_trial_main_image: image = 'stimuli/fractals/148b.jpg'
52.7808 	EXP 	enc_trial_interior: autoDraw = True
52.7808 	EXP 	enc_trial_main_image: autoDraw = True
55.7974 	EXP 	enc_trial_interior: autoDraw = False
55.7974 	EXP 	enc_trial_main_image: autoDraw = False
55.7974 	EXP 	enc_trial_interior: autoDraw = False
55.7974 	EXP 	enc_trial_main_image: autoDraw = False
55.7974 	EXP 	enc_practice_feedback_image: pos = array([ 0.2344, -0.1389])
55.7974 	EXP 	enc_practice_feedback_image: size = array([0.3125    , 0.55555556])
55.7974 	EXP 	enc_practice_feedback_image: image = 'stimuli/fractals/148b.jpg'
55.7974 	EXP 	enc_practice_feedback_text: pos = array([ 0.2344, -0.5389])
55.7974 	EXP 	enc_practice_feedback_text: text = 'Nem adott választ.'
55.7974 	EXP 	enc_practice_feedback_interior: autoDraw = True
55.7974 	EXP 	enc_practice_feedback_image: autoDraw = True
55.7974 	EXP 	enc_practice_feedback_text: autoDraw = True
56.2332 	DATA 	Keypress: b
56.7812 	EXP 	New trial (rep=0, index=4): OrderedDict([('Task', 'EncodingPractice'), ('TrialType', 'LOC'), ('StimType', 'LURE'), ('Order', 1), ('CurrentImage', 'stimuli/fractals/159a.jpg'), ('CurrentX', -0.3906), ('CurrentY', 0.4167), ('Jitter', 5000), ('Section', 'Encoding')])
56.7974 	EXP 	enc_practice_feedback_interior: autoDraw = False
56.7974 	EXP 	enc_practice_feedback_image: autoDraw = False
56.7974 	EXP 	enc_practice_feedback_text: autoDraw = False
56.7974 	EXP 	enc_fx_cross: pos = array([-0.3906,  0.4167])
56.7974 	EXP 	enc_fx_interior: autoDraw = True
56.7974 	EXP 	enc_fx_cross: autoDraw = True
61.8139 	EXP 	enc_fx_interior: autoDraw = False
61.8139 	EXP 	enc_fx_cross: autoDraw = False
61.8139 	EXP 	enc_fx_interior: autoDraw = False
61.8139 	EXP 	enc_fx_cross: autoDraw = False
61.8139 	EXP 	enc_trial_main_image: pos = array([-0.3906,  0.4167])
61.8139 	EXP 	enc_trial_main_image: size = array([0.3125    , 0.55555556])
61.8139 	EXP 	enc_trial_main_image: image = 'stimuli/fractals/159a.jpg'
61.8139 	EXP 	enc_trial_interior: autoDraw = True
61.8139 	EXP 	enc_trial_main_image: autoDraw = True
62.0860 	DATA 	Keypress: b
64.8305 	EXP 	enc_trial_interior: autoDraw = False
64.8305 	EXP 	enc_trial_main_image: autoDraw = False
64.8305 	EXP 	enc_practice_feedback_image: pos = array([-0.3906,  0.4167])
64.8305 	EXP 	enc_practice_feedback_image: size = array([0.3125    , 0.55555556])
64.8305 	EXP 	enc_practice_feedback_image: image = 'stimuli/fractals/159a.jpg'
64.8305 	EXP 	enc_practice_feedback_text: pos = array([-0.3906,  0.0167])
64.8305 	EXP 	enc_practice_feedback_text: text = 'Az Ön válasza:\nA kép nem marad.'
64.8305 	EXP 	enc_practice_feedback_interior: autoDraw = True
64.8305 	EXP 	enc_practice_feedback_image: autoDraw = True
64.8305 	EXP 	enc_practice_feedback_text: autoDraw = True
65.7977 	EXP 	New trial (rep=0, index=5): OrderedDict([('Task', 'EncodingPractice'), ('TrialType', 'OBJ'), ('StimType', 'LURE'), ('Order', 1), ('CurrentImage', 'stimuli/fractals/177b.jpg'), ('CurrentX', -0.3906), ('CurrentY', 0.4167), ('Jitter', 800), ('Section', 'Encoding')])
65.8138 	EXP 	enc_practice_feedback_interior: autoDraw = False
65.8138 	EXP 	enc_practice_feedback_image: autoDraw = False
65.8138 	EXP 	enc_practice_feedback_text: autoDraw = False
65.8138 	EXP 	enc_fx_cross: pos = array([-0.3906,  0.4167])
65.8138 	EXP 	enc_fx_interior: autoDraw = True
65.8138 	EXP 	enc_fx_cross: autoDraw = True
66.6305 	EXP 	enc_fx_interior: autoDraw = False
66.6305 	EXP 	enc_fx_cross: autoDraw = False
66.6305 	EXP 	enc_fx_interior: autoDraw = False
66.6305 	EXP 	enc_fx_cross: autoDraw = False
66.6305 	EXP 	enc_trial_main_image: pos = array([-0.3906,  0.4167])
66.6305 	EXP 	enc_trial_main_image: size = array([0.3125    , 0.55555556])
66.6305 	EXP 	enc_trial_main_image: image = 'stimuli/fractals/177b.jpg'
66.6305 	EXP 	enc_trial_interior: autoDraw = True
66.6305 	EXP 	enc_trial_main_image: autoDraw = True
67.3530 	DATA 	Keypress: c
69.6471 	EXP 	enc_trial_interior: autoDraw = False
69.6471 	EXP 	enc_trial_main_image: autoDraw = False
69.6471 	EXP 	enc_practice_feedback_image: pos = array([-0.3906,  0.4167])
69.6471 	EXP 	enc_practice_feedback_image: size = array([0.3125    , 0.55555556])
69.6471 	EXP 	enc_practice_feedback_image: image = 'stimuli/fractals/177b.jpg'
69.6471 	EXP 	enc_practice_feedback_text: pos = array([-0.3906,  0.0167])
69.6471 	EXP 	enc_practice_feedback_text: text = 'Az Ön válasza:\nA kép marad.'
69.6471 	EXP 	enc_practice_feedback_interior: autoDraw = True
69.6471 	EXP 	enc_practice_feedback_image: autoDraw = True
69.6471 	EXP 	enc_practice_feedback_text: autoDraw = True
70.6142 	EXP 	New trial (rep=0, index=6): OrderedDict([('Task', 'EncodingPractice'), ('TrialType', '-'), ('StimType', '-'), ('Order', 1), ('CurrentImage', 'stimuli/fractals/181c.jpg'), ('CurrentX', -0.0781), ('CurrentY', -0.1389), ('Jitter', 3000), ('Section', 'Encoding')])
70.6304 	EXP 	enc_practice_feedback_interior: autoDraw = False
70.6304 	EXP 	enc_practice_feedback_image: autoDraw = False
70.6304 	EXP 	enc_practice_feedback_text: autoDraw = False
70.6304 	EXP 	enc_fx_cross: pos = array([-0.0781, -0.1389])
70.6304 	EXP 	enc_fx_interior: autoDraw = True
70.6304 	EXP 	enc_fx_cross: autoDraw = True
73.6470 	EXP 	enc_fx_interior: autoDraw = False
73.6470 	EXP 	enc_fx_cross: autoDraw = False
73.6470 	EXP 	enc_fx_interior: autoDraw = False
73.6470 	EXP 	enc_fx_cross: autoDraw = False
73.6470 	EXP 	enc_trial_main_image: pos = array([-0.0781, -0.1389])
73.6470 	EXP 	enc_trial_main_image: size = array([0.3125    , 0.55555556])
73.6470 	EXP 	enc_trial_main_image: image = 'stimuli/fractals/181c.jpg'
73.6470 	EXP 	enc_trial_interior: autoDraw = True
73.6470 	EXP 	enc_trial_main_image: autoDraw = True
74.5530 	DATA 	Keypress: b
76.6636 	EXP 	enc_trial_interior: autoDraw = False
76.6636 	EXP 	enc_trial_main_image: autoDraw = False
76.6636 	EXP 	enc_practice_feedback_image: pos = array([-0.0781, -0.1389])
76.6636 	EXP 	enc_practice_feedback_image: size = array([0.3125    , 0.55555556])
76.6636 	EXP 	enc_practice_feedback_image: image = 'stimuli/fractals/181c.jpg'
76.6636 	EXP 	enc_practice_feedback_text: pos = array([-0.0781, -0.5389])
76.6636 	EXP 	enc_practice_feedback_text: text = 'Az Ön válasza:\nA kép nem marad.'
76.6636 	EXP 	enc_practice_feedback_interior: autoDraw = True
76.6636 	EXP 	enc_practice_feedback_image: autoDraw = True
76.6636 	EXP 	enc_practice_feedback_text: autoDraw = True
77.6307 	EXP 	New trial (rep=0, index=7): OrderedDict([('Task', 'EncodingPractice'), ('TrialType', '-'), ('StimType', '-'), ('Order', 1), ('CurrentImage', 'stimuli/fractals/163a.jpg'), ('CurrentX', -0.2344), ('CurrentY', -0.4167), ('Jitter', 800), ('Section', 'Encoding')])
77.6469 	EXP 	enc_practice_feedback_interior: autoDraw = False
77.6469 	EXP 	enc_practice_feedback_image: autoDraw = False
77.6469 	EXP 	enc_practice_feedback_text: autoDraw = False
77.6469 	EXP 	enc_fx_cross: pos = array([-0.2344, -0.4167])
77.6469 	EXP 	enc_fx_interior: autoDraw = True
77.6469 	EXP 	enc_fx_cross: autoDraw = True
78.4469 	EXP 	enc_fx_interior: autoDraw = False
78.4469 	EXP 	enc_fx_cross: autoDraw = False
78.4469 	EXP 	enc_fx_interior: autoDraw = False
78.4469 	EXP 	enc_fx_cross: autoDraw = False
78.4469 	EXP 	enc_trial_main_image: pos = array([-0.2344, -0.4167])
78.4469 	EXP 	enc_trial_main_image: size = array([0.3125    , 0.55555556])
78.4469 	EXP 	enc_trial_main_image: image = 'stimuli/fractals/163a.jpg'
78.4469 	EXP 	enc_trial_interior: autoDraw = True
78.4469 	EXP 	enc_trial_main_image: autoDraw = True
78.9030 	DATA 	Keypress: c
81.4636 	EXP 	enc_trial_interior: autoDraw = False
81.4636 	EXP 	enc_trial_main_image: autoDraw = False
81.4636 	EXP 	enc_trial_interior: autoDraw = False
81.4636 	EXP 	enc_trial_main_image: autoDraw = False
81.4636 	EXP 	enc_practice_feedback_image: pos = array([-0.2344, -0.4167])
81.4636 	EXP 	enc_practice_feedback_image: size = array([0.3125    , 0.55555556])
81.4636 	EXP 	enc_practice_feedback_image: image = 'stimuli/fractals/163a.jpg'
81.4636 	EXP 	enc_practice_feedback_text: pos = array([-0.2344, -0.8167])
81.4636 	EXP 	enc_practice_feedback_text: text = 'Az Ön válasza:\nA kép marad.'
81.4636 	EXP 	enc_practice_feedback_interior: autoDraw = True
81.4636 	EXP 	enc_practice_feedback_image: autoDraw = True
81.4636 	EXP 	enc_practice_feedback_text: autoDraw = True
82.4474 	EXP 	New trial (rep=0, index=8): OrderedDict([('Task', 'EncodingPractice'), ('TrialType', 'LOC'), ('StimType', 'TARGET'), ('Order', 1), ('CurrentImage', 'stimuli/fractals/166a.jpg'), ('CurrentX', -0.0781), ('CurrentY', 0.4167), ('Jitter', 1500), ('Section', 'Encoding')])
82.4636 	EXP 	enc_practice_feedback_interior: autoDraw = False
82.4636 	EXP 	enc_practice_feedback_image: autoDraw = False
82.4636 	EXP 	enc_practice_feedback_text: autoDraw = False
82.4636 	EXP 	enc_fx_cross: pos = array([-0.0781,  0.4167])
82.4636 	EXP 	enc_fx_interior: autoDraw = True
82.4636 	EXP 	enc_fx_cross: autoDraw = True
83.9802 	EXP 	enc_fx_interior: autoDraw = False
83.9802 	EXP 	enc_fx_cross: autoDraw = False
83.9802 	EXP 	enc_fx_interior: autoDraw = False
83.9802 	EXP 	enc_fx_cross: autoDraw = False
83.9802 	EXP 	enc_trial_main_image: pos = array([-0.0781,  0.4167])
83.9802 	EXP 	enc_trial_main_image: size = array([0.3125    , 0.55555556])
83.9802 	EXP 	enc_trial_main_image: image = 'stimuli/fractals/166a.jpg'
83.9802 	EXP 	enc_trial_interior: autoDraw = True
83.9802 	EXP 	enc_trial_main_image: autoDraw = True
84.5190 	DATA 	Keypress: b
86.9968 	EXP 	enc_trial_interior: autoDraw = False
86.9968 	EXP 	enc_trial_main_image: autoDraw = False
86.9968 	EXP 	enc_practice_feedback_image: pos = array([-0.0781,  0.4167])
86.9968 	EXP 	enc_practice_feedback_image: size = array([0.3125    , 0.55555556])
86.9968 	EXP 	enc_practice_feedback_image: image = 'stimuli/fractals/166a.jpg'
86.9968 	EXP 	enc_practice_feedback_text: pos = array([-0.0781,  0.0167])
86.9968 	EXP 	enc_practice_feedback_text: text = 'Az Ön válasza:\nA kép nem marad.'
86.9968 	EXP 	enc_practice_feedback_interior: autoDraw = True
86.9968 	EXP 	enc_practice_feedback_image: autoDraw = True
86.9968 	EXP 	enc_practice_feedback_text: autoDraw = True
87.9801 	EXP 	enc_practice_feedback_interior: autoDraw = False
87.9801 	EXP 	enc_practice_feedback_image: autoDraw = False
87.9801 	EXP 	enc_practice_feedback_text: autoDraw = False
87.9801 	EXP 	end_practice_text: autoDraw = True
88.9634 	EXP 	end_practice_continue: autoDraw = True
90.1510 	EXP 	Created sequence: sequential, trialTypes=1, nReps=2, seed=None
90.1512 	EXP 	New trial (rep=0, index=0): None
90.1533 	DATA 	Keypress: d
90.1634 	EXP 	end_practice_text: autoDraw = False
90.1634 	EXP 	end_practice_continue: autoDraw = False
90.1634 	EXP 	start_MR_text: autoDraw = True
96.0692 	DATA 	Keypress: s
96.0799 	EXP 	start_MR_text: autoDraw = False
96.0799 	EXP 	start_enc_run_text: autoDraw = True
99.0919 	EXP 	Imported stimuli_tables/encoding_trials_1.csv as conditions, 3 conditions, 20 params
99.0922 	EXP 	Created sequence: sequential, trialTypes=3, nReps=1, seed=None
99.0925 	EXP 	New trial (rep=0, index=0): OrderedDict([('TrialIndex', 1.0), ('Jitter', 2000.0), ('ScannerRun', 1.0), ('StimType', 'OLP'), ('Order', 1.0), ('Delay', 3.0), ('CurrentImage', 'stimuli/fractals/22c.jpg'), ('CurrentX', -0.234375), ('CurrentY', 0.1388888888888889), ('TripletMemberA', 'stimuli/fractals/22c.jpg'), ('TripletMemberB', 'stimuli/fractals/22a.jpg'), ('TripletMemberC', 'stimuli/fractals/22b.jpg'), ('Xcoordinate', -0.234375), ('Ycoordinate', 0.1388888888888889), ('Xcoordinate_lure1', -0.234375), ('Ycoordinate_lure1', -0.1388888888888889), ('Xcoordinate_lure2', -0.078125), ('Ycoordinate_lure2', 0.1388888888888889), ('Xcoordinate_foil', 0.234375), ('Ycoordinate_foil', -0.4166666666666667)])
99.1132 	EXP 	start_enc_run_text: autoDraw = False
99.1132 	EXP 	start_enc_run_text: autoDraw = False
99.1132 	EXP 	enc_fx_cross: pos = array([-0.234375  ,  0.13888889])
99.1132 	EXP 	enc_fx_interior: autoDraw = True
99.1132 	EXP 	enc_fx_cross: autoDraw = True
99.8691 	DATA 	Keypress: c
101.1298 	EXP 	enc_fx_interior: autoDraw = False
101.1298 	EXP 	enc_fx_cross: autoDraw = False
101.1298 	EXP 	enc_fx_interior: autoDraw = False
101.1298 	EXP 	enc_fx_cross: autoDraw = False
101.1298 	EXP 	enc_trial_main_image: pos = array([-0.234375  ,  0.13888889])
101.1298 	EXP 	enc_trial_main_image: size = array([0.3125    , 0.55555556])
101.1298 	EXP 	enc_trial_main_image: image = 'stimuli/fractals/22c.jpg'
101.1298 	EXP 	enc_trial_interior: autoDraw = True
101.1298 	EXP 	enc_trial_main_image: autoDraw = True
101.8020 	DATA 	Keypress: c
102.3860 	DATA 	Keypress: escape
102.6688 	EXP 	window1: mouseVisible = True
