0.7003 	WARNING 	We strongly recommend you activate the PTB sound engine in PsychoPy prefs as the preferred audio engine. Its timing is vastly superior. Your prefs are currently set to use ['sounddevice', 'PTB', 'pyo', 'pygame'] (in that order).
0.7004 	WARNING 	Requested audio device 'Speakers (Realtek HD Audio output)' that is not available on this hardware. The 'audioDevice' preference should be one of ['24P1W1 (NVIDIA High Definition ']
9.9460 	WARNING 	Monitor specification not found. Creating a temporary one...
10.8091 	EXP 	Created window1 = Window(allowGUI=False, allowStencil=False, args=UNKNOWN, autoLog=True, bitsMode=UNKNOWN, blendMode='avg', bpc=(8, 8, 8), color=array([0.804, 0.804, 0.961]), colorSpace='rgb', depthBits=8, fullscr=<method-wrapper '__getattribute__' of attributeSetter object at 0x000002AAB4AF5E48>, gamma=None, gammaErrorPolicy='raise', kwargs=UNKNOWN, lms=UNKNOWN, monitor=<psychopy.monitors.calibTools.Monitor object at 0x000002AAB47B6BA8>, multiSample=False, name='window1', numSamples=2, pos=[0.0, 0.0], screen=0, size=array([1920, 1080]), stencilBits=0, stereo=False, units='height', useFBO=True, useRetina=False, viewOri=0.0, viewPos=None, viewScale=None, waitBlanking=True, winType='pyglet')
10.8092 	EXP 	window1: recordFrameIntervals = False
10.9754 	EXP 	window1: recordFrameIntervals = True
11.1588 	EXP 	window1: recordFrameIntervals = False
11.2909 	EXP 	Created start_encoding_text = TextStim(__class__=<class 'psychopy.visual.text.TextStim'>, alignHoriz=method-wrapper(...), alignText='center', alignVert=method-wrapper(...), anchorHoriz='center', anchorVert='center', antialias=True, autoLog=True, bold=False, color='black', colorSpace='named', contrast=1.0, depth=0.0, flipHoriz=False, flipVert=False, font='Arial', fontFiles=[], height=0.1, italic=False, languageStyle='LTR', name='start_encoding_text', opacity=1.0, ori=0, pos=array([0., 0.]), rgb=array([0., 0., 0.]), text='default text', units='height', win=Window(...), wrapWidth=1)
11.3173 	EXP 	Created enc_instructions_1_text = TextStim(__class__=<class 'psychopy.visual.text.TextStim'>, alignHoriz=method-wrapper(...), alignText='center', alignVert=method-wrapper(...), anchorHoriz='center', anchorVert='center', antialias=True, autoLog=True, bold=False, color='black', colorSpace='named', contrast=1.0, depth=0.0, flipHoriz=False, flipVert=False, font='Arial', fontFiles=[], height=0.03, italic=False, languageStyle='LTR', name='enc_instructions_1_text', opacity=1.0, ori=0, pos=array([-0.3,  0. ]), rgb=array([0., 0., 0.]), text=str(...), units='height', win=Window(...), wrapWidth=0.65)
11.3793 	EXP 	Created enc_instructions_1_image = ImageStim(__class__=<class 'psychopy.visual.image.ImageStim'>, autoLog=True, color=array([1., 1., 1.]), colorSpace='rgb', contrast=1.0, depth=-1.0, flipHoriz=False, flipVert=False, image='stimuli/GalleryBuildingFromOutside.jpg', interpolate=True, mask=None, maskParams=None, name='enc_instructions_1_image', opacity=1.0, ori=0.0, pos=array([0.4688, 0.    ]), size=array([0.625 , 0.8333]), texRes=128, units='norm', win=Window(...))
11.3826 	EXP 	Created instructions_1_continue = TextStim(__class__=<class 'psychopy.visual.text.TextStim'>, alignHoriz=method-wrapper(...), alignText='center', alignVert=method-wrapper(...), anchorHoriz='center', anchorVert='center', antialias=True, autoLog=True, bold=False, color='black', colorSpace='named', contrast=1.0, depth=-3.0, flipHoriz=False, flipVert=False, font='Arial', fontFiles=[], height=0.03, italic=False, languageStyle='LTR', name='instructions_1_continue', opacity=1.0, ori=0, pos=array([ 0. , -0.4]), rgb=array([0., 0., 0.]), text=str(...), units='height', win=Window(...), wrapWidth=1)
11.4006 	EXP 	Created enc_instructions_2_text = TextStim(__class__=<class 'psychopy.visual.text.TextStim'>, alignHoriz=method-wrapper(...), alignText='center', alignVert=method-wrapper(...), anchorHoriz='center', anchorVert='center', antialias=True, autoLog=True, bold=False, color='black', colorSpace='named', contrast=1.0, depth=0.0, flipHoriz=False, flipVert=False, font='Arial', fontFiles=[], height=0.03, italic=False, languageStyle='LTR', name='enc_instructions_2_text', opacity=1.0, ori=0, pos=array([-0.35,  0.  ]), rgb=array([0., 0., 0.]), text=str(...), units='height', win=Window(...), wrapWidth=0.5)
11.5271 	EXP 	Created enc_instructions_2_image = ImageStim(__class__=<class 'psychopy.visual.image.ImageStim'>, autoLog=True, color=array([1., 1., 1.]), colorSpace='rgb', contrast=1.0, depth=-1.0, flipHoriz=False, flipVert=False, image='stimuli/GalleryInterior.png', interpolate=True, mask=None, maskParams=None, name='enc_instructions_2_image', opacity=1.0, ori=0.0, pos=array([0.4427, 0.    ]), size=array([0.7604, 0.8185]), texRes=128, units='norm', win=Window(...))
11.5297 	EXP 	Created instructions_2_continue = TextStim(__class__=<class 'psychopy.visual.text.TextStim'>, alignHoriz=method-wrapper(...), alignText='center', alignVert=method-wrapper(...), anchorHoriz='center', anchorVert='center', antialias=True, autoLog=True, bold=False, color='black', colorSpace='named', contrast=1.0, depth=-3.0, flipHoriz=False, flipVert=False, font='Arial', fontFiles=[], height=0.03, italic=False, languageStyle='LTR', name='instructions_2_continue', opacity=1.0, ori=0, pos=array([ 0. , -0.4]), rgb=array([0., 0., 0.]), text=str(...), units='height', win=Window(...), wrapWidth=1)
11.5573 	EXP 	Created enc_instructions_3_text = TextStim(__class__=<class 'psychopy.visual.text.TextStim'>, alignHoriz=method-wrapper(...), alignText='center', alignVert=method-wrapper(...), anchorHoriz='center', anchorVert='center', antialias=True, autoLog=True, bold=False, color='black', colorSpace='named', contrast=1.0, depth=0.0, flipHoriz=False, flipVert=False, font='Arial', fontFiles=[], height=0.04, italic=False, languageStyle='LTR', name='enc_instructions_3_text', opacity=1.0, ori=0, pos=array([0., 0.]), rgb=array([0., 0., 0.]), text=str(...), units='height', win=Window(...), wrapWidth=1)
11.5605 	EXP 	Created enc_instructions_3_continue = TextStim(__class__=<class 'psychopy.visual.text.TextStim'>, alignHoriz=method-wrapper(...), alignText='center', alignVert=method-wrapper(...), anchorHoriz='center', anchorVert='center', antialias=True, autoLog=True, bold=False, color='black', colorSpace='named', contrast=1.0, depth=-2.0, flipHoriz=False, flipVert=False, font='Arial', fontFiles=[], height=0.03, italic=False, languageStyle='LTR', name='enc_instructions_3_continue', opacity=1.0, ori=0, pos=array([ 0. , -0.4]), rgb=array([0., 0., 0.]), text=str(...), units='height', win=Window(...), wrapWidth=1)
11.5731 	EXP 	Created start_practice_text = TextStim(__class__=<class 'psychopy.visual.text.TextStim'>, alignHoriz=method-wrapper(...), alignText='center', alignVert=method-wrapper(...), anchorHoriz='center', anchorVert='center', antialias=True, autoLog=True, bold=False, color='black', colorSpace='named', contrast=1.0, depth=0.0, flipHoriz=False, flipVert=False, font='Arial', fontFiles=[], height=0.1, italic=False, languageStyle='LTR', name='start_practice_text', opacity=1.0, ori=0, pos=array([0., 0.]), rgb=array([0., 0., 0.]), text='Kezdődik a gyakorlás...', units='height', win=Window(...), wrapWidth=1)
11.6964 	EXP 	Created enc_practice_fx_interior = ImageStim(__class__=<class 'psychopy.visual.image.ImageStim'>, autoLog=True, color=array([1., 1., 1.]), colorSpace='rgb', contrast=1.0, depth=0.0, flipHoriz=False, flipVert=False, image='stimuli/GalleryInterior.png', interpolate=True, mask=None, maskParams=None, name='enc_practice_fx_interior', opacity=1.0, ori=0.0, pos=array([0., 0.]), size=array([2., 2.]), texRes=128, units='norm', win=Window(...))
11.7008 	EXP 	Created enc_practice_fx_cross = TextStim(__class__=<class 'psychopy.visual.text.TextStim'>, alignHoriz=method-wrapper(...), alignText='center', alignVert=method-wrapper(...), anchorHoriz='center', anchorVert='center', antialias=True, autoLog=True, bold=False, color='black', colorSpace='named', contrast=1.0, depth=-1.0, flipHoriz=False, flipVert=False, font='Arial', fontFiles=[], height=0.1, italic=False, languageStyle='LTR', name='enc_practice_fx_cross', opacity=1.0, ori=0, pos=array([0., 0.]), rgb=array([0., 0., 0.]), text='+', units='norm', win=Window(...), wrapWidth=1)
11.8242 	EXP 	Created enc_practice_trial_interior = ImageStim(__class__=<class 'psychopy.visual.image.ImageStim'>, autoLog=True, color=array([1., 1., 1.]), colorSpace='rgb', contrast=1.0, depth=-1.0, flipHoriz=False, flipVert=False, image='stimuli/GalleryInterior.png', interpolate=True, mask=None, maskParams=None, name='enc_practice_trial_interior', opacity=1.0, ori=0.0, pos=array([0., 0.]), size=array([2., 2.]), texRes=128, units='norm', win=Window(...))
11.8307 	EXP 	Created enc_practice_trial_main_image = ImageStim(__class__=<class 'psychopy.visual.image.ImageStim'>, autoLog=True, color=array([1., 1., 1.]), colorSpace='rgb', contrast=1.0, depth=-2.0, flipHoriz=False, flipVert=False, image='sin', interpolate=True, mask=None, maskParams=None, name='enc_practice_trial_main_image', opacity=1.0, ori=0.0, pos=array([0., 0.]), size=array([1., 1.]), texRes=128, units='norm', win=Window(...))
11.9584 	EXP 	Created enc_practice_feedback_interior = ImageStim(__class__=<class 'psychopy.visual.image.ImageStim'>, autoLog=True, color=array([1., 1., 1.]), colorSpace='rgb', contrast=1.0, depth=-1.0, flipHoriz=False, flipVert=False, image='stimuli/GalleryInterior.png', interpolate=True, mask=None, maskParams=None, name='enc_practice_feedback_interior', opacity=1.0, ori=0.0, pos=array([0., 0.]), size=array([2., 2.]), texRes=128, units='norm', win=Window(...))
11.9638 	EXP 	Created enc_practice_feedback_image = ImageStim(__class__=<class 'psychopy.visual.image.ImageStim'>, autoLog=True, color=array([1., 1., 1.]), colorSpace='rgb', contrast=1.0, depth=-2.0, flipHoriz=False, flipVert=False, image='sin', interpolate=True, mask=None, maskParams=None, name='enc_practice_feedback_image', opacity=1.0, ori=0.0, pos=array([0., 0.]), size=array([1., 1.]), texRes=128, units='norm', win=Window(...))
11.9707 	EXP 	Created enc_practice_feedback_text = TextStim(__class__=<class 'psychopy.visual.text.TextStim'>, alignHoriz=method-wrapper(...), alignText='center', alignVert=method-wrapper(...), anchorHoriz='center', anchorVert='center', antialias=True, autoLog=True, bold=False, color='black', colorSpace='named', contrast=1.0, depth=-3.0, flipHoriz=False, flipVert=False, font='Arial', fontFiles=[], height=0.05, italic=False, languageStyle='LTR', name='enc_practice_feedback_text', opacity=1.0, ori=0, pos=array([0., 0.]), rgb=array([0., 0., 0.]), text='default text', units='norm', win=Window(...), wrapWidth=1)
11.9850 	EXP 	Created end_practice_text = TextStim(__class__=<class 'psychopy.visual.text.TextStim'>, alignHoriz=method-wrapper(...), alignText='center', alignVert=method-wrapper(...), anchorHoriz='center', anchorVert='center', antialias=True, autoLog=True, bold=False, color='black', colorSpace='named', contrast=1.0, depth=0.0, flipHoriz=False, flipVert=False, font='Arial', fontFiles=[], height=0.05, italic=False, languageStyle='LTR', name='end_practice_text', opacity=1.0, ori=0, pos=array([0., 0.]), rgb=array([0., 0., 0.]), text=str(...), units='height', win=Window(...), wrapWidth=0.8)
11.9911 	EXP 	Created end_practice_continue = TextStim(__class__=<class 'psychopy.visual.text.TextStim'>, alignHoriz=method-wrapper(...), alignText='center', alignVert=method-wrapper(...), anchorHoriz='center', anchorVert='center', antialias=True, autoLog=True, bold=False, color='black', colorSpace='named', contrast=1.0, depth=-2.0, flipHoriz=False, flipVert=False, font='Arial', fontFiles=[], height=0.03, italic=False, languageStyle='LTR', name='end_practice_continue', opacity=1.0, ori=0, pos=array([ 0. , -0.4]), rgb=array([0., 0., 0.]), text=str(...), units='height', win=Window(...), wrapWidth=1)
12.0219 	EXP 	Created start_MR_text = TextStim(__class__=<class 'psychopy.visual.text.TextStim'>, alignHoriz=method-wrapper(...), alignText='center', alignVert=method-wrapper(...), anchorHoriz='center', anchorVert='center', antialias=True, autoLog=True, bold=False, color='black', colorSpace='named', contrast=1.0, depth=0.0, flipHoriz=False, flipVert=False, font='Arial', fontFiles=[], height=0.3, italic=False, languageStyle='LTR', name='start_MR_text', opacity=1.0, ori=0, pos=array([0., 0.]), rgb=array([0., 0., 0.]), text='A vizsgálatvezető indítja a szkennert...', units='norm', win=Window(...), wrapWidth=1)
12.0319 	EXP 	Created start_enc_run_text = TextStim(__class__=<class 'psychopy.visual.text.TextStim'>, alignHoriz=method-wrapper(...), alignText='center', alignVert=method-wrapper(...), anchorHoriz='center', anchorVert='center', antialias=True, autoLog=True, bold=False, color='black', colorSpace='named', contrast=1.0, depth=-2.0, flipHoriz=False, flipVert=False, font='Arial', fontFiles=[], height=0.06, italic=False, languageStyle='LTR', name='start_enc_run_text', opacity=1.0, ori=0, pos=array([0., 0.]), rgb=array([0., 0., 0.]), text='Kezdődik a feladat...', units='height', win=Window(...), wrapWidth=1)
12.1551 	EXP 	Created enc_fx_interior = ImageStim(__class__=<class 'psychopy.visual.image.ImageStim'>, autoLog=True, color=array([1., 1., 1.]), colorSpace='rgb', contrast=1.0, depth=0.0, flipHoriz=False, flipVert=False, image='stimuli/GalleryInterior.png', interpolate=True, mask=None, maskParams=None, name='enc_fx_interior', opacity=1.0, ori=0.0, pos=array([0., 0.]), size=array([2., 2.]), texRes=128, units='norm', win=Window(...))
12.1575 	EXP 	Created enc_fx_cross = TextStim(__class__=<class 'psychopy.visual.text.TextStim'>, alignHoriz=method-wrapper(...), alignText='center', alignVert=method-wrapper(...), anchorHoriz='center', anchorVert='center', antialias=True, autoLog=True, bold=False, color='black', colorSpace='named', contrast=1.0, depth=-1.0, flipHoriz=False, flipVert=False, font='Arial', fontFiles=[], height=0.1, italic=False, languageStyle='LTR', name='enc_fx_cross', opacity=1.0, ori=0, pos=array([0., 0.]), rgb=array([0., 0., 0.]), text='+', units='norm', win=Window(...), wrapWidth=1)
12.2805 	EXP 	Created enc_trial_interior = ImageStim(__class__=<class 'psychopy.visual.image.ImageStim'>, autoLog=True, color=array([1., 1., 1.]), colorSpace='rgb', contrast=1.0, depth=-1.0, flipHoriz=False, flipVert=False, image='stimuli/GalleryInterior.png', interpolate=True, mask=None, maskParams=None, name='enc_trial_interior', opacity=1.0, ori=0.0, pos=array([0., 0.]), size=array([2., 2.]), texRes=128, units='norm', win=Window(...))
12.2859 	EXP 	Created enc_trial_main_image = ImageStim(__class__=<class 'psychopy.visual.image.ImageStim'>, autoLog=True, color=array([1., 1., 1.]), colorSpace='rgb', contrast=1.0, depth=-2.0, flipHoriz=False, flipVert=False, image='sin', interpolate=True, mask=None, maskParams=None, name='enc_trial_main_image', opacity=1.0, ori=0.0, pos=array([0., 0.]), size=array([1., 1.]), texRes=128, units='norm', win=Window(...))
12.2885 	EXP 	Created end_enc_run_text = TextStim(__class__=<class 'psychopy.visual.text.TextStim'>, alignHoriz=method-wrapper(...), alignText='center', alignVert=method-wrapper(...), anchorHoriz='center', anchorVert='center', antialias=True, autoLog=True, bold=False, color='black', colorSpace='named', contrast=1.0, depth=0.0, flipHoriz=False, flipVert=False, font='Arial', fontFiles=[], height=0.06, italic=False, languageStyle='LTR', name='end_enc_run_text', opacity=1.0, ori=0, pos=array([0., 0.]), rgb=array([0., 0., 0.]), text='default text', units='height', win=Window(...), wrapWidth=1)
12.2958 	EXP 	Created enc_run_end_continue = TextStim(__class__=<class 'psychopy.visual.text.TextStim'>, alignHoriz=method-wrapper(...), alignText='center', alignVert=method-wrapper(...), anchorHoriz='center', anchorVert='center', antialias=True, autoLog=True, bold=False, color='black', colorSpace='named', contrast=1.0, depth=-2.0, flipHoriz=False, flipVert=False, font='Arial', fontFiles=[], height=0.03, italic=False, languageStyle='LTR', name='enc_run_end_continue', opacity=1.0, ori=0, pos=array([ 0. , -0.4]), rgb=array([0., 0., 0.]), text=str(...), units='height', win=Window(...), wrapWidth=1)
12.2991 	EXP 	Created inter_task_break_text = TextStim(__class__=<class 'psychopy.visual.text.TextStim'>, alignHoriz=method-wrapper(...), alignText='center', alignVert=method-wrapper(...), anchorHoriz='center', anchorVert='center', antialias=True, autoLog=True, bold=False, color='black', colorSpace='named', contrast=1.0, depth=0.0, flipHoriz=False, flipVert=False, font='Arial', fontFiles=[], height=0.03, italic=False, languageStyle='LTR', name='inter_task_break_text', opacity=1.0, ori=0, pos=array([0., 0.]), rgb=array([0., 0., 0.]), text='Most kivesszük Önt a szkennerből.', units='height', win=Window(...), wrapWidth=1)
12.3688 	EXP 	start_encoding_text: text = 'Első feladat\nGaléria berendezés'
12.3688 	EXP 	start_encoding_text: autoDraw = True
13.8252 	EXP 	start_encoding_text: autoDraw = False
13.8252 	EXP 	enc_instructions_1_text: autoDraw = True
13.8252 	EXP 	enc_instructions_1_image: autoDraw = True
18.7918 	EXP 	instructions_1_continue: autoDraw = True
19.1481 	DATA 	Keypress: d
19.1584 	EXP 	enc_instructions_1_text: autoDraw = False
19.1584 	EXP 	enc_instructions_1_image: autoDraw = False
19.1584 	EXP 	instructions_1_continue: autoDraw = False
19.1584 	EXP 	enc_instructions_2_text: autoDraw = True
19.1584 	EXP 	enc_instructions_2_image: autoDraw = True
24.1417 	EXP 	instructions_2_continue: autoDraw = True
24.2459 	DATA 	Keypress: d
24.2750 	EXP 	enc_instructions_2_text: autoDraw = False
24.2750 	EXP 	enc_instructions_2_image: autoDraw = False
24.2750 	EXP 	instructions_2_continue: autoDraw = False
24.2750 	EXP 	enc_instructions_3_text: autoDraw = True
24.4274 	DATA 	Keypress: d
29.2582 	EXP 	enc_instructions_3_continue: autoDraw = True
29.5147 	DATA 	Keypress: d
29.5248 	EXP 	enc_instructions_3_text: autoDraw = False
29.5248 	EXP 	enc_instructions_3_continue: autoDraw = False
29.5248 	EXP 	start_practice_text: autoDraw = True
30.5293 	EXP 	Imported stimuli_tables/encoding_practice_trials.csv as conditions, 9 conditions, 9 params
30.5295 	EXP 	Created sequence: sequential, trialTypes=9, nReps=1, seed=None
30.5297 	EXP 	New trial (rep=0, index=0): OrderedDict([('Task', 'EncodingPractice'), ('TrialType', 'OBJ'), ('StimType', 'LURE'), ('Order', 1), ('CurrentImage', 'stimuli/fractals/166a.jpg'), ('CurrentX', -0.0781), ('CurrentY', 0.4167), ('Jitter', 1500), ('Section', 'Encoding')])
30.5582 	EXP 	start_practice_text: autoDraw = False
30.5582 	EXP 	start_practice_text: autoDraw = False
30.5582 	EXP 	enc_practice_fx_cross: pos = array([-0.0781,  0.4167])
30.5582 	EXP 	enc_practice_fx_interior: autoDraw = True
30.5582 	EXP 	enc_practice_fx_cross: autoDraw = True
32.0911 	EXP 	enc_practice_fx_interior: autoDraw = False
32.0911 	EXP 	enc_practice_fx_cross: autoDraw = False
32.0911 	EXP 	enc_practice_fx_interior: autoDraw = False
32.0911 	EXP 	enc_practice_fx_cross: autoDraw = False
32.0911 	EXP 	enc_practice_trial_main_image: pos = array([-0.0781,  0.4167])
32.0911 	EXP 	enc_practice_trial_main_image: size = array([0.3125    , 0.55555556])
32.0911 	EXP 	enc_practice_trial_main_image: image = 'stimuli/fractals/166a.jpg'
32.0911 	EXP 	enc_practice_trial_interior: autoDraw = True
32.0911 	EXP 	enc_practice_trial_main_image: autoDraw = True
32.6288 	DATA 	Keypress: c
35.1077 	EXP 	enc_practice_trial_interior: autoDraw = False
35.1077 	EXP 	enc_practice_trial_main_image: autoDraw = False
35.1077 	EXP 	enc_practice_feedback_image: pos = array([-0.0781,  0.4167])
35.1077 	EXP 	enc_practice_feedback_image: size = array([0.3125    , 0.55555556])
35.1077 	EXP 	enc_practice_feedback_image: image = 'stimuli/fractals/166a.jpg'
35.1077 	EXP 	enc_practice_feedback_text: pos = array([-0.0781,  0.0167])
35.1077 	EXP 	enc_practice_feedback_text: text = 'Nem adott választ.'
35.1077 	EXP 	enc_practice_feedback_interior: autoDraw = True
35.1077 	EXP 	enc_practice_feedback_image: autoDraw = True
35.1077 	EXP 	enc_practice_feedback_text: autoDraw = True
36.0586 	EXP 	New trial (rep=0, index=1): OrderedDict([('Task', 'EncodingPractice'), ('TrialType', 'OBJ'), ('StimType', 'TARGET'), ('Order', 1), ('CurrentImage', 'stimuli/fractals/167a.jpg'), ('CurrentX', 0.2344), ('CurrentY', 0.4167), ('Jitter', 500), ('Section', 'Encoding')])
36.0743 	EXP 	enc_practice_feedback_interior: autoDraw = False
36.0743 	EXP 	enc_practice_feedback_image: autoDraw = False
36.0743 	EXP 	enc_practice_feedback_text: autoDraw = False
36.0743 	EXP 	enc_practice_fx_cross: pos = array([0.2344, 0.4167])
36.0743 	EXP 	enc_practice_fx_interior: autoDraw = True
36.0743 	EXP 	enc_practice_fx_cross: autoDraw = True
36.5910 	EXP 	enc_practice_fx_interior: autoDraw = False
36.5910 	EXP 	enc_practice_fx_cross: autoDraw = False
36.5910 	EXP 	enc_practice_fx_interior: autoDraw = False
36.5910 	EXP 	enc_practice_fx_cross: autoDraw = False
36.5910 	EXP 	enc_practice_trial_main_image: pos = array([0.2344, 0.4167])
36.5910 	EXP 	enc_practice_trial_main_image: size = array([0.3125    , 0.55555556])
36.5910 	EXP 	enc_practice_trial_main_image: image = 'stimuli/fractals/167a.jpg'
36.5910 	EXP 	enc_practice_trial_interior: autoDraw = True
36.5910 	EXP 	enc_practice_trial_main_image: autoDraw = True
37.5121 	DATA 	Keypress: b
37.6291 	DATA 	Keypress: c
38.8447 	DATA 	Keypress: b
39.1287 	DATA 	Keypress: b
39.3621 	DATA 	Keypress: b
39.5920 	DATA 	Keypress: b
39.6076 	EXP 	enc_practice_trial_interior: autoDraw = False
39.6076 	EXP 	enc_practice_trial_main_image: autoDraw = False
39.6076 	EXP 	enc_practice_feedback_image: pos = array([0.2344, 0.4167])
39.6076 	EXP 	enc_practice_feedback_image: size = array([0.3125    , 0.55555556])
39.6076 	EXP 	enc_practice_feedback_image: image = 'stimuli/fractals/167a.jpg'
39.6076 	EXP 	enc_practice_feedback_text: pos = array([0.2344, 0.0167])
39.6076 	EXP 	enc_practice_feedback_text: text = 'Nem adott választ.'
39.6076 	EXP 	enc_practice_feedback_interior: autoDraw = True
39.6076 	EXP 	enc_practice_feedback_image: autoDraw = True
39.6076 	EXP 	enc_practice_feedback_text: autoDraw = True
39.8257 	DATA 	Keypress: b
40.0597 	DATA 	Keypress: b
40.5748 	EXP 	New trial (rep=0, index=2): OrderedDict([('Task', 'EncodingPractice'), ('TrialType', 'OBJ'), ('StimType', 'FOIL'), ('Order', 1), ('CurrentImage', 'stimuli/fractals/149a.jpg'), ('CurrentX', 0.2344), ('CurrentY', -0.1389), ('Jitter', 1000), ('Section', 'Encoding')])
40.5909 	EXP 	enc_practice_feedback_interior: autoDraw = False
40.5909 	EXP 	enc_practice_feedback_image: autoDraw = False
40.5909 	EXP 	enc_practice_feedback_text: autoDraw = False
40.5909 	EXP 	enc_practice_fx_cross: pos = array([ 0.2344, -0.1389])
40.5909 	EXP 	enc_practice_fx_interior: autoDraw = True
40.5909 	EXP 	enc_practice_fx_cross: autoDraw = True
41.1294 	DATA 	Keypress: c
41.3448 	DATA 	Keypress: c
41.5624 	DATA 	Keypress: c
41.6075 	EXP 	enc_practice_fx_interior: autoDraw = False
41.6075 	EXP 	enc_practice_fx_cross: autoDraw = False
41.6075 	EXP 	enc_practice_fx_interior: autoDraw = False
41.6075 	EXP 	enc_practice_fx_cross: autoDraw = False
41.6075 	EXP 	enc_practice_trial_main_image: pos = array([ 0.2344, -0.1389])
41.6075 	EXP 	enc_practice_trial_main_image: size = array([0.3125    , 0.55555556])
41.6075 	EXP 	enc_practice_trial_main_image: image = 'stimuli/fractals/149a.jpg'
41.6075 	EXP 	enc_practice_trial_interior: autoDraw = True
41.6075 	EXP 	enc_practice_trial_main_image: autoDraw = True
41.7791 	DATA 	Keypress: c
42.4121 	DATA 	Keypress: b
42.5121 	DATA 	Keypress: c
42.7947 	DATA 	Keypress: b
42.9118 	DATA 	Keypress: c
44.6241 	EXP 	enc_practice_trial_interior: autoDraw = False
44.6241 	EXP 	enc_practice_trial_main_image: autoDraw = False
44.6241 	EXP 	enc_practice_feedback_image: pos = array([ 0.2344, -0.1389])
44.6241 	EXP 	enc_practice_feedback_image: size = array([0.3125    , 0.55555556])
44.6241 	EXP 	enc_practice_feedback_image: image = 'stimuli/fractals/149a.jpg'
44.6241 	EXP 	enc_practice_feedback_text: pos = array([ 0.2344, -0.5389])
44.6241 	EXP 	enc_practice_feedback_text: text = 'Nem adott választ.'
44.6241 	EXP 	enc_practice_feedback_interior: autoDraw = True
44.6241 	EXP 	enc_practice_feedback_image: autoDraw = True
44.6241 	EXP 	enc_practice_feedback_text: autoDraw = True
45.5913 	EXP 	New trial (rep=0, index=3): OrderedDict([('Task', 'EncodingPractice'), ('TrialType', 'LOC'), ('StimType', 'FOIL'), ('Order', 1), ('CurrentImage', 'stimuli/fractals/148b.jpg'), ('CurrentX', 0.2344), ('CurrentY', -0.1389), ('Jitter', 1000), ('Section', 'Encoding')])
45.6074 	EXP 	enc_practice_feedback_interior: autoDraw = False
45.6074 	EXP 	enc_practice_feedback_image: autoDraw = False
45.6074 	EXP 	enc_practice_feedback_text: autoDraw = False
45.6074 	EXP 	enc_practice_fx_cross: pos = array([ 0.2344, -0.1389])
45.6074 	EXP 	enc_practice_fx_interior: autoDraw = True
45.6074 	EXP 	enc_practice_fx_cross: autoDraw = True
46.6241 	EXP 	enc_practice_fx_interior: autoDraw = False
46.6241 	EXP 	enc_practice_fx_cross: autoDraw = False
46.6241 	EXP 	enc_practice_fx_interior: autoDraw = False
46.6241 	EXP 	enc_practice_fx_cross: autoDraw = False
46.6241 	EXP 	enc_practice_trial_main_image: pos = array([ 0.2344, -0.1389])
46.6241 	EXP 	enc_practice_trial_main_image: size = array([0.3125    , 0.55555556])
46.6241 	EXP 	enc_practice_trial_main_image: image = 'stimuli/fractals/148b.jpg'
46.6241 	EXP 	enc_practice_trial_interior: autoDraw = True
46.6241 	EXP 	enc_practice_trial_main_image: autoDraw = True
49.6240 	EXP 	enc_practice_trial_interior: autoDraw = False
49.6240 	EXP 	enc_practice_trial_main_image: autoDraw = False
49.6240 	EXP 	enc_practice_feedback_image: pos = array([ 0.2344, -0.1389])
49.6240 	EXP 	enc_practice_feedback_image: size = array([0.3125    , 0.55555556])
49.6240 	EXP 	enc_practice_feedback_image: image = 'stimuli/fractals/148b.jpg'
49.6240 	EXP 	enc_practice_feedback_text: pos = array([ 0.2344, -0.5389])
49.6240 	EXP 	enc_practice_feedback_text: text = 'Nem adott választ.'
49.6240 	EXP 	enc_practice_feedback_interior: autoDraw = True
49.6240 	EXP 	enc_practice_feedback_image: autoDraw = True
49.6240 	EXP 	enc_practice_feedback_text: autoDraw = True
50.6078 	EXP 	New trial (rep=0, index=4): OrderedDict([('Task', 'EncodingPractice'), ('TrialType', 'LOC'), ('StimType', 'LURE'), ('Order', 1), ('CurrentImage', 'stimuli/fractals/159a.jpg'), ('CurrentX', -0.3906), ('CurrentY', 0.4167), ('Jitter', 5000), ('Section', 'Encoding')])
50.6240 	EXP 	enc_practice_feedback_interior: autoDraw = False
50.6240 	EXP 	enc_practice_feedback_image: autoDraw = False
50.6240 	EXP 	enc_practice_feedback_text: autoDraw = False
50.6240 	EXP 	enc_practice_fx_cross: pos = array([-0.3906,  0.4167])
50.6240 	EXP 	enc_practice_fx_interior: autoDraw = True
50.6240 	EXP 	enc_practice_fx_cross: autoDraw = True
55.6407 	EXP 	enc_practice_fx_interior: autoDraw = False
55.6407 	EXP 	enc_practice_fx_cross: autoDraw = False
55.6407 	EXP 	enc_practice_fx_interior: autoDraw = False
55.6407 	EXP 	enc_practice_fx_cross: autoDraw = False
55.6407 	EXP 	enc_practice_trial_main_image: pos = array([-0.3906,  0.4167])
55.6407 	EXP 	enc_practice_trial_main_image: size = array([0.3125    , 0.55555556])
55.6407 	EXP 	enc_practice_trial_main_image: image = 'stimuli/fractals/159a.jpg'
55.6407 	EXP 	enc_practice_trial_interior: autoDraw = True
55.6407 	EXP 	enc_practice_trial_main_image: autoDraw = True
58.6572 	EXP 	enc_practice_trial_interior: autoDraw = False
58.6572 	EXP 	enc_practice_trial_main_image: autoDraw = False
58.6572 	EXP 	enc_practice_feedback_image: pos = array([-0.3906,  0.4167])
58.6572 	EXP 	enc_practice_feedback_image: size = array([0.3125    , 0.55555556])
58.6572 	EXP 	enc_practice_feedback_image: image = 'stimuli/fractals/159a.jpg'
58.6572 	EXP 	enc_practice_feedback_text: pos = array([-0.3906,  0.0167])
58.6572 	EXP 	enc_practice_feedback_text: text = 'Nem adott választ.'
58.6572 	EXP 	enc_practice_feedback_interior: autoDraw = True
58.6572 	EXP 	enc_practice_feedback_image: autoDraw = True
58.6572 	EXP 	enc_practice_feedback_text: autoDraw = True
59.6244 	EXP 	New trial (rep=0, index=5): OrderedDict([('Task', 'EncodingPractice'), ('TrialType', 'OBJ'), ('StimType', 'LURE'), ('Order', 1), ('CurrentImage', 'stimuli/fractals/177b.jpg'), ('CurrentX', -0.3906), ('CurrentY', 0.4167), ('Jitter', 800), ('Section', 'Encoding')])
59.6406 	EXP 	enc_practice_feedback_interior: autoDraw = False
59.6406 	EXP 	enc_practice_feedback_image: autoDraw = False
59.6406 	EXP 	enc_practice_feedback_text: autoDraw = False
59.6406 	EXP 	enc_practice_fx_cross: pos = array([-0.3906,  0.4167])
59.6406 	EXP 	enc_practice_fx_interior: autoDraw = True
59.6406 	EXP 	enc_practice_fx_cross: autoDraw = True
60.4572 	EXP 	enc_practice_fx_interior: autoDraw = False
60.4572 	EXP 	enc_practice_fx_cross: autoDraw = False
60.4572 	EXP 	enc_practice_fx_interior: autoDraw = False
60.4572 	EXP 	enc_practice_fx_cross: autoDraw = False
60.4572 	EXP 	enc_practice_trial_main_image: pos = array([-0.3906,  0.4167])
60.4572 	EXP 	enc_practice_trial_main_image: size = array([0.3125    , 0.55555556])
60.4572 	EXP 	enc_practice_trial_main_image: image = 'stimuli/fractals/177b.jpg'
60.4572 	EXP 	enc_practice_trial_interior: autoDraw = True
60.4572 	EXP 	enc_practice_trial_main_image: autoDraw = True
60.5448 	DATA 	Keypress: b
60.9447 	DATA 	Keypress: c
61.1277 	DATA 	Keypress: b
61.3106 	DATA 	Keypress: c
61.4447 	DATA 	Keypress: b
61.5781 	DATA 	Keypress: c
61.7283 	DATA 	Keypress: b
61.8606 	DATA 	Keypress: c
62.0106 	DATA 	Keypress: b
62.2451 	DATA 	Keypress: c
62.4948 	DATA 	Keypress: b
62.6948 	DATA 	Keypress: c
62.9107 	DATA 	Keypress: b
63.4738 	EXP 	enc_practice_trial_interior: autoDraw = False
63.4738 	EXP 	enc_practice_trial_main_image: autoDraw = False
63.4738 	EXP 	enc_practice_feedback_image: pos = array([-0.3906,  0.4167])
63.4738 	EXP 	enc_practice_feedback_image: size = array([0.3125    , 0.55555556])
63.4738 	EXP 	enc_practice_feedback_image: image = 'stimuli/fractals/177b.jpg'
63.4738 	EXP 	enc_practice_feedback_text: pos = array([-0.3906,  0.0167])
63.4738 	EXP 	enc_practice_feedback_text: text = 'Nem adott választ.'
63.4738 	EXP 	enc_practice_feedback_interior: autoDraw = True
63.4738 	EXP 	enc_practice_feedback_image: autoDraw = True
63.4738 	EXP 	enc_practice_feedback_text: autoDraw = True
64.4409 	EXP 	New trial (rep=0, index=6): OrderedDict([('Task', 'EncodingPractice'), ('TrialType', '-'), ('StimType', '-'), ('Order', 1), ('CurrentImage', 'stimuli/fractals/181c.jpg'), ('CurrentX', -0.0781), ('CurrentY', -0.1389), ('Jitter', 3000), ('Section', 'Encoding')])
64.4571 	EXP 	enc_practice_feedback_interior: autoDraw = False
64.4571 	EXP 	enc_practice_feedback_image: autoDraw = False
64.4571 	EXP 	enc_practice_feedback_text: autoDraw = False
64.4571 	EXP 	enc_practice_fx_cross: pos = array([-0.0781, -0.1389])
64.4571 	EXP 	enc_practice_fx_interior: autoDraw = True
64.4571 	EXP 	enc_practice_fx_cross: autoDraw = True
64.8451 	DATA 	Keypress: d
67.4903 	EXP 	enc_practice_fx_interior: autoDraw = False
67.4903 	EXP 	enc_practice_fx_cross: autoDraw = False
67.4903 	EXP 	enc_practice_fx_interior: autoDraw = False
67.4903 	EXP 	enc_practice_fx_cross: autoDraw = False
67.4903 	EXP 	enc_practice_trial_main_image: pos = array([-0.0781, -0.1389])
67.4903 	EXP 	enc_practice_trial_main_image: size = array([0.3125    , 0.55555556])
67.4903 	EXP 	enc_practice_trial_main_image: image = 'stimuli/fractals/181c.jpg'
67.4903 	EXP 	enc_practice_trial_interior: autoDraw = True
67.4903 	EXP 	enc_practice_trial_main_image: autoDraw = True
70.4903 	EXP 	enc_practice_trial_interior: autoDraw = False
70.4903 	EXP 	enc_practice_trial_main_image: autoDraw = False
70.4903 	EXP 	enc_practice_feedback_image: pos = array([-0.0781, -0.1389])
70.4903 	EXP 	enc_practice_feedback_image: size = array([0.3125    , 0.55555556])
70.4903 	EXP 	enc_practice_feedback_image: image = 'stimuli/fractals/181c.jpg'
70.4903 	EXP 	enc_practice_feedback_text: pos = array([-0.0781, -0.5389])
70.4903 	EXP 	enc_practice_feedback_text: text = 'Nem adott választ.'
70.4903 	EXP 	enc_practice_feedback_interior: autoDraw = True
70.4903 	EXP 	enc_practice_feedback_image: autoDraw = True
70.4903 	EXP 	enc_practice_feedback_text: autoDraw = True
71.4575 	EXP 	New trial (rep=0, index=7): OrderedDict([('Task', 'EncodingPractice'), ('TrialType', '-'), ('StimType', '-'), ('Order', 1), ('CurrentImage', 'stimuli/fractals/163a.jpg'), ('CurrentX', -0.2344), ('CurrentY', -0.4167), ('Jitter', 800), ('Section', 'Encoding')])
71.4736 	EXP 	enc_practice_feedback_interior: autoDraw = False
71.4736 	EXP 	enc_practice_feedback_image: autoDraw = False
71.4736 	EXP 	enc_practice_feedback_text: autoDraw = False
71.4736 	EXP 	enc_practice_fx_cross: pos = array([-0.2344, -0.4167])
71.4736 	EXP 	enc_practice_fx_interior: autoDraw = True
71.4736 	EXP 	enc_practice_fx_cross: autoDraw = True
71.5607 	DATA 	Keypress: d
72.0611 	DATA 	Keypress: d
72.2902 	EXP 	enc_practice_fx_interior: autoDraw = False
72.2902 	EXP 	enc_practice_fx_cross: autoDraw = False
72.2902 	EXP 	enc_practice_fx_interior: autoDraw = False
72.2902 	EXP 	enc_practice_fx_cross: autoDraw = False
72.2902 	EXP 	enc_practice_trial_main_image: pos = array([-0.2344, -0.4167])
72.2902 	EXP 	enc_practice_trial_main_image: size = array([0.3125    , 0.55555556])
72.2902 	EXP 	enc_practice_trial_main_image: image = 'stimuli/fractals/163a.jpg'
72.2902 	EXP 	enc_practice_trial_interior: autoDraw = True
72.2902 	EXP 	enc_practice_trial_main_image: autoDraw = True
72.4281 	DATA 	Keypress: d
72.8281 	DATA 	Keypress: d
75.3068 	EXP 	enc_practice_trial_interior: autoDraw = False
75.3068 	EXP 	enc_practice_trial_main_image: autoDraw = False
75.3068 	EXP 	enc_practice_feedback_image: pos = array([-0.2344, -0.4167])
75.3068 	EXP 	enc_practice_feedback_image: size = array([0.3125    , 0.55555556])
75.3068 	EXP 	enc_practice_feedback_image: image = 'stimuli/fractals/163a.jpg'
75.3068 	EXP 	enc_practice_feedback_text: pos = array([-0.2344, -0.8167])
75.3068 	EXP 	enc_practice_feedback_text: text = 'Nem adott választ.'
75.3068 	EXP 	enc_practice_feedback_interior: autoDraw = True
75.3068 	EXP 	enc_practice_feedback_image: autoDraw = True
75.3068 	EXP 	enc_practice_feedback_text: autoDraw = True
75.8758 	DATA 	Keypress: s
76.2741 	EXP 	New trial (rep=0, index=8): OrderedDict([('Task', 'EncodingPractice'), ('TrialType', 'LOC'), ('StimType', 'TARGET'), ('Order', 1), ('CurrentImage', 'stimuli/fractals/166a.jpg'), ('CurrentX', -0.0781), ('CurrentY', 0.4167), ('Jitter', 1500), ('Section', 'Encoding')])
76.2902 	EXP 	enc_practice_feedback_interior: autoDraw = False
76.2902 	EXP 	enc_practice_feedback_image: autoDraw = False
76.2902 	EXP 	enc_practice_feedback_text: autoDraw = False
76.2902 	EXP 	enc_practice_fx_cross: pos = array([-0.0781,  0.4167])
76.2902 	EXP 	enc_practice_fx_interior: autoDraw = True
76.2902 	EXP 	enc_practice_fx_cross: autoDraw = True
77.8068 	EXP 	enc_practice_fx_interior: autoDraw = False
77.8068 	EXP 	enc_practice_fx_cross: autoDraw = False
77.8068 	EXP 	enc_practice_fx_interior: autoDraw = False
77.8068 	EXP 	enc_practice_fx_cross: autoDraw = False
77.8068 	EXP 	enc_practice_trial_main_image: pos = array([-0.0781,  0.4167])
77.8068 	EXP 	enc_practice_trial_main_image: size = array([0.3125    , 0.55555556])
77.8068 	EXP 	enc_practice_trial_main_image: image = 'stimuli/fractals/166a.jpg'
77.8068 	EXP 	enc_practice_trial_interior: autoDraw = True
77.8068 	EXP 	enc_practice_trial_main_image: autoDraw = True
80.8234 	EXP 	enc_practice_trial_interior: autoDraw = False
80.8234 	EXP 	enc_practice_trial_main_image: autoDraw = False
80.8234 	EXP 	enc_practice_feedback_image: pos = array([-0.0781,  0.4167])
80.8234 	EXP 	enc_practice_feedback_image: size = array([0.3125    , 0.55555556])
80.8234 	EXP 	enc_practice_feedback_image: image = 'stimuli/fractals/166a.jpg'
80.8234 	EXP 	enc_practice_feedback_text: pos = array([-0.0781,  0.0167])
80.8234 	EXP 	enc_practice_feedback_text: text = 'Nem adott választ.'
80.8234 	EXP 	enc_practice_feedback_interior: autoDraw = True
80.8234 	EXP 	enc_practice_feedback_image: autoDraw = True
80.8234 	EXP 	enc_practice_feedback_text: autoDraw = True
81.5257 	DATA 	Keypress: s
81.8067 	EXP 	enc_practice_feedback_interior: autoDraw = False
81.8067 	EXP 	enc_practice_feedback_image: autoDraw = False
81.8067 	EXP 	enc_practice_feedback_text: autoDraw = False
81.8067 	EXP 	end_practice_text: autoDraw = True
82.7733 	EXP 	end_practice_continue: autoDraw = True
83.9608 	EXP 	Created sequence: sequential, trialTypes=1, nReps=2, seed=None
83.9610 	EXP 	New trial (rep=0, index=0): None
83.9632 	DATA 	Keypress: d
83.9733 	EXP 	end_practice_text: autoDraw = False
83.9733 	EXP 	end_practice_continue: autoDraw = False
83.9733 	EXP 	start_MR_text: autoDraw = True
85.0628 	DATA 	Keypress: s
85.0733 	EXP 	start_MR_text: autoDraw = False
85.0733 	EXP 	start_enc_run_text: autoDraw = True
85.9277 	DATA 	Keypress: s
86.8773 	DATA 	Keypress: s
87.8443 	DATA 	Keypress: s
88.0919 	EXP 	Imported stimuli_tables/encoding_trials_1.csv as conditions, 3 conditions, 20 params
88.0922 	EXP 	Created sequence: sequential, trialTypes=3, nReps=1, seed=None
88.0925 	EXP 	New trial (rep=0, index=0): OrderedDict([('TrialIndex', 1.0), ('Jitter', 2000.0), ('ScannerRun', 1.0), ('StimType', 'OLP'), ('Order', 1.0), ('Delay', 3.0), ('CurrentImage', 'stimuli/fractals/22c.jpg'), ('CurrentX', -0.234375), ('CurrentY', 0.1388888888888889), ('TripletMemberA', 'stimuli/fractals/22c.jpg'), ('TripletMemberB', 'stimuli/fractals/22a.jpg'), ('TripletMemberC', 'stimuli/fractals/22b.jpg'), ('Xcoordinate', -0.234375), ('Ycoordinate', 0.1388888888888889), ('Xcoordinate_lure1', -0.234375), ('Ycoordinate_lure1', -0.1388888888888889), ('Xcoordinate_lure2', -0.078125), ('Ycoordinate_lure2', 0.1388888888888889), ('Xcoordinate_foil', 0.234375), ('Ycoordinate_foil', -0.4166666666666667)])
88.1065 	EXP 	start_enc_run_text: autoDraw = False
88.1065 	EXP 	start_enc_run_text: autoDraw = False
88.1065 	EXP 	enc_fx_cross: pos = array([-0.234375  ,  0.13888889])
88.1065 	EXP 	enc_fx_interior: autoDraw = True
88.1065 	EXP 	enc_fx_cross: autoDraw = True
88.7128 	DATA 	Keypress: s
89.7295 	DATA 	Keypress: s
90.1567 	EXP 	enc_fx_interior: autoDraw = False
90.1567 	EXP 	enc_fx_cross: autoDraw = False
90.1567 	EXP 	enc_fx_interior: autoDraw = False
90.1567 	EXP 	enc_fx_cross: autoDraw = False
90.1567 	EXP 	enc_trial_main_image: pos = array([-0.234375  ,  0.13888889])
90.1567 	EXP 	enc_trial_main_image: size = array([0.3125    , 0.55555556])
90.1567 	EXP 	enc_trial_main_image: image = 'stimuli/fractals/22c.jpg'
90.1567 	EXP 	enc_trial_interior: autoDraw = True
90.1567 	EXP 	enc_trial_main_image: autoDraw = True
90.6291 	DATA 	Keypress: s
91.6132 	DATA 	Keypress: v
92.1791 	DATA 	Keypress: s
93.1084 	EXP 	New trial (rep=0, index=1): OrderedDict([('TrialIndex', 2.0), ('Jitter', 6000.0), ('ScannerRun', 1.0), ('StimType', 'OLP'), ('Order', 1.0), ('Delay', 3.0), ('CurrentImage', 'stimuli/fractals/77a.jpg'), ('CurrentX', -0.078125), ('CurrentY', 0.4166666666666667), ('TripletMemberA', 'stimuli/fractals/77a.jpg'), ('TripletMemberB', 'stimuli/fractals/77c.jpg'), ('TripletMemberC', 'stimuli/fractals/77b.jpg'), ('Xcoordinate', -0.078125), ('Ycoordinate', 0.4166666666666667), ('Xcoordinate_lure1', -0.234375), ('Ycoordinate_lure1', 0.4166666666666667), ('Xcoordinate_lure2', -0.078125), ('Ycoordinate_lure2', 0.1388888888888889), ('Xcoordinate_foil', -0.390625), ('Ycoordinate_foil', -0.4166666666666667)])
93.1231 	EXP 	enc_trial_interior: autoDraw = False
93.1231 	EXP 	enc_trial_main_image: autoDraw = False
93.1231 	EXP 	enc_fx_cross: pos = array([-0.078125  ,  0.41666667])
93.1231 	EXP 	enc_fx_interior: autoDraw = True
93.1231 	EXP 	enc_fx_cross: autoDraw = True
93.1332 	DATA 	Keypress: s
93.4789 	DATA 	Keypress: c
94.2794 	DATA 	Keypress: c
95.3294 	DATA 	Keypress: c
96.0795 	DATA 	Keypress: s
97.2463 	DATA 	Keypress: s
98.2959 	DATA 	Keypress: s
99.1396 	EXP 	enc_fx_interior: autoDraw = False
99.1396 	EXP 	enc_fx_cross: autoDraw = False
99.1396 	EXP 	enc_fx_interior: autoDraw = False
99.1396 	EXP 	enc_fx_cross: autoDraw = False
99.1396 	EXP 	enc_trial_main_image: pos = array([-0.078125  ,  0.41666667])
99.1396 	EXP 	enc_trial_main_image: size = array([0.3125    , 0.55555556])
99.1396 	EXP 	enc_trial_main_image: image = 'stimuli/fractals/77a.jpg'
99.1396 	EXP 	enc_trial_interior: autoDraw = True
99.1396 	EXP 	enc_trial_main_image: autoDraw = True
99.6291 	DATA 	Keypress: s
100.0291 	DATA 	Keypress: c
101.4795 	DATA 	Keypress: s
102.1247 	EXP 	New trial (rep=0, index=2): OrderedDict([('TrialIndex', 3.0), ('Jitter', 2000.0), ('ScannerRun', 1.0), ('StimType', 'LLP'), ('Order', 1.0), ('Delay', 5.0), ('CurrentImage', 'stimuli/fractals/106b.jpg'), ('CurrentX', 0.390625), ('CurrentY', 0.4166666666666667), ('TripletMemberA', 'stimuli/fractals/106b.jpg'), ('TripletMemberB', 'stimuli/fractals/106c.jpg'), ('TripletMemberC', 'stimuli/fractals/106a.jpg'), ('Xcoordinate', 0.390625), ('Ycoordinate', 0.4166666666666667), ('Xcoordinate_lure1', 0.234375), ('Ycoordinate_lure1', 0.4166666666666667), ('Xcoordinate_lure2', 0.390625), ('Ycoordinate_lure2', 0.1388888888888889), ('Xcoordinate_foil', -0.078125), ('Ycoordinate_foil', -0.4166666666666667)])
102.1395 	EXP 	enc_trial_interior: autoDraw = False
102.1395 	EXP 	enc_trial_main_image: autoDraw = False
102.1395 	EXP 	enc_fx_cross: pos = array([0.390625  , 0.41666667])
102.1395 	EXP 	enc_fx_interior: autoDraw = True
102.1395 	EXP 	enc_fx_cross: autoDraw = True
102.5795 	DATA 	Keypress: s
103.7794 	DATA 	Keypress: s
104.1562 	EXP 	enc_fx_interior: autoDraw = False
104.1562 	EXP 	enc_fx_cross: autoDraw = False
104.1562 	EXP 	enc_fx_interior: autoDraw = False
104.1562 	EXP 	enc_fx_cross: autoDraw = False
104.1562 	EXP 	enc_trial_main_image: pos = array([0.390625  , 0.41666667])
104.1562 	EXP 	enc_trial_main_image: size = array([0.3125    , 0.55555556])
104.1562 	EXP 	enc_trial_main_image: image = 'stimuli/fractals/106b.jpg'
104.1562 	EXP 	enc_trial_interior: autoDraw = True
104.1562 	EXP 	enc_trial_main_image: autoDraw = True
104.7961 	DATA 	Keypress: b
105.2461 	DATA 	Keypress: s
106.2463 	DATA 	Keypress: s
107.1561 	EXP 	enc_trial_interior: autoDraw = False
107.1561 	EXP 	enc_trial_main_image: autoDraw = False
107.1561 	EXP 	end_enc_run_text: text = 'Rövid szünet.'
107.1561 	EXP 	end_enc_run_text: autoDraw = True
107.2431 	DATA 	Keypress: s
112.1561 	EXP 	enc_run_end_continue: autoDraw = True
112.9292 	EXP 	New trial (rep=1, index=0): None
112.9324 	DATA 	Keypress: d
112.9396 	EXP 	end_enc_run_text: autoDraw = False
112.9396 	EXP 	enc_run_end_continue: autoDraw = False
112.9396 	EXP 	start_MR_text: autoDraw = True
118.6124 	DATA 	Keypress: s
118.6227 	EXP 	start_MR_text: autoDraw = False
118.6227 	EXP 	start_enc_run_text: autoDraw = True
119.8605 	DATA 	Keypress: s
121.1105 	DATA 	Keypress: s
121.6359 	EXP 	Imported stimuli_tables/encoding_trials_1.csv as conditions, 3 conditions, 20 params
121.6362 	EXP 	Created sequence: sequential, trialTypes=3, nReps=1, seed=None
121.6365 	EXP 	New trial (rep=0, index=0): OrderedDict([('TrialIndex', 4.0), ('Jitter', 1000.0), ('ScannerRun', 1.0), ('StimType', 'ERP'), ('Order', 1.0), ('Delay', 2.0), ('CurrentImage', 'stimuli/fractals/105a.jpg'), ('CurrentX', 0.078125), ('CurrentY', 0.4166666666666667), ('TripletMemberA', 'stimuli/fractals/105a.jpg'), ('TripletMemberB', 'stimuli/fractals/105b.jpg'), ('TripletMemberC', 'stimuli/fractals/105c.jpg'), ('Xcoordinate', 0.078125), ('Ycoordinate', 0.4166666666666667), ('Xcoordinate_lure1', 0.234375), ('Ycoordinate_lure1', 0.4166666666666667), ('Xcoordinate_lure2', 0.078125), ('Ycoordinate_lure2', 0.1388888888888889), ('Xcoordinate_foil', -0.390625), ('Ycoordinate_foil', -0.1388888888888889)])
121.6560 	EXP 	start_enc_run_text: autoDraw = False
121.6560 	EXP 	start_enc_run_text: autoDraw = False
121.6560 	EXP 	enc_fx_cross: pos = array([0.078125  , 0.41666667])
121.6560 	EXP 	enc_fx_interior: autoDraw = True
121.6560 	EXP 	enc_fx_cross: autoDraw = True
122.2791 	DATA 	Keypress: s
122.6893 	EXP 	enc_fx_interior: autoDraw = False
122.6893 	EXP 	enc_fx_cross: autoDraw = False
122.6893 	EXP 	enc_fx_interior: autoDraw = False
122.6893 	EXP 	enc_fx_cross: autoDraw = False
122.6893 	EXP 	enc_trial_main_image: pos = array([0.078125  , 0.41666667])
122.6893 	EXP 	enc_trial_main_image: size = array([0.3125    , 0.55555556])
122.6893 	EXP 	enc_trial_main_image: image = 'stimuli/fractals/105a.jpg'
122.6893 	EXP 	enc_trial_interior: autoDraw = True
122.6893 	EXP 	enc_trial_main_image: autoDraw = True
123.1783 	DATA 	Keypress: c
124.1619 	DATA 	Keypress: s
125.3789 	DATA 	Keypress: s
125.6566 	EXP 	New trial (rep=0, index=1): OrderedDict([('TrialIndex', 5.0), ('Jitter', 5000.0), ('ScannerRun', 1.0), ('StimType', 'OLP'), ('Order', 2.0), ('Delay', 0.0), ('CurrentImage', 'stimuli/fractals/22a.jpg'), ('CurrentX', -0.234375), ('CurrentY', 0.1388888888888889), ('TripletMemberA', 'stimuli/fractals/22c.jpg'), ('TripletMemberB', 'stimuli/fractals/22a.jpg'), ('TripletMemberC', 'stimuli/fractals/22b.jpg'), ('Xcoordinate', -0.234375), ('Ycoordinate', 0.1388888888888889), ('Xcoordinate_lure1', -0.234375), ('Ycoordinate_lure1', -0.1388888888888889), ('Xcoordinate_lure2', -0.078125), ('Ycoordinate_lure2', 0.1388888888888889), ('Xcoordinate_foil', 0.234375), ('Ycoordinate_foil', -0.4166666666666667)])
125.6722 	EXP 	enc_trial_interior: autoDraw = False
125.6722 	EXP 	enc_trial_main_image: autoDraw = False
125.6722 	EXP 	enc_fx_cross: pos = array([-0.234375  ,  0.13888889])
125.6722 	EXP 	enc_fx_interior: autoDraw = True
125.6722 	EXP 	enc_fx_cross: autoDraw = True
126.5952 	DATA 	Keypress: s
127.6623 	DATA 	Keypress: s
128.8619 	DATA 	Keypress: s
130.0953 	DATA 	Keypress: s
130.6887 	EXP 	enc_fx_interior: autoDraw = False
130.6887 	EXP 	enc_fx_cross: autoDraw = False
130.6887 	EXP 	enc_fx_interior: autoDraw = False
130.6887 	EXP 	enc_fx_cross: autoDraw = False
130.6887 	EXP 	enc_trial_main_image: pos = array([-0.234375  ,  0.13888889])
130.6887 	EXP 	enc_trial_main_image: size = array([0.3125    , 0.55555556])
130.6887 	EXP 	enc_trial_main_image: image = 'stimuli/fractals/22a.jpg'
130.6887 	EXP 	enc_trial_interior: autoDraw = True
130.6887 	EXP 	enc_trial_main_image: autoDraw = True
131.3275 	DATA 	Keypress: c
131.8620 	DATA 	Keypress: s
133.1945 	DATA 	Keypress: s
133.6734 	EXP 	New trial (rep=0, index=2): OrderedDict([('TrialIndex', 6.0), ('Jitter', 3000.0), ('ScannerRun', 1.0), ('StimType', 'OLP'), ('Order', 2.0), ('Delay', 0.0), ('CurrentImage', 'stimuli/fractals/77c.jpg'), ('CurrentX', -0.078125), ('CurrentY', 0.4166666666666667), ('TripletMemberA', 'stimuli/fractals/77a.jpg'), ('TripletMemberB', 'stimuli/fractals/77c.jpg'), ('TripletMemberC', 'stimuli/fractals/77b.jpg'), ('Xcoordinate', -0.078125), ('Ycoordinate', 0.4166666666666667), ('Xcoordinate_lure1', -0.234375), ('Ycoordinate_lure1', 0.4166666666666667), ('Xcoordinate_lure2', -0.078125), ('Ycoordinate_lure2', 0.1388888888888889), ('Xcoordinate_foil', -0.390625), ('Ycoordinate_foil', -0.4166666666666667)])
133.6887 	EXP 	enc_trial_interior: autoDraw = False
133.6887 	EXP 	enc_trial_main_image: autoDraw = False
133.6887 	EXP 	enc_fx_cross: pos = array([-0.078125  ,  0.41666667])
133.6887 	EXP 	enc_fx_interior: autoDraw = True
133.6887 	EXP 	enc_fx_cross: autoDraw = True
134.3622 	DATA 	Keypress: s
135.6623 	DATA 	Keypress: s
136.7052 	EXP 	enc_fx_interior: autoDraw = False
136.7052 	EXP 	enc_fx_cross: autoDraw = False
136.7052 	EXP 	enc_fx_interior: autoDraw = False
136.7052 	EXP 	enc_fx_cross: autoDraw = False
136.7052 	EXP 	enc_trial_main_image: pos = array([-0.078125  ,  0.41666667])
136.7052 	EXP 	enc_trial_main_image: size = array([0.3125    , 0.55555556])
136.7052 	EXP 	enc_trial_main_image: image = 'stimuli/fractals/77c.jpg'
136.7052 	EXP 	enc_trial_interior: autoDraw = True
136.7052 	EXP 	enc_trial_main_image: autoDraw = True
136.8620 	DATA 	Keypress: s
137.4779 	DATA 	Keypress: c
138.1119 	DATA 	Keypress: s
139.5119 	DATA 	Keypress: s
139.7052 	EXP 	enc_trial_interior: autoDraw = False
139.7052 	EXP 	enc_trial_main_image: autoDraw = False
139.7052 	EXP 	end_enc_run_text: text = 'Vége az első feladatnak.'
139.7052 	EXP 	end_enc_run_text: autoDraw = True
144.7050 	EXP 	enc_run_end_continue: autoDraw = True
146.0970 	DATA 	Keypress: d
146.1050 	EXP 	end_enc_run_text: autoDraw = False
146.1050 	EXP 	enc_run_end_continue: autoDraw = False
146.1050 	EXP 	inter_task_break_text: autoDraw = True
150.2566 	DATA 	Keypress: return
157.6736 	DATA 	Keypress: escape
158.5769 	EXP 	window1: mouseVisible = True
