0.9016 	WARNING 	We strongly recommend you activate the PTB sound engine in PsychoPy prefs as the preferred audio engine. Its timing is vastly superior. Your prefs are currently set to use ['sounddevice', 'PTB', 'pyo', 'pygame'] (in that order).
0.9016 	WARNING 	Requested audio device 'Speakers (Realtek HD Audio output)' that is not available on this hardware. The 'audioDevice' preference should be one of ['24P1W1 (NVIDIA High Definition ']
11.3492 	WARNING 	Monitor specification not found. Creating a temporary one...
12.6290 	EXP 	Created window1 = Window(allowGUI=False, allowStencil=False, args=UNKNOWN, autoLog=True, bitsMode=UNKNOWN, blendMode='avg', bpc=(8, 8, 8), color=array([0.804, 0.804, 0.961]), colorSpace='rgb', depthBits=8, fullscr=<method-wrapper '__getattribute__' of attributeSetter object at 0x000002F5BB8CAEF0>, gamma=None, gammaErrorPolicy='raise', kwargs=UNKNOWN, lms=UNKNOWN, monitor=<psychopy.monitors.calibTools.Monitor object at 0x000002F5BBAF7C18>, multiSample=False, name='window1', numSamples=2, pos=[0.0, 0.0], screen=0, size=array([1920, 1080]), stencilBits=0, stereo=False, units='height', useFBO=True, useRetina=False, viewOri=0.0, viewPos=None, viewScale=None, waitBlanking=True, winType='pyglet')
12.6291 	EXP 	window1: recordFrameIntervals = False
12.7951 	EXP 	window1: recordFrameIntervals = True
12.9785 	EXP 	window1: recordFrameIntervals = False
13.1655 	EXP 	Created start_encoding_text = TextStim(__class__=<class 'psychopy.visual.text.TextStim'>, alignHoriz=method-wrapper(...), alignText='center', alignVert=method-wrapper(...), anchorHoriz='center', anchorVert='center', antialias=True, autoLog=True, bold=False, color='black', colorSpace='named', contrast=1.0, depth=0.0, flipHoriz=False, flipVert=False, font='Arial', fontFiles=[], height=0.1, italic=False, languageStyle='LTR', name='start_encoding_text', opacity=1.0, ori=0, pos=array([0., 0.]), rgb=array([0., 0., 0.]), text='default text', units='height', win=Window(...), wrapWidth=1)
13.2162 	EXP 	Created enc_instructions_1_text = TextStim(__class__=<class 'psychopy.visual.text.TextStim'>, alignHoriz=method-wrapper(...), alignText='center', alignVert=method-wrapper(...), anchorHoriz='center', anchorVert='center', antialias=True, autoLog=True, bold=False, color='black', colorSpace='named', contrast=1.0, depth=0.0, flipHoriz=False, flipVert=False, font='Arial', fontFiles=[], height=0.03, italic=False, languageStyle='LTR', name='enc_instructions_1_text', opacity=1.0, ori=0, pos=array([-0.3,  0. ]), rgb=array([0., 0., 0.]), text=str(...), units='height', win=Window(...), wrapWidth=0.65)
13.2856 	EXP 	Created enc_instructions_1_image = ImageStim(__class__=<class 'psychopy.visual.image.ImageStim'>, autoLog=True, color=array([1., 1., 1.]), colorSpace='rgb', contrast=1.0, depth=-1.0, flipHoriz=False, flipVert=False, image='stimuli/GalleryBuildingFromOutside.jpg', interpolate=True, mask=None, maskParams=None, name='enc_instructions_1_image', opacity=1.0, ori=0.0, pos=array([0.4688, 0.    ]), size=array([0.625 , 0.8333]), texRes=128, units='norm', win=Window(...))
13.2934 	EXP 	Created instructions_1_continue = TextStim(__class__=<class 'psychopy.visual.text.TextStim'>, alignHoriz=method-wrapper(...), alignText='center', alignVert=method-wrapper(...), anchorHoriz='center', anchorVert='center', antialias=True, autoLog=True, bold=False, color='black', colorSpace='named', contrast=1.0, depth=-3.0, flipHoriz=False, flipVert=False, font='Arial', fontFiles=[], height=0.03, italic=False, languageStyle='LTR', name='instructions_1_continue', opacity=1.0, ori=0, pos=array([ 0. , -0.4]), rgb=array([0., 0., 0.]), text=str(...), units='height', win=Window(...), wrapWidth=1)
13.3327 	EXP 	Created enc_instructions_2_text = TextStim(__class__=<class 'psychopy.visual.text.TextStim'>, alignHoriz=method-wrapper(...), alignText='center', alignVert=method-wrapper(...), anchorHoriz='center', anchorVert='center', antialias=True, autoLog=True, bold=False, color='black', colorSpace='named', contrast=1.0, depth=0.0, flipHoriz=False, flipVert=False, font='Arial', fontFiles=[], height=0.03, italic=False, languageStyle='LTR', name='enc_instructions_2_text', opacity=1.0, ori=0, pos=array([-0.35,  0.  ]), rgb=array([0., 0., 0.]), text=str(...), units='height', win=Window(...), wrapWidth=0.5)
13.4478 	EXP 	Created enc_instructions_2_image = ImageStim(__class__=<class 'psychopy.visual.image.ImageStim'>, autoLog=True, color=array([1., 1., 1.]), colorSpace='rgb', contrast=1.0, depth=-1.0, flipHoriz=False, flipVert=False, image='stimuli/GalleryInterior.png', interpolate=True, mask=None, maskParams=None, name='enc_instructions_2_image', opacity=1.0, ori=0.0, pos=array([0.4427, 0.    ]), size=array([0.7604, 0.8185]), texRes=128, units='norm', win=Window(...))
13.4519 	EXP 	Created instructions_2_continue = TextStim(__class__=<class 'psychopy.visual.text.TextStim'>, alignHoriz=method-wrapper(...), alignText='center', alignVert=method-wrapper(...), anchorHoriz='center', anchorVert='center', antialias=True, autoLog=True, bold=False, color='black', colorSpace='named', contrast=1.0, depth=-3.0, flipHoriz=False, flipVert=False, font='Arial', fontFiles=[], height=0.03, italic=False, languageStyle='LTR', name='instructions_2_continue', opacity=1.0, ori=0, pos=array([ 0. , -0.4]), rgb=array([0., 0., 0.]), text=str(...), units='height', win=Window(...), wrapWidth=1)
13.4977 	EXP 	Created enc_instructions_3_text = TextStim(__class__=<class 'psychopy.visual.text.TextStim'>, alignHoriz=method-wrapper(...), alignText='center', alignVert=method-wrapper(...), anchorHoriz='center', anchorVert='center', antialias=True, autoLog=True, bold=False, color='black', colorSpace='named', contrast=1.0, depth=0.0, flipHoriz=False, flipVert=False, font='Arial', fontFiles=[], height=0.04, italic=False, languageStyle='LTR', name='enc_instructions_3_text', opacity=1.0, ori=0, pos=array([0., 0.]), rgb=array([0., 0., 0.]), text=str(...), units='height', win=Window(...), wrapWidth=1)
13.5061 	EXP 	Created enc_instructions_3_continue = TextStim(__class__=<class 'psychopy.visual.text.TextStim'>, alignHoriz=method-wrapper(...), alignText='center', alignVert=method-wrapper(...), anchorHoriz='center', anchorVert='center', antialias=True, autoLog=True, bold=False, color='black', colorSpace='named', contrast=1.0, depth=-2.0, flipHoriz=False, flipVert=False, font='Arial', fontFiles=[], height=0.03, italic=False, languageStyle='LTR', name='enc_instructions_3_continue', opacity=1.0, ori=0, pos=array([ 0. , -0.4]), rgb=array([0., 0., 0.]), text=str(...), units='height', win=Window(...), wrapWidth=1)
13.5305 	EXP 	Created start_practice_text = TextStim(__class__=<class 'psychopy.visual.text.TextStim'>, alignHoriz=method-wrapper(...), alignText='center', alignVert=method-wrapper(...), anchorHoriz='center', anchorVert='center', antialias=True, autoLog=True, bold=False, color='black', colorSpace='named', contrast=1.0, depth=0.0, flipHoriz=False, flipVert=False, font='Arial', fontFiles=[], height=0.1, italic=False, languageStyle='LTR', name='start_practice_text', opacity=1.0, ori=0, pos=array([0., 0.]), rgb=array([0., 0., 0.]), text='Kezdődik a gyakorlás...', units='height', win=Window(...), wrapWidth=1)
13.6428 	EXP 	Created enc_practice_fx_interior = ImageStim(__class__=<class 'psychopy.visual.image.ImageStim'>, autoLog=True, color=array([1., 1., 1.]), colorSpace='rgb', contrast=1.0, depth=0.0, flipHoriz=False, flipVert=False, image='stimuli/GalleryInterior.png', interpolate=True, mask=None, maskParams=None, name='enc_practice_fx_interior', opacity=1.0, ori=0.0, pos=array([0., 0.]), size=array([2., 2.]), texRes=128, units='norm', win=Window(...))
13.6478 	EXP 	Created enc_practice_fx_cross = TextStim(__class__=<class 'psychopy.visual.text.TextStim'>, alignHoriz=method-wrapper(...), alignText='center', alignVert=method-wrapper(...), anchorHoriz='center', anchorVert='center', antialias=True, autoLog=True, bold=False, color='black', colorSpace='named', contrast=1.0, depth=-1.0, flipHoriz=False, flipVert=False, font='Arial', fontFiles=[], height=0.1, italic=False, languageStyle='LTR', name='enc_practice_fx_cross', opacity=1.0, ori=0, pos=array([0., 0.]), rgb=array([0., 0., 0.]), text='+', units='norm', win=Window(...), wrapWidth=1)
13.7611 	EXP 	Created enc_practice_trial_interior = ImageStim(__class__=<class 'psychopy.visual.image.ImageStim'>, autoLog=True, color=array([1., 1., 1.]), colorSpace='rgb', contrast=1.0, depth=-1.0, flipHoriz=False, flipVert=False, image='stimuli/GalleryInterior.png', interpolate=True, mask=None, maskParams=None, name='enc_practice_trial_interior', opacity=1.0, ori=0.0, pos=array([0., 0.]), size=array([2., 2.]), texRes=128, units='norm', win=Window(...))
13.7694 	EXP 	Created enc_practice_trial_main_image = ImageStim(__class__=<class 'psychopy.visual.image.ImageStim'>, autoLog=True, color=array([1., 1., 1.]), colorSpace='rgb', contrast=1.0, depth=-2.0, flipHoriz=False, flipVert=False, image='sin', interpolate=True, mask=None, maskParams=None, name='enc_practice_trial_main_image', opacity=1.0, ori=0.0, pos=array([0., 0.]), size=array([1., 1.]), texRes=128, units='norm', win=Window(...))
13.8931 	EXP 	Created enc_practice_feedback_interior = ImageStim(__class__=<class 'psychopy.visual.image.ImageStim'>, autoLog=True, color=array([1., 1., 1.]), colorSpace='rgb', contrast=1.0, depth=-1.0, flipHoriz=False, flipVert=False, image='stimuli/GalleryInterior.png', interpolate=True, mask=None, maskParams=None, name='enc_practice_feedback_interior', opacity=1.0, ori=0.0, pos=array([0., 0.]), size=array([2., 2.]), texRes=128, units='norm', win=Window(...))
13.8954 	EXP 	Created enc_practice_feedback_image = ImageStim(__class__=<class 'psychopy.visual.image.ImageStim'>, autoLog=True, color=array([1., 1., 1.]), colorSpace='rgb', contrast=1.0, depth=-2.0, flipHoriz=False, flipVert=False, image='sin', interpolate=True, mask=None, maskParams=None, name='enc_practice_feedback_image', opacity=1.0, ori=0.0, pos=array([0., 0.]), size=array([1., 1.]), texRes=128, units='norm', win=Window(...))
13.9033 	EXP 	Created enc_practice_feedback_text = TextStim(__class__=<class 'psychopy.visual.text.TextStim'>, alignHoriz=method-wrapper(...), alignText='center', alignVert=method-wrapper(...), anchorHoriz='center', anchorVert='center', antialias=True, autoLog=True, bold=False, color='black', colorSpace='named', contrast=1.0, depth=-3.0, flipHoriz=False, flipVert=False, font='Arial', fontFiles=[], height=0.05, italic=False, languageStyle='LTR', name='enc_practice_feedback_text', opacity=1.0, ori=0, pos=array([0., 0.]), rgb=array([0., 0., 0.]), text='default text', units='norm', win=Window(...), wrapWidth=1)
13.9242 	EXP 	Created end_practice_text = TextStim(__class__=<class 'psychopy.visual.text.TextStim'>, alignHoriz=method-wrapper(...), alignText='center', alignVert=method-wrapper(...), anchorHoriz='center', anchorVert='center', antialias=True, autoLog=True, bold=False, color='black', colorSpace='named', contrast=1.0, depth=0.0, flipHoriz=False, flipVert=False, font='Arial', fontFiles=[], height=0.05, italic=False, languageStyle='LTR', name='end_practice_text', opacity=1.0, ori=0, pos=array([0., 0.]), rgb=array([0., 0., 0.]), text=str(...), units='height', win=Window(...), wrapWidth=0.8)
13.9303 	EXP 	Created end_practice_continue = TextStim(__class__=<class 'psychopy.visual.text.TextStim'>, alignHoriz=method-wrapper(...), alignText='center', alignVert=method-wrapper(...), anchorHoriz='center', anchorVert='center', antialias=True, autoLog=True, bold=False, color='black', colorSpace='named', contrast=1.0, depth=-2.0, flipHoriz=False, flipVert=False, font='Arial', fontFiles=[], height=0.03, italic=False, languageStyle='LTR', name='end_practice_continue', opacity=1.0, ori=0, pos=array([ 0. , -0.4]), rgb=array([0., 0., 0.]), text=str(...), units='height', win=Window(...), wrapWidth=1)
13.9379 	EXP 	Created start_MR_text = TextStim(__class__=<class 'psychopy.visual.text.TextStim'>, alignHoriz=method-wrapper(...), alignText='center', alignVert=method-wrapper(...), anchorHoriz='center', anchorVert='center', antialias=True, autoLog=True, bold=False, color='black', colorSpace='named', contrast=1.0, depth=0.0, flipHoriz=False, flipVert=False, font='Arial', fontFiles=[], height=0.1, italic=False, languageStyle='LTR', name='start_MR_text', opacity=1.0, ori=0, pos=array([0., 0.]), rgb=array([0., 0., 0.]), text='A vizsgálatvezető indítja a szkennert...', units='norm', win=Window(...), wrapWidth=1)
13.9380 	EXP 	Added new global key event: get_current_trigger_time
13.9545 	EXP 	Created start_enc_run_text = TextStim(__class__=<class 'psychopy.visual.text.TextStim'>, alignHoriz=method-wrapper(...), alignText='center', alignVert=method-wrapper(...), anchorHoriz='center', anchorVert='center', antialias=True, autoLog=True, bold=False, color='black', colorSpace='named', contrast=1.0, depth=-2.0, flipHoriz=False, flipVert=False, font='Arial', fontFiles=[], height=0.06, italic=False, languageStyle='LTR', name='start_enc_run_text', opacity=1.0, ori=0, pos=array([0., 0.]), rgb=array([0., 0., 0.]), text='Kezdődik a feladat...', units='height', win=Window(...), wrapWidth=1)
14.0677 	EXP 	Created enc_fx_interior = ImageStim(__class__=<class 'psychopy.visual.image.ImageStim'>, autoLog=True, color=array([1., 1., 1.]), colorSpace='rgb', contrast=1.0, depth=0.0, flipHoriz=False, flipVert=False, image='stimuli/GalleryInterior.png', interpolate=True, mask=None, maskParams=None, name='enc_fx_interior', opacity=1.0, ori=0.0, pos=array([0., 0.]), size=array([2., 2.]), texRes=128, units='norm', win=Window(...))
14.0717 	EXP 	Created enc_fx_cross = TextStim(__class__=<class 'psychopy.visual.text.TextStim'>, alignHoriz=method-wrapper(...), alignText='center', alignVert=method-wrapper(...), anchorHoriz='center', anchorVert='center', antialias=True, autoLog=True, bold=False, color='black', colorSpace='named', contrast=1.0, depth=-1.0, flipHoriz=False, flipVert=False, font='Arial', fontFiles=[], height=0.1, italic=False, languageStyle='LTR', name='enc_fx_cross', opacity=1.0, ori=0, pos=array([0., 0.]), rgb=array([0., 0., 0.]), text='+', units='norm', win=Window(...), wrapWidth=1)
14.1859 	EXP 	Created enc_trial_interior = ImageStim(__class__=<class 'psychopy.visual.image.ImageStim'>, autoLog=True, color=array([1., 1., 1.]), colorSpace='rgb', contrast=1.0, depth=-1.0, flipHoriz=False, flipVert=False, image='stimuli/GalleryInterior.png', interpolate=True, mask=None, maskParams=None, name='enc_trial_interior', opacity=1.0, ori=0.0, pos=array([0., 0.]), size=array([2., 2.]), texRes=128, units='norm', win=Window(...))
14.1882 	EXP 	Created enc_trial_main_image = ImageStim(__class__=<class 'psychopy.visual.image.ImageStim'>, autoLog=True, color=array([1., 1., 1.]), colorSpace='rgb', contrast=1.0, depth=-2.0, flipHoriz=False, flipVert=False, image='sin', interpolate=True, mask=None, maskParams=None, name='enc_trial_main_image', opacity=1.0, ori=0.0, pos=array([0., 0.]), size=array([1., 1.]), texRes=128, units='norm', win=Window(...))
14.1914 	EXP 	Created end_enc_run_text = TextStim(__class__=<class 'psychopy.visual.text.TextStim'>, alignHoriz=method-wrapper(...), alignText='center', alignVert=method-wrapper(...), anchorHoriz='center', anchorVert='center', antialias=True, autoLog=True, bold=False, color='black', colorSpace='named', contrast=1.0, depth=0.0, flipHoriz=False, flipVert=False, font='Arial', fontFiles=[], height=0.06, italic=False, languageStyle='LTR', name='end_enc_run_text', opacity=1.0, ori=0, pos=array([0., 0.]), rgb=array([0., 0., 0.]), text='default text', units='height', win=Window(...), wrapWidth=1)
14.2055 	EXP 	Created enc_run_end_continue = TextStim(__class__=<class 'psychopy.visual.text.TextStim'>, alignHoriz=method-wrapper(...), alignText='center', alignVert=method-wrapper(...), anchorHoriz='center', anchorVert='center', antialias=True, autoLog=True, bold=False, color='black', colorSpace='named', contrast=1.0, depth=-2.0, flipHoriz=False, flipVert=False, font='Arial', fontFiles=[], height=0.03, italic=False, languageStyle='LTR', name='enc_run_end_continue', opacity=1.0, ori=0, pos=array([ 0. , -0.4]), rgb=array([0., 0., 0.]), text=str(...), units='height', win=Window(...), wrapWidth=1)
14.2140 	EXP 	Created inter_task_break_text = TextStim(__class__=<class 'psychopy.visual.text.TextStim'>, alignHoriz=method-wrapper(...), alignText='center', alignVert=method-wrapper(...), anchorHoriz='center', anchorVert='center', antialias=True, autoLog=True, bold=False, color='black', colorSpace='named', contrast=1.0, depth=0.0, flipHoriz=False, flipVert=False, font='Arial', fontFiles=[], height=0.03, italic=False, languageStyle='LTR', name='inter_task_break_text', opacity=1.0, ori=0, pos=array([0., 0.]), rgb=array([0., 0., 0.]), text='Most kivesszük Önt a szkennerből.', units='height', win=Window(...), wrapWidth=1)
14.3201 	EXP 	start_encoding_text: text = 'Első feladat\nGaléria berendezés'
14.3201 	EXP 	start_encoding_text: autoDraw = True
15.7449 	EXP 	start_encoding_text: autoDraw = False
15.7449 	EXP 	enc_instructions_1_text: autoDraw = True
15.7449 	EXP 	enc_instructions_1_image: autoDraw = True
20.7115 	EXP 	instructions_1_continue: autoDraw = True
21.5010 	DATA 	Keypress: d
21.5114 	EXP 	enc_instructions_1_text: autoDraw = False
21.5114 	EXP 	enc_instructions_1_image: autoDraw = False
21.5114 	EXP 	instructions_1_continue: autoDraw = False
21.5114 	EXP 	enc_instructions_2_text: autoDraw = True
21.5114 	EXP 	enc_instructions_2_image: autoDraw = True
26.4947 	EXP 	instructions_2_continue: autoDraw = True
26.9846 	DATA 	Keypress: d
26.9947 	EXP 	enc_instructions_2_text: autoDraw = False
26.9947 	EXP 	enc_instructions_2_image: autoDraw = False
26.9947 	EXP 	instructions_2_continue: autoDraw = False
26.9947 	EXP 	enc_instructions_3_text: autoDraw = True
31.9779 	EXP 	enc_instructions_3_continue: autoDraw = True
33.2010 	DATA 	Keypress: d
33.2112 	EXP 	enc_instructions_3_text: autoDraw = False
33.2112 	EXP 	enc_instructions_3_continue: autoDraw = False
33.2112 	EXP 	start_practice_text: autoDraw = True
34.2172 	EXP 	Imported stimuli_tables/encoding_practice_trials.csv as conditions, 9 conditions, 9 params
34.2174 	EXP 	Created sequence: sequential, trialTypes=9, nReps=0, seed=None
34.2287 	EXP 	start_practice_text: autoDraw = False
34.2287 	EXP 	start_practice_text: autoDraw = False
34.2287 	EXP 	end_practice_text: autoDraw = True
35.2120 	EXP 	end_practice_continue: autoDraw = True
36.6829 	EXP 	Created sequence: sequential, trialTypes=1, nReps=2, seed=None
36.6832 	EXP 	New trial (rep=0, index=0): None
36.6851 	DATA 	Keypress: d
36.6953 	EXP 	end_practice_text: autoDraw = False
36.6953 	EXP 	end_practice_continue: autoDraw = False
36.6953 	EXP 	start_MR_text: autoDraw = True
38.5832 	DATA 	Keypress: s
38.5833 	EXP 	Global key event: get_current_trigger_time. Calling <function get_current_trigger_time at 0x000002F5BBC96840>.
38.6119 	EXP 	start_MR_text: autoDraw = False
38.6119 	EXP 	start_enc_run_text: autoDraw = True
39.4639 	DATA 	Keypress: s
39.4639 	EXP 	Global key event: get_current_trigger_time. Calling <function get_current_trigger_time at 0x000002F5BBC96840>.
39.7971 	DATA 	Keypress: s
39.7971 	EXP 	Global key event: get_current_trigger_time. Calling <function get_current_trigger_time at 0x000002F5BBC96840>.
40.0969 	DATA 	Keypress: s
40.0969 	EXP 	Global key event: get_current_trigger_time. Calling <function get_current_trigger_time at 0x000002F5BBC96840>.
40.4317 	DATA 	Keypress: s
40.4318 	EXP 	Global key event: get_current_trigger_time. Calling <function get_current_trigger_time at 0x000002F5BBC96840>.
41.2139 	DATA 	Keypress: s
41.2139 	EXP 	Global key event: get_current_trigger_time. Calling <function get_current_trigger_time at 0x000002F5BBC96840>.
41.5139 	DATA 	Keypress: s
41.5139 	EXP 	Global key event: get_current_trigger_time. Calling <function get_current_trigger_time at 0x000002F5BBC96840>.
41.6246 	EXP 	Imported stimuli_tables/encoding_trials_2.csv as conditions, 3 conditions, 20 params
41.6250 	EXP 	Created sequence: sequential, trialTypes=3, nReps=1, seed=None
41.6253 	EXP 	New trial (rep=0, index=0): OrderedDict([('TrialIndex', 1.0), ('Jitter', 2000.0), ('ScannerRun', 1.0), ('StimType', 'OLP'), ('Order', 1.0), ('Delay', 3.0), ('CurrentImage', 'stimuli/fractals/131c.jpg'), ('CurrentX', -0.234375), ('CurrentY', 0.1388888888888889), ('TripletMemberA', 'stimuli/fractals/131c.jpg'), ('TripletMemberB', 'stimuli/fractals/131b.jpg'), ('TripletMemberC', 'stimuli/fractals/131a.jpg'), ('Xcoordinate', -0.234375), ('Ycoordinate', 0.1388888888888889), ('Xcoordinate_lure1', -0.234375), ('Ycoordinate_lure1', -0.1388888888888889), ('Xcoordinate_lure2', -0.078125), ('Ycoordinate_lure2', 0.1388888888888889), ('Xcoordinate_foil', 0.234375), ('Ycoordinate_foil', -0.4166666666666667)])
41.6451 	EXP 	start_enc_run_text: autoDraw = False
41.6451 	EXP 	start_enc_run_text: autoDraw = False
41.6451 	EXP 	enc_fx_cross: pos = array([-0.234375  ,  0.13888889])
41.6451 	EXP 	enc_fx_interior: autoDraw = True
41.6451 	EXP 	enc_fx_cross: autoDraw = True
41.7654 	DATA 	Keypress: s
41.7655 	EXP 	Global key event: get_current_trigger_time. Calling <function get_current_trigger_time at 0x000002F5BBC96840>.
42.1003 	DATA 	Keypress: s
42.1004 	EXP 	Global key event: get_current_trigger_time. Calling <function get_current_trigger_time at 0x000002F5BBC96840>.
42.3663 	DATA 	Keypress: s
42.3664 	EXP 	Global key event: get_current_trigger_time. Calling <function get_current_trigger_time at 0x000002F5BBC96840>.
42.6485 	DATA 	Keypress: s
42.6485 	EXP 	Global key event: get_current_trigger_time. Calling <function get_current_trigger_time at 0x000002F5BBC96840>.
43.0145 	DATA 	Keypress: s
43.0145 	EXP 	Global key event: get_current_trigger_time. Calling <function get_current_trigger_time at 0x000002F5BBC96840>.
43.2315 	DATA 	Keypress: s
43.2315 	EXP 	Global key event: get_current_trigger_time. Calling <function get_current_trigger_time at 0x000002F5BBC96840>.
43.4653 	DATA 	Keypress: s
43.4654 	EXP 	Global key event: get_current_trigger_time. Calling <function get_current_trigger_time at 0x000002F5BBC96840>.
43.6777 	EXP 	enc_fx_interior: autoDraw = False
43.6777 	EXP 	enc_fx_cross: autoDraw = False
43.6777 	EXP 	enc_fx_interior: autoDraw = False
43.6777 	EXP 	enc_fx_cross: autoDraw = False
43.6777 	EXP 	enc_trial_main_image: pos = array([-0.234375  ,  0.13888889])
43.6777 	EXP 	enc_trial_main_image: size = array([0.3125    , 0.55555556])
43.6777 	EXP 	enc_trial_main_image: image = 'stimuli/fractals/131c.jpg'
43.6777 	EXP 	enc_trial_interior: autoDraw = True
43.6777 	EXP 	enc_trial_main_image: autoDraw = True
43.8143 	DATA 	Keypress: s
43.8144 	EXP 	Global key event: get_current_trigger_time. Calling <function get_current_trigger_time at 0x000002F5BBC96840>.
44.0315 	DATA 	Keypress: s
44.0316 	EXP 	Global key event: get_current_trigger_time. Calling <function get_current_trigger_time at 0x000002F5BBC96840>.
44.2820 	DATA 	Keypress: s
44.2821 	EXP 	Global key event: get_current_trigger_time. Calling <function get_current_trigger_time at 0x000002F5BBC96840>.
44.6144 	DATA 	Keypress: s
44.6144 	EXP 	Global key event: get_current_trigger_time. Calling <function get_current_trigger_time at 0x000002F5BBC96840>.
44.8984 	DATA 	Keypress: s
44.8984 	EXP 	Global key event: get_current_trigger_time. Calling <function get_current_trigger_time at 0x000002F5BBC96840>.
45.1144 	DATA 	Keypress: s
45.1144 	EXP 	Global key event: get_current_trigger_time. Calling <function get_current_trigger_time at 0x000002F5BBC96840>.
45.5479 	DATA 	Keypress: s
45.5479 	EXP 	Global key event: get_current_trigger_time. Calling <function get_current_trigger_time at 0x000002F5BBC96840>.
45.7978 	DATA 	Keypress: s
45.7978 	EXP 	Global key event: get_current_trigger_time. Calling <function get_current_trigger_time at 0x000002F5BBC96840>.
46.0149 	DATA 	Keypress: s
46.0149 	EXP 	Global key event: get_current_trigger_time. Calling <function get_current_trigger_time at 0x000002F5BBC96840>.
46.3484 	DATA 	Keypress: s
46.3484 	EXP 	Global key event: get_current_trigger_time. Calling <function get_current_trigger_time at 0x000002F5BBC96840>.
46.5811 	DATA 	Keypress: s
46.5811 	EXP 	Global key event: get_current_trigger_time. Calling <function get_current_trigger_time at 0x000002F5BBC96840>.
46.6450 	EXP 	New trial (rep=0, index=1): OrderedDict([('TrialIndex', 2.0), ('Jitter', 6000.0), ('ScannerRun', 1.0), ('StimType', 'OLP'), ('Order', 1.0), ('Delay', 3.0), ('CurrentImage', 'stimuli/fractals/72b.jpg'), ('CurrentX', -0.078125), ('CurrentY', 0.4166666666666667), ('TripletMemberA', 'stimuli/fractals/72b.jpg'), ('TripletMemberB', 'stimuli/fractals/72a.jpg'), ('TripletMemberC', 'stimuli/fractals/72c.jpg'), ('Xcoordinate', -0.078125), ('Ycoordinate', 0.4166666666666667), ('Xcoordinate_lure1', -0.234375), ('Ycoordinate_lure1', 0.4166666666666667), ('Xcoordinate_lure2', -0.078125), ('Ycoordinate_lure2', 0.1388888888888889), ('Xcoordinate_foil', -0.390625), ('Ycoordinate_foil', -0.4166666666666667)])
46.6609 	EXP 	enc_trial_interior: autoDraw = False
46.6609 	EXP 	enc_trial_main_image: autoDraw = False
46.6609 	EXP 	enc_fx_cross: pos = array([-0.078125  ,  0.41666667])
46.6609 	EXP 	enc_fx_interior: autoDraw = True
46.6609 	EXP 	enc_fx_cross: autoDraw = True
46.7980 	DATA 	Keypress: s
46.7980 	EXP 	Global key event: get_current_trigger_time. Calling <function get_current_trigger_time at 0x000002F5BBC96840>.
47.1651 	DATA 	Keypress: s
47.1651 	EXP 	Global key event: get_current_trigger_time. Calling <function get_current_trigger_time at 0x000002F5BBC96840>.
47.3980 	DATA 	Keypress: s
47.3980 	EXP 	Global key event: get_current_trigger_time. Calling <function get_current_trigger_time at 0x000002F5BBC96840>.
47.6321 	DATA 	Keypress: s
47.6321 	EXP 	Global key event: get_current_trigger_time. Calling <function get_current_trigger_time at 0x000002F5BBC96840>.
48.0150 	DATA 	Keypress: s
48.0150 	EXP 	Global key event: get_current_trigger_time. Calling <function get_current_trigger_time at 0x000002F5BBC96840>.
48.2651 	DATA 	Keypress: s
48.2652 	EXP 	Global key event: get_current_trigger_time. Calling <function get_current_trigger_time at 0x000002F5BBC96840>.
48.4813 	DATA 	Keypress: s
48.4814 	EXP 	Global key event: get_current_trigger_time. Calling <function get_current_trigger_time at 0x000002F5BBC96840>.
48.8984 	DATA 	Keypress: s
48.8985 	EXP 	Global key event: get_current_trigger_time. Calling <function get_current_trigger_time at 0x000002F5BBC96840>.
49.0983 	DATA 	Keypress: s
49.0983 	EXP 	Global key event: get_current_trigger_time. Calling <function get_current_trigger_time at 0x000002F5BBC96840>.
49.3482 	DATA 	Keypress: s
49.3483 	EXP 	Global key event: get_current_trigger_time. Calling <function get_current_trigger_time at 0x000002F5BBC96840>.
49.7321 	DATA 	Keypress: s
49.7322 	EXP 	Global key event: get_current_trigger_time. Calling <function get_current_trigger_time at 0x000002F5BBC96840>.
49.9983 	DATA 	Keypress: s
49.9983 	EXP 	Global key event: get_current_trigger_time. Calling <function get_current_trigger_time at 0x000002F5BBC96840>.
50.1982 	DATA 	Keypress: s
50.1983 	EXP 	Global key event: get_current_trigger_time. Calling <function get_current_trigger_time at 0x000002F5BBC96840>.
50.6315 	DATA 	Keypress: s
50.6315 	EXP 	Global key event: get_current_trigger_time. Calling <function get_current_trigger_time at 0x000002F5BBC96840>.
50.8813 	DATA 	Keypress: s
50.8813 	EXP 	Global key event: get_current_trigger_time. Calling <function get_current_trigger_time at 0x000002F5BBC96840>.
51.0813 	DATA 	Keypress: s
51.0813 	EXP 	Global key event: get_current_trigger_time. Calling <function get_current_trigger_time at 0x000002F5BBC96840>.
51.5153 	DATA 	Keypress: s
51.5154 	EXP 	Global key event: get_current_trigger_time. Calling <function get_current_trigger_time at 0x000002F5BBC96840>.
51.7482 	DATA 	Keypress: s
51.7482 	EXP 	Global key event: get_current_trigger_time. Calling <function get_current_trigger_time at 0x000002F5BBC96840>.
51.9642 	DATA 	Keypress: s
51.9642 	EXP 	Global key event: get_current_trigger_time. Calling <function get_current_trigger_time at 0x000002F5BBC96840>.
52.3642 	DATA 	Keypress: s
52.3642 	EXP 	Global key event: get_current_trigger_time. Calling <function get_current_trigger_time at 0x000002F5BBC96840>.
52.5982 	DATA 	Keypress: s
52.5982 	EXP 	Global key event: get_current_trigger_time. Calling <function get_current_trigger_time at 0x000002F5BBC96840>.
52.6774 	EXP 	enc_fx_interior: autoDraw = False
52.6774 	EXP 	enc_fx_cross: autoDraw = False
52.6774 	EXP 	enc_fx_interior: autoDraw = False
52.6774 	EXP 	enc_fx_cross: autoDraw = False
52.6774 	EXP 	enc_trial_main_image: pos = array([-0.078125  ,  0.41666667])
52.6774 	EXP 	enc_trial_main_image: size = array([0.3125    , 0.55555556])
52.6774 	EXP 	enc_trial_main_image: image = 'stimuli/fractals/72b.jpg'
52.6774 	EXP 	enc_trial_interior: autoDraw = True
52.6774 	EXP 	enc_trial_main_image: autoDraw = True
52.7644 	DATA 	Keypress: s
52.7644 	EXP 	Global key event: get_current_trigger_time. Calling <function get_current_trigger_time at 0x000002F5BBC96840>.
53.2314 	DATA 	Keypress: s
53.2314 	EXP 	Global key event: get_current_trigger_time. Calling <function get_current_trigger_time at 0x000002F5BBC96840>.
53.4482 	DATA 	Keypress: s
53.4483 	EXP 	Global key event: get_current_trigger_time. Calling <function get_current_trigger_time at 0x000002F5BBC96840>.
53.6483 	DATA 	Keypress: s
53.6483 	EXP 	Global key event: get_current_trigger_time. Calling <function get_current_trigger_time at 0x000002F5BBC96840>.
54.0815 	DATA 	Keypress: s
54.0816 	EXP 	Global key event: get_current_trigger_time. Calling <function get_current_trigger_time at 0x000002F5BBC96840>.
54.3313 	DATA 	Keypress: s
54.3313 	EXP 	Global key event: get_current_trigger_time. Calling <function get_current_trigger_time at 0x000002F5BBC96840>.
54.5482 	DATA 	Keypress: s
54.5483 	EXP 	Global key event: get_current_trigger_time. Calling <function get_current_trigger_time at 0x000002F5BBC96840>.
55.0149 	DATA 	Keypress: s
55.0150 	EXP 	Global key event: get_current_trigger_time. Calling <function get_current_trigger_time at 0x000002F5BBC96840>.
55.2482 	DATA 	Keypress: s
55.2483 	EXP 	Global key event: get_current_trigger_time. Calling <function get_current_trigger_time at 0x000002F5BBC96840>.
55.4651 	DATA 	Keypress: s
55.4651 	EXP 	Global key event: get_current_trigger_time. Calling <function get_current_trigger_time at 0x000002F5BBC96840>.
55.6614 	EXP 	New trial (rep=0, index=2): OrderedDict([('TrialIndex', 3.0), ('Jitter', 2000.0), ('ScannerRun', 1.0), ('StimType', 'LLP'), ('Order', 1.0), ('Delay', 5.0), ('CurrentImage', 'stimuli/fractals/41b.jpg'), ('CurrentX', 0.390625), ('CurrentY', 0.4166666666666667), ('TripletMemberA', 'stimuli/fractals/41b.jpg'), ('TripletMemberB', 'stimuli/fractals/41a.jpg'), ('TripletMemberC', 'stimuli/fractals/41c.jpg'), ('Xcoordinate', 0.390625), ('Ycoordinate', 0.4166666666666667), ('Xcoordinate_lure1', 0.234375), ('Ycoordinate_lure1', 0.4166666666666667), ('Xcoordinate_lure2', 0.390625), ('Ycoordinate_lure2', 0.1388888888888889), ('Xcoordinate_foil', -0.078125), ('Ycoordinate_foil', -0.4166666666666667)])
55.6773 	EXP 	enc_trial_interior: autoDraw = False
55.6773 	EXP 	enc_trial_main_image: autoDraw = False
55.6773 	EXP 	enc_fx_cross: pos = array([0.390625  , 0.41666667])
55.6773 	EXP 	enc_fx_interior: autoDraw = True
55.6773 	EXP 	enc_fx_cross: autoDraw = True
55.9149 	DATA 	Keypress: s
55.9149 	EXP 	Global key event: get_current_trigger_time. Calling <function get_current_trigger_time at 0x000002F5BBC96840>.
56.1478 	DATA 	Keypress: s
56.1479 	EXP 	Global key event: get_current_trigger_time. Calling <function get_current_trigger_time at 0x000002F5BBC96840>.
56.3810 	DATA 	Keypress: s
56.3810 	EXP 	Global key event: get_current_trigger_time. Calling <function get_current_trigger_time at 0x000002F5BBC96840>.
56.8157 	DATA 	Keypress: s
56.8158 	EXP 	Global key event: get_current_trigger_time. Calling <function get_current_trigger_time at 0x000002F5BBC96840>.
57.0481 	DATA 	Keypress: s
57.0481 	EXP 	Global key event: get_current_trigger_time. Calling <function get_current_trigger_time at 0x000002F5BBC96840>.
57.2810 	DATA 	Keypress: s
57.2810 	EXP 	Global key event: get_current_trigger_time. Calling <function get_current_trigger_time at 0x000002F5BBC96840>.
57.6481 	DATA 	Keypress: s
57.6482 	EXP 	Global key event: get_current_trigger_time. Calling <function get_current_trigger_time at 0x000002F5BBC96840>.
57.6940 	EXP 	enc_fx_interior: autoDraw = False
57.6940 	EXP 	enc_fx_cross: autoDraw = False
57.6940 	EXP 	enc_fx_interior: autoDraw = False
57.6940 	EXP 	enc_fx_cross: autoDraw = False
57.6940 	EXP 	enc_trial_main_image: pos = array([0.390625  , 0.41666667])
57.6940 	EXP 	enc_trial_main_image: size = array([0.3125    , 0.55555556])
57.6940 	EXP 	enc_trial_main_image: image = 'stimuli/fractals/41b.jpg'
57.6940 	EXP 	enc_trial_interior: autoDraw = True
57.6940 	EXP 	enc_trial_main_image: autoDraw = True
57.9307 	DATA 	Keypress: s
57.9307 	EXP 	Global key event: get_current_trigger_time. Calling <function get_current_trigger_time at 0x000002F5BBC96840>.
58.1308 	DATA 	Keypress: s
58.1308 	EXP 	Global key event: get_current_trigger_time. Calling <function get_current_trigger_time at 0x000002F5BBC96840>.
58.4979 	DATA 	Keypress: b
58.6979 	DATA 	Keypress: s
58.6980 	EXP 	Global key event: get_current_trigger_time. Calling <function get_current_trigger_time at 0x000002F5BBC96840>.
58.9142 	DATA 	Keypress: s
58.9142 	EXP 	Global key event: get_current_trigger_time. Calling <function get_current_trigger_time at 0x000002F5BBC96840>.
59.4314 	DATA 	Keypress: s
59.4315 	EXP 	Global key event: get_current_trigger_time. Calling <function get_current_trigger_time at 0x000002F5BBC96840>.
59.6978 	DATA 	Keypress: s
59.6978 	EXP 	Global key event: get_current_trigger_time. Calling <function get_current_trigger_time at 0x000002F5BBC96840>.
59.9149 	DATA 	Keypress: s
59.9149 	EXP 	Global key event: get_current_trigger_time. Calling <function get_current_trigger_time at 0x000002F5BBC96840>.
60.2813 	DATA 	Keypress: s
60.2814 	EXP 	Global key event: get_current_trigger_time. Calling <function get_current_trigger_time at 0x000002F5BBC96840>.
60.5154 	DATA 	Keypress: s
60.5155 	EXP 	Global key event: get_current_trigger_time. Calling <function get_current_trigger_time at 0x000002F5BBC96840>.
60.6939 	EXP 	enc_trial_interior: autoDraw = False
60.6939 	EXP 	enc_trial_main_image: autoDraw = False
60.6939 	EXP 	end_enc_run_text: text = 'Rövid szünet.'
60.6939 	EXP 	end_enc_run_text: autoDraw = True
60.7632 	DATA 	Keypress: s
60.7632 	EXP 	Global key event: get_current_trigger_time. Calling <function get_current_trigger_time at 0x000002F5BBC96840>.
61.2790 	DATA 	Keypress: s
61.2790 	EXP 	Global key event: get_current_trigger_time. Calling <function get_current_trigger_time at 0x000002F5BBC96840>.
65.6937 	EXP 	enc_run_end_continue: autoDraw = True
66.2842 	EXP 	New trial (rep=1, index=0): None
66.2868 	DATA 	Keypress: d
66.2938 	EXP 	end_enc_run_text: autoDraw = False
66.2938 	EXP 	enc_run_end_continue: autoDraw = False
66.2938 	EXP 	start_MR_text: autoDraw = True
67.3163 	DATA 	Keypress: s
67.3164 	EXP 	Global key event: get_current_trigger_time. Calling <function get_current_trigger_time at 0x000002F5BBC96840>.
67.3270 	EXP 	start_MR_text: autoDraw = False
67.3270 	EXP 	start_enc_run_text: autoDraw = True
67.6801 	DATA 	Keypress: s
67.6802 	EXP 	Global key event: get_current_trigger_time. Calling <function get_current_trigger_time at 0x000002F5BBC96840>.
67.9293 	DATA 	Keypress: s
67.9293 	EXP 	Global key event: get_current_trigger_time. Calling <function get_current_trigger_time at 0x000002F5BBC96840>.
68.3293 	DATA 	Keypress: s
68.3293 	EXP 	Global key event: get_current_trigger_time. Calling <function get_current_trigger_time at 0x000002F5BBC96840>.
68.5453 	DATA 	Keypress: s
68.5454 	EXP 	Global key event: get_current_trigger_time. Calling <function get_current_trigger_time at 0x000002F5BBC96840>.
68.7623 	DATA 	Keypress: s
68.7624 	EXP 	Global key event: get_current_trigger_time. Calling <function get_current_trigger_time at 0x000002F5BBC96840>.
69.1621 	DATA 	Keypress: s
69.1621 	EXP 	Global key event: get_current_trigger_time. Calling <function get_current_trigger_time at 0x000002F5BBC96840>.
69.4124 	DATA 	Keypress: s
69.4124 	EXP 	Global key event: get_current_trigger_time. Calling <function get_current_trigger_time at 0x000002F5BBC96840>.
69.6623 	DATA 	Keypress: s
69.6624 	EXP 	Global key event: get_current_trigger_time. Calling <function get_current_trigger_time at 0x000002F5BBC96840>.
70.0456 	DATA 	Keypress: s
70.0457 	EXP 	Global key event: get_current_trigger_time. Calling <function get_current_trigger_time at 0x000002F5BBC96840>.
70.2954 	DATA 	Keypress: s
70.2954 	EXP 	Global key event: get_current_trigger_time. Calling <function get_current_trigger_time at 0x000002F5BBC96840>.
70.3399 	EXP 	Imported stimuli_tables/encoding_trials_2.csv as conditions, 3 conditions, 20 params
70.3402 	EXP 	Created sequence: sequential, trialTypes=3, nReps=1, seed=None
70.3406 	EXP 	New trial (rep=0, index=0): OrderedDict([('TrialIndex', 4.0), ('Jitter', 1000.0), ('ScannerRun', 1.0), ('StimType', 'ERP'), ('Order', 1.0), ('Delay', 2.0), ('CurrentImage', 'stimuli/fractals/115a.jpg'), ('CurrentX', 0.078125), ('CurrentY', 0.4166666666666667), ('TripletMemberA', 'stimuli/fractals/115a.jpg'), ('TripletMemberB', 'stimuli/fractals/115b.jpg'), ('TripletMemberC', 'stimuli/fractals/115c.jpg'), ('Xcoordinate', 0.078125), ('Ycoordinate', 0.4166666666666667), ('Xcoordinate_lure1', 0.234375), ('Ycoordinate_lure1', 0.4166666666666667), ('Xcoordinate_lure2', 0.078125), ('Ycoordinate_lure2', 0.1388888888888889), ('Xcoordinate_foil', -0.390625), ('Ycoordinate_foil', -0.1388888888888889)])
70.3604 	EXP 	start_enc_run_text: autoDraw = False
70.3604 	EXP 	start_enc_run_text: autoDraw = False
70.3604 	EXP 	enc_fx_cross: pos = array([0.078125  , 0.41666667])
70.3604 	EXP 	enc_fx_interior: autoDraw = True
70.3604 	EXP 	enc_fx_cross: autoDraw = True
70.4816 	DATA 	Keypress: s
70.4817 	EXP 	Global key event: get_current_trigger_time. Calling <function get_current_trigger_time at 0x000002F5BBC96840>.
70.8805 	DATA 	Keypress: s
70.8806 	EXP 	Global key event: get_current_trigger_time. Calling <function get_current_trigger_time at 0x000002F5BBC96840>.
71.1144 	DATA 	Keypress: s
71.1145 	EXP 	Global key event: get_current_trigger_time. Calling <function get_current_trigger_time at 0x000002F5BBC96840>.
71.3313 	DATA 	Keypress: s
71.3314 	EXP 	Global key event: get_current_trigger_time. Calling <function get_current_trigger_time at 0x000002F5BBC96840>.
71.3769 	EXP 	enc_fx_interior: autoDraw = False
71.3769 	EXP 	enc_fx_cross: autoDraw = False
71.3769 	EXP 	enc_fx_interior: autoDraw = False
71.3769 	EXP 	enc_fx_cross: autoDraw = False
71.3769 	EXP 	enc_trial_main_image: pos = array([0.078125  , 0.41666667])
71.3769 	EXP 	enc_trial_main_image: size = array([0.3125    , 0.55555556])
71.3769 	EXP 	enc_trial_main_image: image = 'stimuli/fractals/115a.jpg'
71.3769 	EXP 	enc_trial_interior: autoDraw = True
71.3769 	EXP 	enc_trial_main_image: autoDraw = True
71.7143 	DATA 	Keypress: s
71.7143 	EXP 	Global key event: get_current_trigger_time. Calling <function get_current_trigger_time at 0x000002F5BBC96840>.
71.9649 	DATA 	Keypress: s
71.9650 	EXP 	Global key event: get_current_trigger_time. Calling <function get_current_trigger_time at 0x000002F5BBC96840>.
72.1803 	DATA 	Keypress: s
72.1803 	EXP 	Global key event: get_current_trigger_time. Calling <function get_current_trigger_time at 0x000002F5BBC96840>.
72.5309 	DATA 	Keypress: s
72.5310 	EXP 	Global key event: get_current_trigger_time. Calling <function get_current_trigger_time at 0x000002F5BBC96840>.
72.7649 	DATA 	Keypress: s
72.7650 	EXP 	Global key event: get_current_trigger_time. Calling <function get_current_trigger_time at 0x000002F5BBC96840>.
72.9814 	DATA 	Keypress: s
72.9814 	EXP 	Global key event: get_current_trigger_time. Calling <function get_current_trigger_time at 0x000002F5BBC96840>.
73.3974 	DATA 	Keypress: s
73.3975 	EXP 	Global key event: get_current_trigger_time. Calling <function get_current_trigger_time at 0x000002F5BBC96840>.
73.6142 	DATA 	Keypress: s
73.6143 	EXP 	Global key event: get_current_trigger_time. Calling <function get_current_trigger_time at 0x000002F5BBC96840>.
73.8143 	DATA 	Keypress: s
73.8143 	EXP 	Global key event: get_current_trigger_time. Calling <function get_current_trigger_time at 0x000002F5BBC96840>.
74.2142 	DATA 	Keypress: s
74.2142 	EXP 	Global key event: get_current_trigger_time. Calling <function get_current_trigger_time at 0x000002F5BBC96840>.
74.3611 	EXP 	New trial (rep=0, index=1): OrderedDict([('TrialIndex', 5.0), ('Jitter', 5000.0), ('ScannerRun', 1.0), ('StimType', 'OLP'), ('Order', 2.0), ('Delay', 0.0), ('CurrentImage', 'stimuli/fractals/131b.jpg'), ('CurrentX', -0.234375), ('CurrentY', 0.1388888888888889), ('TripletMemberA', 'stimuli/fractals/131c.jpg'), ('TripletMemberB', 'stimuli/fractals/131b.jpg'), ('TripletMemberC', 'stimuli/fractals/131a.jpg'), ('Xcoordinate', -0.234375), ('Ycoordinate', 0.1388888888888889), ('Xcoordinate_lure1', -0.234375), ('Ycoordinate_lure1', -0.1388888888888889), ('Xcoordinate_lure2', -0.078125), ('Ycoordinate_lure2', 0.1388888888888889), ('Xcoordinate_foil', 0.234375), ('Ycoordinate_foil', -0.4166666666666667)])
74.3769 	EXP 	enc_trial_interior: autoDraw = False
74.3769 	EXP 	enc_trial_main_image: autoDraw = False
74.3769 	EXP 	enc_fx_cross: pos = array([-0.234375  ,  0.13888889])
74.3769 	EXP 	enc_fx_interior: autoDraw = True
74.3769 	EXP 	enc_fx_cross: autoDraw = True
74.4303 	DATA 	Keypress: s
74.4303 	EXP 	Global key event: get_current_trigger_time. Calling <function get_current_trigger_time at 0x000002F5BBC96840>.
74.6316 	DATA 	Keypress: s
74.6316 	EXP 	Global key event: get_current_trigger_time. Calling <function get_current_trigger_time at 0x000002F5BBC96840>.
75.0316 	DATA 	Keypress: s
75.0317 	EXP 	Global key event: get_current_trigger_time. Calling <function get_current_trigger_time at 0x000002F5BBC96840>.
75.2482 	DATA 	Keypress: s
75.2483 	EXP 	Global key event: get_current_trigger_time. Calling <function get_current_trigger_time at 0x000002F5BBC96840>.
75.4474 	DATA 	Keypress: s
75.4474 	EXP 	Global key event: get_current_trigger_time. Calling <function get_current_trigger_time at 0x000002F5BBC96840>.
75.8816 	DATA 	Keypress: s
75.8816 	EXP 	Global key event: get_current_trigger_time. Calling <function get_current_trigger_time at 0x000002F5BBC96840>.
76.1143 	DATA 	Keypress: s
76.1143 	EXP 	Global key event: get_current_trigger_time. Calling <function get_current_trigger_time at 0x000002F5BBC96840>.
76.3315 	DATA 	Keypress: s
76.3315 	EXP 	Global key event: get_current_trigger_time. Calling <function get_current_trigger_time at 0x000002F5BBC96840>.
76.7474 	DATA 	Keypress: s
76.7475 	EXP 	Global key event: get_current_trigger_time. Calling <function get_current_trigger_time at 0x000002F5BBC96840>.
77.0143 	DATA 	Keypress: s
77.0144 	EXP 	Global key event: get_current_trigger_time. Calling <function get_current_trigger_time at 0x000002F5BBC96840>.
77.2305 	DATA 	Keypress: s
77.2306 	EXP 	Global key event: get_current_trigger_time. Calling <function get_current_trigger_time at 0x000002F5BBC96840>.
77.6144 	DATA 	Keypress: s
77.6144 	EXP 	Global key event: get_current_trigger_time. Calling <function get_current_trigger_time at 0x000002F5BBC96840>.
77.8474 	DATA 	Keypress: s
77.8474 	EXP 	Global key event: get_current_trigger_time. Calling <function get_current_trigger_time at 0x000002F5BBC96840>.
78.0644 	DATA 	Keypress: s
78.0644 	EXP 	Global key event: get_current_trigger_time. Calling <function get_current_trigger_time at 0x000002F5BBC96840>.
78.4475 	DATA 	Keypress: s
78.4475 	EXP 	Global key event: get_current_trigger_time. Calling <function get_current_trigger_time at 0x000002F5BBC96840>.
78.6975 	DATA 	Keypress: s
78.6975 	EXP 	Global key event: get_current_trigger_time. Calling <function get_current_trigger_time at 0x000002F5BBC96840>.
78.8973 	DATA 	Keypress: s
78.8974 	EXP 	Global key event: get_current_trigger_time. Calling <function get_current_trigger_time at 0x000002F5BBC96840>.
79.3304 	DATA 	Keypress: s
79.3304 	EXP 	Global key event: get_current_trigger_time. Calling <function get_current_trigger_time at 0x000002F5BBC96840>.
79.3934 	EXP 	enc_fx_interior: autoDraw = False
79.3934 	EXP 	enc_fx_cross: autoDraw = False
79.3934 	EXP 	enc_fx_interior: autoDraw = False
79.3934 	EXP 	enc_fx_cross: autoDraw = False
79.3934 	EXP 	enc_trial_main_image: pos = array([-0.234375  ,  0.13888889])
79.3934 	EXP 	enc_trial_main_image: size = array([0.3125    , 0.55555556])
79.3934 	EXP 	enc_trial_main_image: image = 'stimuli/fractals/131b.jpg'
79.3934 	EXP 	enc_trial_interior: autoDraw = True
79.3934 	EXP 	enc_trial_main_image: autoDraw = True
79.7140 	DATA 	Keypress: s
79.7140 	EXP 	Global key event: get_current_trigger_time. Calling <function get_current_trigger_time at 0x000002F5BBC96840>.
79.9302 	DATA 	Keypress: s
79.9302 	EXP 	Global key event: get_current_trigger_time. Calling <function get_current_trigger_time at 0x000002F5BBC96840>.
80.1648 	DATA 	Keypress: escape
80.3312 	EXP 	window1: mouseVisible = True
