0.7024 	WARNING 	We strongly recommend you activate the PTB sound engine in PsychoPy prefs as the preferred audio engine. Its timing is vastly superior. Your prefs are currently set to use ['sounddevice', 'PTB', 'pyo', 'pygame'] (in that order).
0.7025 	WARNING 	Requested audio device 'Speakers (Realtek HD Audio output)' that is not available on this hardware. The 'audioDevice' preference should be one of ['Hangszórók (Realtek(R) Audio)']
8.2774 	WARNING 	Monitor specification not found. Creating a temporary one...
9.0900 	EXP 	Created window1 = Window(allowGUI=False, allowStencil=False, args=UNKNOWN, autoLog=True, bitsMode=UNKNOWN, blendMode='avg', bpc=(8, 8, 8), color=array([0.804, 0.804, 0.961]), colorSpace='rgb', depthBits=8, fullscr=<method-wrapper '__getattribute__' of attributeSetter object at 0x00000222AF24C710>, gamma=None, gammaErrorPolicy='raise', kwargs=UNKNOWN, lms=UNKNOWN, monitor=<psychopy.monitors.calibTools.Monitor object at 0x00000222AF2E8160>, multiSample=False, name='window1', numSamples=2, pos=[0.0, 0.0], screen=0, size=array([1920, 1080]), stencilBits=0, stereo=False, units='height', useFBO=True, useRetina=False, viewOri=0.0, viewPos=None, viewScale=None, waitBlanking=True, winType='pyglet')
9.0900 	EXP 	window1: recordFrameIntervals = False
9.2562 	EXP 	window1: recordFrameIntervals = True
9.4398 	EXP 	window1: recordFrameIntervals = False
9.5613 	EXP 	Created start_encoding_text = TextStim(__class__=<class 'psychopy.visual.text.TextStim'>, alignHoriz=method-wrapper(...), alignText='center', alignVert=method-wrapper(...), anchorHoriz='center', anchorVert='center', antialias=True, autoLog=True, bold=False, color='black', colorSpace='named', contrast=1.0, depth=0.0, flipHoriz=False, flipVert=False, font='Arial', fontFiles=[], height=0.1, italic=False, languageStyle='LTR', name='start_encoding_text', opacity=1.0, ori=0, pos=array([0., 0.]), rgb=array([0., 0., 0.]), text='default text', units='height', win=Window(...), wrapWidth=1)
9.5880 	EXP 	Created enc_instructions_1_text = TextStim(__class__=<class 'psychopy.visual.text.TextStim'>, alignHoriz=method-wrapper(...), alignText='center', alignVert=method-wrapper(...), anchorHoriz='center', anchorVert='center', antialias=True, autoLog=True, bold=False, color='black', colorSpace='named', contrast=1.0, depth=0.0, flipHoriz=False, flipVert=False, font='Arial', fontFiles=[], height=0.03, italic=False, languageStyle='LTR', name='enc_instructions_1_text', opacity=1.0, ori=0, pos=array([-0.3,  0. ]), rgb=array([0., 0., 0.]), text=str(...), units='height', win=Window(...), wrapWidth=0.65)
9.6443 	EXP 	Created enc_instructions_1_image = ImageStim(__class__=<class 'psychopy.visual.image.ImageStim'>, autoLog=True, color=array([1., 1., 1.]), colorSpace='rgb', contrast=1.0, depth=-1.0, flipHoriz=False, flipVert=False, image='stimuli/GalleryBuildingFromOutside.jpg', interpolate=True, mask=None, maskParams=None, name='enc_instructions_1_image', opacity=1.0, ori=0.0, pos=array([0.4688, 0.    ]), size=array([0.625 , 0.8333]), texRes=128, units='norm', win=Window(...))
9.6479 	EXP 	Created instructions_1_continue = TextStim(__class__=<class 'psychopy.visual.text.TextStim'>, alignHoriz=method-wrapper(...), alignText='center', alignVert=method-wrapper(...), anchorHoriz='center', anchorVert='center', antialias=True, autoLog=True, bold=False, color='black', colorSpace='named', contrast=1.0, depth=-3.0, flipHoriz=False, flipVert=False, font='Arial', fontFiles=[], height=0.03, italic=False, languageStyle='LTR', name='instructions_1_continue', opacity=1.0, ori=0, pos=array([ 0. , -0.4]), rgb=array([0., 0., 0.]), text=str(...), units='height', win=Window(...), wrapWidth=1)
9.6656 	EXP 	Created enc_instructions_2_text = TextStim(__class__=<class 'psychopy.visual.text.TextStim'>, alignHoriz=method-wrapper(...), alignText='center', alignVert=method-wrapper(...), anchorHoriz='center', anchorVert='center', antialias=True, autoLog=True, bold=False, color='black', colorSpace='named', contrast=1.0, depth=0.0, flipHoriz=False, flipVert=False, font='Arial', fontFiles=[], height=0.03, italic=False, languageStyle='LTR', name='enc_instructions_2_text', opacity=1.0, ori=0, pos=array([-0.35,  0.  ]), rgb=array([0., 0., 0.]), text=str(...), units='height', win=Window(...), wrapWidth=0.5)
9.7749 	EXP 	Created enc_instructions_2_image = ImageStim(__class__=<class 'psychopy.visual.image.ImageStim'>, autoLog=True, color=array([1., 1., 1.]), colorSpace='rgb', contrast=1.0, depth=-1.0, flipHoriz=False, flipVert=False, image='stimuli/GalleryInterior.png', interpolate=True, mask=None, maskParams=None, name='enc_instructions_2_image', opacity=1.0, ori=0.0, pos=array([0.4427, 0.    ]), size=array([0.7604, 0.8185]), texRes=128, units='norm', win=Window(...))
9.7775 	EXP 	Created instructions_2_continue = TextStim(__class__=<class 'psychopy.visual.text.TextStim'>, alignHoriz=method-wrapper(...), alignText='center', alignVert=method-wrapper(...), anchorHoriz='center', anchorVert='center', antialias=True, autoLog=True, bold=False, color='black', colorSpace='named', contrast=1.0, depth=-3.0, flipHoriz=False, flipVert=False, font='Arial', fontFiles=[], height=0.03, italic=False, languageStyle='LTR', name='instructions_2_continue', opacity=1.0, ori=0, pos=array([ 0. , -0.4]), rgb=array([0., 0., 0.]), text=str(...), units='height', win=Window(...), wrapWidth=1)
9.8039 	EXP 	Created enc_instructions_3_text = TextStim(__class__=<class 'psychopy.visual.text.TextStim'>, alignHoriz=method-wrapper(...), alignText='center', alignVert=method-wrapper(...), anchorHoriz='center', anchorVert='center', antialias=True, autoLog=True, bold=False, color='black', colorSpace='named', contrast=1.0, depth=0.0, flipHoriz=False, flipVert=False, font='Arial', fontFiles=[], height=0.04, italic=False, languageStyle='LTR', name='enc_instructions_3_text', opacity=1.0, ori=0, pos=array([0., 0.]), rgb=array([0., 0., 0.]), text=str(...), units='height', win=Window(...), wrapWidth=1)
9.8070 	EXP 	Created enc_instructions_3_continue = TextStim(__class__=<class 'psychopy.visual.text.TextStim'>, alignHoriz=method-wrapper(...), alignText='center', alignVert=method-wrapper(...), anchorHoriz='center', anchorVert='center', antialias=True, autoLog=True, bold=False, color='black', colorSpace='named', contrast=1.0, depth=-2.0, flipHoriz=False, flipVert=False, font='Arial', fontFiles=[], height=0.03, italic=False, languageStyle='LTR', name='enc_instructions_3_continue', opacity=1.0, ori=0, pos=array([ 0. , -0.4]), rgb=array([0., 0., 0.]), text=str(...), units='height', win=Window(...), wrapWidth=1)
9.8193 	EXP 	Created start_practice_text = TextStim(__class__=<class 'psychopy.visual.text.TextStim'>, alignHoriz=method-wrapper(...), alignText='center', alignVert=method-wrapper(...), anchorHoriz='center', anchorVert='center', antialias=True, autoLog=True, bold=False, color='black', colorSpace='named', contrast=1.0, depth=0.0, flipHoriz=False, flipVert=False, font='Arial', fontFiles=[], height=0.1, italic=False, languageStyle='LTR', name='start_practice_text', opacity=1.0, ori=0, pos=array([0., 0.]), rgb=array([0., 0., 0.]), text='Kezdődik a gyakorlás...', units='height', win=Window(...), wrapWidth=1)
9.9432 	EXP 	Created enc_practice_fx_interior = ImageStim(__class__=<class 'psychopy.visual.image.ImageStim'>, autoLog=True, color=array([1., 1., 1.]), colorSpace='rgb', contrast=1.0, depth=0.0, flipHoriz=False, flipVert=False, image='stimuli/GalleryInterior.png', interpolate=True, mask=None, maskParams=None, name='enc_practice_fx_interior', opacity=1.0, ori=0.0, pos=array([0., 0.]), size=array([2., 2.]), texRes=128, units='norm', win=Window(...))
9.9481 	EXP 	Created enc_practice_fx_cross = TextStim(__class__=<class 'psychopy.visual.text.TextStim'>, alignHoriz=method-wrapper(...), alignText='center', alignVert=method-wrapper(...), anchorHoriz='center', anchorVert='center', antialias=True, autoLog=True, bold=False, color='black', colorSpace='named', contrast=1.0, depth=-1.0, flipHoriz=False, flipVert=False, font='Arial', fontFiles=[], height=0.1, italic=False, languageStyle='LTR', name='enc_practice_fx_cross', opacity=1.0, ori=0, pos=array([0., 0.]), rgb=array([0., 0., 0.]), text='+', units='norm', win=Window(...), wrapWidth=1)
10.0714 	EXP 	Created enc_practice_trial_interior = ImageStim(__class__=<class 'psychopy.visual.image.ImageStim'>, autoLog=True, color=array([1., 1., 1.]), colorSpace='rgb', contrast=1.0, depth=-1.0, flipHoriz=False, flipVert=False, image='stimuli/GalleryInterior.png', interpolate=True, mask=None, maskParams=None, name='enc_practice_trial_interior', opacity=1.0, ori=0.0, pos=array([0., 0.]), size=array([2., 2.]), texRes=128, units='norm', win=Window(...))
10.0783 	EXP 	Created enc_practice_trial_main_image = ImageStim(__class__=<class 'psychopy.visual.image.ImageStim'>, autoLog=True, color=array([1., 1., 1.]), colorSpace='rgb', contrast=1.0, depth=-2.0, flipHoriz=False, flipVert=False, image='sin', interpolate=True, mask=None, maskParams=None, name='enc_practice_trial_main_image', opacity=1.0, ori=0.0, pos=array([0., 0.]), size=array([1., 1.]), texRes=128, units='norm', win=Window(...))
10.2034 	EXP 	Created enc_practice_feedback_interior = ImageStim(__class__=<class 'psychopy.visual.image.ImageStim'>, autoLog=True, color=array([1., 1., 1.]), colorSpace='rgb', contrast=1.0, depth=-1.0, flipHoriz=False, flipVert=False, image='stimuli/GalleryInterior.png', interpolate=True, mask=None, maskParams=None, name='enc_practice_feedback_interior', opacity=1.0, ori=0.0, pos=array([0., 0.]), size=array([2., 2.]), texRes=128, units='norm', win=Window(...))
10.2087 	EXP 	Created enc_practice_feedback_image = ImageStim(__class__=<class 'psychopy.visual.image.ImageStim'>, autoLog=True, color=array([1., 1., 1.]), colorSpace='rgb', contrast=1.0, depth=-2.0, flipHoriz=False, flipVert=False, image='sin', interpolate=True, mask=None, maskParams=None, name='enc_practice_feedback_image', opacity=1.0, ori=0.0, pos=array([0., 0.]), size=array([1., 1.]), texRes=128, units='norm', win=Window(...))
10.2156 	EXP 	Created enc_practice_feedback_text = TextStim(__class__=<class 'psychopy.visual.text.TextStim'>, alignHoriz=method-wrapper(...), alignText='center', alignVert=method-wrapper(...), anchorHoriz='center', anchorVert='center', antialias=True, autoLog=True, bold=False, color='black', colorSpace='named', contrast=1.0, depth=-3.0, flipHoriz=False, flipVert=False, font='Arial', fontFiles=[], height=0.05, italic=False, languageStyle='LTR', name='enc_practice_feedback_text', opacity=1.0, ori=0, pos=array([0., 0.]), rgb=array([0., 0., 0.]), text='default text', units='norm', win=Window(...), wrapWidth=1)
10.2317 	EXP 	Created end_practice_text = TextStim(__class__=<class 'psychopy.visual.text.TextStim'>, alignHoriz=method-wrapper(...), alignText='center', alignVert=method-wrapper(...), anchorHoriz='center', anchorVert='center', antialias=True, autoLog=True, bold=False, color='black', colorSpace='named', contrast=1.0, depth=0.0, flipHoriz=False, flipVert=False, font='Arial', fontFiles=[], height=0.05, italic=False, languageStyle='LTR', name='end_practice_text', opacity=1.0, ori=0, pos=array([0., 0.]), rgb=array([0., 0., 0.]), text=str(...), units='height', win=Window(...), wrapWidth=0.8)
10.2387 	EXP 	Created end_practice_continue = TextStim(__class__=<class 'psychopy.visual.text.TextStim'>, alignHoriz=method-wrapper(...), alignText='center', alignVert=method-wrapper(...), anchorHoriz='center', anchorVert='center', antialias=True, autoLog=True, bold=False, color='black', colorSpace='named', contrast=1.0, depth=-2.0, flipHoriz=False, flipVert=False, font='Arial', fontFiles=[], height=0.03, italic=False, languageStyle='LTR', name='end_practice_continue', opacity=1.0, ori=0, pos=array([ 0. , -0.4]), rgb=array([0., 0., 0.]), text=str(...), units='height', win=Window(...), wrapWidth=1)
10.2466 	EXP 	Created start_MR_text = TextStim(__class__=<class 'psychopy.visual.text.TextStim'>, alignHoriz=method-wrapper(...), alignText='center', alignVert=method-wrapper(...), anchorHoriz='center', anchorVert='center', antialias=True, autoLog=True, bold=False, color='black', colorSpace='named', contrast=1.0, depth=0.0, flipHoriz=False, flipVert=False, font='Arial', fontFiles=[], height=0.1, italic=False, languageStyle='LTR', name='start_MR_text', opacity=1.0, ori=0, pos=array([0., 0.]), rgb=array([0., 0., 0.]), text='A vizsgálatvezető indítja a szkennert...', units='norm', win=Window(...), wrapWidth=1)
10.2571 	EXP 	Created start_enc_run_text = TextStim(__class__=<class 'psychopy.visual.text.TextStim'>, alignHoriz=method-wrapper(...), alignText='center', alignVert=method-wrapper(...), anchorHoriz='center', anchorVert='center', antialias=True, autoLog=True, bold=False, color='black', colorSpace='named', contrast=1.0, depth=-2.0, flipHoriz=False, flipVert=False, font='Arial', fontFiles=[], height=0.06, italic=False, languageStyle='LTR', name='start_enc_run_text', opacity=1.0, ori=0, pos=array([0., 0.]), rgb=array([0., 0., 0.]), text='Kezdődik a feladat...', units='height', win=Window(...), wrapWidth=1)
10.3815 	EXP 	Created enc_fx_interior = ImageStim(__class__=<class 'psychopy.visual.image.ImageStim'>, autoLog=True, color=array([1., 1., 1.]), colorSpace='rgb', contrast=1.0, depth=0.0, flipHoriz=False, flipVert=False, image='stimuli/GalleryInterior.png', interpolate=True, mask=None, maskParams=None, name='enc_fx_interior', opacity=1.0, ori=0.0, pos=array([0., 0.]), size=array([2., 2.]), texRes=128, units='norm', win=Window(...))
10.3836 	EXP 	Created enc_fx_cross = TextStim(__class__=<class 'psychopy.visual.text.TextStim'>, alignHoriz=method-wrapper(...), alignText='center', alignVert=method-wrapper(...), anchorHoriz='center', anchorVert='center', antialias=True, autoLog=True, bold=False, color='black', colorSpace='named', contrast=1.0, depth=-1.0, flipHoriz=False, flipVert=False, font='Arial', fontFiles=[], height=0.1, italic=False, languageStyle='LTR', name='enc_fx_cross', opacity=1.0, ori=0, pos=array([0., 0.]), rgb=array([0., 0., 0.]), text='+', units='norm', win=Window(...), wrapWidth=1)
10.5083 	EXP 	Created enc_trial_interior = ImageStim(__class__=<class 'psychopy.visual.image.ImageStim'>, autoLog=True, color=array([1., 1., 1.]), colorSpace='rgb', contrast=1.0, depth=-1.0, flipHoriz=False, flipVert=False, image='stimuli/GalleryInterior.png', interpolate=True, mask=None, maskParams=None, name='enc_trial_interior', opacity=1.0, ori=0.0, pos=array([0., 0.]), size=array([2., 2.]), texRes=128, units='norm', win=Window(...))
10.5136 	EXP 	Created enc_trial_main_image = ImageStim(__class__=<class 'psychopy.visual.image.ImageStim'>, autoLog=True, color=array([1., 1., 1.]), colorSpace='rgb', contrast=1.0, depth=-2.0, flipHoriz=False, flipVert=False, image='sin', interpolate=True, mask=None, maskParams=None, name='enc_trial_main_image', opacity=1.0, ori=0.0, pos=array([0., 0.]), size=array([1., 1.]), texRes=128, units='norm', win=Window(...))
10.5164 	EXP 	Created end_enc_run_text = TextStim(__class__=<class 'psychopy.visual.text.TextStim'>, alignHoriz=method-wrapper(...), alignText='center', alignVert=method-wrapper(...), anchorHoriz='center', anchorVert='center', antialias=True, autoLog=True, bold=False, color='black', colorSpace='named', contrast=1.0, depth=0.0, flipHoriz=False, flipVert=False, font='Arial', fontFiles=[], height=0.06, italic=False, languageStyle='LTR', name='end_enc_run_text', opacity=1.0, ori=0, pos=array([0., 0.]), rgb=array([0., 0., 0.]), text='default text', units='height', win=Window(...), wrapWidth=1)
10.5232 	EXP 	Created enc_run_end_continue = TextStim(__class__=<class 'psychopy.visual.text.TextStim'>, alignHoriz=method-wrapper(...), alignText='center', alignVert=method-wrapper(...), anchorHoriz='center', anchorVert='center', antialias=True, autoLog=True, bold=False, color='black', colorSpace='named', contrast=1.0, depth=-2.0, flipHoriz=False, flipVert=False, font='Arial', fontFiles=[], height=0.03, italic=False, languageStyle='LTR', name='enc_run_end_continue', opacity=1.0, ori=0, pos=array([ 0. , -0.4]), rgb=array([0., 0., 0.]), text=str(...), units='height', win=Window(...), wrapWidth=1)
10.5267 	EXP 	Created inter_task_break_text = TextStim(__class__=<class 'psychopy.visual.text.TextStim'>, alignHoriz=method-wrapper(...), alignText='center', alignVert=method-wrapper(...), anchorHoriz='center', anchorVert='center', antialias=True, autoLog=True, bold=False, color='black', colorSpace='named', contrast=1.0, depth=0.0, flipHoriz=False, flipVert=False, font='Arial', fontFiles=[], height=0.03, italic=False, languageStyle='LTR', name='inter_task_break_text', opacity=1.0, ori=0, pos=array([0., 0.]), rgb=array([0., 0., 0.]), text='Most kivesszük Önt a szkennerből.', units='height', win=Window(...), wrapWidth=1)
10.6074 	EXP 	start_encoding_text: text = 'Első feladat\nGaléria berendezés'
10.6074 	EXP 	start_encoding_text: autoDraw = True
12.0561 	EXP 	start_encoding_text: autoDraw = False
12.0561 	EXP 	enc_instructions_1_text: autoDraw = True
12.0561 	EXP 	enc_instructions_1_image: autoDraw = True
17.0227 	EXP 	instructions_1_continue: autoDraw = True
17.5456 	DATA 	Keypress: d
17.5560 	EXP 	enc_instructions_1_text: autoDraw = False
17.5560 	EXP 	enc_instructions_1_image: autoDraw = False
17.5560 	EXP 	instructions_1_continue: autoDraw = False
17.5560 	EXP 	enc_instructions_2_text: autoDraw = True
17.5560 	EXP 	enc_instructions_2_image: autoDraw = True
21.0574 	DATA 	Keypress: d
22.5392 	EXP 	instructions_2_continue: autoDraw = True
23.0785 	DATA 	Keypress: d
23.0892 	EXP 	enc_instructions_2_text: autoDraw = False
23.0892 	EXP 	enc_instructions_2_image: autoDraw = False
23.0892 	EXP 	instructions_2_continue: autoDraw = False
23.0892 	EXP 	enc_instructions_3_text: autoDraw = True
28.0724 	EXP 	enc_instructions_3_continue: autoDraw = True
31.0784 	DATA 	Keypress: d
31.0891 	EXP 	enc_instructions_3_text: autoDraw = False
31.0891 	EXP 	enc_instructions_3_continue: autoDraw = False
31.0891 	EXP 	start_practice_text: autoDraw = True
32.0933 	EXP 	Imported stimuli_tables/encoding_practice_trials.csv as conditions, 9 conditions, 9 params
32.0935 	EXP 	Created sequence: sequential, trialTypes=9, nReps=0, seed=None
32.1058 	EXP 	start_practice_text: autoDraw = False
32.1058 	EXP 	start_practice_text: autoDraw = False
32.1058 	EXP 	end_practice_text: autoDraw = True
33.0891 	EXP 	end_practice_continue: autoDraw = True
34.8263 	EXP 	Created sequence: sequential, trialTypes=1, nReps=2, seed=None
34.8265 	EXP 	New trial (rep=0, index=0): None
34.8285 	DATA 	Keypress: d
34.8391 	EXP 	end_practice_text: autoDraw = False
34.8391 	EXP 	end_practice_continue: autoDraw = False
34.8391 	EXP 	start_MR_text: autoDraw = True
37.8615 	DATA 	Keypress: s
37.8723 	EXP 	start_MR_text: autoDraw = False
37.8723 	EXP 	start_enc_run_text: autoDraw = True
38.2094 	DATA 	Keypress: s
38.5264 	DATA 	Keypress: s
38.8594 	DATA 	Keypress: s
39.1764 	DATA 	Keypress: s
39.4924 	DATA 	Keypress: s
39.8094 	DATA 	Keypress: s
40.1264 	DATA 	Keypress: s
40.4424 	DATA 	Keypress: s
40.7764 	DATA 	Keypress: s
40.8841 	EXP 	Imported stimuli_tables/encoding_trials_2.csv as conditions, 3 conditions, 20 params
40.8844 	EXP 	Created sequence: sequential, trialTypes=3, nReps=1, seed=None
40.8847 	EXP 	New trial (rep=0, index=0): OrderedDict([('TrialIndex', 1.0), ('Jitter', 2000.0), ('ScannerRun', 1.0), ('StimType', 'OLP'), ('Order', 1.0), ('Delay', 3.0), ('CurrentImage', 'stimuli/fractals/131c.jpg'), ('CurrentX', -0.234375), ('CurrentY', 0.1388888888888889), ('TripletMemberA', 'stimuli/fractals/131c.jpg'), ('TripletMemberB', 'stimuli/fractals/131b.jpg'), ('TripletMemberC', 'stimuli/fractals/131a.jpg'), ('Xcoordinate', -0.234375), ('Ycoordinate', 0.1388888888888889), ('Xcoordinate_lure1', -0.234375), ('Ycoordinate_lure1', -0.1388888888888889), ('Xcoordinate_lure2', -0.078125), ('Ycoordinate_lure2', 0.1388888888888889), ('Xcoordinate_foil', 0.234375), ('Ycoordinate_foil', -0.4166666666666667)])
40.9056 	EXP 	start_enc_run_text: autoDraw = False
40.9056 	EXP 	start_enc_run_text: autoDraw = False
40.9056 	EXP 	enc_fx_cross: pos = array([-0.234375  ,  0.13888889])
40.9056 	EXP 	enc_fx_interior: autoDraw = True
40.9056 	EXP 	enc_fx_cross: autoDraw = True
41.1134 	DATA 	Keypress: s
41.3464 	DATA 	Keypress: s
41.6804 	DATA 	Keypress: s
41.9804 	DATA 	Keypress: s
42.2804 	DATA 	Keypress: s
42.6134 	DATA 	Keypress: s
42.9396 	DATA 	Keypress: s
42.9555 	EXP 	enc_fx_interior: autoDraw = False
42.9555 	EXP 	enc_fx_cross: autoDraw = False
42.9555 	EXP 	enc_fx_interior: autoDraw = False
42.9555 	EXP 	enc_fx_cross: autoDraw = False
42.9555 	EXP 	enc_trial_main_image: pos = array([-0.234375  ,  0.13888889])
42.9555 	EXP 	enc_trial_main_image: size = array([0.3125    , 0.55555556])
42.9555 	EXP 	enc_trial_main_image: image = 'stimuli/fractals/131c.jpg'
42.9555 	EXP 	enc_trial_interior: autoDraw = True
42.9555 	EXP 	enc_trial_main_image: autoDraw = True
43.2283 	DATA 	Keypress: s
43.5283 	DATA 	Keypress: s
43.7613 	DATA 	Keypress: c
44.0282 	DATA 	Keypress: s
44.3943 	DATA 	Keypress: s
44.7113 	DATA 	Keypress: s
45.0274 	DATA 	Keypress: s
45.3443 	DATA 	Keypress: s
45.6443 	DATA 	Keypress: s
45.9230 	EXP 	New trial (rep=0, index=1): OrderedDict([('TrialIndex', 2.0), ('Jitter', 6000.0), ('ScannerRun', 1.0), ('StimType', 'OLP'), ('Order', 1.0), ('Delay', 3.0), ('CurrentImage', 'stimuli/fractals/72b.jpg'), ('CurrentX', -0.078125), ('CurrentY', 0.4166666666666667), ('TripletMemberA', 'stimuli/fractals/72b.jpg'), ('TripletMemberB', 'stimuli/fractals/72a.jpg'), ('TripletMemberC', 'stimuli/fractals/72c.jpg'), ('Xcoordinate', -0.078125), ('Ycoordinate', 0.4166666666666667), ('Xcoordinate_lure1', -0.234375), ('Ycoordinate_lure1', 0.4166666666666667), ('Xcoordinate_lure2', -0.078125), ('Ycoordinate_lure2', 0.1388888888888889), ('Xcoordinate_foil', -0.390625), ('Ycoordinate_foil', -0.4166666666666667)])
45.9384 	EXP 	enc_trial_interior: autoDraw = False
45.9384 	EXP 	enc_trial_main_image: autoDraw = False
45.9384 	EXP 	enc_fx_cross: pos = array([-0.078125  ,  0.41666667])
45.9384 	EXP 	enc_fx_interior: autoDraw = True
45.9384 	EXP 	enc_fx_cross: autoDraw = True
45.9505 	DATA 	Keypress: s
46.2966 	DATA 	Keypress: c
46.5795 	DATA 	Keypress: s
46.9964 	DATA 	Keypress: s
47.2975 	DATA 	Keypress: s
47.6294 	DATA 	Keypress: s
47.9294 	DATA 	Keypress: s
48.2294 	DATA 	Keypress: s
48.5295 	DATA 	Keypress: s
48.8794 	DATA 	Keypress: s
49.2134 	DATA 	Keypress: s
49.5294 	DATA 	Keypress: s
49.8464 	DATA 	Keypress: s
50.1634 	DATA 	Keypress: s
50.4794 	DATA 	Keypress: s
50.7964 	DATA 	Keypress: s
51.1124 	DATA 	Keypress: s
51.4294 	DATA 	Keypress: s
51.7624 	DATA 	Keypress: s
51.9549 	EXP 	enc_fx_interior: autoDraw = False
51.9549 	EXP 	enc_fx_cross: autoDraw = False
51.9549 	EXP 	enc_fx_interior: autoDraw = False
51.9549 	EXP 	enc_fx_cross: autoDraw = False
51.9549 	EXP 	enc_trial_main_image: pos = array([-0.078125  ,  0.41666667])
51.9549 	EXP 	enc_trial_main_image: size = array([0.3125    , 0.55555556])
51.9549 	EXP 	enc_trial_main_image: image = 'stimuli/fractals/72b.jpg'
51.9549 	EXP 	enc_trial_interior: autoDraw = True
51.9549 	EXP 	enc_trial_main_image: autoDraw = True
52.0614 	DATA 	Keypress: s
52.4103 	DATA 	Keypress: c
52.6943 	DATA 	Keypress: s
53.0774 	DATA 	Keypress: s
53.4273 	DATA 	Keypress: s
53.7606 	DATA 	Keypress: s
54.0943 	DATA 	Keypress: s
54.3944 	DATA 	Keypress: s
54.6443 	DATA 	Keypress: c
54.9391 	EXP 	New trial (rep=0, index=2): OrderedDict([('TrialIndex', 3.0), ('Jitter', 2000.0), ('ScannerRun', 1.0), ('StimType', 'LLP'), ('Order', 1.0), ('Delay', 5.0), ('CurrentImage', 'stimuli/fractals/41b.jpg'), ('CurrentX', 0.390625), ('CurrentY', 0.4166666666666667), ('TripletMemberA', 'stimuli/fractals/41b.jpg'), ('TripletMemberB', 'stimuli/fractals/41a.jpg'), ('TripletMemberC', 'stimuli/fractals/41c.jpg'), ('Xcoordinate', 0.390625), ('Ycoordinate', 0.4166666666666667), ('Xcoordinate_lure1', 0.234375), ('Ycoordinate_lure1', 0.4166666666666667), ('Xcoordinate_lure2', 0.390625), ('Ycoordinate_lure2', 0.1388888888888889), ('Xcoordinate_foil', -0.078125), ('Ycoordinate_foil', -0.4166666666666667)])
54.9549 	EXP 	enc_trial_interior: autoDraw = False
54.9549 	EXP 	enc_trial_main_image: autoDraw = False
54.9549 	EXP 	enc_fx_cross: pos = array([0.390625  , 0.41666667])
54.9549 	EXP 	enc_fx_interior: autoDraw = True
54.9549 	EXP 	enc_fx_cross: autoDraw = True
54.9664 	DATA 	Keypress: s
55.3299 	DATA 	Keypress: s
55.6464 	DATA 	Keypress: s
55.9624 	DATA 	Keypress: s
56.2624 	DATA 	Keypress: s
56.6124 	DATA 	Keypress: s
56.9566 	DATA 	Keypress: s
56.9715 	EXP 	enc_fx_interior: autoDraw = False
56.9715 	EXP 	enc_fx_cross: autoDraw = False
56.9715 	EXP 	enc_fx_interior: autoDraw = False
56.9715 	EXP 	enc_fx_cross: autoDraw = False
56.9715 	EXP 	enc_trial_main_image: pos = array([0.390625  , 0.41666667])
56.9715 	EXP 	enc_trial_main_image: size = array([0.3125    , 0.55555556])
56.9715 	EXP 	enc_trial_main_image: image = 'stimuli/fractals/41b.jpg'
56.9715 	EXP 	enc_trial_interior: autoDraw = True
56.9715 	EXP 	enc_trial_main_image: autoDraw = True
57.2603 	DATA 	Keypress: s
57.5774 	DATA 	Keypress: s
58.1607 	DATA 	Keypress: escape
58.2980 	EXP 	window1: mouseVisible = True
