0.6939 	WARNING 	We strongly recommend you activate the PTB sound engine in PsychoPy prefs as the preferred audio engine. Its timing is vastly superior. Your prefs are currently set to use ['sounddevice', 'PTB', 'pyo', 'pygame'] (in that order).
0.6940 	WARNING 	Requested audio device 'Speakers (Realtek HD Audio output)' that is not available on this hardware. The 'audioDevice' preference should be one of ['24P1W1 (NVIDIA High Definition ']
14.1837 	WARNING 	Monitor specification not found. Creating a temporary one...
15.0144 	EXP 	Created window1 = Window(allowGUI=False, allowStencil=False, args=UNKNOWN, autoLog=True, bitsMode=UNKNOWN, blendMode='avg', bpc=(8, 8, 8), color=array([0.804, 0.804, 0.961]), colorSpace='rgb', depthBits=8, fullscr=<method-wrapper '__getattribute__' of attributeSetter object at 0x00000143A6ECC9B0>, gamma=None, gammaErrorPolicy='raise', kwargs=UNKNOWN, lms=UNKNOWN, monitor=<psychopy.monitors.calibTools.Monitor object at 0x00000143A6FD5710>, multiSample=False, name='window1', numSamples=2, pos=[0.0, 0.0], screen=0, size=array([1920, 1080]), stencilBits=0, stereo=False, units='height', useFBO=True, useRetina=False, viewOri=0.0, viewPos=None, viewScale=None, waitBlanking=True, winType='pyglet')
15.0144 	EXP 	window1: recordFrameIntervals = False
15.1806 	EXP 	window1: recordFrameIntervals = True
15.3640 	EXP 	window1: recordFrameIntervals = False
15.4929 	EXP 	Created start_encoding_text = TextStim(__class__=<class 'psychopy.visual.text.TextStim'>, alignHoriz=method-wrapper(...), alignText='center', alignVert=method-wrapper(...), anchorHoriz='center', anchorVert='center', antialias=True, autoLog=True, bold=False, color='black', colorSpace='named', contrast=1.0, depth=0.0, flipHoriz=False, flipVert=False, font='Arial', fontFiles=[], height=0.1, italic=False, languageStyle='LTR', name='start_encoding_text', opacity=1.0, ori=0, pos=array([0., 0.]), rgb=array([0., 0., 0.]), text='default text', units='height', win=Window(...), wrapWidth=1)
15.5203 	EXP 	Created enc_instructions_1_text = TextStim(__class__=<class 'psychopy.visual.text.TextStim'>, alignHoriz=method-wrapper(...), alignText='center', alignVert=method-wrapper(...), anchorHoriz='center', anchorVert='center', antialias=True, autoLog=True, bold=False, color='black', colorSpace='named', contrast=1.0, depth=0.0, flipHoriz=False, flipVert=False, font='Arial', fontFiles=[], height=0.03, italic=False, languageStyle='LTR', name='enc_instructions_1_text', opacity=1.0, ori=0, pos=array([-0.3,  0. ]), rgb=array([0., 0., 0.]), text=str(...), units='height', win=Window(...), wrapWidth=0.65)
15.5830 	EXP 	Created enc_instructions_1_image = ImageStim(__class__=<class 'psychopy.visual.image.ImageStim'>, autoLog=True, color=array([1., 1., 1.]), colorSpace='rgb', contrast=1.0, depth=-1.0, flipHoriz=False, flipVert=False, image='stimuli/GalleryBuildingFromOutside.jpg', interpolate=True, mask=None, maskParams=None, name='enc_instructions_1_image', opacity=1.0, ori=0.0, pos=array([0.4688, 0.    ]), size=array([0.625 , 0.8333]), texRes=128, units='norm', win=Window(...))
15.5864 	EXP 	Created instructions_1_continue = TextStim(__class__=<class 'psychopy.visual.text.TextStim'>, alignHoriz=method-wrapper(...), alignText='center', alignVert=method-wrapper(...), anchorHoriz='center', anchorVert='center', antialias=True, autoLog=True, bold=False, color='black', colorSpace='named', contrast=1.0, depth=-3.0, flipHoriz=False, flipVert=False, font='Arial', fontFiles=[], height=0.03, italic=False, languageStyle='LTR', name='instructions_1_continue', opacity=1.0, ori=0, pos=array([ 0. , -0.4]), rgb=array([0., 0., 0.]), text=str(...), units='height', win=Window(...), wrapWidth=1)
15.6043 	EXP 	Created enc_instructions_2_text = TextStim(__class__=<class 'psychopy.visual.text.TextStim'>, alignHoriz=method-wrapper(...), alignText='center', alignVert=method-wrapper(...), anchorHoriz='center', anchorVert='center', antialias=True, autoLog=True, bold=False, color='black', colorSpace='named', contrast=1.0, depth=0.0, flipHoriz=False, flipVert=False, font='Arial', fontFiles=[], height=0.03, italic=False, languageStyle='LTR', name='enc_instructions_2_text', opacity=1.0, ori=0, pos=array([-0.35,  0.  ]), rgb=array([0., 0., 0.]), text=str(...), units='height', win=Window(...), wrapWidth=0.5)
15.7305 	EXP 	Created enc_instructions_2_image = ImageStim(__class__=<class 'psychopy.visual.image.ImageStim'>, autoLog=True, color=array([1., 1., 1.]), colorSpace='rgb', contrast=1.0, depth=-1.0, flipHoriz=False, flipVert=False, image='stimuli/GalleryInterior.png', interpolate=True, mask=None, maskParams=None, name='enc_instructions_2_image', opacity=1.0, ori=0.0, pos=array([0.4427, 0.    ]), size=array([0.7604, 0.8185]), texRes=128, units='norm', win=Window(...))
15.7331 	EXP 	Created instructions_2_continue = TextStim(__class__=<class 'psychopy.visual.text.TextStim'>, alignHoriz=method-wrapper(...), alignText='center', alignVert=method-wrapper(...), anchorHoriz='center', anchorVert='center', antialias=True, autoLog=True, bold=False, color='black', colorSpace='named', contrast=1.0, depth=-3.0, flipHoriz=False, flipVert=False, font='Arial', fontFiles=[], height=0.03, italic=False, languageStyle='LTR', name='instructions_2_continue', opacity=1.0, ori=0, pos=array([ 0. , -0.4]), rgb=array([0., 0., 0.]), text=str(...), units='height', win=Window(...), wrapWidth=1)
15.7599 	EXP 	Created enc_instructions_3_text = TextStim(__class__=<class 'psychopy.visual.text.TextStim'>, alignHoriz=method-wrapper(...), alignText='center', alignVert=method-wrapper(...), anchorHoriz='center', anchorVert='center', antialias=True, autoLog=True, bold=False, color='black', colorSpace='named', contrast=1.0, depth=0.0, flipHoriz=False, flipVert=False, font='Arial', fontFiles=[], height=0.04, italic=False, languageStyle='LTR', name='enc_instructions_3_text', opacity=1.0, ori=0, pos=array([0., 0.]), rgb=array([0., 0., 0.]), text=str(...), units='height', win=Window(...), wrapWidth=1)
15.7632 	EXP 	Created enc_instructions_3_continue = TextStim(__class__=<class 'psychopy.visual.text.TextStim'>, alignHoriz=method-wrapper(...), alignText='center', alignVert=method-wrapper(...), anchorHoriz='center', anchorVert='center', antialias=True, autoLog=True, bold=False, color='black', colorSpace='named', contrast=1.0, depth=-2.0, flipHoriz=False, flipVert=False, font='Arial', fontFiles=[], height=0.03, italic=False, languageStyle='LTR', name='enc_instructions_3_continue', opacity=1.0, ori=0, pos=array([ 0. , -0.4]), rgb=array([0., 0., 0.]), text=str(...), units='height', win=Window(...), wrapWidth=1)
15.7760 	EXP 	Created start_practice_text = TextStim(__class__=<class 'psychopy.visual.text.TextStim'>, alignHoriz=method-wrapper(...), alignText='center', alignVert=method-wrapper(...), anchorHoriz='center', anchorVert='center', antialias=True, autoLog=True, bold=False, color='black', colorSpace='named', contrast=1.0, depth=0.0, flipHoriz=False, flipVert=False, font='Arial', fontFiles=[], height=0.1, italic=False, languageStyle='LTR', name='start_practice_text', opacity=1.0, ori=0, pos=array([0., 0.]), rgb=array([0., 0., 0.]), text='Kezdődik a gyakorlás...', units='height', win=Window(...), wrapWidth=1)
15.8998 	EXP 	Created enc_fx_interior = ImageStim(__class__=<class 'psychopy.visual.image.ImageStim'>, autoLog=True, color=array([1., 1., 1.]), colorSpace='rgb', contrast=1.0, depth=0.0, flipHoriz=False, flipVert=False, image='stimuli/GalleryInterior.png', interpolate=True, mask=None, maskParams=None, name='enc_fx_interior', opacity=1.0, ori=0.0, pos=array([0., 0.]), size=array([2., 2.]), texRes=128, units='norm', win=Window(...))
15.9047 	EXP 	Created enc_fx_cross = TextStim(__class__=<class 'psychopy.visual.text.TextStim'>, alignHoriz=method-wrapper(...), alignText='center', alignVert=method-wrapper(...), anchorHoriz='center', anchorVert='center', antialias=True, autoLog=True, bold=False, color='black', colorSpace='named', contrast=1.0, depth=-1.0, flipHoriz=False, flipVert=False, font='Arial', fontFiles=[], height=0.1, italic=False, languageStyle='LTR', name='enc_fx_cross', opacity=1.0, ori=0, pos=array([0., 0.]), rgb=array([0., 0., 0.]), text='+', units='norm', win=Window(...), wrapWidth=1)
16.0288 	EXP 	Created enc_trial_interior = ImageStim(__class__=<class 'psychopy.visual.image.ImageStim'>, autoLog=True, color=array([1., 1., 1.]), colorSpace='rgb', contrast=1.0, depth=-1.0, flipHoriz=False, flipVert=False, image='stimuli/GalleryInterior.png', interpolate=True, mask=None, maskParams=None, name='enc_trial_interior', opacity=1.0, ori=0.0, pos=array([0., 0.]), size=array([2., 2.]), texRes=128, units='norm', win=Window(...))
16.0353 	EXP 	Created enc_trial_main_image = ImageStim(__class__=<class 'psychopy.visual.image.ImageStim'>, autoLog=True, color=array([1., 1., 1.]), colorSpace='rgb', contrast=1.0, depth=-2.0, flipHoriz=False, flipVert=False, image='sin', interpolate=True, mask=None, maskParams=None, name='enc_trial_main_image', opacity=1.0, ori=0.0, pos=array([0., 0.]), size=array([1., 1.]), texRes=128, units='norm', win=Window(...))
16.1607 	EXP 	Created enc_practice_feedback_interior = ImageStim(__class__=<class 'psychopy.visual.image.ImageStim'>, autoLog=True, color=array([1., 1., 1.]), colorSpace='rgb', contrast=1.0, depth=-1.0, flipHoriz=False, flipVert=False, image='stimuli/GalleryInterior.png', interpolate=True, mask=None, maskParams=None, name='enc_practice_feedback_interior', opacity=1.0, ori=0.0, pos=array([0., 0.]), size=array([2., 2.]), texRes=128, units='norm', win=Window(...))
16.1662 	EXP 	Created enc_practice_feedback_image = ImageStim(__class__=<class 'psychopy.visual.image.ImageStim'>, autoLog=True, color=array([1., 1., 1.]), colorSpace='rgb', contrast=1.0, depth=-2.0, flipHoriz=False, flipVert=False, image='sin', interpolate=True, mask=None, maskParams=None, name='enc_practice_feedback_image', opacity=1.0, ori=0.0, pos=array([0., 0.]), size=array([1., 1.]), texRes=128, units='norm', win=Window(...))
16.1731 	EXP 	Created enc_practice_feedback_text = TextStim(__class__=<class 'psychopy.visual.text.TextStim'>, alignHoriz=method-wrapper(...), alignText='center', alignVert=method-wrapper(...), anchorHoriz='center', anchorVert='center', antialias=True, autoLog=True, bold=False, color='black', colorSpace='named', contrast=1.0, depth=-3.0, flipHoriz=False, flipVert=False, font='Arial', fontFiles=[], height=0.05, italic=False, languageStyle='LTR', name='enc_practice_feedback_text', opacity=1.0, ori=0, pos=array([0., 0.]), rgb=array([0., 0., 0.]), text='default text', units='norm', win=Window(...), wrapWidth=1)
16.1891 	EXP 	Created end_practice_text = TextStim(__class__=<class 'psychopy.visual.text.TextStim'>, alignHoriz=method-wrapper(...), alignText='center', alignVert=method-wrapper(...), anchorHoriz='center', anchorVert='center', antialias=True, autoLog=True, bold=False, color='black', colorSpace='named', contrast=1.0, depth=0.0, flipHoriz=False, flipVert=False, font='Arial', fontFiles=[], height=0.05, italic=False, languageStyle='LTR', name='end_practice_text', opacity=1.0, ori=0, pos=array([0., 0.]), rgb=array([0., 0., 0.]), text=str(...), units='height', win=Window(...), wrapWidth=0.8)
16.1967 	EXP 	Created end_practice_continue = TextStim(__class__=<class 'psychopy.visual.text.TextStim'>, alignHoriz=method-wrapper(...), alignText='center', alignVert=method-wrapper(...), anchorHoriz='center', anchorVert='center', antialias=True, autoLog=True, bold=False, color='black', colorSpace='named', contrast=1.0, depth=-2.0, flipHoriz=False, flipVert=False, font='Arial', fontFiles=[], height=0.03, italic=False, languageStyle='LTR', name='end_practice_continue', opacity=1.0, ori=0, pos=array([ 0. , -0.4]), rgb=array([0., 0., 0.]), text=str(...), units='height', win=Window(...), wrapWidth=1)
16.2059 	EXP 	Created start_enc_run_text = TextStim(__class__=<class 'psychopy.visual.text.TextStim'>, alignHoriz=method-wrapper(...), alignText='center', alignVert=method-wrapper(...), anchorHoriz='center', anchorVert='center', antialias=True, autoLog=True, bold=False, color='black', colorSpace='named', contrast=1.0, depth=-2.0, flipHoriz=False, flipVert=False, font='Arial', fontFiles=[], height=0.06, italic=False, languageStyle='LTR', name='start_enc_run_text', opacity=1.0, ori=0, pos=array([0., 0.]), rgb=array([0., 0., 0.]), text='Kezdődik a feladat...', units='height', win=Window(...), wrapWidth=1)
16.3291 	EXP 	Created enc_fx_interior = ImageStim(__class__=<class 'psychopy.visual.image.ImageStim'>, autoLog=True, color=array([1., 1., 1.]), colorSpace='rgb', contrast=1.0, depth=0.0, flipHoriz=False, flipVert=False, image='stimuli/GalleryInterior.png', interpolate=True, mask=None, maskParams=None, name='enc_fx_interior', opacity=1.0, ori=0.0, pos=array([0., 0.]), size=array([2., 2.]), texRes=128, units='norm', win=Window(...))
16.3314 	EXP 	Created enc_fx_cross = TextStim(__class__=<class 'psychopy.visual.text.TextStim'>, alignHoriz=method-wrapper(...), alignText='center', alignVert=method-wrapper(...), anchorHoriz='center', anchorVert='center', antialias=True, autoLog=True, bold=False, color='black', colorSpace='named', contrast=1.0, depth=-1.0, flipHoriz=False, flipVert=False, font='Arial', fontFiles=[], height=0.1, italic=False, languageStyle='LTR', name='enc_fx_cross', opacity=1.0, ori=0, pos=array([0., 0.]), rgb=array([0., 0., 0.]), text='+', units='norm', win=Window(...), wrapWidth=1)
16.4532 	EXP 	Created enc_trial_interior = ImageStim(__class__=<class 'psychopy.visual.image.ImageStim'>, autoLog=True, color=array([1., 1., 1.]), colorSpace='rgb', contrast=1.0, depth=-1.0, flipHoriz=False, flipVert=False, image='stimuli/GalleryInterior.png', interpolate=True, mask=None, maskParams=None, name='enc_trial_interior', opacity=1.0, ori=0.0, pos=array([0., 0.]), size=array([2., 2.]), texRes=128, units='norm', win=Window(...))
16.4584 	EXP 	Created enc_trial_main_image = ImageStim(__class__=<class 'psychopy.visual.image.ImageStim'>, autoLog=True, color=array([1., 1., 1.]), colorSpace='rgb', contrast=1.0, depth=-2.0, flipHoriz=False, flipVert=False, image='sin', interpolate=True, mask=None, maskParams=None, name='enc_trial_main_image', opacity=1.0, ori=0.0, pos=array([0., 0.]), size=array([1., 1.]), texRes=128, units='norm', win=Window(...))
16.4617 	EXP 	Created end_enc_run_text = TextStim(__class__=<class 'psychopy.visual.text.TextStim'>, alignHoriz=method-wrapper(...), alignText='center', alignVert=method-wrapper(...), anchorHoriz='center', anchorVert='center', antialias=True, autoLog=True, bold=False, color='black', colorSpace='named', contrast=1.0, depth=0.0, flipHoriz=False, flipVert=False, font='Arial', fontFiles=[], height=0.06, italic=False, languageStyle='LTR', name='end_enc_run_text', opacity=1.0, ori=0, pos=array([0., 0.]), rgb=array([0., 0., 0.]), text='default text', units='height', win=Window(...), wrapWidth=1)
16.4685 	EXP 	Created inter_task_break_text = TextStim(__class__=<class 'psychopy.visual.text.TextStim'>, alignHoriz=method-wrapper(...), alignText='center', alignVert=method-wrapper(...), anchorHoriz='center', anchorVert='center', antialias=True, autoLog=True, bold=False, color='black', colorSpace='named', contrast=1.0, depth=0.0, flipHoriz=False, flipVert=False, font='Arial', fontFiles=[], height=0.03, italic=False, languageStyle='LTR', name='inter_task_break_text', opacity=1.0, ori=0, pos=array([0., 0.]), rgb=array([0., 0., 0.]), text='Most kivesszük Önt a szkennerből.', units='height', win=Window(...), wrapWidth=1)
16.5370 	EXP 	start_encoding_text: text = 'Első feladat\nGaléria berendezés'
16.5370 	EXP 	start_encoding_text: autoDraw = True
17.9971 	EXP 	start_encoding_text: autoDraw = False
17.9971 	EXP 	enc_instructions_1_text: autoDraw = True
17.9971 	EXP 	enc_instructions_1_image: autoDraw = True
22.9636 	EXP 	instructions_1_continue: autoDraw = True
28.9195 	DATA 	Keypress: d
28.9302 	EXP 	enc_instructions_1_text: autoDraw = False
28.9302 	EXP 	enc_instructions_1_image: autoDraw = False
28.9302 	EXP 	instructions_1_continue: autoDraw = False
28.9302 	EXP 	enc_instructions_2_text: autoDraw = True
28.9302 	EXP 	enc_instructions_2_image: autoDraw = True
33.9134 	EXP 	instructions_2_continue: autoDraw = True
34.5695 	DATA 	Keypress: d
34.5800 	EXP 	enc_instructions_2_text: autoDraw = False
34.5800 	EXP 	enc_instructions_2_image: autoDraw = False
34.5800 	EXP 	instructions_2_continue: autoDraw = False
34.5800 	EXP 	enc_instructions_3_text: autoDraw = True
39.5632 	EXP 	enc_instructions_3_continue: autoDraw = True
47.8695 	DATA 	Keypress: d
47.8797 	EXP 	enc_instructions_3_text: autoDraw = False
47.8797 	EXP 	enc_instructions_3_continue: autoDraw = False
47.8797 	EXP 	start_practice_text: autoDraw = True
48.8851 	EXP 	Imported stimuli_tables/encoding_practice_trials.csv as conditions, 9 conditions, 9 params
48.8852 	EXP 	Created sequence: sequential, trialTypes=9, nReps=1, seed=None
48.8855 	EXP 	New trial (rep=0, index=0): OrderedDict([('Task', 'EncodingPractice'), ('TrialType', 'OBJ'), ('StimType', 'LURE'), ('Order', 1), ('CurrentImage', 'stimuli/fractals/166a.jpg'), ('CurrentX', -0.0781), ('CurrentY', 0.4167), ('Jitter', 1500), ('Section', 'Encoding')])
48.9130 	EXP 	start_practice_text: autoDraw = False
48.9130 	EXP 	start_practice_text: autoDraw = False
48.9130 	EXP 	enc_fx_cross: pos = array([-0.0781,  0.4167])
48.9130 	EXP 	enc_fx_interior: autoDraw = True
48.9130 	EXP 	enc_fx_cross: autoDraw = True
50.4459 	EXP 	enc_fx_interior: autoDraw = False
50.4459 	EXP 	enc_fx_cross: autoDraw = False
50.4459 	EXP 	enc_fx_interior: autoDraw = False
50.4459 	EXP 	enc_fx_cross: autoDraw = False
50.4459 	EXP 	enc_trial_main_image: pos = array([-0.0781,  0.4167])
50.4459 	EXP 	enc_trial_main_image: size = array([0.3125    , 0.55555556])
50.4459 	EXP 	enc_trial_main_image: image = 'stimuli/fractals/166a.jpg'
50.4459 	EXP 	enc_trial_interior: autoDraw = True
50.4459 	EXP 	enc_trial_main_image: autoDraw = True
50.9834 	DATA 	Keypress: c
53.4628 	EXP 	enc_trial_interior: autoDraw = False
53.4628 	EXP 	enc_trial_main_image: autoDraw = False
53.4628 	EXP 	enc_practice_feedback_image: pos = array([-0.0781,  0.4167])
53.4628 	EXP 	enc_practice_feedback_image: size = array([0.3125    , 0.55555556])
53.4628 	EXP 	enc_practice_feedback_image: image = 'stimuli/fractals/166a.jpg'
53.4628 	EXP 	enc_practice_feedback_text: pos = array([-0.0781,  0.0167])
53.4628 	EXP 	enc_practice_feedback_text: text = 'Az Ön válasza:\nA kép marad.'
53.4628 	EXP 	enc_practice_feedback_interior: autoDraw = True
53.4628 	EXP 	enc_practice_feedback_image: autoDraw = True
53.4628 	EXP 	enc_practice_feedback_text: autoDraw = True
54.4132 	EXP 	New trial (rep=0, index=1): OrderedDict([('Task', 'EncodingPractice'), ('TrialType', 'OBJ'), ('StimType', 'TARGET'), ('Order', 1), ('CurrentImage', 'stimuli/fractals/167a.jpg'), ('CurrentX', 0.2344), ('CurrentY', 0.4167), ('Jitter', 500), ('Section', 'Encoding')])
54.4292 	EXP 	enc_practice_feedback_interior: autoDraw = False
54.4292 	EXP 	enc_practice_feedback_image: autoDraw = False
54.4292 	EXP 	enc_practice_feedback_text: autoDraw = False
54.4292 	EXP 	enc_fx_cross: pos = array([0.2344, 0.4167])
54.4292 	EXP 	enc_fx_interior: autoDraw = True
54.4292 	EXP 	enc_fx_cross: autoDraw = True
54.9292 	EXP 	enc_fx_interior: autoDraw = False
54.9292 	EXP 	enc_fx_cross: autoDraw = False
54.9292 	EXP 	enc_fx_interior: autoDraw = False
54.9292 	EXP 	enc_fx_cross: autoDraw = False
54.9292 	EXP 	enc_trial_main_image: pos = array([0.2344, 0.4167])
54.9292 	EXP 	enc_trial_main_image: size = array([0.3125    , 0.55555556])
54.9292 	EXP 	enc_trial_main_image: image = 'stimuli/fractals/167a.jpg'
54.9292 	EXP 	enc_trial_interior: autoDraw = True
54.9292 	EXP 	enc_trial_main_image: autoDraw = True
55.3664 	DATA 	Keypress: b
57.9459 	EXP 	enc_trial_interior: autoDraw = False
57.9459 	EXP 	enc_trial_main_image: autoDraw = False
57.9459 	EXP 	enc_trial_interior: autoDraw = False
57.9459 	EXP 	enc_trial_main_image: autoDraw = False
57.9459 	EXP 	enc_practice_feedback_image: pos = array([0.2344, 0.4167])
57.9459 	EXP 	enc_practice_feedback_image: size = array([0.3125    , 0.55555556])
57.9459 	EXP 	enc_practice_feedback_image: image = 'stimuli/fractals/167a.jpg'
57.9459 	EXP 	enc_practice_feedback_text: pos = array([0.2344, 0.0167])
57.9459 	EXP 	enc_practice_feedback_text: text = 'Az Ön válasza:\nA kép nem marad.'
57.9459 	EXP 	enc_practice_feedback_interior: autoDraw = True
57.9459 	EXP 	enc_practice_feedback_image: autoDraw = True
57.9459 	EXP 	enc_practice_feedback_text: autoDraw = True
58.9297 	EXP 	New trial (rep=0, index=2): OrderedDict([('Task', 'EncodingPractice'), ('TrialType', 'OBJ'), ('StimType', 'FOIL'), ('Order', 1), ('CurrentImage', 'stimuli/fractals/149a.jpg'), ('CurrentX', 0.2344), ('CurrentY', -0.1389), ('Jitter', 1000), ('Section', 'Encoding')])
58.9459 	EXP 	enc_practice_feedback_interior: autoDraw = False
58.9459 	EXP 	enc_practice_feedback_image: autoDraw = False
58.9459 	EXP 	enc_practice_feedback_text: autoDraw = False
58.9459 	EXP 	enc_fx_cross: pos = array([ 0.2344, -0.1389])
58.9459 	EXP 	enc_fx_interior: autoDraw = True
58.9459 	EXP 	enc_fx_cross: autoDraw = True
59.9625 	EXP 	enc_fx_interior: autoDraw = False
59.9625 	EXP 	enc_fx_cross: autoDraw = False
59.9625 	EXP 	enc_fx_interior: autoDraw = False
59.9625 	EXP 	enc_fx_cross: autoDraw = False
59.9625 	EXP 	enc_trial_main_image: pos = array([ 0.2344, -0.1389])
59.9625 	EXP 	enc_trial_main_image: size = array([0.3125    , 0.55555556])
59.9625 	EXP 	enc_trial_main_image: image = 'stimuli/fractals/149a.jpg'
59.9625 	EXP 	enc_trial_interior: autoDraw = True
59.9625 	EXP 	enc_trial_main_image: autoDraw = True
60.3493 	DATA 	Keypress: b
62.9791 	EXP 	enc_trial_interior: autoDraw = False
62.9791 	EXP 	enc_trial_main_image: autoDraw = False
62.9791 	EXP 	enc_practice_feedback_image: pos = array([ 0.2344, -0.1389])
62.9791 	EXP 	enc_practice_feedback_image: size = array([0.3125    , 0.55555556])
62.9791 	EXP 	enc_practice_feedback_image: image = 'stimuli/fractals/149a.jpg'
62.9791 	EXP 	enc_practice_feedback_text: pos = array([ 0.2344, -0.5389])
62.9791 	EXP 	enc_practice_feedback_text: text = 'Az Ön válasza:\nA kép nem marad.'
62.9791 	EXP 	enc_practice_feedback_interior: autoDraw = True
62.9791 	EXP 	enc_practice_feedback_image: autoDraw = True
62.9791 	EXP 	enc_practice_feedback_text: autoDraw = True
63.9463 	EXP 	New trial (rep=0, index=3): OrderedDict([('Task', 'EncodingPractice'), ('TrialType', 'LOC'), ('StimType', 'FOIL'), ('Order', 1), ('CurrentImage', 'stimuli/fractals/148b.jpg'), ('CurrentX', 0.2344), ('CurrentY', -0.1389), ('Jitter', 1000), ('Section', 'Encoding')])
63.9624 	EXP 	enc_practice_feedback_interior: autoDraw = False
63.9624 	EXP 	enc_practice_feedback_image: autoDraw = False
63.9624 	EXP 	enc_practice_feedback_text: autoDraw = False
63.9624 	EXP 	enc_fx_cross: pos = array([ 0.2344, -0.1389])
63.9624 	EXP 	enc_fx_interior: autoDraw = True
63.9624 	EXP 	enc_fx_cross: autoDraw = True
64.9791 	EXP 	enc_fx_interior: autoDraw = False
64.9791 	EXP 	enc_fx_cross: autoDraw = False
64.9791 	EXP 	enc_fx_interior: autoDraw = False
64.9791 	EXP 	enc_fx_cross: autoDraw = False
64.9791 	EXP 	enc_trial_main_image: pos = array([ 0.2344, -0.1389])
64.9791 	EXP 	enc_trial_main_image: size = array([0.3125    , 0.55555556])
64.9791 	EXP 	enc_trial_main_image: image = 'stimuli/fractals/148b.jpg'
64.9791 	EXP 	enc_trial_interior: autoDraw = True
64.9791 	EXP 	enc_trial_main_image: autoDraw = True
65.4493 	DATA 	Keypress: b
67.9957 	EXP 	enc_trial_interior: autoDraw = False
67.9957 	EXP 	enc_trial_main_image: autoDraw = False
67.9957 	EXP 	enc_practice_feedback_image: pos = array([ 0.2344, -0.1389])
67.9957 	EXP 	enc_practice_feedback_image: size = array([0.3125    , 0.55555556])
67.9957 	EXP 	enc_practice_feedback_image: image = 'stimuli/fractals/148b.jpg'
67.9957 	EXP 	enc_practice_feedback_text: pos = array([ 0.2344, -0.5389])
67.9957 	EXP 	enc_practice_feedback_text: text = 'Az Ön válasza:\nA kép nem marad.'
67.9957 	EXP 	enc_practice_feedback_interior: autoDraw = True
67.9957 	EXP 	enc_practice_feedback_image: autoDraw = True
67.9957 	EXP 	enc_practice_feedback_text: autoDraw = True
68.9628 	EXP 	New trial (rep=0, index=4): OrderedDict([('Task', 'EncodingPractice'), ('TrialType', 'LOC'), ('StimType', 'LURE'), ('Order', 1), ('CurrentImage', 'stimuli/fractals/159a.jpg'), ('CurrentX', -0.3906), ('CurrentY', 0.4167), ('Jitter', 5000), ('Section', 'Encoding')])
68.9790 	EXP 	enc_practice_feedback_interior: autoDraw = False
68.9790 	EXP 	enc_practice_feedback_image: autoDraw = False
68.9790 	EXP 	enc_practice_feedback_text: autoDraw = False
68.9790 	EXP 	enc_fx_cross: pos = array([-0.3906,  0.4167])
68.9790 	EXP 	enc_fx_interior: autoDraw = True
68.9790 	EXP 	enc_fx_cross: autoDraw = True
73.5671 	DATA 	Keypress: c
73.9955 	EXP 	enc_fx_interior: autoDraw = False
73.9955 	EXP 	enc_fx_cross: autoDraw = False
73.9955 	EXP 	enc_fx_interior: autoDraw = False
73.9955 	EXP 	enc_fx_cross: autoDraw = False
73.9955 	EXP 	enc_trial_main_image: pos = array([-0.3906,  0.4167])
73.9955 	EXP 	enc_trial_main_image: size = array([0.3125    , 0.55555556])
73.9955 	EXP 	enc_trial_main_image: image = 'stimuli/fractals/159a.jpg'
73.9955 	EXP 	enc_trial_interior: autoDraw = True
73.9955 	EXP 	enc_trial_main_image: autoDraw = True
77.0121 	EXP 	enc_trial_interior: autoDraw = False
77.0121 	EXP 	enc_trial_main_image: autoDraw = False
77.0121 	EXP 	enc_practice_feedback_image: pos = array([-0.3906,  0.4167])
77.0121 	EXP 	enc_practice_feedback_image: size = array([0.3125    , 0.55555556])
77.0121 	EXP 	enc_practice_feedback_image: image = 'stimuli/fractals/159a.jpg'
77.0121 	EXP 	enc_practice_feedback_text: pos = array([-0.3906,  0.0167])
77.0121 	EXP 	enc_practice_feedback_text: text = 'Nem adott választ.'
77.0121 	EXP 	enc_practice_feedback_interior: autoDraw = True
77.0121 	EXP 	enc_practice_feedback_image: autoDraw = True
77.0121 	EXP 	enc_practice_feedback_text: autoDraw = True
77.9793 	EXP 	New trial (rep=0, index=5): OrderedDict([('Task', 'EncodingPractice'), ('TrialType', 'OBJ'), ('StimType', 'LURE'), ('Order', 1), ('CurrentImage', 'stimuli/fractals/177b.jpg'), ('CurrentX', -0.3906), ('CurrentY', 0.4167), ('Jitter', 800), ('Section', 'Encoding')])
77.9954 	EXP 	enc_practice_feedback_interior: autoDraw = False
77.9954 	EXP 	enc_practice_feedback_image: autoDraw = False
77.9954 	EXP 	enc_practice_feedback_text: autoDraw = False
77.9954 	EXP 	enc_fx_cross: pos = array([-0.3906,  0.4167])
77.9954 	EXP 	enc_fx_interior: autoDraw = True
77.9954 	EXP 	enc_fx_cross: autoDraw = True
78.8121 	EXP 	enc_fx_interior: autoDraw = False
78.8121 	EXP 	enc_fx_cross: autoDraw = False
78.8121 	EXP 	enc_fx_interior: autoDraw = False
78.8121 	EXP 	enc_fx_cross: autoDraw = False
78.8121 	EXP 	enc_trial_main_image: pos = array([-0.3906,  0.4167])
78.8121 	EXP 	enc_trial_main_image: size = array([0.3125    , 0.55555556])
78.8121 	EXP 	enc_trial_main_image: image = 'stimuli/fractals/177b.jpg'
78.8121 	EXP 	enc_trial_interior: autoDraw = True
78.8121 	EXP 	enc_trial_main_image: autoDraw = True
81.1164 	DATA 	Keypress: c
81.8286 	EXP 	enc_trial_interior: autoDraw = False
81.8286 	EXP 	enc_trial_main_image: autoDraw = False
81.8286 	EXP 	enc_practice_feedback_image: pos = array([-0.3906,  0.4167])
81.8286 	EXP 	enc_practice_feedback_image: size = array([0.3125    , 0.55555556])
81.8286 	EXP 	enc_practice_feedback_image: image = 'stimuli/fractals/177b.jpg'
81.8286 	EXP 	enc_practice_feedback_text: pos = array([-0.3906,  0.0167])
81.8286 	EXP 	enc_practice_feedback_text: text = 'Az Ön válasza:\nA kép marad.'
81.8286 	EXP 	enc_practice_feedback_interior: autoDraw = True
81.8286 	EXP 	enc_practice_feedback_image: autoDraw = True
81.8286 	EXP 	enc_practice_feedback_text: autoDraw = True
82.7958 	EXP 	New trial (rep=0, index=6): OrderedDict([('Task', 'EncodingPractice'), ('TrialType', '-'), ('StimType', '-'), ('Order', 1), ('CurrentImage', 'stimuli/fractals/181c.jpg'), ('CurrentX', -0.0781), ('CurrentY', -0.1389), ('Jitter', 3000), ('Section', 'Encoding')])
82.8120 	EXP 	enc_practice_feedback_interior: autoDraw = False
82.8120 	EXP 	enc_practice_feedback_image: autoDraw = False
82.8120 	EXP 	enc_practice_feedback_text: autoDraw = False
82.8120 	EXP 	enc_fx_cross: pos = array([-0.0781, -0.1389])
82.8120 	EXP 	enc_fx_interior: autoDraw = True
82.8120 	EXP 	enc_fx_cross: autoDraw = True
85.8286 	EXP 	enc_fx_interior: autoDraw = False
85.8286 	EXP 	enc_fx_cross: autoDraw = False
85.8286 	EXP 	enc_fx_interior: autoDraw = False
85.8286 	EXP 	enc_fx_cross: autoDraw = False
85.8286 	EXP 	enc_trial_main_image: pos = array([-0.0781, -0.1389])
85.8286 	EXP 	enc_trial_main_image: size = array([0.3125    , 0.55555556])
85.8286 	EXP 	enc_trial_main_image: image = 'stimuli/fractals/181c.jpg'
85.8286 	EXP 	enc_trial_interior: autoDraw = True
85.8286 	EXP 	enc_trial_main_image: autoDraw = True
86.7493 	DATA 	Keypress: b
88.8451 	EXP 	enc_trial_interior: autoDraw = False
88.8451 	EXP 	enc_trial_main_image: autoDraw = False
88.8451 	EXP 	enc_practice_feedback_image: pos = array([-0.0781, -0.1389])
88.8451 	EXP 	enc_practice_feedback_image: size = array([0.3125    , 0.55555556])
88.8451 	EXP 	enc_practice_feedback_image: image = 'stimuli/fractals/181c.jpg'
88.8451 	EXP 	enc_practice_feedback_text: pos = array([-0.0781, -0.5389])
88.8451 	EXP 	enc_practice_feedback_text: text = 'Az Ön válasza:\nA kép nem marad.'
88.8451 	EXP 	enc_practice_feedback_interior: autoDraw = True
88.8451 	EXP 	enc_practice_feedback_image: autoDraw = True
88.8451 	EXP 	enc_practice_feedback_text: autoDraw = True
89.8123 	EXP 	New trial (rep=0, index=7): OrderedDict([('Task', 'EncodingPractice'), ('TrialType', '-'), ('StimType', '-'), ('Order', 1), ('CurrentImage', 'stimuli/fractals/163a.jpg'), ('CurrentX', -0.2344), ('CurrentY', -0.4167), ('Jitter', 800), ('Section', 'Encoding')])
89.8285 	EXP 	enc_practice_feedback_interior: autoDraw = False
89.8285 	EXP 	enc_practice_feedback_image: autoDraw = False
89.8285 	EXP 	enc_practice_feedback_text: autoDraw = False
89.8285 	EXP 	enc_fx_cross: pos = array([-0.2344, -0.4167])
89.8285 	EXP 	enc_fx_interior: autoDraw = True
89.8285 	EXP 	enc_fx_cross: autoDraw = True
90.6451 	EXP 	enc_fx_interior: autoDraw = False
90.6451 	EXP 	enc_fx_cross: autoDraw = False
90.6451 	EXP 	enc_fx_interior: autoDraw = False
90.6451 	EXP 	enc_fx_cross: autoDraw = False
90.6451 	EXP 	enc_trial_main_image: pos = array([-0.2344, -0.4167])
90.6451 	EXP 	enc_trial_main_image: size = array([0.3125    , 0.55555556])
90.6451 	EXP 	enc_trial_main_image: image = 'stimuli/fractals/163a.jpg'
90.6451 	EXP 	enc_trial_interior: autoDraw = True
90.6451 	EXP 	enc_trial_main_image: autoDraw = True
91.1653 	DATA 	Keypress: c
93.6617 	EXP 	enc_trial_interior: autoDraw = False
93.6617 	EXP 	enc_trial_main_image: autoDraw = False
93.6617 	EXP 	enc_practice_feedback_image: pos = array([-0.2344, -0.4167])
93.6617 	EXP 	enc_practice_feedback_image: size = array([0.3125    , 0.55555556])
93.6617 	EXP 	enc_practice_feedback_image: image = 'stimuli/fractals/163a.jpg'
93.6617 	EXP 	enc_practice_feedback_text: pos = array([-0.2344, -0.8167])
93.6617 	EXP 	enc_practice_feedback_text: text = 'Az Ön válasza:\nA kép marad.'
93.6617 	EXP 	enc_practice_feedback_interior: autoDraw = True
93.6617 	EXP 	enc_practice_feedback_image: autoDraw = True
93.6617 	EXP 	enc_practice_feedback_text: autoDraw = True
94.6289 	EXP 	New trial (rep=0, index=8): OrderedDict([('Task', 'EncodingPractice'), ('TrialType', 'LOC'), ('StimType', 'TARGET'), ('Order', 1), ('CurrentImage', 'stimuli/fractals/166a.jpg'), ('CurrentX', -0.0781), ('CurrentY', 0.4167), ('Jitter', 1500), ('Section', 'Encoding')])
94.6450 	EXP 	enc_practice_feedback_interior: autoDraw = False
94.6450 	EXP 	enc_practice_feedback_image: autoDraw = False
94.6450 	EXP 	enc_practice_feedback_text: autoDraw = False
94.6450 	EXP 	enc_fx_cross: pos = array([-0.0781,  0.4167])
94.6450 	EXP 	enc_fx_interior: autoDraw = True
94.6450 	EXP 	enc_fx_cross: autoDraw = True
96.1616 	EXP 	enc_fx_interior: autoDraw = False
96.1616 	EXP 	enc_fx_cross: autoDraw = False
96.1616 	EXP 	enc_fx_interior: autoDraw = False
96.1616 	EXP 	enc_fx_cross: autoDraw = False
96.1616 	EXP 	enc_trial_main_image: pos = array([-0.0781,  0.4167])
96.1616 	EXP 	enc_trial_main_image: size = array([0.3125    , 0.55555556])
96.1616 	EXP 	enc_trial_main_image: image = 'stimuli/fractals/166a.jpg'
96.1616 	EXP 	enc_trial_interior: autoDraw = True
96.1616 	EXP 	enc_trial_main_image: autoDraw = True
96.5824 	DATA 	Keypress: b
99.1782 	EXP 	enc_trial_interior: autoDraw = False
99.1782 	EXP 	enc_trial_main_image: autoDraw = False
99.1782 	EXP 	enc_practice_feedback_image: pos = array([-0.0781,  0.4167])
99.1782 	EXP 	enc_practice_feedback_image: size = array([0.3125    , 0.55555556])
99.1782 	EXP 	enc_practice_feedback_image: image = 'stimuli/fractals/166a.jpg'
99.1782 	EXP 	enc_practice_feedback_text: pos = array([-0.0781,  0.0167])
99.1782 	EXP 	enc_practice_feedback_text: text = 'Az Ön válasza:\nA kép nem marad.'
99.1782 	EXP 	enc_practice_feedback_interior: autoDraw = True
99.1782 	EXP 	enc_practice_feedback_image: autoDraw = True
99.1782 	EXP 	enc_practice_feedback_text: autoDraw = True
100.1615 	EXP 	enc_practice_feedback_interior: autoDraw = False
100.1615 	EXP 	enc_practice_feedback_image: autoDraw = False
100.1615 	EXP 	enc_practice_feedback_text: autoDraw = False
100.1615 	EXP 	end_practice_text: autoDraw = True
101.1282 	EXP 	end_practice_continue: autoDraw = True
104.1153 	EXP 	Created sequence: sequential, trialTypes=1, nReps=2, seed=None
104.1155 	EXP 	New trial (rep=0, index=0): None
104.1174 	DATA 	Keypress: d
104.1282 	EXP 	end_practice_text: autoDraw = False
104.1282 	EXP 	end_practice_continue: autoDraw = False
104.1282 	EXP 	start_enc_run_text: autoDraw = True
106.1395 	EXP 	Imported stimuli_tables/encoding_trials_1.csv as conditions, 3 conditions, 20 params
106.1399 	EXP 	Created sequence: sequential, trialTypes=3, nReps=1, seed=None
106.1402 	EXP 	New trial (rep=0, index=0): OrderedDict([('TrialIndex', 1.0), ('Jitter', 2000.0), ('ScannerRun', 1.0), ('StimType', 'OLP'), ('Order', 1.0), ('Delay', 3.0), ('CurrentImage', 'stimuli/fractals/22c.jpg'), ('CurrentX', -0.234375), ('CurrentY', 0.1388888888888889), ('TripletMemberA', 'stimuli/fractals/22c.jpg'), ('TripletMemberB', 'stimuli/fractals/22a.jpg'), ('TripletMemberC', 'stimuli/fractals/22b.jpg'), ('Xcoordinate', -0.234375), ('Ycoordinate', 0.1388888888888889), ('Xcoordinate_lure1', -0.234375), ('Ycoordinate_lure1', -0.1388888888888889), ('Xcoordinate_lure2', -0.078125), ('Ycoordinate_lure2', 0.1388888888888889), ('Xcoordinate_foil', 0.234375), ('Ycoordinate_foil', -0.4166666666666667)])
106.1616 	EXP 	start_enc_run_text: autoDraw = False
106.1616 	EXP 	start_enc_run_text: autoDraw = False
106.1616 	EXP 	enc_fx_cross: pos = array([-0.234375  ,  0.13888889])
106.1616 	EXP 	enc_fx_interior: autoDraw = True
106.1616 	EXP 	enc_fx_cross: autoDraw = True
108.1612 	EXP 	enc_fx_interior: autoDraw = False
108.1612 	EXP 	enc_fx_cross: autoDraw = False
108.1612 	EXP 	enc_fx_interior: autoDraw = False
108.1612 	EXP 	enc_fx_cross: autoDraw = False
108.1612 	EXP 	enc_trial_main_image: pos = array([-0.234375  ,  0.13888889])
108.1612 	EXP 	enc_trial_main_image: size = array([0.3125    , 0.55555556])
108.1612 	EXP 	enc_trial_main_image: image = 'stimuli/fractals/22c.jpg'
108.1612 	EXP 	enc_trial_interior: autoDraw = True
108.1612 	EXP 	enc_trial_main_image: autoDraw = True
109.8653 	DATA 	Keypress: c
111.1469 	EXP 	New trial (rep=0, index=1): OrderedDict([('TrialIndex', 2.0), ('Jitter', 6000.0), ('ScannerRun', 1.0), ('StimType', 'OLP'), ('Order', 1.0), ('Delay', 3.0), ('CurrentImage', 'stimuli/fractals/77a.jpg'), ('CurrentX', -0.078125), ('CurrentY', 0.4166666666666667), ('TripletMemberA', 'stimuli/fractals/77a.jpg'), ('TripletMemberB', 'stimuli/fractals/77c.jpg'), ('TripletMemberC', 'stimuli/fractals/77b.jpg'), ('Xcoordinate', -0.078125), ('Ycoordinate', 0.4166666666666667), ('Xcoordinate_lure1', -0.234375), ('Ycoordinate_lure1', 0.4166666666666667), ('Xcoordinate_lure2', -0.078125), ('Ycoordinate_lure2', 0.1388888888888889), ('Xcoordinate_foil', -0.390625), ('Ycoordinate_foil', -0.4166666666666667)])
111.1611 	EXP 	enc_trial_interior: autoDraw = False
111.1611 	EXP 	enc_trial_main_image: autoDraw = False
111.1611 	EXP 	enc_trial_interior: autoDraw = False
111.1611 	EXP 	enc_trial_main_image: autoDraw = False
111.1611 	EXP 	enc_fx_cross: pos = array([-0.078125  ,  0.41666667])
111.1611 	EXP 	enc_fx_interior: autoDraw = True
111.1611 	EXP 	enc_fx_cross: autoDraw = True
114.2658 	DATA 	Keypress: b
114.2984 	DATA 	Keypress: b
117.1777 	EXP 	enc_fx_interior: autoDraw = False
117.1777 	EXP 	enc_fx_cross: autoDraw = False
117.1777 	EXP 	enc_fx_interior: autoDraw = False
117.1777 	EXP 	enc_fx_cross: autoDraw = False
117.1777 	EXP 	enc_trial_main_image: pos = array([-0.078125  ,  0.41666667])
117.1777 	EXP 	enc_trial_main_image: size = array([0.3125    , 0.55555556])
117.1777 	EXP 	enc_trial_main_image: image = 'stimuli/fractals/77a.jpg'
117.1777 	EXP 	enc_trial_interior: autoDraw = True
117.1777 	EXP 	enc_trial_main_image: autoDraw = True
120.1615 	EXP 	New trial (rep=0, index=2): OrderedDict([('TrialIndex', 3.0), ('Jitter', 2000.0), ('ScannerRun', 1.0), ('StimType', 'LLP'), ('Order', 1.0), ('Delay', 5.0), ('CurrentImage', 'stimuli/fractals/106b.jpg'), ('CurrentX', 0.390625), ('CurrentY', 0.4166666666666667), ('TripletMemberA', 'stimuli/fractals/106b.jpg'), ('TripletMemberB', 'stimuli/fractals/106c.jpg'), ('TripletMemberC', 'stimuli/fractals/106a.jpg'), ('Xcoordinate', 0.390625), ('Ycoordinate', 0.4166666666666667), ('Xcoordinate_lure1', 0.234375), ('Ycoordinate_lure1', 0.4166666666666667), ('Xcoordinate_lure2', 0.390625), ('Ycoordinate_lure2', 0.1388888888888889), ('Xcoordinate_foil', -0.078125), ('Ycoordinate_foil', -0.4166666666666667)])
120.1776 	EXP 	enc_trial_interior: autoDraw = False
120.1776 	EXP 	enc_trial_main_image: autoDraw = False
120.1776 	EXP 	enc_fx_cross: pos = array([0.390625  , 0.41666667])
120.1776 	EXP 	enc_fx_interior: autoDraw = True
120.1776 	EXP 	enc_fx_cross: autoDraw = True
122.1942 	EXP 	enc_fx_interior: autoDraw = False
122.1942 	EXP 	enc_fx_cross: autoDraw = False
122.1942 	EXP 	enc_fx_interior: autoDraw = False
122.1942 	EXP 	enc_fx_cross: autoDraw = False
122.1942 	EXP 	enc_trial_main_image: pos = array([0.390625  , 0.41666667])
122.1942 	EXP 	enc_trial_main_image: size = array([0.3125    , 0.55555556])
122.1942 	EXP 	enc_trial_main_image: image = 'stimuli/fractals/106b.jpg'
122.1942 	EXP 	enc_trial_interior: autoDraw = True
122.1942 	EXP 	enc_trial_main_image: autoDraw = True
125.1941 	EXP 	enc_trial_interior: autoDraw = False
125.1941 	EXP 	enc_trial_main_image: autoDraw = False
125.1941 	EXP 	end_enc_run_text: text = 'Rövid szünet\nA feladat folytatáshoz jelezzen a jobb hüvelykujjával'
125.1941 	EXP 	end_enc_run_text: autoDraw = True
143.9974 	DATA 	Keypress: d
145.4476 	DATA 	Keypress: d
145.8144 	DATA 	Keypress: d
146.0818 	DATA 	Keypress: d
146.3314 	DATA 	Keypress: d
147.0318 	EXP 	New trial (rep=1, index=0): None
147.0334 	DATA 	Keypress: right
147.0436 	EXP 	end_enc_run_text: autoDraw = False
147.0436 	EXP 	start_enc_run_text: autoDraw = True
149.0543 	EXP 	Imported stimuli_tables/encoding_trials_1.csv as conditions, 3 conditions, 20 params
149.0546 	EXP 	Created sequence: sequential, trialTypes=3, nReps=1, seed=None
149.0550 	EXP 	New trial (rep=0, index=0): OrderedDict([('TrialIndex', 4.0), ('Jitter', 1000.0), ('ScannerRun', 1.0), ('StimType', 'ERP'), ('Order', 1.0), ('Delay', 2.0), ('CurrentImage', 'stimuli/fractals/105a.jpg'), ('CurrentX', 0.078125), ('CurrentY', 0.4166666666666667), ('TripletMemberA', 'stimuli/fractals/105a.jpg'), ('TripletMemberB', 'stimuli/fractals/105b.jpg'), ('TripletMemberC', 'stimuli/fractals/105c.jpg'), ('Xcoordinate', 0.078125), ('Ycoordinate', 0.4166666666666667), ('Xcoordinate_lure1', 0.234375), ('Ycoordinate_lure1', 0.4166666666666667), ('Xcoordinate_lure2', 0.078125), ('Ycoordinate_lure2', 0.1388888888888889), ('Xcoordinate_foil', -0.390625), ('Ycoordinate_foil', -0.1388888888888889)])
149.0602 	EXP 	start_enc_run_text: autoDraw = False
149.0602 	EXP 	start_enc_run_text: autoDraw = False
149.0602 	EXP 	enc_fx_cross: pos = array([0.078125  , 0.41666667])
149.0602 	EXP 	enc_fx_interior: autoDraw = True
149.0602 	EXP 	enc_fx_cross: autoDraw = True
150.0602 	EXP 	enc_fx_interior: autoDraw = False
150.0602 	EXP 	enc_fx_cross: autoDraw = False
150.0602 	EXP 	enc_fx_interior: autoDraw = False
150.0602 	EXP 	enc_fx_cross: autoDraw = False
150.0602 	EXP 	enc_trial_main_image: pos = array([0.078125  , 0.41666667])
150.0602 	EXP 	enc_trial_main_image: size = array([0.3125    , 0.55555556])
150.0602 	EXP 	enc_trial_main_image: image = 'stimuli/fractals/105a.jpg'
150.0602 	EXP 	enc_trial_interior: autoDraw = True
150.0602 	EXP 	enc_trial_main_image: autoDraw = True
153.0479 	EXP 	New trial (rep=0, index=1): OrderedDict([('TrialIndex', 5.0), ('Jitter', 5000.0), ('ScannerRun', 1.0), ('StimType', 'OLP'), ('Order', 2.0), ('Delay', 0.0), ('CurrentImage', 'stimuli/fractals/22a.jpg'), ('CurrentX', -0.234375), ('CurrentY', 0.1388888888888889), ('TripletMemberA', 'stimuli/fractals/22c.jpg'), ('TripletMemberB', 'stimuli/fractals/22a.jpg'), ('TripletMemberC', 'stimuli/fractals/22b.jpg'), ('Xcoordinate', -0.234375), ('Ycoordinate', 0.1388888888888889), ('Xcoordinate_lure1', -0.234375), ('Ycoordinate_lure1', -0.1388888888888889), ('Xcoordinate_lure2', -0.078125), ('Ycoordinate_lure2', 0.1388888888888889), ('Xcoordinate_foil', 0.234375), ('Ycoordinate_foil', -0.4166666666666667)])
153.0603 	EXP 	enc_trial_interior: autoDraw = False
153.0603 	EXP 	enc_trial_main_image: autoDraw = False
153.0603 	EXP 	enc_trial_interior: autoDraw = False
153.0603 	EXP 	enc_trial_main_image: autoDraw = False
153.0603 	EXP 	enc_fx_cross: pos = array([-0.234375  ,  0.13888889])
153.0603 	EXP 	enc_fx_interior: autoDraw = True
153.0603 	EXP 	enc_fx_cross: autoDraw = True
158.0768 	EXP 	enc_fx_interior: autoDraw = False
158.0768 	EXP 	enc_fx_cross: autoDraw = False
158.0768 	EXP 	enc_fx_interior: autoDraw = False
158.0768 	EXP 	enc_fx_cross: autoDraw = False
158.0768 	EXP 	enc_trial_main_image: pos = array([-0.234375  ,  0.13888889])
158.0768 	EXP 	enc_trial_main_image: size = array([0.3125    , 0.55555556])
158.0768 	EXP 	enc_trial_main_image: image = 'stimuli/fractals/22a.jpg'
158.0768 	EXP 	enc_trial_interior: autoDraw = True
158.0768 	EXP 	enc_trial_main_image: autoDraw = True
161.0607 	EXP 	New trial (rep=0, index=2): OrderedDict([('TrialIndex', 6.0), ('Jitter', 3000.0), ('ScannerRun', 1.0), ('StimType', 'OLP'), ('Order', 2.0), ('Delay', 0.0), ('CurrentImage', 'stimuli/fractals/77c.jpg'), ('CurrentX', -0.078125), ('CurrentY', 0.4166666666666667), ('TripletMemberA', 'stimuli/fractals/77a.jpg'), ('TripletMemberB', 'stimuli/fractals/77c.jpg'), ('TripletMemberC', 'stimuli/fractals/77b.jpg'), ('Xcoordinate', -0.078125), ('Ycoordinate', 0.4166666666666667), ('Xcoordinate_lure1', -0.234375), ('Ycoordinate_lure1', 0.4166666666666667), ('Xcoordinate_lure2', -0.078125), ('Ycoordinate_lure2', 0.1388888888888889), ('Xcoordinate_foil', -0.390625), ('Ycoordinate_foil', -0.4166666666666667)])
161.0768 	EXP 	enc_trial_interior: autoDraw = False
161.0768 	EXP 	enc_trial_main_image: autoDraw = False
161.0768 	EXP 	enc_fx_cross: pos = array([-0.078125  ,  0.41666667])
161.0768 	EXP 	enc_fx_interior: autoDraw = True
161.0768 	EXP 	enc_fx_cross: autoDraw = True
164.0934 	EXP 	enc_fx_interior: autoDraw = False
164.0934 	EXP 	enc_fx_cross: autoDraw = False
164.0934 	EXP 	enc_fx_interior: autoDraw = False
164.0934 	EXP 	enc_fx_cross: autoDraw = False
164.0934 	EXP 	enc_trial_main_image: pos = array([-0.078125  ,  0.41666667])
164.0934 	EXP 	enc_trial_main_image: size = array([0.3125    , 0.55555556])
164.0934 	EXP 	enc_trial_main_image: image = 'stimuli/fractals/77c.jpg'
164.0934 	EXP 	enc_trial_interior: autoDraw = True
164.0934 	EXP 	enc_trial_main_image: autoDraw = True
167.0933 	EXP 	enc_trial_interior: autoDraw = False
167.0933 	EXP 	enc_trial_main_image: autoDraw = False
167.0933 	EXP 	end_enc_run_text: text = 'Vége az első feladatnak. A folytatáshoz jelezzen a jobb hüvelykujjával'
167.0933 	EXP 	end_enc_run_text: autoDraw = True
170.3804 	DATA 	Keypress: d
171.0144 	DATA 	Keypress: d
171.4143 	DATA 	Keypress: d
171.6804 	DATA 	Keypress: d
171.9143 	DATA 	Keypress: d
172.1304 	DATA 	Keypress: d
172.3474 	DATA 	Keypress: d
172.9997 	DATA 	Keypress: right
173.0100 	EXP 	end_enc_run_text: autoDraw = False
173.0100 	EXP 	inter_task_break_text: autoDraw = True
175.5454 	DATA 	Keypress: escape
175.8645 	EXP 	window1: mouseVisible = True
