0.7021 	WARNING 	We strongly recommend you activate the PTB sound engine in PsychoPy prefs as the preferred audio engine. Its timing is vastly superior. Your prefs are currently set to use ['sounddevice', 'PTB', 'pyo', 'pygame'] (in that order).
0.7021 	WARNING 	Requested audio device 'Speakers (Realtek HD Audio output)' that is not available on this hardware. The 'audioDevice' preference should be one of ['24P1W1 (NVIDIA High Definition ']
11.0722 	WARNING 	Monitor specification not found. Creating a temporary one...
12.1113 	EXP 	Created window1 = Window(allowGUI=False, allowStencil=False, args=UNKNOWN, autoLog=True, bitsMode=UNKNOWN, blendMode='avg', bpc=(8, 8, 8), color=array([0.804, 0.804, 0.961]), colorSpace='rgb', depthBits=8, fullscr=<method-wrapper '__getattribute__' of attributeSetter object at 0x0000029C44822F60>, gamma=None, gammaErrorPolicy='raise', kwargs=UNKNOWN, lms=UNKNOWN, monitor=<psychopy.monitors.calibTools.Monitor object at 0x0000029C44A28C88>, multiSample=False, name='window1', numSamples=2, pos=[0.0, 0.0], screen=0, size=array([1920, 1080]), stencilBits=0, stereo=False, units='height', useFBO=True, useRetina=False, viewOri=0.0, viewPos=None, viewScale=None, waitBlanking=True, winType='pyglet')
12.1113 	EXP 	window1: recordFrameIntervals = False
12.2774 	EXP 	window1: recordFrameIntervals = True
12.4608 	EXP 	window1: recordFrameIntervals = False
12.6174 	EXP 	Created start_encoding_text = TextStim(__class__=<class 'psychopy.visual.text.TextStim'>, alignHoriz=method-wrapper(...), alignText='center', alignVert=method-wrapper(...), anchorHoriz='center', anchorVert='center', antialias=True, autoLog=True, bold=False, color='black', colorSpace='named', contrast=1.0, depth=0.0, flipHoriz=False, flipVert=False, font='Arial', fontFiles=[], height=0.1, italic=False, languageStyle='LTR', name='start_encoding_text', opacity=1.0, ori=0, pos=array([0., 0.]), rgb=array([0., 0., 0.]), text='default text', units='height', win=Window(...), wrapWidth=1)
12.6450 	EXP 	Created enc_instructions_1_text = TextStim(__class__=<class 'psychopy.visual.text.TextStim'>, alignHoriz=method-wrapper(...), alignText='center', alignVert=method-wrapper(...), anchorHoriz='center', anchorVert='center', antialias=True, autoLog=True, bold=False, color='black', colorSpace='named', contrast=1.0, depth=0.0, flipHoriz=False, flipVert=False, font='Arial', fontFiles=[], height=0.03, italic=False, languageStyle='LTR', name='enc_instructions_1_text', opacity=1.0, ori=0, pos=array([-0.3,  0. ]), rgb=array([0., 0., 0.]), text=str(...), units='height', win=Window(...), wrapWidth=0.65)
12.7454 	EXP 	Created enc_instructions_1_image = ImageStim(__class__=<class 'psychopy.visual.image.ImageStim'>, autoLog=True, color=array([1., 1., 1.]), colorSpace='rgb', contrast=1.0, depth=-1.0, flipHoriz=False, flipVert=False, image='stimuli/GalleryBuildingFromOutside.jpg', interpolate=True, mask=None, maskParams=None, name='enc_instructions_1_image', opacity=1.0, ori=0.0, pos=array([0.4688, 0.    ]), size=array([0.625 , 0.8333]), texRes=128, units='norm', win=Window(...))
12.7559 	EXP 	Created instructions_1_continue = TextStim(__class__=<class 'psychopy.visual.text.TextStim'>, alignHoriz=method-wrapper(...), alignText='center', alignVert=method-wrapper(...), anchorHoriz='center', anchorVert='center', antialias=True, autoLog=True, bold=False, color='black', colorSpace='named', contrast=1.0, depth=-3.0, flipHoriz=False, flipVert=False, font='Arial', fontFiles=[], height=0.03, italic=False, languageStyle='LTR', name='instructions_1_continue', opacity=1.0, ori=0, pos=array([ 0. , -0.4]), rgb=array([0., 0., 0.]), text=str(...), units='height', win=Window(...), wrapWidth=1)
12.7827 	EXP 	Created enc_instructions_2_text = TextStim(__class__=<class 'psychopy.visual.text.TextStim'>, alignHoriz=method-wrapper(...), alignText='center', alignVert=method-wrapper(...), anchorHoriz='center', anchorVert='center', antialias=True, autoLog=True, bold=False, color='black', colorSpace='named', contrast=1.0, depth=0.0, flipHoriz=False, flipVert=False, font='Arial', fontFiles=[], height=0.03, italic=False, languageStyle='LTR', name='enc_instructions_2_text', opacity=1.0, ori=0, pos=array([-0.35,  0.  ]), rgb=array([0., 0., 0.]), text=str(...), units='height', win=Window(...), wrapWidth=0.5)
12.9082 	EXP 	Created enc_instructions_2_image = ImageStim(__class__=<class 'psychopy.visual.image.ImageStim'>, autoLog=True, color=array([1., 1., 1.]), colorSpace='rgb', contrast=1.0, depth=-1.0, flipHoriz=False, flipVert=False, image='stimuli/GalleryInterior.png', interpolate=True, mask=None, maskParams=None, name='enc_instructions_2_image', opacity=1.0, ori=0.0, pos=array([0.4427, 0.    ]), size=array([0.7604, 0.8185]), texRes=128, units='norm', win=Window(...))
12.9107 	EXP 	Created instructions_2_continue = TextStim(__class__=<class 'psychopy.visual.text.TextStim'>, alignHoriz=method-wrapper(...), alignText='center', alignVert=method-wrapper(...), anchorHoriz='center', anchorVert='center', antialias=True, autoLog=True, bold=False, color='black', colorSpace='named', contrast=1.0, depth=-3.0, flipHoriz=False, flipVert=False, font='Arial', fontFiles=[], height=0.03, italic=False, languageStyle='LTR', name='instructions_2_continue', opacity=1.0, ori=0, pos=array([ 0. , -0.4]), rgb=array([0., 0., 0.]), text=str(...), units='height', win=Window(...), wrapWidth=1)
12.9527 	EXP 	Created enc_instructions_3_text = TextStim(__class__=<class 'psychopy.visual.text.TextStim'>, alignHoriz=method-wrapper(...), alignText='center', alignVert=method-wrapper(...), anchorHoriz='center', anchorVert='center', antialias=True, autoLog=True, bold=False, color='black', colorSpace='named', contrast=1.0, depth=0.0, flipHoriz=False, flipVert=False, font='Arial', fontFiles=[], height=0.04, italic=False, languageStyle='LTR', name='enc_instructions_3_text', opacity=1.0, ori=0, pos=array([0., 0.]), rgb=array([0., 0., 0.]), text=str(...), units='height', win=Window(...), wrapWidth=1)
12.9573 	EXP 	Created enc_instructions_3_continue = TextStim(__class__=<class 'psychopy.visual.text.TextStim'>, alignHoriz=method-wrapper(...), alignText='center', alignVert=method-wrapper(...), anchorHoriz='center', anchorVert='center', antialias=True, autoLog=True, bold=False, color='black', colorSpace='named', contrast=1.0, depth=-2.0, flipHoriz=False, flipVert=False, font='Arial', fontFiles=[], height=0.03, italic=False, languageStyle='LTR', name='enc_instructions_3_continue', opacity=1.0, ori=0, pos=array([ 0. , -0.4]), rgb=array([0., 0., 0.]), text=str(...), units='height', win=Window(...), wrapWidth=1)
12.9715 	EXP 	Created start_practice_text = TextStim(__class__=<class 'psychopy.visual.text.TextStim'>, alignHoriz=method-wrapper(...), alignText='center', alignVert=method-wrapper(...), anchorHoriz='center', anchorVert='center', antialias=True, autoLog=True, bold=False, color='black', colorSpace='named', contrast=1.0, depth=0.0, flipHoriz=False, flipVert=False, font='Arial', fontFiles=[], height=0.1, italic=False, languageStyle='LTR', name='start_practice_text', opacity=1.0, ori=0, pos=array([0., 0.]), rgb=array([0., 0., 0.]), text='Kezdődik a gyakorlás...', units='height', win=Window(...), wrapWidth=1)
13.0673 	EXP 	Created enc_practice_fx_interior = ImageStim(__class__=<class 'psychopy.visual.image.ImageStim'>, autoLog=True, color=array([1., 1., 1.]), colorSpace='rgb', contrast=1.0, depth=0.0, flipHoriz=False, flipVert=False, image='stimuli/GalleryInterior.png', interpolate=True, mask=None, maskParams=None, name='enc_practice_fx_interior', opacity=1.0, ori=0.0, pos=array([0., 0.]), size=array([2., 2.]), texRes=128, units='norm', win=Window(...))
13.0717 	EXP 	Created enc_practice_fx_cross = TextStim(__class__=<class 'psychopy.visual.text.TextStim'>, alignHoriz=method-wrapper(...), alignText='center', alignVert=method-wrapper(...), anchorHoriz='center', anchorVert='center', antialias=True, autoLog=True, bold=False, color='black', colorSpace='named', contrast=1.0, depth=-1.0, flipHoriz=False, flipVert=False, font='Arial', fontFiles=[], height=0.1, italic=False, languageStyle='LTR', name='enc_practice_fx_cross', opacity=1.0, ori=0, pos=array([0., 0.]), rgb=array([0., 0., 0.]), text='+', units='norm', win=Window(...), wrapWidth=1)
13.1675 	EXP 	Created enc_practice_trial_interior = ImageStim(__class__=<class 'psychopy.visual.image.ImageStim'>, autoLog=True, color=array([1., 1., 1.]), colorSpace='rgb', contrast=1.0, depth=-1.0, flipHoriz=False, flipVert=False, image='stimuli/GalleryInterior.png', interpolate=True, mask=None, maskParams=None, name='enc_practice_trial_interior', opacity=1.0, ori=0.0, pos=array([0., 0.]), size=array([2., 2.]), texRes=128, units='norm', win=Window(...))
13.1759 	EXP 	Created enc_practice_trial_main_image = ImageStim(__class__=<class 'psychopy.visual.image.ImageStim'>, autoLog=True, color=array([1., 1., 1.]), colorSpace='rgb', contrast=1.0, depth=-2.0, flipHoriz=False, flipVert=False, image='sin', interpolate=True, mask=None, maskParams=None, name='enc_practice_trial_main_image', opacity=1.0, ori=0.0, pos=array([0., 0.]), size=array([1., 1.]), texRes=128, units='norm', win=Window(...))
13.2715 	EXP 	Created enc_practice_feedback_interior = ImageStim(__class__=<class 'psychopy.visual.image.ImageStim'>, autoLog=True, color=array([1., 1., 1.]), colorSpace='rgb', contrast=1.0, depth=-1.0, flipHoriz=False, flipVert=False, image='stimuli/GalleryInterior.png', interpolate=True, mask=None, maskParams=None, name='enc_practice_feedback_interior', opacity=1.0, ori=0.0, pos=array([0., 0.]), size=array([2., 2.]), texRes=128, units='norm', win=Window(...))
13.2737 	EXP 	Created enc_practice_feedback_image = ImageStim(__class__=<class 'psychopy.visual.image.ImageStim'>, autoLog=True, color=array([1., 1., 1.]), colorSpace='rgb', contrast=1.0, depth=-2.0, flipHoriz=False, flipVert=False, image='sin', interpolate=True, mask=None, maskParams=None, name='enc_practice_feedback_image', opacity=1.0, ori=0.0, pos=array([0., 0.]), size=array([1., 1.]), texRes=128, units='norm', win=Window(...))
13.2807 	EXP 	Created enc_practice_feedback_text = TextStim(__class__=<class 'psychopy.visual.text.TextStim'>, alignHoriz=method-wrapper(...), alignText='center', alignVert=method-wrapper(...), anchorHoriz='center', anchorVert='center', antialias=True, autoLog=True, bold=False, color='black', colorSpace='named', contrast=1.0, depth=-3.0, flipHoriz=False, flipVert=False, font='Arial', fontFiles=[], height=0.05, italic=False, languageStyle='LTR', name='enc_practice_feedback_text', opacity=1.0, ori=0, pos=array([0., 0.]), rgb=array([0., 0., 0.]), text='default text', units='norm', win=Window(...), wrapWidth=1)
13.2966 	EXP 	Created end_practice_text = TextStim(__class__=<class 'psychopy.visual.text.TextStim'>, alignHoriz=method-wrapper(...), alignText='center', alignVert=method-wrapper(...), anchorHoriz='center', anchorVert='center', antialias=True, autoLog=True, bold=False, color='black', colorSpace='named', contrast=1.0, depth=0.0, flipHoriz=False, flipVert=False, font='Arial', fontFiles=[], height=0.05, italic=False, languageStyle='LTR', name='end_practice_text', opacity=1.0, ori=0, pos=array([0., 0.]), rgb=array([0., 0., 0.]), text=str(...), units='height', win=Window(...), wrapWidth=0.8)
13.3037 	EXP 	Created end_practice_continue = TextStim(__class__=<class 'psychopy.visual.text.TextStim'>, alignHoriz=method-wrapper(...), alignText='center', alignVert=method-wrapper(...), anchorHoriz='center', anchorVert='center', antialias=True, autoLog=True, bold=False, color='black', colorSpace='named', contrast=1.0, depth=-2.0, flipHoriz=False, flipVert=False, font='Arial', fontFiles=[], height=0.03, italic=False, languageStyle='LTR', name='end_practice_continue', opacity=1.0, ori=0, pos=array([ 0. , -0.4]), rgb=array([0., 0., 0.]), text=str(...), units='height', win=Window(...), wrapWidth=1)
13.3111 	EXP 	Created start_MR_text = TextStim(__class__=<class 'psychopy.visual.text.TextStim'>, alignHoriz=method-wrapper(...), alignText='center', alignVert=method-wrapper(...), anchorHoriz='center', anchorVert='center', antialias=True, autoLog=True, bold=False, color='black', colorSpace='named', contrast=1.0, depth=0.0, flipHoriz=False, flipVert=False, font='Arial', fontFiles=[], height=0.1, italic=False, languageStyle='LTR', name='start_MR_text', opacity=1.0, ori=0, pos=array([0., 0.]), rgb=array([0., 0., 0.]), text='A vizsgálatvezető indítja a szkennert...', units='norm', win=Window(...), wrapWidth=1)
13.3112 	EXP 	Added new global key event: get_current_trigger_time
13.3220 	EXP 	Created start_enc_run_text = TextStim(__class__=<class 'psychopy.visual.text.TextStim'>, alignHoriz=method-wrapper(...), alignText='center', alignVert=method-wrapper(...), anchorHoriz='center', anchorVert='center', antialias=True, autoLog=True, bold=False, color='black', colorSpace='named', contrast=1.0, depth=-2.0, flipHoriz=False, flipVert=False, font='Arial', fontFiles=[], height=0.06, italic=False, languageStyle='LTR', name='start_enc_run_text', opacity=1.0, ori=0, pos=array([0., 0.]), rgb=array([0., 0., 0.]), text='Kezdődik a feladat...', units='height', win=Window(...), wrapWidth=1)
13.4190 	EXP 	Created enc_fx_interior = ImageStim(__class__=<class 'psychopy.visual.image.ImageStim'>, autoLog=True, color=array([1., 1., 1.]), colorSpace='rgb', contrast=1.0, depth=0.0, flipHoriz=False, flipVert=False, image='stimuli/GalleryInterior.png', interpolate=True, mask=None, maskParams=None, name='enc_fx_interior', opacity=1.0, ori=0.0, pos=array([0., 0.]), size=array([2., 2.]), texRes=128, units='norm', win=Window(...))
13.4207 	EXP 	Created enc_fx_cross = TextStim(__class__=<class 'psychopy.visual.text.TextStim'>, alignHoriz=method-wrapper(...), alignText='center', alignVert=method-wrapper(...), anchorHoriz='center', anchorVert='center', antialias=True, autoLog=True, bold=False, color='black', colorSpace='named', contrast=1.0, depth=-1.0, flipHoriz=False, flipVert=False, font='Arial', fontFiles=[], height=0.1, italic=False, languageStyle='LTR', name='enc_fx_cross', opacity=1.0, ori=0, pos=array([0., 0.]), rgb=array([0., 0., 0.]), text='+', units='norm', win=Window(...), wrapWidth=1)
13.5170 	EXP 	Created enc_trial_interior = ImageStim(__class__=<class 'psychopy.visual.image.ImageStim'>, autoLog=True, color=array([1., 1., 1.]), colorSpace='rgb', contrast=1.0, depth=-1.0, flipHoriz=False, flipVert=False, image='stimuli/GalleryInterior.png', interpolate=True, mask=None, maskParams=None, name='enc_trial_interior', opacity=1.0, ori=0.0, pos=array([0., 0.]), size=array([2., 2.]), texRes=128, units='norm', win=Window(...))
13.5192 	EXP 	Created enc_trial_main_image = ImageStim(__class__=<class 'psychopy.visual.image.ImageStim'>, autoLog=True, color=array([1., 1., 1.]), colorSpace='rgb', contrast=1.0, depth=-2.0, flipHoriz=False, flipVert=False, image='sin', interpolate=True, mask=None, maskParams=None, name='enc_trial_main_image', opacity=1.0, ori=0.0, pos=array([0., 0.]), size=array([1., 1.]), texRes=128, units='norm', win=Window(...))
13.5222 	EXP 	Created end_enc_run_text = TextStim(__class__=<class 'psychopy.visual.text.TextStim'>, alignHoriz=method-wrapper(...), alignText='center', alignVert=method-wrapper(...), anchorHoriz='center', anchorVert='center', antialias=True, autoLog=True, bold=False, color='black', colorSpace='named', contrast=1.0, depth=0.0, flipHoriz=False, flipVert=False, font='Arial', fontFiles=[], height=0.06, italic=False, languageStyle='LTR', name='end_enc_run_text', opacity=1.0, ori=0, pos=array([0., 0.]), rgb=array([0., 0., 0.]), text='default text', units='height', win=Window(...), wrapWidth=1)
13.5290 	EXP 	Created enc_run_end_continue = TextStim(__class__=<class 'psychopy.visual.text.TextStim'>, alignHoriz=method-wrapper(...), alignText='center', alignVert=method-wrapper(...), anchorHoriz='center', anchorVert='center', antialias=True, autoLog=True, bold=False, color='black', colorSpace='named', contrast=1.0, depth=-2.0, flipHoriz=False, flipVert=False, font='Arial', fontFiles=[], height=0.03, italic=False, languageStyle='LTR', name='enc_run_end_continue', opacity=1.0, ori=0, pos=array([ 0. , -0.4]), rgb=array([0., 0., 0.]), text=str(...), units='height', win=Window(...), wrapWidth=1)
13.5321 	EXP 	Created inter_task_break_text = TextStim(__class__=<class 'psychopy.visual.text.TextStim'>, alignHoriz=method-wrapper(...), alignText='center', alignVert=method-wrapper(...), anchorHoriz='center', anchorVert='center', antialias=True, autoLog=True, bold=False, color='black', colorSpace='named', contrast=1.0, depth=0.0, flipHoriz=False, flipVert=False, font='Arial', fontFiles=[], height=0.03, italic=False, languageStyle='LTR', name='inter_task_break_text', opacity=1.0, ori=0, pos=array([0., 0.]), rgb=array([0., 0., 0.]), text='Most kivesszük Önt a szkennerből.', units='height', win=Window(...), wrapWidth=1)
13.6321 	EXP 	start_encoding_text: text = 'Első feladat\nGaléria berendezés'
13.6321 	EXP 	start_encoding_text: autoDraw = True
15.0606 	EXP 	start_encoding_text: autoDraw = False
15.0606 	EXP 	enc_instructions_1_text: autoDraw = True
15.0606 	EXP 	enc_instructions_1_image: autoDraw = True
20.0272 	EXP 	instructions_1_continue: autoDraw = True
25.4876 	DATA 	Keypress: right
26.6347 	DATA 	Keypress: d
26.6437 	EXP 	enc_instructions_1_text: autoDraw = False
26.6437 	EXP 	enc_instructions_1_image: autoDraw = False
26.6437 	EXP 	instructions_1_continue: autoDraw = False
26.6437 	EXP 	enc_instructions_2_text: autoDraw = True
26.6437 	EXP 	enc_instructions_2_image: autoDraw = True
31.6269 	EXP 	instructions_2_continue: autoDraw = True
38.3162 	DATA 	Keypress: d
38.3434 	EXP 	enc_instructions_2_text: autoDraw = False
38.3434 	EXP 	enc_instructions_2_image: autoDraw = False
38.3434 	EXP 	instructions_2_continue: autoDraw = False
38.3434 	EXP 	enc_instructions_3_text: autoDraw = True
43.3266 	EXP 	enc_instructions_3_continue: autoDraw = True
56.6663 	DATA 	Keypress: d
56.6763 	EXP 	enc_instructions_3_text: autoDraw = False
56.6763 	EXP 	enc_instructions_3_continue: autoDraw = False
56.6763 	EXP 	start_practice_text: autoDraw = True
57.6958 	EXP 	Imported stimuli_tables/encoding_practice_trials.csv as conditions, 9 conditions, 9 params
57.6961 	EXP 	Created sequence: sequential, trialTypes=9, nReps=0, seed=None
57.7097 	EXP 	start_practice_text: autoDraw = False
57.7097 	EXP 	start_practice_text: autoDraw = False
57.7097 	EXP 	end_practice_text: autoDraw = True
58.6930 	EXP 	end_practice_continue: autoDraw = True
59.9645 	DATA 	Keypress: d
59.9805 	EXP 	Created sequence: sequential, trialTypes=1, nReps=2, seed=None
59.9808 	EXP 	New trial (rep=0, index=0): None
59.9932 	EXP 	end_practice_text: autoDraw = False
59.9932 	EXP 	end_practice_continue: autoDraw = False
59.9932 	EXP 	start_MR_text: autoDraw = True
62.8680 	DATA 	Keypress: s
62.8681 	EXP 	Global key event: get_current_trigger_time. Calling <function get_current_trigger_time at 0x0000029C46AC5840>.
62.8765 	EXP 	start_MR_text: autoDraw = False
62.8765 	EXP 	start_enc_run_text: autoDraw = True
63.3954 	DATA 	Keypress: s
63.3954 	EXP 	Global key event: get_current_trigger_time. Calling <function get_current_trigger_time at 0x0000029C46AC5840>.
63.8786 	DATA 	Keypress: s
63.8787 	EXP 	Global key event: get_current_trigger_time. Calling <function get_current_trigger_time at 0x0000029C46AC5840>.
64.3121 	DATA 	Keypress: s
64.3122 	EXP 	Global key event: get_current_trigger_time. Calling <function get_current_trigger_time at 0x0000029C46AC5840>.
64.6786 	DATA 	Keypress: s
64.6787 	EXP 	Global key event: get_current_trigger_time. Calling <function get_current_trigger_time at 0x0000029C46AC5840>.
65.0285 	DATA 	Keypress: s
65.0285 	EXP 	Global key event: get_current_trigger_time. Calling <function get_current_trigger_time at 0x0000029C46AC5840>.
65.3786 	DATA 	Keypress: s
65.3787 	EXP 	Global key event: get_current_trigger_time. Calling <function get_current_trigger_time at 0x0000029C46AC5840>.
65.6956 	DATA 	Keypress: s
65.6956 	EXP 	Global key event: get_current_trigger_time. Calling <function get_current_trigger_time at 0x0000029C46AC5840>.
65.9123 	EXP 	Imported stimuli_tables/encoding_trials_0.csv as conditions, 3 conditions, 20 params
65.9127 	EXP 	Created sequence: sequential, trialTypes=3, nReps=1, seed=None
65.9130 	EXP 	New trial (rep=0, index=0): OrderedDict([('TrialIndex', 1.0), ('Jitter', 2000.0), ('ScannerRun', 1.0), ('StimType', 'OLP'), ('Order', 1.0), ('Delay', 3.0), ('CurrentImage', 'stimuli/fractals/42c.jpg'), ('CurrentX', -0.234375), ('CurrentY', 0.1388888888888889), ('TripletMemberA', 'stimuli/fractals/42c.jpg'), ('TripletMemberB', 'stimuli/fractals/42b.jpg'), ('TripletMemberC', 'stimuli/fractals/42a.jpg'), ('Xcoordinate', -0.234375), ('Ycoordinate', 0.1388888888888889), ('Xcoordinate_lure1', -0.234375), ('Ycoordinate_lure1', -0.1388888888888889), ('Xcoordinate_lure2', -0.078125), ('Ycoordinate_lure2', 0.1388888888888889), ('Xcoordinate_foil', 0.234375), ('Ycoordinate_foil', -0.4166666666666667)])
65.9264 	EXP 	start_enc_run_text: autoDraw = False
65.9264 	EXP 	start_enc_run_text: autoDraw = False
65.9264 	EXP 	enc_fx_cross: pos = array([-0.234375  ,  0.13888889])
65.9264 	EXP 	enc_fx_interior: autoDraw = True
65.9264 	EXP 	enc_fx_cross: autoDraw = True
66.0306 	DATA 	Keypress: s
66.0307 	EXP 	Global key event: get_current_trigger_time. Calling <function get_current_trigger_time at 0x0000029C46AC5840>.
66.3642 	DATA 	Keypress: s
66.3643 	EXP 	Global key event: get_current_trigger_time. Calling <function get_current_trigger_time at 0x0000029C46AC5840>.
66.6472 	DATA 	Keypress: s
66.6473 	EXP 	Global key event: get_current_trigger_time. Calling <function get_current_trigger_time at 0x0000029C46AC5840>.
66.9806 	DATA 	Keypress: s
66.9807 	EXP 	Global key event: get_current_trigger_time. Calling <function get_current_trigger_time at 0x0000029C46AC5840>.
67.2964 	DATA 	Keypress: s
67.2964 	EXP 	Global key event: get_current_trigger_time. Calling <function get_current_trigger_time at 0x0000029C46AC5840>.
67.6142 	DATA 	Keypress: s
67.6143 	EXP 	Global key event: get_current_trigger_time. Calling <function get_current_trigger_time at 0x0000029C46AC5840>.
67.9767 	DATA 	Keypress: s
67.9767 	EXP 	Global key event: get_current_trigger_time. Calling <function get_current_trigger_time at 0x0000029C46AC5840>.
67.9926 	EXP 	enc_fx_interior: autoDraw = False
67.9926 	EXP 	enc_fx_cross: autoDraw = False
67.9926 	EXP 	enc_fx_interior: autoDraw = False
67.9926 	EXP 	enc_fx_cross: autoDraw = False
67.9926 	EXP 	enc_trial_main_image: pos = array([-0.234375  ,  0.13888889])
67.9926 	EXP 	enc_trial_main_image: size = array([0.3125    , 0.55555556])
67.9926 	EXP 	enc_trial_main_image: image = 'stimuli/fractals/42c.jpg'
67.9926 	EXP 	enc_trial_interior: autoDraw = True
67.9926 	EXP 	enc_trial_main_image: autoDraw = True
68.3139 	DATA 	Keypress: s
68.3140 	EXP 	Global key event: get_current_trigger_time. Calling <function get_current_trigger_time at 0x0000029C46AC5840>.
68.5639 	DATA 	Keypress: s
68.5640 	EXP 	Global key event: get_current_trigger_time. Calling <function get_current_trigger_time at 0x0000029C46AC5840>.
68.8139 	DATA 	Keypress: s
68.8140 	EXP 	Global key event: get_current_trigger_time. Calling <function get_current_trigger_time at 0x0000029C46AC5840>.
69.0140 	DATA 	Keypress: s
69.0141 	EXP 	Global key event: get_current_trigger_time. Calling <function get_current_trigger_time at 0x0000029C46AC5840>.
69.5139 	DATA 	Keypress: s
69.5140 	EXP 	Global key event: get_current_trigger_time. Calling <function get_current_trigger_time at 0x0000029C46AC5840>.
69.7639 	DATA 	Keypress: s
69.7640 	EXP 	Global key event: get_current_trigger_time. Calling <function get_current_trigger_time at 0x0000029C46AC5840>.
69.9795 	DATA 	Keypress: s
69.9795 	EXP 	Global key event: get_current_trigger_time. Calling <function get_current_trigger_time at 0x0000029C46AC5840>.
70.2139 	DATA 	Keypress: s
70.2140 	EXP 	Global key event: get_current_trigger_time. Calling <function get_current_trigger_time at 0x0000029C46AC5840>.
70.4639 	DATA 	Keypress: s
70.4640 	EXP 	Global key event: get_current_trigger_time. Calling <function get_current_trigger_time at 0x0000029C46AC5840>.
70.6639 	DATA 	Keypress: s
70.6640 	EXP 	Global key event: get_current_trigger_time. Calling <function get_current_trigger_time at 0x0000029C46AC5840>.
70.9139 	DATA 	Keypress: s
70.9140 	EXP 	Global key event: get_current_trigger_time. Calling <function get_current_trigger_time at 0x0000029C46AC5840>.
70.9274 	EXP 	New trial (rep=0, index=1): OrderedDict([('TrialIndex', 2.0), ('Jitter', 6000.0), ('ScannerRun', 1.0), ('StimType', 'OLP'), ('Order', 1.0), ('Delay', 3.0), ('CurrentImage', 'stimuli/fractals/64a.jpg'), ('CurrentX', -0.078125), ('CurrentY', 0.4166666666666667), ('TripletMemberA', 'stimuli/fractals/64a.jpg'), ('TripletMemberB', 'stimuli/fractals/64c.jpg'), ('TripletMemberC', 'stimuli/fractals/64b.jpg'), ('Xcoordinate', -0.078125), ('Ycoordinate', 0.4166666666666667), ('Xcoordinate_lure1', -0.234375), ('Ycoordinate_lure1', 0.4166666666666667), ('Xcoordinate_lure2', -0.078125), ('Ycoordinate_lure2', 0.1388888888888889), ('Xcoordinate_foil', -0.390625), ('Ycoordinate_foil', -0.4166666666666667)])
70.9426 	EXP 	enc_trial_interior: autoDraw = False
70.9426 	EXP 	enc_trial_main_image: autoDraw = False
70.9426 	EXP 	enc_fx_cross: pos = array([-0.078125  ,  0.41666667])
70.9426 	EXP 	enc_fx_interior: autoDraw = True
70.9426 	EXP 	enc_fx_cross: autoDraw = True
71.1471 	DATA 	Keypress: s
71.1472 	EXP 	Global key event: get_current_trigger_time. Calling <function get_current_trigger_time at 0x0000029C46AC5840>.
71.3641 	DATA 	Keypress: s
71.3642 	EXP 	Global key event: get_current_trigger_time. Calling <function get_current_trigger_time at 0x0000029C46AC5840>.
71.6296 	DATA 	Keypress: s
71.6297 	EXP 	Global key event: get_current_trigger_time. Calling <function get_current_trigger_time at 0x0000029C46AC5840>.
71.8137 	DATA 	Keypress: s
71.8137 	EXP 	Global key event: get_current_trigger_time. Calling <function get_current_trigger_time at 0x0000029C46AC5840>.
72.0642 	DATA 	Keypress: s
72.0643 	EXP 	Global key event: get_current_trigger_time. Calling <function get_current_trigger_time at 0x0000029C46AC5840>.
72.2796 	DATA 	Keypress: s
72.2797 	EXP 	Global key event: get_current_trigger_time. Calling <function get_current_trigger_time at 0x0000029C46AC5840>.
72.5296 	DATA 	Keypress: s
72.5297 	EXP 	Global key event: get_current_trigger_time. Calling <function get_current_trigger_time at 0x0000029C46AC5840>.
72.7471 	DATA 	Keypress: s
72.7472 	EXP 	Global key event: get_current_trigger_time. Calling <function get_current_trigger_time at 0x0000029C46AC5840>.
76.9925 	EXP 	enc_fx_interior: autoDraw = False
76.9925 	EXP 	enc_fx_cross: autoDraw = False
76.9925 	EXP 	enc_fx_interior: autoDraw = False
76.9925 	EXP 	enc_fx_cross: autoDraw = False
76.9925 	EXP 	enc_trial_main_image: pos = array([-0.078125  ,  0.41666667])
76.9925 	EXP 	enc_trial_main_image: size = array([0.3125    , 0.55555556])
76.9925 	EXP 	enc_trial_main_image: image = 'stimuli/fractals/64a.jpg'
76.9925 	EXP 	enc_trial_interior: autoDraw = True
76.9925 	EXP 	enc_trial_main_image: autoDraw = True
79.9429 	EXP 	New trial (rep=0, index=2): OrderedDict([('TrialIndex', 3.0), ('Jitter', 2000.0), ('ScannerRun', 1.0), ('StimType', 'LLP'), ('Order', 1.0), ('Delay', 5.0), ('CurrentImage', 'stimuli/fractals/25c.jpg'), ('CurrentX', 0.390625), ('CurrentY', 0.4166666666666667), ('TripletMemberA', 'stimuli/fractals/25c.jpg'), ('TripletMemberB', 'stimuli/fractals/25b.jpg'), ('TripletMemberC', 'stimuli/fractals/25a.jpg'), ('Xcoordinate', 0.390625), ('Ycoordinate', 0.4166666666666667), ('Xcoordinate_lure1', 0.234375), ('Ycoordinate_lure1', 0.4166666666666667), ('Xcoordinate_lure2', 0.390625), ('Ycoordinate_lure2', 0.1388888888888889), ('Xcoordinate_foil', -0.078125), ('Ycoordinate_foil', -0.4166666666666667)])
79.9590 	EXP 	enc_trial_interior: autoDraw = False
79.9590 	EXP 	enc_trial_main_image: autoDraw = False
79.9590 	EXP 	enc_fx_cross: pos = array([0.390625  , 0.41666667])
79.9590 	EXP 	enc_fx_interior: autoDraw = True
79.9590 	EXP 	enc_fx_cross: autoDraw = True
81.9923 	EXP 	enc_fx_interior: autoDraw = False
81.9923 	EXP 	enc_fx_cross: autoDraw = False
81.9923 	EXP 	enc_fx_interior: autoDraw = False
81.9923 	EXP 	enc_fx_cross: autoDraw = False
81.9923 	EXP 	enc_trial_main_image: pos = array([0.390625  , 0.41666667])
81.9923 	EXP 	enc_trial_main_image: size = array([0.3125    , 0.55555556])
81.9923 	EXP 	enc_trial_main_image: image = 'stimuli/fractals/25c.jpg'
81.9923 	EXP 	enc_trial_interior: autoDraw = True
81.9923 	EXP 	enc_trial_main_image: autoDraw = True
84.9756 	EXP 	enc_trial_interior: autoDraw = False
84.9756 	EXP 	enc_trial_main_image: autoDraw = False
84.9756 	EXP 	end_enc_run_text: text = 'Rövid szünet.'
84.9756 	EXP 	end_enc_run_text: autoDraw = True
87.4782 	DATA 	Keypress: escape
87.8568 	EXP 	window1: mouseVisible = True
