0.6825 	WARNING 	We strongly recommend you activate the PTB sound engine in PsychoPy prefs as the preferred audio engine. Its timing is vastly superior. Your prefs are currently set to use ['sounddevice', 'PTB', 'pyo', 'pygame'] (in that order).
0.6826 	WARNING 	Requested audio device 'Speakers (Realtek HD Audio output)' that is not available on this hardware. The 'audioDevice' preference should be one of ['24P1W1 (NVIDIA High Definition ']
12.8312 	WARNING 	Monitor specification not found. Creating a temporary one...
13.6277 	EXP 	Created window1 = Window(allowGUI=False, allowStencil=False, args=UNKNOWN, autoLog=True, bitsMode=UNKNOWN, blendMode='avg', bpc=(8, 8, 8), color=array([0.804, 0.804, 0.961]), colorSpace='rgb', depthBits=8, fullscr=<method-wrapper '__getattribute__' of attributeSetter object at 0x0000022109362F98>, gamma=None, gammaErrorPolicy='raise', kwargs=UNKNOWN, lms=UNKNOWN, monitor=<psychopy.monitors.calibTools.Monitor object at 0x0000022109568CC0>, multiSample=False, name='window1', numSamples=2, pos=[0.0, 0.0], screen=0, size=array([1920, 1080]), stencilBits=0, stereo=False, units='height', useFBO=True, useRetina=False, viewOri=0.0, viewPos=None, viewScale=None, waitBlanking=True, winType='pyglet')
13.6277 	EXP 	window1: recordFrameIntervals = False
13.7939 	EXP 	window1: recordFrameIntervals = True
13.9774 	EXP 	window1: recordFrameIntervals = False
14.1098 	EXP 	Created start_encoding_text = TextStim(__class__=<class 'psychopy.visual.text.TextStim'>, alignHoriz=method-wrapper(...), alignText='center', alignVert=method-wrapper(...), anchorHoriz='center', anchorVert='center', antialias=True, autoLog=True, bold=False, color='black', colorSpace='named', contrast=1.0, depth=0.0, flipHoriz=False, flipVert=False, font='Arial', fontFiles=[], height=0.1, italic=False, languageStyle='LTR', name='start_encoding_text', opacity=1.0, ori=0, pos=array([0., 0.]), rgb=array([0., 0., 0.]), text='default text', units='height', win=Window(...), wrapWidth=1)
14.1365 	EXP 	Created enc_instructions_1_text = TextStim(__class__=<class 'psychopy.visual.text.TextStim'>, alignHoriz=method-wrapper(...), alignText='center', alignVert=method-wrapper(...), anchorHoriz='center', anchorVert='center', antialias=True, autoLog=True, bold=False, color='black', colorSpace='named', contrast=1.0, depth=0.0, flipHoriz=False, flipVert=False, font='Arial', fontFiles=[], height=0.03, italic=False, languageStyle='LTR', name='enc_instructions_1_text', opacity=1.0, ori=0, pos=array([-0.3,  0. ]), rgb=array([0., 0., 0.]), text=str(...), units='height', win=Window(...), wrapWidth=0.65)
14.1897 	EXP 	Created enc_instructions_1_image = ImageStim(__class__=<class 'psychopy.visual.image.ImageStim'>, autoLog=True, color=array([1., 1., 1.]), colorSpace='rgb', contrast=1.0, depth=-1.0, flipHoriz=False, flipVert=False, image='stimuli/GalleryBuildingFromOutside.jpg', interpolate=True, mask=None, maskParams=None, name='enc_instructions_1_image', opacity=1.0, ori=0.0, pos=array([0.4688, 0.    ]), size=array([0.625 , 0.8333]), texRes=128, units='norm', win=Window(...))
14.1931 	EXP 	Created instructions_1_continue = TextStim(__class__=<class 'psychopy.visual.text.TextStim'>, alignHoriz=method-wrapper(...), alignText='center', alignVert=method-wrapper(...), anchorHoriz='center', anchorVert='center', antialias=True, autoLog=True, bold=False, color='black', colorSpace='named', contrast=1.0, depth=-3.0, flipHoriz=False, flipVert=False, font='Arial', fontFiles=[], height=0.03, italic=False, languageStyle='LTR', name='instructions_1_continue', opacity=1.0, ori=0, pos=array([ 0. , -0.4]), rgb=array([0., 0., 0.]), text=str(...), units='height', win=Window(...), wrapWidth=1)
14.2106 	EXP 	Created enc_instructions_2_text = TextStim(__class__=<class 'psychopy.visual.text.TextStim'>, alignHoriz=method-wrapper(...), alignText='center', alignVert=method-wrapper(...), anchorHoriz='center', anchorVert='center', antialias=True, autoLog=True, bold=False, color='black', colorSpace='named', contrast=1.0, depth=0.0, flipHoriz=False, flipVert=False, font='Arial', fontFiles=[], height=0.03, italic=False, languageStyle='LTR', name='enc_instructions_2_text', opacity=1.0, ori=0, pos=array([-0.35,  0.  ]), rgb=array([0., 0., 0.]), text=str(...), units='height', win=Window(...), wrapWidth=0.5)
14.3094 	EXP 	Created enc_instructions_2_image = ImageStim(__class__=<class 'psychopy.visual.image.ImageStim'>, autoLog=True, color=array([1., 1., 1.]), colorSpace='rgb', contrast=1.0, depth=-1.0, flipHoriz=False, flipVert=False, image='stimuli/GalleryInterior.png', interpolate=True, mask=None, maskParams=None, name='enc_instructions_2_image', opacity=1.0, ori=0.0, pos=array([0.4427, 0.    ]), size=array([0.7604, 0.8185]), texRes=128, units='norm', win=Window(...))
14.3119 	EXP 	Created instructions_2_continue = TextStim(__class__=<class 'psychopy.visual.text.TextStim'>, alignHoriz=method-wrapper(...), alignText='center', alignVert=method-wrapper(...), anchorHoriz='center', anchorVert='center', antialias=True, autoLog=True, bold=False, color='black', colorSpace='named', contrast=1.0, depth=-3.0, flipHoriz=False, flipVert=False, font='Arial', fontFiles=[], height=0.03, italic=False, languageStyle='LTR', name='instructions_2_continue', opacity=1.0, ori=0, pos=array([ 0. , -0.4]), rgb=array([0., 0., 0.]), text=str(...), units='height', win=Window(...), wrapWidth=1)
14.3359 	EXP 	Created enc_instructions_3_text = TextStim(__class__=<class 'psychopy.visual.text.TextStim'>, alignHoriz=method-wrapper(...), alignText='center', alignVert=method-wrapper(...), anchorHoriz='center', anchorVert='center', antialias=True, autoLog=True, bold=False, color='black', colorSpace='named', contrast=1.0, depth=0.0, flipHoriz=False, flipVert=False, font='Arial', fontFiles=[], height=0.04, italic=False, languageStyle='LTR', name='enc_instructions_3_text', opacity=1.0, ori=0, pos=array([0., 0.]), rgb=array([0., 0., 0.]), text=str(...), units='height', win=Window(...), wrapWidth=1)
14.3388 	EXP 	Created enc_instructions_3_continue = TextStim(__class__=<class 'psychopy.visual.text.TextStim'>, alignHoriz=method-wrapper(...), alignText='center', alignVert=method-wrapper(...), anchorHoriz='center', anchorVert='center', antialias=True, autoLog=True, bold=False, color='black', colorSpace='named', contrast=1.0, depth=-2.0, flipHoriz=False, flipVert=False, font='Arial', fontFiles=[], height=0.03, italic=False, languageStyle='LTR', name='enc_instructions_3_continue', opacity=1.0, ori=0, pos=array([ 0. , -0.4]), rgb=array([0., 0., 0.]), text=str(...), units='height', win=Window(...), wrapWidth=1)
14.3515 	EXP 	Created start_practice_text = TextStim(__class__=<class 'psychopy.visual.text.TextStim'>, alignHoriz=method-wrapper(...), alignText='center', alignVert=method-wrapper(...), anchorHoriz='center', anchorVert='center', antialias=True, autoLog=True, bold=False, color='black', colorSpace='named', contrast=1.0, depth=0.0, flipHoriz=False, flipVert=False, font='Arial', fontFiles=[], height=0.1, italic=False, languageStyle='LTR', name='start_practice_text', opacity=1.0, ori=0, pos=array([0., 0.]), rgb=array([0., 0., 0.]), text='Kezdődik a gyakorlás...', units='height', win=Window(...), wrapWidth=1)
14.4476 	EXP 	Created enc_practice_fx_interior = ImageStim(__class__=<class 'psychopy.visual.image.ImageStim'>, autoLog=True, color=array([1., 1., 1.]), colorSpace='rgb', contrast=1.0, depth=0.0, flipHoriz=False, flipVert=False, image='stimuli/GalleryInterior.png', interpolate=True, mask=None, maskParams=None, name='enc_practice_fx_interior', opacity=1.0, ori=0.0, pos=array([0., 0.]), size=array([2., 2.]), texRes=128, units='norm', win=Window(...))
14.4520 	EXP 	Created enc_practice_fx_cross = TextStim(__class__=<class 'psychopy.visual.text.TextStim'>, alignHoriz=method-wrapper(...), alignText='center', alignVert=method-wrapper(...), anchorHoriz='center', anchorVert='center', antialias=True, autoLog=True, bold=False, color='black', colorSpace='named', contrast=1.0, depth=-1.0, flipHoriz=False, flipVert=False, font='Arial', fontFiles=[], height=0.1, italic=False, languageStyle='LTR', name='enc_practice_fx_cross', opacity=1.0, ori=0, pos=array([0., 0.]), rgb=array([0., 0., 0.]), text='+', units='norm', win=Window(...), wrapWidth=1)
14.5501 	EXP 	Created enc_practice_trial_interior = ImageStim(__class__=<class 'psychopy.visual.image.ImageStim'>, autoLog=True, color=array([1., 1., 1.]), colorSpace='rgb', contrast=1.0, depth=-1.0, flipHoriz=False, flipVert=False, image='stimuli/GalleryInterior.png', interpolate=True, mask=None, maskParams=None, name='enc_practice_trial_interior', opacity=1.0, ori=0.0, pos=array([0., 0.]), size=array([2., 2.]), texRes=128, units='norm', win=Window(...))
14.5534 	EXP 	Created enc_practice_trial_main_image = ImageStim(__class__=<class 'psychopy.visual.image.ImageStim'>, autoLog=True, color=array([1., 1., 1.]), colorSpace='rgb', contrast=1.0, depth=-2.0, flipHoriz=False, flipVert=False, image='sin', interpolate=True, mask=None, maskParams=None, name='enc_practice_trial_main_image', opacity=1.0, ori=0.0, pos=array([0., 0.]), size=array([1., 1.]), texRes=128, units='norm', win=Window(...))
14.6510 	EXP 	Created enc_practice_feedback_interior = ImageStim(__class__=<class 'psychopy.visual.image.ImageStim'>, autoLog=True, color=array([1., 1., 1.]), colorSpace='rgb', contrast=1.0, depth=-1.0, flipHoriz=False, flipVert=False, image='stimuli/GalleryInterior.png', interpolate=True, mask=None, maskParams=None, name='enc_practice_feedback_interior', opacity=1.0, ori=0.0, pos=array([0., 0.]), size=array([2., 2.]), texRes=128, units='norm', win=Window(...))
14.6534 	EXP 	Created enc_practice_feedback_image = ImageStim(__class__=<class 'psychopy.visual.image.ImageStim'>, autoLog=True, color=array([1., 1., 1.]), colorSpace='rgb', contrast=1.0, depth=-2.0, flipHoriz=False, flipVert=False, image='sin', interpolate=True, mask=None, maskParams=None, name='enc_practice_feedback_image', opacity=1.0, ori=0.0, pos=array([0., 0.]), size=array([1., 1.]), texRes=128, units='norm', win=Window(...))
14.6601 	EXP 	Created enc_practice_feedback_text = TextStim(__class__=<class 'psychopy.visual.text.TextStim'>, alignHoriz=method-wrapper(...), alignText='center', alignVert=method-wrapper(...), anchorHoriz='center', anchorVert='center', antialias=True, autoLog=True, bold=False, color='black', colorSpace='named', contrast=1.0, depth=-3.0, flipHoriz=False, flipVert=False, font='Arial', fontFiles=[], height=0.05, italic=False, languageStyle='LTR', name='enc_practice_feedback_text', opacity=1.0, ori=0, pos=array([0., 0.]), rgb=array([0., 0., 0.]), text='default text', units='norm', win=Window(...), wrapWidth=1)
14.6754 	EXP 	Created end_practice_text = TextStim(__class__=<class 'psychopy.visual.text.TextStim'>, alignHoriz=method-wrapper(...), alignText='center', alignVert=method-wrapper(...), anchorHoriz='center', anchorVert='center', antialias=True, autoLog=True, bold=False, color='black', colorSpace='named', contrast=1.0, depth=0.0, flipHoriz=False, flipVert=False, font='Arial', fontFiles=[], height=0.05, italic=False, languageStyle='LTR', name='end_practice_text', opacity=1.0, ori=0, pos=array([0., 0.]), rgb=array([0., 0., 0.]), text=str(...), units='height', win=Window(...), wrapWidth=0.8)
14.6821 	EXP 	Created end_practice_continue = TextStim(__class__=<class 'psychopy.visual.text.TextStim'>, alignHoriz=method-wrapper(...), alignText='center', alignVert=method-wrapper(...), anchorHoriz='center', anchorVert='center', antialias=True, autoLog=True, bold=False, color='black', colorSpace='named', contrast=1.0, depth=-2.0, flipHoriz=False, flipVert=False, font='Arial', fontFiles=[], height=0.03, italic=False, languageStyle='LTR', name='end_practice_continue', opacity=1.0, ori=0, pos=array([ 0. , -0.4]), rgb=array([0., 0., 0.]), text=str(...), units='height', win=Window(...), wrapWidth=1)
14.6901 	EXP 	Created start_MR_text = TextStim(__class__=<class 'psychopy.visual.text.TextStim'>, alignHoriz=method-wrapper(...), alignText='center', alignVert=method-wrapper(...), anchorHoriz='center', anchorVert='center', antialias=True, autoLog=True, bold=False, color='black', colorSpace='named', contrast=1.0, depth=0.0, flipHoriz=False, flipVert=False, font='Arial', fontFiles=[], height=0.1, italic=False, languageStyle='LTR', name='start_MR_text', opacity=1.0, ori=0, pos=array([0., 0.]), rgb=array([0., 0., 0.]), text='A vizsgálatvezető indítja a szkennert...', units='norm', win=Window(...), wrapWidth=1)
14.6901 	EXP 	Added new global key event: get_current_trigger_time
14.7006 	EXP 	Created start_enc_run_text = TextStim(__class__=<class 'psychopy.visual.text.TextStim'>, alignHoriz=method-wrapper(...), alignText='center', alignVert=method-wrapper(...), anchorHoriz='center', anchorVert='center', antialias=True, autoLog=True, bold=False, color='black', colorSpace='named', contrast=1.0, depth=-2.0, flipHoriz=False, flipVert=False, font='Arial', fontFiles=[], height=0.06, italic=False, languageStyle='LTR', name='start_enc_run_text', opacity=1.0, ori=0, pos=array([0., 0.]), rgb=array([0., 0., 0.]), text='Kezdődik a feladat...', units='height', win=Window(...), wrapWidth=1)
14.7977 	EXP 	Created enc_fx_interior = ImageStim(__class__=<class 'psychopy.visual.image.ImageStim'>, autoLog=True, color=array([1., 1., 1.]), colorSpace='rgb', contrast=1.0, depth=0.0, flipHoriz=False, flipVert=False, image='stimuli/GalleryInterior.png', interpolate=True, mask=None, maskParams=None, name='enc_fx_interior', opacity=1.0, ori=0.0, pos=array([0., 0.]), size=array([2., 2.]), texRes=128, units='norm', win=Window(...))
14.7998 	EXP 	Created enc_fx_cross = TextStim(__class__=<class 'psychopy.visual.text.TextStim'>, alignHoriz=method-wrapper(...), alignText='center', alignVert=method-wrapper(...), anchorHoriz='center', anchorVert='center', antialias=True, autoLog=True, bold=False, color='black', colorSpace='named', contrast=1.0, depth=-1.0, flipHoriz=False, flipVert=False, font='Arial', fontFiles=[], height=0.1, italic=False, languageStyle='LTR', name='enc_fx_cross', opacity=1.0, ori=0, pos=array([0., 0.]), rgb=array([0., 0., 0.]), text='+', units='norm', win=Window(...), wrapWidth=1)
14.8973 	EXP 	Created enc_trial_interior = ImageStim(__class__=<class 'psychopy.visual.image.ImageStim'>, autoLog=True, color=array([1., 1., 1.]), colorSpace='rgb', contrast=1.0, depth=-1.0, flipHoriz=False, flipVert=False, image='stimuli/GalleryInterior.png', interpolate=True, mask=None, maskParams=None, name='enc_trial_interior', opacity=1.0, ori=0.0, pos=array([0., 0.]), size=array([2., 2.]), texRes=128, units='norm', win=Window(...))
14.8997 	EXP 	Created enc_trial_main_image = ImageStim(__class__=<class 'psychopy.visual.image.ImageStim'>, autoLog=True, color=array([1., 1., 1.]), colorSpace='rgb', contrast=1.0, depth=-2.0, flipHoriz=False, flipVert=False, image='sin', interpolate=True, mask=None, maskParams=None, name='enc_trial_main_image', opacity=1.0, ori=0.0, pos=array([0., 0.]), size=array([1., 1.]), texRes=128, units='norm', win=Window(...))
14.9025 	EXP 	Created end_enc_run_text = TextStim(__class__=<class 'psychopy.visual.text.TextStim'>, alignHoriz=method-wrapper(...), alignText='center', alignVert=method-wrapper(...), anchorHoriz='center', anchorVert='center', antialias=True, autoLog=True, bold=False, color='black', colorSpace='named', contrast=1.0, depth=0.0, flipHoriz=False, flipVert=False, font='Arial', fontFiles=[], height=0.06, italic=False, languageStyle='LTR', name='end_enc_run_text', opacity=1.0, ori=0, pos=array([0., 0.]), rgb=array([0., 0., 0.]), text='default text', units='height', win=Window(...), wrapWidth=1)
14.9093 	EXP 	Created enc_run_end_continue = TextStim(__class__=<class 'psychopy.visual.text.TextStim'>, alignHoriz=method-wrapper(...), alignText='center', alignVert=method-wrapper(...), anchorHoriz='center', anchorVert='center', antialias=True, autoLog=True, bold=False, color='black', colorSpace='named', contrast=1.0, depth=-2.0, flipHoriz=False, flipVert=False, font='Arial', fontFiles=[], height=0.03, italic=False, languageStyle='LTR', name='enc_run_end_continue', opacity=1.0, ori=0, pos=array([ 0. , -0.4]), rgb=array([0., 0., 0.]), text=str(...), units='height', win=Window(...), wrapWidth=1)
14.9124 	EXP 	Created inter_task_break_text = TextStim(__class__=<class 'psychopy.visual.text.TextStim'>, alignHoriz=method-wrapper(...), alignText='center', alignVert=method-wrapper(...), anchorHoriz='center', anchorVert='center', antialias=True, autoLog=True, bold=False, color='black', colorSpace='named', contrast=1.0, depth=0.0, flipHoriz=False, flipVert=False, font='Arial', fontFiles=[], height=0.03, italic=False, languageStyle='LTR', name='inter_task_break_text', opacity=1.0, ori=0, pos=array([0., 0.]), rgb=array([0., 0., 0.]), text='Most kivesszük Önt a szkennerből.', units='height', win=Window(...), wrapWidth=1)
15.0034 	EXP 	start_encoding_text: text = 'Első feladat\nGaléria berendezés'
15.0034 	EXP 	start_encoding_text: autoDraw = True
16.4438 	EXP 	start_encoding_text: autoDraw = False
16.4438 	EXP 	enc_instructions_1_text: autoDraw = True
16.4438 	EXP 	enc_instructions_1_image: autoDraw = True
21.4103 	EXP 	instructions_1_continue: autoDraw = True
27.9308 	DATA 	Keypress: d
27.9601 	EXP 	enc_instructions_1_text: autoDraw = False
27.9601 	EXP 	enc_instructions_1_image: autoDraw = False
27.9601 	EXP 	instructions_1_continue: autoDraw = False
27.9601 	EXP 	enc_instructions_2_text: autoDraw = True
27.9601 	EXP 	enc_instructions_2_image: autoDraw = True
32.9434 	EXP 	instructions_2_continue: autoDraw = True
33.5503 	DATA 	Keypress: d
33.5600 	EXP 	enc_instructions_2_text: autoDraw = False
33.5600 	EXP 	enc_instructions_2_image: autoDraw = False
33.5600 	EXP 	instructions_2_continue: autoDraw = False
33.5600 	EXP 	enc_instructions_3_text: autoDraw = True
38.5432 	EXP 	enc_instructions_3_continue: autoDraw = True
39.3504 	DATA 	Keypress: d
39.3599 	EXP 	enc_instructions_3_text: autoDraw = False
39.3599 	EXP 	enc_instructions_3_continue: autoDraw = False
39.3599 	EXP 	start_practice_text: autoDraw = True
40.3697 	EXP 	Imported stimuli_tables/encoding_practice_trials.csv as conditions, 9 conditions, 9 params
40.3698 	EXP 	Created sequence: sequential, trialTypes=9, nReps=0, seed=None
40.3765 	EXP 	start_practice_text: autoDraw = False
40.3765 	EXP 	start_practice_text: autoDraw = False
40.3765 	EXP 	end_practice_text: autoDraw = True
41.3765 	EXP 	end_practice_continue: autoDraw = True
43.0808 	EXP 	Created sequence: sequential, trialTypes=1, nReps=3, seed=None
43.0814 	EXP 	New trial (rep=0, index=0): None
43.0839 	DATA 	Keypress: d
43.0931 	EXP 	end_practice_text: autoDraw = False
43.0931 	EXP 	end_practice_continue: autoDraw = False
43.0931 	EXP 	start_MR_text: autoDraw = True
47.1305 	DATA 	Keypress: d
52.9141 	DATA 	Keypress: d
53.9182 	DATA 	Keypress: s
53.9182 	EXP 	Global key event: get_current_trigger_time. Calling <function get_current_trigger_time at 0x000002210B115840>.
53.9262 	EXP 	start_MR_text: autoDraw = False
53.9262 	EXP 	start_enc_run_text: autoDraw = True
56.9382 	EXP 	Imported stimuli_tables/encoding_trials_0.csv as conditions, 3 conditions, 20 params
56.9385 	EXP 	Created sequence: sequential, trialTypes=3, nReps=1, seed=None
56.9388 	EXP 	New trial (rep=0, index=0): OrderedDict([('TrialIndex', 1.0), ('Jitter', 2000.0), ('ScannerRun', 1.0), ('StimType', 'OLP'), ('Order', 1.0), ('Delay', 3.0), ('CurrentImage', 'stimuli/fractals/42c.jpg'), ('CurrentX', -0.234375), ('CurrentY', 0.1388888888888889), ('TripletMemberA', 'stimuli/fractals/42c.jpg'), ('TripletMemberB', 'stimuli/fractals/42b.jpg'), ('TripletMemberC', 'stimuli/fractals/42a.jpg'), ('Xcoordinate', -0.234375), ('Ycoordinate', 0.1388888888888889), ('Xcoordinate_lure1', -0.234375), ('Ycoordinate_lure1', -0.1388888888888889), ('Xcoordinate_lure2', -0.078125), ('Ycoordinate_lure2', 0.1388888888888889), ('Xcoordinate_foil', 0.234375), ('Ycoordinate_foil', -0.4166666666666667)])
56.9594 	EXP 	start_enc_run_text: autoDraw = False
56.9594 	EXP 	start_enc_run_text: autoDraw = False
56.9594 	EXP 	enc_fx_cross: pos = array([-0.234375  ,  0.13888889])
56.9594 	EXP 	enc_fx_interior: autoDraw = True
56.9594 	EXP 	enc_fx_cross: autoDraw = True
59.0095 	EXP 	enc_fx_interior: autoDraw = False
59.0095 	EXP 	enc_fx_cross: autoDraw = False
59.0095 	EXP 	enc_fx_interior: autoDraw = False
59.0095 	EXP 	enc_fx_cross: autoDraw = False
59.0095 	EXP 	enc_trial_main_image: pos = array([-0.234375  ,  0.13888889])
59.0095 	EXP 	enc_trial_main_image: size = array([0.3125    , 0.55555556])
59.0095 	EXP 	enc_trial_main_image: image = 'stimuli/fractals/42c.jpg'
59.0095 	EXP 	enc_trial_interior: autoDraw = True
59.0095 	EXP 	enc_trial_main_image: autoDraw = True
61.9605 	EXP 	New trial (rep=0, index=1): OrderedDict([('TrialIndex', 2.0), ('Jitter', 6000.0), ('ScannerRun', 1.0), ('StimType', 'OLP'), ('Order', 1.0), ('Delay', 3.0), ('CurrentImage', 'stimuli/fractals/64a.jpg'), ('CurrentX', -0.078125), ('CurrentY', 0.4166666666666667), ('TripletMemberA', 'stimuli/fractals/64a.jpg'), ('TripletMemberB', 'stimuli/fractals/64c.jpg'), ('TripletMemberC', 'stimuli/fractals/64b.jpg'), ('Xcoordinate', -0.078125), ('Ycoordinate', 0.4166666666666667), ('Xcoordinate_lure1', -0.234375), ('Ycoordinate_lure1', 0.4166666666666667), ('Xcoordinate_lure2', -0.078125), ('Ycoordinate_lure2', 0.1388888888888889), ('Xcoordinate_foil', -0.390625), ('Ycoordinate_foil', -0.4166666666666667)])
61.9761 	EXP 	enc_trial_interior: autoDraw = False
61.9761 	EXP 	enc_trial_main_image: autoDraw = False
61.9761 	EXP 	enc_fx_cross: pos = array([-0.078125  ,  0.41666667])
61.9761 	EXP 	enc_fx_interior: autoDraw = True
61.9761 	EXP 	enc_fx_cross: autoDraw = True
67.9925 	EXP 	enc_fx_interior: autoDraw = False
67.9925 	EXP 	enc_fx_cross: autoDraw = False
67.9925 	EXP 	enc_fx_interior: autoDraw = False
67.9925 	EXP 	enc_fx_cross: autoDraw = False
67.9925 	EXP 	enc_trial_main_image: pos = array([-0.078125  ,  0.41666667])
67.9925 	EXP 	enc_trial_main_image: size = array([0.3125    , 0.55555556])
67.9925 	EXP 	enc_trial_main_image: image = 'stimuli/fractals/64a.jpg'
67.9925 	EXP 	enc_trial_interior: autoDraw = True
67.9925 	EXP 	enc_trial_main_image: autoDraw = True
70.9770 	EXP 	New trial (rep=0, index=2): OrderedDict([('TrialIndex', 3.0), ('Jitter', 2000.0), ('ScannerRun', 1.0), ('StimType', 'LLP'), ('Order', 1.0), ('Delay', 5.0), ('CurrentImage', 'stimuli/fractals/25c.jpg'), ('CurrentX', 0.390625), ('CurrentY', 0.4166666666666667), ('TripletMemberA', 'stimuli/fractals/25c.jpg'), ('TripletMemberB', 'stimuli/fractals/25b.jpg'), ('TripletMemberC', 'stimuli/fractals/25a.jpg'), ('Xcoordinate', 0.390625), ('Ycoordinate', 0.4166666666666667), ('Xcoordinate_lure1', 0.234375), ('Ycoordinate_lure1', 0.4166666666666667), ('Xcoordinate_lure2', 0.390625), ('Ycoordinate_lure2', 0.1388888888888889), ('Xcoordinate_foil', -0.078125), ('Ycoordinate_foil', -0.4166666666666667)])
70.9924 	EXP 	enc_trial_interior: autoDraw = False
70.9924 	EXP 	enc_trial_main_image: autoDraw = False
70.9924 	EXP 	enc_fx_cross: pos = array([0.390625  , 0.41666667])
70.9924 	EXP 	enc_fx_interior: autoDraw = True
70.9924 	EXP 	enc_fx_cross: autoDraw = True
73.0090 	EXP 	enc_fx_interior: autoDraw = False
73.0090 	EXP 	enc_fx_cross: autoDraw = False
73.0090 	EXP 	enc_fx_interior: autoDraw = False
73.0090 	EXP 	enc_fx_cross: autoDraw = False
73.0090 	EXP 	enc_trial_main_image: pos = array([0.390625  , 0.41666667])
73.0090 	EXP 	enc_trial_main_image: size = array([0.3125    , 0.55555556])
73.0090 	EXP 	enc_trial_main_image: image = 'stimuli/fractals/25c.jpg'
73.0090 	EXP 	enc_trial_interior: autoDraw = True
73.0090 	EXP 	enc_trial_main_image: autoDraw = True
76.0090 	EXP 	enc_trial_interior: autoDraw = False
76.0090 	EXP 	enc_trial_main_image: autoDraw = False
76.0090 	EXP 	end_enc_run_text: text = 'Rövid szünet.'
76.0090 	EXP 	end_enc_run_text: autoDraw = True
80.9922 	EXP 	enc_run_end_continue: autoDraw = True
86.9992 	EXP 	New trial (rep=1, index=0): None
87.0020 	DATA 	Keypress: d
87.0087 	EXP 	end_enc_run_text: autoDraw = False
87.0087 	EXP 	enc_run_end_continue: autoDraw = False
87.0087 	EXP 	start_MR_text: autoDraw = True
94.9311 	DATA 	Keypress: s
94.9311 	EXP 	Global key event: get_current_trigger_time. Calling <function get_current_trigger_time at 0x000002210B115840>.
94.9419 	EXP 	start_MR_text: autoDraw = False
94.9419 	EXP 	start_enc_run_text: autoDraw = True
97.9536 	EXP 	Imported stimuli_tables/encoding_trials_0.csv as conditions, 3 conditions, 20 params
97.9539 	EXP 	Created sequence: sequential, trialTypes=3, nReps=1, seed=None
97.9543 	EXP 	New trial (rep=0, index=0): OrderedDict([('TrialIndex', 4.0), ('Jitter', 1000.0), ('ScannerRun', 1.0), ('StimType', 'ERP'), ('Order', 1.0), ('Delay', 2.0), ('CurrentImage', 'stimuli/fractals/4a.jpg'), ('CurrentX', 0.078125), ('CurrentY', 0.4166666666666667), ('TripletMemberA', 'stimuli/fractals/4a.jpg'), ('TripletMemberB', 'stimuli/fractals/4b.jpg'), ('TripletMemberC', 'stimuli/fractals/4c.jpg'), ('Xcoordinate', 0.078125), ('Ycoordinate', 0.4166666666666667), ('Xcoordinate_lure1', 0.234375), ('Ycoordinate_lure1', 0.4166666666666667), ('Xcoordinate_lure2', 0.078125), ('Ycoordinate_lure2', 0.1388888888888889), ('Xcoordinate_foil', -0.390625), ('Ycoordinate_foil', -0.1388888888888889)])
97.9751 	EXP 	start_enc_run_text: autoDraw = False
97.9751 	EXP 	start_enc_run_text: autoDraw = False
97.9751 	EXP 	enc_fx_cross: pos = array([0.078125  , 0.41666667])
97.9751 	EXP 	enc_fx_interior: autoDraw = True
97.9751 	EXP 	enc_fx_cross: autoDraw = True
98.9918 	EXP 	enc_fx_interior: autoDraw = False
98.9918 	EXP 	enc_fx_cross: autoDraw = False
98.9918 	EXP 	enc_fx_interior: autoDraw = False
98.9918 	EXP 	enc_fx_cross: autoDraw = False
98.9918 	EXP 	enc_trial_main_image: pos = array([0.078125  , 0.41666667])
98.9918 	EXP 	enc_trial_main_image: size = array([0.3125    , 0.55555556])
98.9918 	EXP 	enc_trial_main_image: image = 'stimuli/fractals/4a.jpg'
98.9918 	EXP 	enc_trial_interior: autoDraw = True
98.9918 	EXP 	enc_trial_main_image: autoDraw = True
101.9760 	EXP 	New trial (rep=0, index=1): OrderedDict([('TrialIndex', 5.0), ('Jitter', 5000.0), ('ScannerRun', 1.0), ('StimType', 'OLP'), ('Order', 2.0), ('Delay', 0.0), ('CurrentImage', 'stimuli/fractals/42b.jpg'), ('CurrentX', -0.234375), ('CurrentY', 0.1388888888888889), ('TripletMemberA', 'stimuli/fractals/42c.jpg'), ('TripletMemberB', 'stimuli/fractals/42b.jpg'), ('TripletMemberC', 'stimuli/fractals/42a.jpg'), ('Xcoordinate', -0.234375), ('Ycoordinate', 0.1388888888888889), ('Xcoordinate_lure1', -0.234375), ('Ycoordinate_lure1', -0.1388888888888889), ('Xcoordinate_lure2', -0.078125), ('Ycoordinate_lure2', 0.1388888888888889), ('Xcoordinate_foil', 0.234375), ('Ycoordinate_foil', -0.4166666666666667)])
101.9917 	EXP 	enc_trial_interior: autoDraw = False
101.9917 	EXP 	enc_trial_main_image: autoDraw = False
101.9917 	EXP 	enc_fx_cross: pos = array([-0.234375  ,  0.13888889])
101.9917 	EXP 	enc_fx_interior: autoDraw = True
101.9917 	EXP 	enc_fx_cross: autoDraw = True
107.0084 	EXP 	enc_fx_interior: autoDraw = False
107.0084 	EXP 	enc_fx_cross: autoDraw = False
107.0084 	EXP 	enc_fx_interior: autoDraw = False
107.0084 	EXP 	enc_fx_cross: autoDraw = False
107.0084 	EXP 	enc_trial_main_image: pos = array([-0.234375  ,  0.13888889])
107.0084 	EXP 	enc_trial_main_image: size = array([0.3125    , 0.55555556])
107.0084 	EXP 	enc_trial_main_image: image = 'stimuli/fractals/42b.jpg'
107.0084 	EXP 	enc_trial_interior: autoDraw = True
107.0084 	EXP 	enc_trial_main_image: autoDraw = True
109.9922 	EXP 	New trial (rep=0, index=2): OrderedDict([('TrialIndex', 6.0), ('Jitter', 3000.0), ('ScannerRun', 1.0), ('StimType', 'OLP'), ('Order', 2.0), ('Delay', 0.0), ('CurrentImage', 'stimuli/fractals/64c.jpg'), ('CurrentX', -0.078125), ('CurrentY', 0.4166666666666667), ('TripletMemberA', 'stimuli/fractals/64a.jpg'), ('TripletMemberB', 'stimuli/fractals/64c.jpg'), ('TripletMemberC', 'stimuli/fractals/64b.jpg'), ('Xcoordinate', -0.078125), ('Ycoordinate', 0.4166666666666667), ('Xcoordinate_lure1', -0.234375), ('Ycoordinate_lure1', 0.4166666666666667), ('Xcoordinate_lure2', -0.078125), ('Ycoordinate_lure2', 0.1388888888888889), ('Xcoordinate_foil', -0.390625), ('Ycoordinate_foil', -0.4166666666666667)])
110.0083 	EXP 	enc_trial_interior: autoDraw = False
110.0083 	EXP 	enc_trial_main_image: autoDraw = False
110.0083 	EXP 	enc_fx_cross: pos = array([-0.078125  ,  0.41666667])
110.0083 	EXP 	enc_fx_interior: autoDraw = True
110.0083 	EXP 	enc_fx_cross: autoDraw = True
113.0249 	EXP 	enc_fx_interior: autoDraw = False
113.0249 	EXP 	enc_fx_cross: autoDraw = False
113.0249 	EXP 	enc_fx_interior: autoDraw = False
113.0249 	EXP 	enc_fx_cross: autoDraw = False
113.0249 	EXP 	enc_trial_main_image: pos = array([-0.078125  ,  0.41666667])
113.0249 	EXP 	enc_trial_main_image: size = array([0.3125    , 0.55555556])
113.0249 	EXP 	enc_trial_main_image: image = 'stimuli/fractals/64c.jpg'
113.0249 	EXP 	enc_trial_interior: autoDraw = True
113.0249 	EXP 	enc_trial_main_image: autoDraw = True
116.0248 	EXP 	enc_trial_interior: autoDraw = False
116.0248 	EXP 	enc_trial_main_image: autoDraw = False
116.0248 	EXP 	end_enc_run_text: text = 'Rövid szünet.'
116.0248 	EXP 	end_enc_run_text: autoDraw = True
121.0081 	EXP 	enc_run_end_continue: autoDraw = True
123.2792 	EXP 	New trial (rep=2, index=0): None
123.2810 	DATA 	Keypress: d
123.2914 	EXP 	end_enc_run_text: autoDraw = False
123.2914 	EXP 	enc_run_end_continue: autoDraw = False
123.2914 	EXP 	start_MR_text: autoDraw = True
129.2809 	DATA 	Keypress: s
129.2810 	EXP 	Global key event: get_current_trigger_time. Calling <function get_current_trigger_time at 0x000002210B115840>.
129.2914 	EXP 	start_MR_text: autoDraw = False
129.2914 	EXP 	start_enc_run_text: autoDraw = True
132.3023 	EXP 	Imported stimuli_tables/encoding_trials_0.csv as conditions, 3 conditions, 20 params
132.3027 	EXP 	Created sequence: sequential, trialTypes=3, nReps=1, seed=None
132.3030 	EXP 	New trial (rep=0, index=0): OrderedDict([('TrialIndex', 7.0), ('Jitter', 6000.0), ('ScannerRun', 1.0), ('StimType', 'ERP'), ('Order', 2.0), ('Delay', 0.0), ('CurrentImage', 'stimuli/fractals/4a.jpg'), ('CurrentX', 0.078125), ('CurrentY', 0.4166666666666667), ('TripletMemberA', 'stimuli/fractals/4a.jpg'), ('TripletMemberB', 'stimuli/fractals/4b.jpg'), ('TripletMemberC', 'stimuli/fractals/4c.jpg'), ('Xcoordinate', 0.078125), ('Ycoordinate', 0.4166666666666667), ('Xcoordinate_lure1', 0.234375), ('Ycoordinate_lure1', 0.4166666666666667), ('Xcoordinate_lure2', 0.078125), ('Ycoordinate_lure2', 0.1388888888888889), ('Xcoordinate_foil', -0.390625), ('Ycoordinate_foil', -0.1388888888888889)])
132.3247 	EXP 	start_enc_run_text: autoDraw = False
132.3247 	EXP 	start_enc_run_text: autoDraw = False
132.3247 	EXP 	enc_fx_cross: pos = array([0.078125  , 0.41666667])
132.3247 	EXP 	enc_fx_interior: autoDraw = True
132.3247 	EXP 	enc_fx_cross: autoDraw = True
138.3408 	EXP 	enc_fx_interior: autoDraw = False
138.3408 	EXP 	enc_fx_cross: autoDraw = False
138.3408 	EXP 	enc_fx_interior: autoDraw = False
138.3408 	EXP 	enc_fx_cross: autoDraw = False
138.3408 	EXP 	enc_trial_main_image: pos = array([0.078125  , 0.41666667])
138.3408 	EXP 	enc_trial_main_image: size = array([0.3125    , 0.55555556])
138.3408 	EXP 	enc_trial_main_image: image = 'stimuli/fractals/4a.jpg'
138.3408 	EXP 	enc_trial_interior: autoDraw = True
138.3408 	EXP 	enc_trial_main_image: autoDraw = True
141.3251 	EXP 	New trial (rep=0, index=1): OrderedDict([('TrialIndex', 8.0), ('Jitter', 2000.0), ('ScannerRun', 1.0), ('StimType', 'ERP'), ('Order', 1.0), ('Delay', 5.0), ('CurrentImage', 'stimuli/fractals/7c.jpg'), ('CurrentX', 0.390625), ('CurrentY', 0.1388888888888889), ('TripletMemberA', 'stimuli/fractals/7c.jpg'), ('TripletMemberB', 'stimuli/fractals/7b.jpg'), ('TripletMemberC', 'stimuli/fractals/7a.jpg'), ('Xcoordinate', 0.390625), ('Ycoordinate', 0.1388888888888889), ('Xcoordinate_lure1', 0.390625), ('Ycoordinate_lure1', -0.1388888888888889), ('Xcoordinate_lure2', 0.390625), ('Ycoordinate_lure2', 0.4166666666666667), ('Xcoordinate_foil', -0.234375), ('Ycoordinate_foil', 0.4166666666666667)])
141.3408 	EXP 	enc_trial_interior: autoDraw = False
141.3408 	EXP 	enc_trial_main_image: autoDraw = False
141.3408 	EXP 	enc_fx_cross: pos = array([0.390625  , 0.13888889])
141.3408 	EXP 	enc_fx_interior: autoDraw = True
141.3408 	EXP 	enc_fx_cross: autoDraw = True
143.3407 	EXP 	enc_fx_interior: autoDraw = False
143.3407 	EXP 	enc_fx_cross: autoDraw = False
143.3407 	EXP 	enc_fx_interior: autoDraw = False
143.3407 	EXP 	enc_fx_cross: autoDraw = False
143.3407 	EXP 	enc_trial_main_image: pos = array([0.390625  , 0.13888889])
143.3407 	EXP 	enc_trial_main_image: size = array([0.3125    , 0.55555556])
143.3407 	EXP 	enc_trial_main_image: image = 'stimuli/fractals/7c.jpg'
143.3407 	EXP 	enc_trial_interior: autoDraw = True
143.3407 	EXP 	enc_trial_main_image: autoDraw = True
146.3261 	EXP 	New trial (rep=0, index=2): OrderedDict([('TrialIndex', 9.0), ('Jitter', 2000.0), ('ScannerRun', 1.0), ('StimType', 'LLP'), ('Order', 2.0), ('Delay', 0.0), ('CurrentImage', 'stimuli/fractals/25c.jpg'), ('CurrentX', 0.234375), ('CurrentY', 0.4166666666666667), ('TripletMemberA', 'stimuli/fractals/25c.jpg'), ('TripletMemberB', 'stimuli/fractals/25b.jpg'), ('TripletMemberC', 'stimuli/fractals/25a.jpg'), ('Xcoordinate', 0.390625), ('Ycoordinate', 0.4166666666666667), ('Xcoordinate_lure1', 0.234375), ('Ycoordinate_lure1', 0.4166666666666667), ('Xcoordinate_lure2', 0.390625), ('Ycoordinate_lure2', 0.1388888888888889), ('Xcoordinate_foil', -0.078125), ('Ycoordinate_foil', -0.4166666666666667)])
146.3406 	EXP 	enc_trial_interior: autoDraw = False
146.3406 	EXP 	enc_trial_main_image: autoDraw = False
146.3406 	EXP 	enc_trial_interior: autoDraw = False
146.3406 	EXP 	enc_trial_main_image: autoDraw = False
146.3406 	EXP 	enc_fx_cross: pos = array([0.234375  , 0.41666667])
146.3406 	EXP 	enc_fx_interior: autoDraw = True
146.3406 	EXP 	enc_fx_cross: autoDraw = True
148.3406 	EXP 	enc_fx_interior: autoDraw = False
148.3406 	EXP 	enc_fx_cross: autoDraw = False
148.3406 	EXP 	enc_fx_interior: autoDraw = False
148.3406 	EXP 	enc_fx_cross: autoDraw = False
148.3406 	EXP 	enc_trial_main_image: pos = array([0.234375  , 0.41666667])
148.3406 	EXP 	enc_trial_main_image: size = array([0.3125    , 0.55555556])
148.3406 	EXP 	enc_trial_main_image: image = 'stimuli/fractals/25c.jpg'
148.3406 	EXP 	enc_trial_interior: autoDraw = True
148.3406 	EXP 	enc_trial_main_image: autoDraw = True
151.3405 	EXP 	enc_trial_interior: autoDraw = False
151.3405 	EXP 	enc_trial_main_image: autoDraw = False
151.3405 	EXP 	enc_trial_interior: autoDraw = False
151.3405 	EXP 	enc_trial_main_image: autoDraw = False
151.3405 	EXP 	end_enc_run_text: text = 'Vége az első feladatnak.'
151.3405 	EXP 	end_enc_run_text: autoDraw = True
156.3237 	EXP 	enc_run_end_continue: autoDraw = True
186.0141 	DATA 	Keypress: d
186.0234 	EXP 	end_enc_run_text: autoDraw = False
186.0234 	EXP 	enc_run_end_continue: autoDraw = False
186.0234 	EXP 	inter_task_break_text: autoDraw = True
207.6250 	DATA 	Keypress: right
209.4089 	DATA 	Keypress: escape
210.3292 	EXP 	window1: mouseVisible = True
