13.1171 	WARNING 	Monitor specification not found. Creating a temporary one...
14.7922 	EXP 	Created window1 = Window(allowGUI=False, allowStencil=False, autoLog=True, backendConf=UNKNOWN, bitsMode=UNKNOWN, blendMode='avg', bpc=(8, 8, 8), color=array([0.114, 0.31 , 0.38 ]), colorSpace='rgb', depthBits=8, fullscr=<method-wrapper '__getattribute__' of attributeSetter object at 0x000000001CE78F28>, gamma=None, gammaErrorPolicy='raise', lms=UNKNOWN, monitor=<psychopy.monitors.calibTools.Monitor object at 0x000000001CE1A7F0>, multiSample=False, name='window1', numSamples=2, pos=[0.0, 0.0], screen=1, size=array([1920, 1080]), stencilBits=0, stereo=False, units='height', useFBO=True, useRetina=False, viewOri=0.0, viewPos=None, viewScale=None, waitBlanking=True, winType='pyglet')
14.7923 	EXP 	window1: mouseVisible = True
14.7923 	EXP 	window1: recordFrameIntervals = False
14.9585 	EXP 	window1: recordFrameIntervals = True
15.1433 	EXP 	window1: recordFrameIntervals = False
15.6012 	EXP 	Created welcome_text = TextStim(__class__=<class 'psychopy.visual.text.TextStim'>, alignHoriz=method-wrapper(...), alignText='center', alignVert=method-wrapper(...), anchorHoriz='center', anchorVert='center', antialias=True, autoLog=True, bold=False, color=array([-1, -1, -1]), colorSpace='rgb', contrast=1.0, depth=0.0, flipHoriz=False, flipVert=False, font='Arial', fontFiles=[], height=0.1, italic=False, languageStyle='LTR', name='welcome_text', opacity=1, ori=0, pos=array([0., 0.]), rgb=UNKNOWN, text='Üdvözöljük a TTK Agyi Képalkotó Központjában!', units='height', win=Window(...), wrapWidth=1)
15.6997 	EXP 	window1: mouseVisible = False
15.7113 	EXP 	Created anatomy_text = TextStim(__class__=<class 'psychopy.visual.text.TextStim'>, alignHoriz=method-wrapper(...), alignText='center', alignVert=method-wrapper(...), anchorHoriz='center', anchorVert='center', antialias=True, autoLog=True, bold=False, color=array([-1, -1, -1]), colorSpace='rgb', contrast=1.0, depth=0.0, flipHoriz=False, flipVert=False, font='Arial', fontFiles=[], height=0.05, italic=False, languageStyle='LTR', name='anatomy_text', opacity=1, ori=0, pos=array([0., 0.]), rgb=UNKNOWN, text=str(...), units='height', win=Window(...), wrapWidth=1)
15.7190 	EXP 	Created general_instructions_continue = TextStim(__class__=<class 'psychopy.visual.text.TextStim'>, alignHoriz=method-wrapper(...), alignText='center', alignVert=method-wrapper(...), anchorHoriz='center', anchorVert='center', antialias=True, autoLog=True, bold=False, color=array([-1, -1, -1]), colorSpace='rgb', contrast=1.0, depth=-2.0, flipHoriz=False, flipVert=False, font='Arial', fontFiles=[], height=0.05, italic=False, languageStyle='LTR', name='general_instructions_continue', opacity=1, ori=0, pos=array([ 0. , -0.4]), rgb=UNKNOWN, text=str(...), units='height', win=Window(...), wrapWidth=1)
15.7316 	EXP 	Created choose_video_text = TextStim(__class__=<class 'psychopy.visual.text.TextStim'>, alignHoriz=method-wrapper(...), alignText='center', alignVert=method-wrapper(...), anchorHoriz='center', anchorVert='center', antialias=True, autoLog=True, bold=False, color=array([-1, -1, -1]), colorSpace='rgb', contrast=1.0, depth=0.0, flipHoriz=False, flipVert=False, font='Arial', fontFiles=[], height=0.05, italic=False, languageStyle='LTR', name='choose_video_text', opacity=1, ori=0, pos=array([0., 0.]), rgb=UNKNOWN, text=str(...), units='height', win=Window(...), wrapWidth=1)
15.7715 	EXP 	Created loading_text = TextStim(__class__=<class 'psychopy.visual.text.TextStim'>, alignHoriz=method-wrapper(...), alignText='center', alignVert=method-wrapper(...), anchorHoriz='center', anchorVert='center', antialias=True, autoLog=True, bold=False, color=array([-1, -1, -1]), colorSpace='rgb', contrast=1.0, depth=-1.0, flipHoriz=False, flipVert=False, font='Open Sans', fontFiles=[], height=0.1, italic=False, languageStyle='LTR', name='loading_text', opacity=1, ori=0.0, pos=array([0., 0.]), rgb=UNKNOWN, text='A videó betölt...', units='height', win=Window(...), wrapWidth=1)
15.7940 	EXP 	Created rest_instructions_text = TextStim(__class__=<class 'psychopy.visual.text.TextStim'>, alignHoriz=method-wrapper(...), alignText='center', alignVert=method-wrapper(...), anchorHoriz='center', anchorVert='center', antialias=True, autoLog=True, bold=False, color=array([-1, -1, -1]), colorSpace='rgb', contrast=1.0, depth=0.0, flipHoriz=False, flipVert=False, font='Arial', fontFiles=[], height=0.03, italic=False, languageStyle='LTR', name='rest_instructions_text', opacity=1, ori=0, pos=array([0., 0.]), rgb=UNKNOWN, text=str(...), units='height', win=Window(...), wrapWidth=1)
15.7973 	EXP 	Created rest_instructions_continue = TextStim(__class__=<class 'psychopy.visual.text.TextStim'>, alignHoriz=method-wrapper(...), alignText='center', alignVert=method-wrapper(...), anchorHoriz='center', anchorVert='center', antialias=True, autoLog=True, bold=False, color=array([-1, -1, -1]), colorSpace='rgb', contrast=1.0, depth=-2.0, flipHoriz=False, flipVert=False, font='Arial', fontFiles=[], height=0.03, italic=False, languageStyle='LTR', name='rest_instructions_continue', opacity=1, ori=0, pos=array([ 0. , -0.4]), rgb=UNKNOWN, text=str(...), units='height', win=Window(...), wrapWidth=1)
15.7996 	EXP 	Created fx_cross = TextStim(__class__=<class 'psychopy.visual.text.TextStim'>, alignHoriz=method-wrapper(...), alignText='center', alignVert=method-wrapper(...), anchorHoriz='center', anchorVert='center', antialias=True, autoLog=True, bold=False, color=array([-1, -1, -1]), colorSpace='rgb', contrast=1.0, depth=0.0, flipHoriz=False, flipVert=False, font='Arial', fontFiles=[], height=0.1, italic=False, languageStyle='LTR', name='fx_cross', opacity=1, ori=0, pos=array([0., 0.]), rgb=UNKNOWN, text='+', units='height', win=Window(...), wrapWidth=0.65)
15.8068 	EXP 	Created prepare_task_text = TextStim(__class__=<class 'psychopy.visual.text.TextStim'>, alignHoriz=method-wrapper(...), alignText='center', alignVert=method-wrapper(...), anchorHoriz='center', anchorVert='center', antialias=True, autoLog=True, bold=False, color=array([-1, -1, -1]), colorSpace='rgb', contrast=1.0, depth=-1.0, flipHoriz=False, flipVert=False, font='Arial', fontFiles=[], height=0.05, italic=False, languageStyle='LTR', name='prepare_task_text', opacity=1, ori=0, pos=array([0., 0.]), rgb=UNKNOWN, text='Most a feladatok következnek.', units='height', win=Window(...), wrapWidth=0.52)
15.8142 	EXP 	Created prepare_task_button_text = TextStim(__class__=<class 'psychopy.visual.text.TextStim'>, alignHoriz=method-wrapper(...), alignText='center', alignVert=method-wrapper(...), anchorHoriz='center', anchorVert='center', antialias=True, autoLog=True, bold=False, color=array([-1, -1, -1]), colorSpace='rgb', contrast=1.0, depth=-3.0, flipHoriz=False, flipVert=False, font='Arial', fontFiles=[], height=0.05, italic=False, languageStyle='LTR', name='prepare_task_button_text', opacity=1, ori=0, pos=array([ 0. , -0.2]), rgb=UNKNOWN, text=str(...), units='height', win=Window(...), wrapWidth=0.52)
15.8443 	EXP 	welcome_text: autoDraw = True
44.9157 	DATA 	Keypress: space
44.9277 	EXP 	welcome_text: autoDraw = False
44.9277 	EXP 	anatomy_text: autoDraw = True
49.9076 	EXP 	general_instructions_continue: autoDraw = True
55.0952 	DATA 	Keypress: d
55.1077 	EXP 	anatomy_text: autoDraw = False
55.1077 	EXP 	general_instructions_continue: autoDraw = False
55.1077 	EXP 	choose_video_text: autoDraw = True
64.2798 	EXP 	window1: recordFrameIntervals = False
64.2815 	DATA 	Keypress: d
64.2938 	EXP 	choose_video_text: autoDraw = False
64.2938 	EXP 	loading_text: autoDraw = True
64.2938 	EXP 	window1: recordFrameIntervals = False
68.3455 	EXP 	Created video_file = MovieStim3(__class__=<class 'psychopy.visual.movie3.MovieStim3'>, autoLog=True, color=UNKNOWN, colorSpace=UNKNOWN, depth=0.0, filename='stimuli/beauty_of_africa.mp4', flipHoriz=False, flipVert=False, fps=UNKNOWN, interpolate=True, loop=True, name='video_file', noAudio=False, opacity=1, ori=method-wrapper(...), pos=array([0., 0.]), size=method-wrapper(...), units='pix', vframe_callback=UNKNOWN, volume=UNKNOWN, win=Window(...))
71.3425 	EXP 	Sound  started
71.3535 	EXP 	loading_text: autoDraw = False
71.3535 	EXP 	loading_text: autoDraw = False
71.3535 	EXP 	video_file: autoLog = True
71.3535 	EXP 	video_file: movie = 'stimuli/beauty_of_africa.mp4'
71.3535 	EXP 	video_file: size = array([1920., 1080.])
71.3535 	EXP 	video_file: ori = 0
71.3535 	EXP 	video_file: autoDraw = True
455.2517 	EXP 	Sound  reached end of file
457.1202 	EXP 	Sound  started
457.1785 	EXP 	Set video_file finished
607.5667 	EXP 	Sound  stopped
607.5722 	DATA 	Keypress: space
607.5800 	EXP 	video_file: autoDraw = False
607.5800 	EXP 	rest_instructions_text: autoDraw = True
617.5649 	EXP 	rest_instructions_continue: autoDraw = True
620.7865 	DATA 	Keypress: d
620.7982 	EXP 	rest_instructions_text: autoDraw = False
620.7982 	EXP 	rest_instructions_continue: autoDraw = False
620.7982 	EXP 	fx_cross: autoDraw = True
1207.7581 	EXP 	fx_cross: autoDraw = False
1207.7581 	EXP 	prepare_task_text: autoDraw = True
1212.7376 	EXP 	prepare_task_button_text: autoDraw = True
1216.6211 	EXP 	prepare_task_text: autoDraw = False
1216.6211 	EXP 	prepare_task_button_text: autoDraw = False
1216.6266 	EXP 	window1: mouseVisible = True
