0.6801 	WARNING 	We strongly recommend you activate the PTB sound engine in PsychoPy prefs as the preferred audio engine. Its timing is vastly superior. Your prefs are currently set to use ['sounddevice', 'PTB', 'pyo', 'pygame'] (in that order).
0.6802 	WARNING 	Requested audio device 'Speakers (Realtek HD Audio output)' that is not available on this hardware. The 'audioDevice' preference should be one of ['24P1W1 (NVIDIA High Definition ']
10.1898 	WARNING 	Monitor specification not found. Creating a temporary one...
10.9562 	EXP 	Created window1 = Window(allowGUI=False, allowStencil=False, args=UNKNOWN, autoLog=True, bitsMode=UNKNOWN, blendMode='avg', bpc=(8, 8, 8), color=array([0.804, 0.804, 0.961]), colorSpace='rgb', depthBits=8, fullscr=<method-wrapper '__getattribute__' of attributeSetter object at 0x00000198154C9E48>, gamma=None, gammaErrorPolicy='raise', kwargs=UNKNOWN, lms=UNKNOWN, monitor=<psychopy.monitors.calibTools.Monitor object at 0x000001981505AB70>, multiSample=False, name='window1', numSamples=2, pos=[0.0, 0.0], screen=0, size=array([1920, 1080]), stencilBits=0, stereo=False, units='height', useFBO=True, useRetina=False, viewOri=0.0, viewPos=None, viewScale=None, waitBlanking=True, winType='pyglet')
10.9562 	EXP 	window1: recordFrameIntervals = False
11.1224 	EXP 	window1: recordFrameIntervals = True
11.3058 	EXP 	window1: recordFrameIntervals = False
11.4391 	EXP 	Created start_recognition_text = TextStim(__class__=<class 'psychopy.visual.text.TextStim'>, alignHoriz=method-wrapper(...), alignText='center', alignVert=method-wrapper(...), anchorHoriz='center', anchorVert='center', antialias=True, autoLog=True, bold=False, color='black', colorSpace='named', contrast=1.0, depth=-2.0, flipHoriz=False, flipVert=False, font='Arial', fontFiles=[], height=0.1, italic=False, languageStyle='LTR', name='start_recognition_text', opacity=1.0, ori=0, pos=array([0., 0.]), rgb=array([0., 0., 0.]), text='Második feladat\nKépfelismerés', units='height', win=Window(...), wrapWidth=1)
11.4611 	EXP 	Created rec_instructions_1_text = TextStim(__class__=<class 'psychopy.visual.text.TextStim'>, alignHoriz=method-wrapper(...), alignText='center', alignVert=method-wrapper(...), anchorHoriz='center', anchorVert='center', antialias=True, autoLog=True, bold=False, color='black', colorSpace='named', contrast=1.0, depth=0.0, flipHoriz=False, flipVert=False, font='Arial', fontFiles=[], height=0.03, italic=False, languageStyle='LTR', name='rec_instructions_1_text', opacity=1.0, ori=0, pos=array([0., 0.]), rgb=array([0., 0., 0.]), text=str(...), units='height', win=Window(...), wrapWidth=1)
11.4643 	EXP 	Created rec_instructions_1_continue = TextStim(__class__=<class 'psychopy.visual.text.TextStim'>, alignHoriz=method-wrapper(...), alignText='center', alignVert=method-wrapper(...), anchorHoriz='center', anchorVert='center', antialias=True, autoLog=True, bold=False, color='black', colorSpace='named', contrast=1.0, depth=-2.0, flipHoriz=False, flipVert=False, font='Arial', fontFiles=[], height=0.03, italic=False, languageStyle='LTR', name='rec_instructions_1_continue', opacity=1.0, ori=0, pos=array([ 0. , -0.4]), rgb=array([0., 0., 0.]), text=str(...), units='height', win=Window(...), wrapWidth=1)
11.4991 	EXP 	Created rec_instructions2_text = TextStim(__class__=<class 'psychopy.visual.text.TextStim'>, alignHoriz=method-wrapper(...), alignText='center', alignVert=method-wrapper(...), anchorHoriz='center', anchorVert='center', antialias=True, autoLog=True, bold=False, color='black', colorSpace='named', contrast=1.0, depth=0.0, flipHoriz=False, flipVert=False, font='Arial', fontFiles=[], height=0.025, italic=False, languageStyle='LTR', name='rec_instructions2_text', opacity=1.0, ori=0, pos=array([0., 0.]), rgb=array([0., 0., 0.]), text=str(...), units='height', win=Window(...), wrapWidth=1)
11.5020 	EXP 	Created rec_instructions_2_continue = TextStim(__class__=<class 'psychopy.visual.text.TextStim'>, alignHoriz=method-wrapper(...), alignText='center', alignVert=method-wrapper(...), anchorHoriz='center', anchorVert='center', antialias=True, autoLog=True, bold=False, color='black', colorSpace='named', contrast=1.0, depth=-2.0, flipHoriz=False, flipVert=False, font='Arial', fontFiles=[], height=0.03, italic=False, languageStyle='LTR', name='rec_instructions_2_continue', opacity=1.0, ori=0, pos=array([ 0. , -0.4]), rgb=array([0., 0., 0.]), text=str(...), units='height', win=Window(...), wrapWidth=1)
11.5092 	EXP 	Created rec_instruction_2_title = TextStim(__class__=<class 'psychopy.visual.text.TextStim'>, alignHoriz=method-wrapper(...), alignText='center', alignVert=method-wrapper(...), anchorHoriz='center', anchorVert='center', antialias=True, autoLog=True, bold=False, color='black', colorSpace='named', contrast=1.0, depth=-3.0, flipHoriz=False, flipVert=False, font='Arial', fontFiles=[], height=0.05, italic=False, languageStyle='LTR', name='rec_instruction_2_title', opacity=1.0, ori=0, pos=array([0. , 0.4]), rgb=array([0., 0., 0.]), text="'Kép' alfeladat", units='height', win=Window(...), wrapWidth=1)
11.5280 	EXP 	Created rec_instrauction_3_text = TextStim(__class__=<class 'psychopy.visual.text.TextStim'>, alignHoriz=method-wrapper(...), alignText='center', alignVert=method-wrapper(...), anchorHoriz='center', anchorVert='center', antialias=True, autoLog=True, bold=False, color='black', colorSpace='named', contrast=1.0, depth=0.0, flipHoriz=False, flipVert=False, font='Arial', fontFiles=[], height=0.025, italic=False, languageStyle='LTR', name='rec_instrauction_3_text', opacity=1.0, ori=0, pos=array([0., 0.]), rgb=array([0., 0., 0.]), text=str(...), units='height', win=Window(...), wrapWidth=1)
11.5385 	EXP 	Created rec_instructions_3_continue = TextStim(__class__=<class 'psychopy.visual.text.TextStim'>, alignHoriz=method-wrapper(...), alignText='center', alignVert=method-wrapper(...), anchorHoriz='center', anchorVert='center', antialias=True, autoLog=True, bold=False, color='black', colorSpace='named', contrast=1.0, depth=-2.0, flipHoriz=False, flipVert=False, font='Arial', fontFiles=[], height=0.03, italic=False, languageStyle='LTR', name='rec_instructions_3_continue', opacity=1.0, ori=0, pos=array([ 0. , -0.4]), rgb=array([0., 0., 0.]), text=str(...), units='height', win=Window(...), wrapWidth=1)
11.5423 	EXP 	Created rec_instruction_3_title = TextStim(__class__=<class 'psychopy.visual.text.TextStim'>, alignHoriz=method-wrapper(...), alignText='center', alignVert=method-wrapper(...), anchorHoriz='center', anchorVert='center', antialias=True, autoLog=True, bold=False, color='black', colorSpace='named', contrast=1.0, depth=-3.0, flipHoriz=False, flipVert=False, font='Arial', fontFiles=[], height=0.05, italic=False, languageStyle='LTR', name='rec_instruction_3_title', opacity=1.0, ori=0, pos=array([0. , 0.4]), rgb=array([0., 0., 0.]), text="'Hely' alfeladat", units='height', win=Window(...), wrapWidth=1)
11.5651 	EXP 	Created rec_instructions_4_text = TextStim(__class__=<class 'psychopy.visual.text.TextStim'>, alignHoriz=method-wrapper(...), alignText='center', alignVert=method-wrapper(...), anchorHoriz='center', anchorVert='center', antialias=True, autoLog=True, bold=False, color='black', colorSpace='named', contrast=1.0, depth=0.0, flipHoriz=False, flipVert=False, font='Arial', fontFiles=[], height=0.05, italic=False, languageStyle='LTR', name='rec_instructions_4_text', opacity=1.0, ori=0, pos=array([0., 0.]), rgb=array([0., 0., 0.]), text=str(...), units='height', win=Window(...), wrapWidth=1)
11.5678 	EXP 	Created rec_instructions_4_continue = TextStim(__class__=<class 'psychopy.visual.text.TextStim'>, alignHoriz=method-wrapper(...), alignText='center', alignVert=method-wrapper(...), anchorHoriz='center', anchorVert='center', antialias=True, autoLog=True, bold=False, color='black', colorSpace='named', contrast=1.0, depth=-2.0, flipHoriz=False, flipVert=False, font='Arial', fontFiles=[], height=0.03, italic=False, languageStyle='LTR', name='rec_instructions_4_continue', opacity=1.0, ori=0, pos=array([ 0. , -0.4]), rgb=array([0., 0., 0.]), text=str(...), units='height', win=Window(...), wrapWidth=1)
11.5802 	EXP 	Created start_practice_text = TextStim(__class__=<class 'psychopy.visual.text.TextStim'>, alignHoriz=method-wrapper(...), alignText='center', alignVert=method-wrapper(...), anchorHoriz='center', anchorVert='center', antialias=True, autoLog=True, bold=False, color='black', colorSpace='named', contrast=1.0, depth=0.0, flipHoriz=False, flipVert=False, font='Arial', fontFiles=[], height=0.1, italic=False, languageStyle='LTR', name='start_practice_text', opacity=1.0, ori=0, pos=array([0., 0.]), rgb=array([0., 0., 0.]), text='Kezdődik a gyakorlás...', units='height', win=Window(...), wrapWidth=1)
11.5852 	EXP 	Created rec_practice_block_text = TextStim(__class__=<class 'psychopy.visual.text.TextStim'>, alignHoriz=method-wrapper(...), alignText='center', alignVert=method-wrapper(...), anchorHoriz='center', anchorVert='center', antialias=True, autoLog=True, bold=False, color='black', colorSpace='named', contrast=1.0, depth=-1.0, flipHoriz=False, flipVert=False, font='Arial', fontFiles=[], height=0.1, italic=False, languageStyle='LTR', name='rec_practice_block_text', opacity=1.0, ori=0, pos=array([0., 0.]), rgb=array([0., 0., 0.]), text='default text', units='height', win=Window(...), wrapWidth=1)
11.6997 	EXP 	Created practice_rec_fx_interior = ImageStim(__class__=<class 'psychopy.visual.image.ImageStim'>, autoLog=True, color=array([1., 1., 1.]), colorSpace='rgb', contrast=1.0, depth=0.0, flipHoriz=False, flipVert=False, image='stimuli/GalleryInterior.png', interpolate=True, mask=None, maskParams=None, name='practice_rec_fx_interior', opacity=1.0, ori=0.0, pos=array([0., 0.]), size=array([2., 2.]), texRes=128, units='norm', win=Window(...))
11.7018 	EXP 	Created practice_rec_fx_cross = TextStim(__class__=<class 'psychopy.visual.text.TextStim'>, alignHoriz=method-wrapper(...), alignText='center', alignVert=method-wrapper(...), anchorHoriz='center', anchorVert='center', antialias=True, autoLog=True, bold=False, color='black', colorSpace='named', contrast=1.0, depth=-1.0, flipHoriz=False, flipVert=False, font='Arial', fontFiles=[], height=0.1, italic=False, languageStyle='LTR', name='practice_rec_fx_cross', opacity=1.0, ori=0, pos=array([0., 0.]), rgb=array([0., 0., 0.]), text='+', units='norm', win=Window(...), wrapWidth=1)
11.7053 	EXP 	Created practice_rec_fx_text_block = TextStim(__class__=<class 'psychopy.visual.text.TextStim'>, alignHoriz=method-wrapper(...), alignText='center', alignVert=method-wrapper(...), anchorHoriz='center', anchorVert='center', antialias=True, autoLog=True, bold=False, color='black', colorSpace='named', contrast=1.0, depth=-3.0, flipHoriz=False, flipVert=False, font='Arial', fontFiles=[], height=0.05, italic=False, languageStyle='LTR', name='practice_rec_fx_text_block', opacity=1.0, ori=0, pos=array([0.  , 0.87]), rgb=array([0., 0., 0.]), text='default text', units='norm', win=Window(...), wrapWidth=1)
11.7103 	EXP 	Created practice_rec_fx_instructions_text = TextStim(__class__=<class 'psychopy.visual.text.TextStim'>, alignHoriz=method-wrapper(...), alignText='center', alignVert=method-wrapper(...), anchorHoriz='center', anchorVert='center', antialias=True, autoLog=True, bold=False, color='black', colorSpace='named', contrast=1.0, depth=-4.0, flipHoriz=False, flipVert=False, font='Arial', fontFiles=[], height=0.05, italic=False, languageStyle='LTR', name='practice_rec_fx_instructions_text', opacity=1.0, ori=0, pos=array([ 0.   , -0.833]), rgb=array([0., 0., 0.]), text=str(...), units='norm', win=Window(...), wrapWidth=1)
11.8078 	EXP 	Created practice_rec_trial_interior = ImageStim(__class__=<class 'psychopy.visual.image.ImageStim'>, autoLog=True, color=array([1., 1., 1.]), colorSpace='rgb', contrast=1.0, depth=0.0, flipHoriz=False, flipVert=False, image='stimuli/GalleryInterior.png', interpolate=True, mask=None, maskParams=None, name='practice_rec_trial_interior', opacity=1.0, ori=0.0, pos=array([0., 0.]), size=array([2., 2.]), texRes=128, units='norm', win=Window(...))
11.8108 	EXP 	Created practice_rec_trial_main_image = ImageStim(__class__=<class 'psychopy.visual.image.ImageStim'>, autoLog=True, color=array([1., 1., 1.]), colorSpace='rgb', contrast=1.0, depth=-1.0, flipHoriz=False, flipVert=False, image='sin', interpolate=True, mask=None, maskParams=None, name='practice_rec_trial_main_image', opacity=1.0, ori=0.0, pos=array([0., 0.]), size=array([1., 1.]), texRes=128, units='norm', win=Window(...))
11.8123 	EXP 	Created practice_rec_trial_text_block = TextStim(__class__=<class 'psychopy.visual.text.TextStim'>, alignHoriz=method-wrapper(...), alignText='center', alignVert=method-wrapper(...), anchorHoriz='center', anchorVert='center', antialias=True, autoLog=True, bold=False, color='black', colorSpace='named', contrast=1.0, depth=-3.0, flipHoriz=False, flipVert=False, font='Arial', fontFiles=[], height=0.05, italic=False, languageStyle='LTR', name='practice_rec_trial_text_block', opacity=1.0, ori=0, pos=array([0.  , 0.87]), rgb=array([0., 0., 0.]), text='default text', units='norm', win=Window(...), wrapWidth=1)
11.8144 	EXP 	Created practice_rec_trial_instructions_text = TextStim(__class__=<class 'psychopy.visual.text.TextStim'>, alignHoriz=method-wrapper(...), alignText='center', alignVert=method-wrapper(...), anchorHoriz='center', anchorVert='center', antialias=True, autoLog=True, bold=False, color='black', colorSpace='named', contrast=1.0, depth=-4.0, flipHoriz=False, flipVert=False, font='Arial', fontFiles=[], height=0.05, italic=False, languageStyle='LTR', name='practice_rec_trial_instructions_text', opacity=1.0, ori=0, pos=array([ 0.   , -0.833]), rgb=array([0., 0., 0.]), text=str(...), units='norm', win=Window(...), wrapWidth=1)
11.8183 	EXP 	Created rec_practice_feedback_text = TextStim(__class__=<class 'psychopy.visual.text.TextStim'>, alignHoriz=method-wrapper(...), alignText='center', alignVert=method-wrapper(...), anchorHoriz='center', anchorVert='center', antialias=True, autoLog=True, bold=False, color='black', colorSpace='named', contrast=1.0, depth=-1.0, flipHoriz=False, flipVert=False, font='Arial', fontFiles=[], height=0.05, italic=False, languageStyle='LTR', name='rec_practice_feedback_text', opacity=1.0, ori=0, pos=array([0., 0.]), rgb=array([0., 0., 0.]), text='default text', units='height', win=Window(...), wrapWidth=1)
11.8281 	EXP 	Created end_practice_text = TextStim(__class__=<class 'psychopy.visual.text.TextStim'>, alignHoriz=method-wrapper(...), alignText='center', alignVert=method-wrapper(...), anchorHoriz='center', anchorVert='center', antialias=True, autoLog=True, bold=False, color='black', colorSpace='named', contrast=1.0, depth=0.0, flipHoriz=False, flipVert=False, font='Arial', fontFiles=[], height=0.05, italic=False, languageStyle='LTR', name='end_practice_text', opacity=1.0, ori=0, pos=array([0., 0.]), rgb=array([0., 0., 0.]), text=str(...), units='height', win=Window(...), wrapWidth=0.8)
11.8343 	EXP 	Created end_practice_continue = TextStim(__class__=<class 'psychopy.visual.text.TextStim'>, alignHoriz=method-wrapper(...), alignText='center', alignVert=method-wrapper(...), anchorHoriz='center', anchorVert='center', antialias=True, autoLog=True, bold=False, color='black', colorSpace='named', contrast=1.0, depth=-3.0, flipHoriz=False, flipVert=False, font='Arial', fontFiles=[], height=0.03, italic=False, languageStyle='LTR', name='end_practice_continue', opacity=1.0, ori=0, pos=array([ 0. , -0.4]), rgb=array([0., 0., 0.]), text=str(...), units='height', win=Window(...), wrapWidth=1)
11.8343 	EXP 	Added new global key event: get_current_trigger_time
11.8502 	EXP 	Created start_MR_text = TextStim(__class__=<class 'psychopy.visual.text.TextStim'>, alignHoriz=method-wrapper(...), alignText='center', alignVert=method-wrapper(...), anchorHoriz='center', anchorVert='center', antialias=True, autoLog=True, bold=False, color='black', colorSpace='named', contrast=1.0, depth=-1.0, flipHoriz=False, flipVert=False, font='Arial', fontFiles=[], height=0.1, italic=False, languageStyle='LTR', name='start_MR_text', opacity=1.0, ori=0, pos=array([0., 0.]), rgb=array([0., 0., 0.]), text='A vizsgálatvezető indítja a szkennert...', units='height', win=Window(...), wrapWidth=1)
11.8588 	EXP 	Created start_rec_run_text = TextStim(__class__=<class 'psychopy.visual.text.TextStim'>, alignHoriz=method-wrapper(...), alignText='center', alignVert=method-wrapper(...), anchorHoriz='center', anchorVert='center', antialias=True, autoLog=True, bold=False, color='black', colorSpace='named', contrast=1.0, depth=-1.0, flipHoriz=False, flipVert=False, font='Arial', fontFiles=[], height=0.06, italic=False, languageStyle='LTR', name='start_rec_run_text', opacity=1.0, ori=0, pos=array([0., 0.]), rgb=array([0., 0., 0.]), text='Kezdődik a feladat...', units='height', win=Window(...), wrapWidth=1)
11.8631 	EXP 	Created start_rec_block_text = TextStim(__class__=<class 'psychopy.visual.text.TextStim'>, alignHoriz=method-wrapper(...), alignText='center', alignVert=method-wrapper(...), anchorHoriz='center', anchorVert='center', antialias=True, autoLog=True, bold=False, color='black', colorSpace='named', contrast=1.0, depth=-1.0, flipHoriz=False, flipVert=False, font='Arial', fontFiles=[], height=0.1, italic=False, languageStyle='LTR', name='start_rec_block_text', opacity=1.0, ori=0, pos=array([0., 0.]), rgb=array([0., 0., 0.]), text='default text', units='height', win=Window(...), wrapWidth=1)
11.9596 	EXP 	Created rec_fx_interior = ImageStim(__class__=<class 'psychopy.visual.image.ImageStim'>, autoLog=True, color=array([1., 1., 1.]), colorSpace='rgb', contrast=1.0, depth=0.0, flipHoriz=False, flipVert=False, image='stimuli/GalleryInterior.png', interpolate=True, mask=None, maskParams=None, name='rec_fx_interior', opacity=1.0, ori=0.0, pos=array([0., 0.]), size=array([2., 2.]), texRes=128, units='norm', win=Window(...))
11.9617 	EXP 	Created rec_fx_cross = TextStim(__class__=<class 'psychopy.visual.text.TextStim'>, alignHoriz=method-wrapper(...), alignText='center', alignVert=method-wrapper(...), anchorHoriz='center', anchorVert='center', antialias=True, autoLog=True, bold=False, color='black', colorSpace='named', contrast=1.0, depth=-1.0, flipHoriz=False, flipVert=False, font='Arial', fontFiles=[], height=0.1, italic=False, languageStyle='LTR', name='rec_fx_cross', opacity=1.0, ori=0, pos=array([0., 0.]), rgb=array([0., 0., 0.]), text='+', units='norm', win=Window(...), wrapWidth=1)
11.9666 	EXP 	Created rec_fx_text_block = TextStim(__class__=<class 'psychopy.visual.text.TextStim'>, alignHoriz=method-wrapper(...), alignText='center', alignVert=method-wrapper(...), anchorHoriz='center', anchorVert='center', antialias=True, autoLog=True, bold=False, color='black', colorSpace='named', contrast=1.0, depth=-3.0, flipHoriz=False, flipVert=False, font='Arial', fontFiles=[], height=0.05, italic=False, languageStyle='LTR', name='rec_fx_text_block', opacity=1.0, ori=0, pos=array([0.  , 0.87]), rgb=array([0., 0., 0.]), text='default text', units='norm', win=Window(...), wrapWidth=1)
11.9732 	EXP 	Created rec_fx_instructions_text = TextStim(__class__=<class 'psychopy.visual.text.TextStim'>, alignHoriz=method-wrapper(...), alignText='center', alignVert=method-wrapper(...), anchorHoriz='center', anchorVert='center', antialias=True, autoLog=True, bold=False, color='black', colorSpace='named', contrast=1.0, depth=-4.0, flipHoriz=False, flipVert=False, font='Arial', fontFiles=[], height=0.05, italic=False, languageStyle='LTR', name='rec_fx_instructions_text', opacity=1.0, ori=0, pos=array([ 0.   , -0.833]), rgb=array([0., 0., 0.]), text=str(...), units='norm', win=Window(...), wrapWidth=1)
12.0690 	EXP 	Created rec_trial_interior = ImageStim(__class__=<class 'psychopy.visual.image.ImageStim'>, autoLog=True, color=array([1., 1., 1.]), colorSpace='rgb', contrast=1.0, depth=0.0, flipHoriz=False, flipVert=False, image='stimuli/GalleryInterior.png', interpolate=True, mask=None, maskParams=None, name='rec_trial_interior', opacity=1.0, ori=0.0, pos=array([0., 0.]), size=array([2., 2.]), texRes=128, units='norm', win=Window(...))
12.0712 	EXP 	Created rec_trial_main_image = ImageStim(__class__=<class 'psychopy.visual.image.ImageStim'>, autoLog=True, color=array([1., 1., 1.]), colorSpace='rgb', contrast=1.0, depth=-1.0, flipHoriz=False, flipVert=False, image='sin', interpolate=True, mask=None, maskParams=None, name='rec_trial_main_image', opacity=1.0, ori=0.0, pos=array([0., 0.]), size=array([1., 1.]), texRes=128, units='norm', win=Window(...))
12.0728 	EXP 	Created rec_trial_text_block = TextStim(__class__=<class 'psychopy.visual.text.TextStim'>, alignHoriz=method-wrapper(...), alignText='center', alignVert=method-wrapper(...), anchorHoriz='center', anchorVert='center', antialias=True, autoLog=True, bold=False, color='black', colorSpace='named', contrast=1.0, depth=-3.0, flipHoriz=False, flipVert=False, font='Arial', fontFiles=[], height=0.05, italic=False, languageStyle='LTR', name='rec_trial_text_block', opacity=1.0, ori=0, pos=array([0.  , 0.87]), rgb=array([0., 0., 0.]), text='default text', units='norm', win=Window(...), wrapWidth=1)
12.0748 	EXP 	Created rec_trial_instructions_text = TextStim(__class__=<class 'psychopy.visual.text.TextStim'>, alignHoriz=method-wrapper(...), alignText='center', alignVert=method-wrapper(...), anchorHoriz='center', anchorVert='center', antialias=True, autoLog=True, bold=False, color='black', colorSpace='named', contrast=1.0, depth=-4.0, flipHoriz=False, flipVert=False, font='Arial', fontFiles=[], height=0.05, italic=False, languageStyle='LTR', name='rec_trial_instructions_text', opacity=1.0, ori=0, pos=array([ 0.   , -0.833]), rgb=array([0., 0., 0.]), text=str(...), units='norm', win=Window(...), wrapWidth=1)
12.0773 	EXP 	Created end_rec_run_text = TextStim(__class__=<class 'psychopy.visual.text.TextStim'>, alignHoriz=method-wrapper(...), alignText='center', alignVert=method-wrapper(...), anchorHoriz='center', anchorVert='center', antialias=True, autoLog=True, bold=False, color='black', colorSpace='named', contrast=1.0, depth=0.0, flipHoriz=False, flipVert=False, font='Arial', fontFiles=[], height=0.06, italic=False, languageStyle='LTR', name='end_rec_run_text', opacity=1.0, ori=0, pos=array([0., 0.]), rgb=array([0., 0., 0.]), text='default text', units='height', win=Window(...), wrapWidth=1)
12.0841 	EXP 	Created end_experiment_text = TextStim(__class__=<class 'psychopy.visual.text.TextStim'>, alignHoriz=method-wrapper(...), alignText='center', alignVert=method-wrapper(...), anchorHoriz='center', anchorVert='center', antialias=True, autoLog=True, bold=False, color='black', colorSpace='named', contrast=1.0, depth=0.0, flipHoriz=False, flipVert=False, font='Arial', fontFiles=[], height=0.03, italic=False, languageStyle='LTR', name='end_experiment_text', opacity=1.0, ori=0, pos=array([0.  , 0.15]), rgb=array([0., 0., 0.]), text='Köszönjük a részvételt!\n\n', units='height', win=Window(...), wrapWidth=1)
12.1579 	EXP 	start_recognition_text: autoDraw = True
14.1055 	EXP 	start_recognition_text: autoDraw = False
14.1055 	EXP 	rec_instructions_1_text: autoDraw = True
19.0721 	EXP 	rec_instructions_1_continue: autoDraw = True
20.4948 	DATA 	Keypress: d
20.5053 	EXP 	rec_instructions_1_text: autoDraw = False
20.5053 	EXP 	rec_instructions_1_continue: autoDraw = False
20.5053 	EXP 	rec_instructions2_text: autoDraw = True
20.5053 	EXP 	rec_instruction_2_title: autoDraw = True
25.4886 	EXP 	rec_instructions_2_continue: autoDraw = True
28.7278 	DATA 	Keypress: d
28.7385 	EXP 	rec_instructions2_text: autoDraw = False
28.7385 	EXP 	rec_instructions_2_continue: autoDraw = False
28.7385 	EXP 	rec_instruction_2_title: autoDraw = False
28.7385 	EXP 	rec_instrauction_3_text: autoDraw = True
28.7385 	EXP 	rec_instruction_3_title: autoDraw = True
33.7217 	EXP 	rec_instructions_3_continue: autoDraw = True
39.3778 	DATA 	Keypress: d
39.3882 	EXP 	rec_instrauction_3_text: autoDraw = False
39.3882 	EXP 	rec_instructions_3_continue: autoDraw = False
39.3882 	EXP 	rec_instruction_3_title: autoDraw = False
39.3882 	EXP 	rec_instructions_4_text: autoDraw = True
40.3716 	EXP 	rec_instructions_4_continue: autoDraw = True
41.3948 	DATA 	Keypress: d
41.4048 	EXP 	rec_instructions_4_text: autoDraw = False
41.4048 	EXP 	rec_instructions_4_continue: autoDraw = False
41.4048 	EXP 	start_practice_text: autoDraw = True
42.3905 	EXP 	Created sequence: sequential, trialTypes=1, nReps=0, seed=None
42.4048 	EXP 	start_practice_text: autoDraw = False
42.4048 	EXP 	start_practice_text: autoDraw = False
42.4048 	EXP 	end_practice_text: autoDraw = True
43.3881 	EXP 	end_practice_continue: autoDraw = True
46.8915 	EXP 	Created sequence: sequential, trialTypes=1, nReps=4, seed=None
46.8917 	EXP 	New trial (rep=0, index=0): None
46.8937 	DATA 	Keypress: d
46.9047 	EXP 	end_practice_text: autoDraw = False
46.9047 	EXP 	end_practice_continue: autoDraw = False
46.9047 	EXP 	start_MR_text: autoDraw = True
48.5436 	DATA 	Keypress: s
48.5437 	EXP 	Global key event: get_current_trigger_time. Calling <function get_current_trigger_time at 0x0000019816ECB048>.
48.5547 	EXP 	start_MR_text: autoDraw = False
48.5547 	EXP 	start_rec_run_text: autoDraw = True
49.5397 	EXP 	Created sequence: sequential, trialTypes=1, nReps=2, seed=None
49.5399 	EXP 	New trial (rep=0, index=0): None
49.5546 	EXP 	start_rec_run_text: autoDraw = False
49.5546 	EXP 	start_rec_run_text: autoDraw = False
49.5546 	EXP 	start_rec_block_text: text = 'Kép'
49.5546 	EXP 	start_rec_block_text: autoDraw = True
50.7896 	DATA 	Keypress: s
50.7897 	EXP 	Global key event: get_current_trigger_time. Calling <function get_current_trigger_time at 0x0000019816ECB048>.
51.0759 	EXP 	Imported stimuli_tables/recognition_trials_0.csv as conditions, 3 conditions, 25 params
51.0762 	EXP 	Created sequence: sequential, trialTypes=3, nReps=1, seed=None
51.0765 	EXP 	New trial (rep=0, index=0): OrderedDict([('TrialIndex', 1), ('Jitter', 500), ('ScannerRun', None), ('BlockNr', 1), ('TrialType', 'OBJ'), ('StimType', 'FOIL'), ('CurrentImage', 'stimuli/fractals/131b.jpg'), ('CurrentX', 0.234375), ('CurrentY', -0.1388888888888889), ('EncodingTrialIndex', 0.0), ('EncodingStimType', 'FOIL'), ('EncodingImage', None), ('EncodingXcoordinate', 0.0), ('EncodingYcoordinate', 0.0), ('TripletMemberA', None), ('TripletMemberB', None), ('TripletMemberC', None), ('Xcoordinate', None), ('Ycoordinate', None), ('Xcoordinate_lure1', None), ('Ycoordinate_lure1', None), ('Xcoordinate_lure2', None), ('Ycoordinate_lure2', None), ('Xcoordinate_foil', None), ('Ycoordinate_foil', None)])
51.0879 	EXP 	start_rec_block_text: autoDraw = False
51.0879 	EXP 	start_rec_block_text: autoDraw = False
51.0879 	EXP 	rec_fx_cross: pos = array([ 0.234375  , -0.13888889])
51.0879 	EXP 	rec_fx_text_block: text = 'Kép'
51.0879 	EXP 	rec_fx_interior: autoDraw = True
51.0879 	EXP 	rec_fx_cross: autoDraw = True
51.0879 	EXP 	rec_fx_text_block: autoDraw = True
51.0879 	EXP 	rec_fx_instructions_text: autoDraw = True
51.3260 	DATA 	Keypress: s
51.3261 	EXP 	Global key event: get_current_trigger_time. Calling <function get_current_trigger_time at 0x0000019816ECB048>.
51.6546 	EXP 	rec_fx_interior: autoDraw = False
51.6546 	EXP 	rec_fx_cross: autoDraw = False
51.6546 	EXP 	rec_fx_text_block: autoDraw = False
51.6546 	EXP 	rec_fx_instructions_text: autoDraw = False
51.6546 	EXP 	rec_fx_interior: autoDraw = False
51.6546 	EXP 	rec_fx_cross: autoDraw = False
51.6546 	EXP 	rec_fx_text_block: autoDraw = False
51.6546 	EXP 	rec_fx_instructions_text: autoDraw = False
51.6546 	EXP 	rec_trial_main_image: pos = array([ 0.234375  , -0.13888889])
51.6546 	EXP 	rec_trial_main_image: size = array([0.3125    , 0.55555556])
51.6546 	EXP 	rec_trial_main_image: image = 'stimuli/fractals/131b.jpg'
51.6546 	EXP 	rec_trial_text_block: text = 'Kép'
51.6546 	EXP 	rec_trial_interior: autoDraw = True
51.6546 	EXP 	rec_trial_main_image: autoDraw = True
51.6546 	EXP 	rec_trial_text_block: autoDraw = True
51.6546 	EXP 	rec_trial_instructions_text: autoDraw = True
51.8597 	DATA 	Keypress: s
51.8598 	EXP 	Global key event: get_current_trigger_time. Calling <function get_current_trigger_time at 0x0000019816ECB048>.
52.8593 	DATA 	Keypress: c
55.5890 	EXP 	New trial (rep=0, index=1): OrderedDict([('TrialIndex', 2), ('Jitter', 1000), ('ScannerRun', None), ('BlockNr', 1), ('TrialType', 'OBJ'), ('StimType', 'LURE'), ('CurrentImage', 'stimuli/fractals/42a.jpg'), ('CurrentX', -0.234375), ('CurrentY', 0.1388888888888889), ('EncodingTrialIndex', 1.0), ('EncodingStimType', 'OLP'), ('EncodingImage', 'stimuli/fractals/42c.jpg'), ('EncodingXcoordinate', -0.234375), ('EncodingYcoordinate', 0.1388888888888889), ('TripletMemberA', 'stimuli/fractals/42c.jpg'), ('TripletMemberB', 'stimuli/fractals/42b.jpg'), ('TripletMemberC', 'stimuli/fractals/42a.jpg'), ('Xcoordinate', -0.234375), ('Ycoordinate', 0.1388888888888889), ('Xcoordinate_lure1', -0.234375), ('Ycoordinate_lure1', -0.1388888888888889), ('Xcoordinate_lure2', -0.078125), ('Ycoordinate_lure2', 0.1388888888888889), ('Xcoordinate_foil', 0.234375), ('Ycoordinate_foil', -0.4166666666666667)])
55.6045 	EXP 	rec_trial_interior: autoDraw = False
55.6045 	EXP 	rec_trial_main_image: autoDraw = False
55.6045 	EXP 	rec_trial_text_block: autoDraw = False
55.6045 	EXP 	rec_trial_instructions_text: autoDraw = False
55.6045 	EXP 	rec_fx_cross: pos = array([-0.234375  ,  0.13888889])
55.6045 	EXP 	rec_fx_text_block: text = 'Kép'
55.6045 	EXP 	rec_fx_interior: autoDraw = True
55.6045 	EXP 	rec_fx_cross: autoDraw = True
55.6045 	EXP 	rec_fx_text_block: autoDraw = True
55.6045 	EXP 	rec_fx_instructions_text: autoDraw = True
56.6546 	EXP 	rec_fx_interior: autoDraw = False
56.6546 	EXP 	rec_fx_cross: autoDraw = False
56.6546 	EXP 	rec_fx_text_block: autoDraw = False
56.6546 	EXP 	rec_fx_instructions_text: autoDraw = False
56.6546 	EXP 	rec_fx_interior: autoDraw = False
56.6546 	EXP 	rec_fx_cross: autoDraw = False
56.6546 	EXP 	rec_fx_text_block: autoDraw = False
56.6546 	EXP 	rec_fx_instructions_text: autoDraw = False
56.6546 	EXP 	rec_trial_main_image: pos = array([-0.234375  ,  0.13888889])
56.6546 	EXP 	rec_trial_main_image: size = array([0.3125    , 0.55555556])
56.6546 	EXP 	rec_trial_main_image: image = 'stimuli/fractals/42a.jpg'
56.6546 	EXP 	rec_trial_text_block: text = 'Kép'
56.6546 	EXP 	rec_trial_interior: autoDraw = True
56.6546 	EXP 	rec_trial_main_image: autoDraw = True
56.6546 	EXP 	rec_trial_text_block: autoDraw = True
56.6546 	EXP 	rec_trial_instructions_text: autoDraw = True
58.4748 	DATA 	Keypress: b
60.6054 	EXP 	New trial (rep=0, index=2): OrderedDict([('TrialIndex', 3), ('Jitter', 2000), ('ScannerRun', None), ('BlockNr', 1), ('TrialType', 'OBJ'), ('StimType', 'TARGET'), ('CurrentImage', 'stimuli/fractals/64a.jpg'), ('CurrentX', -0.078125), ('CurrentY', 0.4166666666666667), ('EncodingTrialIndex', 2.0), ('EncodingStimType', 'OLP'), ('EncodingImage', 'stimuli/fractals/64a.jpg'), ('EncodingXcoordinate', -0.078125), ('EncodingYcoordinate', 0.4166666666666667), ('TripletMemberA', 'stimuli/fractals/64a.jpg'), ('TripletMemberB', 'stimuli/fractals/64c.jpg'), ('TripletMemberC', 'stimuli/fractals/64b.jpg'), ('Xcoordinate', -0.078125), ('Ycoordinate', 0.4166666666666667), ('Xcoordinate_lure1', -0.234375), ('Ycoordinate_lure1', 0.4166666666666667), ('Xcoordinate_lure2', -0.078125), ('Ycoordinate_lure2', 0.1388888888888889), ('Xcoordinate_foil', -0.390625), ('Ycoordinate_foil', -0.4166666666666667)])
60.6212 	EXP 	rec_trial_interior: autoDraw = False
60.6212 	EXP 	rec_trial_main_image: autoDraw = False
60.6212 	EXP 	rec_trial_text_block: autoDraw = False
60.6212 	EXP 	rec_trial_instructions_text: autoDraw = False
60.6212 	EXP 	rec_fx_cross: pos = array([-0.078125  ,  0.41666667])
60.6212 	EXP 	rec_fx_text_block: text = 'Kép'
60.6212 	EXP 	rec_fx_interior: autoDraw = True
60.6212 	EXP 	rec_fx_cross: autoDraw = True
60.6212 	EXP 	rec_fx_text_block: autoDraw = True
60.6212 	EXP 	rec_fx_instructions_text: autoDraw = True
62.6545 	EXP 	rec_fx_interior: autoDraw = False
62.6545 	EXP 	rec_fx_cross: autoDraw = False
62.6545 	EXP 	rec_fx_text_block: autoDraw = False
62.6545 	EXP 	rec_fx_instructions_text: autoDraw = False
62.6545 	EXP 	rec_fx_interior: autoDraw = False
62.6545 	EXP 	rec_fx_cross: autoDraw = False
62.6545 	EXP 	rec_fx_text_block: autoDraw = False
62.6545 	EXP 	rec_fx_instructions_text: autoDraw = False
62.6545 	EXP 	rec_trial_main_image: pos = array([-0.078125  ,  0.41666667])
62.6545 	EXP 	rec_trial_main_image: size = array([0.3125    , 0.55555556])
62.6545 	EXP 	rec_trial_main_image: image = 'stimuli/fractals/64a.jpg'
62.6545 	EXP 	rec_trial_text_block: text = 'Kép'
62.6545 	EXP 	rec_trial_interior: autoDraw = True
62.6545 	EXP 	rec_trial_main_image: autoDraw = True
62.6545 	EXP 	rec_trial_text_block: autoDraw = True
62.6545 	EXP 	rec_trial_instructions_text: autoDraw = True
66.5588 	DATA 	Keypress: c
66.6220 	EXP 	New trial (rep=1, index=0): None
66.6377 	EXP 	rec_trial_interior: autoDraw = False
66.6377 	EXP 	rec_trial_main_image: autoDraw = False
66.6377 	EXP 	rec_trial_text_block: autoDraw = False
66.6377 	EXP 	rec_trial_instructions_text: autoDraw = False
66.6377 	EXP 	start_rec_block_text: text = 'Hely'
66.6377 	EXP 	start_rec_block_text: autoDraw = True
68.1456 	EXP 	Imported stimuli_tables/recognition_trials_0.csv as conditions, 3 conditions, 25 params
68.1461 	EXP 	Created sequence: sequential, trialTypes=3, nReps=1, seed=None
68.1468 	EXP 	New trial (rep=0, index=0): OrderedDict([('TrialIndex', 4), ('Jitter', 3000), ('ScannerRun', None), ('BlockNr', 1), ('TrialType', 'OBJ'), ('StimType', 'FOIL'), ('CurrentImage', 'stimuli/fractals/5b.jpg'), ('CurrentX', -0.390625), ('CurrentY', 0.4166666666666667), ('EncodingTrialIndex', 0.0), ('EncodingStimType', 'FOIL'), ('EncodingImage', None), ('EncodingXcoordinate', 0.0), ('EncodingYcoordinate', 0.0), ('TripletMemberA', None), ('TripletMemberB', None), ('TripletMemberC', None), ('Xcoordinate', None), ('Ycoordinate', None), ('Xcoordinate_lure1', None), ('Ycoordinate_lure1', None), ('Xcoordinate_lure2', None), ('Ycoordinate_lure2', None), ('Xcoordinate_foil', None), ('Ycoordinate_foil', None)])
68.1711 	EXP 	start_rec_block_text: autoDraw = False
68.1711 	EXP 	rec_fx_cross: pos = array([-0.390625  ,  0.41666667])
68.1711 	EXP 	rec_fx_text_block: text = 'Hely'
68.1711 	EXP 	rec_fx_interior: autoDraw = True
68.1711 	EXP 	rec_fx_cross: autoDraw = True
68.1711 	EXP 	rec_fx_text_block: autoDraw = True
68.1711 	EXP 	rec_fx_instructions_text: autoDraw = True
68.8919 	DATA 	Keypress: c
71.2043 	EXP 	rec_fx_interior: autoDraw = False
71.2043 	EXP 	rec_fx_cross: autoDraw = False
71.2043 	EXP 	rec_fx_text_block: autoDraw = False
71.2043 	EXP 	rec_fx_instructions_text: autoDraw = False
71.2043 	EXP 	rec_fx_interior: autoDraw = False
71.2043 	EXP 	rec_fx_cross: autoDraw = False
71.2043 	EXP 	rec_fx_text_block: autoDraw = False
71.2043 	EXP 	rec_fx_instructions_text: autoDraw = False
71.2043 	EXP 	rec_trial_main_image: pos = array([-0.390625  ,  0.41666667])
71.2043 	EXP 	rec_trial_main_image: size = array([0.3125    , 0.55555556])
71.2043 	EXP 	rec_trial_main_image: image = 'stimuli/fractals/5b.jpg'
71.2043 	EXP 	rec_trial_text_block: text = 'Hely'
71.2043 	EXP 	rec_trial_interior: autoDraw = True
71.2043 	EXP 	rec_trial_main_image: autoDraw = True
71.2043 	EXP 	rec_trial_text_block: autoDraw = True
71.2043 	EXP 	rec_trial_instructions_text: autoDraw = True
75.1722 	EXP 	New trial (rep=0, index=1): OrderedDict([('TrialIndex', 5), ('Jitter', 2000), ('ScannerRun', None), ('BlockNr', 1), ('TrialType', 'OBJ'), ('StimType', 'TARGET'), ('CurrentImage', 'stimuli/fractals/6a.jpg'), ('CurrentX', 0.390625), ('CurrentY', -0.4166666666666667), ('EncodingTrialIndex', 12.0), ('EncodingStimType', 'OLP'), ('EncodingImage', 'stimuli/fractals/6a.jpg'), ('EncodingXcoordinate', 0.390625), ('EncodingYcoordinate', -0.4166666666666667), ('TripletMemberA', 'stimuli/fractals/6a.jpg'), ('TripletMemberB', 'stimuli/fractals/6c.jpg'), ('TripletMemberC', 'stimuli/fractals/6b.jpg'), ('Xcoordinate', 0.390625), ('Ycoordinate', -0.4166666666666667), ('Xcoordinate_lure1', 0.390625), ('Ycoordinate_lure1', -0.1388888888888889), ('Xcoordinate_lure2', 0.234375), ('Ycoordinate_lure2', -0.4166666666666667), ('Xcoordinate_foil', -0.390625), ('Ycoordinate_foil', 0.4166666666666667)])
75.1875 	EXP 	rec_trial_interior: autoDraw = False
75.1875 	EXP 	rec_trial_main_image: autoDraw = False
75.1875 	EXP 	rec_trial_text_block: autoDraw = False
75.1875 	EXP 	rec_trial_instructions_text: autoDraw = False
75.1875 	EXP 	rec_fx_cross: pos = array([ 0.390625  , -0.41666667])
75.1875 	EXP 	rec_fx_text_block: text = 'Hely'
75.1875 	EXP 	rec_fx_interior: autoDraw = True
75.1875 	EXP 	rec_fx_cross: autoDraw = True
75.1875 	EXP 	rec_fx_text_block: autoDraw = True
75.1875 	EXP 	rec_fx_instructions_text: autoDraw = True
75.6091 	DATA 	Keypress: b
77.2374 	EXP 	rec_fx_interior: autoDraw = False
77.2374 	EXP 	rec_fx_cross: autoDraw = False
77.2374 	EXP 	rec_fx_text_block: autoDraw = False
77.2374 	EXP 	rec_fx_instructions_text: autoDraw = False
77.2374 	EXP 	rec_fx_interior: autoDraw = False
77.2374 	EXP 	rec_fx_cross: autoDraw = False
77.2374 	EXP 	rec_fx_text_block: autoDraw = False
77.2374 	EXP 	rec_fx_instructions_text: autoDraw = False
77.2374 	EXP 	rec_trial_main_image: pos = array([ 0.390625  , -0.41666667])
77.2374 	EXP 	rec_trial_main_image: size = array([0.3125    , 0.55555556])
77.2374 	EXP 	rec_trial_main_image: image = 'stimuli/fractals/6a.jpg'
77.2374 	EXP 	rec_trial_text_block: text = 'Hely'
77.2374 	EXP 	rec_trial_interior: autoDraw = True
77.2374 	EXP 	rec_trial_main_image: autoDraw = True
77.2374 	EXP 	rec_trial_text_block: autoDraw = True
77.2374 	EXP 	rec_trial_instructions_text: autoDraw = True
81.1881 	EXP 	New trial (rep=0, index=2): OrderedDict([('TrialIndex', 6), ('Jitter', 1000), ('ScannerRun', None), ('BlockNr', 1), ('TrialType', 'OBJ'), ('StimType', 'FOIL'), ('CurrentImage', 'stimuli/fractals/132b.jpg'), ('CurrentX', -0.078125), ('CurrentY', -0.4166666666666667), ('EncodingTrialIndex', 0.0), ('EncodingStimType', 'FOIL'), ('EncodingImage', None), ('EncodingXcoordinate', 0.0), ('EncodingYcoordinate', 0.0), ('TripletMemberA', None), ('TripletMemberB', None), ('TripletMemberC', None), ('Xcoordinate', None), ('Ycoordinate', None), ('Xcoordinate_lure1', None), ('Ycoordinate_lure1', None), ('Xcoordinate_lure2', None), ('Ycoordinate_lure2', None), ('Xcoordinate_foil', None), ('Ycoordinate_foil', None)])
81.2040 	EXP 	rec_trial_interior: autoDraw = False
81.2040 	EXP 	rec_trial_main_image: autoDraw = False
81.2040 	EXP 	rec_trial_text_block: autoDraw = False
81.2040 	EXP 	rec_trial_instructions_text: autoDraw = False
81.2040 	EXP 	rec_fx_cross: pos = array([-0.078125  , -0.41666667])
81.2040 	EXP 	rec_fx_text_block: text = 'Hely'
81.2040 	EXP 	rec_fx_interior: autoDraw = True
81.2040 	EXP 	rec_fx_cross: autoDraw = True
81.2040 	EXP 	rec_fx_text_block: autoDraw = True
81.2040 	EXP 	rec_fx_instructions_text: autoDraw = True
82.2206 	EXP 	rec_fx_interior: autoDraw = False
82.2206 	EXP 	rec_fx_cross: autoDraw = False
82.2206 	EXP 	rec_fx_text_block: autoDraw = False
82.2206 	EXP 	rec_fx_instructions_text: autoDraw = False
82.2206 	EXP 	rec_fx_interior: autoDraw = False
82.2206 	EXP 	rec_fx_cross: autoDraw = False
82.2206 	EXP 	rec_fx_text_block: autoDraw = False
82.2206 	EXP 	rec_fx_instructions_text: autoDraw = False
82.2206 	EXP 	rec_trial_main_image: pos = array([-0.078125  , -0.41666667])
82.2206 	EXP 	rec_trial_main_image: size = array([0.3125    , 0.55555556])
82.2206 	EXP 	rec_trial_main_image: image = 'stimuli/fractals/132b.jpg'
82.2206 	EXP 	rec_trial_text_block: text = 'Hely'
82.2206 	EXP 	rec_trial_interior: autoDraw = True
82.2206 	EXP 	rec_trial_main_image: autoDraw = True
82.2206 	EXP 	rec_trial_text_block: autoDraw = True
82.2206 	EXP 	rec_trial_instructions_text: autoDraw = True
86.2372 	EXP 	rec_trial_interior: autoDraw = False
86.2372 	EXP 	rec_trial_main_image: autoDraw = False
86.2372 	EXP 	rec_trial_text_block: autoDraw = False
86.2372 	EXP 	rec_trial_instructions_text: autoDraw = False
86.2372 	EXP 	end_rec_run_text: text = 'Szünet\nA feladat folytatáshoz nyomja le a jobb nyilat'
86.2372 	EXP 	end_rec_run_text: autoDraw = True
91.6747 	DATA 	Keypress: d
91.6748 	DATA 	Keypress: f
92.4407 	DATA 	Keypress: d
92.8247 	DATA 	Keypress: d
93.0409 	DATA 	Keypress: d
93.2247 	DATA 	Keypress: d
93.4249 	DATA 	Keypress: d
93.7411 	EXP 	New trial (rep=1, index=0): None
93.7427 	DATA 	Keypress: right
93.7537 	EXP 	end_rec_run_text: autoDraw = False
93.7537 	EXP 	start_MR_text: autoDraw = True
97.6737 	DATA 	Keypress: right
98.5908 	DATA 	Keypress: right
98.8907 	DATA 	Keypress: right
99.1237 	DATA 	Keypress: right
100.0930 	DATA 	Keypress: s
100.0931 	EXP 	Global key event: get_current_trigger_time. Calling <function get_current_trigger_time at 0x0000019816ECB048>.
100.1035 	EXP 	start_MR_text: autoDraw = False
100.1035 	EXP 	start_rec_run_text: autoDraw = True
101.0888 	EXP 	Created sequence: sequential, trialTypes=1, nReps=2, seed=None
101.0889 	EXP 	New trial (rep=0, index=0): None
101.1036 	EXP 	start_rec_run_text: autoDraw = False
101.1036 	EXP 	start_rec_run_text: autoDraw = False
101.1036 	EXP 	start_rec_block_text: text = 'Hely'
101.1036 	EXP 	start_rec_block_text: autoDraw = True
102.5387 	DATA 	Keypress: c
102.6080 	EXP 	Imported stimuli_tables/recognition_trials_0.csv as conditions, 3 conditions, 25 params
102.6083 	EXP 	Created sequence: sequential, trialTypes=3, nReps=1, seed=None
102.6086 	EXP 	New trial (rep=0, index=0): OrderedDict([('TrialIndex', 7), ('Jitter', 3000), ('ScannerRun', None), ('BlockNr', 1), ('TrialType', 'OBJ'), ('StimType', 'TARGET'), ('CurrentImage', 'stimuli/fractals/26b.jpg'), ('CurrentX', -0.234375), ('CurrentY', 0.4166666666666667), ('EncodingTrialIndex', 18.0), ('EncodingStimType', 'OLP'), ('EncodingImage', 'stimuli/fractals/26b.jpg'), ('EncodingXcoordinate', -0.234375), ('EncodingYcoordinate', 0.4166666666666667), ('TripletMemberA', 'stimuli/fractals/26b.jpg'), ('TripletMemberB', 'stimuli/fractals/26a.jpg'), ('TripletMemberC', 'stimuli/fractals/26c.jpg'), ('Xcoordinate', -0.234375), ('Ycoordinate', 0.4166666666666667), ('Xcoordinate_lure1', -0.234375), ('Ycoordinate_lure1', 0.1388888888888889), ('Xcoordinate_lure2', -0.078125), ('Ycoordinate_lure2', 0.4166666666666667), ('Xcoordinate_foil', 0.390625), ('Ycoordinate_foil', -0.4166666666666667)])
102.6370 	EXP 	start_rec_block_text: autoDraw = False
102.6370 	EXP 	start_rec_block_text: autoDraw = False
102.6370 	EXP 	rec_fx_cross: pos = array([-0.234375  ,  0.41666667])
102.6370 	EXP 	rec_fx_text_block: text = 'Hely'
102.6370 	EXP 	rec_fx_interior: autoDraw = True
102.6370 	EXP 	rec_fx_cross: autoDraw = True
102.6370 	EXP 	rec_fx_text_block: autoDraw = True
102.6370 	EXP 	rec_fx_instructions_text: autoDraw = True
102.8239 	DATA 	Keypress: c
105.6699 	EXP 	rec_fx_interior: autoDraw = False
105.6699 	EXP 	rec_fx_cross: autoDraw = False
105.6699 	EXP 	rec_fx_text_block: autoDraw = False
105.6699 	EXP 	rec_fx_instructions_text: autoDraw = False
105.6699 	EXP 	rec_fx_interior: autoDraw = False
105.6699 	EXP 	rec_fx_cross: autoDraw = False
105.6699 	EXP 	rec_fx_text_block: autoDraw = False
105.6699 	EXP 	rec_fx_instructions_text: autoDraw = False
105.6699 	EXP 	rec_trial_main_image: pos = array([-0.234375  ,  0.41666667])
105.6699 	EXP 	rec_trial_main_image: size = array([0.3125    , 0.55555556])
105.6699 	EXP 	rec_trial_main_image: image = 'stimuli/fractals/26b.jpg'
105.6699 	EXP 	rec_trial_text_block: text = 'Hely'
105.6699 	EXP 	rec_trial_interior: autoDraw = True
105.6699 	EXP 	rec_trial_main_image: autoDraw = True
105.6699 	EXP 	rec_trial_text_block: autoDraw = True
105.6699 	EXP 	rec_trial_instructions_text: autoDraw = True
106.8068 	DATA 	Keypress: s
106.8069 	EXP 	Global key event: get_current_trigger_time. Calling <function get_current_trigger_time at 0x0000019816ECB048>.
107.5569 	DATA 	Keypress: s
107.5569 	EXP 	Global key event: get_current_trigger_time. Calling <function get_current_trigger_time at 0x0000019816ECB048>.
109.6376 	EXP 	New trial (rep=0, index=1): OrderedDict([('TrialIndex', 8), ('Jitter', 1000), ('ScannerRun', None), ('BlockNr', 1), ('TrialType', 'OBJ'), ('StimType', 'TARGET'), ('CurrentImage', 'stimuli/fractals/4a.jpg'), ('CurrentX', 0.078125), ('CurrentY', 0.4166666666666667), ('EncodingTrialIndex', 4.0), ('EncodingStimType', 'ERP'), ('EncodingImage', 'stimuli/fractals/4a.jpg'), ('EncodingXcoordinate', 0.078125), ('EncodingYcoordinate', 0.4166666666666667), ('TripletMemberA', 'stimuli/fractals/4a.jpg'), ('TripletMemberB', 'stimuli/fractals/4b.jpg'), ('TripletMemberC', 'stimuli/fractals/4c.jpg'), ('Xcoordinate', 0.078125), ('Ycoordinate', 0.4166666666666667), ('Xcoordinate_lure1', 0.234375), ('Ycoordinate_lure1', 0.4166666666666667), ('Xcoordinate_lure2', 0.078125), ('Ycoordinate_lure2', 0.1388888888888889), ('Xcoordinate_foil', -0.390625), ('Ycoordinate_foil', -0.1388888888888889)])
109.6532 	EXP 	rec_trial_interior: autoDraw = False
109.6532 	EXP 	rec_trial_main_image: autoDraw = False
109.6532 	EXP 	rec_trial_text_block: autoDraw = False
109.6532 	EXP 	rec_trial_instructions_text: autoDraw = False
109.6532 	EXP 	rec_fx_cross: pos = array([0.078125  , 0.41666667])
109.6532 	EXP 	rec_fx_text_block: text = 'Hely'
109.6532 	EXP 	rec_fx_interior: autoDraw = True
109.6532 	EXP 	rec_fx_cross: autoDraw = True
109.6532 	EXP 	rec_fx_text_block: autoDraw = True
109.6532 	EXP 	rec_fx_instructions_text: autoDraw = True
110.7032 	EXP 	rec_fx_interior: autoDraw = False
110.7032 	EXP 	rec_fx_cross: autoDraw = False
110.7032 	EXP 	rec_fx_text_block: autoDraw = False
110.7032 	EXP 	rec_fx_instructions_text: autoDraw = False
110.7032 	EXP 	rec_fx_interior: autoDraw = False
110.7032 	EXP 	rec_fx_cross: autoDraw = False
110.7032 	EXP 	rec_fx_text_block: autoDraw = False
110.7032 	EXP 	rec_fx_instructions_text: autoDraw = False
110.7032 	EXP 	rec_trial_main_image: pos = array([0.078125  , 0.41666667])
110.7032 	EXP 	rec_trial_main_image: size = array([0.3125    , 0.55555556])
110.7032 	EXP 	rec_trial_main_image: image = 'stimuli/fractals/4a.jpg'
110.7032 	EXP 	rec_trial_text_block: text = 'Hely'
110.7032 	EXP 	rec_trial_interior: autoDraw = True
110.7032 	EXP 	rec_trial_main_image: autoDraw = True
110.7032 	EXP 	rec_trial_text_block: autoDraw = True
110.7032 	EXP 	rec_trial_instructions_text: autoDraw = True
113.7581 	DATA 	Keypress: s
113.7582 	EXP 	Global key event: get_current_trigger_time. Calling <function get_current_trigger_time at 0x0000019816ECB048>.
114.6548 	EXP 	New trial (rep=0, index=2): OrderedDict([('TrialIndex', 9), ('Jitter', 2000), ('ScannerRun', None), ('BlockNr', 1), ('TrialType', 'OBJ'), ('StimType', 'TARGET'), ('CurrentImage', 'stimuli/fractals/7c.jpg'), ('CurrentX', 0.390625), ('CurrentY', 0.1388888888888889), ('EncodingTrialIndex', 8.0), ('EncodingStimType', 'ERP'), ('EncodingImage', 'stimuli/fractals/7c.jpg'), ('EncodingXcoordinate', 0.390625), ('EncodingYcoordinate', 0.1388888888888889), ('TripletMemberA', 'stimuli/fractals/7c.jpg'), ('TripletMemberB', 'stimuli/fractals/7b.jpg'), ('TripletMemberC', 'stimuli/fractals/7a.jpg'), ('Xcoordinate', 0.390625), ('Ycoordinate', 0.1388888888888889), ('Xcoordinate_lure1', 0.390625), ('Ycoordinate_lure1', -0.1388888888888889), ('Xcoordinate_lure2', 0.390625), ('Ycoordinate_lure2', 0.4166666666666667), ('Xcoordinate_foil', -0.234375), ('Ycoordinate_foil', 0.4166666666666667)])
114.6697 	EXP 	rec_trial_interior: autoDraw = False
114.6697 	EXP 	rec_trial_main_image: autoDraw = False
114.6697 	EXP 	rec_trial_text_block: autoDraw = False
114.6697 	EXP 	rec_trial_instructions_text: autoDraw = False
114.6697 	EXP 	rec_fx_cross: pos = array([0.390625  , 0.13888889])
114.6697 	EXP 	rec_fx_text_block: text = 'Hely'
114.6697 	EXP 	rec_fx_interior: autoDraw = True
114.6697 	EXP 	rec_fx_cross: autoDraw = True
114.6697 	EXP 	rec_fx_text_block: autoDraw = True
114.6697 	EXP 	rec_fx_instructions_text: autoDraw = True
116.7030 	EXP 	rec_fx_interior: autoDraw = False
116.7030 	EXP 	rec_fx_cross: autoDraw = False
116.7030 	EXP 	rec_fx_text_block: autoDraw = False
116.7030 	EXP 	rec_fx_instructions_text: autoDraw = False
116.7030 	EXP 	rec_fx_interior: autoDraw = False
116.7030 	EXP 	rec_fx_cross: autoDraw = False
116.7030 	EXP 	rec_fx_text_block: autoDraw = False
116.7030 	EXP 	rec_fx_instructions_text: autoDraw = False
116.7030 	EXP 	rec_trial_main_image: pos = array([0.390625  , 0.13888889])
116.7030 	EXP 	rec_trial_main_image: size = array([0.3125    , 0.55555556])
116.7030 	EXP 	rec_trial_main_image: image = 'stimuli/fractals/7c.jpg'
116.7030 	EXP 	rec_trial_text_block: text = 'Hely'
116.7030 	EXP 	rec_trial_interior: autoDraw = True
116.7030 	EXP 	rec_trial_main_image: autoDraw = True
116.7030 	EXP 	rec_trial_text_block: autoDraw = True
116.7030 	EXP 	rec_trial_instructions_text: autoDraw = True
117.1900 	DATA 	Keypress: s
117.1900 	EXP 	Global key event: get_current_trigger_time. Calling <function get_current_trigger_time at 0x0000019816ECB048>.
118.6403 	DATA 	Keypress: c
119.0081 	DATA 	Keypress: c
119.3580 	DATA 	Keypress: b
119.9903 	DATA 	Keypress: b
120.2750 	DATA 	Keypress: c
120.6713 	EXP 	New trial (rep=1, index=0): None
120.6862 	EXP 	rec_trial_interior: autoDraw = False
120.6862 	EXP 	rec_trial_main_image: autoDraw = False
120.6862 	EXP 	rec_trial_text_block: autoDraw = False
120.6862 	EXP 	rec_trial_instructions_text: autoDraw = False
120.6862 	EXP 	start_rec_block_text: text = 'Hely'
120.6862 	EXP 	start_rec_block_text: autoDraw = True
122.1895 	EXP 	Imported stimuli_tables/recognition_trials_0.csv as conditions, 3 conditions, 25 params
122.1898 	EXP 	Created sequence: sequential, trialTypes=3, nReps=1, seed=None
122.1901 	EXP 	New trial (rep=0, index=0): OrderedDict([('TrialIndex', 10), ('Jitter', 2000), ('ScannerRun', None), ('BlockNr', 1), ('TrialType', 'OBJ'), ('StimType', 'FOIL'), ('CurrentImage', 'stimuli/fractals/68c.jpg'), ('CurrentX', -0.078125), ('CurrentY', -0.4166666666666667), ('EncodingTrialIndex', 0.0), ('EncodingStimType', 'FOIL'), ('EncodingImage', None), ('EncodingXcoordinate', 0.0), ('EncodingYcoordinate', 0.0), ('TripletMemberA', None), ('TripletMemberB', None), ('TripletMemberC', None), ('Xcoordinate', None), ('Ycoordinate', None), ('Xcoordinate_lure1', None), ('Ycoordinate_lure1', None), ('Xcoordinate_lure2', None), ('Ycoordinate_lure2', None), ('Xcoordinate_foil', None), ('Ycoordinate_foil', None)])
122.2029 	EXP 	start_rec_block_text: autoDraw = False
122.2029 	EXP 	rec_fx_cross: pos = array([-0.078125  , -0.41666667])
122.2029 	EXP 	rec_fx_text_block: text = 'Hely'
122.2029 	EXP 	rec_fx_interior: autoDraw = True
122.2029 	EXP 	rec_fx_cross: autoDraw = True
122.2029 	EXP 	rec_fx_text_block: autoDraw = True
122.2029 	EXP 	rec_fx_instructions_text: autoDraw = True
122.4083 	DATA 	Keypress: s
122.4084 	EXP 	Global key event: get_current_trigger_time. Calling <function get_current_trigger_time at 0x0000019816ECB048>.
122.9253 	DATA 	Keypress: s
122.9254 	EXP 	Global key event: get_current_trigger_time. Calling <function get_current_trigger_time at 0x0000019816ECB048>.
123.2904 	DATA 	Keypress: s
123.2904 	EXP 	Global key event: get_current_trigger_time. Calling <function get_current_trigger_time at 0x0000019816ECB048>.
123.6753 	DATA 	Keypress: s
123.6754 	EXP 	Global key event: get_current_trigger_time. Calling <function get_current_trigger_time at 0x0000019816ECB048>.
124.0404 	DATA 	Keypress: s
124.0404 	EXP 	Global key event: get_current_trigger_time. Calling <function get_current_trigger_time at 0x0000019816ECB048>.
124.2195 	EXP 	rec_fx_interior: autoDraw = False
124.2195 	EXP 	rec_fx_cross: autoDraw = False
124.2195 	EXP 	rec_fx_text_block: autoDraw = False
124.2195 	EXP 	rec_fx_instructions_text: autoDraw = False
124.2195 	EXP 	rec_fx_interior: autoDraw = False
124.2195 	EXP 	rec_fx_cross: autoDraw = False
124.2195 	EXP 	rec_fx_text_block: autoDraw = False
124.2195 	EXP 	rec_fx_instructions_text: autoDraw = False
124.2195 	EXP 	rec_trial_main_image: pos = array([-0.078125  , -0.41666667])
124.2195 	EXP 	rec_trial_main_image: size = array([0.3125    , 0.55555556])
124.2195 	EXP 	rec_trial_main_image: image = 'stimuli/fractals/68c.jpg'
124.2195 	EXP 	rec_trial_text_block: text = 'Hely'
124.2195 	EXP 	rec_trial_interior: autoDraw = True
124.2195 	EXP 	rec_trial_main_image: autoDraw = True
124.2195 	EXP 	rec_trial_text_block: autoDraw = True
124.2195 	EXP 	rec_trial_instructions_text: autoDraw = True
124.3903 	DATA 	Keypress: s
124.3903 	EXP 	Global key event: get_current_trigger_time. Calling <function get_current_trigger_time at 0x0000019816ECB048>.
124.7400 	DATA 	Keypress: s
124.7400 	EXP 	Global key event: get_current_trigger_time. Calling <function get_current_trigger_time at 0x0000019816ECB048>.
125.0751 	DATA 	Keypress: s
125.0752 	EXP 	Global key event: get_current_trigger_time. Calling <function get_current_trigger_time at 0x0000019816ECB048>.
125.3900 	DATA 	Keypress: b
125.8080 	DATA 	Keypress: s
125.8081 	EXP 	Global key event: get_current_trigger_time. Calling <function get_current_trigger_time at 0x0000019816ECB048>.
126.1570 	DATA 	Keypress: s
126.1571 	EXP 	Global key event: get_current_trigger_time. Calling <function get_current_trigger_time at 0x0000019816ECB048>.
126.4403 	DATA 	Keypress: s
126.4403 	EXP 	Global key event: get_current_trigger_time. Calling <function get_current_trigger_time at 0x0000019816ECB048>.
126.6903 	DATA 	Keypress: b
127.0399 	DATA 	Keypress: s
127.0399 	EXP 	Global key event: get_current_trigger_time. Calling <function get_current_trigger_time at 0x0000019816ECB048>.
127.3903 	DATA 	Keypress: s
127.3903 	EXP 	Global key event: get_current_trigger_time. Calling <function get_current_trigger_time at 0x0000019816ECB048>.
127.6900 	DATA 	Keypress: s
127.6900 	EXP 	Global key event: get_current_trigger_time. Calling <function get_current_trigger_time at 0x0000019816ECB048>.
127.9750 	DATA 	Keypress: b
128.2042 	EXP 	New trial (rep=0, index=1): OrderedDict([('TrialIndex', 11), ('Jitter', 6000), ('ScannerRun', None), ('BlockNr', 1), ('TrialType', 'OBJ'), ('StimType', 'LURE'), ('CurrentImage', 'stimuli/fractals/25a.jpg'), ('CurrentX', 0.390625), ('CurrentY', 0.4166666666666667), ('EncodingTrialIndex', 3.0), ('EncodingStimType', 'LLP'), ('EncodingImage', 'stimuli/fractals/25c.jpg'), ('EncodingXcoordinate', 0.390625), ('EncodingYcoordinate', 0.4166666666666667), ('TripletMemberA', 'stimuli/fractals/25c.jpg'), ('TripletMemberB', 'stimuli/fractals/25b.jpg'), ('TripletMemberC', 'stimuli/fractals/25a.jpg'), ('Xcoordinate', 0.390625), ('Ycoordinate', 0.4166666666666667), ('Xcoordinate_lure1', 0.234375), ('Ycoordinate_lure1', 0.4166666666666667), ('Xcoordinate_lure2', 0.390625), ('Ycoordinate_lure2', 0.1388888888888889), ('Xcoordinate_foil', -0.078125), ('Ycoordinate_foil', -0.4166666666666667)])
128.2194 	EXP 	rec_trial_interior: autoDraw = False
128.2194 	EXP 	rec_trial_main_image: autoDraw = False
128.2194 	EXP 	rec_trial_text_block: autoDraw = False
128.2194 	EXP 	rec_trial_instructions_text: autoDraw = False
128.2194 	EXP 	rec_fx_cross: pos = array([0.390625  , 0.41666667])
128.2194 	EXP 	rec_fx_text_block: text = 'Hely'
128.2194 	EXP 	rec_fx_interior: autoDraw = True
128.2194 	EXP 	rec_fx_cross: autoDraw = True
128.2194 	EXP 	rec_fx_text_block: autoDraw = True
128.2194 	EXP 	rec_fx_instructions_text: autoDraw = True
128.2904 	DATA 	Keypress: s
128.2904 	EXP 	Global key event: get_current_trigger_time. Calling <function get_current_trigger_time at 0x0000019816ECB048>.
128.6571 	DATA 	Keypress: s
128.6571 	EXP 	Global key event: get_current_trigger_time. Calling <function get_current_trigger_time at 0x0000019816ECB048>.
128.9404 	DATA 	Keypress: b
129.2571 	DATA 	Keypress: s
129.2571 	EXP 	Global key event: get_current_trigger_time. Calling <function get_current_trigger_time at 0x0000019816ECB048>.
129.5252 	DATA 	Keypress: b
129.8400 	DATA 	Keypress: s
129.8400 	EXP 	Global key event: get_current_trigger_time. Calling <function get_current_trigger_time at 0x0000019816ECB048>.
130.0744 	DATA 	Keypress: b
130.4256 	DATA 	Keypress: b
130.6583 	DATA 	Keypress: b
130.8583 	DATA 	Keypress: s
130.8584 	EXP 	Global key event: get_current_trigger_time. Calling <function get_current_trigger_time at 0x0000019816ECB048>.
131.0582 	DATA 	Keypress: b
131.2904 	DATA 	Keypress: b
131.4904 	DATA 	Keypress: b
131.8083 	DATA 	Keypress: b
132.2743 	DATA 	Keypress: s
132.2744 	EXP 	Global key event: get_current_trigger_time. Calling <function get_current_trigger_time at 0x0000019816ECB048>.
133.1083 	DATA 	Keypress: s
133.1084 	EXP 	Global key event: get_current_trigger_time. Calling <function get_current_trigger_time at 0x0000019816ECB048>.
133.4243 	DATA 	Keypress: s
133.4244 	EXP 	Global key event: get_current_trigger_time. Calling <function get_current_trigger_time at 0x0000019816ECB048>.
133.7404 	DATA 	Keypress: s
133.7404 	EXP 	Global key event: get_current_trigger_time. Calling <function get_current_trigger_time at 0x0000019816ECB048>.
134.0570 	DATA 	Keypress: s
134.0571 	EXP 	Global key event: get_current_trigger_time. Calling <function get_current_trigger_time at 0x0000019816ECB048>.
134.2693 	EXP 	rec_fx_interior: autoDraw = False
134.2693 	EXP 	rec_fx_cross: autoDraw = False
134.2693 	EXP 	rec_fx_text_block: autoDraw = False
134.2693 	EXP 	rec_fx_instructions_text: autoDraw = False
134.2693 	EXP 	rec_fx_interior: autoDraw = False
134.2693 	EXP 	rec_fx_cross: autoDraw = False
134.2693 	EXP 	rec_fx_text_block: autoDraw = False
134.2693 	EXP 	rec_fx_instructions_text: autoDraw = False
134.2693 	EXP 	rec_trial_main_image: pos = array([0.390625  , 0.41666667])
134.2693 	EXP 	rec_trial_main_image: size = array([0.3125    , 0.55555556])
134.2693 	EXP 	rec_trial_main_image: image = 'stimuli/fractals/25a.jpg'
134.2693 	EXP 	rec_trial_text_block: text = 'Hely'
134.2693 	EXP 	rec_trial_interior: autoDraw = True
134.2693 	EXP 	rec_trial_main_image: autoDraw = True
134.2693 	EXP 	rec_trial_text_block: autoDraw = True
134.2693 	EXP 	rec_trial_instructions_text: autoDraw = True
134.4068 	DATA 	Keypress: s
134.4068 	EXP 	Global key event: get_current_trigger_time. Calling <function get_current_trigger_time at 0x0000019816ECB048>.
134.8238 	DATA 	Keypress: s
134.8238 	EXP 	Global key event: get_current_trigger_time. Calling <function get_current_trigger_time at 0x0000019816ECB048>.
135.0568 	DATA 	Keypress: b
138.2200 	EXP 	New trial (rep=0, index=2): OrderedDict([('TrialIndex', 12), ('Jitter', 2000), ('ScannerRun', None), ('BlockNr', 1), ('TrialType', 'OBJ'), ('StimType', 'FOIL'), ('CurrentImage', 'stimuli/fractals/3b.jpg'), ('CurrentX', -0.390625), ('CurrentY', -0.4166666666666667), ('EncodingTrialIndex', 0.0), ('EncodingStimType', 'FOIL'), ('EncodingImage', None), ('EncodingXcoordinate', 0.0), ('EncodingYcoordinate', 0.0), ('TripletMemberA', None), ('TripletMemberB', None), ('TripletMemberC', None), ('Xcoordinate', None), ('Ycoordinate', None), ('Xcoordinate_lure1', None), ('Ycoordinate_lure1', None), ('Xcoordinate_lure2', None), ('Ycoordinate_lure2', None), ('Xcoordinate_foil', None), ('Ycoordinate_foil', None)])
138.2358 	EXP 	rec_trial_interior: autoDraw = False
138.2358 	EXP 	rec_trial_main_image: autoDraw = False
138.2358 	EXP 	rec_trial_text_block: autoDraw = False
138.2358 	EXP 	rec_trial_instructions_text: autoDraw = False
138.2358 	EXP 	rec_fx_cross: pos = array([-0.390625  , -0.41666667])
138.2358 	EXP 	rec_fx_text_block: text = 'Hely'
138.2358 	EXP 	rec_fx_interior: autoDraw = True
138.2358 	EXP 	rec_fx_cross: autoDraw = True
138.2358 	EXP 	rec_fx_text_block: autoDraw = True
138.2358 	EXP 	rec_fx_instructions_text: autoDraw = True
140.2068 	DATA 	Keypress: c
140.2691 	EXP 	rec_fx_interior: autoDraw = False
140.2691 	EXP 	rec_fx_cross: autoDraw = False
140.2691 	EXP 	rec_fx_text_block: autoDraw = False
140.2691 	EXP 	rec_fx_instructions_text: autoDraw = False
140.2691 	EXP 	rec_fx_interior: autoDraw = False
140.2691 	EXP 	rec_fx_cross: autoDraw = False
140.2691 	EXP 	rec_fx_text_block: autoDraw = False
140.2691 	EXP 	rec_fx_instructions_text: autoDraw = False
140.2691 	EXP 	rec_trial_main_image: pos = array([-0.390625  , -0.41666667])
140.2691 	EXP 	rec_trial_main_image: size = array([0.3125    , 0.55555556])
140.2691 	EXP 	rec_trial_main_image: image = 'stimuli/fractals/3b.jpg'
140.2691 	EXP 	rec_trial_text_block: text = 'Hely'
140.2691 	EXP 	rec_trial_interior: autoDraw = True
140.2691 	EXP 	rec_trial_main_image: autoDraw = True
140.2691 	EXP 	rec_trial_text_block: autoDraw = True
140.2691 	EXP 	rec_trial_instructions_text: autoDraw = True
144.2523 	EXP 	rec_trial_interior: autoDraw = False
144.2523 	EXP 	rec_trial_main_image: autoDraw = False
144.2523 	EXP 	rec_trial_text_block: autoDraw = False
144.2523 	EXP 	rec_trial_instructions_text: autoDraw = False
144.2523 	EXP 	end_rec_run_text: text = 'Szünet\nA feladat folytatáshoz nyomja le a jobb nyilat'
144.2523 	EXP 	end_rec_run_text: autoDraw = True
146.9229 	EXP 	New trial (rep=2, index=0): None
146.9247 	DATA 	Keypress: right
146.9356 	EXP 	end_rec_run_text: autoDraw = False
146.9356 	EXP 	start_MR_text: autoDraw = True
148.7747 	DATA 	Keypress: s
148.7747 	EXP 	Global key event: get_current_trigger_time. Calling <function get_current_trigger_time at 0x0000019816ECB048>.
148.7857 	EXP 	start_MR_text: autoDraw = False
148.7857 	EXP 	start_rec_run_text: autoDraw = True
149.7707 	EXP 	Created sequence: sequential, trialTypes=1, nReps=2, seed=None
149.7708 	EXP 	New trial (rep=0, index=0): None
149.7857 	EXP 	start_rec_run_text: autoDraw = False
149.7857 	EXP 	start_rec_run_text: autoDraw = False
149.7857 	EXP 	start_rec_block_text: text = 'Hely'
149.7857 	EXP 	start_rec_block_text: autoDraw = True
151.2910 	EXP 	Imported stimuli_tables/recognition_trials_0.csv as conditions, 3 conditions, 25 params
151.2912 	EXP 	Created sequence: sequential, trialTypes=3, nReps=1, seed=None
151.2916 	EXP 	New trial (rep=0, index=0): OrderedDict([('TrialIndex', 13), ('Jitter', 2000), ('ScannerRun', None), ('BlockNr', 1), ('TrialType', 'OBJ'), ('StimType', 'LURE'), ('CurrentImage', 'stimuli/fractals/110a.jpg'), ('CurrentX', -0.234375), ('CurrentY', -0.4166666666666667), ('EncodingTrialIndex', 11.0), ('EncodingStimType', 'ERP'), ('EncodingImage', 'stimuli/fractals/110c.jpg'), ('EncodingXcoordinate', -0.234375), ('EncodingYcoordinate', -0.4166666666666667), ('TripletMemberA', 'stimuli/fractals/110c.jpg'), ('TripletMemberB', 'stimuli/fractals/110b.jpg'), ('TripletMemberC', 'stimuli/fractals/110a.jpg'), ('Xcoordinate', -0.234375), ('Ycoordinate', -0.4166666666666667), ('Xcoordinate_lure1', -0.234375), ('Ycoordinate_lure1', -0.1388888888888889), ('Xcoordinate_lure2', -0.078125), ('Ycoordinate_lure2', -0.4166666666666667), ('Xcoordinate_foil', 0.390625), ('Ycoordinate_foil', 0.1388888888888889)])
151.3192 	EXP 	start_rec_block_text: autoDraw = False
151.3192 	EXP 	start_rec_block_text: autoDraw = False
151.3192 	EXP 	rec_fx_cross: pos = array([-0.234375  , -0.41666667])
151.3192 	EXP 	rec_fx_text_block: text = 'Hely'
151.3192 	EXP 	rec_fx_interior: autoDraw = True
151.3192 	EXP 	rec_fx_cross: autoDraw = True
151.3192 	EXP 	rec_fx_text_block: autoDraw = True
151.3192 	EXP 	rec_fx_instructions_text: autoDraw = True
153.3521 	EXP 	rec_fx_interior: autoDraw = False
153.3521 	EXP 	rec_fx_cross: autoDraw = False
153.3521 	EXP 	rec_fx_text_block: autoDraw = False
153.3521 	EXP 	rec_fx_instructions_text: autoDraw = False
153.3521 	EXP 	rec_fx_interior: autoDraw = False
153.3521 	EXP 	rec_fx_cross: autoDraw = False
153.3521 	EXP 	rec_fx_text_block: autoDraw = False
153.3521 	EXP 	rec_fx_instructions_text: autoDraw = False
153.3521 	EXP 	rec_trial_main_image: pos = array([-0.234375  , -0.41666667])
153.3521 	EXP 	rec_trial_main_image: size = array([0.3125    , 0.55555556])
153.3521 	EXP 	rec_trial_main_image: image = 'stimuli/fractals/110a.jpg'
153.3521 	EXP 	rec_trial_text_block: text = 'Hely'
153.3521 	EXP 	rec_trial_interior: autoDraw = True
153.3521 	EXP 	rec_trial_main_image: autoDraw = True
153.3521 	EXP 	rec_trial_text_block: autoDraw = True
153.3521 	EXP 	rec_trial_instructions_text: autoDraw = True
157.3198 	EXP 	New trial (rep=0, index=1): OrderedDict([('TrialIndex', 14), ('Jitter', 3000), ('ScannerRun', None), ('BlockNr', 1), ('TrialType', 'OBJ'), ('StimType', 'FOIL'), ('CurrentImage', 'stimuli/fractals/28c.jpg'), ('CurrentX', 0.234375), ('CurrentY', 0.4166666666666667), ('EncodingTrialIndex', 0.0), ('EncodingStimType', 'FOIL'), ('EncodingImage', None), ('EncodingXcoordinate', 0.0), ('EncodingYcoordinate', 0.0), ('TripletMemberA', None), ('TripletMemberB', None), ('TripletMemberC', None), ('Xcoordinate', None), ('Ycoordinate', None), ('Xcoordinate_lure1', None), ('Ycoordinate_lure1', None), ('Xcoordinate_lure2', None), ('Ycoordinate_lure2', None), ('Xcoordinate_foil', None), ('Ycoordinate_foil', None)])
157.3353 	EXP 	rec_trial_interior: autoDraw = False
157.3353 	EXP 	rec_trial_main_image: autoDraw = False
157.3353 	EXP 	rec_trial_text_block: autoDraw = False
157.3353 	EXP 	rec_trial_instructions_text: autoDraw = False
157.3353 	EXP 	rec_fx_cross: pos = array([0.234375  , 0.41666667])
157.3353 	EXP 	rec_fx_text_block: text = 'Hely'
157.3353 	EXP 	rec_fx_interior: autoDraw = True
157.3353 	EXP 	rec_fx_cross: autoDraw = True
157.3353 	EXP 	rec_fx_text_block: autoDraw = True
157.3353 	EXP 	rec_fx_instructions_text: autoDraw = True
160.3686 	EXP 	rec_fx_interior: autoDraw = False
160.3686 	EXP 	rec_fx_cross: autoDraw = False
160.3686 	EXP 	rec_fx_text_block: autoDraw = False
160.3686 	EXP 	rec_fx_instructions_text: autoDraw = False
160.3686 	EXP 	rec_fx_interior: autoDraw = False
160.3686 	EXP 	rec_fx_cross: autoDraw = False
160.3686 	EXP 	rec_fx_text_block: autoDraw = False
160.3686 	EXP 	rec_fx_instructions_text: autoDraw = False
160.3686 	EXP 	rec_trial_main_image: pos = array([0.234375  , 0.41666667])
160.3686 	EXP 	rec_trial_main_image: size = array([0.3125    , 0.55555556])
160.3686 	EXP 	rec_trial_main_image: image = 'stimuli/fractals/28c.jpg'
160.3686 	EXP 	rec_trial_text_block: text = 'Hely'
160.3686 	EXP 	rec_trial_interior: autoDraw = True
160.3686 	EXP 	rec_trial_main_image: autoDraw = True
160.3686 	EXP 	rec_trial_text_block: autoDraw = True
160.3686 	EXP 	rec_trial_instructions_text: autoDraw = True
164.3359 	EXP 	New trial (rep=0, index=2): OrderedDict([('TrialIndex', 15), ('Jitter', 2000), ('ScannerRun', None), ('BlockNr', 1), ('TrialType', 'OBJ'), ('StimType', 'LURE'), ('CurrentImage', 'stimuli/fractals/63c.jpg'), ('CurrentX', -0.078125), ('CurrentY', -0.4166666666666667), ('EncodingTrialIndex', 22.0), ('EncodingStimType', 'ERP'), ('EncodingImage', 'stimuli/fractals/63a.jpg'), ('EncodingXcoordinate', -0.078125), ('EncodingYcoordinate', -0.4166666666666667), ('TripletMemberA', 'stimuli/fractals/63a.jpg'), ('TripletMemberB', 'stimuli/fractals/63b.jpg'), ('TripletMemberC', 'stimuli/fractals/63c.jpg'), ('Xcoordinate', -0.078125), ('Ycoordinate', -0.4166666666666667), ('Xcoordinate_lure1', -0.234375), ('Ycoordinate_lure1', -0.4166666666666667), ('Xcoordinate_lure2', -0.078125), ('Ycoordinate_lure2', -0.1388888888888889), ('Xcoordinate_foil', 0.234375), ('Ycoordinate_foil', 0.4166666666666667)])
164.3518 	EXP 	rec_trial_interior: autoDraw = False
164.3518 	EXP 	rec_trial_main_image: autoDraw = False
164.3518 	EXP 	rec_trial_text_block: autoDraw = False
164.3518 	EXP 	rec_trial_instructions_text: autoDraw = False
164.3518 	EXP 	rec_fx_cross: pos = array([-0.078125  , -0.41666667])
164.3518 	EXP 	rec_fx_text_block: text = 'Hely'
164.3518 	EXP 	rec_fx_interior: autoDraw = True
164.3518 	EXP 	rec_fx_cross: autoDraw = True
164.3518 	EXP 	rec_fx_text_block: autoDraw = True
164.3518 	EXP 	rec_fx_instructions_text: autoDraw = True
166.3851 	EXP 	rec_fx_interior: autoDraw = False
166.3851 	EXP 	rec_fx_cross: autoDraw = False
166.3851 	EXP 	rec_fx_text_block: autoDraw = False
166.3851 	EXP 	rec_fx_instructions_text: autoDraw = False
166.3851 	EXP 	rec_fx_interior: autoDraw = False
166.3851 	EXP 	rec_fx_cross: autoDraw = False
166.3851 	EXP 	rec_fx_text_block: autoDraw = False
166.3851 	EXP 	rec_fx_instructions_text: autoDraw = False
166.3851 	EXP 	rec_trial_main_image: pos = array([-0.078125  , -0.41666667])
166.3851 	EXP 	rec_trial_main_image: size = array([0.3125    , 0.55555556])
166.3851 	EXP 	rec_trial_main_image: image = 'stimuli/fractals/63c.jpg'
166.3851 	EXP 	rec_trial_text_block: text = 'Hely'
166.3851 	EXP 	rec_trial_interior: autoDraw = True
166.3851 	EXP 	rec_trial_main_image: autoDraw = True
166.3851 	EXP 	rec_trial_text_block: autoDraw = True
166.3851 	EXP 	rec_trial_instructions_text: autoDraw = True
170.3525 	EXP 	New trial (rep=1, index=0): None
170.3684 	EXP 	rec_trial_interior: autoDraw = False
170.3684 	EXP 	rec_trial_main_image: autoDraw = False
170.3684 	EXP 	rec_trial_text_block: autoDraw = False
170.3684 	EXP 	rec_trial_instructions_text: autoDraw = False
170.3684 	EXP 	start_rec_block_text: text = 'Hely'
170.3684 	EXP 	start_rec_block_text: autoDraw = True
171.8711 	EXP 	Imported stimuli_tables/recognition_trials_0.csv as conditions, 3 conditions, 25 params
171.8714 	EXP 	Created sequence: sequential, trialTypes=3, nReps=1, seed=None
171.8717 	EXP 	New trial (rep=0, index=0): OrderedDict([('TrialIndex', 16), ('Jitter', 1000), ('ScannerRun', None), ('BlockNr', 1), ('TrialType', 'OBJ'), ('StimType', 'LURE'), ('CurrentImage', 'stimuli/fractals/135a.jpg'), ('CurrentX', 0.078125), ('CurrentY', -0.1388888888888889), ('EncodingTrialIndex', 10.0), ('EncodingStimType', 'LLP'), ('EncodingImage', 'stimuli/fractals/135b.jpg'), ('EncodingXcoordinate', 0.078125), ('EncodingYcoordinate', -0.1388888888888889), ('TripletMemberA', 'stimuli/fractals/135b.jpg'), ('TripletMemberB', 'stimuli/fractals/135c.jpg'), ('TripletMemberC', 'stimuli/fractals/135a.jpg'), ('Xcoordinate', 0.078125), ('Ycoordinate', -0.1388888888888889), ('Xcoordinate_lure1', 0.234375), ('Ycoordinate_lure1', -0.1388888888888889), ('Xcoordinate_lure2', 0.078125), ('Ycoordinate_lure2', -0.4166666666666667), ('Xcoordinate_foil', -0.390625), ('Ycoordinate_foil', 0.4166666666666667)])
171.8850 	EXP 	start_rec_block_text: autoDraw = False
171.8850 	EXP 	rec_fx_cross: pos = array([ 0.078125  , -0.13888889])
171.8850 	EXP 	rec_fx_text_block: text = 'Hely'
171.8850 	EXP 	rec_fx_interior: autoDraw = True
171.8850 	EXP 	rec_fx_cross: autoDraw = True
171.8850 	EXP 	rec_fx_text_block: autoDraw = True
171.8850 	EXP 	rec_fx_instructions_text: autoDraw = True
172.9183 	EXP 	rec_fx_interior: autoDraw = False
172.9183 	EXP 	rec_fx_cross: autoDraw = False
172.9183 	EXP 	rec_fx_text_block: autoDraw = False
172.9183 	EXP 	rec_fx_instructions_text: autoDraw = False
172.9183 	EXP 	rec_fx_interior: autoDraw = False
172.9183 	EXP 	rec_fx_cross: autoDraw = False
172.9183 	EXP 	rec_fx_text_block: autoDraw = False
172.9183 	EXP 	rec_fx_instructions_text: autoDraw = False
172.9183 	EXP 	rec_trial_main_image: pos = array([ 0.078125  , -0.13888889])
172.9183 	EXP 	rec_trial_main_image: size = array([0.3125    , 0.55555556])
172.9183 	EXP 	rec_trial_main_image: image = 'stimuli/fractals/135a.jpg'
172.9183 	EXP 	rec_trial_text_block: text = 'Hely'
172.9183 	EXP 	rec_trial_interior: autoDraw = True
172.9183 	EXP 	rec_trial_main_image: autoDraw = True
172.9183 	EXP 	rec_trial_text_block: autoDraw = True
172.9183 	EXP 	rec_trial_instructions_text: autoDraw = True
176.8860 	EXP 	New trial (rep=0, index=1): OrderedDict([('TrialIndex', 17), ('Jitter', 1000), ('ScannerRun', None), ('BlockNr', 1), ('TrialType', 'OBJ'), ('StimType', 'TARGET'), ('CurrentImage', 'stimuli/fractals/80b.jpg'), ('CurrentX', -0.234375), ('CurrentY', 0.1388888888888889), ('EncodingTrialIndex', 16.0), ('EncodingStimType', 'LLP'), ('EncodingImage', 'stimuli/fractals/80b.jpg'), ('EncodingXcoordinate', -0.234375), ('EncodingYcoordinate', 0.1388888888888889), ('TripletMemberA', 'stimuli/fractals/80b.jpg'), ('TripletMemberB', 'stimuli/fractals/80a.jpg'), ('TripletMemberC', 'stimuli/fractals/80c.jpg'), ('Xcoordinate', -0.234375), ('Ycoordinate', 0.1388888888888889), ('Xcoordinate_lure1', -0.390625), ('Ycoordinate_lure1', 0.1388888888888889), ('Xcoordinate_lure2', -0.078125), ('Ycoordinate_lure2', 0.1388888888888889), ('Xcoordinate_foil', 0.390625), ('Ycoordinate_foil', -0.4166666666666667)])
176.9015 	EXP 	rec_trial_interior: autoDraw = False
176.9015 	EXP 	rec_trial_main_image: autoDraw = False
176.9015 	EXP 	rec_trial_text_block: autoDraw = False
176.9015 	EXP 	rec_trial_instructions_text: autoDraw = False
176.9015 	EXP 	rec_fx_cross: pos = array([-0.234375  ,  0.13888889])
176.9015 	EXP 	rec_fx_text_block: text = 'Hely'
176.9015 	EXP 	rec_fx_interior: autoDraw = True
176.9015 	EXP 	rec_fx_cross: autoDraw = True
176.9015 	EXP 	rec_fx_text_block: autoDraw = True
176.9015 	EXP 	rec_fx_instructions_text: autoDraw = True
177.9182 	EXP 	rec_fx_interior: autoDraw = False
177.9182 	EXP 	rec_fx_cross: autoDraw = False
177.9182 	EXP 	rec_fx_text_block: autoDraw = False
177.9182 	EXP 	rec_fx_instructions_text: autoDraw = False
177.9182 	EXP 	rec_fx_interior: autoDraw = False
177.9182 	EXP 	rec_fx_cross: autoDraw = False
177.9182 	EXP 	rec_fx_text_block: autoDraw = False
177.9182 	EXP 	rec_fx_instructions_text: autoDraw = False
177.9182 	EXP 	rec_trial_main_image: pos = array([-0.234375  ,  0.13888889])
177.9182 	EXP 	rec_trial_main_image: size = array([0.3125    , 0.55555556])
177.9182 	EXP 	rec_trial_main_image: image = 'stimuli/fractals/80b.jpg'
177.9182 	EXP 	rec_trial_text_block: text = 'Hely'
177.9182 	EXP 	rec_trial_interior: autoDraw = True
177.9182 	EXP 	rec_trial_main_image: autoDraw = True
177.9182 	EXP 	rec_trial_text_block: autoDraw = True
177.9182 	EXP 	rec_trial_instructions_text: autoDraw = True
181.9022 	EXP 	New trial (rep=0, index=2): OrderedDict([('TrialIndex', 18), ('Jitter', 500), ('ScannerRun', None), ('BlockNr', 1), ('TrialType', 'OBJ'), ('StimType', 'FOIL'), ('CurrentImage', 'stimuli/fractals/137c.jpg'), ('CurrentX', 0.390625), ('CurrentY', 0.4166666666666667), ('EncodingTrialIndex', 0.0), ('EncodingStimType', 'FOIL'), ('EncodingImage', None), ('EncodingXcoordinate', 0.0), ('EncodingYcoordinate', 0.0), ('TripletMemberA', None), ('TripletMemberB', None), ('TripletMemberC', None), ('Xcoordinate', None), ('Ycoordinate', None), ('Xcoordinate_lure1', None), ('Ycoordinate_lure1', None), ('Xcoordinate_lure2', None), ('Ycoordinate_lure2', None), ('Xcoordinate_foil', None), ('Ycoordinate_foil', None)])
181.9181 	EXP 	rec_trial_interior: autoDraw = False
181.9181 	EXP 	rec_trial_main_image: autoDraw = False
181.9181 	EXP 	rec_trial_text_block: autoDraw = False
181.9181 	EXP 	rec_trial_instructions_text: autoDraw = False
181.9181 	EXP 	rec_fx_cross: pos = array([0.390625  , 0.41666667])
181.9181 	EXP 	rec_fx_text_block: text = 'Hely'
181.9181 	EXP 	rec_fx_interior: autoDraw = True
181.9181 	EXP 	rec_fx_cross: autoDraw = True
181.9181 	EXP 	rec_fx_text_block: autoDraw = True
181.9181 	EXP 	rec_fx_instructions_text: autoDraw = True
182.4347 	EXP 	rec_fx_interior: autoDraw = False
182.4347 	EXP 	rec_fx_cross: autoDraw = False
182.4347 	EXP 	rec_fx_text_block: autoDraw = False
182.4347 	EXP 	rec_fx_instructions_text: autoDraw = False
182.4347 	EXP 	rec_fx_interior: autoDraw = False
182.4347 	EXP 	rec_fx_cross: autoDraw = False
182.4347 	EXP 	rec_fx_text_block: autoDraw = False
182.4347 	EXP 	rec_fx_instructions_text: autoDraw = False
182.4347 	EXP 	rec_trial_main_image: pos = array([0.390625  , 0.41666667])
182.4347 	EXP 	rec_trial_main_image: size = array([0.3125    , 0.55555556])
182.4347 	EXP 	rec_trial_main_image: image = 'stimuli/fractals/137c.jpg'
182.4347 	EXP 	rec_trial_text_block: text = 'Hely'
182.4347 	EXP 	rec_trial_interior: autoDraw = True
182.4347 	EXP 	rec_trial_main_image: autoDraw = True
182.4347 	EXP 	rec_trial_text_block: autoDraw = True
182.4347 	EXP 	rec_trial_instructions_text: autoDraw = True
186.4346 	EXP 	rec_trial_interior: autoDraw = False
186.4346 	EXP 	rec_trial_main_image: autoDraw = False
186.4346 	EXP 	rec_trial_text_block: autoDraw = False
186.4346 	EXP 	rec_trial_instructions_text: autoDraw = False
186.4346 	EXP 	end_rec_run_text: text = 'Szünet\nA feladat folytatáshoz nyomja le a jobb nyilat'
186.4346 	EXP 	end_rec_run_text: autoDraw = True
188.6559 	EXP 	New trial (rep=3, index=0): None
188.6576 	DATA 	Keypress: right
188.6679 	EXP 	end_rec_run_text: autoDraw = False
188.6679 	EXP 	start_MR_text: autoDraw = True
190.0716 	DATA 	Keypress: s
190.0716 	EXP 	Global key event: get_current_trigger_time. Calling <function get_current_trigger_time at 0x0000019816ECB048>.
190.1012 	EXP 	start_MR_text: autoDraw = False
190.1012 	EXP 	start_rec_run_text: autoDraw = True
191.0867 	EXP 	Created sequence: sequential, trialTypes=1, nReps=2, seed=None
191.0868 	EXP 	New trial (rep=0, index=0): None
191.1012 	EXP 	start_rec_run_text: autoDraw = False
191.1012 	EXP 	start_rec_run_text: autoDraw = False
191.1012 	EXP 	start_rec_block_text: text = 'Hely'
191.1012 	EXP 	start_rec_block_text: autoDraw = True
192.6062 	EXP 	Imported stimuli_tables/recognition_trials_0.csv as conditions, 3 conditions, 25 params
192.6064 	EXP 	Created sequence: sequential, trialTypes=3, nReps=1, seed=None
192.6068 	EXP 	New trial (rep=0, index=0): OrderedDict([('TrialIndex', 19), ('Jitter', 3000), ('ScannerRun', None), ('BlockNr', 2), ('TrialType', 'LOC'), ('StimType', 'TARGET'), ('CurrentImage', 'stimuli/fractals/142c.jpg'), ('CurrentX', 0.078125), ('CurrentY', -0.4166666666666667), ('EncodingTrialIndex', 24.0), ('EncodingStimType', 'ERP'), ('EncodingImage', 'stimuli/fractals/142c.jpg'), ('EncodingXcoordinate', 0.078125), ('EncodingYcoordinate', -0.4166666666666667), ('TripletMemberA', 'stimuli/fractals/142c.jpg'), ('TripletMemberB', 'stimuli/fractals/142a.jpg'), ('TripletMemberC', 'stimuli/fractals/142b.jpg'), ('Xcoordinate', 0.078125), ('Ycoordinate', -0.4166666666666667), ('Xcoordinate_lure1', 0.078125), ('Ycoordinate_lure1', -0.1388888888888889), ('Xcoordinate_lure2', -0.078125), ('Ycoordinate_lure2', -0.4166666666666667), ('Xcoordinate_foil', 0.390625), ('Ycoordinate_foil', 0.4166666666666667)])
192.6178 	EXP 	start_rec_block_text: autoDraw = False
192.6178 	EXP 	start_rec_block_text: autoDraw = False
192.6178 	EXP 	rec_fx_cross: pos = array([ 0.078125  , -0.41666667])
192.6178 	EXP 	rec_fx_text_block: text = 'Hely'
192.6178 	EXP 	rec_fx_interior: autoDraw = True
192.6178 	EXP 	rec_fx_cross: autoDraw = True
192.6178 	EXP 	rec_fx_text_block: autoDraw = True
192.6178 	EXP 	rec_fx_instructions_text: autoDraw = True
195.6511 	EXP 	rec_fx_interior: autoDraw = False
195.6511 	EXP 	rec_fx_cross: autoDraw = False
195.6511 	EXP 	rec_fx_text_block: autoDraw = False
195.6511 	EXP 	rec_fx_instructions_text: autoDraw = False
195.6511 	EXP 	rec_fx_interior: autoDraw = False
195.6511 	EXP 	rec_fx_cross: autoDraw = False
195.6511 	EXP 	rec_fx_text_block: autoDraw = False
195.6511 	EXP 	rec_fx_instructions_text: autoDraw = False
195.6511 	EXP 	rec_trial_main_image: pos = array([ 0.078125  , -0.41666667])
195.6511 	EXP 	rec_trial_main_image: size = array([0.3125    , 0.55555556])
195.6511 	EXP 	rec_trial_main_image: image = 'stimuli/fractals/142c.jpg'
195.6511 	EXP 	rec_trial_text_block: text = 'Hely'
195.6511 	EXP 	rec_trial_interior: autoDraw = True
195.6511 	EXP 	rec_trial_main_image: autoDraw = True
195.6511 	EXP 	rec_trial_text_block: autoDraw = True
195.6511 	EXP 	rec_trial_instructions_text: autoDraw = True
199.6189 	EXP 	New trial (rep=0, index=1): OrderedDict([('TrialIndex', 20), ('Jitter', 2000), ('ScannerRun', None), ('BlockNr', 2), ('TrialType', 'LOC'), ('StimType', 'FOIL'), ('CurrentImage', 'stimuli/fractals/8b.jpg'), ('CurrentX', 0.390625), ('CurrentY', -0.4166666666666667), ('EncodingTrialIndex', 28.0), ('EncodingStimType', 'OLP'), ('EncodingImage', 'stimuli/fractals/8b.jpg'), ('EncodingXcoordinate', -0.234375), ('EncodingYcoordinate', 0.1388888888888889), ('TripletMemberA', 'stimuli/fractals/8b.jpg'), ('TripletMemberB', 'stimuli/fractals/8c.jpg'), ('TripletMemberC', 'stimuli/fractals/8a.jpg'), ('Xcoordinate', -0.234375), ('Ycoordinate', 0.1388888888888889), ('Xcoordinate_lure1', -0.234375), ('Ycoordinate_lure1', -0.1388888888888889), ('Xcoordinate_lure2', -0.234375), ('Ycoordinate_lure2', 0.4166666666666667), ('Xcoordinate_foil', 0.390625), ('Ycoordinate_foil', -0.4166666666666667)])
199.6345 	EXP 	rec_trial_interior: autoDraw = False
199.6345 	EXP 	rec_trial_main_image: autoDraw = False
199.6345 	EXP 	rec_trial_text_block: autoDraw = False
199.6345 	EXP 	rec_trial_instructions_text: autoDraw = False
199.6345 	EXP 	rec_fx_cross: pos = array([ 0.390625  , -0.41666667])
199.6345 	EXP 	rec_fx_text_block: text = 'Hely'
199.6345 	EXP 	rec_fx_interior: autoDraw = True
199.6345 	EXP 	rec_fx_cross: autoDraw = True
199.6345 	EXP 	rec_fx_text_block: autoDraw = True
199.6345 	EXP 	rec_fx_instructions_text: autoDraw = True
201.6677 	EXP 	rec_fx_interior: autoDraw = False
201.6677 	EXP 	rec_fx_cross: autoDraw = False
201.6677 	EXP 	rec_fx_text_block: autoDraw = False
201.6677 	EXP 	rec_fx_instructions_text: autoDraw = False
201.6677 	EXP 	rec_fx_interior: autoDraw = False
201.6677 	EXP 	rec_fx_cross: autoDraw = False
201.6677 	EXP 	rec_fx_text_block: autoDraw = False
201.6677 	EXP 	rec_fx_instructions_text: autoDraw = False
201.6677 	EXP 	rec_trial_main_image: pos = array([ 0.390625  , -0.41666667])
201.6677 	EXP 	rec_trial_main_image: size = array([0.3125    , 0.55555556])
201.6677 	EXP 	rec_trial_main_image: image = 'stimuli/fractals/8b.jpg'
201.6677 	EXP 	rec_trial_text_block: text = 'Hely'
201.6677 	EXP 	rec_trial_interior: autoDraw = True
201.6677 	EXP 	rec_trial_main_image: autoDraw = True
201.6677 	EXP 	rec_trial_text_block: autoDraw = True
201.6677 	EXP 	rec_trial_instructions_text: autoDraw = True
205.6351 	EXP 	New trial (rep=0, index=2): OrderedDict([('TrialIndex', 21), ('Jitter', 1000), ('ScannerRun', None), ('BlockNr', 2), ('TrialType', 'LOC'), ('StimType', 'LURE'), ('CurrentImage', 'stimuli/fractals/105a.jpg'), ('CurrentX', -0.078125), ('CurrentY', 0.4166666666666667), ('EncodingTrialIndex', 23.0), ('EncodingStimType', 'LLP'), ('EncodingImage', 'stimuli/fractals/105a.jpg'), ('EncodingXcoordinate', -0.078125), ('EncodingYcoordinate', 0.1388888888888889), ('TripletMemberA', 'stimuli/fractals/105a.jpg'), ('TripletMemberB', 'stimuli/fractals/105c.jpg'), ('TripletMemberC', 'stimuli/fractals/105b.jpg'), ('Xcoordinate', -0.078125), ('Ycoordinate', 0.1388888888888889), ('Xcoordinate_lure1', 0.078125), ('Ycoordinate_lure1', 0.1388888888888889), ('Xcoordinate_lure2', -0.078125), ('Ycoordinate_lure2', 0.4166666666666667), ('Xcoordinate_foil', 0.390625), ('Ycoordinate_foil', -0.4166666666666667)])
205.6510 	EXP 	rec_trial_interior: autoDraw = False
205.6510 	EXP 	rec_trial_main_image: autoDraw = False
205.6510 	EXP 	rec_trial_text_block: autoDraw = False
205.6510 	EXP 	rec_trial_instructions_text: autoDraw = False
205.6510 	EXP 	rec_fx_cross: pos = array([-0.078125  ,  0.41666667])
205.6510 	EXP 	rec_fx_text_block: text = 'Hely'
205.6510 	EXP 	rec_fx_interior: autoDraw = True
205.6510 	EXP 	rec_fx_cross: autoDraw = True
205.6510 	EXP 	rec_fx_text_block: autoDraw = True
205.6510 	EXP 	rec_fx_instructions_text: autoDraw = True
206.6843 	EXP 	rec_fx_interior: autoDraw = False
206.6843 	EXP 	rec_fx_cross: autoDraw = False
206.6843 	EXP 	rec_fx_text_block: autoDraw = False
206.6843 	EXP 	rec_fx_instructions_text: autoDraw = False
206.6843 	EXP 	rec_fx_interior: autoDraw = False
206.6843 	EXP 	rec_fx_cross: autoDraw = False
206.6843 	EXP 	rec_fx_text_block: autoDraw = False
206.6843 	EXP 	rec_fx_instructions_text: autoDraw = False
206.6843 	EXP 	rec_trial_main_image: pos = array([-0.078125  ,  0.41666667])
206.6843 	EXP 	rec_trial_main_image: size = array([0.3125    , 0.55555556])
206.6843 	EXP 	rec_trial_main_image: image = 'stimuli/fractals/105a.jpg'
206.6843 	EXP 	rec_trial_text_block: text = 'Hely'
206.6843 	EXP 	rec_trial_interior: autoDraw = True
206.6843 	EXP 	rec_trial_main_image: autoDraw = True
206.6843 	EXP 	rec_trial_text_block: autoDraw = True
206.6843 	EXP 	rec_trial_instructions_text: autoDraw = True
210.6516 	EXP 	New trial (rep=1, index=0): None
210.6675 	EXP 	rec_trial_interior: autoDraw = False
210.6675 	EXP 	rec_trial_main_image: autoDraw = False
210.6675 	EXP 	rec_trial_text_block: autoDraw = False
210.6675 	EXP 	rec_trial_instructions_text: autoDraw = False
210.6675 	EXP 	start_rec_block_text: text = 'Kép'
210.6675 	EXP 	start_rec_block_text: autoDraw = True
212.1709 	EXP 	Imported stimuli_tables/recognition_trials_0.csv as conditions, 3 conditions, 25 params
212.1711 	EXP 	Created sequence: sequential, trialTypes=3, nReps=1, seed=None
212.1715 	EXP 	New trial (rep=0, index=0): OrderedDict([('TrialIndex', 22), ('Jitter', 3000), ('ScannerRun', None), ('BlockNr', 2), ('TrialType', 'LOC'), ('StimType', 'TARGET'), ('CurrentImage', 'stimuli/fractals/100b.jpg'), ('CurrentX', -0.234375), ('CurrentY', -0.1388888888888889), ('EncodingTrialIndex', 25.0), ('EncodingStimType', 'ERP'), ('EncodingImage', 'stimuli/fractals/100b.jpg'), ('EncodingXcoordinate', -0.234375), ('EncodingYcoordinate', -0.1388888888888889), ('TripletMemberA', 'stimuli/fractals/100b.jpg'), ('TripletMemberB', 'stimuli/fractals/100a.jpg'), ('TripletMemberC', 'stimuli/fractals/100c.jpg'), ('Xcoordinate', -0.234375), ('Ycoordinate', -0.1388888888888889), ('Xcoordinate_lure1', -0.234375), ('Ycoordinate_lure1', 0.1388888888888889), ('Xcoordinate_lure2', -0.078125), ('Ycoordinate_lure2', -0.1388888888888889), ('Xcoordinate_foil', 0.390625), ('Ycoordinate_foil', 0.4166666666666667)])
212.1842 	EXP 	start_rec_block_text: autoDraw = False
212.1842 	EXP 	rec_fx_cross: pos = array([-0.234375  , -0.13888889])
212.1842 	EXP 	rec_fx_text_block: text = 'Kép'
212.1842 	EXP 	rec_fx_interior: autoDraw = True
212.1842 	EXP 	rec_fx_cross: autoDraw = True
212.1842 	EXP 	rec_fx_text_block: autoDraw = True
212.1842 	EXP 	rec_fx_instructions_text: autoDraw = True
215.2174 	EXP 	rec_fx_interior: autoDraw = False
215.2174 	EXP 	rec_fx_cross: autoDraw = False
215.2174 	EXP 	rec_fx_text_block: autoDraw = False
215.2174 	EXP 	rec_fx_instructions_text: autoDraw = False
215.2174 	EXP 	rec_fx_interior: autoDraw = False
215.2174 	EXP 	rec_fx_cross: autoDraw = False
215.2174 	EXP 	rec_fx_text_block: autoDraw = False
215.2174 	EXP 	rec_fx_instructions_text: autoDraw = False
215.2174 	EXP 	rec_trial_main_image: pos = array([-0.234375  , -0.13888889])
215.2174 	EXP 	rec_trial_main_image: size = array([0.3125    , 0.55555556])
215.2174 	EXP 	rec_trial_main_image: image = 'stimuli/fractals/100b.jpg'
215.2174 	EXP 	rec_trial_text_block: text = 'Kép'
215.2174 	EXP 	rec_trial_interior: autoDraw = True
215.2174 	EXP 	rec_trial_main_image: autoDraw = True
215.2174 	EXP 	rec_trial_text_block: autoDraw = True
215.2174 	EXP 	rec_trial_instructions_text: autoDraw = True
219.1851 	EXP 	New trial (rep=0, index=1): OrderedDict([('TrialIndex', 23), ('Jitter', 1000), ('ScannerRun', None), ('BlockNr', 2), ('TrialType', 'LOC'), ('StimType', 'TARGET'), ('CurrentImage', 'stimuli/fractals/24c.jpg'), ('CurrentX', 0.234375), ('CurrentY', -0.1388888888888889), ('EncodingTrialIndex', 34.0), ('EncodingStimType', 'ERP'), ('EncodingImage', 'stimuli/fractals/24c.jpg'), ('EncodingXcoordinate', 0.234375), ('EncodingYcoordinate', -0.1388888888888889), ('TripletMemberA', 'stimuli/fractals/24c.jpg'), ('TripletMemberB', 'stimuli/fractals/24a.jpg'), ('TripletMemberC', 'stimuli/fractals/24b.jpg'), ('Xcoordinate', 0.234375), ('Ycoordinate', -0.1388888888888889), ('Xcoordinate_lure1', 0.078125), ('Ycoordinate_lure1', -0.1388888888888889), ('Xcoordinate_lure2', 0.390625), ('Ycoordinate_lure2', -0.1388888888888889), ('Xcoordinate_foil', -0.390625), ('Ycoordinate_foil', 0.1388888888888889)])
219.2006 	EXP 	rec_trial_interior: autoDraw = False
219.2006 	EXP 	rec_trial_main_image: autoDraw = False
219.2006 	EXP 	rec_trial_text_block: autoDraw = False
219.2006 	EXP 	rec_trial_instructions_text: autoDraw = False
219.2006 	EXP 	rec_fx_cross: pos = array([ 0.234375  , -0.13888889])
219.2006 	EXP 	rec_fx_text_block: text = 'Kép'
219.2006 	EXP 	rec_fx_interior: autoDraw = True
219.2006 	EXP 	rec_fx_cross: autoDraw = True
219.2006 	EXP 	rec_fx_text_block: autoDraw = True
219.2006 	EXP 	rec_fx_instructions_text: autoDraw = True
220.2173 	EXP 	rec_fx_interior: autoDraw = False
220.2173 	EXP 	rec_fx_cross: autoDraw = False
220.2173 	EXP 	rec_fx_text_block: autoDraw = False
220.2173 	EXP 	rec_fx_instructions_text: autoDraw = False
220.2173 	EXP 	rec_fx_interior: autoDraw = False
220.2173 	EXP 	rec_fx_cross: autoDraw = False
220.2173 	EXP 	rec_fx_text_block: autoDraw = False
220.2173 	EXP 	rec_fx_instructions_text: autoDraw = False
220.2173 	EXP 	rec_trial_main_image: pos = array([ 0.234375  , -0.13888889])
220.2173 	EXP 	rec_trial_main_image: size = array([0.3125    , 0.55555556])
220.2173 	EXP 	rec_trial_main_image: image = 'stimuli/fractals/24c.jpg'
220.2173 	EXP 	rec_trial_text_block: text = 'Kép'
220.2173 	EXP 	rec_trial_interior: autoDraw = True
220.2173 	EXP 	rec_trial_main_image: autoDraw = True
220.2173 	EXP 	rec_trial_text_block: autoDraw = True
220.2173 	EXP 	rec_trial_instructions_text: autoDraw = True
224.2020 	EXP 	New trial (rep=0, index=2): OrderedDict([('TrialIndex', 24), ('Jitter', 1000), ('ScannerRun', None), ('BlockNr', 2), ('TrialType', 'LOC'), ('StimType', 'TARGET'), ('CurrentImage', 'stimuli/fractals/99b.jpg'), ('CurrentX', 0.390625), ('CurrentY', 0.1388888888888889), ('EncodingTrialIndex', 36.0), ('EncodingStimType', 'LLP'), ('EncodingImage', 'stimuli/fractals/99b.jpg'), ('EncodingXcoordinate', 0.390625), ('EncodingYcoordinate', 0.1388888888888889), ('TripletMemberA', 'stimuli/fractals/99b.jpg'), ('TripletMemberB', 'stimuli/fractals/99a.jpg'), ('TripletMemberC', 'stimuli/fractals/99c.jpg'), ('Xcoordinate', 0.390625), ('Ycoordinate', 0.1388888888888889), ('Xcoordinate_lure1', 0.390625), ('Ycoordinate_lure1', 0.4166666666666667), ('Xcoordinate_lure2', 0.234375), ('Ycoordinate_lure2', 0.1388888888888889), ('Xcoordinate_foil', -0.390625), ('Ycoordinate_foil', 0.4166666666666667)])
224.2172 	EXP 	rec_trial_interior: autoDraw = False
224.2172 	EXP 	rec_trial_main_image: autoDraw = False
224.2172 	EXP 	rec_trial_text_block: autoDraw = False
224.2172 	EXP 	rec_trial_instructions_text: autoDraw = False
224.2172 	EXP 	rec_fx_cross: pos = array([0.390625  , 0.13888889])
224.2172 	EXP 	rec_fx_text_block: text = 'Kép'
224.2172 	EXP 	rec_fx_interior: autoDraw = True
224.2172 	EXP 	rec_fx_cross: autoDraw = True
224.2172 	EXP 	rec_fx_text_block: autoDraw = True
224.2172 	EXP 	rec_fx_instructions_text: autoDraw = True
225.2672 	EXP 	rec_fx_interior: autoDraw = False
225.2672 	EXP 	rec_fx_cross: autoDraw = False
225.2672 	EXP 	rec_fx_text_block: autoDraw = False
225.2672 	EXP 	rec_fx_instructions_text: autoDraw = False
225.2672 	EXP 	rec_fx_interior: autoDraw = False
225.2672 	EXP 	rec_fx_cross: autoDraw = False
225.2672 	EXP 	rec_fx_text_block: autoDraw = False
225.2672 	EXP 	rec_fx_instructions_text: autoDraw = False
225.2672 	EXP 	rec_trial_main_image: pos = array([0.390625  , 0.13888889])
225.2672 	EXP 	rec_trial_main_image: size = array([0.3125    , 0.55555556])
225.2672 	EXP 	rec_trial_main_image: image = 'stimuli/fractals/99b.jpg'
225.2672 	EXP 	rec_trial_text_block: text = 'Kép'
225.2672 	EXP 	rec_trial_interior: autoDraw = True
225.2672 	EXP 	rec_trial_main_image: autoDraw = True
225.2672 	EXP 	rec_trial_text_block: autoDraw = True
225.2672 	EXP 	rec_trial_instructions_text: autoDraw = True
229.2504 	EXP 	rec_trial_interior: autoDraw = False
229.2504 	EXP 	rec_trial_main_image: autoDraw = False
229.2504 	EXP 	rec_trial_text_block: autoDraw = False
229.2504 	EXP 	rec_trial_instructions_text: autoDraw = False
229.2504 	EXP 	end_rec_run_text: text = 'Vége a második feladatnak. Felteszünk Önnek pár kérdést, majd megkapja a vizsgálat befejezését igazoló kódot.\nHaladjon tovább a jobb nyíllal.'
229.2504 	EXP 	end_rec_run_text: autoDraw = True
233.7377 	DATA 	Keypress: right
233.7670 	EXP 	end_rec_run_text: autoDraw = False
233.7670 	EXP 	end_experiment_text: autoDraw = True
236.5358 	DATA 	Keypress: return
237.4187 	DATA 	Keypress: return
237.9377 	DATA 	Keypress: space
237.9671 	EXP 	end_experiment_text: autoDraw = False
238.0540 	EXP 	window1: mouseVisible = True
