0.6993 	WARNING 	We strongly recommend you activate the PTB sound engine in PsychoPy prefs as the preferred audio engine. Its timing is vastly superior. Your prefs are currently set to use ['sounddevice', 'PTB', 'pyo', 'pygame'] (in that order).
0.6994 	WARNING 	Requested audio device 'Speakers (Realtek HD Audio output)' that is not available on this hardware. The 'audioDevice' preference should be one of ['24P1W1 (NVIDIA High Definition ']
10.5252 	WARNING 	Monitor specification not found. Creating a temporary one...
11.3157 	EXP 	Created window1 = Window(allowGUI=False, allowStencil=False, args=UNKNOWN, autoLog=True, bitsMode=UNKNOWN, blendMode='avg', bpc=(8, 8, 8), color=array([0.804, 0.804, 0.961]), colorSpace='rgb', depthBits=8, fullscr=<method-wrapper '__getattribute__' of attributeSetter object at 0x000002F13A2E4EB8>, gamma=None, gammaErrorPolicy='raise', kwargs=UNKNOWN, lms=UNKNOWN, monitor=<psychopy.monitors.calibTools.Monitor object at 0x000002F13A27ABE0>, multiSample=False, name='window1', numSamples=2, pos=[0.0, 0.0], screen=0, size=array([1920, 1080]), stencilBits=0, stereo=False, units='height', useFBO=True, useRetina=False, viewOri=0.0, viewPos=None, viewScale=None, waitBlanking=True, winType='pyglet')
11.3157 	EXP 	window1: recordFrameIntervals = False
11.4818 	EXP 	window1: recordFrameIntervals = True
11.6653 	EXP 	window1: recordFrameIntervals = False
11.8059 	EXP 	Created start_recognition_text = TextStim(__class__=<class 'psychopy.visual.text.TextStim'>, alignHoriz=method-wrapper(...), alignText='center', alignVert=method-wrapper(...), anchorHoriz='center', anchorVert='center', antialias=True, autoLog=True, bold=False, color='black', colorSpace='named', contrast=1.0, depth=-2.0, flipHoriz=False, flipVert=False, font='Arial', fontFiles=[], height=0.1, italic=False, languageStyle='LTR', name='start_recognition_text', opacity=1.0, ori=0, pos=array([0., 0.]), rgb=array([0., 0., 0.]), text='Második feladat\nKépfelismerés', units='height', win=Window(...), wrapWidth=1)
11.8291 	EXP 	Created rec_instructions_1_text = TextStim(__class__=<class 'psychopy.visual.text.TextStim'>, alignHoriz=method-wrapper(...), alignText='center', alignVert=method-wrapper(...), anchorHoriz='center', anchorVert='center', antialias=True, autoLog=True, bold=False, color='black', colorSpace='named', contrast=1.0, depth=0.0, flipHoriz=False, flipVert=False, font='Arial', fontFiles=[], height=0.03, italic=False, languageStyle='LTR', name='rec_instructions_1_text', opacity=1.0, ori=0, pos=array([0., 0.]), rgb=array([0., 0., 0.]), text=str(...), units='height', win=Window(...), wrapWidth=1)
11.8324 	EXP 	Created rec_instructions_1_continue = TextStim(__class__=<class 'psychopy.visual.text.TextStim'>, alignHoriz=method-wrapper(...), alignText='center', alignVert=method-wrapper(...), anchorHoriz='center', anchorVert='center', antialias=True, autoLog=True, bold=False, color='black', colorSpace='named', contrast=1.0, depth=-2.0, flipHoriz=False, flipVert=False, font='Arial', fontFiles=[], height=0.03, italic=False, languageStyle='LTR', name='rec_instructions_1_continue', opacity=1.0, ori=0, pos=array([ 0. , -0.4]), rgb=array([0., 0., 0.]), text=str(...), units='height', win=Window(...), wrapWidth=1)
11.8673 	EXP 	Created rec_instructions2_text = TextStim(__class__=<class 'psychopy.visual.text.TextStim'>, alignHoriz=method-wrapper(...), alignText='center', alignVert=method-wrapper(...), anchorHoriz='center', anchorVert='center', antialias=True, autoLog=True, bold=False, color='black', colorSpace='named', contrast=1.0, depth=0.0, flipHoriz=False, flipVert=False, font='Arial', fontFiles=[], height=0.025, italic=False, languageStyle='LTR', name='rec_instructions2_text', opacity=1.0, ori=0, pos=array([0., 0.]), rgb=array([0., 0., 0.]), text=str(...), units='height', win=Window(...), wrapWidth=1)
11.8702 	EXP 	Created rec_instructions_2_continue = TextStim(__class__=<class 'psychopy.visual.text.TextStim'>, alignHoriz=method-wrapper(...), alignText='center', alignVert=method-wrapper(...), anchorHoriz='center', anchorVert='center', antialias=True, autoLog=True, bold=False, color='black', colorSpace='named', contrast=1.0, depth=-2.0, flipHoriz=False, flipVert=False, font='Arial', fontFiles=[], height=0.03, italic=False, languageStyle='LTR', name='rec_instructions_2_continue', opacity=1.0, ori=0, pos=array([ 0. , -0.4]), rgb=array([0., 0., 0.]), text=str(...), units='height', win=Window(...), wrapWidth=1)
11.8772 	EXP 	Created rec_instruction_2_title = TextStim(__class__=<class 'psychopy.visual.text.TextStim'>, alignHoriz=method-wrapper(...), alignText='center', alignVert=method-wrapper(...), anchorHoriz='center', anchorVert='center', antialias=True, autoLog=True, bold=False, color='black', colorSpace='named', contrast=1.0, depth=-3.0, flipHoriz=False, flipVert=False, font='Arial', fontFiles=[], height=0.05, italic=False, languageStyle='LTR', name='rec_instruction_2_title', opacity=1.0, ori=0, pos=array([0. , 0.4]), rgb=array([0., 0., 0.]), text="'Kép' alfeladat", units='height', win=Window(...), wrapWidth=1)
11.8960 	EXP 	Created rec_instrauction_3_text = TextStim(__class__=<class 'psychopy.visual.text.TextStim'>, alignHoriz=method-wrapper(...), alignText='center', alignVert=method-wrapper(...), anchorHoriz='center', anchorVert='center', antialias=True, autoLog=True, bold=False, color='black', colorSpace='named', contrast=1.0, depth=0.0, flipHoriz=False, flipVert=False, font='Arial', fontFiles=[], height=0.025, italic=False, languageStyle='LTR', name='rec_instrauction_3_text', opacity=1.0, ori=0, pos=array([0., 0.]), rgb=array([0., 0., 0.]), text=str(...), units='height', win=Window(...), wrapWidth=1)
11.9063 	EXP 	Created rec_instructions_3_continue = TextStim(__class__=<class 'psychopy.visual.text.TextStim'>, alignHoriz=method-wrapper(...), alignText='center', alignVert=method-wrapper(...), anchorHoriz='center', anchorVert='center', antialias=True, autoLog=True, bold=False, color='black', colorSpace='named', contrast=1.0, depth=-2.0, flipHoriz=False, flipVert=False, font='Arial', fontFiles=[], height=0.03, italic=False, languageStyle='LTR', name='rec_instructions_3_continue', opacity=1.0, ori=0, pos=array([ 0. , -0.4]), rgb=array([0., 0., 0.]), text=str(...), units='height', win=Window(...), wrapWidth=1)
11.9102 	EXP 	Created rec_instruction_3_title = TextStim(__class__=<class 'psychopy.visual.text.TextStim'>, alignHoriz=method-wrapper(...), alignText='center', alignVert=method-wrapper(...), anchorHoriz='center', anchorVert='center', antialias=True, autoLog=True, bold=False, color='black', colorSpace='named', contrast=1.0, depth=-3.0, flipHoriz=False, flipVert=False, font='Arial', fontFiles=[], height=0.05, italic=False, languageStyle='LTR', name='rec_instruction_3_title', opacity=1.0, ori=0, pos=array([0. , 0.4]), rgb=array([0., 0., 0.]), text="'Hely' alfeladat", units='height', win=Window(...), wrapWidth=1)
11.9334 	EXP 	Created rec_instructions_4_text = TextStim(__class__=<class 'psychopy.visual.text.TextStim'>, alignHoriz=method-wrapper(...), alignText='center', alignVert=method-wrapper(...), anchorHoriz='center', anchorVert='center', antialias=True, autoLog=True, bold=False, color='black', colorSpace='named', contrast=1.0, depth=0.0, flipHoriz=False, flipVert=False, font='Arial', fontFiles=[], height=0.05, italic=False, languageStyle='LTR', name='rec_instructions_4_text', opacity=1.0, ori=0, pos=array([0., 0.]), rgb=array([0., 0., 0.]), text=str(...), units='height', win=Window(...), wrapWidth=1)
11.9361 	EXP 	Created rec_instructions_4_continue = TextStim(__class__=<class 'psychopy.visual.text.TextStim'>, alignHoriz=method-wrapper(...), alignText='center', alignVert=method-wrapper(...), anchorHoriz='center', anchorVert='center', antialias=True, autoLog=True, bold=False, color='black', colorSpace='named', contrast=1.0, depth=-2.0, flipHoriz=False, flipVert=False, font='Arial', fontFiles=[], height=0.03, italic=False, languageStyle='LTR', name='rec_instructions_4_continue', opacity=1.0, ori=0, pos=array([ 0. , -0.4]), rgb=array([0., 0., 0.]), text=str(...), units='height', win=Window(...), wrapWidth=1)
11.9485 	EXP 	Created start_practice_text = TextStim(__class__=<class 'psychopy.visual.text.TextStim'>, alignHoriz=method-wrapper(...), alignText='center', alignVert=method-wrapper(...), anchorHoriz='center', anchorVert='center', antialias=True, autoLog=True, bold=False, color='black', colorSpace='named', contrast=1.0, depth=0.0, flipHoriz=False, flipVert=False, font='Arial', fontFiles=[], height=0.1, italic=False, languageStyle='LTR', name='start_practice_text', opacity=1.0, ori=0, pos=array([0., 0.]), rgb=array([0., 0., 0.]), text='Kezdődik a gyakorlás...', units='height', win=Window(...), wrapWidth=1)
11.9534 	EXP 	Created rec_practice_block_text = TextStim(__class__=<class 'psychopy.visual.text.TextStim'>, alignHoriz=method-wrapper(...), alignText='center', alignVert=method-wrapper(...), anchorHoriz='center', anchorVert='center', antialias=True, autoLog=True, bold=False, color='black', colorSpace='named', contrast=1.0, depth=-1.0, flipHoriz=False, flipVert=False, font='Arial', fontFiles=[], height=0.1, italic=False, languageStyle='LTR', name='rec_practice_block_text', opacity=1.0, ori=0, pos=array([0., 0.]), rgb=array([0., 0., 0.]), text='default text', units='height', win=Window(...), wrapWidth=1)
12.0651 	EXP 	Created practice_rec_fx_interior = ImageStim(__class__=<class 'psychopy.visual.image.ImageStim'>, autoLog=True, color=array([1., 1., 1.]), colorSpace='rgb', contrast=1.0, depth=0.0, flipHoriz=False, flipVert=False, image='stimuli/GalleryInterior.png', interpolate=True, mask=None, maskParams=None, name='practice_rec_fx_interior', opacity=1.0, ori=0.0, pos=array([0., 0.]), size=array([2., 2.]), texRes=128, units='norm', win=Window(...))
12.0675 	EXP 	Created practice_rec_fx_cross = TextStim(__class__=<class 'psychopy.visual.text.TextStim'>, alignHoriz=method-wrapper(...), alignText='center', alignVert=method-wrapper(...), anchorHoriz='center', anchorVert='center', antialias=True, autoLog=True, bold=False, color='black', colorSpace='named', contrast=1.0, depth=-1.0, flipHoriz=False, flipVert=False, font='Arial', fontFiles=[], height=0.1, italic=False, languageStyle='LTR', name='practice_rec_fx_cross', opacity=1.0, ori=0, pos=array([0., 0.]), rgb=array([0., 0., 0.]), text='+', units='norm', win=Window(...), wrapWidth=1)
12.0714 	EXP 	Created practice_rec_fx_text_block = TextStim(__class__=<class 'psychopy.visual.text.TextStim'>, alignHoriz=method-wrapper(...), alignText='center', alignVert=method-wrapper(...), anchorHoriz='center', anchorVert='center', antialias=True, autoLog=True, bold=False, color='black', colorSpace='named', contrast=1.0, depth=-3.0, flipHoriz=False, flipVert=False, font='Arial', fontFiles=[], height=0.05, italic=False, languageStyle='LTR', name='practice_rec_fx_text_block', opacity=1.0, ori=0, pos=array([0.  , 0.87]), rgb=array([0., 0., 0.]), text='default text', units='norm', win=Window(...), wrapWidth=1)
12.0763 	EXP 	Created practice_rec_fx_instructions_text = TextStim(__class__=<class 'psychopy.visual.text.TextStim'>, alignHoriz=method-wrapper(...), alignText='center', alignVert=method-wrapper(...), anchorHoriz='center', anchorVert='center', antialias=True, autoLog=True, bold=False, color='black', colorSpace='named', contrast=1.0, depth=-4.0, flipHoriz=False, flipVert=False, font='Arial', fontFiles=[], height=0.05, italic=False, languageStyle='LTR', name='practice_rec_fx_instructions_text', opacity=1.0, ori=0, pos=array([ 0.   , -0.833]), rgb=array([0., 0., 0.]), text=str(...), units='norm', win=Window(...), wrapWidth=1)
12.1742 	EXP 	Created practice_rec_trial_interior = ImageStim(__class__=<class 'psychopy.visual.image.ImageStim'>, autoLog=True, color=array([1., 1., 1.]), colorSpace='rgb', contrast=1.0, depth=0.0, flipHoriz=False, flipVert=False, image='stimuli/GalleryInterior.png', interpolate=True, mask=None, maskParams=None, name='practice_rec_trial_interior', opacity=1.0, ori=0.0, pos=array([0., 0.]), size=array([2., 2.]), texRes=128, units='norm', win=Window(...))
12.1772 	EXP 	Created practice_rec_trial_main_image = ImageStim(__class__=<class 'psychopy.visual.image.ImageStim'>, autoLog=True, color=array([1., 1., 1.]), colorSpace='rgb', contrast=1.0, depth=-1.0, flipHoriz=False, flipVert=False, image='sin', interpolate=True, mask=None, maskParams=None, name='practice_rec_trial_main_image', opacity=1.0, ori=0.0, pos=array([0., 0.]), size=array([1., 1.]), texRes=128, units='norm', win=Window(...))
12.1788 	EXP 	Created practice_rec_trial_text_block = TextStim(__class__=<class 'psychopy.visual.text.TextStim'>, alignHoriz=method-wrapper(...), alignText='center', alignVert=method-wrapper(...), anchorHoriz='center', anchorVert='center', antialias=True, autoLog=True, bold=False, color='black', colorSpace='named', contrast=1.0, depth=-3.0, flipHoriz=False, flipVert=False, font='Arial', fontFiles=[], height=0.05, italic=False, languageStyle='LTR', name='practice_rec_trial_text_block', opacity=1.0, ori=0, pos=array([0.  , 0.87]), rgb=array([0., 0., 0.]), text='default text', units='norm', win=Window(...), wrapWidth=1)
12.1810 	EXP 	Created practice_rec_trial_instructions_text = TextStim(__class__=<class 'psychopy.visual.text.TextStim'>, alignHoriz=method-wrapper(...), alignText='center', alignVert=method-wrapper(...), anchorHoriz='center', anchorVert='center', antialias=True, autoLog=True, bold=False, color='black', colorSpace='named', contrast=1.0, depth=-4.0, flipHoriz=False, flipVert=False, font='Arial', fontFiles=[], height=0.05, italic=False, languageStyle='LTR', name='practice_rec_trial_instructions_text', opacity=1.0, ori=0, pos=array([ 0.   , -0.833]), rgb=array([0., 0., 0.]), text=str(...), units='norm', win=Window(...), wrapWidth=1)
12.1847 	EXP 	Created rec_practice_feedback_text = TextStim(__class__=<class 'psychopy.visual.text.TextStim'>, alignHoriz=method-wrapper(...), alignText='center', alignVert=method-wrapper(...), anchorHoriz='center', anchorVert='center', antialias=True, autoLog=True, bold=False, color='black', colorSpace='named', contrast=1.0, depth=-1.0, flipHoriz=False, flipVert=False, font='Arial', fontFiles=[], height=0.05, italic=False, languageStyle='LTR', name='rec_practice_feedback_text', opacity=1.0, ori=0, pos=array([0., 0.]), rgb=array([0., 0., 0.]), text='default text', units='height', win=Window(...), wrapWidth=1)
12.1939 	EXP 	Created end_practice_text = TextStim(__class__=<class 'psychopy.visual.text.TextStim'>, alignHoriz=method-wrapper(...), alignText='center', alignVert=method-wrapper(...), anchorHoriz='center', anchorVert='center', antialias=True, autoLog=True, bold=False, color='black', colorSpace='named', contrast=1.0, depth=0.0, flipHoriz=False, flipVert=False, font='Arial', fontFiles=[], height=0.05, italic=False, languageStyle='LTR', name='end_practice_text', opacity=1.0, ori=0, pos=array([0., 0.]), rgb=array([0., 0., 0.]), text=str(...), units='height', win=Window(...), wrapWidth=0.8)
12.1994 	EXP 	Created end_practice_continue = TextStim(__class__=<class 'psychopy.visual.text.TextStim'>, alignHoriz=method-wrapper(...), alignText='center', alignVert=method-wrapper(...), anchorHoriz='center', anchorVert='center', antialias=True, autoLog=True, bold=False, color='black', colorSpace='named', contrast=1.0, depth=-3.0, flipHoriz=False, flipVert=False, font='Arial', fontFiles=[], height=0.03, italic=False, languageStyle='LTR', name='end_practice_continue', opacity=1.0, ori=0, pos=array([ 0. , -0.4]), rgb=array([0., 0., 0.]), text=str(...), units='height', win=Window(...), wrapWidth=1)
12.1994 	EXP 	Added new global key event: get_current_trigger_time
12.2152 	EXP 	Created start_MR_text = TextStim(__class__=<class 'psychopy.visual.text.TextStim'>, alignHoriz=method-wrapper(...), alignText='center', alignVert=method-wrapper(...), anchorHoriz='center', anchorVert='center', antialias=True, autoLog=True, bold=False, color='black', colorSpace='named', contrast=1.0, depth=-1.0, flipHoriz=False, flipVert=False, font='Arial', fontFiles=[], height=0.1, italic=False, languageStyle='LTR', name='start_MR_text', opacity=1.0, ori=0, pos=array([0., 0.]), rgb=array([0., 0., 0.]), text='A vizsgálatvezető indítja a szkennert...', units='height', win=Window(...), wrapWidth=1)
12.2235 	EXP 	Created start_rec_run_text = TextStim(__class__=<class 'psychopy.visual.text.TextStim'>, alignHoriz=method-wrapper(...), alignText='center', alignVert=method-wrapper(...), anchorHoriz='center', anchorVert='center', antialias=True, autoLog=True, bold=False, color='black', colorSpace='named', contrast=1.0, depth=-1.0, flipHoriz=False, flipVert=False, font='Arial', fontFiles=[], height=0.06, italic=False, languageStyle='LTR', name='start_rec_run_text', opacity=1.0, ori=0, pos=array([0., 0.]), rgb=array([0., 0., 0.]), text='Kezdődik a feladat...', units='height', win=Window(...), wrapWidth=1)
12.2277 	EXP 	Created start_rec_block_text = TextStim(__class__=<class 'psychopy.visual.text.TextStim'>, alignHoriz=method-wrapper(...), alignText='center', alignVert=method-wrapper(...), anchorHoriz='center', anchorVert='center', antialias=True, autoLog=True, bold=False, color='black', colorSpace='named', contrast=1.0, depth=-1.0, flipHoriz=False, flipVert=False, font='Arial', fontFiles=[], height=0.1, italic=False, languageStyle='LTR', name='start_rec_block_text', opacity=1.0, ori=0, pos=array([0., 0.]), rgb=array([0., 0., 0.]), text='default text', units='height', win=Window(...), wrapWidth=1)
12.3239 	EXP 	Created rec_fx_interior = ImageStim(__class__=<class 'psychopy.visual.image.ImageStim'>, autoLog=True, color=array([1., 1., 1.]), colorSpace='rgb', contrast=1.0, depth=0.0, flipHoriz=False, flipVert=False, image='stimuli/GalleryInterior.png', interpolate=True, mask=None, maskParams=None, name='rec_fx_interior', opacity=1.0, ori=0.0, pos=array([0., 0.]), size=array([2., 2.]), texRes=128, units='norm', win=Window(...))
12.3261 	EXP 	Created rec_fx_cross = TextStim(__class__=<class 'psychopy.visual.text.TextStim'>, alignHoriz=method-wrapper(...), alignText='center', alignVert=method-wrapper(...), anchorHoriz='center', anchorVert='center', antialias=True, autoLog=True, bold=False, color='black', colorSpace='named', contrast=1.0, depth=-1.0, flipHoriz=False, flipVert=False, font='Arial', fontFiles=[], height=0.1, italic=False, languageStyle='LTR', name='rec_fx_cross', opacity=1.0, ori=0, pos=array([0., 0.]), rgb=array([0., 0., 0.]), text='+', units='norm', win=Window(...), wrapWidth=1)
12.3309 	EXP 	Created rec_fx_text_block = TextStim(__class__=<class 'psychopy.visual.text.TextStim'>, alignHoriz=method-wrapper(...), alignText='center', alignVert=method-wrapper(...), anchorHoriz='center', anchorVert='center', antialias=True, autoLog=True, bold=False, color='black', colorSpace='named', contrast=1.0, depth=-3.0, flipHoriz=False, flipVert=False, font='Arial', fontFiles=[], height=0.05, italic=False, languageStyle='LTR', name='rec_fx_text_block', opacity=1.0, ori=0, pos=array([0.  , 0.87]), rgb=array([0., 0., 0.]), text='default text', units='norm', win=Window(...), wrapWidth=1)
12.3373 	EXP 	Created rec_fx_instructions_text = TextStim(__class__=<class 'psychopy.visual.text.TextStim'>, alignHoriz=method-wrapper(...), alignText='center', alignVert=method-wrapper(...), anchorHoriz='center', anchorVert='center', antialias=True, autoLog=True, bold=False, color='black', colorSpace='named', contrast=1.0, depth=-4.0, flipHoriz=False, flipVert=False, font='Arial', fontFiles=[], height=0.05, italic=False, languageStyle='LTR', name='rec_fx_instructions_text', opacity=1.0, ori=0, pos=array([ 0.   , -0.833]), rgb=array([0., 0., 0.]), text=str(...), units='norm', win=Window(...), wrapWidth=1)
12.4354 	EXP 	Created rec_trial_interior = ImageStim(__class__=<class 'psychopy.visual.image.ImageStim'>, autoLog=True, color=array([1., 1., 1.]), colorSpace='rgb', contrast=1.0, depth=0.0, flipHoriz=False, flipVert=False, image='stimuli/GalleryInterior.png', interpolate=True, mask=None, maskParams=None, name='rec_trial_interior', opacity=1.0, ori=0.0, pos=array([0., 0.]), size=array([2., 2.]), texRes=128, units='norm', win=Window(...))
12.4381 	EXP 	Created rec_trial_main_image = ImageStim(__class__=<class 'psychopy.visual.image.ImageStim'>, autoLog=True, color=array([1., 1., 1.]), colorSpace='rgb', contrast=1.0, depth=-1.0, flipHoriz=False, flipVert=False, image='sin', interpolate=True, mask=None, maskParams=None, name='rec_trial_main_image', opacity=1.0, ori=0.0, pos=array([0., 0.]), size=array([1., 1.]), texRes=128, units='norm', win=Window(...))
12.4399 	EXP 	Created rec_trial_text_block = TextStim(__class__=<class 'psychopy.visual.text.TextStim'>, alignHoriz=method-wrapper(...), alignText='center', alignVert=method-wrapper(...), anchorHoriz='center', anchorVert='center', antialias=True, autoLog=True, bold=False, color='black', colorSpace='named', contrast=1.0, depth=-3.0, flipHoriz=False, flipVert=False, font='Arial', fontFiles=[], height=0.05, italic=False, languageStyle='LTR', name='rec_trial_text_block', opacity=1.0, ori=0, pos=array([0.  , 0.87]), rgb=array([0., 0., 0.]), text='default text', units='norm', win=Window(...), wrapWidth=1)
12.4421 	EXP 	Created rec_trial_instructions_text = TextStim(__class__=<class 'psychopy.visual.text.TextStim'>, alignHoriz=method-wrapper(...), alignText='center', alignVert=method-wrapper(...), anchorHoriz='center', anchorVert='center', antialias=True, autoLog=True, bold=False, color='black', colorSpace='named', contrast=1.0, depth=-4.0, flipHoriz=False, flipVert=False, font='Arial', fontFiles=[], height=0.05, italic=False, languageStyle='LTR', name='rec_trial_instructions_text', opacity=1.0, ori=0, pos=array([ 0.   , -0.833]), rgb=array([0., 0., 0.]), text=str(...), units='norm', win=Window(...), wrapWidth=1)
12.4448 	EXP 	Created end_rec_run_text = TextStim(__class__=<class 'psychopy.visual.text.TextStim'>, alignHoriz=method-wrapper(...), alignText='center', alignVert=method-wrapper(...), anchorHoriz='center', anchorVert='center', antialias=True, autoLog=True, bold=False, color='black', colorSpace='named', contrast=1.0, depth=0.0, flipHoriz=False, flipVert=False, font='Arial', fontFiles=[], height=0.06, italic=False, languageStyle='LTR', name='end_rec_run_text', opacity=1.0, ori=0, pos=array([0., 0.]), rgb=array([0., 0., 0.]), text='default text', units='height', win=Window(...), wrapWidth=1)
12.4517 	EXP 	Created end_experiment_text = TextStim(__class__=<class 'psychopy.visual.text.TextStim'>, alignHoriz=method-wrapper(...), alignText='center', alignVert=method-wrapper(...), anchorHoriz='center', anchorVert='center', antialias=True, autoLog=True, bold=False, color='black', colorSpace='named', contrast=1.0, depth=0.0, flipHoriz=False, flipVert=False, font='Arial', fontFiles=[], height=0.03, italic=False, languageStyle='LTR', name='end_experiment_text', opacity=1.0, ori=0, pos=array([0.  , 0.15]), rgb=array([0., 0., 0.]), text='Köszönjük a részvételt!\n\n', units='height', win=Window(...), wrapWidth=1)
12.5195 	EXP 	start_recognition_text: autoDraw = True
14.4817 	EXP 	start_recognition_text: autoDraw = False
14.4817 	EXP 	rec_instructions_1_text: autoDraw = True
19.4482 	EXP 	rec_instructions_1_continue: autoDraw = True
28.4218 	DATA 	Keypress: d
28.4314 	EXP 	rec_instructions_1_text: autoDraw = False
28.4314 	EXP 	rec_instructions_1_continue: autoDraw = False
28.4314 	EXP 	rec_instructions2_text: autoDraw = True
28.4314 	EXP 	rec_instruction_2_title: autoDraw = True
33.4146 	EXP 	rec_instructions_2_continue: autoDraw = True
58.8709 	DATA 	Keypress: d
58.8808 	EXP 	rec_instructions2_text: autoDraw = False
58.8808 	EXP 	rec_instructions_2_continue: autoDraw = False
58.8808 	EXP 	rec_instruction_2_title: autoDraw = False
58.8808 	EXP 	rec_instrauction_3_text: autoDraw = True
58.8808 	EXP 	rec_instruction_3_title: autoDraw = True
63.8642 	EXP 	rec_instructions_3_continue: autoDraw = True
76.9529 	DATA 	Keypress: d
76.9639 	EXP 	rec_instrauction_3_text: autoDraw = False
76.9639 	EXP 	rec_instructions_3_continue: autoDraw = False
76.9639 	EXP 	rec_instruction_3_title: autoDraw = False
76.9639 	EXP 	rec_instructions_4_text: autoDraw = True
77.9472 	EXP 	rec_instructions_4_continue: autoDraw = True
81.7701 	DATA 	Keypress: d
81.7804 	EXP 	rec_instructions_4_text: autoDraw = False
81.7804 	EXP 	rec_instructions_4_continue: autoDraw = False
81.7804 	EXP 	start_practice_text: autoDraw = True
82.7663 	EXP 	Created sequence: sequential, trialTypes=1, nReps=0, seed=None
82.7804 	EXP 	start_practice_text: autoDraw = False
82.7804 	EXP 	start_practice_text: autoDraw = False
82.7804 	EXP 	end_practice_text: autoDraw = True
83.7637 	EXP 	end_practice_continue: autoDraw = True
85.8688 	DATA 	Keypress: d
88.2181 	DATA 	Keypress: d
88.7839 	DATA 	Keypress: d
89.5018 	DATA 	Keypress: d
89.8687 	DATA 	Keypress: d
90.1341 	DATA 	Keypress: d
90.3687 	DATA 	Keypress: d
90.6188 	DATA 	Keypress: d
90.8518 	DATA 	Keypress: d
91.0686 	DATA 	Keypress: d
91.3338 	EXP 	Created sequence: sequential, trialTypes=1, nReps=4, seed=None
91.3341 	EXP 	New trial (rep=0, index=0): None
91.3369 	DATA 	Keypress: right
91.3469 	EXP 	end_practice_text: autoDraw = False
91.3469 	EXP 	end_practice_continue: autoDraw = False
91.3469 	EXP 	start_MR_text: autoDraw = True
94.4028 	DATA 	Keypress: s
94.4029 	EXP 	Global key event: get_current_trigger_time. Calling <function get_current_trigger_time at 0x000002F13C0AA048>.
94.4134 	EXP 	start_MR_text: autoDraw = False
94.4134 	EXP 	start_rec_run_text: autoDraw = True
95.3989 	EXP 	Created sequence: sequential, trialTypes=1, nReps=2, seed=None
95.3991 	EXP 	New trial (rep=0, index=0): None
95.4134 	EXP 	start_rec_run_text: autoDraw = False
95.4134 	EXP 	start_rec_run_text: autoDraw = False
95.4134 	EXP 	start_rec_block_text: text = 'Kép'
95.4134 	EXP 	start_rec_block_text: autoDraw = True
95.4319 	DATA 	Keypress: s
95.4320 	EXP 	Global key event: get_current_trigger_time. Calling <function get_current_trigger_time at 0x000002F13C0AA048>.
96.9597 	EXP 	Imported stimuli_tables/recognition_trials_0.csv as conditions, 3 conditions, 25 params
96.9600 	EXP 	Created sequence: sequential, trialTypes=3, nReps=1, seed=None
96.9604 	EXP 	New trial (rep=0, index=0): OrderedDict([('TrialIndex', 1), ('Jitter', 500), ('ScannerRun', None), ('BlockNr', 1), ('TrialType', 'OBJ'), ('StimType', 'FOIL'), ('CurrentImage', 'stimuli/fractals/131b.jpg'), ('CurrentX', 0.234375), ('CurrentY', -0.1388888888888889), ('EncodingTrialIndex', 0.0), ('EncodingStimType', 'FOIL'), ('EncodingImage', None), ('EncodingXcoordinate', 0.0), ('EncodingYcoordinate', 0.0), ('TripletMemberA', None), ('TripletMemberB', None), ('TripletMemberC', None), ('Xcoordinate', None), ('Ycoordinate', None), ('Xcoordinate_lure1', None), ('Ycoordinate_lure1', None), ('Xcoordinate_lure2', None), ('Ycoordinate_lure2', None), ('Xcoordinate_foil', None), ('Ycoordinate_foil', None)])
97.0376 	EXP 	window1: mouseVisible = True
