10.1456 	WARNING 	Monitor specification not found. Creating a temporary one...
10.7903 	EXP 	Created window1 = Window(allowGUI=False, allowStencil=False, autoLog=True, backendConf=UNKNOWN, bitsMode=UNKNOWN, blendMode='avg', bpc=(8, 8, 8), color=array([0.114, 0.31 , 0.38 ]), colorSpace='rgb', depthBits=8, fullscr=<method-wrapper '__getattribute__' of attributeSetter object at 0x000000001C6AA6A0>, gamma=None, gammaErrorPolicy='raise', lms=UNKNOWN, monitor=<psychopy.monitors.calibTools.Monitor object at 0x000000001C6C2080>, multiSample=False, name='window1', numSamples=2, pos=[0.0, 0.0], screen=1, size=array([1920, 1080]), stencilBits=0, stereo=False, units='height', useFBO=True, useRetina=False, viewOri=0.0, viewPos=None, viewScale=None, waitBlanking=True, winType='pyglet')
10.7904 	EXP 	window1: mouseVisible = True
10.7904 	EXP 	window1: recordFrameIntervals = False
10.9566 	EXP 	window1: recordFrameIntervals = True
11.1415 	EXP 	window1: recordFrameIntervals = False
11.2421 	EXP 	window1: mouseVisible = False
11.3003 	EXP 	Created anatomy_text = TextStim(__class__=<class 'psychopy.visual.text.TextStim'>, alignHoriz=method-wrapper(...), alignText='center', alignVert=method-wrapper(...), anchorHoriz='center', anchorVert='center', antialias=True, autoLog=True, bold=False, color=array([-1, -1, -1]), colorSpace='rgb', contrast=1.0, depth=0.0, flipHoriz=False, flipVert=False, font='Arial', fontFiles=[], height=0.05, italic=False, languageStyle='LTR', name='anatomy_text', opacity=1, ori=0, pos=array([0., 0.]), rgb=UNKNOWN, text=str(...), units='height', win=Window(...), wrapWidth=1)
11.3091 	EXP 	Created general_instructions_continue = TextStim(__class__=<class 'psychopy.visual.text.TextStim'>, alignHoriz=method-wrapper(...), alignText='center', alignVert=method-wrapper(...), anchorHoriz='center', anchorVert='center', antialias=True, autoLog=True, bold=False, color=array([-1, -1, -1]), colorSpace='rgb', contrast=1.0, depth=-2.0, flipHoriz=False, flipVert=False, font='Arial', fontFiles=[], height=0.05, italic=False, languageStyle='LTR', name='general_instructions_continue', opacity=1, ori=0, pos=array([ 0. , -0.4]), rgb=UNKNOWN, text=str(...), units='height', win=Window(...), wrapWidth=1)
11.3220 	EXP 	Created choose_video_text = TextStim(__class__=<class 'psychopy.visual.text.TextStim'>, alignHoriz=method-wrapper(...), alignText='center', alignVert=method-wrapper(...), anchorHoriz='center', anchorVert='center', antialias=True, autoLog=True, bold=False, color=array([-1, -1, -1]), colorSpace='rgb', contrast=1.0, depth=0.0, flipHoriz=False, flipVert=False, font='Arial', fontFiles=[], height=0.05, italic=False, languageStyle='LTR', name='choose_video_text', opacity=1, ori=0, pos=array([0., 0.]), rgb=UNKNOWN, text=str(...), units='height', win=Window(...), wrapWidth=1)
11.3318 	EXP 	Created loading_text = TextStim(__class__=<class 'psychopy.visual.text.TextStim'>, alignHoriz=method-wrapper(...), alignText='center', alignVert=method-wrapper(...), anchorHoriz='center', anchorVert='center', antialias=True, autoLog=True, bold=False, color=array([-1, -1, -1]), colorSpace='rgb', contrast=1.0, depth=-1.0, flipHoriz=False, flipVert=False, font='Open Sans', fontFiles=[], height=0.1, italic=False, languageStyle='LTR', name='loading_text', opacity=1, ori=0.0, pos=array([0., 0.]), rgb=UNKNOWN, text='A videó betölt...', units='height', win=Window(...), wrapWidth=1)
11.3348 	EXP 	Created prepare_task_text = TextStim(__class__=<class 'psychopy.visual.text.TextStim'>, alignHoriz=method-wrapper(...), alignText='center', alignVert=method-wrapper(...), anchorHoriz='center', anchorVert='center', antialias=True, autoLog=True, bold=False, color=array([-1, -1, -1]), colorSpace='rgb', contrast=1.0, depth=0.0, flipHoriz=False, flipVert=False, font='Arial', fontFiles=[], height=0.05, italic=False, languageStyle='LTR', name='prepare_task_text', opacity=1, ori=0, pos=array([0., 0.]), rgb=UNKNOWN, text='Vége az anatómiai mérésnek.', units='height', win=Window(...), wrapWidth=0.52)
11.3659 	EXP 	anatomy_text: autoDraw = True
16.3565 	EXP 	general_instructions_continue: autoDraw = True
19.1565 	EXP 	anatomy_text: autoDraw = False
19.1565 	EXP 	general_instructions_continue: autoDraw = False
19.1565 	EXP 	choose_video_text: autoDraw = True
23.4262 	EXP 	window1: recordFrameIntervals = False
23.4398 	EXP 	choose_video_text: autoDraw = False
23.4398 	EXP 	loading_text: autoDraw = True
23.4398 	EXP 	window1: recordFrameIntervals = False
26.5007 	EXP 	Created video_file = MovieStim3(__class__=<class 'psychopy.visual.movie3.MovieStim3'>, autoLog=True, color=UNKNOWN, colorSpace=UNKNOWN, depth=0.0, filename='stimuli/beauty_of_africa.mp4', flipHoriz=False, flipVert=False, fps=UNKNOWN, interpolate=True, loop=True, name='video_file', noAudio=False, opacity=1, ori=method-wrapper(...), pos=array([0., 0.]), size=method-wrapper(...), units='pix', vframe_callback=UNKNOWN, volume=UNKNOWN, win=Window(...))
29.2054 	EXP 	Sound  started
29.2142 	EXP 	loading_text: autoDraw = False
29.2142 	EXP 	loading_text: autoDraw = False
29.2142 	EXP 	video_file: autoLog = True
29.2142 	EXP 	video_file: movie = 'stimuli/beauty_of_africa.mp4'
29.2142 	EXP 	video_file: size = array([1920., 1080.])
29.2142 	EXP 	video_file: ori = 0
29.2142 	EXP 	video_file: autoDraw = True
413.1199 	EXP 	Sound  reached end of file
414.9884 	EXP 	Sound  started
415.0433 	EXP 	Set video_file finished
738.3059 	EXP 	Sound  stopped
738.3117 	EXP 	video_file: autoDraw = False
738.3117 	EXP 	prepare_task_text: autoDraw = True
744.3342 	EXP 	prepare_task_text: autoDraw = False
744.3393 	EXP 	window1: mouseVisible = True
