13.5910 	WARNING 	Monitor specification not found. Creating a temporary one...
14.2529 	EXP 	Created window1 = Window(allowGUI=False, allowStencil=False, autoLog=True, backendConf=UNKNOWN, bitsMode=UNKNOWN, blendMode='avg', bpc=(8, 8, 8), color=array([0.114, 0.31 , 0.38 ]), colorSpace='rgb', depthBits=8, fullscr=<method-wrapper '__getattribute__' of attributeSetter object at 0x000000001EA01630>, gamma=None, gammaErrorPolicy='raise', lms=UNKNOWN, monitor=<psychopy.monitors.calibTools.Monitor object at 0x000000001EA92EB8>, multiSample=False, name='window1', numSamples=2, pos=[0.0, 0.0], screen=1, size=array([1920, 1080]), stencilBits=0, stereo=False, units='height', useFBO=True, useRetina=False, viewOri=0.0, viewPos=None, viewScale=None, waitBlanking=True, winType='pyglet')
14.2529 	EXP 	window1: mouseVisible = True
14.2530 	EXP 	window1: recordFrameIntervals = False
14.4191 	EXP 	window1: recordFrameIntervals = True
14.6035 	EXP 	window1: recordFrameIntervals = False
14.7043 	EXP 	window1: mouseVisible = False
14.7641 	EXP 	Created anatomy_text = TextStim(__class__=<class 'psychopy.visual.text.TextStim'>, alignHoriz=method-wrapper(...), alignText='center', alignVert=method-wrapper(...), anchorHoriz='center', anchorVert='center', antialias=True, autoLog=True, bold=False, color=array([-1, -1, -1]), colorSpace='rgb', contrast=1.0, depth=0.0, flipHoriz=False, flipVert=False, font='Arial', fontFiles=[], height=0.05, italic=False, languageStyle='LTR', name='anatomy_text', opacity=1, ori=0, pos=array([0., 0.]), rgb=UNKNOWN, text=str(...), units='height', win=Window(...), wrapWidth=1)
14.7737 	EXP 	Created general_instructions_continue = TextStim(__class__=<class 'psychopy.visual.text.TextStim'>, alignHoriz=method-wrapper(...), alignText='center', alignVert=method-wrapper(...), anchorHoriz='center', anchorVert='center', antialias=True, autoLog=True, bold=False, color=array([-1, -1, -1]), colorSpace='rgb', contrast=1.0, depth=-2.0, flipHoriz=False, flipVert=False, font='Arial', fontFiles=[], height=0.05, italic=False, languageStyle='LTR', name='general_instructions_continue', opacity=1, ori=0, pos=array([ 0. , -0.4]), rgb=UNKNOWN, text=str(...), units='height', win=Window(...), wrapWidth=1)
14.7877 	EXP 	Created choose_video_text = TextStim(__class__=<class 'psychopy.visual.text.TextStim'>, alignHoriz=method-wrapper(...), alignText='center', alignVert=method-wrapper(...), anchorHoriz='center', anchorVert='center', antialias=True, autoLog=True, bold=False, color=array([-1, -1, -1]), colorSpace='rgb', contrast=1.0, depth=0.0, flipHoriz=False, flipVert=False, font='Arial', fontFiles=[], height=0.05, italic=False, languageStyle='LTR', name='choose_video_text', opacity=1, ori=0, pos=array([0., 0.]), rgb=UNKNOWN, text=str(...), units='height', win=Window(...), wrapWidth=1)
14.7987 	EXP 	Created loading_text = TextStim(__class__=<class 'psychopy.visual.text.TextStim'>, alignHoriz=method-wrapper(...), alignText='center', alignVert=method-wrapper(...), anchorHoriz='center', anchorVert='center', antialias=True, autoLog=True, bold=False, color=array([-1, -1, -1]), colorSpace='rgb', contrast=1.0, depth=-1.0, flipHoriz=False, flipVert=False, font='Open Sans', fontFiles=[], height=0.1, italic=False, languageStyle='LTR', name='loading_text', opacity=1, ori=0.0, pos=array([0., 0.]), rgb=UNKNOWN, text='A videó betölt...', units='height', win=Window(...), wrapWidth=1)
14.8017 	EXP 	Created prepare_task_text = TextStim(__class__=<class 'psychopy.visual.text.TextStim'>, alignHoriz=method-wrapper(...), alignText='center', alignVert=method-wrapper(...), anchorHoriz='center', anchorVert='center', antialias=True, autoLog=True, bold=False, color=array([-1, -1, -1]), colorSpace='rgb', contrast=1.0, depth=0.0, flipHoriz=False, flipVert=False, font='Arial', fontFiles=[], height=0.05, italic=False, languageStyle='LTR', name='prepare_task_text', opacity=1, ori=0, pos=array([0., 0.]), rgb=UNKNOWN, text='Vége az anatómiai mérésnek.', units='height', win=Window(...), wrapWidth=0.52)
14.8344 	EXP 	anatomy_text: autoDraw = True
19.8190 	EXP 	general_instructions_continue: autoDraw = True
21.9857 	EXP 	anatomy_text: autoDraw = False
21.9857 	EXP 	general_instructions_continue: autoDraw = False
21.9857 	EXP 	choose_video_text: autoDraw = True
28.8545 	EXP 	window1: recordFrameIntervals = False
28.8686 	EXP 	choose_video_text: autoDraw = False
28.8686 	EXP 	loading_text: autoDraw = True
28.8687 	EXP 	window1: recordFrameIntervals = False
31.9317 	EXP 	Created video_file = MovieStim3(__class__=<class 'psychopy.visual.movie3.MovieStim3'>, autoLog=True, color=UNKNOWN, colorSpace=UNKNOWN, depth=0.0, filename='stimuli/beauty_of_africa.mp4', flipHoriz=False, flipVert=False, fps=UNKNOWN, interpolate=True, loop=True, name='video_file', noAudio=False, opacity=1, ori=method-wrapper(...), pos=array([0., 0.]), size=method-wrapper(...), units='pix', vframe_callback=UNKNOWN, volume=UNKNOWN, win=Window(...))
34.6614 	EXP 	Sound  started
34.6722 	EXP 	loading_text: autoDraw = False
34.6722 	EXP 	loading_text: autoDraw = False
34.6722 	EXP 	video_file: autoLog = True
34.6722 	EXP 	video_file: movie = 'stimuli/beauty_of_africa.mp4'
34.6722 	EXP 	video_file: size = array([1920., 1080.])
34.6722 	EXP 	video_file: ori = 0
34.6722 	EXP 	video_file: autoDraw = True
418.5672 	EXP 	Sound  reached end of file
420.4632 	EXP 	Sound  started
420.5191 	EXP 	Set video_file finished
802.4642 	EXP 	Sound  stopped
804.3470 	EXP 	Sound  started
804.4029 	EXP 	Set video_file finished
827.3340 	EXP 	Sound  stopped
827.3419 	EXP 	video_file: autoDraw = False
827.3419 	EXP 	prepare_task_text: autoDraw = True
833.1772 	EXP 	prepare_task_text: autoDraw = False
833.1843 	EXP 	window1: mouseVisible = True
