11.4564 	WARNING 	Monitor specification not found. Creating a temporary one...
12.1087 	EXP 	Created window1 = Window(allowGUI=False, allowStencil=False, autoLog=True, backendConf=UNKNOWN, bitsMode=UNKNOWN, blendMode='avg', bpc=(8, 8, 8), color=array([0.114, 0.31 , 0.38 ]), colorSpace='rgb', depthBits=8, fullscr=<method-wrapper '__getattribute__' of attributeSetter object at 0x000000001C33B6A0>, gamma=None, gammaErrorPolicy='raise', lms=UNKNOWN, monitor=<psychopy.monitors.calibTools.Monitor object at 0x000000001C352048>, multiSample=False, name='window1', numSamples=2, pos=[0.0, 0.0], screen=1, size=array([1920, 1080]), stencilBits=0, stereo=False, units='height', useFBO=True, useRetina=False, viewOri=0.0, viewPos=None, viewScale=None, waitBlanking=True, winType='pyglet')
12.1087 	EXP 	window1: mouseVisible = True
12.1088 	EXP 	window1: recordFrameIntervals = False
12.2749 	EXP 	window1: recordFrameIntervals = True
12.4592 	EXP 	window1: recordFrameIntervals = False
12.5598 	EXP 	window1: mouseVisible = False
12.6189 	EXP 	Created anatomy_text = TextStim(__class__=<class 'psychopy.visual.text.TextStim'>, alignHoriz=method-wrapper(...), alignText='center', alignVert=method-wrapper(...), anchorHoriz='center', anchorVert='center', antialias=True, autoLog=True, bold=False, color=array([-1, -1, -1]), colorSpace='rgb', contrast=1.0, depth=0.0, flipHoriz=False, flipVert=False, font='Arial', fontFiles=[], height=0.05, italic=False, languageStyle='LTR', name='anatomy_text', opacity=1, ori=0, pos=array([0., 0.]), rgb=UNKNOWN, text=str(...), units='height', win=Window(...), wrapWidth=1)
12.6282 	EXP 	Created general_instructions_continue = TextStim(__class__=<class 'psychopy.visual.text.TextStim'>, alignHoriz=method-wrapper(...), alignText='center', alignVert=method-wrapper(...), anchorHoriz='center', anchorVert='center', antialias=True, autoLog=True, bold=False, color=array([-1, -1, -1]), colorSpace='rgb', contrast=1.0, depth=-2.0, flipHoriz=False, flipVert=False, font='Arial', fontFiles=[], height=0.05, italic=False, languageStyle='LTR', name='general_instructions_continue', opacity=1, ori=0, pos=array([ 0. , -0.4]), rgb=UNKNOWN, text=str(...), units='height', win=Window(...), wrapWidth=1)
12.6417 	EXP 	Created choose_video_text = TextStim(__class__=<class 'psychopy.visual.text.TextStim'>, alignHoriz=method-wrapper(...), alignText='center', alignVert=method-wrapper(...), anchorHoriz='center', anchorVert='center', antialias=True, autoLog=True, bold=False, color=array([-1, -1, -1]), colorSpace='rgb', contrast=1.0, depth=0.0, flipHoriz=False, flipVert=False, font='Arial', fontFiles=[], height=0.05, italic=False, languageStyle='LTR', name='choose_video_text', opacity=1, ori=0, pos=array([0., 0.]), rgb=UNKNOWN, text=str(...), units='height', win=Window(...), wrapWidth=1)
12.6523 	EXP 	Created loading_text = TextStim(__class__=<class 'psychopy.visual.text.TextStim'>, alignHoriz=method-wrapper(...), alignText='center', alignVert=method-wrapper(...), anchorHoriz='center', anchorVert='center', antialias=True, autoLog=True, bold=False, color=array([-1, -1, -1]), colorSpace='rgb', contrast=1.0, depth=-1.0, flipHoriz=False, flipVert=False, font='Open Sans', fontFiles=[], height=0.1, italic=False, languageStyle='LTR', name='loading_text', opacity=1, ori=0.0, pos=array([0., 0.]), rgb=UNKNOWN, text='A videó betölt...', units='height', win=Window(...), wrapWidth=1)
12.6554 	EXP 	Created prepare_task_text = TextStim(__class__=<class 'psychopy.visual.text.TextStim'>, alignHoriz=method-wrapper(...), alignText='center', alignVert=method-wrapper(...), anchorHoriz='center', anchorVert='center', antialias=True, autoLog=True, bold=False, color=array([-1, -1, -1]), colorSpace='rgb', contrast=1.0, depth=0.0, flipHoriz=False, flipVert=False, font='Arial', fontFiles=[], height=0.05, italic=False, languageStyle='LTR', name='prepare_task_text', opacity=1, ori=0, pos=array([0., 0.]), rgb=UNKNOWN, text='Vége az anatómiai mérésnek.', units='height', win=Window(...), wrapWidth=0.52)
12.6846 	EXP 	anatomy_text: autoDraw = True
17.6780 	EXP 	general_instructions_continue: autoDraw = True
19.2327 	DATA 	Keypress: d
19.2449 	EXP 	anatomy_text: autoDraw = False
19.2449 	EXP 	general_instructions_continue: autoDraw = False
19.2449 	EXP 	choose_video_text: autoDraw = True
25.5100 	DATA 	Keypress: c
25.5274 	EXP 	window1: recordFrameIntervals = False
25.5411 	EXP 	choose_video_text: autoDraw = False
25.5411 	EXP 	loading_text: autoDraw = True
25.5412 	EXP 	window1: recordFrameIntervals = False
28.6140 	EXP 	Created video_file = MovieStim3(__class__=<class 'psychopy.visual.movie3.MovieStim3'>, autoLog=True, color=UNKNOWN, colorSpace=UNKNOWN, depth=0.0, filename='stimuli/scotland.mp4', flipHoriz=False, flipVert=False, fps=UNKNOWN, interpolate=True, loop=True, name='video_file', noAudio=False, opacity=1, ori=method-wrapper(...), pos=array([0., 0.]), size=method-wrapper(...), units='pix', vframe_callback=UNKNOWN, volume=UNKNOWN, win=Window(...))
31.5365 	EXP 	Sound  started
31.5549 	EXP 	loading_text: autoDraw = False
31.5549 	EXP 	loading_text: autoDraw = False
31.5549 	EXP 	video_file: autoLog = True
31.5549 	EXP 	video_file: movie = 'stimuli/scotland.mp4'
31.5549 	EXP 	video_file: size = array([1920., 1080.])
31.5549 	EXP 	video_file: ori = 0
31.5549 	EXP 	video_file: autoDraw = True
605.5692 	EXP 	Sound  reached end of file
608.4480 	EXP 	Sound  started
608.4943 	EXP 	Set video_file finished
785.4617 	EXP 	Sound  stopped
785.4780 	EXP 	video_file: autoDraw = False
785.4780 	EXP 	prepare_task_text: autoDraw = True
797.2037 	EXP 	prepare_task_text: autoDraw = False
797.2089 	EXP 	window1: mouseVisible = True
