17.8359 	EXP 	Created window1 = Window(allowGUI=False, allowStencil=False, args=UNKNOWN, autoLog=True, bitsMode=UNKNOWN, blendMode='avg', color=array([1., 1., 1.]), colorSpace='rgb', fullscr=<method-wrapper '__getattribute__' of attributeSetter object at 0x0000016FF0456710>, gamma=None, gammaErrorPolicy='raise', kwargs=UNKNOWN, lms=UNKNOWN, monitor=<psychopy.monitors.calibTools.Monitor object at 0x0000016FF0571F98>, multiSample=False, name='window1', numSamples=2, pos=[0.0, 0.0], screen=0, size=array([1920, 1080]), stereo=False, units='deg', useFBO=True, useRetina=False, viewOri=0.0, viewPos=None, viewScale=None, waitBlanking=True, winType='pyglet')
17.8359 	EXP 	window1: recordFrameIntervals = False
18.0022 	EXP 	window1: recordFrameIntervals = True
18.1856 	EXP 	window1: recordFrameIntervals = False
18.8438 	EXP 	Created welcome_msg = TextStim(__class__=<class 'psychopy.visual.text.TextStim'>, alignHoriz='center', alignVert='center', antialias=True, autoLog=True, bold=False, color='black', colorSpace='named', contrast=1.0, depth=0.0, flipHoriz=False, flipVert=False, font='Arial', fontFiles=[], height=1, italic=False, languageStyle='LTR', name='welcome_msg', opacity=1.0, ori=0, pos=array([ 0., 12.]), rgb=array([0., 0., 0.]), text='TérKépÉsz', units='deg', win=Window(...), wrapWidth=15.0)
18.9053 	EXP 	Created logo = ImageStim(__class__=<class 'psychopy.visual.image.ImageStim'>, autoLog=True, color=array([1., 1., 1.]), colorSpace='rgb', contrast=1.0, depth=-1.0, flipHoriz=False, flipVert=False, image='Stimuli/terkepesz.png', interpolate=True, mask=None, maskParams=None, name='logo', opacity=1.0, ori=0.0, pos=array([0., 0.]), size=array([0.321875  , 1.23148148]), texRes=128, units='norm', win=Window(...))
18.9269 	EXP 	Created lb_check = TextStim(__class__=<class 'psychopy.visual.text.TextStim'>, alignHoriz='center', alignVert='center', antialias=True, autoLog=True, bold=False, color='black', colorSpace='named', contrast=1.0, depth=0.0, flipHoriz=False, flipVert=False, font='Arial', fontFiles=[], height=0.9, italic=False, languageStyle='LTR', name='lb_check', opacity=1.0, ori=0, pos=array([-23.,   0.]), rgb=array([0., 0., 0.]), text=str(...), units='deg', win=Window(...), wrapWidth=15.0)
18.9482 	EXP 	Created left_upper = ImageStim(__class__=<class 'psychopy.visual.image.ImageStim'>, autoLog=True, color=array([1., 1., 1.]), colorSpace='rgb', contrast=1.0, depth=0.0, flipHoriz=False, flipVert=False, image='Stimuli/ScreenCorner1.png', interpolate=True, mask=None, maskParams=None, name='left_upper', opacity=1.0, ori=0.0, pos=array([-0.9,  0.7]), size=array([0.13541667, 0.51481481]), texRes=128, units='norm', win=Window(...))
18.9568 	EXP 	Created left_lower = ImageStim(__class__=<class 'psychopy.visual.image.ImageStim'>, autoLog=True, color=array([1., 1., 1.]), colorSpace='rgb', contrast=1.0, depth=-1.0, flipHoriz=False, flipVert=False, image='Stimuli/ScreenCorner2.png', interpolate=True, mask=None, maskParams=None, name='left_lower', opacity=1.0, ori=0.0, pos=array([-0.9, -0.7]), size=array([0.115625  , 0.51666667]), texRes=128, units='norm', win=Window(...))
18.9636 	EXP 	Created right_upper = ImageStim(__class__=<class 'psychopy.visual.image.ImageStim'>, autoLog=True, color=array([1., 1., 1.]), colorSpace='rgb', contrast=1.0, depth=-2.0, flipHoriz=False, flipVert=False, image='Stimuli/ScreenCorner3.png', interpolate=True, mask=None, maskParams=None, name='right_upper', opacity=1.0, ori=0.0, pos=array([0.9, 0.7]), size=array([0.11979167, 0.49814815]), texRes=128, units='norm', win=Window(...))
18.9699 	EXP 	Created right_lower = ImageStim(__class__=<class 'psychopy.visual.image.ImageStim'>, autoLog=True, color=array([1., 1., 1.]), colorSpace='rgb', contrast=1.0, depth=-3.0, flipHoriz=False, flipVert=False, image='Stimuli/ScreenCorner4.png', interpolate=True, mask=None, maskParams=None, name='right_lower', opacity=1.0, ori=0.0, pos=array([ 0.9, -0.7]), size=array([0.153125 , 0.5037037]), texRes=128, units='norm', win=Window(...))
18.9793 	EXP 	Created text_2 = TextStim(__class__=<class 'psychopy.visual.text.TextStim'>, alignHoriz='center', alignVert='center', antialias=True, autoLog=True, bold=False, color='black', colorSpace='named', contrast=1.0, depth=-4.0, flipHoriz=False, flipVert=False, font='Arial', fontFiles=[], height=0.9, italic=False, languageStyle='LTR', name='text_2', opacity=1.0, ori=0, pos=array([0., 0.]), rgb=array([0., 0., 0.]), text=str(...), units='deg', win=Window(...), wrapWidth=30)
19.0503 	EXP 	Created story1_image = ImageStim(__class__=<class 'psychopy.visual.image.ImageStim'>, autoLog=True, color=array([1., 1., 1.]), colorSpace='rgb', contrast=1.0, depth=0.0, flipHoriz=False, flipVert=False, image='Stimuli/GalleryBuildingFromOutside.jpg', interpolate=True, mask=None, maskParams=None, name='story1_image', opacity=1.0, ori=0.0, pos=array([0. , 0.9]), size=array([1.01041667, 1.2537037 ]), texRes=128, units='norm', win=Window(...))
19.0789 	EXP 	Created story1_text = TextStim(__class__=<class 'psychopy.visual.text.TextStim'>, alignHoriz='center', alignVert='center', antialias=True, autoLog=True, bold=False, color='black', colorSpace='named', contrast=1.0, depth=-1.0, flipHoriz=False, flipVert=False, font='Arial', fontFiles=[], height=0.9, italic=False, languageStyle='LTR', name='story1_text', opacity=1.0, ori=0, pos=array([ 0., -5.]), rgb=array([0., 0., 0.]), text=str(...), units='deg', win=Window(...), wrapWidth=30)
19.1286 	EXP 	Created story2_image = ImageStim(__class__=<class 'psychopy.visual.image.ImageStim'>, autoLog=True, color=array([1., 1., 1.]), colorSpace='rgb', contrast=1.0, depth=0.0, flipHoriz=False, flipVert=False, image='Stimuli/GalleryInfo.jpg', interpolate=True, mask=None, maskParams=None, name='story2_image', opacity=1.0, ori=0.0, pos=array([425.,   0.]), size=array([1000.,  750.]), texRes=128, units='pix', win=Window(...))
19.1527 	EXP 	Created story2_text = TextStim(__class__=<class 'psychopy.visual.text.TextStim'>, alignHoriz='center', alignVert='center', antialias=True, autoLog=True, bold=False, color='black', colorSpace='named', contrast=1.0, depth=-2.0, flipHoriz=False, flipVert=False, font='Arial', fontFiles=[], height=0.9, italic=False, languageStyle='LTR', name='story2_text', opacity=1.0, ori=0, pos=array([-14.,   0.]), rgb=array([0., 0., 0.]), text=str(...), units='deg', win=Window(...), wrapWidth=24)
19.1700 	EXP 	Created instr_text = TextStim(__class__=<class 'psychopy.visual.text.TextStim'>, alignHoriz='center', alignVert='center', antialias=True, autoLog=True, bold=False, color='black', colorSpace='named', contrast=1.0, depth=0.0, flipHoriz=False, flipVert=False, font='Arial', fontFiles=[], height=0.9, italic=False, languageStyle='LTR', name='instr_text', opacity=1.0, ori=0, pos=array([0., 0.]), rgb=array([0., 0., 0.]), text=str(...), units='deg', win=Window(...), wrapWidth=15.0)
19.1708 	EXP 	Created instr_text = TextStim(__class__=<class 'psychopy.visual.text.TextStim'>, alignHoriz='center', alignVert='center', antialias=True, autoLog=True, bold=False, color='black', colorSpace='named', contrast=1.0, depth=0.0, flipHoriz=False, flipVert=False, font='Arial', fontFiles=[], height=0.9, italic=False, languageStyle='LTR', name='instr_text', opacity=1.0, ori=0, pos=array([0., 0.]), rgb=array([0., 0., 0.]), text='', units='deg', win=Window(...), wrapWidth=15.0)
19.1813 	EXP 	Created start_task_text = TextStim(__class__=<class 'psychopy.visual.text.TextStim'>, alignHoriz='center', alignVert='center', antialias=True, autoLog=True, bold=False, color='black', colorSpace='named', contrast=1.0, depth=0.0, flipHoriz=False, flipVert=False, font='Arial', fontFiles=[], height=0.9, italic=False, languageStyle='LTR', name='start_task_text', opacity=1.0, ori=0, pos=array([0., 0.]), rgb=array([0., 0., 0.]), text=str(...), units='deg', win=Window(...), wrapWidth=15.0)
19.2019 	EXP 	Created map_inside_fx = ImageStim(__class__=<class 'psychopy.visual.image.ImageStim'>, autoLog=True, color=array([1., 1., 1.]), colorSpace='rgb', contrast=1.0, depth=0.0, flipHoriz=False, flipVert=False, image='Stimuli/GalleryPlanInside.jpg', interpolate=True, mask=None, maskParams=None, name='map_inside_fx', opacity=0.7, ori=0.0, pos=array([  0., -25.]), size=array([1040., 1000.]), texRes=128, units='pix', win=Window(...))
19.2030 	EXP 	Created fixation_cross = ShapeStim(__class__=<class 'psychopy.visual.shape.ShapeStim'>, autoDraw=False, autoLog=True, closeShape=True, contrast=1.0, depth=-1.0, fillColor=array([-1., -1., -1.]), fillColorSpace='rgb', interpolate=True, lineColor=array([-1., -1., -1.]), lineColorSpace='rgb', lineWidth=1, name='fixation_cross', opacity=1.0, ori=array(0.), pos=array([0., 0.]), size=array([20., 20.]), units='pix', vertices=ndarray(...), win=Window(...), windingRule=None)
19.2888 	EXP 	Created main_image = ImageStim(__class__=<class 'psychopy.visual.image.ImageStim'>, autoLog=True, color=array([1., 1., 1.]), colorSpace='rgb', contrast=1.0, depth=-1.0, flipHoriz=False, flipVert=False, image='Stimuli/Fractals/140b.jpg', interpolate=True, mask=None, maskParams=None, name='main_image', opacity=1.0, ori=0.0, pos=array([0., 0.]), size=array([300., 300.]), texRes=128, units='pix', win=Window(...))
19.2946 	EXP 	Created text_pause = TextStim(__class__=<class 'psychopy.visual.text.TextStim'>, alignHoriz='center', alignVert='center', antialias=True, autoLog=True, bold=False, color='black', colorSpace='named', contrast=1.0, depth=-2.0, flipHoriz=False, flipVert=False, font='Arial', fontFiles=[], height=0.9, italic=False, languageStyle='LTR', name='text_pause', opacity=1.0, ori=0, pos=array([-10.,   0.]), rgb=array([0., 0., 0.]), text=str(...), units='deg', win=Window(...), wrapWidth=15.0)
19.3101 	EXP 	Created text_pause = TextStim(__class__=<class 'psychopy.visual.text.TextStim'>, alignHoriz='center', alignVert='center', antialias=True, autoLog=True, bold=False, color='black', colorSpace='named', contrast=1.0, depth=-2.0, flipHoriz=False, flipVert=False, font='Arial', fontFiles=[], height=0.7, italic=False, languageStyle='LTR', name='text_pause', opacity=1.0, ori=0, pos=array([0., 0.]), rgb=array([0., 0., 0.]), text='Szünet...', units='deg', win=Window(...), wrapWidth=15.0)
19.3264 	EXP 	Created text_goodbye = TextStim(__class__=<class 'psychopy.visual.text.TextStim'>, alignHoriz='center', alignVert='center', antialias=True, autoLog=True, bold=False, color='black', colorSpace='named', contrast=1.0, depth=-2.0, flipHoriz=False, flipVert=False, font='Arial', fontFiles=[], height=1.5, italic=False, languageStyle='LTR', name='text_goodbye', opacity=1.0, ori=0, pos=array([0., 0.]), rgb=array([0., 0., 0.]), text='Vége a feladatnak. Köszönjük!', units='deg', win=Window(...), wrapWidth=20)
61.4646 	DATA 	Keypress: f
61.4847 	EXP 	lb_check: text = "Válaszgomb teszt:\n\nNyomja le a 'J' billentyűt!"
61.4847 	EXP 	lb_check: pos = (23, 0)
62.6881 	DATA 	Keypress: j
65.5440 	DATA 	Keypress: right
79.9176 	DATA 	Keypress: right
119.4833 	DATA 	Keypress: right
125.4498 	DATA 	Keypress: j
127.0997 	DATA 	Keypress: right
127.1162 	EXP 	instr_text: text = 'Figyeljen, kezdődik a gyakorlás.'
129.1495 	EXP 	main_image: pos = array([-300.,    0.])
129.1495 	EXP 	main_image: image = 'Stimuli/Fractals/Practice/166a.jpg'
132.9826 	EXP 	main_image: pos = array([300.,   0.])
132.9826 	EXP 	main_image: image = 'Stimuli/Fractals/Practice/167a.jpg'
133.1855 	DATA 	Keypress: j
134.9014 	DATA 	Keypress: f
135.0159 	EXP 	instr_text: text = 'Az Ön döntése:\nA kép nem marad.'
138.5325 	EXP 	instr_text: text = ''
138.5325 	EXP 	main_image: pos = array([212.1320344, 212.1320344])
138.5325 	EXP 	main_image: image = 'Stimuli/Fractals/Practice/148b.jpg'
141.3009 	DATA 	Keypress: f
141.4657 	EXP 	instr_text: text = 'Az Ön döntése:\nA kép nem marad.'
144.5823 	EXP 	instr_text: text = ''
144.5823 	EXP 	main_image: pos = array([  0., 300.])
144.5823 	EXP 	main_image: image = 'Stimuli/Fractals/Practice/159a.jpg'
151.3838 	DATA 	Keypress: j
151.5155 	EXP 	instr_text: text = 'Az Ön döntése:\nA kép marad.'
154.6487 	EXP 	instr_text: text = ''
154.6487 	EXP 	main_image: pos = array([300.,   0.])
154.6487 	EXP 	main_image: image = 'Stimuli/Fractals/Practice/177b.jpg'
157.9504 	DATA 	Keypress: j
158.0653 	EXP 	instr_text: text = 'Az Ön döntése:\nA kép marad.'
161.6819 	EXP 	instr_text: text = ''
204.2963 	DATA 	Keypress: right
204.3145 	EXP 	instr_text: text = 'A kísérletvezető indítja a feladatot.'
207.1331 	DATA 	Keypress: space
207.2478 	EXP 	start_task_text: text = 'Figyeljen, kezdődik a feladat...'
209.2977 	EXP 	main_image: pos = array([212.1320344, 212.1320344])
209.2977 	EXP 	main_image: image = 'Stimuli/Fractals/140b.jpg'
212.9664 	DATA 	Keypress: j
214.3474 	EXP 	main_image: pos = array([ 212.1320344, -212.1320344])
214.3474 	EXP 	main_image: image = 'Stimuli/Fractals/132a.jpg'
221.6657 	DATA 	Keypress: f
223.3970 	EXP 	main_image: pos = array([212.1320344, 212.1320344])
223.3970 	EXP 	main_image: image = 'Stimuli/Fractals/65c.jpg'
227.2822 	DATA 	Keypress: j
228.4469 	EXP 	main_image: pos = array([ 212.1320344, -212.1320344])
228.4469 	EXP 	main_image: image = 'Stimuli/Fractals/99c.jpg'
230.6984 	DATA 	Keypress: j
232.5135 	EXP 	main_image: pos = array([212.1320344, 212.1320344])
232.5135 	EXP 	main_image: image = 'Stimuli/Fractals/140c.jpg'
239.7984 	DATA 	Keypress: j
240.5466 	EXP 	main_image: pos = array([ 212.1320344, -212.1320344])
240.5466 	EXP 	main_image: image = 'Stimuli/Fractals/132b.jpg'
244.8652 	DATA 	Keypress: f
246.5965 	EXP 	main_image: pos = array([ 212.1320344, -212.1320344])
246.5965 	EXP 	main_image: image = 'Stimuli/Fractals/99c.jpg'
254.7477 	DATA 	Keypress: j
255.6462 	EXP 	main_image: pos = array([-212.1320344, -212.1320344])
255.6462 	EXP 	main_image: image = 'Stimuli/Fractals/86b.jpg'
258.8156 	DATA 	Keypress: f
260.6962 	EXP 	main_image: pos = array([300.,   0.])
260.6962 	EXP 	main_image: image = 'Stimuli/Fractals/65c.jpg'
265.4982 	DATA 	Keypress: f
265.7460 	EXP 	main_image: pos = array([ 212.1320344, -212.1320344])
265.7460 	EXP 	main_image: image = 'Stimuli/Fractals/77c.jpg'
270.6154 	DATA 	Keypress: j
271.7958 	EXP 	main_image: pos = array([  0., 300.])
271.7958 	EXP 	main_image: image = 'Stimuli/Fractals/36a.jpg'
274.7808 	DATA 	Keypress: f
276.8624 	EXP 	main_image: pos = array([-212.1320344, -212.1320344])
276.8624 	EXP 	main_image: image = 'Stimuli/Fractals/67c.jpg'
280.2647 	DATA 	Keypress: j
281.8956 	EXP 	main_image: pos = array([  0., 300.])
281.8956 	EXP 	main_image: image = 'Stimuli/Fractals/36a.jpg'
284.8312 	DATA 	Keypress: f
286.9121 	EXP 	main_image: pos = array([-212.1320344, -212.1320344])
286.9121 	EXP 	main_image: image = 'Stimuli/Fractals/86b.jpg'
288.8803 	DATA 	Keypress: f
290.4620 	EXP 	main_image: pos = array([300.,   0.])
290.4620 	EXP 	main_image: image = 'Stimuli/Fractals/77c.jpg'
293.1145 	DATA 	Keypress: j
294.0119 	EXP 	main_image: pos = array([-212.1320344, -212.1320344])
294.0119 	EXP 	main_image: image = 'Stimuli/Fractals/45a.jpg'
296.5969 	DATA 	Keypress: f
298.0618 	EXP 	main_image: pos = array([-212.1320344, -212.1320344])
298.0618 	EXP 	main_image: image = 'Stimuli/Fractals/67b.jpg'
303.3967 	DATA 	Keypress: j
304.1117 	EXP 	main_image: pos = array([  0., 300.])
304.1117 	EXP 	main_image: image = 'Stimuli/Fractals/83b.jpg'
309.1802 	DATA 	Keypress: f
311.1616 	EXP 	main_image: pos = array([-300.,    0.])
311.1616 	EXP 	main_image: image = 'Stimuli/Fractals/45a.jpg'
313.6463 	DATA 	Keypress: f
315.1947 	EXP 	main_image: pos = array([  0., 300.])
315.1947 	EXP 	main_image: image = 'Stimuli/Fractals/83a.jpg'
318.3796 	DATA 	Keypress: f
320.2613 	EXP 	main_image: pos = array([212.1320344, 212.1320344])
320.2613 	EXP 	main_image: image = 'Stimuli/Fractals/124b.jpg'
327.6134 	DATA 	Keypress: f
328.2944 	EXP 	main_image: pos = array([-300.,    0.])
328.2944 	EXP 	main_image: image = 'Stimuli/Fractals/96a.jpg'
330.2964 	DATA 	Keypress: f
332.3443 	EXP 	main_image: pos = array([ 212.1320344, -212.1320344])
332.3443 	EXP 	main_image: image = 'Stimuli/Fractals/84a.jpg'
335.4126 	DATA 	Keypress: f
337.3942 	EXP 	main_image: pos = array([ 212.1320344, -212.1320344])
337.3942 	EXP 	main_image: image = 'Stimuli/Fractals/115a.jpg'
339.7963 	DATA 	Keypress: f
341.4608 	EXP 	main_image: pos = array([-300.,    0.])
341.4608 	EXP 	main_image: image = 'Stimuli/Fractals/8c.jpg'
345.1963 	DATA 	Keypress: j
346.4940 	EXP 	main_image: pos = array([-300.,    0.])
346.4940 	EXP 	main_image: image = 'Stimuli/Fractals/96a.jpg'
348.4128 	DATA 	Keypress: f
350.5439 	EXP 	main_image: pos = array([ 212.1320344, -212.1320344])
350.5439 	EXP 	main_image: image = 'Stimuli/Fractals/115a.jpg'
357.7294 	DATA 	Keypress: j
358.6105 	EXP 	main_image: pos = array([   0., -300.])
358.6105 	EXP 	main_image: image = 'Stimuli/Fractals/23b.jpg'
362.3619 	DATA 	Keypress: f
363.6269 	EXP 	main_image: pos = array([   0., -300.])
363.6269 	EXP 	main_image: image = 'Stimuli/Fractals/84a.jpg'
368.7118 	DATA 	Keypress: f
370.6767 	EXP 	main_image: pos = array([300.,   0.])
370.6767 	EXP 	main_image: image = 'Stimuli/Fractals/33a.jpg'
373.5121 	DATA 	Keypress: f
374.7266 	EXP 	main_image: pos = array([-300.,    0.])
374.7266 	EXP 	main_image: image = 'Stimuli/Fractals/8c.jpg'
379.3614 	DATA 	Keypress: j
380.7598 	EXP 	main_image: pos = array([   0., -300.])
380.7598 	EXP 	main_image: image = 'Stimuli/Fractals/23a.jpg'
386.1616 	DATA 	Keypress: f
387.8096 	EXP 	main_image: pos = array([300.,   0.])
387.8096 	EXP 	main_image: image = 'Stimuli/Fractals/33c.jpg'
390.3614 	DATA 	Keypress: f
391.8429 	EXP 	main_image: pos = array([  0., 300.])
391.8429 	EXP 	main_image: image = 'Stimuli/Fractals/117c.jpg'
396.8113 	DATA 	Keypress: j
397.8927 	EXP 	main_image: pos = array([-212.1320344,  212.1320344])
397.8927 	EXP 	main_image: image = 'Stimuli/Fractals/64c.jpg'
406.2951 	DATA 	Keypress: f
407.9426 	EXP 	main_image: pos = array([-212.1320344,  212.1320344])
407.9426 	EXP 	main_image: image = 'Stimuli/Fractals/39c.jpg'
410.4275 	DATA 	Keypress: j
411.9924 	EXP 	main_image: pos = array([-212.1320344,  212.1320344])
411.9924 	EXP 	main_image: image = 'Stimuli/Fractals/64b.jpg'
413.7945 	DATA 	Keypress: f
416.0423 	EXP 	main_image: pos = array([ 212.1320344, -212.1320344])
416.0423 	EXP 	main_image: image = 'Stimuli/Fractals/76b.jpg'
421.2112 	DATA 	Keypress: j
422.0755 	EXP 	main_image: pos = array([  0., 300.])
422.0755 	EXP 	main_image: image = 'Stimuli/Fractals/117c.jpg'
426.1943 	DATA 	Keypress: j
427.1087 	EXP 	main_image: pos = array([   0., -300.])
427.1087 	EXP 	main_image: image = 'Stimuli/Fractals/76b.jpg'
430.6768 	DATA 	Keypress: j
431.1586 	EXP 	main_image: pos = array([  0., 300.])
431.1586 	EXP 	main_image: image = 'Stimuli/Fractals/39c.jpg'
436.5770 	DATA 	Keypress: j
437.2084 	EXP 	main_image: pos = array([212.1320344, 212.1320344])
437.2084 	EXP 	main_image: image = 'Stimuli/Fractals/124b.jpg'
441.6107 	DATA 	Keypress: f
443.2416 	EXP 	main_image: pos = array([   0., -300.])
443.2416 	EXP 	main_image: image = 'Stimuli/Fractals/107a.jpg'
446.1430 	DATA 	Keypress: f
448.3082 	EXP 	main_image: pos = array([-212.1320344, -212.1320344])
448.3082 	EXP 	main_image: image = 'Stimuli/Fractals/59b.jpg'
451.8442 	DATA 	Keypress: j
453.3580 	EXP 	main_image: pos = array([-300.,    0.])
453.3580 	EXP 	main_image: image = 'Stimuli/Fractals/20c.jpg'
455.9597 	DATA 	Keypress: j
457.4079 	EXP 	main_image: pos = array([   0., -300.])
457.4079 	EXP 	main_image: image = 'Stimuli/Fractals/107b.jpg'
462.7767 	DATA 	Keypress: f
464.4577 	EXP 	main_image: pos = array([   0., -300.])
464.4577 	EXP 	main_image: image = 'Stimuli/Fractals/87c.jpg'
467.0597 	DATA 	Keypress: f
468.5077 	EXP 	main_image: pos = array([-212.1320344,  212.1320344])
468.5077 	EXP 	main_image: image = 'Stimuli/Fractals/113b.jpg'
471.1093 	DATA 	Keypress: j
472.5408 	EXP 	main_image: pos = array([-212.1320344, -212.1320344])
472.5408 	EXP 	main_image: image = 'Stimuli/Fractals/87c.jpg'
474.8593 	DATA 	Keypress: f
476.5908 	EXP 	main_image: pos = array([-212.1320344, -212.1320344])
476.5908 	EXP 	main_image: image = 'Stimuli/Fractals/59a.jpg'
479.2928 	DATA 	Keypress: f
480.6407 	EXP 	main_image: pos = array([-300.,    0.])
480.6407 	EXP 	main_image: image = 'Stimuli/Fractals/20c.jpg'
485.1092 	DATA 	Keypress: f
486.6739 	EXP 	main_image: pos = array([-212.1320344,  212.1320344])
486.6739 	EXP 	main_image: image = 'Stimuli/Fractals/113b.jpg'
491.7425 	DATA 	Keypress: f
492.7404 	EXP 	main_image: pos = array([-300.,    0.])
492.7404 	EXP 	main_image: image = 'Stimuli/Fractals/58b.jpg'
494.2918 	DATA 	Keypress: f
496.2736 	EXP 	main_image: pos = array([300.,   0.])
496.2736 	EXP 	main_image: image = 'Stimuli/Fractals/21b.jpg'
498.9094 	DATA 	Keypress: j
500.3235 	EXP 	main_image: pos = array([-300.,    0.])
500.3235 	EXP 	main_image: image = 'Stimuli/Fractals/58a.jpg'
502.3259 	DATA 	Keypress: f
504.3736 	EXP 	main_image: pos = array([ 212.1320344, -212.1320344])
504.3736 	EXP 	main_image: image = 'Stimuli/Fractals/103c.jpg'
507.1255 	DATA 	Keypress: f
508.4233 	EXP 	main_image: pos = array([-212.1320344, -212.1320344])
508.4233 	EXP 	main_image: image = 'Stimuli/Fractals/63a.jpg'
511.1750 	DATA 	Keypress: f
511.9732 	EXP 	main_image: pos = array([ 212.1320344, -212.1320344])
511.9732 	EXP 	main_image: image = 'Stimuli/Fractals/135a.jpg'
516.4080 	DATA 	Keypress: j
517.0231 	EXP 	main_image: pos = array([300.,   0.])
517.0231 	EXP 	main_image: image = 'Stimuli/Fractals/21c.jpg'
518.9413 	DATA 	Keypress: f
520.5730 	EXP 	main_image: pos = array([-212.1320344, -212.1320344])
520.5730 	EXP 	main_image: image = 'Stimuli/Fractals/63a.jpg'
528.2746 	DATA 	Keypress: f
529.6228 	EXP 	main_image: pos = array([300.,   0.])
529.6228 	EXP 	main_image: image = 'Stimuli/Fractals/103c.jpg'
539.3080 	DATA 	Keypress: f
540.6559 	EXP 	main_image: pos = array([ 212.1320344, -212.1320344])
540.6559 	EXP 	main_image: image = 'Stimuli/Fractals/135a.jpg'
548.7907 	DATA 	Keypress: f
550.7058 	EXP 	main_image: pos = array([212.1320344, 212.1320344])
550.7058 	EXP 	main_image: image = 'Stimuli/Fractals/124b.jpg'
552.7745 	DATA 	Keypress: f
554.7555 	EXP 	main_image: pos = array([212.1320344, 212.1320344])
554.7555 	EXP 	main_image: image = 'Stimuli/Fractals/66b.jpg'
559.6908 	DATA 	Keypress: f
561.8220 	EXP 	main_image: pos = array([212.1320344, 212.1320344])
561.8220 	EXP 	main_image: image = 'Stimuli/Fractals/142a.jpg'
565.6746 	DATA 	Keypress: j
566.8719 	EXP 	main_image: pos = array([212.1320344, 212.1320344])
566.8719 	EXP 	main_image: image = 'Stimuli/Fractals/66a.jpg'
571.7244 	DATA 	Keypress: f
573.9217 	EXP 	main_image: pos = array([212.1320344, 212.1320344])
573.9217 	EXP 	main_image: image = 'Stimuli/Fractals/142c.jpg'
575.9245 	DATA 	Keypress: f
577.9716 	EXP 	main_image: pos = array([300.,   0.])
577.9716 	EXP 	main_image: image = 'Stimuli/Fractals/130b.jpg'
583.0242 	DATA 	Keypress: f
584.0215 	EXP 	main_image: pos = array([212.1320344, 212.1320344])
584.0215 	EXP 	main_image: image = 'Stimuli/Fractals/74c.jpg'
585.9898 	DATA 	Keypress: f
588.0547 	EXP 	main_image: pos = array([-212.1320344,  212.1320344])
588.0547 	EXP 	main_image: image = 'Stimuli/Fractals/48c.jpg'
590.5899 	DATA 	Keypress: j
592.1213 	EXP 	main_image: pos = array([300.,   0.])
592.1213 	EXP 	main_image: image = 'Stimuli/Fractals/127a.jpg'
594.9565 	DATA 	Keypress: j
595.6545 	EXP 	main_image: pos = array([  0., 300.])
595.6545 	EXP 	main_image: image = 'Stimuli/Fractals/74c.jpg'
603.6066 	DATA 	Keypress: f
605.7209 	EXP 	main_image: pos = array([300.,   0.])
605.7209 	EXP 	main_image: image = 'Stimuli/Fractals/130a.jpg'
612.0567 	DATA 	Keypress: j
612.7708 	EXP 	main_image: pos = array([-212.1320344,  212.1320344])
612.7708 	EXP 	main_image: image = 'Stimuli/Fractals/48a.jpg'
616.9400 	DATA 	Keypress: f
617.8040 	EXP 	main_image: pos = array([-212.1320344, -212.1320344])
617.8040 	EXP 	main_image: image = 'Stimuli/Fractals/1b.jpg'
620.6228 	DATA 	Keypress: f
622.8372 	EXP 	main_image: pos = array([-300.,    0.])
622.8372 	EXP 	main_image: image = 'Stimuli/Fractals/5c.jpg'
626.2558 	DATA 	Keypress: j
627.8871 	EXP 	main_image: pos = array([300.,   0.])
627.8871 	EXP 	main_image: image = 'Stimuli/Fractals/127a.jpg'
630.1055 	DATA 	Keypress: f
631.9370 	EXP 	main_image: pos = array([212.1320344, 212.1320344])
631.9370 	EXP 	main_image: image = 'Stimuli/Fractals/109c.jpg'
639.8895 	DATA 	Keypress: f
641.9867 	EXP 	main_image: pos = array([-300.,    0.])
641.9867 	EXP 	main_image: image = 'Stimuli/Fractals/43b.jpg'
643.9383 	DATA 	Keypress: f
646.0366 	EXP 	main_image: pos = array([-300.,    0.])
646.0366 	EXP 	main_image: image = 'Stimuli/Fractals/5a.jpg'
649.1216 	DATA 	Keypress: f
650.0865 	EXP 	main_image: pos = array([-300.,    0.])
650.0865 	EXP 	main_image: image = 'Stimuli/Fractals/1b.jpg'
651.8554 	DATA 	Keypress: f
654.1198 	EXP 	main_image: pos = array([-300.,    0.])
654.1198 	EXP 	main_image: image = 'Stimuli/Fractals/43b.jpg'
658.8546 	DATA 	Keypress: f
661.1529 	EXP 	main_image: pos = array([212.1320344, 212.1320344])
661.1529 	EXP 	main_image: image = 'Stimuli/Fractals/109b.jpg'
663.1880 	DATA 	Keypress: f
665.2028 	EXP 	main_image: pos = array([212.1320344, 212.1320344])
665.2028 	EXP 	main_image: image = 'Stimuli/Fractals/124b.jpg'
669.3046 	DATA 	Keypress: f
728.0199 	DATA 	Keypress: right
728.2348 	EXP 	main_image: pos = array([  0., 300.])
728.2348 	EXP 	main_image: image = 'Stimuli/Fractals/12a.jpg'
731.1697 	DATA 	Keypress: f
731.7678 	EXP 	main_image: pos = array([   0., -300.])
731.7678 	EXP 	main_image: image = 'Stimuli/Fractals/11b.jpg'
736.8528 	DATA 	Keypress: j
737.8177 	EXP 	main_image: pos = array([-212.1320344,  212.1320344])
737.8177 	EXP 	main_image: image = 'Stimuli/Fractals/12a.jpg'
741.6031 	DATA 	Keypress: f
742.8842 	EXP 	main_image: pos = array([300.,   0.])
742.8842 	EXP 	main_image: image = 'Stimuli/Fractals/81c.jpg'
748.0532 	DATA 	Keypress: f
748.9174 	EXP 	main_image: pos = array([   0., -300.])
748.9174 	EXP 	main_image: image = 'Stimuli/Fractals/11a.jpg'
753.2698 	DATA 	Keypress: f
754.9673 	EXP 	main_image: pos = array([300.,   0.])
754.9673 	EXP 	main_image: image = 'Stimuli/Fractals/81b.jpg'
760.3525 	DATA 	Keypress: f
762.0171 	EXP 	main_image: pos = array([212.1320344, 212.1320344])
762.0171 	EXP 	main_image: image = 'Stimuli/Fractals/133c.jpg'
767.5019 	DATA 	Keypress: j
768.0670 	EXP 	main_image: pos = array([   0., -300.])
768.0670 	EXP 	main_image: image = 'Stimuli/Fractals/40a.jpg'
772.1356 	DATA 	Keypress: j
773.1168 	EXP 	main_image: pos = array([  0., 300.])
773.1168 	EXP 	main_image: image = 'Stimuli/Fractals/106a.jpg'
782.8020 	DATA 	Keypress: j
784.1666 	EXP 	main_image: pos = array([ 212.1320344, -212.1320344])
784.1666 	EXP 	main_image: image = 'Stimuli/Fractals/70b.jpg'
786.2852 	DATA 	Keypress: f
788.1831 	EXP 	main_image: pos = array([212.1320344, 212.1320344])
788.1831 	EXP 	main_image: image = 'Stimuli/Fractals/133c.jpg'
790.4012 	DATA 	Keypress: f
791.7330 	EXP 	main_image: pos = array([   0., -300.])
791.7330 	EXP 	main_image: image = 'Stimuli/Fractals/40a.jpg'
795.1016 	DATA 	Keypress: f
796.7829 	EXP 	main_image: pos = array([-212.1320344,  212.1320344])
796.7829 	EXP 	main_image: image = 'Stimuli/Fractals/72c.jpg'
799.5513 	DATA 	Keypress: f
801.8328 	EXP 	main_image: pos = array([ 212.1320344, -212.1320344])
801.8328 	EXP 	main_image: image = 'Stimuli/Fractals/141b.jpg'
810.4840 	DATA 	Keypress: j
810.8826 	EXP 	main_image: pos = array([  0., 300.])
810.8826 	EXP 	main_image: image = 'Stimuli/Fractals/106b.jpg'
816.2851 	DATA 	Keypress: f
817.9157 	EXP 	main_image: pos = array([   0., -300.])
817.9157 	EXP 	main_image: image = 'Stimuli/Fractals/70b.jpg'
821.7345 	DATA 	Keypress: f
823.9656 	EXP 	main_image: pos = array([-212.1320344,  212.1320344])
823.9656 	EXP 	main_image: image = 'Stimuli/Fractals/112a.jpg'
831.8670 	DATA 	Keypress: j
832.9987 	EXP 	main_image: pos = array([-300.,    0.])
832.9987 	EXP 	main_image: image = 'Stimuli/Fractals/72c.jpg'
836.1341 	DATA 	Keypress: f
838.0486 	EXP 	main_image: pos = array([ 212.1320344, -212.1320344])
838.0486 	EXP 	main_image: image = 'Stimuli/Fractals/141b.jpg'
840.5509 	DATA 	Keypress: f
842.0986 	EXP 	main_image: pos = array([-300.,    0.])
842.0986 	EXP 	main_image: image = 'Stimuli/Fractals/112a.jpg'
846.4998 	DATA 	Keypress: f
848.1483 	EXP 	main_image: pos = array([212.1320344, 212.1320344])
848.1483 	EXP 	main_image: image = 'Stimuli/Fractals/124b.jpg'
850.9000 	DATA 	Keypress: j
852.2149 	EXP 	main_image: pos = array([-300.,    0.])
852.2149 	EXP 	main_image: image = 'Stimuli/Fractals/35c.jpg'
855.1172 	DATA 	Keypress: f
856.2481 	EXP 	main_image: pos = array([   0., -300.])
856.2481 	EXP 	main_image: image = 'Stimuli/Fractals/42c.jpg'
859.2503 	DATA 	Keypress: j
860.2980 	EXP 	main_image: pos = array([-212.1320344, -212.1320344])
860.2980 	EXP 	main_image: image = 'Stimuli/Fractals/110c.jpg'
867.1840 	DATA 	Keypress: j
868.3645 	EXP 	main_image: pos = array([-300.,    0.])
868.3645 	EXP 	main_image: image = 'Stimuli/Fractals/138a.jpg'
871.2159 	DATA 	Keypress: f
873.4144 	EXP 	main_image: pos = array([300.,   0.])
873.4144 	EXP 	main_image: image = 'Stimuli/Fractals/7c.jpg'
876.3663 	DATA 	Keypress: j
877.4643 	EXP 	main_image: pos = array([-300.,    0.])
877.4643 	EXP 	main_image: image = 'Stimuli/Fractals/35c.jpg'
880.2828 	DATA 	Keypress: f
882.5141 	EXP 	main_image: pos = array([-300.,    0.])
882.5141 	EXP 	main_image: image = 'Stimuli/Fractals/138c.jpg'
888.3159 	DATA 	Keypress: f
890.5641 	EXP 	main_image: pos = array([   0., -300.])
890.5641 	EXP 	main_image: image = 'Stimuli/Fractals/42a.jpg'
892.9655 	DATA 	Keypress: f
894.5972 	EXP 	main_image: pos = array([-300.,    0.])
894.5972 	EXP 	main_image: image = 'Stimuli/Fractals/110c.jpg'
896.7498 	DATA 	Keypress: f
898.6471 	EXP 	main_image: pos = array([300.,   0.])
898.6471 	EXP 	main_image: image = 'Stimuli/Fractals/7c.jpg'
901.4826 	DATA 	Keypress: f
903.6970 	EXP 	main_image: pos = array([  0., 300.])
903.6970 	EXP 	main_image: image = 'Stimuli/Fractals/32b.jpg'
910.4154 	DATA 	Keypress: j
911.7634 	EXP 	main_image: pos = array([  0., 300.])
911.7634 	EXP 	main_image: image = 'Stimuli/Fractals/102c.jpg'
919.7657 	DATA 	Keypress: j
920.8132 	EXP 	main_image: pos = array([  0., 300.])
920.8132 	EXP 	main_image: image = 'Stimuli/Fractals/16c.jpg'
925.0316 	DATA 	Keypress: j
925.8464 	EXP 	main_image: pos = array([212.1320344, 212.1320344])
925.8464 	EXP 	main_image: image = 'Stimuli/Fractals/102c.jpg'
927.6492 	DATA 	Keypress: f
929.3963 	EXP 	main_image: pos = array([  0., 300.])
929.3963 	EXP 	main_image: image = 'Stimuli/Fractals/32b.jpg'
931.3991 	DATA 	Keypress: f
933.4629 	EXP 	main_image: pos = array([   0., -300.])
933.4629 	EXP 	main_image: image = 'Stimuli/Fractals/53a.jpg'
938.1989 	DATA 	Keypress: j
939.4962 	EXP 	main_image: pos = array([212.1320344, 212.1320344])
939.4962 	EXP 	main_image: image = 'Stimuli/Fractals/16c.jpg'
941.5988 	DATA 	Keypress: f
943.5460 	EXP 	main_image: pos = array([  0., 300.])
943.5460 	EXP 	main_image: image = 'Stimuli/Fractals/104a.jpg'
947.4313 	DATA 	Keypress: j
948.5792 	EXP 	main_image: pos = array([-212.1320344, -212.1320344])
948.5792 	EXP 	main_image: image = 'Stimuli/Fractals/53a.jpg'
951.6146 	DATA 	Keypress: f
953.6291 	EXP 	main_image: pos = array([  0., 300.])
953.6291 	EXP 	main_image: image = 'Stimuli/Fractals/104a.jpg'
956.3315 	DATA 	Keypress: f
957.6790 	EXP 	main_image: pos = array([212.1320344, 212.1320344])
957.6790 	EXP 	main_image: image = 'Stimuli/Fractals/124b.jpg'
959.6474 	DATA 	Keypress: f
961.7122 	EXP 	main_image: pos = array([-212.1320344,  212.1320344])
961.7122 	EXP 	main_image: image = 'Stimuli/Fractals/10b.jpg'
964.2475 	DATA 	Keypress: f
965.2621 	EXP 	main_image: pos = array([-212.1320344,  212.1320344])
965.2621 	EXP 	main_image: image = 'Stimuli/Fractals/4b.jpg'
969.8637 	DATA 	Keypress: j
971.3120 	EXP 	main_image: pos = array([-212.1320344,  212.1320344])
971.3120 	EXP 	main_image: image = 'Stimuli/Fractals/10b.jpg'
974.2970 	DATA 	Keypress: f
976.3452 	EXP 	main_image: pos = array([ 212.1320344, -212.1320344])
976.3452 	EXP 	main_image: image = 'Stimuli/Fractals/95c.jpg'
980.2307 	DATA 	Keypress: j
981.3951 	EXP 	main_image: pos = array([-212.1320344,  212.1320344])
981.3951 	EXP 	main_image: image = 'Stimuli/Fractals/79b.jpg'
984.2967 	DATA 	Keypress: f
985.4449 	EXP 	main_image: pos = array([-212.1320344,  212.1320344])
985.4449 	EXP 	main_image: image = 'Stimuli/Fractals/4c.jpg'
988.2142 	DATA 	Keypress: f
989.4949 	EXP 	main_image: pos = array([   0., -300.])
989.4949 	EXP 	main_image: image = 'Stimuli/Fractals/95c.jpg'
991.4470 	DATA 	Keypress: f
993.5447 	EXP 	main_image: pos = array([212.1320344, 212.1320344])
993.5447 	EXP 	main_image: image = 'Stimuli/Fractals/68c.jpg'
997.4805 	DATA 	Keypress: f
999.5946 	EXP 	main_image: pos = array([  0., 300.])
999.5946 	EXP 	main_image: image = 'Stimuli/Fractals/79b.jpg'
1001.2139 	DATA 	Keypress: f
1003.6445 	EXP 	main_image: pos = array([212.1320344, 212.1320344])
1003.6445 	EXP 	main_image: image = 'Stimuli/Fractals/68c.jpg'
1007.2802 	DATA 	Keypress: f
1009.6777 	EXP 	main_image: pos = array([212.1320344, 212.1320344])
1009.6777 	EXP 	main_image: image = 'Stimuli/Fractals/118c.jpg'
1013.0799 	DATA 	Keypress: f
1014.7276 	EXP 	main_image: pos = array([300.,   0.])
1014.7276 	EXP 	main_image: image = 'Stimuli/Fractals/61a.jpg'
1016.8138 	DATA 	Keypress: j
1018.7775 	EXP 	main_image: pos = array([-300.,    0.])
1018.7775 	EXP 	main_image: image = 'Stimuli/Fractals/37b.jpg'
1021.9458 	DATA 	Keypress: f
1023.8273 	EXP 	main_image: pos = array([ 212.1320344, -212.1320344])
1023.8273 	EXP 	main_image: image = 'Stimuli/Fractals/119a.jpg'
1029.5457 	DATA 	Keypress: j
1030.8772 	EXP 	main_image: pos = array([  0., 300.])
1030.8772 	EXP 	main_image: image = 'Stimuli/Fractals/3c.jpg'
1033.2298 	DATA 	Keypress: f
1034.9272 	EXP 	main_image: pos = array([-212.1320344, -212.1320344])
1034.9272 	EXP 	main_image: image = 'Stimuli/Fractals/37b.jpg'
1038.7126 	DATA 	Keypress: f
1040.9603 	EXP 	main_image: pos = array([212.1320344, 212.1320344])
1040.9603 	EXP 	main_image: image = 'Stimuli/Fractals/118c.jpg'
1044.8952 	DATA 	Keypress: j
1046.0101 	EXP 	main_image: pos = array([ 212.1320344, -212.1320344])
1046.0101 	EXP 	main_image: image = 'Stimuli/Fractals/61a.jpg'
1049.6290 	DATA 	Keypress: f
1051.0600 	EXP 	main_image: pos = array([ 212.1320344, -212.1320344])
1051.0600 	EXP 	main_image: image = 'Stimuli/Fractals/119b.jpg'
1055.0120 	DATA 	Keypress: f
1057.1099 	EXP 	main_image: pos = array([212.1320344, 212.1320344])
1057.1099 	EXP 	main_image: image = 'Stimuli/Fractals/3c.jpg'
1058.3780 	DATA 	Keypress: f
1060.6431 	EXP 	main_image: pos = array([212.1320344, 212.1320344])
1060.6431 	EXP 	main_image: image = 'Stimuli/Fractals/124b.jpg'
1064.8617 	DATA 	Keypress: f
1066.6763 	EXP 	main_image: pos = array([300.,   0.])
1066.6763 	EXP 	main_image: image = 'Stimuli/Fractals/69a.jpg'
1070.1946 	DATA 	Keypress: f
1070.7429 	EXP 	main_image: pos = array([-212.1320344, -212.1320344])
1070.7429 	EXP 	main_image: image = 'Stimuli/Fractals/98a.jpg'
1072.6946 	DATA 	Keypress: j
1074.2928 	EXP 	main_image: pos = array([-212.1320344, -212.1320344])
1074.2928 	EXP 	main_image: image = 'Stimuli/Fractals/13b.jpg'
1076.3952 	DATA 	Keypress: f
1078.3427 	EXP 	main_image: pos = array([-212.1320344, -212.1320344])
1078.3427 	EXP 	main_image: image = 'Stimuli/Fractals/98b.jpg'
1081.5788 	DATA 	Keypress: f
1083.4093 	EXP 	main_image: pos = array([ 212.1320344, -212.1320344])
1083.4093 	EXP 	main_image: image = 'Stimuli/Fractals/69a.jpg'
1085.3443 	DATA 	Keypress: f
1087.4258 	EXP 	main_image: pos = array([-212.1320344, -212.1320344])
1087.4258 	EXP 	main_image: image = 'Stimuli/Fractals/13b.jpg'
1092.5778 	DATA 	Keypress: f
1094.4923 	EXP 	main_image: pos = array([212.1320344, 212.1320344])
1094.4923 	EXP 	main_image: image = 'Stimuli/Fractals/75a.jpg'
1097.7110 	DATA 	Keypress: j
1098.5255 	EXP 	main_image: pos = array([-212.1320344, -212.1320344])
1098.5255 	EXP 	main_image: image = 'Stimuli/Fractals/121b.jpg'
1102.8450 	DATA 	Keypress: j
1104.5754 	EXP 	main_image: pos = array([   0., -300.])
1104.5754 	EXP 	main_image: image = 'Stimuli/Fractals/134a.jpg'
1112.2106 	DATA 	Keypress: j
1113.6085 	EXP 	main_image: pos = array([-212.1320344, -212.1320344])
1113.6085 	EXP 	main_image: image = 'Stimuli/Fractals/121b.jpg'
1118.8769 	DATA 	Keypress: f
1120.6583 	EXP 	main_image: pos = array([300.,   0.])
1120.6583 	EXP 	main_image: image = 'Stimuli/Fractals/75a.jpg'
1127.8769 	DATA 	Keypress: f
1129.7081 	EXP 	main_image: pos = array([   0., -300.])
1129.7081 	EXP 	main_image: image = 'Stimuli/Fractals/30c.jpg'
1132.1598 	DATA 	Keypress: f
1133.7582 	EXP 	main_image: pos = array([212.1320344, 212.1320344])
1133.7582 	EXP 	main_image: image = 'Stimuli/Fractals/46b.jpg'
1136.2941 	DATA 	Keypress: j
1137.2912 	EXP 	main_image: pos = array([  0., 300.])
1137.2912 	EXP 	main_image: image = 'Stimuli/Fractals/73c.jpg'
1139.2098 	DATA 	Keypress: f
1141.3411 	EXP 	main_image: pos = array([ 212.1320344, -212.1320344])
1141.3411 	EXP 	main_image: image = 'Stimuli/Fractals/134a.jpg'
1145.2268 	DATA 	Keypress: f
1147.3910 	EXP 	main_image: pos = array([212.1320344, 212.1320344])
1147.3910 	EXP 	main_image: image = 'Stimuli/Fractals/41a.jpg'
1151.3595 	DATA 	Keypress: f
1152.4409 	EXP 	main_image: pos = array([   0., -300.])
1152.4409 	EXP 	main_image: image = 'Stimuli/Fractals/30c.jpg'
1154.5757 	DATA 	Keypress: f
1155.9741 	EXP 	main_image: pos = array([212.1320344, 212.1320344])
1155.9741 	EXP 	main_image: image = 'Stimuli/Fractals/46c.jpg'
1158.4424 	DATA 	Keypress: f
1160.0407 	EXP 	main_image: pos = array([212.1320344, 212.1320344])
1160.0407 	EXP 	main_image: image = 'Stimuli/Fractals/41c.jpg'
1166.7426 	DATA 	Keypress: f
1168.0905 	EXP 	main_image: pos = array([  0., 300.])
1168.0905 	EXP 	main_image: image = 'Stimuli/Fractals/73c.jpg'
1171.8096 	DATA 	Keypress: f
1174.1236 	EXP 	main_image: pos = array([212.1320344, 212.1320344])
1174.1236 	EXP 	main_image: image = 'Stimuli/Fractals/124b.jpg'
1178.0255 	DATA 	Keypress: f
1202.5250 	DATA 	Keypress: right
1202.7398 	EXP 	main_image: pos = array([   0., -300.])
1202.7398 	EXP 	main_image: image = 'Stimuli/Fractals/93b.jpg'
1205.5417 	DATA 	Keypress: f
1206.7729 	EXP 	main_image: pos = array([-300.,    0.])
1206.7729 	EXP 	main_image: image = 'Stimuli/Fractals/94b.jpg'
1212.6078 	DATA 	Keypress: f
1213.8227 	EXP 	main_image: pos = array([-212.1320344, -212.1320344])
1213.8227 	EXP 	main_image: image = 'Stimuli/Fractals/93b.jpg'
1219.8415 	DATA 	Keypress: f
1221.8558 	EXP 	main_image: pos = array([   0., -300.])
1221.8558 	EXP 	main_image: image = 'Stimuli/Fractals/91c.jpg'
1226.6913 	DATA 	Keypress: j
1227.9058 	EXP 	main_image: pos = array([300.,   0.])
1227.9058 	EXP 	main_image: image = 'Stimuli/Fractals/143b.jpg'
1229.9407 	DATA 	Keypress: j
1231.9556 	EXP 	main_image: pos = array([-212.1320344,  212.1320344])
1231.9556 	EXP 	main_image: image = 'Stimuli/Fractals/2a.jpg'
1237.1579 	DATA 	Keypress: f
1238.9887 	EXP 	main_image: pos = array([-212.1320344, -212.1320344])
1238.9887 	EXP 	main_image: image = 'Stimuli/Fractals/94b.jpg'
1242.9405 	DATA 	Keypress: f
1244.0386 	EXP 	main_image: pos = array([-212.1320344, -212.1320344])
1244.0386 	EXP 	main_image: image = 'Stimuli/Fractals/91c.jpg'
1245.7246 	DATA 	Keypress: f
1247.5885 	EXP 	main_image: pos = array([212.1320344, 212.1320344])
1247.5885 	EXP 	main_image: image = 'Stimuli/Fractals/143b.jpg'
1250.3906 	DATA 	Keypress: f
1251.6384 	EXP 	main_image: pos = array([   0., -300.])
1251.6384 	EXP 	main_image: image = 'Stimuli/Fractals/22a.jpg'
1255.5400 	DATA 	Keypress: f
1256.6883 	EXP 	main_image: pos = array([-212.1320344,  212.1320344])
1256.6883 	EXP 	main_image: image = 'Stimuli/Fractals/2a.jpg'
1265.5402 	DATA 	Keypress: f
1267.7214 	EXP 	main_image: pos = array([  0., 300.])
1267.7214 	EXP 	main_image: image = 'Stimuli/Fractals/82a.jpg'
1272.7896 	DATA 	Keypress: f
1274.7712 	EXP 	main_image: pos = array([300.,   0.])
1274.7712 	EXP 	main_image: image = 'Stimuli/Fractals/24b.jpg'
1283.4729 	DATA 	Keypress: j
1284.8043 	EXP 	main_image: pos = array([212.1320344, 212.1320344])
1284.8043 	EXP 	main_image: image = 'Stimuli/Fractals/82a.jpg'
1288.6392 	DATA 	Keypress: f
1290.8541 	EXP 	main_image: pos = array([-212.1320344,  212.1320344])
1290.8541 	EXP 	main_image: image = 'Stimuli/Fractals/19b.jpg'
1298.3899 	DATA 	Keypress: j
1299.9039 	EXP 	main_image: pos = array([ 212.1320344, -212.1320344])
1299.9039 	EXP 	main_image: image = 'Stimuli/Fractals/22a.jpg'
1303.3720 	DATA 	Keypress: j
1303.9538 	EXP 	main_image: pos = array([300.,   0.])
1303.9538 	EXP 	main_image: image = 'Stimuli/Fractals/88c.jpg'
1310.9557 	DATA 	Keypress: f
1313.0036 	EXP 	main_image: pos = array([-212.1320344,  212.1320344])
1313.0036 	EXP 	main_image: image = 'Stimuli/Fractals/19c.jpg'
1314.9054 	DATA 	Keypress: f
1316.5368 	EXP 	main_image: pos = array([212.1320344, 212.1320344])
1316.5368 	EXP 	main_image: image = 'Stimuli/Fractals/24b.jpg'
1318.5889 	DATA 	Keypress: f
1320.5867 	EXP 	main_image: pos = array([212.1320344, 212.1320344])
1320.5867 	EXP 	main_image: image = 'Stimuli/Fractals/88c.jpg'
1326.5387 	DATA 	Keypress: f
1328.6032 	EXP 	main_image: pos = array([212.1320344, 212.1320344])
1328.6032 	EXP 	main_image: image = 'Stimuli/Fractals/124b.jpg'
1335.6378 	DATA 	Keypress: j
1336.6530 	EXP 	main_image: pos = array([212.1320344, 212.1320344])
1336.6530 	EXP 	main_image: image = 'Stimuli/Fractals/60c.jpg'
1338.6378 	DATA 	Keypress: j
1340.2196 	EXP 	main_image: pos = array([ 212.1320344, -212.1320344])
1340.2196 	EXP 	main_image: image = 'Stimuli/Fractals/50b.jpg'
1342.5717 	DATA 	Keypress: f
1344.2862 	EXP 	main_image: pos = array([-212.1320344,  212.1320344])
1344.2862 	EXP 	main_image: image = 'Stimuli/Fractals/55b.jpg'
1347.9717 	DATA 	Keypress: f
1348.3194 	EXP 	main_image: pos = array([212.1320344, 212.1320344])
1348.3194 	EXP 	main_image: image = 'Stimuli/Fractals/60a.jpg'
1350.4046 	DATA 	Keypress: f
1352.3693 	EXP 	main_image: pos = array([-212.1320344,  212.1320344])
1352.3693 	EXP 	main_image: image = 'Stimuli/Fractals/26b.jpg'
1356.0707 	DATA 	Keypress: j
1357.4192 	EXP 	main_image: pos = array([300.,   0.])
1357.4192 	EXP 	main_image: image = 'Stimuli/Fractals/122a.jpg'
1360.1547 	DATA 	Keypress: j
1361.4691 	EXP 	main_image: pos = array([-212.1320344,  212.1320344])
1361.4691 	EXP 	main_image: image = 'Stimuli/Fractals/26c.jpg'
1366.4213 	DATA 	Keypress: f
1368.5189 	EXP 	main_image: pos = array([ 212.1320344, -212.1320344])
1368.5189 	EXP 	main_image: image = 'Stimuli/Fractals/50b.jpg'
1369.8885 	DATA 	Keypress: f
1372.0689 	EXP 	main_image: pos = array([  0., 300.])
1372.0689 	EXP 	main_image: image = 'Stimuli/Fractals/55b.jpg'
1376.1871 	DATA 	Keypress: j
1377.1187 	EXP 	main_image: pos = array([-212.1320344, -212.1320344])
1377.1187 	EXP 	main_image: image = 'Stimuli/Fractals/9a.jpg'
1380.4206 	DATA 	Keypress: j
1382.1852 	EXP 	main_image: pos = array([300.,   0.])
1382.1852 	EXP 	main_image: image = 'Stimuli/Fractals/122c.jpg'
1384.1869 	DATA 	Keypress: f
1386.2184 	EXP 	main_image: pos = array([212.1320344, 212.1320344])
1386.2184 	EXP 	main_image: image = 'Stimuli/Fractals/62c.jpg'
1392.3870 	DATA 	Keypress: f
1393.2516 	EXP 	main_image: pos = array([-212.1320344, -212.1320344])
1393.2516 	EXP 	main_image: image = 'Stimuli/Fractals/9c.jpg'
1396.1202 	DATA 	Keypress: j
1398.3015 	EXP 	main_image: pos = array([-212.1320344, -212.1320344])
1398.3015 	EXP 	main_image: image = 'Stimuli/Fractals/47a.jpg'
1400.5363 	DATA 	Keypress: f
1402.3514 	EXP 	main_image: pos = array([   0., -300.])
1402.3514 	EXP 	main_image: image = 'Stimuli/Fractals/25c.jpg'
1405.7862 	DATA 	Keypress: f
1407.4013 	EXP 	main_image: pos = array([212.1320344, 212.1320344])
1407.4013 	EXP 	main_image: image = 'Stimuli/Fractals/62c.jpg'
1410.2862 	DATA 	Keypress: f
1412.4511 	EXP 	main_image: pos = array([ 212.1320344, -212.1320344])
1412.4511 	EXP 	main_image: image = 'Stimuli/Fractals/144c.jpg'
1420.4037 	DATA 	Keypress: f
1422.5010 	EXP 	main_image: pos = array([-212.1320344, -212.1320344])
1422.5010 	EXP 	main_image: image = 'Stimuli/Fractals/47a.jpg'
1429.5034 	DATA 	Keypress: f
1431.5340 	EXP 	main_image: pos = array([300.,   0.])
1431.5340 	EXP 	main_image: image = 'Stimuli/Fractals/144c.jpg'
1435.7692 	DATA 	Keypress: j
1436.5672 	EXP 	main_image: pos = array([   0., -300.])
1436.5672 	EXP 	main_image: image = 'Stimuli/Fractals/25b.jpg'
1444.6356 	DATA 	Keypress: j
1445.6170 	EXP 	main_image: pos = array([212.1320344, 212.1320344])
1445.6170 	EXP 	main_image: image = 'Stimuli/Fractals/124b.jpg'
1449.4187 	DATA 	Keypress: f
1451.7168 	EXP 	main_image: pos = array([-300.,    0.])
1451.7168 	EXP 	main_image: image = 'Stimuli/Fractals/71a.jpg'
1455.1186 	DATA 	Keypress: f
1455.7668 	EXP 	main_image: pos = array([300.,   0.])
1455.7668 	EXP 	main_image: image = 'Stimuli/Fractals/126c.jpg'
1459.0691 	DATA 	Keypress: j
1460.8166 	EXP 	main_image: pos = array([-212.1320344,  212.1320344])
1460.8166 	EXP 	main_image: image = 'Stimuli/Fractals/52b.jpg'
1463.5687 	DATA 	Keypress: f
1465.8665 	EXP 	main_image: pos = array([-300.,    0.])
1465.8665 	EXP 	main_image: image = 'Stimuli/Fractals/71a.jpg'
1467.9021 	DATA 	Keypress: f
1469.8999 	EXP 	main_image: pos = array([300.,   0.])
1469.8999 	EXP 	main_image: image = 'Stimuli/Fractals/126b.jpg'
1471.8345 	DATA 	Keypress: f
1473.9496 	EXP 	main_image: pos = array([300.,   0.])
1473.9496 	EXP 	main_image: image = 'Stimuli/Fractals/128a.jpg'
1480.4176 	DATA 	Keypress: j
1481.9994 	EXP 	main_image: pos = array([-212.1320344,  212.1320344])
1481.9994 	EXP 	main_image: image = 'Stimuli/Fractals/52a.jpg'
1483.6510 	DATA 	Keypress: f
1485.5327 	EXP 	main_image: pos = array([ 212.1320344, -212.1320344])
1485.5327 	EXP 	main_image: image = 'Stimuli/Fractals/85b.jpg'
1487.7352 	DATA 	Keypress: j
1489.5992 	EXP 	main_image: pos = array([-300.,    0.])
1489.5992 	EXP 	main_image: image = 'Stimuli/Fractals/114a.jpg'
1495.0848 	DATA 	Keypress: f
1496.6157 	EXP 	main_image: pos = array([300.,   0.])
1496.6157 	EXP 	main_image: image = 'Stimuli/Fractals/128a.jpg'
1499.0510 	DATA 	Keypress: f
1500.6656 	EXP 	main_image: pos = array([-300.,    0.])
1500.6656 	EXP 	main_image: image = 'Stimuli/Fractals/114c.jpg'
1504.3839 	DATA 	Keypress: f
1506.7155 	EXP 	main_image: pos = array([  0., 300.])
1506.7155 	EXP 	main_image: image = 'Stimuli/Fractals/129a.jpg'
1509.7345 	DATA 	Keypress: f
1510.7654 	EXP 	main_image: pos = array([  0., 300.])
1510.7654 	EXP 	main_image: image = 'Stimuli/Fractals/57c.jpg'
1515.6849 	DATA 	Keypress: j
1515.8153 	EXP 	main_image: pos = array([ 212.1320344, -212.1320344])
1515.8153 	EXP 	main_image: image = 'Stimuli/Fractals/85b.jpg'
1520.2670 	DATA 	Keypress: f
1521.8818 	EXP 	main_image: pos = array([-212.1320344, -212.1320344])
1521.8818 	EXP 	main_image: image = 'Stimuli/Fractals/78a.jpg'
1525.6345 	DATA 	Keypress: j
1526.9150 	EXP 	main_image: pos = array([   0., -300.])
1526.9150 	EXP 	main_image: image = 'Stimuli/Fractals/6a.jpg'
1530.6167 	DATA 	Keypress: j
1531.9649 	EXP 	main_image: pos = array([  0., 300.])
1531.9649 	EXP 	main_image: image = 'Stimuli/Fractals/129b.jpg'
1536.5504 	DATA 	Keypress: f
1538.0147 	EXP 	main_image: pos = array([   0., -300.])
1538.0147 	EXP 	main_image: image = 'Stimuli/Fractals/6b.jpg'
1543.4668 	DATA 	Keypress: f
1545.0479 	EXP 	main_image: pos = array([  0., 300.])
1545.0479 	EXP 	main_image: image = 'Stimuli/Fractals/57c.jpg'
1551.0667 	DATA 	Keypress: f
1553.0810 	EXP 	main_image: pos = array([-212.1320344, -212.1320344])
1553.0810 	EXP 	main_image: image = 'Stimuli/Fractals/78c.jpg'
1557.7835 	DATA 	Keypress: f
1559.1142 	EXP 	main_image: pos = array([212.1320344, 212.1320344])
1559.1142 	EXP 	main_image: image = 'Stimuli/Fractals/124b.jpg'
1560.5994 	DATA 	Keypress: f
1562.6641 	EXP 	main_image: pos = array([-300.,    0.])
1562.6641 	EXP 	main_image: image = 'Stimuli/Fractals/101a.jpg'
1571.6822 	DATA 	Keypress: f
1572.7306 	EXP 	main_image: pos = array([300.,   0.])
1572.7306 	EXP 	main_image: image = 'Stimuli/Fractals/137a.jpg'
1574.6989 	DATA 	Keypress: f
1576.7638 	EXP 	main_image: pos = array([  0., 300.])
1576.7638 	EXP 	main_image: image = 'Stimuli/Fractals/120c.jpg'
1580.3659 	DATA 	Keypress: j
1581.8137 	EXP 	main_image: pos = array([   0., -300.])
1581.8137 	EXP 	main_image: image = 'Stimuli/Fractals/27b.jpg'
1584.0660 	DATA 	Keypress: j
1585.8802 	EXP 	main_image: pos = array([212.1320344, 212.1320344])
1585.8802 	EXP 	main_image: image = 'Stimuli/Fractals/111b.jpg'
1589.2493 	DATA 	Keypress: f
1590.9301 	EXP 	main_image: pos = array([-300.,    0.])
1590.9301 	EXP 	main_image: image = 'Stimuli/Fractals/101a.jpg'
1595.6655 	DATA 	Keypress: f
1596.9800 	EXP 	main_image: pos = array([300.,   0.])
1596.9800 	EXP 	main_image: image = 'Stimuli/Fractals/137b.jpg'
1599.1653 	DATA 	Keypress: f
1601.0299 	EXP 	main_image: pos = array([212.1320344, 212.1320344])
1601.0299 	EXP 	main_image: image = 'Stimuli/Fractals/111b.jpg'
1604.8322 	DATA 	Keypress: f
1607.0797 	EXP 	main_image: pos = array([  0., 300.])
1607.0797 	EXP 	main_image: image = 'Stimuli/Fractals/120c.jpg'
1609.1148 	DATA 	Keypress: f
1611.1129 	EXP 	main_image: pos = array([ 212.1320344, -212.1320344])
1611.1129 	EXP 	main_image: image = 'Stimuli/Fractals/27b.jpg'
1614.2152 	DATA 	Keypress: f
1616.1796 	EXP 	main_image: pos = array([-212.1320344, -212.1320344])
1616.1796 	EXP 	main_image: image = 'Stimuli/Fractals/56c.jpg'
1619.3316 	DATA 	Keypress: j
1620.2127 	EXP 	main_image: pos = array([300.,   0.])
1620.2127 	EXP 	main_image: image = 'Stimuli/Fractals/80b.jpg'
1623.5974 	DATA 	Keypress: j
1625.2626 	EXP 	main_image: pos = array([-300.,    0.])
1625.2626 	EXP 	main_image: image = 'Stimuli/Fractals/18a.jpg'
1633.6982 	DATA 	Keypress: j
1635.3124 	EXP 	main_image: pos = array([300.,   0.])
1635.3124 	EXP 	main_image: image = 'Stimuli/Fractals/80b.jpg'
1638.1483 	DATA 	Keypress: f
1640.3622 	EXP 	main_image: pos = array([   0., -300.])
1640.3622 	EXP 	main_image: image = 'Stimuli/Fractals/56c.jpg'
1642.2483 	DATA 	Keypress: f
1644.4288 	EXP 	main_image: pos = array([-300.,    0.])
1644.4288 	EXP 	main_image: image = 'Stimuli/Fractals/90c.jpg'
1654.1802 	DATA 	Keypress: j
1655.4619 	EXP 	main_image: pos = array([-212.1320344, -212.1320344])
1655.4619 	EXP 	main_image: image = 'Stimuli/Fractals/18a.jpg'
1659.2804 	DATA 	Keypress: f
1661.5117 	EXP 	main_image: pos = array([-212.1320344,  212.1320344])
1661.5117 	EXP 	main_image: image = 'Stimuli/Fractals/29a.jpg'
1662.9807 	DATA 	Keypress: f
1665.5616 	EXP 	main_image: pos = array([-300.,    0.])
1665.5616 	EXP 	main_image: image = 'Stimuli/Fractals/90c.jpg'
1667.2138 	DATA 	Keypress: f
1669.6115 	EXP 	main_image: pos = array([  0., 300.])
1669.6115 	EXP 	main_image: image = 'Stimuli/Fractals/29a.jpg'
1671.2306 	DATA 	Keypress: f
1673.6447 	EXP 	main_image: pos = array([212.1320344, 212.1320344])
1673.6447 	EXP 	main_image: image = 'Stimuli/Fractals/124b.jpg'
1676.3134 	DATA 	Keypress: f
1678.6780 	EXP 	logo: opacity = 0.8
1704.9431 	DATA 	Keypress: return
1705.0013 	EXP 	window1: mouseVisible = True
