32.5628 	WARNING 	Monitor specification not found. Creating a temporary one...
32.5680 	WARNING 	User requested fullscreen with size [1920 1080], but screen is actually [1920, 1200]. Using actual size
33.3905 	EXP 	Created window1 = Window(allowGUI=True, allowStencil=False, autoLog=True, backendConf=UNKNOWN, bitsMode=UNKNOWN, blendMode='avg', bpc=(8, 8, 8), color=array([0.114, 0.31 , 0.38 ]), colorSpace='rgb', depthBits=8, fullscr=<method-wrapper '__getattribute__' of attributeSetter object at 0x000000001E91B2B0>, gamma=None, gammaErrorPolicy='raise', lms=UNKNOWN, monitor=<psychopy.monitors.calibTools.Monitor object at 0x000000001EA29C88>, multiSample=False, name='window1', numSamples=2, pos=[0.0, 0.0], screen=0, size=array([1920, 1200]), stencilBits=0, stereo=False, units='height', useFBO=True, useRetina=False, viewOri=0.0, viewPos=None, viewScale=None, waitBlanking=True, winType='pyglet')
33.3906 	EXP 	window1: mouseVisible = True
33.3906 	EXP 	window1: recordFrameIntervals = False
33.5568 	EXP 	window1: recordFrameIntervals = True
33.7416 	EXP 	window1: recordFrameIntervals = False
33.8549 	EXP 	window1: mouseVisible = False
33.9032 	EXP 	Created welcome_image = ImageStim(__class__=<class 'psychopy.visual.image.ImageStim'>, autoLog=True, color=array([1, 1, 1]), colorSpace='rgb', contrast=1.0, depth=-4.0, flipHoriz=False, flipVert=False, image='stimuli/terkepesz.png', interpolate=True, mask=None, maskParams=None, name='welcome_image', opacity=1, ori=0.0, pos=array([   0., -100.]), size=array([309., 665.]), texRes=128, units='pix', win=Window(...))
33.9563 	EXP 	Created welcome_text = TextStim(__class__=<class 'psychopy.visual.text.TextStim'>, alignHoriz=method-wrapper(...), alignText='center', alignVert=method-wrapper(...), anchorHoriz='center', anchorVert='center', antialias=True, autoLog=True, bold=False, color=array([-1, -1, -1]), colorSpace='rgb', contrast=1.0, depth=-5.0, flipHoriz=False, flipVert=False, font='Arial', fontFiles=[], height=50, italic=False, languageStyle='LTR', name='welcome_text', opacity=1, ori=0, pos=array([  0., 350.]), rgb=UNKNOWN, text='TérKépÉsz Feladatok', units='pix', win=Window(...), wrapWidth=500)
33.9672 	EXP 	Created general_instructions_4_continue = TextStim(__class__=<class 'psychopy.visual.text.TextStim'>, alignHoriz=method-wrapper(...), alignText='center', alignVert=method-wrapper(...), anchorHoriz='center', anchorVert='center', antialias=True, autoLog=True, bold=False, color=array([-1, -1, -1]), colorSpace='rgb', contrast=1.0, depth=-1.0, flipHoriz=False, flipVert=False, font='Arial', fontFiles=[], height=0.03, italic=False, languageStyle='LTR', name='general_instructions_4_continue', opacity=1, ori=0, pos=array([ 0. , -0.4]), rgb=UNKNOWN, text='A gyakorláshoz nyomja le a SPACE-t.', units='height', win=Window(...), wrapWidth=1)
33.9677 	EXP 	Created general_instructions_text = TextStim(__class__=<class 'psychopy.visual.text.TextStim'>, alignHoriz=method-wrapper(...), alignText='center', alignVert=method-wrapper(...), anchorHoriz='center', anchorVert='center', antialias=True, autoLog=True, bold=False, color=array([-1, -1, -1]), colorSpace='rgb', contrast=1.0, depth=-2.0, flipHoriz=False, flipVert=False, font='Arial', fontFiles=[], height=0.03, italic=False, languageStyle='LTR', name='general_instructions_text', opacity=1, ori=0, pos=array([ 0.  , -0.01]), rgb=UNKNOWN, text='', units='height', win=Window(...), wrapWidth=1)
33.9804 	EXP 	Created start_practice_text = TextStim(__class__=<class 'psychopy.visual.text.TextStim'>, alignHoriz=method-wrapper(...), alignText='center', alignVert=method-wrapper(...), anchorHoriz='center', anchorVert='center', antialias=True, autoLog=True, bold=False, color=array([-1, -1, -1]), colorSpace='rgb', contrast=1.0, depth=0.0, flipHoriz=False, flipVert=False, font='Arial', fontFiles=[], height=0.1, italic=False, languageStyle='LTR', name='start_practice_text', opacity=1, ori=0, pos=array([0., 0.]), rgb=UNKNOWN, text='Kezdődik a gyakorlás...', units='height', win=Window(...), wrapWidth=1)
33.9809 	EXP 	Created practice_block_text = TextStim(__class__=<class 'psychopy.visual.text.TextStim'>, alignHoriz=method-wrapper(...), alignText='center', alignVert=method-wrapper(...), anchorHoriz='center', anchorVert='center', antialias=True, autoLog=True, bold=False, color=array([-1, -1, -1]), colorSpace='rgb', contrast=1.0, depth=-1.0, flipHoriz=False, flipVert=False, font='Arial', fontFiles=[], height=0.1, italic=False, languageStyle='LTR', name='practice_block_text', opacity=1, ori=0, pos=array([0., 0.]), rgb=UNKNOWN, text='', units='height', win=Window(...), wrapWidth=1)
34.1696 	EXP 	Created enc_fx_interior_practice = ImageStim(__class__=<class 'psychopy.visual.image.ImageStim'>, autoLog=True, color=array([1, 1, 1]), colorSpace='rgb', contrast=1.0, depth=-1.0, flipHoriz=False, flipVert=False, image='stimuli/GalleryInterior.png', interpolate=True, mask=None, maskParams=None, name='enc_fx_interior_practice', opacity=1, ori=0.0, pos=array([0., 0.]), size=array([2., 2.]), texRes=128, units='norm', win=Window(...))
34.1725 	EXP 	Created enc_fx_cross_practice = TextStim(__class__=<class 'psychopy.visual.text.TextStim'>, alignHoriz=method-wrapper(...), alignText='center', alignVert=method-wrapper(...), anchorHoriz='center', anchorVert='center', antialias=True, autoLog=True, bold=False, color=array([-1, -1, -1]), colorSpace='rgb', contrast=1.0, depth=-2.0, flipHoriz=False, flipVert=False, font='Arial', fontFiles=[], height=0.1, italic=False, languageStyle='LTR', name='enc_fx_cross_practice', opacity=1, ori=0, pos=array([0., 0.]), rgb=UNKNOWN, text='+', units='norm', win=Window(...), wrapWidth=1)
34.1731 	EXP 	Created enc_fx_text_block_practice = TextStim(__class__=<class 'psychopy.visual.text.TextStim'>, alignHoriz=method-wrapper(...), alignText='center', alignVert=method-wrapper(...), anchorHoriz='center', anchorVert='center', antialias=True, autoLog=True, bold=False, color=array([-1, -1, -1]), colorSpace='rgb', contrast=1.0, depth=-4.0, flipHoriz=False, flipVert=False, font='Arial', fontFiles=[], height=0.06, italic=False, languageStyle='LTR', name='enc_fx_text_block_practice', opacity=1, ori=0, pos=array([0.  , 0.87]), rgb=UNKNOWN, text='', units='norm', win=Window(...), wrapWidth=1)
34.1831 	EXP 	Created enc_fx_instructions_text_practice = TextStim(__class__=<class 'psychopy.visual.text.TextStim'>, alignHoriz=method-wrapper(...), alignText='center', alignVert=method-wrapper(...), anchorHoriz='center', anchorVert='center', antialias=True, autoLog=True, bold=False, color=array([-1, -1, -1]), colorSpace='rgb', contrast=1.0, depth=-5.0, flipHoriz=False, flipVert=False, font='Arial', fontFiles=[], height=0.05, italic=False, languageStyle='LTR', name='enc_fx_instructions_text_practice', opacity=1, ori=0, pos=array([ 0.   , -0.833]), rgb=UNKNOWN, text=str(...), units='norm', win=Window(...), wrapWidth=1)
34.3406 	EXP 	Created enc_trial_interior_practice = ImageStim(__class__=<class 'psychopy.visual.image.ImageStim'>, autoLog=True, color=array([1, 1, 1]), colorSpace='rgb', contrast=1.0, depth=0.0, flipHoriz=False, flipVert=False, image='stimuli/GalleryInterior.png', interpolate=True, mask=None, maskParams=None, name='enc_trial_interior_practice', opacity=1, ori=0.0, pos=array([0., 0.]), size=array([2., 2.]), texRes=128, units='norm', win=Window(...))
34.3433 	EXP 	Created enc_trial_main_image_practice = ImageStim(__class__=<class 'psychopy.visual.image.ImageStim'>, autoLog=True, color=array([1, 1, 1]), colorSpace='rgb', contrast=1.0, depth=-1.0, flipHoriz=False, flipVert=False, image='sin', interpolate=True, mask=None, maskParams=None, name='enc_trial_main_image_practice', opacity=1, ori=0.0, pos=array([0., 0.]), size=array([1., 1.]), texRes=128, units='norm', win=Window(...))
34.3439 	EXP 	Created enc_trial_text_block_practice = TextStim(__class__=<class 'psychopy.visual.text.TextStim'>, alignHoriz=method-wrapper(...), alignText='center', alignVert=method-wrapper(...), anchorHoriz='center', anchorVert='center', antialias=True, autoLog=True, bold=False, color=array([-1, -1, -1]), colorSpace='rgb', contrast=1.0, depth=-3.0, flipHoriz=False, flipVert=False, font='Arial', fontFiles=[], height=0.06, italic=False, languageStyle='LTR', name='enc_trial_text_block_practice', opacity=1, ori=0, pos=array([0.  , 0.87]), rgb=UNKNOWN, text='', units='norm', win=Window(...), wrapWidth=1)
34.3468 	EXP 	Created enc_trial_instructions_text_practice = TextStim(__class__=<class 'psychopy.visual.text.TextStim'>, alignHoriz=method-wrapper(...), alignText='center', alignVert=method-wrapper(...), anchorHoriz='center', anchorVert='center', antialias=True, autoLog=True, bold=False, color=array([-1, -1, -1]), colorSpace='rgb', contrast=1.0, depth=-4.0, flipHoriz=False, flipVert=False, font='Arial', fontFiles=[], height=0.05, italic=False, languageStyle='LTR', name='enc_trial_instructions_text_practice', opacity=1, ori=0, pos=array([ 0.   , -0.833]), rgb=UNKNOWN, text=str(...), units='norm', win=Window(...), wrapWidth=1)
34.5068 	EXP 	Created enc_practice_feedback_interior = ImageStim(__class__=<class 'psychopy.visual.image.ImageStim'>, autoLog=True, color=array([1, 1, 1]), colorSpace='rgb', contrast=1.0, depth=-1.0, flipHoriz=False, flipVert=False, image='stimuli/GalleryInterior.png', interpolate=True, mask=None, maskParams=None, name='enc_practice_feedback_interior', opacity=1, ori=0.0, pos=array([0., 0.]), size=array([2., 2.]), texRes=128, units='norm', win=Window(...))
34.5095 	EXP 	Created enc_practice_feedback_image = ImageStim(__class__=<class 'psychopy.visual.image.ImageStim'>, autoLog=True, color=array([1, 1, 1]), colorSpace='rgb', contrast=1.0, depth=-2.0, flipHoriz=False, flipVert=False, image='sin', interpolate=True, mask=None, maskParams=None, name='enc_practice_feedback_image', opacity=1, ori=0.0, pos=array([0., 0.]), size=array([1., 1.]), texRes=128, units='norm', win=Window(...))
34.5100 	EXP 	Created enc_practice_feedback_text = TextStim(__class__=<class 'psychopy.visual.text.TextStim'>, alignHoriz=method-wrapper(...), alignText='center', alignVert=method-wrapper(...), anchorHoriz='center', anchorVert='center', antialias=True, autoLog=True, bold=False, color=array([-1, -1, -1]), colorSpace='rgb', contrast=1.0, depth=-3.0, flipHoriz=False, flipVert=False, font='Arial', fontFiles=[], height=0.05, italic=False, languageStyle='LTR', name='enc_practice_feedback_text', opacity=1, ori=0, pos=array([0., 0.]), rgb=UNKNOWN, text='', units='norm', win=Window(...), wrapWidth=1)
34.5105 	EXP 	Created enc_practice_feedback_block = TextStim(__class__=<class 'psychopy.visual.text.TextStim'>, alignHoriz=method-wrapper(...), alignText='center', alignVert=method-wrapper(...), anchorHoriz='center', anchorVert='center', antialias=True, autoLog=True, bold=False, color=array([-1, -1, -1]), colorSpace='rgb', contrast=1.0, depth=-4.0, flipHoriz=False, flipVert=False, font='Arial', fontFiles=[], height=0.06, italic=False, languageStyle='LTR', name='enc_practice_feedback_block', opacity=1, ori=0, pos=array([0.  , 0.87]), rgb=UNKNOWN, text='', units='norm', win=Window(...), wrapWidth=1)
34.5178 	EXP 	Created start_recognition_text = TextStim(__class__=<class 'psychopy.visual.text.TextStim'>, alignHoriz=method-wrapper(...), alignText='center', alignVert=method-wrapper(...), anchorHoriz='center', anchorVert='center', antialias=True, autoLog=True, bold=False, color=array([-1, -1, -1]), colorSpace='rgb', contrast=1.0, depth=-1.0, flipHoriz=False, flipVert=False, font='Arial', fontFiles=[], height=0.1, italic=False, languageStyle='LTR', name='start_recognition_text', opacity=1, ori=0, pos=array([0., 0.]), rgb=UNKNOWN, text='Képfelismerés', units='height', win=Window(...), wrapWidth=1)
34.6793 	EXP 	Created rec_fx_interior_practice = ImageStim(__class__=<class 'psychopy.visual.image.ImageStim'>, autoLog=True, color=array([1, 1, 1]), colorSpace='rgb', contrast=1.0, depth=0.0, flipHoriz=False, flipVert=False, image='stimuli/GalleryInterior.png', interpolate=True, mask=None, maskParams=None, name='rec_fx_interior_practice', opacity=1, ori=0.0, pos=array([0., 0.]), size=array([2., 2.]), texRes=128, units='norm', win=Window(...))
34.6820 	EXP 	Created rec_fx_cross_practice = TextStim(__class__=<class 'psychopy.visual.text.TextStim'>, alignHoriz=method-wrapper(...), alignText='center', alignVert=method-wrapper(...), anchorHoriz='center', anchorVert='center', antialias=True, autoLog=True, bold=False, color=array([-1, -1, -1]), colorSpace='rgb', contrast=1.0, depth=-1.0, flipHoriz=False, flipVert=False, font='Arial', fontFiles=[], height=0.1, italic=False, languageStyle='LTR', name='rec_fx_cross_practice', opacity=1, ori=0, pos=array([0., 0.]), rgb=UNKNOWN, text='+', units='norm', win=Window(...), wrapWidth=1)
34.6825 	EXP 	Created rec_fx_text_block_practice = TextStim(__class__=<class 'psychopy.visual.text.TextStim'>, alignHoriz=method-wrapper(...), alignText='center', alignVert=method-wrapper(...), anchorHoriz='center', anchorVert='center', antialias=True, autoLog=True, bold=False, color=array([-1, -1, -1]), colorSpace='rgb', contrast=1.0, depth=-3.0, flipHoriz=False, flipVert=False, font='Arial', fontFiles=[], height=0.06, italic=False, languageStyle='LTR', name='rec_fx_text_block_practice', opacity=1, ori=0, pos=array([0.  , 0.87]), rgb=UNKNOWN, text='', units='norm', win=Window(...), wrapWidth=1)
34.6873 	EXP 	Created rec_fx_instructions_text_practice = TextStim(__class__=<class 'psychopy.visual.text.TextStim'>, alignHoriz=method-wrapper(...), alignText='center', alignVert=method-wrapper(...), anchorHoriz='center', anchorVert='center', antialias=True, autoLog=True, bold=False, color=array([-1, -1, -1]), colorSpace='rgb', contrast=1.0, depth=-4.0, flipHoriz=False, flipVert=False, font='Arial', fontFiles=[], height=0.05, italic=False, languageStyle='LTR', name='rec_fx_instructions_text_practice', opacity=1, ori=0, pos=array([ 0.   , -0.833]), rgb=UNKNOWN, text='[BAL Nyíl - Régi]      [JOBB Nyíl - Új]', units='norm', win=Window(...), wrapWidth=1)
34.8461 	EXP 	Created rec_trial_interior_practice = ImageStim(__class__=<class 'psychopy.visual.image.ImageStim'>, autoLog=True, color=array([1, 1, 1]), colorSpace='rgb', contrast=1.0, depth=0.0, flipHoriz=False, flipVert=False, image='stimuli/GalleryInterior.png', interpolate=True, mask=None, maskParams=None, name='rec_trial_interior_practice', opacity=1, ori=0.0, pos=array([0., 0.]), size=array([2., 2.]), texRes=128, units='norm', win=Window(...))
34.8487 	EXP 	Created rec_trial_main_image_practice = ImageStim(__class__=<class 'psychopy.visual.image.ImageStim'>, autoLog=True, color=array([1, 1, 1]), colorSpace='rgb', contrast=1.0, depth=-1.0, flipHoriz=False, flipVert=False, image='sin', interpolate=True, mask=None, maskParams=None, name='rec_trial_main_image_practice', opacity=1, ori=0.0, pos=array([0., 0.]), size=array([1., 1.]), texRes=128, units='norm', win=Window(...))
34.8492 	EXP 	Created rec_trial_text_block_practice = TextStim(__class__=<class 'psychopy.visual.text.TextStim'>, alignHoriz=method-wrapper(...), alignText='center', alignVert=method-wrapper(...), anchorHoriz='center', anchorVert='center', antialias=True, autoLog=True, bold=False, color=array([-1, -1, -1]), colorSpace='rgb', contrast=1.0, depth=-3.0, flipHoriz=False, flipVert=False, font='Arial', fontFiles=[], height=0.06, italic=False, languageStyle='LTR', name='rec_trial_text_block_practice', opacity=1, ori=0, pos=array([0.  , 0.87]), rgb=UNKNOWN, text='', units='norm', win=Window(...), wrapWidth=1)
34.8520 	EXP 	Created rec_trial_instructions_text_practice = TextStim(__class__=<class 'psychopy.visual.text.TextStim'>, alignHoriz=method-wrapper(...), alignText='center', alignVert=method-wrapper(...), anchorHoriz='center', anchorVert='center', antialias=True, autoLog=True, bold=False, color=array([-1, -1, -1]), colorSpace='rgb', contrast=1.0, depth=-4.0, flipHoriz=False, flipVert=False, font='Arial', fontFiles=[], height=0.05, italic=False, languageStyle='LTR', name='rec_trial_instructions_text_practice', opacity=1, ori=0, pos=array([ 0.   , -0.833]), rgb=UNKNOWN, text='[BAL Nyíl - Régi]      [JOBB Nyíl - Új]', units='norm', win=Window(...), wrapWidth=1)
34.8524 	EXP 	Created rec_practice_feedback_text = TextStim(__class__=<class 'psychopy.visual.text.TextStim'>, alignHoriz=method-wrapper(...), alignText='center', alignVert=method-wrapper(...), anchorHoriz='center', anchorVert='center', antialias=True, autoLog=True, bold=False, color=array([-1, -1, -1]), colorSpace='rgb', contrast=1.0, depth=-1.0, flipHoriz=False, flipVert=False, font='Arial', fontFiles=[], height=0.05, italic=False, languageStyle='LTR', name='rec_practice_feedback_text', opacity=1, ori=0, pos=array([0., 0.]), rgb=UNKNOWN, text='', units='height', win=Window(...), wrapWidth=1)
34.8592 	EXP 	Created end_practice_text = TextStim(__class__=<class 'psychopy.visual.text.TextStim'>, alignHoriz=method-wrapper(...), alignText='center', alignVert=method-wrapper(...), anchorHoriz='center', anchorVert='center', antialias=True, autoLog=True, bold=False, color=array([-1, -1, -1]), colorSpace='rgb', contrast=1.0, depth=-2.0, flipHoriz=False, flipVert=False, font='Arial', fontFiles=[], height=0.05, italic=False, languageStyle='LTR', name='end_practice_text', opacity=1, ori=0, pos=array([0., 0.]), rgb=UNKNOWN, text='Ez volt a gyakorlás.', units='height', win=Window(...), wrapWidth=0.8)
34.8659 	EXP 	Created end_practice_continue = TextStim(__class__=<class 'psychopy.visual.text.TextStim'>, alignHoriz=method-wrapper(...), alignText='center', alignVert=method-wrapper(...), anchorHoriz='center', anchorVert='center', antialias=True, autoLog=True, bold=False, color=array([-1, -1, -1]), colorSpace='rgb', contrast=1.0, depth=-4.0, flipHoriz=False, flipVert=False, font='Arial', fontFiles=[], height=0.03, italic=False, languageStyle='LTR', name='end_practice_continue', opacity=1, ori=0, pos=array([ 0. , -0.4]), rgb=UNKNOWN, text='A kilépéshez nyomja le a SPACE-t. ', units='height', win=Window(...), wrapWidth=1)
0.0421 	EXP 	welcome_image: autoDraw = True
0.0421 	EXP 	welcome_text: autoDraw = True
3.0445 	EXP 	welcome_image: autoDraw = False
3.0445 	EXP 	welcome_text: autoDraw = False
3.0445 	EXP 	general_instructions_text: text = 'A Galériaberendezés alatt azt döntse el, beválogatja-e a képet a kiállításra.                        \n\n\t\tJobb Nyíl - Igen\n\t\tBal Nyíl - Nem                        \n-----------------------------------------------------------------------                        \nA Képfelismerés allatt azt döntse el, látta-e már pontosan ugyanezt a képet a Galériaberendezés alatt.                        \n\n\t\tJobb Nyíl - Új                        \n\t\tBal Nyíl - Régi'
3.0445 	EXP 	general_instructions_text: autoDraw = True
4.0286 	EXP 	general_instructions_4_continue: autoDraw = True
239.2919 	DATA 	Keypress: space
239.3051 	EXP 	general_instructions_4_continue: autoDraw = False
239.3051 	EXP 	general_instructions_text: autoDraw = False
239.3051 	EXP 	start_practice_text: autoDraw = True
240.3059 	EXP 	start_practice_text: autoDraw = False
240.3059 	EXP 	start_practice_text: autoDraw = False
240.3059 	EXP 	practice_block_text: text = 'Képszemle'
240.3059 	EXP 	practice_block_text: autoDraw = True
243.3097 	EXP 	Imported stimuli_tables/encoding_full_practice_trials.csv as conditions, 3 conditions, 22 params
243.3100 	EXP 	Created sequence: random, trialTypes=3, nReps=1, seed=None
243.3104 	EXP 	New trial (rep=0, index=0): OrderedDict([('TrialIndex', 3), ('Jitter', 2000), ('ScannerRun', 1), ('BlockNr', 1), ('TrialType', 'OBJ'), ('StimType', 'FOIL'), ('Order', 1), ('Delay', 1), ('CurrentImage', 'stimuli/fractals/179a.jpg'), ('CurrentX', -0.390625), ('CurrentY', -0.41666666700000005), ('TripletMemberA', 'stimuli/fractals/172a.jpg'), ('TripletMemberB', 'stimuli/fractals/172b.jpg'), ('TripletMemberC', 'stimuli/fractals/172c.jpg'), ('Xcoordinate', -0.390625), ('Ycoordinate', -0.41666666700000005), ('Xcoordinate_lure1', -0.390625), ('Ycoordinate_lure1', -0.13888888900000002), ('Xcoordinate_lure2', -0.234375), ('Ycoordinate_lure2', -0.41666666700000005), ('Xcoordinate_foil', 0.390625), ('Ycoordinate_foil', 0.41666666700000005)])
243.3420 	EXP 	practice_block_text: autoDraw = False
243.3420 	EXP 	practice_block_text: autoDraw = False
243.3420 	EXP 	enc_fx_cross_practice: pos = array([-0.390625  , -0.41666667])
243.3420 	EXP 	enc_fx_text_block_practice: text = 'Képszemle'
243.3420 	EXP 	enc_fx_interior_practice: autoDraw = True
243.3420 	EXP 	enc_fx_cross_practice: autoDraw = True
243.3420 	EXP 	enc_fx_text_block_practice: autoDraw = True
243.3420 	EXP 	enc_fx_instructions_text_practice: autoDraw = True
245.3932 	EXP 	enc_fx_interior_practice: autoDraw = False
245.3932 	EXP 	enc_fx_cross_practice: autoDraw = False
245.3932 	EXP 	enc_fx_text_block_practice: autoDraw = False
245.3932 	EXP 	enc_fx_instructions_text_practice: autoDraw = False
245.3932 	EXP 	enc_fx_interior_practice: autoDraw = False
245.3932 	EXP 	enc_fx_cross_practice: autoDraw = False
245.3932 	EXP 	enc_fx_text_block_practice: autoDraw = False
245.3932 	EXP 	enc_fx_instructions_text_practice: autoDraw = False
245.3932 	EXP 	enc_trial_main_image_practice: pos = array([-0.390625  , -0.41666667])
245.3932 	EXP 	enc_trial_main_image_practice: size = array([0.3125, 0.5   ])
245.3932 	EXP 	enc_trial_main_image_practice: image = 'stimuli/fractals/179a.jpg'
245.3932 	EXP 	enc_trial_text_block_practice: text = 'Képszemle'
245.3932 	EXP 	enc_trial_interior_practice: autoDraw = True
245.3932 	EXP 	enc_trial_main_image_practice: autoDraw = True
245.3932 	EXP 	enc_trial_text_block_practice: autoDraw = True
245.3932 	EXP 	enc_trial_instructions_text_practice: autoDraw = True
246.9306 	DATA 	Mouse: Right button down, pos=(984,898)
247.0976 	DATA 	Mouse:  Right button up, pos=(978,896)
248.3789 	EXP 	enc_trial_interior_practice: autoDraw = False
248.3789 	EXP 	enc_trial_main_image_practice: autoDraw = False
248.3789 	EXP 	enc_trial_text_block_practice: autoDraw = False
248.3789 	EXP 	enc_trial_instructions_text_practice: autoDraw = False
248.3789 	EXP 	enc_practice_feedback_image: pos = array([-0.390625  , -0.41666667])
248.3789 	EXP 	enc_practice_feedback_image: size = array([0.3125, 0.5   ])
248.3789 	EXP 	enc_practice_feedback_image: image = 'stimuli/fractals/179a.jpg'
248.3789 	EXP 	enc_practice_feedback_text: pos = array([-0.390625  , -0.81666667])
248.3789 	EXP 	enc_practice_feedback_text: text = 'Nem adott választ.'
248.3789 	EXP 	enc_practice_feedback_block: text = 'Képszemle'
248.3789 	EXP 	enc_practice_feedback_interior: autoDraw = True
248.3789 	EXP 	enc_practice_feedback_image: autoDraw = True
248.3789 	EXP 	enc_practice_feedback_text: autoDraw = True
248.3789 	EXP 	enc_practice_feedback_block: autoDraw = True
249.3308 	EXP 	New trial (rep=0, index=1): OrderedDict([('TrialIndex', 2), ('Jitter', 4000), ('ScannerRun', 1), ('BlockNr', 1), ('TrialType', 'OBJ'), ('StimType', 'TARGET'), ('Order', 1), ('Delay', 1), ('CurrentImage', 'stimuli/fractals/178a.jpg'), ('CurrentX', 0.390625), ('CurrentY', 0.41666666700000005), ('TripletMemberA', 'stimuli/fractals/171a.jpg'), ('TripletMemberB', 'stimuli/fractals/171b.jpg'), ('TripletMemberC', 'stimuli/fractals/171c.jpg'), ('Xcoordinate', 0.390625), ('Ycoordinate', 0.41666666700000005), ('Xcoordinate_lure1', 0.234375), ('Ycoordinate_lure1', 0.41666666700000005), ('Xcoordinate_lure2', 0.390625), ('Ycoordinate_lure2', 0.13888888900000002), ('Xcoordinate_foil', -0.234375), ('Ycoordinate_foil', 0.13888888900000002)])
249.3464 	EXP 	enc_practice_feedback_interior: autoDraw = False
249.3464 	EXP 	enc_practice_feedback_image: autoDraw = False
249.3464 	EXP 	enc_practice_feedback_text: autoDraw = False
249.3464 	EXP 	enc_practice_feedback_block: autoDraw = False
249.3464 	EXP 	enc_fx_cross_practice: pos = array([0.390625  , 0.41666667])
249.3464 	EXP 	enc_fx_text_block_practice: text = 'Képszemle'
249.3464 	EXP 	enc_fx_interior_practice: autoDraw = True
249.3464 	EXP 	enc_fx_cross_practice: autoDraw = True
249.3464 	EXP 	enc_fx_text_block_practice: autoDraw = True
249.3464 	EXP 	enc_fx_instructions_text_practice: autoDraw = True
249.8671 	DATA 	Keypress: left
253.3497 	EXP 	enc_fx_interior_practice: autoDraw = False
253.3497 	EXP 	enc_fx_cross_practice: autoDraw = False
253.3497 	EXP 	enc_fx_text_block_practice: autoDraw = False
253.3497 	EXP 	enc_fx_instructions_text_practice: autoDraw = False
253.3497 	EXP 	enc_fx_interior_practice: autoDraw = False
253.3497 	EXP 	enc_fx_cross_practice: autoDraw = False
253.3497 	EXP 	enc_fx_text_block_practice: autoDraw = False
253.3497 	EXP 	enc_fx_instructions_text_practice: autoDraw = False
253.3497 	EXP 	enc_trial_main_image_practice: pos = array([0.390625  , 0.41666667])
253.3497 	EXP 	enc_trial_main_image_practice: size = array([0.3125, 0.5   ])
253.3497 	EXP 	enc_trial_main_image_practice: image = 'stimuli/fractals/178a.jpg'
253.3497 	EXP 	enc_trial_text_block_practice: text = 'Képszemle'
253.3497 	EXP 	enc_trial_interior_practice: autoDraw = True
253.3497 	EXP 	enc_trial_main_image_practice: autoDraw = True
253.3497 	EXP 	enc_trial_text_block_practice: autoDraw = True
253.3497 	EXP 	enc_trial_instructions_text_practice: autoDraw = True
254.8210 	DATA 	Keypress: left
256.3689 	EXP 	enc_trial_interior_practice: autoDraw = False
256.3689 	EXP 	enc_trial_main_image_practice: autoDraw = False
256.3689 	EXP 	enc_trial_text_block_practice: autoDraw = False
256.3689 	EXP 	enc_trial_instructions_text_practice: autoDraw = False
256.3689 	EXP 	enc_practice_feedback_image: pos = array([0.390625  , 0.41666667])
256.3689 	EXP 	enc_practice_feedback_image: size = array([0.3125, 0.5   ])
256.3689 	EXP 	enc_practice_feedback_image: image = 'stimuli/fractals/178a.jpg'
256.3689 	EXP 	enc_practice_feedback_text: pos = array([0.390625  , 0.01666667])
256.3689 	EXP 	enc_practice_feedback_text: text = 'Az Ön válasza:\nA kép nem marad.'
256.3689 	EXP 	enc_practice_feedback_block: text = 'Képszemle'
256.3689 	EXP 	enc_practice_feedback_interior: autoDraw = True
256.3689 	EXP 	enc_practice_feedback_image: autoDraw = True
256.3689 	EXP 	enc_practice_feedback_text: autoDraw = True
256.3689 	EXP 	enc_practice_feedback_block: autoDraw = True
257.3371 	EXP 	New trial (rep=0, index=2): OrderedDict([('TrialIndex', 1), ('Jitter', 800), ('ScannerRun', 1), ('BlockNr', 1), ('TrialType', 'OBJ'), ('StimType', 'LURE'), ('Order', 1), ('Delay', 1), ('CurrentImage', 'stimuli/fractals/177a.jpg'), ('CurrentX', 0.078125), ('CurrentY', -0.41666666700000005), ('TripletMemberA', 'stimuli/fractals/170a.jpg'), ('TripletMemberB', 'stimuli/fractals/170b.jpg'), ('TripletMemberC', 'stimuli/fractals/170c.jpg'), ('Xcoordinate', 0.078125), ('Ycoordinate', -0.41666666700000005), ('Xcoordinate_lure1', -0.078125), ('Ycoordinate_lure1', -0.41666666700000005), ('Xcoordinate_lure2', 0.234375), ('Ycoordinate_lure2', -0.41666666700000005), ('Xcoordinate_foil', -0.390625), ('Ycoordinate_foil', 0.13888888900000002)])
257.3530 	EXP 	enc_practice_feedback_interior: autoDraw = False
257.3530 	EXP 	enc_practice_feedback_image: autoDraw = False
257.3530 	EXP 	enc_practice_feedback_text: autoDraw = False
257.3530 	EXP 	enc_practice_feedback_block: autoDraw = False
257.3530 	EXP 	enc_fx_cross_practice: pos = array([ 0.078125  , -0.41666667])
257.3530 	EXP 	enc_fx_text_block_practice: text = 'Képszemle'
257.3530 	EXP 	enc_fx_interior_practice: autoDraw = True
257.3530 	EXP 	enc_fx_cross_practice: autoDraw = True
257.3530 	EXP 	enc_fx_text_block_practice: autoDraw = True
257.3530 	EXP 	enc_fx_instructions_text_practice: autoDraw = True
258.1536 	EXP 	enc_fx_interior_practice: autoDraw = False
258.1536 	EXP 	enc_fx_cross_practice: autoDraw = False
258.1536 	EXP 	enc_fx_text_block_practice: autoDraw = False
258.1536 	EXP 	enc_fx_instructions_text_practice: autoDraw = False
258.1536 	EXP 	enc_fx_interior_practice: autoDraw = False
258.1536 	EXP 	enc_fx_cross_practice: autoDraw = False
258.1536 	EXP 	enc_fx_text_block_practice: autoDraw = False
258.1536 	EXP 	enc_fx_instructions_text_practice: autoDraw = False
258.1536 	EXP 	enc_trial_main_image_practice: pos = array([ 0.078125  , -0.41666667])
258.1536 	EXP 	enc_trial_main_image_practice: size = array([0.3125, 0.5   ])
258.1536 	EXP 	enc_trial_main_image_practice: image = 'stimuli/fractals/177a.jpg'
258.1536 	EXP 	enc_trial_text_block_practice: text = 'Képszemle'
258.1536 	EXP 	enc_trial_interior_practice: autoDraw = True
258.1536 	EXP 	enc_trial_main_image_practice: autoDraw = True
258.1536 	EXP 	enc_trial_text_block_practice: autoDraw = True
258.1536 	EXP 	enc_trial_instructions_text_practice: autoDraw = True
259.7243 	DATA 	Keypress: left
261.1561 	EXP 	enc_trial_interior_practice: autoDraw = False
261.1561 	EXP 	enc_trial_main_image_practice: autoDraw = False
261.1561 	EXP 	enc_trial_text_block_practice: autoDraw = False
261.1561 	EXP 	enc_trial_instructions_text_practice: autoDraw = False
261.1561 	EXP 	enc_practice_feedback_image: pos = array([ 0.078125  , -0.41666667])
261.1561 	EXP 	enc_practice_feedback_image: size = array([0.3125, 0.5   ])
261.1561 	EXP 	enc_practice_feedback_image: image = 'stimuli/fractals/177a.jpg'
261.1561 	EXP 	enc_practice_feedback_text: pos = array([ 0.078125  , -0.81666667])
261.1561 	EXP 	enc_practice_feedback_text: text = 'Az Ön válasza:\nA kép nem marad.'
261.1561 	EXP 	enc_practice_feedback_block: text = 'Képszemle'
261.1561 	EXP 	enc_practice_feedback_interior: autoDraw = True
261.1561 	EXP 	enc_practice_feedback_image: autoDraw = True
261.1561 	EXP 	enc_practice_feedback_text: autoDraw = True
261.1561 	EXP 	enc_practice_feedback_block: autoDraw = True
262.1569 	EXP 	enc_practice_feedback_interior: autoDraw = False
262.1569 	EXP 	enc_practice_feedback_image: autoDraw = False
262.1569 	EXP 	enc_practice_feedback_text: autoDraw = False
262.1569 	EXP 	enc_practice_feedback_block: autoDraw = False
262.1569 	EXP 	start_recognition_text: autoDraw = True
265.1484 	EXP 	Imported stimuli_tables/recognition_full_practice_trials.csv as conditions, 3 conditions, 22 params
265.1486 	EXP 	Created sequence: random, trialTypes=3, nReps=1, seed=None
265.1489 	EXP 	New trial (rep=0, index=0): OrderedDict([('TrialIndex', 1), ('Jitter', 800), ('ScannerRun', 1), ('BlockNr', 1), ('TrialType', 'OBJ'), ('StimType', 'LURE'), ('Order', 1), ('Delay', 1), ('CurrentImage', 'stimuli/fractals/177c.jpg'), ('CurrentX', 0.078125), ('CurrentY', -0.41666666700000005), ('TripletMemberA', 'stimuli/fractals/170a.jpg'), ('TripletMemberB', 'stimuli/fractals/170b.jpg'), ('TripletMemberC', 'stimuli/fractals/170c.jpg'), ('Xcoordinate', 0.078125), ('Ycoordinate', -0.41666666700000005), ('Xcoordinate_lure1', -0.078125), ('Ycoordinate_lure1', -0.41666666700000005), ('Xcoordinate_lure2', 0.234375), ('Ycoordinate_lure2', -0.41666666700000005), ('Xcoordinate_foil', -0.390625), ('Ycoordinate_foil', 0.13888888900000002)])
265.1762 	EXP 	start_recognition_text: autoDraw = False
265.1762 	EXP 	rec_fx_cross_practice: pos = array([ 0.078125  , -0.41666667])
265.1762 	EXP 	rec_fx_text_block_practice: text = 'Képfelismerés'
265.1762 	EXP 	rec_fx_interior_practice: autoDraw = True
265.1762 	EXP 	rec_fx_cross_practice: autoDraw = True
265.1762 	EXP 	rec_fx_text_block_practice: autoDraw = True
265.1762 	EXP 	rec_fx_instructions_text_practice: autoDraw = True
266.0101 	EXP 	rec_fx_interior_practice: autoDraw = False
266.0101 	EXP 	rec_fx_cross_practice: autoDraw = False
266.0101 	EXP 	rec_fx_text_block_practice: autoDraw = False
266.0101 	EXP 	rec_fx_instructions_text_practice: autoDraw = False
266.0101 	EXP 	rec_fx_interior_practice: autoDraw = False
266.0101 	EXP 	rec_fx_cross_practice: autoDraw = False
266.0101 	EXP 	rec_fx_text_block_practice: autoDraw = False
266.0101 	EXP 	rec_fx_instructions_text_practice: autoDraw = False
266.0101 	EXP 	rec_trial_main_image_practice: pos = array([ 0.078125  , -0.41666667])
266.0101 	EXP 	rec_trial_main_image_practice: size = array([0.3125, 0.5   ])
266.0101 	EXP 	rec_trial_main_image_practice: image = 'stimuli/fractals/177c.jpg'
266.0101 	EXP 	rec_trial_text_block_practice: text = 'Képfelismerés'
266.0101 	EXP 	rec_trial_interior_practice: autoDraw = True
266.0101 	EXP 	rec_trial_main_image_practice: autoDraw = True
266.0101 	EXP 	rec_trial_text_block_practice: autoDraw = True
266.0101 	EXP 	rec_trial_instructions_text_practice: autoDraw = True
267.7147 	DATA 	Keypress: left
269.9800 	EXP 	rec_trial_interior_practice: autoDraw = False
269.9800 	EXP 	rec_trial_main_image_practice: autoDraw = False
269.9800 	EXP 	rec_trial_text_block_practice: autoDraw = False
269.9800 	EXP 	rec_trial_instructions_text_practice: autoDraw = False
269.9800 	EXP 	rec_practice_feedback_text: text = 'A helyes válasz: Új\nAz Ön válasza: Régi'
269.9800 	EXP 	rec_practice_feedback_text: autoDraw = True
271.9655 	EXP 	New trial (rep=0, index=1): OrderedDict([('TrialIndex', 3), ('Jitter', 2000), ('ScannerRun', 1), ('BlockNr', 1), ('TrialType', 'OBJ'), ('StimType', 'LURE'), ('Order', 1), ('Delay', 1), ('CurrentImage', 'stimuli/fractals/179c.jpg'), ('CurrentX', -0.390625), ('CurrentY', -0.41666666700000005), ('TripletMemberA', 'stimuli/fractals/172a.jpg'), ('TripletMemberB', 'stimuli/fractals/172b.jpg'), ('TripletMemberC', 'stimuli/fractals/172c.jpg'), ('Xcoordinate', -0.390625), ('Ycoordinate', -0.41666666700000005), ('Xcoordinate_lure1', -0.390625), ('Ycoordinate_lure1', -0.13888888900000002), ('Xcoordinate_lure2', -0.234375), ('Ycoordinate_lure2', -0.41666666700000005), ('Xcoordinate_foil', 0.390625), ('Ycoordinate_foil', 0.41666666700000005)])
271.9816 	EXP 	rec_practice_feedback_text: autoDraw = False
271.9816 	EXP 	rec_fx_cross_practice: pos = array([-0.390625  , -0.41666667])
271.9816 	EXP 	rec_fx_text_block_practice: text = 'Képfelismerés'
271.9816 	EXP 	rec_fx_interior_practice: autoDraw = True
271.9816 	EXP 	rec_fx_cross_practice: autoDraw = True
271.9816 	EXP 	rec_fx_text_block_practice: autoDraw = True
271.9816 	EXP 	rec_fx_instructions_text_practice: autoDraw = True
274.0166 	EXP 	rec_fx_interior_practice: autoDraw = False
274.0166 	EXP 	rec_fx_cross_practice: autoDraw = False
274.0166 	EXP 	rec_fx_text_block_practice: autoDraw = False
274.0166 	EXP 	rec_fx_instructions_text_practice: autoDraw = False
274.0166 	EXP 	rec_fx_interior_practice: autoDraw = False
274.0166 	EXP 	rec_fx_cross_practice: autoDraw = False
274.0166 	EXP 	rec_fx_text_block_practice: autoDraw = False
274.0166 	EXP 	rec_fx_instructions_text_practice: autoDraw = False
274.0166 	EXP 	rec_trial_main_image_practice: pos = array([-0.390625  , -0.41666667])
274.0166 	EXP 	rec_trial_main_image_practice: size = array([0.3125, 0.5   ])
274.0166 	EXP 	rec_trial_main_image_practice: image = 'stimuli/fractals/179c.jpg'
274.0166 	EXP 	rec_trial_text_block_practice: text = 'Képfelismerés'
274.0166 	EXP 	rec_trial_interior_practice: autoDraw = True
274.0166 	EXP 	rec_trial_main_image_practice: autoDraw = True
274.0166 	EXP 	rec_trial_text_block_practice: autoDraw = True
274.0166 	EXP 	rec_trial_instructions_text_practice: autoDraw = True
276.7721 	DATA 	Keypress: left
276.9051 	DATA 	Keypress: right
277.9866 	EXP 	rec_trial_interior_practice: autoDraw = False
277.9866 	EXP 	rec_trial_main_image_practice: autoDraw = False
277.9866 	EXP 	rec_trial_text_block_practice: autoDraw = False
277.9866 	EXP 	rec_trial_instructions_text_practice: autoDraw = False
277.9866 	EXP 	rec_practice_feedback_text: text = 'A helyes válasz: Új\nAz Ön válasza: Új'
277.9866 	EXP 	rec_practice_feedback_text: autoDraw = True
278.2045 	DATA 	Keypress: right
279.9720 	EXP 	New trial (rep=0, index=2): OrderedDict([('TrialIndex', 2), ('Jitter', 4000), ('ScannerRun', 1), ('BlockNr', 1), ('TrialType', 'OBJ'), ('StimType', 'TARGET'), ('Order', 1), ('Delay', 1), ('CurrentImage', 'stimuli/fractals/178a.jpg'), ('CurrentX', 0.390625), ('CurrentY', 0.41666666700000005), ('TripletMemberA', 'stimuli/fractals/171a.jpg'), ('TripletMemberB', 'stimuli/fractals/171b.jpg'), ('TripletMemberC', 'stimuli/fractals/171c.jpg'), ('Xcoordinate', 0.390625), ('Ycoordinate', 0.41666666700000005), ('Xcoordinate_lure1', 0.234375), ('Ycoordinate_lure1', 0.41666666700000005), ('Xcoordinate_lure2', 0.390625), ('Ycoordinate_lure2', 0.13888888900000002), ('Xcoordinate_foil', -0.234375), ('Ycoordinate_foil', 0.13888888900000002)])
279.9882 	EXP 	rec_practice_feedback_text: autoDraw = False
279.9882 	EXP 	rec_fx_cross_practice: pos = array([0.390625  , 0.41666667])
279.9882 	EXP 	rec_fx_text_block_practice: text = 'Képfelismerés'
279.9882 	EXP 	rec_fx_interior_practice: autoDraw = True
279.9882 	EXP 	rec_fx_cross_practice: autoDraw = True
279.9882 	EXP 	rec_fx_text_block_practice: autoDraw = True
279.9882 	EXP 	rec_fx_instructions_text_practice: autoDraw = True
283.9915 	EXP 	rec_fx_interior_practice: autoDraw = False
283.9915 	EXP 	rec_fx_cross_practice: autoDraw = False
283.9915 	EXP 	rec_fx_text_block_practice: autoDraw = False
283.9915 	EXP 	rec_fx_instructions_text_practice: autoDraw = False
283.9915 	EXP 	rec_fx_interior_practice: autoDraw = False
283.9915 	EXP 	rec_fx_cross_practice: autoDraw = False
283.9915 	EXP 	rec_fx_text_block_practice: autoDraw = False
283.9915 	EXP 	rec_fx_instructions_text_practice: autoDraw = False
283.9915 	EXP 	rec_trial_main_image_practice: pos = array([0.390625  , 0.41666667])
283.9915 	EXP 	rec_trial_main_image_practice: size = array([0.3125, 0.5   ])
283.9915 	EXP 	rec_trial_main_image_practice: image = 'stimuli/fractals/178a.jpg'
283.9915 	EXP 	rec_trial_text_block_practice: text = 'Képfelismerés'
283.9915 	EXP 	rec_trial_interior_practice: autoDraw = True
283.9915 	EXP 	rec_trial_main_image_practice: autoDraw = True
283.9915 	EXP 	rec_trial_text_block_practice: autoDraw = True
283.9915 	EXP 	rec_trial_instructions_text_practice: autoDraw = True
285.7296 	DATA 	Keypress: left
287.4977 	DATA 	Keypress: left
287.9948 	EXP 	rec_trial_interior_practice: autoDraw = False
287.9948 	EXP 	rec_trial_main_image_practice: autoDraw = False
287.9948 	EXP 	rec_trial_text_block_practice: autoDraw = False
287.9948 	EXP 	rec_trial_instructions_text_practice: autoDraw = False
287.9948 	EXP 	rec_practice_feedback_text: text = 'A helyes válasz: Régi\nAz Ön válasza: Régi'
287.9948 	EXP 	rec_practice_feedback_text: autoDraw = True
289.9964 	EXP 	rec_practice_feedback_text: autoDraw = False
289.9964 	EXP 	end_practice_text: autoDraw = True
290.9639 	EXP 	end_practice_continue: autoDraw = True
293.4858 	DATA 	Keypress: space
293.5160 	EXP 	end_practice_text: autoDraw = False
293.5160 	EXP 	end_practice_continue: autoDraw = False
293.5833 	EXP 	window1: mouseVisible = True
