31.6218 	WARNING 	Monitor specification not found. Creating a temporary one...
31.6266 	WARNING 	User requested fullscreen with size [1920 1080], but screen is actually [1920, 1200]. Using actual size
32.4687 	EXP 	Created window1 = Window(allowGUI=True, allowStencil=False, autoLog=True, backendConf=UNKNOWN, bitsMode=UNKNOWN, blendMode='avg', bpc=(8, 8, 8), color=array([0.114, 0.31 , 0.38 ]), colorSpace='rgb', depthBits=8, fullscr=<method-wrapper '__getattribute__' of attributeSetter object at 0x000000001EA327B8>, gamma=None, gammaErrorPolicy='raise', lms=UNKNOWN, monitor=<psychopy.monitors.calibTools.Monitor object at 0x000000001EA0B080>, multiSample=False, name='window1', numSamples=2, pos=[0.0, 0.0], screen=0, size=array([1920, 1200]), stencilBits=0, stereo=False, units='height', useFBO=True, useRetina=False, viewOri=0.0, viewPos=None, viewScale=None, waitBlanking=True, winType='pyglet')
32.4688 	EXP 	window1: mouseVisible = True
32.4688 	EXP 	window1: recordFrameIntervals = False
32.6351 	EXP 	window1: recordFrameIntervals = True
32.8198 	EXP 	window1: recordFrameIntervals = False
32.9209 	EXP 	window1: mouseVisible = False
32.9706 	EXP 	Created welcome_image = ImageStim(__class__=<class 'psychopy.visual.image.ImageStim'>, autoLog=True, color=array([1, 1, 1]), colorSpace='rgb', contrast=1.0, depth=-4.0, flipHoriz=False, flipVert=False, image='stimuli/terkepesz.png', interpolate=True, mask=None, maskParams=None, name='welcome_image', opacity=1, ori=0.0, pos=array([   0., -100.]), size=array([309., 665.]), texRes=128, units='pix', win=Window(...))
33.0265 	EXP 	Created welcome_text = TextStim(__class__=<class 'psychopy.visual.text.TextStim'>, alignHoriz=method-wrapper(...), alignText='center', alignVert=method-wrapper(...), anchorHoriz='center', anchorVert='center', antialias=True, autoLog=True, bold=False, color=array([-1, -1, -1]), colorSpace='rgb', contrast=1.0, depth=-5.0, flipHoriz=False, flipVert=False, font='Arial', fontFiles=[], height=50, italic=False, languageStyle='LTR', name='welcome_text', opacity=1, ori=0, pos=array([  0., 350.]), rgb=UNKNOWN, text='TérKépÉsz Feladatok', units='pix', win=Window(...), wrapWidth=500)
33.0365 	EXP 	Created general_instructions_4_continue = TextStim(__class__=<class 'psychopy.visual.text.TextStim'>, alignHoriz=method-wrapper(...), alignText='center', alignVert=method-wrapper(...), anchorHoriz='center', anchorVert='center', antialias=True, autoLog=True, bold=False, color=array([-1, -1, -1]), colorSpace='rgb', contrast=1.0, depth=-1.0, flipHoriz=False, flipVert=False, font='Arial', fontFiles=[], height=0.03, italic=False, languageStyle='LTR', name='general_instructions_4_continue', opacity=1, ori=0, pos=array([ 0. , -0.4]), rgb=UNKNOWN, text='A gyakorláshoz nyomja le a SPACE-t.', units='height', win=Window(...), wrapWidth=1)
33.0370 	EXP 	Created general_instructions_text = TextStim(__class__=<class 'psychopy.visual.text.TextStim'>, alignHoriz=method-wrapper(...), alignText='center', alignVert=method-wrapper(...), anchorHoriz='center', anchorVert='center', antialias=True, autoLog=True, bold=False, color=array([-1, -1, -1]), colorSpace='rgb', contrast=1.0, depth=-2.0, flipHoriz=False, flipVert=False, font='Arial', fontFiles=[], height=0.03, italic=False, languageStyle='LTR', name='general_instructions_text', opacity=1, ori=0, pos=array([ 0.  , -0.01]), rgb=UNKNOWN, text='', units='height', win=Window(...), wrapWidth=1)
33.0497 	EXP 	Created start_practice_text = TextStim(__class__=<class 'psychopy.visual.text.TextStim'>, alignHoriz=method-wrapper(...), alignText='center', alignVert=method-wrapper(...), anchorHoriz='center', anchorVert='center', antialias=True, autoLog=True, bold=False, color=array([-1, -1, -1]), colorSpace='rgb', contrast=1.0, depth=0.0, flipHoriz=False, flipVert=False, font='Arial', fontFiles=[], height=0.1, italic=False, languageStyle='LTR', name='start_practice_text', opacity=1, ori=0, pos=array([0., 0.]), rgb=UNKNOWN, text='Kezdődik a gyakorlás...', units='height', win=Window(...), wrapWidth=1)
33.0502 	EXP 	Created practice_block_text = TextStim(__class__=<class 'psychopy.visual.text.TextStim'>, alignHoriz=method-wrapper(...), alignText='center', alignVert=method-wrapper(...), anchorHoriz='center', anchorVert='center', antialias=True, autoLog=True, bold=False, color=array([-1, -1, -1]), colorSpace='rgb', contrast=1.0, depth=-1.0, flipHoriz=False, flipVert=False, font='Arial', fontFiles=[], height=0.1, italic=False, languageStyle='LTR', name='practice_block_text', opacity=1, ori=0, pos=array([0., 0.]), rgb=UNKNOWN, text='', units='height', win=Window(...), wrapWidth=1)
33.2469 	EXP 	Created enc_fx_interior_practice = ImageStim(__class__=<class 'psychopy.visual.image.ImageStim'>, autoLog=True, color=array([1, 1, 1]), colorSpace='rgb', contrast=1.0, depth=-1.0, flipHoriz=False, flipVert=False, image='stimuli/GalleryInterior.png', interpolate=True, mask=None, maskParams=None, name='enc_fx_interior_practice', opacity=1, ori=0.0, pos=array([0., 0.]), size=array([2., 2.]), texRes=128, units='norm', win=Window(...))
33.2497 	EXP 	Created enc_fx_cross_practice = TextStim(__class__=<class 'psychopy.visual.text.TextStim'>, alignHoriz=method-wrapper(...), alignText='center', alignVert=method-wrapper(...), anchorHoriz='center', anchorVert='center', antialias=True, autoLog=True, bold=False, color=array([-1, -1, -1]), colorSpace='rgb', contrast=1.0, depth=-2.0, flipHoriz=False, flipVert=False, font='Arial', fontFiles=[], height=0.1, italic=False, languageStyle='LTR', name='enc_fx_cross_practice', opacity=1, ori=0, pos=array([0., 0.]), rgb=UNKNOWN, text='+', units='norm', win=Window(...), wrapWidth=1)
33.2502 	EXP 	Created enc_fx_text_block_practice = TextStim(__class__=<class 'psychopy.visual.text.TextStim'>, alignHoriz=method-wrapper(...), alignText='center', alignVert=method-wrapper(...), anchorHoriz='center', anchorVert='center', antialias=True, autoLog=True, bold=False, color=array([-1, -1, -1]), colorSpace='rgb', contrast=1.0, depth=-4.0, flipHoriz=False, flipVert=False, font='Arial', fontFiles=[], height=0.06, italic=False, languageStyle='LTR', name='enc_fx_text_block_practice', opacity=1, ori=0, pos=array([0.  , 0.87]), rgb=UNKNOWN, text='', units='norm', win=Window(...), wrapWidth=1)
33.2603 	EXP 	Created enc_fx_instructions_text_practice = TextStim(__class__=<class 'psychopy.visual.text.TextStim'>, alignHoriz=method-wrapper(...), alignText='center', alignVert=method-wrapper(...), anchorHoriz='center', anchorVert='center', antialias=True, autoLog=True, bold=False, color=array([-1, -1, -1]), colorSpace='rgb', contrast=1.0, depth=-5.0, flipHoriz=False, flipVert=False, font='Arial', fontFiles=[], height=0.05, italic=False, languageStyle='LTR', name='enc_fx_instructions_text_practice', opacity=1, ori=0, pos=array([ 0.   , -0.833]), rgb=UNKNOWN, text=str(...), units='norm', win=Window(...), wrapWidth=1)
33.4180 	EXP 	Created enc_trial_interior_practice = ImageStim(__class__=<class 'psychopy.visual.image.ImageStim'>, autoLog=True, color=array([1, 1, 1]), colorSpace='rgb', contrast=1.0, depth=0.0, flipHoriz=False, flipVert=False, image='stimuli/GalleryInterior.png', interpolate=True, mask=None, maskParams=None, name='enc_trial_interior_practice', opacity=1, ori=0.0, pos=array([0., 0.]), size=array([2., 2.]), texRes=128, units='norm', win=Window(...))
33.4210 	EXP 	Created enc_trial_main_image_practice = ImageStim(__class__=<class 'psychopy.visual.image.ImageStim'>, autoLog=True, color=array([1, 1, 1]), colorSpace='rgb', contrast=1.0, depth=-1.0, flipHoriz=False, flipVert=False, image='sin', interpolate=True, mask=None, maskParams=None, name='enc_trial_main_image_practice', opacity=1, ori=0.0, pos=array([0., 0.]), size=array([1., 1.]), texRes=128, units='norm', win=Window(...))
33.4216 	EXP 	Created enc_trial_text_block_practice = TextStim(__class__=<class 'psychopy.visual.text.TextStim'>, alignHoriz=method-wrapper(...), alignText='center', alignVert=method-wrapper(...), anchorHoriz='center', anchorVert='center', antialias=True, autoLog=True, bold=False, color=array([-1, -1, -1]), colorSpace='rgb', contrast=1.0, depth=-3.0, flipHoriz=False, flipVert=False, font='Arial', fontFiles=[], height=0.06, italic=False, languageStyle='LTR', name='enc_trial_text_block_practice', opacity=1, ori=0, pos=array([0.  , 0.87]), rgb=UNKNOWN, text='', units='norm', win=Window(...), wrapWidth=1)
33.4245 	EXP 	Created enc_trial_instructions_text_practice = TextStim(__class__=<class 'psychopy.visual.text.TextStim'>, alignHoriz=method-wrapper(...), alignText='center', alignVert=method-wrapper(...), anchorHoriz='center', anchorVert='center', antialias=True, autoLog=True, bold=False, color=array([-1, -1, -1]), colorSpace='rgb', contrast=1.0, depth=-4.0, flipHoriz=False, flipVert=False, font='Arial', fontFiles=[], height=0.05, italic=False, languageStyle='LTR', name='enc_trial_instructions_text_practice', opacity=1, ori=0, pos=array([ 0.   , -0.833]), rgb=UNKNOWN, text=str(...), units='norm', win=Window(...), wrapWidth=1)
33.5865 	EXP 	Created enc_practice_feedback_interior = ImageStim(__class__=<class 'psychopy.visual.image.ImageStim'>, autoLog=True, color=array([1, 1, 1]), colorSpace='rgb', contrast=1.0, depth=-1.0, flipHoriz=False, flipVert=False, image='stimuli/GalleryInterior.png', interpolate=True, mask=None, maskParams=None, name='enc_practice_feedback_interior', opacity=1, ori=0.0, pos=array([0., 0.]), size=array([2., 2.]), texRes=128, units='norm', win=Window(...))
33.5894 	EXP 	Created enc_practice_feedback_image = ImageStim(__class__=<class 'psychopy.visual.image.ImageStim'>, autoLog=True, color=array([1, 1, 1]), colorSpace='rgb', contrast=1.0, depth=-2.0, flipHoriz=False, flipVert=False, image='sin', interpolate=True, mask=None, maskParams=None, name='enc_practice_feedback_image', opacity=1, ori=0.0, pos=array([0., 0.]), size=array([1., 1.]), texRes=128, units='norm', win=Window(...))
33.5900 	EXP 	Created enc_practice_feedback_text = TextStim(__class__=<class 'psychopy.visual.text.TextStim'>, alignHoriz=method-wrapper(...), alignText='center', alignVert=method-wrapper(...), anchorHoriz='center', anchorVert='center', antialias=True, autoLog=True, bold=False, color=array([-1, -1, -1]), colorSpace='rgb', contrast=1.0, depth=-3.0, flipHoriz=False, flipVert=False, font='Arial', fontFiles=[], height=0.05, italic=False, languageStyle='LTR', name='enc_practice_feedback_text', opacity=1, ori=0, pos=array([0., 0.]), rgb=UNKNOWN, text='', units='norm', win=Window(...), wrapWidth=1)
33.5906 	EXP 	Created enc_practice_feedback_block = TextStim(__class__=<class 'psychopy.visual.text.TextStim'>, alignHoriz=method-wrapper(...), alignText='center', alignVert=method-wrapper(...), anchorHoriz='center', anchorVert='center', antialias=True, autoLog=True, bold=False, color=array([-1, -1, -1]), colorSpace='rgb', contrast=1.0, depth=-4.0, flipHoriz=False, flipVert=False, font='Arial', fontFiles=[], height=0.06, italic=False, languageStyle='LTR', name='enc_practice_feedback_block', opacity=1, ori=0, pos=array([0.  , 0.87]), rgb=UNKNOWN, text='', units='norm', win=Window(...), wrapWidth=1)
33.5990 	EXP 	Created start_recognition_text = TextStim(__class__=<class 'psychopy.visual.text.TextStim'>, alignHoriz=method-wrapper(...), alignText='center', alignVert=method-wrapper(...), anchorHoriz='center', anchorVert='center', antialias=True, autoLog=True, bold=False, color=array([-1, -1, -1]), colorSpace='rgb', contrast=1.0, depth=-1.0, flipHoriz=False, flipVert=False, font='Arial', fontFiles=[], height=0.1, italic=False, languageStyle='LTR', name='start_recognition_text', opacity=1, ori=0, pos=array([0., 0.]), rgb=UNKNOWN, text='Képfelismerés', units='height', win=Window(...), wrapWidth=1)
33.7638 	EXP 	Created rec_fx_interior_practice = ImageStim(__class__=<class 'psychopy.visual.image.ImageStim'>, autoLog=True, color=array([1, 1, 1]), colorSpace='rgb', contrast=1.0, depth=0.0, flipHoriz=False, flipVert=False, image='stimuli/GalleryInterior.png', interpolate=True, mask=None, maskParams=None, name='rec_fx_interior_practice', opacity=1, ori=0.0, pos=array([0., 0.]), size=array([2., 2.]), texRes=128, units='norm', win=Window(...))
33.7667 	EXP 	Created rec_fx_cross_practice = TextStim(__class__=<class 'psychopy.visual.text.TextStim'>, alignHoriz=method-wrapper(...), alignText='center', alignVert=method-wrapper(...), anchorHoriz='center', anchorVert='center', antialias=True, autoLog=True, bold=False, color=array([-1, -1, -1]), colorSpace='rgb', contrast=1.0, depth=-1.0, flipHoriz=False, flipVert=False, font='Arial', fontFiles=[], height=0.1, italic=False, languageStyle='LTR', name='rec_fx_cross_practice', opacity=1, ori=0, pos=array([0., 0.]), rgb=UNKNOWN, text='+', units='norm', win=Window(...), wrapWidth=1)
33.7673 	EXP 	Created rec_fx_text_block_practice = TextStim(__class__=<class 'psychopy.visual.text.TextStim'>, alignHoriz=method-wrapper(...), alignText='center', alignVert=method-wrapper(...), anchorHoriz='center', anchorVert='center', antialias=True, autoLog=True, bold=False, color=array([-1, -1, -1]), colorSpace='rgb', contrast=1.0, depth=-3.0, flipHoriz=False, flipVert=False, font='Arial', fontFiles=[], height=0.06, italic=False, languageStyle='LTR', name='rec_fx_text_block_practice', opacity=1, ori=0, pos=array([0.  , 0.87]), rgb=UNKNOWN, text='', units='norm', win=Window(...), wrapWidth=1)
33.7726 	EXP 	Created rec_fx_instructions_text_practice = TextStim(__class__=<class 'psychopy.visual.text.TextStim'>, alignHoriz=method-wrapper(...), alignText='center', alignVert=method-wrapper(...), anchorHoriz='center', anchorVert='center', antialias=True, autoLog=True, bold=False, color=array([-1, -1, -1]), colorSpace='rgb', contrast=1.0, depth=-4.0, flipHoriz=False, flipVert=False, font='Arial', fontFiles=[], height=0.05, italic=False, languageStyle='LTR', name='rec_fx_instructions_text_practice', opacity=1, ori=0, pos=array([ 0.   , -0.833]), rgb=UNKNOWN, text='[BAL Nyíl - Régi]      [JOBB Nyíl - Új]', units='norm', win=Window(...), wrapWidth=1)
33.9316 	EXP 	Created rec_trial_interior_practice = ImageStim(__class__=<class 'psychopy.visual.image.ImageStim'>, autoLog=True, color=array([1, 1, 1]), colorSpace='rgb', contrast=1.0, depth=0.0, flipHoriz=False, flipVert=False, image='stimuli/GalleryInterior.png', interpolate=True, mask=None, maskParams=None, name='rec_trial_interior_practice', opacity=1, ori=0.0, pos=array([0., 0.]), size=array([2., 2.]), texRes=128, units='norm', win=Window(...))
33.9342 	EXP 	Created rec_trial_main_image_practice = ImageStim(__class__=<class 'psychopy.visual.image.ImageStim'>, autoLog=True, color=array([1, 1, 1]), colorSpace='rgb', contrast=1.0, depth=-1.0, flipHoriz=False, flipVert=False, image='sin', interpolate=True, mask=None, maskParams=None, name='rec_trial_main_image_practice', opacity=1, ori=0.0, pos=array([0., 0.]), size=array([1., 1.]), texRes=128, units='norm', win=Window(...))
33.9349 	EXP 	Created rec_trial_text_block_practice = TextStim(__class__=<class 'psychopy.visual.text.TextStim'>, alignHoriz=method-wrapper(...), alignText='center', alignVert=method-wrapper(...), anchorHoriz='center', anchorVert='center', antialias=True, autoLog=True, bold=False, color=array([-1, -1, -1]), colorSpace='rgb', contrast=1.0, depth=-3.0, flipHoriz=False, flipVert=False, font='Arial', fontFiles=[], height=0.06, italic=False, languageStyle='LTR', name='rec_trial_text_block_practice', opacity=1, ori=0, pos=array([0.  , 0.87]), rgb=UNKNOWN, text='', units='norm', win=Window(...), wrapWidth=1)
33.9376 	EXP 	Created rec_trial_instructions_text_practice = TextStim(__class__=<class 'psychopy.visual.text.TextStim'>, alignHoriz=method-wrapper(...), alignText='center', alignVert=method-wrapper(...), anchorHoriz='center', anchorVert='center', antialias=True, autoLog=True, bold=False, color=array([-1, -1, -1]), colorSpace='rgb', contrast=1.0, depth=-4.0, flipHoriz=False, flipVert=False, font='Arial', fontFiles=[], height=0.05, italic=False, languageStyle='LTR', name='rec_trial_instructions_text_practice', opacity=1, ori=0, pos=array([ 0.   , -0.833]), rgb=UNKNOWN, text='[BAL Nyíl - Régi]      [JOBB Nyíl - Új]', units='norm', win=Window(...), wrapWidth=1)
33.9380 	EXP 	Created rec_practice_feedback_text = TextStim(__class__=<class 'psychopy.visual.text.TextStim'>, alignHoriz=method-wrapper(...), alignText='center', alignVert=method-wrapper(...), anchorHoriz='center', anchorVert='center', antialias=True, autoLog=True, bold=False, color=array([-1, -1, -1]), colorSpace='rgb', contrast=1.0, depth=-1.0, flipHoriz=False, flipVert=False, font='Arial', fontFiles=[], height=0.05, italic=False, languageStyle='LTR', name='rec_practice_feedback_text', opacity=1, ori=0, pos=array([0., 0.]), rgb=UNKNOWN, text='', units='height', win=Window(...), wrapWidth=1)
33.9448 	EXP 	Created end_practice_text = TextStim(__class__=<class 'psychopy.visual.text.TextStim'>, alignHoriz=method-wrapper(...), alignText='center', alignVert=method-wrapper(...), anchorHoriz='center', anchorVert='center', antialias=True, autoLog=True, bold=False, color=array([-1, -1, -1]), colorSpace='rgb', contrast=1.0, depth=-2.0, flipHoriz=False, flipVert=False, font='Arial', fontFiles=[], height=0.05, italic=False, languageStyle='LTR', name='end_practice_text', opacity=1, ori=0, pos=array([0., 0.]), rgb=UNKNOWN, text='Ez volt a gyakorlás.', units='height', win=Window(...), wrapWidth=0.8)
33.9519 	EXP 	Created end_practice_continue = TextStim(__class__=<class 'psychopy.visual.text.TextStim'>, alignHoriz=method-wrapper(...), alignText='center', alignVert=method-wrapper(...), anchorHoriz='center', anchorVert='center', antialias=True, autoLog=True, bold=False, color=array([-1, -1, -1]), colorSpace='rgb', contrast=1.0, depth=-4.0, flipHoriz=False, flipVert=False, font='Arial', fontFiles=[], height=0.03, italic=False, languageStyle='LTR', name='end_practice_continue', opacity=1, ori=0, pos=array([ 0. , -0.4]), rgb=UNKNOWN, text='A kilépéshez nyomja le a SPACE-t. ', units='height', win=Window(...), wrapWidth=1)
0.0343 	EXP 	welcome_image: autoDraw = True
0.0343 	EXP 	welcome_text: autoDraw = True
3.0367 	EXP 	welcome_image: autoDraw = False
3.0367 	EXP 	welcome_text: autoDraw = False
3.0367 	EXP 	general_instructions_text: text = 'A Galériaberendezés alatt azt döntse el, beválogatja-e a képet a kiállításra.                        \n\n\t\tJobb Nyíl - Igen\n\t\tBal Nyíl - Nem                        \n-----------------------------------------------------------------------                        \nA Képfelismerés allatt azt döntse el, látta-e már pontosan ugyanezt a képet a Galériaberendezés alatt.                        \n\n\t\tJobb Nyíl - Új                        \n\t\tBal Nyíl - Régi'
3.0367 	EXP 	general_instructions_text: autoDraw = True
4.0208 	EXP 	general_instructions_4_continue: autoDraw = True
88.2424 	DATA 	Keypress: return
90.5444 	DATA 	Keypress: space
90.5579 	EXP 	general_instructions_4_continue: autoDraw = False
90.5579 	EXP 	general_instructions_text: autoDraw = False
90.5579 	EXP 	start_practice_text: autoDraw = True
91.5587 	EXP 	start_practice_text: autoDraw = False
91.5587 	EXP 	start_practice_text: autoDraw = False
91.5587 	EXP 	practice_block_text: text = 'Képszemle'
91.5587 	EXP 	practice_block_text: autoDraw = True
94.5642 	EXP 	Imported stimuli_tables/encoding_full_practice_trials.csv as conditions, 3 conditions, 22 params
94.5645 	EXP 	Created sequence: random, trialTypes=3, nReps=1, seed=None
94.5649 	EXP 	New trial (rep=0, index=0): OrderedDict([('TrialIndex', 3), ('Jitter', 2000), ('ScannerRun', 1), ('BlockNr', 1), ('TrialType', 'OBJ'), ('StimType', 'FOIL'), ('Order', 1), ('Delay', 1), ('CurrentImage', 'stimuli/fractals/179a.jpg'), ('CurrentX', -0.390625), ('CurrentY', -0.41666666700000005), ('TripletMemberA', 'stimuli/fractals/172a.jpg'), ('TripletMemberB', 'stimuli/fractals/172b.jpg'), ('TripletMemberC', 'stimuli/fractals/172c.jpg'), ('Xcoordinate', -0.390625), ('Ycoordinate', -0.41666666700000005), ('Xcoordinate_lure1', -0.390625), ('Ycoordinate_lure1', -0.13888888900000002), ('Xcoordinate_lure2', -0.234375), ('Ycoordinate_lure2', -0.41666666700000005), ('Xcoordinate_foil', 0.390625), ('Ycoordinate_foil', 0.41666666700000005)])
94.5947 	EXP 	practice_block_text: autoDraw = False
94.5947 	EXP 	practice_block_text: autoDraw = False
94.5947 	EXP 	enc_fx_cross_practice: pos = array([-0.390625  , -0.41666667])
94.5947 	EXP 	enc_fx_text_block_practice: text = 'Képszemle'
94.5947 	EXP 	enc_fx_interior_practice: autoDraw = True
94.5947 	EXP 	enc_fx_cross_practice: autoDraw = True
94.5947 	EXP 	enc_fx_text_block_practice: autoDraw = True
94.5947 	EXP 	enc_fx_instructions_text_practice: autoDraw = True
96.6292 	EXP 	enc_fx_interior_practice: autoDraw = False
96.6292 	EXP 	enc_fx_cross_practice: autoDraw = False
96.6292 	EXP 	enc_fx_text_block_practice: autoDraw = False
96.6292 	EXP 	enc_fx_instructions_text_practice: autoDraw = False
96.6292 	EXP 	enc_fx_interior_practice: autoDraw = False
96.6292 	EXP 	enc_fx_cross_practice: autoDraw = False
96.6292 	EXP 	enc_fx_text_block_practice: autoDraw = False
96.6292 	EXP 	enc_fx_instructions_text_practice: autoDraw = False
96.6292 	EXP 	enc_trial_main_image_practice: pos = array([-0.390625  , -0.41666667])
96.6292 	EXP 	enc_trial_main_image_practice: size = array([0.3125, 0.5   ])
96.6292 	EXP 	enc_trial_main_image_practice: image = 'stimuli/fractals/179a.jpg'
96.6292 	EXP 	enc_trial_text_block_practice: text = 'Képszemle'
96.6292 	EXP 	enc_trial_interior_practice: autoDraw = True
96.6292 	EXP 	enc_trial_main_image_practice: autoDraw = True
96.6292 	EXP 	enc_trial_text_block_practice: autoDraw = True
96.6292 	EXP 	enc_trial_instructions_text_practice: autoDraw = True
97.6501 	DATA 	Keypress: left
99.6316 	EXP 	enc_trial_interior_practice: autoDraw = False
99.6316 	EXP 	enc_trial_main_image_practice: autoDraw = False
99.6316 	EXP 	enc_trial_text_block_practice: autoDraw = False
99.6316 	EXP 	enc_trial_instructions_text_practice: autoDraw = False
99.6316 	EXP 	enc_practice_feedback_image: pos = array([-0.390625  , -0.41666667])
99.6316 	EXP 	enc_practice_feedback_image: size = array([0.3125, 0.5   ])
99.6316 	EXP 	enc_practice_feedback_image: image = 'stimuli/fractals/179a.jpg'
99.6316 	EXP 	enc_practice_feedback_text: pos = array([-0.390625  , -0.81666667])
99.6316 	EXP 	enc_practice_feedback_text: text = 'Az Ön válasza:\nA kép nem marad.'
99.6316 	EXP 	enc_practice_feedback_block: text = 'Képszemle'
99.6316 	EXP 	enc_practice_feedback_interior: autoDraw = True
99.6316 	EXP 	enc_practice_feedback_image: autoDraw = True
99.6316 	EXP 	enc_practice_feedback_text: autoDraw = True
99.6316 	EXP 	enc_practice_feedback_block: autoDraw = True
100.5835 	EXP 	New trial (rep=0, index=1): OrderedDict([('TrialIndex', 1), ('Jitter', 800), ('ScannerRun', 1), ('BlockNr', 1), ('TrialType', 'OBJ'), ('StimType', 'LURE'), ('Order', 1), ('Delay', 1), ('CurrentImage', 'stimuli/fractals/177a.jpg'), ('CurrentX', 0.078125), ('CurrentY', -0.41666666700000005), ('TripletMemberA', 'stimuli/fractals/170a.jpg'), ('TripletMemberB', 'stimuli/fractals/170b.jpg'), ('TripletMemberC', 'stimuli/fractals/170c.jpg'), ('Xcoordinate', 0.078125), ('Ycoordinate', -0.41666666700000005), ('Xcoordinate_lure1', -0.078125), ('Ycoordinate_lure1', -0.41666666700000005), ('Xcoordinate_lure2', 0.234375), ('Ycoordinate_lure2', -0.41666666700000005), ('Xcoordinate_foil', -0.390625), ('Ycoordinate_foil', 0.13888888900000002)])
100.5991 	EXP 	enc_practice_feedback_interior: autoDraw = False
100.5991 	EXP 	enc_practice_feedback_image: autoDraw = False
100.5991 	EXP 	enc_practice_feedback_text: autoDraw = False
100.5991 	EXP 	enc_practice_feedback_block: autoDraw = False
100.5991 	EXP 	enc_fx_cross_practice: pos = array([ 0.078125  , -0.41666667])
100.5991 	EXP 	enc_fx_text_block_practice: text = 'Képszemle'
100.5991 	EXP 	enc_fx_interior_practice: autoDraw = True
100.5991 	EXP 	enc_fx_cross_practice: autoDraw = True
100.5991 	EXP 	enc_fx_text_block_practice: autoDraw = True
100.5991 	EXP 	enc_fx_instructions_text_practice: autoDraw = True
101.3998 	EXP 	enc_fx_interior_practice: autoDraw = False
101.3998 	EXP 	enc_fx_cross_practice: autoDraw = False
101.3998 	EXP 	enc_fx_text_block_practice: autoDraw = False
101.3998 	EXP 	enc_fx_instructions_text_practice: autoDraw = False
101.3998 	EXP 	enc_fx_interior_practice: autoDraw = False
101.3998 	EXP 	enc_fx_cross_practice: autoDraw = False
101.3998 	EXP 	enc_fx_text_block_practice: autoDraw = False
101.3998 	EXP 	enc_fx_instructions_text_practice: autoDraw = False
101.3998 	EXP 	enc_trial_main_image_practice: pos = array([ 0.078125  , -0.41666667])
101.3998 	EXP 	enc_trial_main_image_practice: size = array([0.3125, 0.5   ])
101.3998 	EXP 	enc_trial_main_image_practice: image = 'stimuli/fractals/177a.jpg'
101.3998 	EXP 	enc_trial_text_block_practice: text = 'Képszemle'
101.3998 	EXP 	enc_trial_interior_practice: autoDraw = True
101.3998 	EXP 	enc_trial_main_image_practice: autoDraw = True
101.3998 	EXP 	enc_trial_text_block_practice: autoDraw = True
101.3998 	EXP 	enc_trial_instructions_text_practice: autoDraw = True
102.3703 	DATA 	Keypress: left
104.4022 	EXP 	enc_trial_interior_practice: autoDraw = False
104.4022 	EXP 	enc_trial_main_image_practice: autoDraw = False
104.4022 	EXP 	enc_trial_text_block_practice: autoDraw = False
104.4022 	EXP 	enc_trial_instructions_text_practice: autoDraw = False
104.4022 	EXP 	enc_practice_feedback_image: pos = array([ 0.078125  , -0.41666667])
104.4022 	EXP 	enc_practice_feedback_image: size = array([0.3125, 0.5   ])
104.4022 	EXP 	enc_practice_feedback_image: image = 'stimuli/fractals/177a.jpg'
104.4022 	EXP 	enc_practice_feedback_text: pos = array([ 0.078125  , -0.81666667])
104.4022 	EXP 	enc_practice_feedback_text: text = 'Az Ön válasza:\nA kép nem marad.'
104.4022 	EXP 	enc_practice_feedback_block: text = 'Képszemle'
104.4022 	EXP 	enc_practice_feedback_interior: autoDraw = True
104.4022 	EXP 	enc_practice_feedback_image: autoDraw = True
104.4022 	EXP 	enc_practice_feedback_text: autoDraw = True
104.4022 	EXP 	enc_practice_feedback_block: autoDraw = True
105.3870 	EXP 	New trial (rep=0, index=2): OrderedDict([('TrialIndex', 2), ('Jitter', 4000), ('ScannerRun', 1), ('BlockNr', 1), ('TrialType', 'OBJ'), ('StimType', 'TARGET'), ('Order', 1), ('Delay', 1), ('CurrentImage', 'stimuli/fractals/178a.jpg'), ('CurrentX', 0.390625), ('CurrentY', 0.41666666700000005), ('TripletMemberA', 'stimuli/fractals/171a.jpg'), ('TripletMemberB', 'stimuli/fractals/171b.jpg'), ('TripletMemberC', 'stimuli/fractals/171c.jpg'), ('Xcoordinate', 0.390625), ('Ycoordinate', 0.41666666700000005), ('Xcoordinate_lure1', 0.234375), ('Ycoordinate_lure1', 0.41666666700000005), ('Xcoordinate_lure2', 0.390625), ('Ycoordinate_lure2', 0.13888888900000002), ('Xcoordinate_foil', -0.234375), ('Ycoordinate_foil', 0.13888888900000002)])
105.4030 	EXP 	enc_practice_feedback_interior: autoDraw = False
105.4030 	EXP 	enc_practice_feedback_image: autoDraw = False
105.4030 	EXP 	enc_practice_feedback_text: autoDraw = False
105.4030 	EXP 	enc_practice_feedback_block: autoDraw = False
105.4030 	EXP 	enc_fx_cross_practice: pos = array([0.390625  , 0.41666667])
105.4030 	EXP 	enc_fx_text_block_practice: text = 'Képszemle'
105.4030 	EXP 	enc_fx_interior_practice: autoDraw = True
105.4030 	EXP 	enc_fx_cross_practice: autoDraw = True
105.4030 	EXP 	enc_fx_text_block_practice: autoDraw = True
105.4030 	EXP 	enc_fx_instructions_text_practice: autoDraw = True
109.4063 	EXP 	enc_fx_interior_practice: autoDraw = False
109.4063 	EXP 	enc_fx_cross_practice: autoDraw = False
109.4063 	EXP 	enc_fx_text_block_practice: autoDraw = False
109.4063 	EXP 	enc_fx_instructions_text_practice: autoDraw = False
109.4063 	EXP 	enc_fx_interior_practice: autoDraw = False
109.4063 	EXP 	enc_fx_cross_practice: autoDraw = False
109.4063 	EXP 	enc_fx_text_block_practice: autoDraw = False
109.4063 	EXP 	enc_fx_instructions_text_practice: autoDraw = False
109.4063 	EXP 	enc_trial_main_image_practice: pos = array([0.390625  , 0.41666667])
109.4063 	EXP 	enc_trial_main_image_practice: size = array([0.3125, 0.5   ])
109.4063 	EXP 	enc_trial_main_image_practice: image = 'stimuli/fractals/178a.jpg'
109.4063 	EXP 	enc_trial_text_block_practice: text = 'Képszemle'
109.4063 	EXP 	enc_trial_interior_practice: autoDraw = True
109.4063 	EXP 	enc_trial_main_image_practice: autoDraw = True
109.4063 	EXP 	enc_trial_text_block_practice: autoDraw = True
109.4063 	EXP 	enc_trial_instructions_text_practice: autoDraw = True
111.2776 	DATA 	Keypress: left
112.4087 	EXP 	enc_trial_interior_practice: autoDraw = False
112.4087 	EXP 	enc_trial_main_image_practice: autoDraw = False
112.4087 	EXP 	enc_trial_text_block_practice: autoDraw = False
112.4087 	EXP 	enc_trial_instructions_text_practice: autoDraw = False
112.4087 	EXP 	enc_practice_feedback_image: pos = array([0.390625  , 0.41666667])
112.4087 	EXP 	enc_practice_feedback_image: size = array([0.3125, 0.5   ])
112.4087 	EXP 	enc_practice_feedback_image: image = 'stimuli/fractals/178a.jpg'
112.4087 	EXP 	enc_practice_feedback_text: pos = array([0.390625  , 0.01666667])
112.4087 	EXP 	enc_practice_feedback_text: text = 'Az Ön válasza:\nA kép nem marad.'
112.4087 	EXP 	enc_practice_feedback_block: text = 'Képszemle'
112.4087 	EXP 	enc_practice_feedback_interior: autoDraw = True
112.4087 	EXP 	enc_practice_feedback_image: autoDraw = True
112.4087 	EXP 	enc_practice_feedback_text: autoDraw = True
112.4087 	EXP 	enc_practice_feedback_block: autoDraw = True
113.4095 	EXP 	enc_practice_feedback_interior: autoDraw = False
113.4095 	EXP 	enc_practice_feedback_image: autoDraw = False
113.4095 	EXP 	enc_practice_feedback_text: autoDraw = False
113.4095 	EXP 	enc_practice_feedback_block: autoDraw = False
113.4095 	EXP 	start_recognition_text: autoDraw = True
116.4014 	EXP 	Imported stimuli_tables/recognition_full_practice_trials.csv as conditions, 3 conditions, 22 params
116.4017 	EXP 	Created sequence: random, trialTypes=3, nReps=1, seed=None
116.4021 	EXP 	New trial (rep=0, index=0): OrderedDict([('TrialIndex', 3), ('Jitter', 2000), ('ScannerRun', 1), ('BlockNr', 1), ('TrialType', 'OBJ'), ('StimType', 'LURE'), ('Order', 1), ('Delay', 1), ('CurrentImage', 'stimuli/fractals/179c.jpg'), ('CurrentX', -0.390625), ('CurrentY', -0.41666666700000005), ('TripletMemberA', 'stimuli/fractals/172a.jpg'), ('TripletMemberB', 'stimuli/fractals/172b.jpg'), ('TripletMemberC', 'stimuli/fractals/172c.jpg'), ('Xcoordinate', -0.390625), ('Ycoordinate', -0.41666666700000005), ('Xcoordinate_lure1', -0.390625), ('Ycoordinate_lure1', -0.13888888900000002), ('Xcoordinate_lure2', -0.234375), ('Ycoordinate_lure2', -0.41666666700000005), ('Xcoordinate_foil', 0.390625), ('Ycoordinate_foil', 0.41666666700000005)])
116.4289 	EXP 	start_recognition_text: autoDraw = False
116.4289 	EXP 	rec_fx_cross_practice: pos = array([-0.390625  , -0.41666667])
116.4289 	EXP 	rec_fx_text_block_practice: text = 'Képfelismerés'
116.4289 	EXP 	rec_fx_interior_practice: autoDraw = True
116.4289 	EXP 	rec_fx_cross_practice: autoDraw = True
116.4289 	EXP 	rec_fx_text_block_practice: autoDraw = True
116.4289 	EXP 	rec_fx_instructions_text_practice: autoDraw = True
118.4803 	EXP 	rec_fx_interior_practice: autoDraw = False
118.4803 	EXP 	rec_fx_cross_practice: autoDraw = False
118.4803 	EXP 	rec_fx_text_block_practice: autoDraw = False
118.4803 	EXP 	rec_fx_instructions_text_practice: autoDraw = False
118.4803 	EXP 	rec_fx_interior_practice: autoDraw = False
118.4803 	EXP 	rec_fx_cross_practice: autoDraw = False
118.4803 	EXP 	rec_fx_text_block_practice: autoDraw = False
118.4803 	EXP 	rec_fx_instructions_text_practice: autoDraw = False
118.4803 	EXP 	rec_trial_main_image_practice: pos = array([-0.390625  , -0.41666667])
118.4803 	EXP 	rec_trial_main_image_practice: size = array([0.3125, 0.5   ])
118.4803 	EXP 	rec_trial_main_image_practice: image = 'stimuli/fractals/179c.jpg'
118.4803 	EXP 	rec_trial_text_block_practice: text = 'Képfelismerés'
118.4803 	EXP 	rec_trial_interior_practice: autoDraw = True
118.4803 	EXP 	rec_trial_main_image_practice: autoDraw = True
118.4803 	EXP 	rec_trial_text_block_practice: autoDraw = True
118.4803 	EXP 	rec_trial_instructions_text_practice: autoDraw = True
120.1681 	DATA 	Keypress: left
120.4681 	DATA 	Keypress: right
122.4335 	EXP 	rec_trial_interior_practice: autoDraw = False
122.4335 	EXP 	rec_trial_main_image_practice: autoDraw = False
122.4335 	EXP 	rec_trial_text_block_practice: autoDraw = False
122.4335 	EXP 	rec_trial_instructions_text_practice: autoDraw = False
122.4335 	EXP 	rec_practice_feedback_text: text = 'A helyes válasz: Új\nAz Ön válasza: Új'
122.4335 	EXP 	rec_practice_feedback_text: autoDraw = True
124.4190 	EXP 	New trial (rep=0, index=1): OrderedDict([('TrialIndex', 1), ('Jitter', 800), ('ScannerRun', 1), ('BlockNr', 1), ('TrialType', 'OBJ'), ('StimType', 'LURE'), ('Order', 1), ('Delay', 1), ('CurrentImage', 'stimuli/fractals/177c.jpg'), ('CurrentX', 0.078125), ('CurrentY', -0.41666666700000005), ('TripletMemberA', 'stimuli/fractals/170a.jpg'), ('TripletMemberB', 'stimuli/fractals/170b.jpg'), ('TripletMemberC', 'stimuli/fractals/170c.jpg'), ('Xcoordinate', 0.078125), ('Ycoordinate', -0.41666666700000005), ('Xcoordinate_lure1', -0.078125), ('Ycoordinate_lure1', -0.41666666700000005), ('Xcoordinate_lure2', 0.234375), ('Ycoordinate_lure2', -0.41666666700000005), ('Xcoordinate_foil', -0.390625), ('Ycoordinate_foil', 0.13888888900000002)])
124.4351 	EXP 	rec_practice_feedback_text: autoDraw = False
124.4351 	EXP 	rec_fx_cross_practice: pos = array([ 0.078125  , -0.41666667])
124.4351 	EXP 	rec_fx_text_block_practice: text = 'Képfelismerés'
124.4351 	EXP 	rec_fx_interior_practice: autoDraw = True
124.4351 	EXP 	rec_fx_cross_practice: autoDraw = True
124.4351 	EXP 	rec_fx_text_block_practice: autoDraw = True
124.4351 	EXP 	rec_fx_instructions_text_practice: autoDraw = True
125.2358 	EXP 	rec_fx_interior_practice: autoDraw = False
125.2358 	EXP 	rec_fx_cross_practice: autoDraw = False
125.2358 	EXP 	rec_fx_text_block_practice: autoDraw = False
125.2358 	EXP 	rec_fx_instructions_text_practice: autoDraw = False
125.2358 	EXP 	rec_fx_interior_practice: autoDraw = False
125.2358 	EXP 	rec_fx_cross_practice: autoDraw = False
125.2358 	EXP 	rec_fx_text_block_practice: autoDraw = False
125.2358 	EXP 	rec_fx_instructions_text_practice: autoDraw = False
125.2358 	EXP 	rec_trial_main_image_practice: pos = array([ 0.078125  , -0.41666667])
125.2358 	EXP 	rec_trial_main_image_practice: size = array([0.3125, 0.5   ])
125.2358 	EXP 	rec_trial_main_image_practice: image = 'stimuli/fractals/177c.jpg'
125.2358 	EXP 	rec_trial_text_block_practice: text = 'Képfelismerés'
125.2358 	EXP 	rec_trial_interior_practice: autoDraw = True
125.2358 	EXP 	rec_trial_main_image_practice: autoDraw = True
125.2358 	EXP 	rec_trial_text_block_practice: autoDraw = True
125.2358 	EXP 	rec_trial_instructions_text_practice: autoDraw = True
126.8403 	DATA 	Keypress: right
129.2391 	EXP 	rec_trial_interior_practice: autoDraw = False
129.2391 	EXP 	rec_trial_main_image_practice: autoDraw = False
129.2391 	EXP 	rec_trial_text_block_practice: autoDraw = False
129.2391 	EXP 	rec_trial_instructions_text_practice: autoDraw = False
129.2391 	EXP 	rec_practice_feedback_text: text = 'A helyes válasz: Új\nAz Ön válasza: Új'
129.2391 	EXP 	rec_practice_feedback_text: autoDraw = True
131.2244 	EXP 	New trial (rep=0, index=2): OrderedDict([('TrialIndex', 2), ('Jitter', 4000), ('ScannerRun', 1), ('BlockNr', 1), ('TrialType', 'OBJ'), ('StimType', 'TARGET'), ('Order', 1), ('Delay', 1), ('CurrentImage', 'stimuli/fractals/178a.jpg'), ('CurrentX', 0.390625), ('CurrentY', 0.41666666700000005), ('TripletMemberA', 'stimuli/fractals/171a.jpg'), ('TripletMemberB', 'stimuli/fractals/171b.jpg'), ('TripletMemberC', 'stimuli/fractals/171c.jpg'), ('Xcoordinate', 0.390625), ('Ycoordinate', 0.41666666700000005), ('Xcoordinate_lure1', 0.234375), ('Ycoordinate_lure1', 0.41666666700000005), ('Xcoordinate_lure2', 0.390625), ('Ycoordinate_lure2', 0.13888888900000002), ('Xcoordinate_foil', -0.234375), ('Ycoordinate_foil', 0.13888888900000002)])
131.2407 	EXP 	rec_practice_feedback_text: autoDraw = False
131.2407 	EXP 	rec_fx_cross_practice: pos = array([0.390625  , 0.41666667])
131.2407 	EXP 	rec_fx_text_block_practice: text = 'Képfelismerés'
131.2407 	EXP 	rec_fx_interior_practice: autoDraw = True
131.2407 	EXP 	rec_fx_cross_practice: autoDraw = True
131.2407 	EXP 	rec_fx_text_block_practice: autoDraw = True
131.2407 	EXP 	rec_fx_instructions_text_practice: autoDraw = True
135.2439 	EXP 	rec_fx_interior_practice: autoDraw = False
135.2439 	EXP 	rec_fx_cross_practice: autoDraw = False
135.2439 	EXP 	rec_fx_text_block_practice: autoDraw = False
135.2439 	EXP 	rec_fx_instructions_text_practice: autoDraw = False
135.2439 	EXP 	rec_fx_interior_practice: autoDraw = False
135.2439 	EXP 	rec_fx_cross_practice: autoDraw = False
135.2439 	EXP 	rec_fx_text_block_practice: autoDraw = False
135.2439 	EXP 	rec_fx_instructions_text_practice: autoDraw = False
135.2439 	EXP 	rec_trial_main_image_practice: pos = array([0.390625  , 0.41666667])
135.2439 	EXP 	rec_trial_main_image_practice: size = array([0.3125, 0.5   ])
135.2439 	EXP 	rec_trial_main_image_practice: image = 'stimuli/fractals/178a.jpg'
135.2439 	EXP 	rec_trial_text_block_practice: text = 'Képfelismerés'
135.2439 	EXP 	rec_trial_interior_practice: autoDraw = True
135.2439 	EXP 	rec_trial_main_image_practice: autoDraw = True
135.2439 	EXP 	rec_trial_text_block_practice: autoDraw = True
135.2439 	EXP 	rec_trial_instructions_text_practice: autoDraw = True
135.9477 	DATA 	Keypress: left
139.2472 	EXP 	rec_trial_interior_practice: autoDraw = False
139.2472 	EXP 	rec_trial_main_image_practice: autoDraw = False
139.2472 	EXP 	rec_trial_text_block_practice: autoDraw = False
139.2472 	EXP 	rec_trial_instructions_text_practice: autoDraw = False
139.2472 	EXP 	rec_practice_feedback_text: text = 'A helyes válasz: Régi\nAz Ön válasza: Régi'
139.2472 	EXP 	rec_practice_feedback_text: autoDraw = True
141.2488 	EXP 	rec_practice_feedback_text: autoDraw = False
141.2488 	EXP 	end_practice_text: autoDraw = True
142.2330 	EXP 	end_practice_continue: autoDraw = True
146.7732 	DATA 	Keypress: space
146.7867 	EXP 	end_practice_text: autoDraw = False
146.7867 	EXP 	end_practice_continue: autoDraw = False
146.8650 	EXP 	window1: mouseVisible = True
