23.4951 	WARNING 	Couldn't measure a consistent frame rate.
  - Is your graphics card set to sync to vertical blank?
  - Are you running other processes on your computer?

23.4958 	EXP 	Created window1 = Window(allowGUI=False, allowStencil=False, args=UNKNOWN, autoLog=True, bitsMode=UNKNOWN, blendMode='avg', color=array([1., 1., 1.]), colorSpace='rgb', fullscr=<method-wrapper '__getattribute__' of attributeSetter object at 0x000000F32ED5AFD0>, gamma=None, gammaErrorPolicy='raise', kwargs=UNKNOWN, lms=UNKNOWN, monitor=<psychopy.monitors.calibTools.Monitor object at 0x000000F32FE18F98>, multiSample=False, name='window1', numSamples=2, pos=[0.0, 0.0], screen=0, size=array([1920, 1080]), stereo=False, units='deg', useFBO=True, useRetina=False, viewOri=0.0, viewPos=None, viewScale=None, waitBlanking=True, winType='pyglet')
23.4958 	EXP 	window1: recordFrameIntervals = False
23.6803 	EXP 	window1: recordFrameIntervals = True
23.7207 	WARNING 	t of last frame was 20.35ms (=1/49)
23.7551 	WARNING 	t of last frame was 20.39ms (=1/49)
23.7757 	WARNING 	t of last frame was 20.63ms (=1/48)
23.7966 	WARNING 	t of last frame was 20.89ms (=1/47)
23.8305 	WARNING 	Multiple dropped frames have occurred - I'll stop bothering you about them!
25.5840 	WARNING 	Couldn't measure a consistent frame rate.
  - Is your graphics card set to sync to vertical blank?
  - Are you running other processes on your computer?

25.9518 	EXP 	Created welcome_msg = TextStim(__class__=<class 'psychopy.visual.text.TextStim'>, alignHoriz='center', alignVert='center', antialias=True, autoLog=True, bold=False, color='black', colorSpace='named', contrast=1.0, depth=0.0, flipHoriz=False, flipVert=False, font='Arial', fontFiles=[], height=1, italic=False, languageStyle='LTR', name='welcome_msg', opacity=1.0, ori=0, pos=array([ 0., 12.]), rgb=array([0., 0., 0.]), text='TérKépÉsz', units='deg', win=Window(...), wrapWidth=15.0)
25.9790 	EXP 	Created logo = ImageStim(__class__=<class 'psychopy.visual.image.ImageStim'>, autoLog=True, color=array([1., 1., 1.]), colorSpace='rgb', contrast=1.0, depth=-1.0, flipHoriz=False, flipVert=False, image='Stimuli/terkepesz.png', interpolate=True, mask=None, maskParams=None, name='logo', opacity=1.0, ori=0.0, pos=array([0., 0.]), size=array([0.321875  , 1.23148148]), texRes=128, units='norm', win=Window(...))
26.0274 	EXP 	Created lb_check = TextStim(__class__=<class 'psychopy.visual.text.TextStim'>, alignHoriz='center', alignVert='center', antialias=True, autoLog=True, bold=False, color='black', colorSpace='named', contrast=1.0, depth=0.0, flipHoriz=False, flipVert=False, font='Arial', fontFiles=[], height=0.9, italic=False, languageStyle='LTR', name='lb_check', opacity=1.0, ori=0, pos=array([-23.,   0.]), rgb=array([0., 0., 0.]), text='Válaszgomb teszt:\n\nNyomja le a bal nyilat!', units='deg', win=Window(...), wrapWidth=15.0)
26.0316 	EXP 	Created left_upper = ImageStim(__class__=<class 'psychopy.visual.image.ImageStim'>, autoLog=True, color=array([1., 1., 1.]), colorSpace='rgb', contrast=1.0, depth=0.0, flipHoriz=False, flipVert=False, image='Stimuli/ScreenCorner1.png', interpolate=True, mask=None, maskParams=None, name='left_upper', opacity=1.0, ori=0.0, pos=array([-0.9,  0.7]), size=array([0.13541667, 0.51481481]), texRes=128, units='norm', win=Window(...))
26.0369 	EXP 	Created left_lower = ImageStim(__class__=<class 'psychopy.visual.image.ImageStim'>, autoLog=True, color=array([1., 1., 1.]), colorSpace='rgb', contrast=1.0, depth=-1.0, flipHoriz=False, flipVert=False, image='Stimuli/ScreenCorner2.png', interpolate=True, mask=None, maskParams=None, name='left_lower', opacity=1.0, ori=0.0, pos=array([-0.9, -0.7]), size=array([0.115625  , 0.51666667]), texRes=128, units='norm', win=Window(...))
26.0453 	EXP 	Created right_upper = ImageStim(__class__=<class 'psychopy.visual.image.ImageStim'>, autoLog=True, color=array([1., 1., 1.]), colorSpace='rgb', contrast=1.0, depth=-2.0, flipHoriz=False, flipVert=False, image='Stimuli/ScreenCorner3.png', interpolate=True, mask=None, maskParams=None, name='right_upper', opacity=1.0, ori=0.0, pos=array([0.9, 0.7]), size=array([0.11979167, 0.49814815]), texRes=128, units='norm', win=Window(...))
26.0554 	EXP 	Created right_lower = ImageStim(__class__=<class 'psychopy.visual.image.ImageStim'>, autoLog=True, color=array([1., 1., 1.]), colorSpace='rgb', contrast=1.0, depth=-3.0, flipHoriz=False, flipVert=False, image='Stimuli/ScreenCorner4.png', interpolate=True, mask=None, maskParams=None, name='right_lower', opacity=1.0, ori=0.0, pos=array([ 0.9, -0.7]), size=array([0.153125 , 0.5037037]), texRes=128, units='norm', win=Window(...))
26.0814 	EXP 	Created text_2 = TextStim(__class__=<class 'psychopy.visual.text.TextStim'>, alignHoriz='center', alignVert='center', antialias=True, autoLog=True, bold=False, color='black', colorSpace='named', contrast=1.0, depth=-4.0, flipHoriz=False, flipVert=False, font='Arial', fontFiles=[], height=0.9, italic=False, languageStyle='LTR', name='text_2', opacity=1.0, ori=0, pos=array([0., 0.]), rgb=array([0., 0., 0.]), text=str(...), units='deg', win=Window(...), wrapWidth=30)
26.1374 	EXP 	Created story1_image = ImageStim(__class__=<class 'psychopy.visual.image.ImageStim'>, autoLog=True, color=array([1., 1., 1.]), colorSpace='rgb', contrast=1.0, depth=0.0, flipHoriz=False, flipVert=False, image='Stimuli/GalleryBuildingFromOutside.jpg', interpolate=True, mask=None, maskParams=None, name='story1_image', opacity=1.0, ori=0.0, pos=array([0. , 0.9]), size=array([1.01041667, 1.2537037 ]), texRes=128, units='norm', win=Window(...))
26.2219 	EXP 	Created story1_text = TextStim(__class__=<class 'psychopy.visual.text.TextStim'>, alignHoriz='center', alignVert='center', antialias=True, autoLog=True, bold=False, color='black', colorSpace='named', contrast=1.0, depth=-1.0, flipHoriz=False, flipVert=False, font='Arial', fontFiles=[], height=0.9, italic=False, languageStyle='LTR', name='story1_text', opacity=1.0, ori=0, pos=array([ 0., -5.]), rgb=array([0., 0., 0.]), text=str(...), units='deg', win=Window(...), wrapWidth=30)
26.2371 	EXP 	Created story2_image = ImageStim(__class__=<class 'psychopy.visual.image.ImageStim'>, autoLog=True, color=array([1., 1., 1.]), colorSpace='rgb', contrast=1.0, depth=0.0, flipHoriz=False, flipVert=False, image='Stimuli/GalleryPlanInside.jpg', interpolate=True, mask=None, maskParams=None, name='story2_image', opacity=1.0, ori=0.0, pos=array([0.5, 0. ]), size=array([0.47916667, 0.84074074]), texRes=128, units='norm', win=Window(...))
26.3260 	EXP 	Created story2_text = TextStim(__class__=<class 'psychopy.visual.text.TextStim'>, alignHoriz='center', alignVert='center', antialias=True, autoLog=True, bold=False, color='black', colorSpace='named', contrast=1.0, depth=-2.0, flipHoriz=False, flipVert=False, font='Arial', fontFiles=[], height=0.9, italic=False, languageStyle='LTR', name='story2_text', opacity=1.0, ori=0, pos=array([-6.,  0.]), rgb=array([0., 0., 0.]), text=str(...), units='deg', win=Window(...), wrapWidth=20)
26.3725 	EXP 	Created instr_text = TextStim(__class__=<class 'psychopy.visual.text.TextStim'>, alignHoriz='center', alignVert='center', antialias=True, autoLog=True, bold=False, color='black', colorSpace='named', contrast=1.0, depth=0.0, flipHoriz=False, flipVert=False, font='Arial', fontFiles=[], height=0.9, italic=False, languageStyle='LTR', name='instr_text', opacity=1.0, ori=0, pos=array([0., 0.]), rgb=array([0., 0., 0.]), text=str(...), units='deg', win=Window(...), wrapWidth=15.0)
26.3735 	EXP 	Created instr_text = TextStim(__class__=<class 'psychopy.visual.text.TextStim'>, alignHoriz='center', alignVert='center', antialias=True, autoLog=True, bold=False, color='black', colorSpace='named', contrast=1.0, depth=0.0, flipHoriz=False, flipVert=False, font='Arial', fontFiles=[], height=0.9, italic=False, languageStyle='LTR', name='instr_text', opacity=1.0, ori=0, pos=array([0., 0.]), rgb=array([0., 0., 0.]), text='', units='deg', win=Window(...), wrapWidth=15.0)
26.4040 	EXP 	Created start_task_text = TextStim(__class__=<class 'psychopy.visual.text.TextStim'>, alignHoriz='center', alignVert='center', antialias=True, autoLog=True, bold=False, color='black', colorSpace='named', contrast=1.0, depth=0.0, flipHoriz=False, flipVert=False, font='Arial', fontFiles=[], height=0.9, italic=False, languageStyle='LTR', name='start_task_text', opacity=1.0, ori=0, pos=array([0., 0.]), rgb=array([0., 0., 0.]), text=str(...), units='deg', win=Window(...), wrapWidth=15.0)
26.4251 	EXP 	Created map_inside_fx = ImageStim(__class__=<class 'psychopy.visual.image.ImageStim'>, autoLog=True, color=array([1., 1., 1.]), colorSpace='rgb', contrast=1.0, depth=0.0, flipHoriz=False, flipVert=False, image='Stimuli/GalleryPlanInside.jpg', interpolate=True, mask=None, maskParams=None, name='map_inside_fx', opacity=0.5, ori=0.0, pos=array([  0., -25.]), size=array([1040., 1000.]), texRes=128, units='pix', win=Window(...))
26.4285 	EXP 	Created fixation_cross = ShapeStim(__class__=<class 'psychopy.visual.shape.ShapeStim'>, autoDraw=False, autoLog=True, closeShape=True, contrast=1.0, depth=-1.0, fillColor=array([-1., -1., -1.]), fillColorSpace='rgb', interpolate=True, lineColor=array([-1., -1., -1.]), lineColorSpace='rgb', lineWidth=1, name='fixation_cross', opacity=1.0, ori=array(0.), pos=array([0., 0.]), size=array([20., 20.]), units='pix', vertices=ndarray(...), win=Window(...), windingRule=None)
26.4887 	EXP 	Created main_image = ImageStim(__class__=<class 'psychopy.visual.image.ImageStim'>, autoLog=True, color=array([1., 1., 1.]), colorSpace='rgb', contrast=1.0, depth=-1.0, flipHoriz=False, flipVert=False, image='Stimuli/Fractals/103b.jpg', interpolate=True, mask=None, maskParams=None, name='main_image', opacity=1.0, ori=0.0, pos=array([0., 0.]), size=array([300., 300.]), texRes=128, units='pix', win=Window(...))
26.5257 	EXP 	Created text_next_run = TextStim(__class__=<class 'psychopy.visual.text.TextStim'>, alignHoriz='center', alignVert='center', antialias=True, autoLog=True, bold=False, color='black', colorSpace='named', contrast=1.0, depth=0.0, flipHoriz=False, flipVert=False, font='Arial', fontFiles=[], height=0.7, italic=False, languageStyle='LTR', name='text_next_run', opacity=1.0, ori=0, pos=array([3., 0.]), rgb=array([0., 0., 0.]), text='Ha folytathatjuk, nyomja meg a jobb nyilat.', units='deg', win=Window(...), wrapWidth=15.0)
26.5409 	EXP 	Created text_pause = TextStim(__class__=<class 'psychopy.visual.text.TextStim'>, alignHoriz='center', alignVert='center', antialias=True, autoLog=True, bold=False, color='black', colorSpace='named', contrast=1.0, depth=-2.0, flipHoriz=False, flipVert=False, font='Arial', fontFiles=[], height=0.7, italic=False, languageStyle='LTR', name='text_pause', opacity=1.0, ori=0, pos=array([0., 0.]), rgb=array([0., 0., 0.]), text='Szünet...', units='deg', win=Window(...), wrapWidth=15.0)
26.5727 	EXP 	Created text_pause = TextStim(__class__=<class 'psychopy.visual.text.TextStim'>, alignHoriz='center', alignVert='center', antialias=True, autoLog=True, bold=False, color='black', colorSpace='named', contrast=1.0, depth=-2.0, flipHoriz=False, flipVert=False, font='Arial', fontFiles=[], height=1.5, italic=False, languageStyle='LTR', name='text_pause', opacity=1.0, ori=0, pos=array([0., 0.]), rgb=array([0., 0., 0.]), text='Vége a feladatnak. Köszönjük!', units='deg', win=Window(...), wrapWidth=20)
32.8143 	DATA 	Keypress: left
32.8451 	EXP 	lb_check: text = 'Válaszgomb teszt:\n\nNyomja le a jobb nyilat!'
32.8451 	EXP 	lb_check: pos = (23, 0)
34.9898 	DATA 	Keypress: right
42.8783 	DATA 	Keypress: right
66.2878 	DATA 	Keypress: right
80.8350 	DATA 	Keypress: right
94.1447 	DATA 	Keypress: right
94.1840 	EXP 	instr_text: text = 'Figyeljen, kezdődik a gyakorlás.'
96.2365 	EXP 	main_image: pos = array([ 105.8791694, -280.6948548])
96.2365 	EXP 	main_image: image = 'Stimuli/Fractals/Practice/163a.jpg'
99.6145 	EXP 	main_image: pos = array([  79.33024861, -289.321122  ])
99.6145 	EXP 	main_image: image = 'Stimuli/Fractals/Practice/164a.jpg'
102.6806 	EXP 	main_image: pos = array([ 118.8239298, -275.4648321])
102.6806 	EXP 	main_image: image = 'Stimuli/Fractals/Practice/165a.jpg'
105.5712 	DATA 	Keypress: left
105.6619 	EXP 	instr_text: text = 'Az Ön döntése: A kép marad.'
108.2309 	EXP 	instr_text: text = ''
108.2309 	EXP 	main_image: pos = array([ 131.511344 , -269.6382139])
108.2309 	EXP 	main_image: image = 'Stimuli/Fractals/Practice/166a.jpg'
114.0974 	DATA 	Keypress: left
114.2686 	EXP 	instr_text: text = 'Az Ön döntése: A kép marad.'
117.7871 	EXP 	instr_text: text = ''
117.7871 	EXP 	main_image: pos = array([ 143.913934 , -263.2276194])
117.7871 	EXP 	main_image: image = 'Stimuli/Fractals/Practice/167a.jpg'
121.1504 	DATA 	Keypress: left
121.3100 	EXP 	instr_text: text = 'Az Ön döntése: A kép marad.'
124.3423 	EXP 	instr_text: text = ''
124.3423 	EXP 	main_image: pos = array([ 156.0048384, -256.2469325])
124.3423 	EXP 	main_image: image = 'Stimuli/Fractals/Practice/168b.jpg'
127.0784 	DATA 	Keypress: left
127.2632 	EXP 	instr_text: text = 'Az Ön döntése: A kép marad.'
129.8717 	EXP 	instr_text: text = ''
147.7410 	DATA 	Keypress: right
147.7695 	EXP 	instr_text: text = 'A kísérletvezető indítja a feladatot.'
151.0544 	DATA 	Keypress: space
151.1939 	EXP 	start_task_text: text = 'Figyeljen, kezdődik a feladat...'
153.2571 	EXP 	main_image: pos = array([300.,   0.])
153.2571 	EXP 	main_image: image = 'Stimuli/Fractals/103b.jpg'
157.1013 	DATA 	Keypress: left
157.8454 	EXP 	main_image: pos = array([299.5888604 ,  15.70078687])
157.8454 	EXP 	main_image: image = 'Stimuli/Fractals/143c.jpg'
164.8473 	DATA 	Keypress: right
166.4173 	EXP 	main_image: pos = array([298.3565686 ,  31.35853898])
166.4173 	EXP 	main_image: image = 'Stimuli/Fractals/26a.jpg'
169.2564 	DATA 	Keypress: right
170.9803 	EXP 	main_image: pos = array([296.3065022 ,  46.93033951])
170.9803 	EXP 	main_image: image = 'Stimuli/Fractals/135c.jpg'
173.1170 	DATA 	Keypress: left
174.5594 	EXP 	main_image: pos = array([293.4442802 ,  62.37350725])
174.5594 	EXP 	main_image: image = 'Stimuli/Fractals/136b.jpg'
180.6228 	DATA 	Keypress: left
182.1426 	EXP 	main_image: pos = array([298.3565686 ,  31.35853898])
182.1426 	EXP 	main_image: image = 'Stimuli/Fractals/26c.jpg'
186.4919 	DATA 	Keypress: left
187.7010 	EXP 	main_image: pos = array([296.3065022 ,  46.93033951])
187.7010 	EXP 	main_image: image = 'Stimuli/Fractals/135c.jpg'
195.0535 	DATA 	Keypress: left
196.2657 	EXP 	main_image: pos = array([293.4442802 ,  62.37350725])
196.2657 	EXP 	main_image: image = 'Stimuli/Fractals/136a.jpg'
199.4995 	DATA 	Keypress: left
200.8294 	EXP 	main_image: pos = array([299.5888604 ,  15.70078687])
200.8294 	EXP 	main_image: image = 'Stimuli/Fractals/143c.jpg'
204.0489 	DATA 	Keypress: right
205.3686 	EXP 	main_image: pos = array([300.,   0.])
205.3686 	EXP 	main_image: image = 'Stimuli/Fractals/103b.jpg'
209.5952 	DATA 	Keypress: right
210.9556 	EXP 	main_image: pos = array([289.7777479 ,  77.64571353])
210.9556 	EXP 	main_image: image = 'Stimuli/Fractals/94b.jpg'
214.8867 	DATA 	Keypress: right
215.5124 	EXP 	main_image: pos = array([285.3169549 ,  92.70509831])
215.5124 	EXP 	main_image: image = 'Stimuli/Fractals/92c.jpg'
218.3805 	DATA 	Keypress: right
220.0791 	EXP 	main_image: pos = array([280.0741279, 107.5103849])
220.0791 	EXP 	main_image: image = 'Stimuli/Fractals/7b.jpg'
223.0081 	DATA 	Keypress: right
224.6425 	EXP 	main_image: pos = array([274.0636373, 122.0209929])
224.6425 	EXP 	main_image: image = 'Stimuli/Fractals/102a.jpg'
225.9821 	DATA 	Keypress: right
227.7209 	EXP 	main_image: pos = array([267.3019573, 136.1971499])
227.7209 	EXP 	main_image: image = 'Stimuli/Fractals/59a.jpg'
229.5067 	DATA 	Keypress: right
230.7816 	EXP 	main_image: pos = array([259.8076211, 150.       ])
230.7816 	EXP 	main_image: image = 'Stimuli/Fractals/11c.jpg'
233.7795 	DATA 	Keypress: right
234.3494 	EXP 	main_image: pos = array([ -77.64571353, -289.7777479 ])
234.3494 	EXP 	main_image: image = 'Stimuli/Fractals/92c.jpg'
238.8936 	DATA 	Keypress: right
239.8939 	EXP 	main_image: pos = array([267.3019573, 136.1971499])
239.8939 	EXP 	main_image: image = 'Stimuli/Fractals/59b.jpg'
245.6822 	DATA 	Keypress: left
246.4853 	EXP 	main_image: pos = array([251.6011704, 163.3917105])
246.4853 	EXP 	main_image: image = 'Stimuli/Fractals/3a.jpg'
248.9283 	DATA 	Keypress: right
250.0423 	EXP 	main_image: pos = array([280.0741279, 107.5103849])
250.0423 	EXP 	main_image: image = 'Stimuli/Fractals/7b.jpg'
252.9490 	DATA 	Keypress: right
254.5945 	EXP 	main_image: pos = array([242.7050983, 176.3355757])
254.5945 	EXP 	main_image: image = 'Stimuli/Fractals/70c.jpg'
260.7770 	DATA 	Keypress: right
262.1518 	EXP 	main_image: pos = array([233.1437884, 188.7961173])
262.1518 	EXP 	main_image: image = 'Stimuli/Fractals/129c.jpg'
264.1774 	DATA 	Keypress: right
265.7300 	EXP 	main_image: pos = array([274.0636373, 122.0209929])
265.7300 	EXP 	main_image: image = 'Stimuli/Fractals/102a.jpg'
268.6943 	DATA 	Keypress: right
270.2692 	EXP 	main_image: pos = array([251.6011704, 163.3917105])
270.2692 	EXP 	main_image: image = 'Stimuli/Fractals/3c.jpg'
272.2087 	DATA 	Keypress: right
273.8113 	EXP 	main_image: pos = array([ -77.64571353, -289.7777479 ])
273.8113 	EXP 	main_image: image = 'Stimuli/Fractals/11c.jpg'
277.5148 	DATA 	Keypress: right
278.3656 	EXP 	main_image: pos = array([289.7777479 ,  77.64571353])
278.3656 	EXP 	main_image: image = 'Stimuli/Fractals/94b.jpg'
280.4071 	DATA 	Keypress: right
281.9189 	EXP 	main_image: pos = array([222.9434476, 200.7391819])
281.9189 	EXP 	main_image: image = 'Stimuli/Fractals/37b.jpg'
287.8100 	DATA 	Keypress: right
289.4948 	EXP 	main_image: pos = array([212.1320344, 212.1320344])
289.4948 	EXP 	main_image: image = 'Stimuli/Fractals/69a.jpg'
292.5697 	DATA 	Keypress: right
294.0554 	EXP 	main_image: pos = array([ 233.1437884, -188.7961173])
294.0554 	EXP 	main_image: image = 'Stimuli/Fractals/129c.jpg'
299.0205 	DATA 	Keypress: right
300.6099 	EXP 	main_image: pos = array([-280.0741279,  107.5103849])
300.6099 	EXP 	main_image: image = 'Stimuli/Fractals/70c.jpg'
302.7145 	DATA 	Keypress: right
304.1749 	EXP 	main_image: pos = array([212.1320344, 212.1320344])
304.1749 	EXP 	main_image: image = 'Stimuli/Fractals/69a.jpg'
308.0922 	DATA 	Keypress: right
309.7265 	EXP 	main_image: pos = array([-242.7050983,  176.3355757])
309.7265 	EXP 	main_image: image = 'Stimuli/Fractals/37b.jpg'
314.6248 	DATA 	Keypress: right
316.3222 	EXP 	main_image: pos = array([200.7391819, 222.9434476])
316.3222 	EXP 	main_image: image = 'Stimuli/Fractals/97c.jpg'
318.3503 	DATA 	Keypress: right
319.8773 	EXP 	main_image: pos = array([188.7961173, 233.1437884])
319.8773 	EXP 	main_image: image = 'Stimuli/Fractals/64a.jpg'
323.6748 	DATA 	Keypress: right
325.4425 	EXP 	main_image: pos = array([176.3355757, 242.7050983])
325.4425 	EXP 	main_image: image = 'Stimuli/Fractals/10a.jpg'
333.5105 	DATA 	Keypress: right
335.0309 	EXP 	main_image: pos = array([163.3917105, 251.6011704])
335.0309 	EXP 	main_image: image = 'Stimuli/Fractals/106c.jpg'
337.8482 	DATA 	Keypress: left
338.5772 	EXP 	main_image: pos = array([-176.3355757,  242.7050983])
338.5772 	EXP 	main_image: image = 'Stimuli/Fractals/64a.jpg'
340.3975 	DATA 	Keypress: right
342.1314 	EXP 	main_image: pos = array([150.       , 259.8076211])
342.1314 	EXP 	main_image: image = 'Stimuli/Fractals/58b.jpg'
346.3412 	DATA 	Keypress: right
347.7281 	EXP 	main_image: pos = array([136.1971499, 267.3019573])
347.7281 	EXP 	main_image: image = 'Stimuli/Fractals/139c.jpg'
350.7240 	DATA 	Keypress: right
352.2970 	EXP 	main_image: pos = array([122.0209929, 274.0636373])
352.2970 	EXP 	main_image: image = 'Stimuli/Fractals/122a.jpg'
354.5956 	DATA 	Keypress: left
355.8520 	EXP 	main_image: pos = array([289.7777479 ,  77.64571353])
355.8520 	EXP 	main_image: image = 'Stimuli/Fractals/94b.jpg'
359.7747 	DATA 	Keypress: right
361.3893 	EXP 	main_image: pos = array([200.7391819, 222.9434476])
361.3893 	EXP 	main_image: image = 'Stimuli/Fractals/97c.jpg'
365.9919 	DATA 	Keypress: right
366.9486 	EXP 	main_image: pos = array([163.3917105, 251.6011704])
366.9486 	EXP 	main_image: image = 'Stimuli/Fractals/106c.jpg'
370.3441 	DATA 	Keypress: left
371.5207 	EXP 	main_image: pos = array([176.3355757, 242.7050983])
371.5207 	EXP 	main_image: image = 'Stimuli/Fractals/10b.jpg'
375.1619 	DATA 	Keypress: left
376.0734 	EXP 	main_image: pos = array([107.5103849, 280.0741279])
376.0734 	EXP 	main_image: image = 'Stimuli/Fractals/35c.jpg'
378.1249 	DATA 	Keypress: right
379.6321 	EXP 	main_image: pos = array([136.1971499, 267.3019573])
379.6321 	EXP 	main_image: image = 'Stimuli/Fractals/139c.jpg'
384.6243 	DATA 	Keypress: right
386.2075 	EXP 	main_image: pos = array([289.7777479 , -77.64571353])
386.2075 	EXP 	main_image: image = 'Stimuli/Fractals/58b.jpg'
389.1982 	DATA 	Keypress: right
389.7773 	EXP 	main_image: pos = array([ 92.70509831, 285.3169549 ])
389.7773 	EXP 	main_image: image = 'Stimuli/Fractals/99c.jpg'
391.7069 	DATA 	Keypress: left
393.3252 	EXP 	main_image: pos = array([298.3565686 ,  31.35853898])
393.3252 	EXP 	main_image: image = 'Stimuli/Fractals/122a.jpg'
395.3393 	DATA 	Keypress: left
396.8793 	EXP 	main_image: pos = array([280.0741279, 107.5103849])
396.8793 	EXP 	main_image: image = 'Stimuli/Fractals/35c.jpg'
399.0961 	DATA 	Keypress: left
400.4370 	EXP 	main_image: pos = array([ 77.64571353, 289.7777479 ])
400.4370 	EXP 	main_image: image = 'Stimuli/Fractals/49c.jpg'
404.5329 	DATA 	Keypress: left
405.9956 	EXP 	main_image: pos = array([ 62.37350725, 293.4442802 ])
405.9956 	EXP 	main_image: image = 'Stimuli/Fractals/24a.jpg'
409.8380 	DATA 	Keypress: right
411.5496 	EXP 	main_image: pos = array([ 92.70509831, 285.3169549 ])
411.5496 	EXP 	main_image: image = 'Stimuli/Fractals/99a.jpg'
414.3615 	DATA 	Keypress: right
414.6145 	EXP 	main_image: pos = array([ 77.64571353, 289.7777479 ])
414.6145 	EXP 	main_image: image = 'Stimuli/Fractals/49b.jpg'
416.2903 	DATA 	Keypress: right
418.2050 	EXP 	main_image: pos = array([ 46.93033951, 296.3065022 ])
418.2050 	EXP 	main_image: image = 'Stimuli/Fractals/71c.jpg'
420.6392 	DATA 	Keypress: left
421.7575 	EXP 	main_image: pos = array([289.7777479 ,  77.64571353])
421.7575 	EXP 	main_image: image = 'Stimuli/Fractals/94b.jpg'
424.4239 	DATA 	Keypress: right
425.3366 	EXP 	main_image: pos = array([ 31.35853898, 298.3565686 ])
425.3366 	EXP 	main_image: image = 'Stimuli/Fractals/133a.jpg'
427.1555 	DATA 	Keypress: right
428.4046 	EXP 	main_image: pos = array([ 15.70078687, 299.5888604 ])
428.4046 	EXP 	main_image: image = 'Stimuli/Fractals/93b.jpg'
431.6714 	DATA 	Keypress: right
432.9465 	EXP 	main_image: pos = array([ 62.37350725, 293.4442802 ])
432.9465 	EXP 	main_image: image = 'Stimuli/Fractals/24a.jpg'
434.5333 	DATA 	Keypress: right
436.0027 	EXP 	main_image: pos = array([-242.7050983, -176.3355757])
436.0027 	EXP 	main_image: image = 'Stimuli/Fractals/133a.jpg'
443.3092 	DATA 	Keypress: left
444.5440 	EXP 	main_image: pos = array([ 15.70078687, 299.5888604 ])
444.5440 	EXP 	main_image: image = 'Stimuli/Fractals/93a.jpg'
453.6640 	DATA 	Keypress: right
455.1057 	EXP 	main_image: pos = array([1.84e-14, 3.00e+02])
455.1057 	EXP 	main_image: image = 'Stimuli/Fractals/21a.jpg'
463.3223 	DATA 	Keypress: right
464.6623 	EXP 	main_image: pos = array([-15.70078687, 299.5888604 ])
464.6623 	EXP 	main_image: image = 'Stimuli/Fractals/20a.jpg'
466.6837 	DATA 	Keypress: left
468.2232 	EXP 	main_image: pos = array([ 46.93033951, 296.3065022 ])
468.2232 	EXP 	main_image: image = 'Stimuli/Fractals/71a.jpg'
473.2107 	DATA 	Keypress: right
474.7917 	EXP 	main_image: pos = array([-285.3169549 ,   92.70509831])
474.7917 	EXP 	main_image: image = 'Stimuli/Fractals/21a.jpg'
477.8030 	DATA 	Keypress: right
479.3535 	EXP 	main_image: pos = array([-31.35853898, 298.3565686 ])
479.3535 	EXP 	main_image: image = 'Stimuli/Fractals/108b.jpg'
484.4756 	DATA 	Keypress: left
485.9331 	EXP 	main_image: pos = array([-46.93033951, 296.3065022 ])
485.9331 	EXP 	main_image: image = 'Stimuli/Fractals/39b.jpg'
487.8105 	DATA 	Keypress: right
489.4984 	EXP 	main_image: pos = array([-62.37350725, 293.4442802 ])
489.4984 	EXP 	main_image: image = 'Stimuli/Fractals/5b.jpg'
493.2565 	DATA 	Keypress: right
495.0848 	EXP 	main_image: pos = array([-77.64571353, 289.7777479 ])
495.0848 	EXP 	main_image: image = 'Stimuli/Fractals/27a.jpg'
497.2829 	DATA 	Keypress: right
498.6293 	EXP 	main_image: pos = array([-15.70078687, 299.5888604 ])
498.6293 	EXP 	main_image: image = 'Stimuli/Fractals/20a.jpg'
500.8172 	DATA 	Keypress: left
502.1594 	EXP 	main_image: pos = array([289.7777479 ,  77.64571353])
502.1594 	EXP 	main_image: image = 'Stimuli/Fractals/94b.jpg'
503.6382 	DATA 	Keypress: right
505.2259 	EXP 	main_image: pos = array([-92.70509831, 285.3169549 ])
505.2259 	EXP 	main_image: image = 'Stimuli/Fractals/107c.jpg'
513.0215 	DATA 	Keypress: right
514.7817 	EXP 	main_image: pos = array([-107.5103849,  280.0741279])
514.7817 	EXP 	main_image: image = 'Stimuli/Fractals/82a.jpg'
519.4657 	DATA 	Keypress: right
521.3262 	EXP 	main_image: pos = array([-46.93033951, 296.3065022 ])
521.3262 	EXP 	main_image: image = 'Stimuli/Fractals/39b.jpg'
524.6951 	DATA 	Keypress: right
525.8873 	EXP 	main_image: pos = array([-31.35853898, 298.3565686 ])
525.8873 	EXP 	main_image: image = 'Stimuli/Fractals/108a.jpg'
528.8159 	DATA 	Keypress: left
530.4340 	EXP 	main_image: pos = array([-107.5103849,  280.0741279])
530.4340 	EXP 	main_image: image = 'Stimuli/Fractals/82c.jpg'
533.5936 	DATA 	Keypress: left
534.9732 	EXP 	main_image: pos = array([-285.3169549 ,   92.70509831])
534.9732 	EXP 	main_image: image = 'Stimuli/Fractals/5b.jpg'
537.0874 	DATA 	Keypress: left
538.5265 	EXP 	main_image: pos = array([-77.64571353, 289.7777479 ])
538.5265 	EXP 	main_image: image = 'Stimuli/Fractals/27a.jpg'
546.4457 	DATA 	Keypress: right
548.1144 	EXP 	main_image: pos = array([-122.0209929,  274.0636373])
548.1144 	EXP 	main_image: image = 'Stimuli/Fractals/17b.jpg'
549.8538 	DATA 	Keypress: right
551.6684 	EXP 	main_image: pos = array([-136.1971499,  267.3019573])
551.6684 	EXP 	main_image: image = 'Stimuli/Fractals/118a.jpg'
553.9036 	DATA 	Keypress: left
555.2267 	EXP 	main_image: pos = array([-92.70509831, 285.3169549 ])
555.2267 	EXP 	main_image: image = 'Stimuli/Fractals/107c.jpg'
557.1025 	DATA 	Keypress: left
558.7795 	EXP 	main_image: pos = array([-150.       ,  259.8076211])
558.7795 	EXP 	main_image: image = 'Stimuli/Fractals/83b.jpg'
563.5620 	DATA 	Keypress: right
565.3678 	EXP 	main_image: pos = array([-163.3917105,  251.6011704])
565.3678 	EXP 	main_image: image = 'Stimuli/Fractals/115c.jpg'
567.8328 	DATA 	Keypress: left
568.9272 	EXP 	main_image: pos = array([-176.3355757,  242.7050983])
568.9272 	EXP 	main_image: image = 'Stimuli/Fractals/67a.jpg'
573.4885 	DATA 	Keypress: left
574.4881 	EXP 	main_image: pos = array([-188.7961173,  233.1437884])
574.4881 	EXP 	main_image: image = 'Stimuli/Fractals/41b.jpg'
575.9942 	DATA 	Keypress: left
577.5572 	EXP 	main_image: pos = array([289.7777479 ,  77.64571353])
577.5572 	EXP 	main_image: image = 'Stimuli/Fractals/94b.jpg'
581.3638 	DATA 	Keypress: left
583.0931 	EXP 	main_image: pos = array([-176.3355757,  242.7050983])
583.0931 	EXP 	main_image: image = 'Stimuli/Fractals/67a.jpg'
585.7897 	DATA 	Keypress: left
587.6633 	EXP 	main_image: pos = array([-122.0209929,  274.0636373])
587.6633 	EXP 	main_image: image = 'Stimuli/Fractals/17a.jpg'
591.8737 	DATA 	Keypress: right
593.2260 	EXP 	main_image: pos = array([-150.       , -259.8076211])
593.2260 	EXP 	main_image: image = 'Stimuli/Fractals/118a.jpg'
597.6746 	DATA 	Keypress: left
598.7810 	EXP 	main_image: pos = array([-163.3917105,  251.6011704])
598.7810 	EXP 	main_image: image = 'Stimuli/Fractals/115b.jpg'
604.3620 	DATA 	Keypress: left
605.3486 	EXP 	main_image: pos = array([ -77.64571353, -289.7777479 ])
605.3486 	EXP 	main_image: image = 'Stimuli/Fractals/83b.jpg'
609.2463 	DATA 	Keypress: right
610.9008 	EXP 	main_image: pos = array([259.8076211, 150.       ])
610.9008 	EXP 	main_image: image = 'Stimuli/Fractals/41b.jpg'
613.7743 	DATA 	Keypress: left
615.4622 	EXP 	main_image: pos = array([-200.7391819,  222.9434476])
615.4622 	EXP 	main_image: image = 'Stimuli/Fractals/88b.jpg'
624.3923 	DATA 	Keypress: right
626.0098 	EXP 	main_image: pos = array([-212.1320344,  212.1320344])
626.0098 	EXP 	main_image: image = 'Stimuli/Fractals/117c.jpg'
627.7856 	DATA 	Keypress: left
629.5686 	EXP 	main_image: pos = array([-222.9434476,  200.7391819])
629.5686 	EXP 	main_image: image = 'Stimuli/Fractals/123c.jpg'
630.6356 	DATA 	Keypress: left
632.6492 	EXP 	main_image: pos = array([-233.1437884,  188.7961173])
632.6492 	EXP 	main_image: image = 'Stimuli/Fractals/80a.jpg'
635.6529 	DATA 	Keypress: right
637.2079 	EXP 	main_image: pos = array([-212.1320344,  212.1320344])
637.2079 	EXP 	main_image: image = 'Stimuli/Fractals/117a.jpg'
640.1717 	DATA 	Keypress: left
641.7623 	EXP 	main_image: pos = array([285.3169549 ,  92.70509831])
641.7623 	EXP 	main_image: image = 'Stimuli/Fractals/88b.jpg'
648.7549 	DATA 	Keypress: right
650.3310 	EXP 	main_image: pos = array([-242.7050983,  176.3355757])
650.3310 	EXP 	main_image: image = 'Stimuli/Fractals/132c.jpg'
655.2809 	DATA 	Keypress: left
656.9006 	EXP 	main_image: pos = array([-251.6011704,  163.3917105])
656.9006 	EXP 	main_image: image = 'Stimuli/Fractals/46c.jpg'
661.1448 	DATA 	Keypress: right
662.4448 	EXP 	main_image: pos = array([289.7777479 ,  77.64571353])
662.4448 	EXP 	main_image: image = 'Stimuli/Fractals/94b.jpg'
669.8920 	DATA 	Keypress: left
670.9931 	EXP 	main_image: pos = array([-222.9434476,  200.7391819])
670.9931 	EXP 	main_image: image = 'Stimuli/Fractals/123c.jpg'
673.9182 	DATA 	Keypress: right
675.5538 	EXP 	main_image: pos = array([-233.1437884,  188.7961173])
675.5538 	EXP 	main_image: image = 'Stimuli/Fractals/80c.jpg'
677.5036 	DATA 	Keypress: right
679.1016 	EXP 	main_image: pos = array([-259.8076211,  150.       ])
679.1016 	EXP 	main_image: image = 'Stimuli/Fractals/121a.jpg'
683.0313 	DATA 	Keypress: right
684.6606 	EXP 	main_image: pos = array([-267.3019573,  136.1971499])
684.6606 	EXP 	main_image: image = 'Stimuli/Fractals/76c.jpg'
686.6447 	DATA 	Keypress: right
688.2370 	EXP 	main_image: pos = array([-274.0636373,  122.0209929])
688.2370 	EXP 	main_image: image = 'Stimuli/Fractals/9c.jpg'
690.1710 	DATA 	Keypress: left
691.7924 	EXP 	main_image: pos = array([ 62.37350725, 293.4442802 ])
691.7924 	EXP 	main_image: image = 'Stimuli/Fractals/46c.jpg'
693.7222 	DATA 	Keypress: right
695.3628 	EXP 	main_image: pos = array([259.8076211, 150.       ])
695.3628 	EXP 	main_image: image = 'Stimuli/Fractals/132c.jpg'
701.7147 	DATA 	Keypress: left
702.9119 	EXP 	main_image: pos = array([-163.3917105, -251.6011704])
702.9119 	EXP 	main_image: image = 'Stimuli/Fractals/9c.jpg'
706.3137 	DATA 	Keypress: right
707.4984 	EXP 	main_image: pos = array([-280.0741279,  107.5103849])
707.4984 	EXP 	main_image: image = 'Stimuli/Fractals/144a.jpg'
709.3914 	DATA 	Keypress: left
711.0744 	EXP 	main_image: pos = array([-285.3169549 ,   92.70509831])
711.0744 	EXP 	main_image: image = 'Stimuli/Fractals/22a.jpg'
714.5606 	DATA 	Keypress: right
715.6545 	EXP 	main_image: pos = array([-289.7777479 ,   77.64571353])
715.6545 	EXP 	main_image: image = 'Stimuli/Fractals/62c.jpg'
722.7447 	DATA 	Keypress: left
723.1896 	EXP 	main_image: pos = array([-259.8076211,  150.       ])
723.1896 	EXP 	main_image: image = 'Stimuli/Fractals/121c.jpg'
725.7886 	DATA 	Keypress: right
726.7605 	EXP 	main_image: pos = array([ -92.70509831, -285.3169549 ])
726.7605 	EXP 	main_image: image = 'Stimuli/Fractals/76c.jpg'
728.8228 	DATA 	Keypress: left
730.3286 	EXP 	main_image: pos = array([-293.4442802 ,   62.37350725])
730.3286 	EXP 	main_image: image = 'Stimuli/Fractals/8a.jpg'
733.3186 	DATA 	Keypress: left
734.8770 	EXP 	main_image: pos = array([289.7777479 ,  77.64571353])
734.8770 	EXP 	main_image: image = 'Stimuli/Fractals/94b.jpg'
740.9361 	DATA 	Keypress: left
742.4658 	EXP 	main_image: pos = array([-296.3065022 ,   46.93033951])
742.4658 	EXP 	main_image: image = 'Stimuli/Fractals/4b.jpg'
749.9888 	DATA 	Keypress: right
751.0782 	EXP 	main_image: pos = array([-298.3565686 ,   31.35853898])
751.0782 	EXP 	main_image: image = 'Stimuli/Fractals/60a.jpg'
753.9606 	DATA 	Keypress: right
755.6337 	EXP 	main_image: pos = array([-280.0741279,  107.5103849])
755.6337 	EXP 	main_image: image = 'Stimuli/Fractals/144a.jpg'
757.0304 	DATA 	Keypress: left
758.6691 	EXP 	main_image: pos = array([-285.3169549 ,   92.70509831])
758.6691 	EXP 	main_image: image = 'Stimuli/Fractals/22b.jpg'
760.6075 	DATA 	Keypress: right
762.2247 	EXP 	main_image: pos = array([-289.7777479 ,   77.64571353])
762.2247 	EXP 	main_image: image = 'Stimuli/Fractals/62c.jpg'
765.9743 	DATA 	Keypress: right
767.7933 	EXP 	main_image: pos = array([-150.       ,  259.8076211])
767.7933 	EXP 	main_image: image = 'Stimuli/Fractals/8a.jpg'
769.7759 	DATA 	Keypress: left
771.3565 	EXP 	main_image: pos = array([-299.5888604 ,   15.70078687])
771.3565 	EXP 	main_image: image = 'Stimuli/Fractals/68a.jpg'
774.1349 	DATA 	Keypress: right
775.9321 	EXP 	main_image: pos = array([-296.3065022 ,   46.93033951])
775.9321 	EXP 	main_image: image = 'Stimuli/Fractals/4b.jpg'
778.7250 	DATA 	Keypress: right
780.5155 	EXP 	main_image: pos = array([-3.00e+02,  3.67e-14])
780.5155 	EXP 	main_image: image = 'Stimuli/Fractals/110c.jpg'
782.3802 	DATA 	Keypress: right
784.0899 	EXP 	main_image: pos = array([-299.5888604 ,  -15.70078687])
784.0899 	EXP 	main_image: image = 'Stimuli/Fractals/18c.jpg'
786.6200 	DATA 	Keypress: left
787.6672 	EXP 	main_image: pos = array([-298.3565686 ,   31.35853898])
787.6672 	EXP 	main_image: image = 'Stimuli/Fractals/60c.jpg'
789.1927 	DATA 	Keypress: left
790.7369 	EXP 	main_image: pos = array([-3.00e+02,  3.67e-14])
790.7369 	EXP 	main_image: image = 'Stimuli/Fractals/110b.jpg'
794.8886 	DATA 	Keypress: left
796.3065 	EXP 	main_image: pos = array([-298.3565686 ,  -31.35853898])
796.3065 	EXP 	main_image: image = 'Stimuli/Fractals/145b.jpg'
799.4825 	DATA 	Keypress: left
800.8728 	EXP 	main_image: pos = array([-296.3065022 ,  -46.93033951])
800.8728 	EXP 	main_image: image = 'Stimuli/Fractals/134b.jpg'
803.9208 	DATA 	Keypress: left
805.4402 	EXP 	main_image: pos = array([289.7777479 ,  77.64571353])
805.4402 	EXP 	main_image: image = 'Stimuli/Fractals/94b.jpg'
807.6920 	DATA 	Keypress: right
808.9932 	EXP 	main_image: pos = array([-299.5888604 ,   15.70078687])
808.9932 	EXP 	main_image: image = 'Stimuli/Fractals/68a.jpg'
811.3834 	DATA 	Keypress: right
812.5507 	EXP 	main_image: pos = array([-293.4442802 ,  -62.37350725])
812.5507 	EXP 	main_image: image = 'Stimuli/Fractals/84b.jpg'
814.5826 	DATA 	Keypress: left
816.1061 	EXP 	main_image: pos = array([-289.7777479 ,  -77.64571353])
816.1061 	EXP 	main_image: image = 'Stimuli/Fractals/43a.jpg'
820.3364 	DATA 	Keypress: right
821.6508 	EXP 	main_image: pos = array([-299.5888604 ,  -15.70078687])
821.6508 	EXP 	main_image: image = 'Stimuli/Fractals/18c.jpg'
823.7008 	DATA 	Keypress: left
825.2350 	EXP 	main_image: pos = array([-285.3169549 ,  -92.70509831])
825.2350 	EXP 	main_image: image = 'Stimuli/Fractals/125b.jpg'
829.3834 	DATA 	Keypress: left
830.8043 	EXP 	main_image: pos = array([-296.3065022 ,  -46.93033951])
830.8043 	EXP 	main_image: image = 'Stimuli/Fractals/134b.jpg'
833.8633 	DATA 	Keypress: left
835.3505 	EXP 	main_image: pos = array([-298.3565686 ,  -31.35853898])
835.3505 	EXP 	main_image: image = 'Stimuli/Fractals/145b.jpg'
837.4497 	DATA 	Keypress: left
838.9046 	EXP 	main_image: pos = array([-280.0741279, -107.5103849])
838.9046 	EXP 	main_image: image = 'Stimuli/Fractals/2b.jpg'
841.6757 	DATA 	Keypress: left
843.4753 	EXP 	main_image: pos = array([-274.0636373, -122.0209929])
843.4753 	EXP 	main_image: image = 'Stimuli/Fractals/100b.jpg'
848.2011 	DATA 	Keypress: left
850.0482 	EXP 	main_image: pos = array([-285.3169549 ,  -92.70509831])
850.0482 	EXP 	main_image: image = 'Stimuli/Fractals/125c.jpg'
852.0634 	DATA 	Keypress: left
853.6191 	EXP 	main_image: pos = array([ -62.37350725, -293.4442802 ])
853.6191 	EXP 	main_image: image = 'Stimuli/Fractals/84b.jpg'
857.4580 	DATA 	Keypress: right
859.1918 	EXP 	main_image: pos = array([ 46.93033951, 296.3065022 ])
859.1918 	EXP 	main_image: image = 'Stimuli/Fractals/43a.jpg'
862.5525 	DATA 	Keypress: left
863.7626 	EXP 	main_image: pos = array([-280.0741279, -107.5103849])
863.7626 	EXP 	main_image: image = 'Stimuli/Fractals/2c.jpg'
867.1664 	DATA 	Keypress: left
868.3139 	EXP 	main_image: pos = array([-267.3019573, -136.1971499])
868.3139 	EXP 	main_image: image = 'Stimuli/Fractals/114b.jpg'
872.4582 	DATA 	Keypress: left
873.8695 	EXP 	main_image: pos = array([289.7777479 ,  77.64571353])
873.8695 	EXP 	main_image: image = 'Stimuli/Fractals/94b.jpg'
875.4179 	DATA 	Keypress: left
876.9236 	EXP 	main_image: pos = array([-274.0636373, -122.0209929])
876.9236 	EXP 	main_image: image = 'Stimuli/Fractals/100a.jpg'
881.0917 	DATA 	Keypress: left
882.4919 	EXP 	main_image: pos = array([-259.8076211, -150.       ])
882.4919 	EXP 	main_image: image = 'Stimuli/Fractals/57a.jpg'
884.1777 	DATA 	Keypress: right
886.0449 	EXP 	main_image: pos = array([-251.6011704, -163.3917105])
886.0449 	EXP 	main_image: image = 'Stimuli/Fractals/30a.jpg'
887.9962 	DATA 	Keypress: right
889.1309 	EXP 	main_image: pos = array([-242.7050983, -176.3355757])
889.1309 	EXP 	main_image: image = 'Stimuli/Fractals/120c.jpg'
891.3245 	DATA 	Keypress: left
892.7210 	EXP 	main_image: pos = array([-233.1437884, -188.7961173])
892.7210 	EXP 	main_image: image = 'Stimuli/Fractals/28b.jpg'
895.4704 	DATA 	Keypress: left
897.2561 	EXP 	main_image: pos = array([ 274.0636373, -122.0209929])
897.2561 	EXP 	main_image: image = 'Stimuli/Fractals/114b.jpg'
899.2241 	DATA 	Keypress: right
900.8251 	EXP 	main_image: pos = array([-222.9434476, -200.7391819])
900.8251 	EXP 	main_image: image = 'Stimuli/Fractals/32a.jpg'
906.9688 	DATA 	Keypress: left
907.3747 	EXP 	main_image: pos = array([-267.3019573,  136.1971499])
907.3747 	EXP 	main_image: image = 'Stimuli/Fractals/30a.jpg'
909.6069 	DATA 	Keypress: right
910.9278 	EXP 	main_image: pos = array([-259.8076211, -150.       ])
910.9278 	EXP 	main_image: image = 'Stimuli/Fractals/57a.jpg'
914.7250 	DATA 	Keypress: right
916.5127 	EXP 	main_image: pos = array([-233.1437884, -188.7961173])
916.5127 	EXP 	main_image: image = 'Stimuli/Fractals/28a.jpg'
923.5258 	DATA 	Keypress: right
925.0541 	EXP 	main_image: pos = array([-212.1320344, -212.1320344])
925.0541 	EXP 	main_image: image = 'Stimuli/Fractals/15b.jpg'
929.9889 	DATA 	Keypress: right
931.6278 	EXP 	main_image: pos = array([-200.7391819, -222.9434476])
931.6278 	EXP 	main_image: image = 'Stimuli/Fractals/66b.jpg'
938.7329 	DATA 	Keypress: right
940.2184 	EXP 	main_image: pos = array([ 267.3019573, -136.1971499])
940.2184 	EXP 	main_image: image = 'Stimuli/Fractals/120c.jpg'
942.1532 	DATA 	Keypress: right
943.7747 	EXP 	main_image: pos = array([-188.7961173, -233.1437884])
943.7747 	EXP 	main_image: image = 'Stimuli/Fractals/89b.jpg'
945.3078 	DATA 	Keypress: right
946.8225 	EXP 	main_image: pos = array([289.7777479 ,  77.64571353])
946.8225 	EXP 	main_image: image = 'Stimuli/Fractals/94b.jpg'
948.7125 	DATA 	Keypress: left
950.3890 	EXP 	main_image: pos = array([ 200.7391819, -222.9434476])
950.3890 	EXP 	main_image: image = 'Stimuli/Fractals/32a.jpg'
954.3913 	DATA 	Keypress: left
955.9423 	EXP 	main_image: pos = array([-176.3355757, -242.7050983])
955.9423 	EXP 	main_image: image = 'Stimuli/Fractals/112a.jpg'
959.6018 	DATA 	Keypress: left
960.5125 	EXP 	main_image: pos = array([-212.1320344, -212.1320344])
960.5125 	EXP 	main_image: image = 'Stimuli/Fractals/15c.jpg'
961.8192 	DATA 	Keypress: right
963.5680 	EXP 	main_image: pos = array([293.4442802 , -62.37350725])
963.5680 	EXP 	main_image: image = 'Stimuli/Fractals/66b.jpg'
965.4946 	DATA 	Keypress: right
967.1323 	EXP 	main_image: pos = array([-163.3917105, -251.6011704])
967.1323 	EXP 	main_image: image = 'Stimuli/Fractals/87c.jpg'
973.1428 	DATA 	Keypress: right
974.6849 	EXP 	main_image: pos = array([-188.7961173, -233.1437884])
974.6849 	EXP 	main_image: image = 'Stimuli/Fractals/89b.jpg'
978.6550 	DATA 	Keypress: left
980.2405 	EXP 	main_image: pos = array([-176.3355757, -242.7050983])
980.2405 	EXP 	main_image: image = 'Stimuli/Fractals/112b.jpg'
984.0660 	DATA 	Keypress: left
985.8325 	EXP 	main_image: pos = array([-150.       , -259.8076211])
985.8325 	EXP 	main_image: image = 'Stimuli/Fractals/13c.jpg'
987.8911 	DATA 	Keypress: right
989.4139 	EXP 	main_image: pos = array([-136.1971499, -267.3019573])
989.4139 	EXP 	main_image: image = 'Stimuli/Fractals/16b.jpg'
994.1818 	DATA 	Keypress: right
995.9948 	EXP 	main_image: pos = array([-122.0209929, -274.0636373])
995.9948 	EXP 	main_image: image = 'Stimuli/Fractals/131a.jpg'
1001.8807 	DATA 	Keypress: left
1003.5536 	EXP 	main_image: pos = array([-107.5103849, -280.0741279])
1003.5536 	EXP 	main_image: image = 'Stimuli/Fractals/124b.jpg'
1007.8778 	DATA 	Keypress: right
1009.1048 	EXP 	main_image: pos = array([-233.1437884,  188.7961173])
1009.1048 	EXP 	main_image: image = 'Stimuli/Fractals/87c.jpg'
1011.7344 	DATA 	Keypress: right
1012.6685 	EXP 	main_image: pos = array([-150.       , -259.8076211])
1012.6685 	EXP 	main_image: image = 'Stimuli/Fractals/13b.jpg'
1018.5393 	DATA 	Keypress: left
1019.2366 	EXP 	main_image: pos = array([-136.1971499, -267.3019573])
1019.2366 	EXP 	main_image: image = 'Stimuli/Fractals/16b.jpg'
1023.7904 	EXP 	main_image: pos = array([289.7777479 ,  77.64571353])
1023.7904 	EXP 	main_image: image = 'Stimuli/Fractals/94b.jpg'
1025.6215 	DATA 	Keypress: left
1026.8447 	EXP 	main_image: pos = array([ -92.70509831, -285.3169549 ])
1026.8447 	EXP 	main_image: image = 'Stimuli/Fractals/19b.jpg'
1029.1488 	DATA 	Keypress: left
1030.3905 	EXP 	main_image: pos = array([-122.0209929, -274.0636373])
1030.3905 	EXP 	main_image: image = 'Stimuli/Fractals/131a.jpg'
1033.4119 	DATA 	Keypress: left
1034.9560 	EXP 	main_image: pos = array([-107.5103849, -280.0741279])
1034.9560 	EXP 	main_image: image = 'Stimuli/Fractals/124b.jpg'
1043.8315 	DATA 	Keypress: right
1045.5031 	EXP 	main_image: pos = array([ -77.64571353, -289.7777479 ])
1045.5031 	EXP 	main_image: image = 'Stimuli/Fractals/72c.jpg'
1050.4631 	DATA 	Keypress: left
1052.0564 	EXP 	main_image: pos = array([ -62.37350725, -293.4442802 ])
1052.0564 	EXP 	main_image: image = 'Stimuli/Fractals/6c.jpg'
1059.8396 	DATA 	Keypress: left
1061.6303 	EXP 	main_image: pos = array([ -46.93033951, -296.3065022 ])
1061.6303 	EXP 	main_image: image = 'Stimuli/Fractals/96a.jpg'
1065.4059 	DATA 	Keypress: left
1067.2243 	EXP 	main_image: pos = array([ -31.35853898, -298.3565686 ])
1067.2243 	EXP 	main_image: image = 'Stimuli/Fractals/56a.jpg'
1074.5371 	DATA 	Keypress: right
1075.7870 	EXP 	main_image: pos = array([ 274.0636373, -122.0209929])
1075.7870 	EXP 	main_image: image = 'Stimuli/Fractals/19b.jpg'
1077.5760 	DATA 	Keypress: left
1079.3547 	EXP 	main_image: pos = array([ -77.64571353, -289.7777479 ])
1079.3547 	EXP 	main_image: image = 'Stimuli/Fractals/72c.jpg'
1086.1028 	DATA 	Keypress: left
1087.9226 	EXP 	main_image: pos = array([ 163.3917105, -251.6011704])
1087.9226 	EXP 	main_image: image = 'Stimuli/Fractals/6c.jpg'
1089.2146 	DATA 	Keypress: left
1090.9909 	EXP 	main_image: pos = array([ 212.1320344, -212.1320344])
1090.9909 	EXP 	main_image: image = 'Stimuli/Fractals/96a.jpg'
1092.7501 	DATA 	Keypress: left
1094.5616 	EXP 	main_image: pos = array([ -15.70078687, -299.5888604 ])
1094.5616 	EXP 	main_image: image = 'Stimuli/Fractals/105a.jpg'
1100.4202 	DATA 	Keypress: right
1102.1177 	EXP 	main_image: pos = array([-5.51e-14, -3.00e+02])
1102.1177 	EXP 	main_image: image = 'Stimuli/Fractals/36a.jpg'
1108.0037 	DATA 	Keypress: right
1109.6678 	EXP 	main_image: pos = array([-296.3065022 ,  -46.93033951])
1109.6678 	EXP 	main_image: image = 'Stimuli/Fractals/56a.jpg'
1111.3814 	DATA 	Keypress: right
1112.7426 	EXP 	main_image: pos = array([289.7777479 ,  77.64571353])
1112.7426 	EXP 	main_image: image = 'Stimuli/Fractals/94b.jpg'
1115.3130 	DATA 	Keypress: left
1116.3007 	EXP 	main_image: pos = array([-289.7777479 ,   77.64571353])
1116.3007 	EXP 	main_image: image = 'Stimuli/Fractals/36a.jpg'
1118.6386 	DATA 	Keypress: right
1119.8503 	EXP 	main_image: pos = array([ -15.70078687, -299.5888604 ])
1119.8503 	EXP 	main_image: image = 'Stimuli/Fractals/105a.jpg'
1121.6200 	DATA 	Keypress: right
1123.4290 	EXP 	main_image: pos = array([  15.70078687, -299.5888604 ])
1123.4290 	EXP 	main_image: image = 'Stimuli/Fractals/79c.jpg'
1126.4533 	DATA 	Keypress: left
1128.0077 	EXP 	main_image: pos = array([  31.35853898, -298.3565686 ])
1128.0077 	EXP 	main_image: image = 'Stimuli/Fractals/29c.jpg'
1130.6262 	DATA 	Keypress: left
1131.5738 	EXP 	main_image: pos = array([  46.93033951, -296.3065022 ])
1131.5738 	EXP 	main_image: image = 'Stimuli/Fractals/61a.jpg'
1137.8545 	DATA 	Keypress: right
1138.1429 	EXP 	main_image: pos = array([  62.37350725, -293.4442802 ])
1138.1429 	EXP 	main_image: image = 'Stimuli/Fractals/142c.jpg'
1141.2479 	EXP 	main_image: pos = array([  77.64571353, -289.7777479 ])
1141.2479 	EXP 	main_image: image = 'Stimuli/Fractals/50b.jpg'
1141.5379 	DATA 	Keypress: left
1144.0411 	DATA 	Keypress: left
1145.8039 	EXP 	main_image: pos = array([  15.70078687, -299.5888604 ])
1145.8039 	EXP 	main_image: image = 'Stimuli/Fractals/79c.jpg'
1148.4800 	DATA 	Keypress: left
1150.3365 	EXP 	main_image: pos = array([293.4442802 ,  62.37350725])
1150.3365 	EXP 	main_image: image = 'Stimuli/Fractals/142c.jpg'
1152.3531 	DATA 	Keypress: left
1153.9099 	EXP 	main_image: pos = array([  92.70509831, -285.3169549 ])
1153.9099 	EXP 	main_image: image = 'Stimuli/Fractals/40a.jpg'
1158.8560 	DATA 	Keypress: left
1160.4663 	EXP 	main_image: pos = array([  31.35853898, -298.3565686 ])
1160.4663 	EXP 	main_image: image = 'Stimuli/Fractals/29b.jpg'
1163.2412 	DATA 	Keypress: left
1165.0179 	EXP 	main_image: pos = array([  46.93033951, -296.3065022 ])
1165.0179 	EXP 	main_image: image = 'Stimuli/Fractals/61b.jpg'
1166.7992 	DATA 	Keypress: left
1168.5686 	EXP 	main_image: pos = array([-289.7777479 ,   77.64571353])
1168.5686 	EXP 	main_image: image = 'Stimuli/Fractals/40a.jpg'
1171.3514 	DATA 	Keypress: left
1173.1462 	EXP 	main_image: pos = array([  77.64571353, -289.7777479 ])
1173.1462 	EXP 	main_image: image = 'Stimuli/Fractals/50c.jpg'
1176.2176 	DATA 	Keypress: left
1177.7071 	EXP 	main_image: pos = array([289.7777479 ,  77.64571353])
1177.7071 	EXP 	main_image: image = 'Stimuli/Fractals/94b.jpg'
1185.5543 	DATA 	Keypress: left
1187.2788 	EXP 	main_image: pos = array([ 107.5103849, -280.0741279])
1187.2788 	EXP 	main_image: image = 'Stimuli/Fractals/138b.jpg'
1193.9643 	DATA 	Keypress: left
1195.8328 	EXP 	main_image: pos = array([ 122.0209929, -274.0636373])
1195.8328 	EXP 	main_image: image = 'Stimuli/Fractals/98a.jpg'
1199.6400 	DATA 	Keypress: left
1200.4059 	EXP 	main_image: pos = array([ 136.1971499, -267.3019573])
1200.4059 	EXP 	main_image: image = 'Stimuli/Fractals/130b.jpg'
1207.2380 	DATA 	Keypress: left
1208.9879 	EXP 	main_image: pos = array([ 150.       , -259.8076211])
1208.9879 	EXP 	main_image: image = 'Stimuli/Fractals/23c.jpg'
1212.8191 	DATA 	Keypress: left
1214.5758 	EXP 	main_image: pos = array([ 163.3917105, -251.6011704])
1214.5758 	EXP 	main_image: image = 'Stimuli/Fractals/119b.jpg'
1216.2580 	DATA 	Keypress: left
1218.1556 	EXP 	main_image: pos = array([ 107.5103849, -280.0741279])
1218.1556 	EXP 	main_image: image = 'Stimuli/Fractals/138a.jpg'
1221.6736 	DATA 	Keypress: left
1222.7035 	EXP 	main_image: pos = array([ 122.0209929, -274.0636373])
1222.7035 	EXP 	main_image: image = 'Stimuli/Fractals/98a.jpg'
1226.1806 	DATA 	Keypress: left
1227.2673 	EXP 	main_image: pos = array([ 136.1971499, -267.3019573])
1227.2673 	EXP 	main_image: image = 'Stimuli/Fractals/130b.jpg'
1230.5825 	DATA 	Keypress: right
1230.8127 	EXP 	main_image: pos = array([ 150.       , -259.8076211])
1230.8127 	EXP 	main_image: image = 'Stimuli/Fractals/23c.jpg'
1233.3584 	DATA 	Keypress: right
1234.3844 	EXP 	main_image: pos = array([ 163.3917105, -251.6011704])
1234.3844 	EXP 	main_image: image = 'Stimuli/Fractals/119c.jpg'
1240.5350 	DATA 	Keypress: left
1241.9781 	EXP 	main_image: pos = array([ 176.3355757, -242.7050983])
1241.9781 	EXP 	main_image: image = 'Stimuli/Fractals/91c.jpg'
1243.8265 	DATA 	Keypress: left
1245.0184 	EXP 	main_image: pos = array([ 188.7961173, -233.1437884])
1245.0184 	EXP 	main_image: image = 'Stimuli/Fractals/25c.jpg'
1247.0908 	DATA 	Keypress: left
1248.6018 	EXP 	main_image: pos = array([ 200.7391819, -222.9434476])
1248.6018 	EXP 	main_image: image = 'Stimuli/Fractals/104b.jpg'
1253.3469 	DATA 	Keypress: left
1255.1531 	EXP 	main_image: pos = array([ 176.3355757, -242.7050983])
1255.1531 	EXP 	main_image: image = 'Stimuli/Fractals/91c.jpg'
1256.8319 	DATA 	Keypress: left
1258.6968 	EXP 	main_image: pos = array([289.7777479 ,  77.64571353])
1258.6968 	EXP 	main_image: image = 'Stimuli/Fractals/94b.jpg'
1262.8239 	DATA 	Keypress: left
1264.2976 	EXP 	main_image: pos = array([ 212.1320344, -212.1320344])
1264.2976 	EXP 	main_image: image = 'Stimuli/Fractals/55a.jpg'
1266.0335 	DATA 	Keypress: left
1267.8565 	EXP 	main_image: pos = array([ 188.7961173, -233.1437884])
1267.8565 	EXP 	main_image: image = 'Stimuli/Fractals/25b.jpg'
1270.5050 	DATA 	Keypress: left
1272.4266 	EXP 	main_image: pos = array([ 200.7391819, -222.9434476])
1272.4266 	EXP 	main_image: image = 'Stimuli/Fractals/104c.jpg'
1276.0987 	DATA 	Keypress: left
1277.9833 	EXP 	main_image: pos = array([ 212.1320344, -212.1320344])
1277.9833 	EXP 	main_image: image = 'Stimuli/Fractals/55b.jpg'
1280.7498 	DATA 	Keypress: left
1282.5574 	EXP 	main_image: pos = array([ 222.9434476, -200.7391819])
1282.5574 	EXP 	main_image: image = 'Stimuli/Fractals/111a.jpg'
1285.5780 	DATA 	Keypress: left
1287.1106 	EXP 	main_image: pos = array([ 233.1437884, -188.7961173])
1287.1106 	EXP 	main_image: image = 'Stimuli/Fractals/53b.jpg'
1290.9656 	DATA 	Keypress: left
1292.6666 	EXP 	main_image: pos = array([ 242.7050983, -176.3355757])
1292.6666 	EXP 	main_image: image = 'Stimuli/Fractals/127c.jpg'
1297.6040 	DATA 	Keypress: right
1299.2281 	EXP 	main_image: pos = array([ 222.9434476, -200.7391819])
1299.2281 	EXP 	main_image: image = 'Stimuli/Fractals/111a.jpg'
1305.3561 	DATA 	Keypress: left
1306.7891 	EXP 	main_image: pos = array([ 251.6011704, -163.3917105])
1306.7891 	EXP 	main_image: image = 'Stimuli/Fractals/137a.jpg'
1310.9478 	DATA 	Keypress: left
1312.3724 	EXP 	main_image: pos = array([ 259.8076211, -150.       ])
1312.3724 	EXP 	main_image: image = 'Stimuli/Fractals/51c.jpg'
1314.3314 	DATA 	Keypress: left
1315.4627 	EXP 	main_image: pos = array([ 233.1437884, -188.7961173])
1315.4627 	EXP 	main_image: image = 'Stimuli/Fractals/53a.jpg'
1323.1469 	DATA 	Keypress: left
1325.0148 	EXP 	main_image: pos = array([ 242.7050983, -176.3355757])
1325.0148 	EXP 	main_image: image = 'Stimuli/Fractals/127c.jpg'
1327.3230 	DATA 	Keypress: right
1328.5671 	EXP 	main_image: pos = array([ 259.8076211, -150.       ])
1328.5671 	EXP 	main_image: image = 'Stimuli/Fractals/51c.jpg'
1331.4366 	DATA 	Keypress: left
1333.1374 	EXP 	main_image: pos = array([ -62.37350725, -293.4442802 ])
1333.1374 	EXP 	main_image: image = 'Stimuli/Fractals/137a.jpg'
1335.4481 	DATA 	Keypress: left
1336.6882 	EXP 	main_image: pos = array([289.7777479 ,  77.64571353])
1336.6882 	EXP 	main_image: image = 'Stimuli/Fractals/94b.jpg'
1339.5891 	DATA 	Keypress: left
1341.2501 	EXP 	main_image: pos = array([ 267.3019573, -136.1971499])
1341.2501 	EXP 	main_image: image = 'Stimuli/Fractals/44a.jpg'
1344.9363 	DATA 	Keypress: left
1346.8104 	EXP 	main_image: pos = array([ 274.0636373, -122.0209929])
1346.8104 	EXP 	main_image: image = 'Stimuli/Fractals/45b.jpg'
1348.4530 	DATA 	Keypress: left
1350.3706 	EXP 	main_image: pos = array([ 280.0741279, -107.5103849])
1350.3706 	EXP 	main_image: image = 'Stimuli/Fractals/12c.jpg'
1354.7175 	DATA 	Keypress: left
1355.9186 	EXP 	main_image: pos = array([285.3169549 , -92.70509831])
1355.9186 	EXP 	main_image: image = 'Stimuli/Fractals/52c.jpg'
1357.7861 	DATA 	Keypress: right
1359.4702 	EXP 	main_image: pos = array([ 274.0636373, -122.0209929])
1359.4702 	EXP 	main_image: image = 'Stimuli/Fractals/45a.jpg'
1362.3239 	DATA 	Keypress: left
1364.0457 	EXP 	main_image: pos = array([ 267.3019573, -136.1971499])
1364.0457 	EXP 	main_image: image = 'Stimuli/Fractals/44b.jpg'
1365.8763 	DATA 	Keypress: left
1367.6007 	EXP 	main_image: pos = array([233.1437884, 188.7961173])
1367.6007 	EXP 	main_image: image = 'Stimuli/Fractals/52c.jpg'
1370.4798 	DATA 	Keypress: right
1372.1591 	EXP 	main_image: pos = array([ 280.0741279, -107.5103849])
1372.1591 	EXP 	main_image: image = 'Stimuli/Fractals/12c.jpg'
1380.5470 	DATA 	Keypress: left
1381.7311 	EXP 	main_image: pos = array([289.7777479 , -77.64571353])
1381.7311 	EXP 	main_image: image = 'Stimuli/Fractals/1c.jpg'
1384.7238 	DATA 	Keypress: left
1386.3069 	EXP 	main_image: pos = array([293.4442802 , -62.37350725])
1386.3069 	EXP 	main_image: image = 'Stimuli/Fractals/109c.jpg'
1389.2286 	DATA 	Keypress: left
1389.8838 	EXP 	main_image: pos = array([296.3065022 , -46.93033951])
1389.8838 	EXP 	main_image: image = 'Stimuli/Fractals/126a.jpg'
1398.5799 	DATA 	Keypress: left
1400.4455 	EXP 	main_image: pos = array([289.7777479 , -77.64571353])
1400.4455 	EXP 	main_image: image = 'Stimuli/Fractals/1c.jpg'
1404.3438 	DATA 	Keypress: left
1406.0247 	EXP 	main_image: pos = array([293.4442802 , -62.37350725])
1406.0247 	EXP 	main_image: image = 'Stimuli/Fractals/109b.jpg'
1407.7480 	DATA 	Keypress: left
1409.5976 	EXP 	main_image: pos = array([-136.1971499, -267.3019573])
1409.5976 	EXP 	main_image: image = 'Stimuli/Fractals/126a.jpg'
1411.1595 	DATA 	Keypress: left
1413.1555 	EXP 	main_image: pos = array([298.3565686 , -31.35853898])
1413.1555 	EXP 	main_image: image = 'Stimuli/Fractals/86a.jpg'
1415.5141 	DATA 	Keypress: right
1416.7128 	EXP 	main_image: pos = array([299.5888604 , -15.70078687])
1416.7128 	EXP 	main_image: image = 'Stimuli/Fractals/63b.jpg'
1419.5151 	DATA 	Keypress: right
1421.3107 	EXP 	main_image: pos = array([ 3.00e+02, -7.35e-14])
1421.3107 	EXP 	main_image: image = 'Stimuli/Fractals/78c.jpg'
1424.0999 	DATA 	Keypress: left
1425.8806 	EXP 	main_image: pos = array([298.3565686 , -31.35853898])
1425.8806 	EXP 	main_image: image = 'Stimuli/Fractals/86b.jpg'
1427.7193 	DATA 	Keypress: right
1429.4383 	EXP 	main_image: pos = array([212.1320344, 212.1320344])
1429.4383 	EXP 	main_image: image = 'Stimuli/Fractals/63b.jpg'
1433.2685 	DATA 	Keypress: right
1435.0161 	EXP 	main_image: pos = array([ 3.00e+02, -7.35e-14])
1435.0161 	EXP 	main_image: image = 'Stimuli/Fractals/78b.jpg'
1437.7389 	DATA 	Keypress: left
1439.5430 	EXP 	logo: opacity = 0.8
1452.3822 	DATA 	Keypress: right
1452.4141 	EXP 	window1: mouseVisible = True
