13.1466 	WARNING 	Monitor specification not found. Creating a temporary one...
13.8076 	EXP 	Created window1 = Window(allowGUI=False, allowStencil=False, args=UNKNOWN, autoLog=True, bitsMode=UNKNOWN, blendMode='avg', bpc=(8, 8, 8), color=array([0.114, 0.31 , 0.38 ]), colorSpace='rgb', depthBits=8, fullscr=<method-wrapper '__getattribute__' of attributeSetter object at 0x000000001A87E898>, gamma=None, gammaErrorPolicy='raise', kwargs=UNKNOWN, lms=UNKNOWN, monitor=<psychopy.monitors.calibTools.Monitor object at 0x000000001A8CC3C8>, multiSample=False, name='window1', numSamples=2, pos=[0.0, 0.0], screen=1, size=array([1920, 1080]), stencilBits=0, stereo=False, units='height', useFBO=True, useRetina=False, viewOri=0.0, viewPos=None, viewScale=None, waitBlanking=True, winType='pyglet')
13.8077 	EXP 	window1: mouseVisible = True
13.8077 	EXP 	window1: recordFrameIntervals = False
13.9738 	EXP 	window1: recordFrameIntervals = True
14.1582 	EXP 	window1: recordFrameIntervals = False
14.3050 	EXP 	Created welcome_text = TextStim(__class__=<class 'psychopy.visual.text.TextStim'>, alignHoriz=method-wrapper(...), alignText='center', alignVert=method-wrapper(...), anchorHoriz='center', anchorVert='center', antialias=True, autoLog=True, bold=False, color='black', colorSpace='named', contrast=1.0, depth=0.0, flipHoriz=False, flipVert=False, font='Arial', fontFiles=[], height=0.1, italic=False, languageStyle='LTR', name='welcome_text', opacity=1.0, ori=0, pos=array([0., 0.]), rgb=array([0., 0., 0.]), text='Üdvözüljük a TTK Agyi Képalkotó Központjában!', units='height', win=Window(...), wrapWidth=1)
14.3188 	EXP 	Created anatomy_text = TextStim(__class__=<class 'psychopy.visual.text.TextStim'>, alignHoriz=method-wrapper(...), alignText='center', alignVert=method-wrapper(...), anchorHoriz='center', anchorVert='center', antialias=True, autoLog=True, bold=False, color='black', colorSpace='named', contrast=1.0, depth=0.0, flipHoriz=False, flipVert=False, font='Arial', fontFiles=[], height=0.05, italic=False, languageStyle='LTR', name='anatomy_text', opacity=1.0, ori=0, pos=array([0., 0.]), rgb=array([0., 0., 0.]), text=str(...), units='height', win=Window(...), wrapWidth=1)
14.3269 	EXP 	Created general_instructions_continue = TextStim(__class__=<class 'psychopy.visual.text.TextStim'>, alignHoriz=method-wrapper(...), alignText='center', alignVert=method-wrapper(...), anchorHoriz='center', anchorVert='center', antialias=True, autoLog=True, bold=False, color='black', colorSpace='named', contrast=1.0, depth=-2.0, flipHoriz=False, flipVert=False, font='Arial', fontFiles=[], height=0.05, italic=False, languageStyle='LTR', name='general_instructions_continue', opacity=1.0, ori=0, pos=array([ 0. , -0.4]), rgb=array([0., 0., 0.]), text=str(...), units='height', win=Window(...), wrapWidth=1)
14.3414 	EXP 	Created choose_video_text = TextStim(__class__=<class 'psychopy.visual.text.TextStim'>, alignHoriz=method-wrapper(...), alignText='center', alignVert=method-wrapper(...), anchorHoriz='center', anchorVert='center', antialias=True, autoLog=True, bold=False, color='black', colorSpace='named', contrast=1.0, depth=0.0, flipHoriz=False, flipVert=False, font='Arial', fontFiles=[], height=0.05, italic=False, languageStyle='LTR', name='choose_video_text', opacity=1.0, ori=0, pos=array([0., 0.]), rgb=array([0., 0., 0.]), text=str(...), units='height', win=Window(...), wrapWidth=1)
14.3477 	EXP 	Created prepare_task_text = TextStim(__class__=<class 'psychopy.visual.text.TextStim'>, alignHoriz=method-wrapper(...), alignText='center', alignVert=method-wrapper(...), anchorHoriz='center', anchorVert='center', antialias=True, autoLog=True, bold=False, color='black', colorSpace='named', contrast=1.0, depth=0.0, flipHoriz=False, flipVert=False, font='Arial', fontFiles=[], height=0.05, italic=False, languageStyle='LTR', name='prepare_task_text', opacity=1.0, ori=0, pos=array([0., 0.]), rgb=array([0., 0., 0.]), text=str(...), units='height', win=Window(...), wrapWidth=0.52)
14.3478 	EXP 	window1: mouseVisible = False
14.3818 	EXP 	welcome_text: autoDraw = True
22.6231 	EXP 	welcome_text: autoDraw = False
22.6231 	EXP 	anatomy_text: autoDraw = True
27.6063 	EXP 	general_instructions_continue: autoDraw = True
44.4560 	EXP 	anatomy_text: autoDraw = False
44.4560 	EXP 	general_instructions_continue: autoDraw = False
44.4560 	EXP 	choose_video_text: autoDraw = True
47.2393 	EXP 	Created video_file = MovieStim3(__class__=<class 'psychopy.visual.movie3.MovieStim3'>, autoLog=True, color=UNKNOWN, colorSpace=UNKNOWN, depth=0.0, filename='stimuli/hubble_final.mp4', flipHoriz=False, flipVert=False, fps=UNKNOWN, interpolate=True, loop=True, name='video_file', noAudio=False, opacity=1.0, ori=method-wrapper(...), pos=array([0., 0.]), size=method-wrapper(...), units='pix', vframe_callback=UNKNOWN, volume=UNKNOWN, win=Window(...))
51.4346 	EXP 	Sound  started
51.4390 	EXP 	choose_video_text: autoDraw = False
51.4390 	EXP 	video_file: autoLog = True
51.4390 	EXP 	video_file: movie = 'stimuli/hubble_final.mp4'
51.4390 	EXP 	video_file: size = array([1920., 1080.])
51.4390 	EXP 	video_file: ori = 0
51.4390 	EXP 	video_file: autoDraw = True
785.3451 	EXP 	Sound  reached end of file
788.8657 	EXP 	Sound  started
788.9313 	EXP 	Set video_file finished
954.8167 	DATA 	Keypress: s
969.0593 	EXP 	Sound  stopped
969.0605 	DATA 	Keypress: space
969.0717 	EXP 	video_file: autoDraw = False
969.0717 	EXP 	prepare_task_text: autoDraw = True
972.4592 	DATA 	Keypress: d
972.4738 	EXP 	prepare_task_text: autoDraw = False
972.4795 	EXP 	window1: mouseVisible = True
