9.0322 	EXP 	Created window1 = Window(allowGUI=False, allowStencil=False, args=UNKNOWN, autoLog=True, bitsMode=UNKNOWN, blendMode='avg', color=array([1., 1., 1.]), colorSpace='rgb', fullscr=<method-wrapper '__getattribute__' of attributeSetter object at 0x0000029239F78B38>, gamma=None, gammaErrorPolicy='raise', kwargs=UNKNOWN, lms=UNKNOWN, monitor=<psychopy.monitors.calibTools.Monitor object at 0x0000029239ECA278>, multiSample=False, name='window1', numSamples=2, pos=[0.0, 0.0], screen=0, size=array([1920, 1080]), stereo=False, units='deg', useFBO=True, useRetina=False, viewOri=0.0, viewPos=None, viewScale=None, waitBlanking=True, winType='pyglet')
9.0322 	EXP 	window1: recordFrameIntervals = False
9.1985 	EXP 	window1: recordFrameIntervals = True
9.3819 	EXP 	window1: recordFrameIntervals = False
9.4372 	EXP 	Created welcome_msg = TextStim(__class__=<class 'psychopy.visual.text.TextStim'>, alignHoriz='center', alignVert='center', antialias=True, autoLog=True, bold=False, color='black', colorSpace='named', contrast=1.0, depth=0.0, flipHoriz=False, flipVert=False, font='Arial', fontFiles=[], height=1, italic=False, languageStyle='LTR', name='welcome_msg', opacity=1.0, ori=0, pos=array([ 0., 12.]), rgb=array([0., 0., 0.]), text='TérKépÉsz', units='deg', win=Window(...), wrapWidth=15.0)
9.4583 	EXP 	Created logo = ImageStim(__class__=<class 'psychopy.visual.image.ImageStim'>, autoLog=True, color=array([1., 1., 1.]), colorSpace='rgb', contrast=1.0, depth=-1.0, flipHoriz=False, flipVert=False, image='Stimuli/terkepesz.png', interpolate=True, mask=None, maskParams=None, name='logo', opacity=1.0, ori=0.0, pos=array([0., 0.]), size=array([0.321875  , 1.23148148]), texRes=128, units='norm', win=Window(...))
9.4719 	EXP 	Created lb_check = TextStim(__class__=<class 'psychopy.visual.text.TextStim'>, alignHoriz='center', alignVert='center', antialias=True, autoLog=True, bold=False, color='black', colorSpace='named', contrast=1.0, depth=0.0, flipHoriz=False, flipVert=False, font='Arial', fontFiles=[], height=0.9, italic=False, languageStyle='LTR', name='lb_check', opacity=1.0, ori=0, pos=array([-23.,   0.]), rgb=array([0., 0., 0.]), text=str(...), units='deg', win=Window(...), wrapWidth=15.0)
9.4759 	EXP 	Created left_upper = ImageStim(__class__=<class 'psychopy.visual.image.ImageStim'>, autoLog=True, color=array([1., 1., 1.]), colorSpace='rgb', contrast=1.0, depth=0.0, flipHoriz=False, flipVert=False, image='Stimuli/ScreenCorner1.png', interpolate=True, mask=None, maskParams=None, name='left_upper', opacity=1.0, ori=0.0, pos=array([-0.9,  0.7]), size=array([0.13541667, 0.51481481]), texRes=128, units='norm', win=Window(...))
9.4801 	EXP 	Created left_lower = ImageStim(__class__=<class 'psychopy.visual.image.ImageStim'>, autoLog=True, color=array([1., 1., 1.]), colorSpace='rgb', contrast=1.0, depth=-1.0, flipHoriz=False, flipVert=False, image='Stimuli/ScreenCorner2.png', interpolate=True, mask=None, maskParams=None, name='left_lower', opacity=1.0, ori=0.0, pos=array([-0.9, -0.7]), size=array([0.115625  , 0.51666667]), texRes=128, units='norm', win=Window(...))
9.4841 	EXP 	Created right_upper = ImageStim(__class__=<class 'psychopy.visual.image.ImageStim'>, autoLog=True, color=array([1., 1., 1.]), colorSpace='rgb', contrast=1.0, depth=-2.0, flipHoriz=False, flipVert=False, image='Stimuli/ScreenCorner3.png', interpolate=True, mask=None, maskParams=None, name='right_upper', opacity=1.0, ori=0.0, pos=array([0.9, 0.7]), size=array([0.11979167, 0.49814815]), texRes=128, units='norm', win=Window(...))
9.4884 	EXP 	Created right_lower = ImageStim(__class__=<class 'psychopy.visual.image.ImageStim'>, autoLog=True, color=array([1., 1., 1.]), colorSpace='rgb', contrast=1.0, depth=-3.0, flipHoriz=False, flipVert=False, image='Stimuli/ScreenCorner4.png', interpolate=True, mask=None, maskParams=None, name='right_lower', opacity=1.0, ori=0.0, pos=array([ 0.9, -0.7]), size=array([0.153125 , 0.5037037]), texRes=128, units='norm', win=Window(...))
9.4969 	EXP 	Created text_2 = TextStim(__class__=<class 'psychopy.visual.text.TextStim'>, alignHoriz='center', alignVert='center', antialias=True, autoLog=True, bold=False, color='black', colorSpace='named', contrast=1.0, depth=-4.0, flipHoriz=False, flipVert=False, font='Arial', fontFiles=[], height=0.9, italic=False, languageStyle='LTR', name='text_2', opacity=1.0, ori=0, pos=array([0., 0.]), rgb=array([0., 0., 0.]), text=str(...), units='deg', win=Window(...), wrapWidth=30)
9.5453 	EXP 	Created instr_text = TextStim(__class__=<class 'psychopy.visual.text.TextStim'>, alignHoriz='center', alignVert='center', antialias=True, autoLog=True, bold=False, color='black', colorSpace='named', contrast=1.0, depth=0.0, flipHoriz=False, flipVert=False, font='Arial', fontFiles=[], height=0.8, italic=False, languageStyle='LTR', name='instr_text', opacity=1.0, ori=0, pos=array([0., 0.]), rgb=array([0., 0., 0.]), text=str(...), units='deg', win=Window(...), wrapWidth=40)
9.5457 	EXP 	Created start_task_text = TextStim(__class__=<class 'psychopy.visual.text.TextStim'>, alignHoriz='center', alignVert='center', antialias=True, autoLog=True, bold=False, color='black', colorSpace='named', contrast=1.0, depth=0.0, flipHoriz=False, flipVert=False, font='Arial', fontFiles=[], height=0.9, italic=False, languageStyle='LTR', name='start_task_text', opacity=1.0, ori=0, pos=array([0. , 1.5]), rgb=array([0., 0., 0.]), text='', units='deg', win=Window(...), wrapWidth=15.0)
9.5460 	EXP 	Created start_task_text = TextStim(__class__=<class 'psychopy.visual.text.TextStim'>, alignHoriz='center', alignVert='center', antialias=True, autoLog=True, bold=False, color='black', colorSpace='named', contrast=1.0, depth=0.0, flipHoriz=False, flipVert=False, font='Arial', fontFiles=[], height=0.9, italic=False, languageStyle='LTR', name='start_task_text', opacity=1.0, ori=0, pos=array([ 0. , -1.5]), rgb=array([0., 0., 0.]), text='', units='deg', win=Window(...), wrapWidth=15.0)
9.5463 	EXP 	Created start_task_text = TextStim(__class__=<class 'psychopy.visual.text.TextStim'>, alignHoriz='center', alignVert='center', antialias=True, autoLog=True, bold=False, color='black', colorSpace='named', contrast=1.0, depth=0.0, flipHoriz=False, flipVert=False, font='Arial', fontFiles=[], height=0.9, italic=False, languageStyle='LTR', name='start_task_text', opacity=1.0, ori=0, pos=array([-2.,  0.]), rgb=array([0., 0., 0.]), text='', units='deg', win=Window(...), wrapWidth=15.0)
9.5465 	EXP 	Created start_task_text = TextStim(__class__=<class 'psychopy.visual.text.TextStim'>, alignHoriz='center', alignVert='center', antialias=True, autoLog=True, bold=False, color='black', colorSpace='named', contrast=1.0, depth=0.0, flipHoriz=False, flipVert=False, font='Arial', fontFiles=[], height=0.9, italic=False, languageStyle='LTR', name='start_task_text', opacity=1.0, ori=0, pos=array([2., 0.]), rgb=array([0., 0., 0.]), text='', units='deg', win=Window(...), wrapWidth=15.0)
9.6009 	EXP 	Created main_image = ImageStim(__class__=<class 'psychopy.visual.image.ImageStim'>, autoLog=True, color=array([1., 1., 1.]), colorSpace='rgb', contrast=1.0, depth=-1.0, flipHoriz=False, flipVert=False, image='Stimuli/Fractals/106a.jpg', interpolate=True, mask=None, maskParams=None, name='main_image', opacity=1.0, ori=0.0, pos=array([0., 0.]), size=array([300., 300.]), texRes=128, units='pix', win=Window(...))
9.6183 	EXP 	Created map_inside_fx = ImageStim(__class__=<class 'psychopy.visual.image.ImageStim'>, autoLog=True, color=array([1., 1., 1.]), colorSpace='rgb', contrast=1.0, depth=0.0, flipHoriz=False, flipVert=False, image='Stimuli/GalleryPlanInside.jpg', interpolate=True, mask=None, maskParams=None, name='map_inside_fx', opacity=0.5, ori=0.0, pos=array([  0., -25.]), size=array([1040., 1000.]), texRes=128, units='pix', win=Window(...))
9.6194 	EXP 	Created fixation_cross = ShapeStim(__class__=<class 'psychopy.visual.shape.ShapeStim'>, autoDraw=False, autoLog=True, closeShape=True, contrast=1.0, depth=-1.0, fillColor=array([-1., -1., -1.]), fillColorSpace='rgb', interpolate=True, lineColor=array([-1., -1., -1.]), lineColorSpace='rgb', lineWidth=1, name='fixation_cross', opacity=1.0, ori=array(0.), pos=array([0., 0.]), size=array([20., 20.]), units='pix', vertices=ndarray(...), win=Window(...), windingRule=None)
9.7993 	EXP 	Created main_image = ImageStim(__class__=<class 'psychopy.visual.image.ImageStim'>, autoLog=True, color=array([1., 1., 1.]), colorSpace='rgb', contrast=1.0, depth=-1.0, flipHoriz=False, flipVert=False, image='Stimuli/Fractals/106a.jpg', interpolate=True, mask=None, maskParams=None, name='main_image', opacity=1.0, ori=0.0, pos=array([0., 0.]), size=array([300., 300.]), texRes=128, units='pix', win=Window(...))
9.8061 	EXP 	Created text_pause = TextStim(__class__=<class 'psychopy.visual.text.TextStim'>, alignHoriz='center', alignVert='center', antialias=True, autoLog=True, bold=False, color='black', colorSpace='named', contrast=1.0, depth=-2.0, flipHoriz=False, flipVert=False, font='Arial', fontFiles=[], height=0.9, italic=False, languageStyle='LTR', name='text_pause', opacity=1.0, ori=0, pos=array([0., 0.]), rgb=array([0., 0., 0.]), text=str(...), units='deg', win=Window(...), wrapWidth=15.0)
9.8101 	EXP 	Created start_task_text = TextStim(__class__=<class 'psychopy.visual.text.TextStim'>, alignHoriz='center', alignVert='center', antialias=True, autoLog=True, bold=False, color='black', colorSpace='named', contrast=1.0, depth=0.0, flipHoriz=False, flipVert=False, font='Arial', fontFiles=[], height=0.9, italic=False, languageStyle='LTR', name='start_task_text', opacity=1.0, ori=0, pos=array([0., 0.]), rgb=array([0., 0., 0.]), text='Figyeljen, kezdődik a gyakorlás...', units='deg', win=Window(...), wrapWidth=15.0)
9.8271 	EXP 	Created start_task_text = TextStim(__class__=<class 'psychopy.visual.text.TextStim'>, alignHoriz='center', alignVert='center', antialias=True, autoLog=True, bold=False, color='black', colorSpace='named', contrast=1.0, depth=0.0, flipHoriz=False, flipVert=False, font='Arial', fontFiles=[], height=0.9, italic=False, languageStyle='LTR', name='start_task_text', opacity=1.0, ori=0, pos=array([0., 0.]), rgb=array([0., 0., 0.]), text=str(...), units='deg', win=Window(...), wrapWidth=15.0)
9.8289 	EXP 	Created text_trial_type = TextStim(__class__=<class 'psychopy.visual.text.TextStim'>, alignHoriz='center', alignVert='center', antialias=True, autoLog=True, bold=False, color='black', colorSpace='named', contrast=1.0, depth=-2.0, flipHoriz=False, flipVert=False, font='Arial', fontFiles=[], height=0.9, italic=False, languageStyle='LTR', name='text_trial_type', opacity=1.0, ori=0, pos=array([ 0., 15.]), rgb=array([0., 0., 0.]), text='Kép', units='deg', win=Window(...), wrapWidth=15.0)
9.8305 	EXP 	Created text_trial_type = TextStim(__class__=<class 'psychopy.visual.text.TextStim'>, alignHoriz='center', alignVert='center', antialias=True, autoLog=True, bold=False, color='black', colorSpace='named', contrast=1.0, depth=-2.0, flipHoriz=False, flipVert=False, font='Arial', fontFiles=[], height=0.9, italic=False, languageStyle='LTR', name='text_trial_type', opacity=1.0, ori=0, pos=array([0., 0.]), rgb=array([0., 0., 0.]), text='Kép', units='deg', win=Window(...), wrapWidth=15.0)
9.8322 	EXP 	Created text_trial_type = TextStim(__class__=<class 'psychopy.visual.text.TextStim'>, alignHoriz='center', alignVert='center', antialias=True, autoLog=True, bold=False, color='black', colorSpace='named', contrast=1.0, depth=-2.0, flipHoriz=False, flipVert=False, font='Arial', fontFiles=[], height=0.9, italic=False, languageStyle='LTR', name='text_trial_type', opacity=1.0, ori=0, pos=array([0., 0.]), rgb=array([0., 0., 0.]), text='Hely', units='deg', win=Window(...), wrapWidth=15.0)
9.8359 	EXP 	Created text_trial_type = TextStim(__class__=<class 'psychopy.visual.text.TextStim'>, alignHoriz='center', alignVert='center', antialias=True, autoLog=True, bold=False, color='black', colorSpace='named', contrast=1.0, depth=-2.0, flipHoriz=False, flipVert=False, font='Arial', fontFiles=[], height=0.9, italic=False, languageStyle='LTR', name='text_trial_type', opacity=1.0, ori=0, pos=array([  0., -10.]), rgb=array([0., 0., 0.]), text='Régi - F\t\t\t Hasonló - J\t\t\t Új - K', units='deg', win=Window(...), wrapWidth=30)
9.8460 	EXP 	Created text_pause = TextStim(__class__=<class 'psychopy.visual.text.TextStim'>, alignHoriz='center', alignVert='center', antialias=True, autoLog=True, bold=False, color='black', colorSpace='named', contrast=1.0, depth=-2.0, flipHoriz=False, flipVert=False, font='Arial', fontFiles=[], height=1.5, italic=False, languageStyle='LTR', name='text_pause', opacity=1.0, ori=0, pos=array([0., 0.]), rgb=array([0., 0., 0.]), text='Vége a feladatnak. Köszönjük!', units='deg', win=Window(...), wrapWidth=20)
13.4296 	DATA 	Keypress: f
13.4484 	EXP 	lb_check: text = "Válaszgomb teszt:\n\nNyomja le a 'J' billentyűt!"
13.4484 	EXP 	lb_check: pos = (23, 0)
13.6931 	DATA 	Keypress: j
14.6856 	DATA 	Keypress: right
14.6984 	EXP 	instr_text: text = 'A következő feladatban ismét absztrakt képeket fog látni, és ezekről kell eldöntenie, látta-e őket az első, műalkotás válogató feladataban, és hogy ugyanott látta-e őket.    \n A feladatot két alfeladatra bontottuk. Az egyikben a képekről, a másikban a képek pozíciójáról kell döntenie.    \n\nA folytatáshoz nyomja le a jobb nyilat.'
14.9651 	DATA 	Keypress: right
15.0316 	EXP 	instr_text: text = "A 'Kép' nevű alfeladatban azt kell eldöntenie, látta-e már ezeket a képeket az első, műalkotás válogató feladataban.                    \nHárom csoportba oszthatóak a megjelenő képek:                    \n - Régi: Ezek a képek pontosan megegyeznek majd az első feladatban látott képek egyikével.                    \n - Hasonló: Ezek a képek nagyon hasonlítanak az első feladatban látott képek egyikéhez.                    \n - Új: Teljesen új képek, amelyek nem jelentek meg az első feladatban.                    \nAz Ön feladata, hogy eldöntse, melyik kép ugyanaz, mint az első feladatban, melyik hasonló, és melyik új. \nMinden képet nézzen meg figyelmesen, és minden képre adjon választ, akkor is, ha a döntés nehéz.                    \n\nA döntését így jelölje:\n\tRégi - F\t Hasonló - J\t Új - K                    \n\n A folytatáshoz nyomja le a jobb nyilat"
15.4652 	DATA 	Keypress: right
15.5316 	EXP 	instr_text: text = "A 'Hely' nevű alfeladatban azt kell eldöntenie, a képek ugyanott jelennek-e meg, mint az első, műalkotás válogató feladataban.                    \nEbben az alfeladatban minden kép pontos mása annak, amit az első feladatban látott. A helyek azonban három csoportba oszthatóak:                    \n - Régi: Pontosan ugyanitt jelent meg ez a kép az első feladatban.                    \n - Hasonló: Egy hasonló helyen jelent meg ez a kép az első feladatban.                    \n - Új: Egy teljesen másik helyen jelent meg ez a kép az első feladatban.                    \nAz Ön feladata, hogy eldöntse, melyik kép jelent meg ugyanott, hasonló, és teljesen új helyen.\nMinden képet nézzen meg figyelmesen, és minden képre adjon választ, akkor is, ha a döntés nehéz.                    \n\nA döntését így jelölje:\n\tRégi - F\t Hasonló - J\t Új - K                    \n\nA folytatáshoz nyomja le a jobb nyilat."
15.7651 	DATA 	Keypress: right
15.7983 	EXP 	instr_text: text = "A következőkben bemutatjuk Önnek, milyenek a 'hasonló'/'új' képek és helyek. \nA jobb nyillal tud továbblépni."
16.1818 	DATA 	Keypress: right
16.2316 	EXP 	main_image: pos = array([300.,   0.])
16.2316 	EXP 	main_image: image = 'Stimuli/Fractals/Practice/164a.jpg'
16.2316 	EXP 	main_image: pos = array([-300.,    0.])
16.2316 	EXP 	main_image: image = 'Stimuli/Fractals/Practice/164b.jpg'
16.2316 	EXP 	start_task_text: text = 'Hasonló'
16.2316 	EXP 	start_task_text: text = 'Képek'
18.0496 	DATA 	Keypress: right
18.3149 	EXP 	main_image: pos = array([300.,   0.])
18.3149 	EXP 	main_image: image = 'Stimuli/Fractals/Practice/149a.jpg'
18.3149 	EXP 	main_image: pos = array([-300.,    0.])
18.3149 	EXP 	main_image: image = 'Stimuli/Fractals/Practice/149b.jpg'
18.3149 	EXP 	start_task_text: text = 'Hasonló'
18.3149 	EXP 	start_task_text: text = 'Képek'
19.1150 	DATA 	Keypress: right
19.3816 	EXP 	main_image: pos = array([300.,   0.])
19.3816 	EXP 	main_image: image = 'Stimuli/Fractals/Practice/160b.jpg'
19.3816 	EXP 	main_image: pos = array([-300.,    0.])
19.3816 	EXP 	main_image: image = 'Stimuli/Fractals/Practice/160c.jpg'
19.3816 	EXP 	start_task_text: text = 'Hasonló'
19.3816 	EXP 	start_task_text: text = 'Képek'
21.1989 	DATA 	Keypress: right
21.4481 	EXP 	main_image: pos = array([300.,   0.])
21.4481 	EXP 	main_image: image = 'Stimuli/Fractals/Practice/167a.jpg'
21.4481 	EXP 	main_image: pos = array([-300.,    0.])
21.4481 	EXP 	main_image: image = 'Stimuli/Fractals/Practice/167b.jpg'
21.4481 	EXP 	start_task_text: text = 'Hasonló'
21.4481 	EXP 	start_task_text: text = 'Képek'
23.2644 	DATA 	Keypress: right
23.5148 	EXP 	main_image: pos = array([300.,   0.])
23.5148 	EXP 	main_image: image = 'Stimuli/Fractals/Practice/163a.jpg'
23.5148 	EXP 	main_image: pos = array([-300.,    0.])
23.5148 	EXP 	main_image: image = 'Stimuli/Fractals/Practice/173c.jpg'
23.5148 	EXP 	start_task_text: text = 'Új'
23.5148 	EXP 	start_task_text: text = 'Képek'
24.4610 	DATA 	Keypress: right
25.5814 	EXP 	main_image: pos = array([ 122.0209929, -274.0636373])
25.5814 	EXP 	main_image: image = 'Stimuli/Fractals/Practice/166a.jpg'
25.5814 	EXP 	main_image: pos = array([ 222.9434476, -200.7391819])
25.5814 	EXP 	main_image: image = 'Stimuli/Fractals/Practice/166a.jpg'
25.5814 	EXP 	start_task_text: text = 'Hasonló'
25.5814 	EXP 	start_task_text: text = 'Helyek'
27.3981 	DATA 	Keypress: right
27.6480 	EXP 	main_image: pos = array([-285.3169549 ,  -92.70509831])
27.6480 	EXP 	main_image: image = 'Stimuli/Fractals/Practice/159a.jpg'
27.6480 	EXP 	main_image: pos = array([-136.1971499, -267.3019573])
27.6480 	EXP 	main_image: image = 'Stimuli/Fractals/Practice/159a.jpg'
27.6480 	EXP 	start_task_text: text = 'Hasonló'
27.6480 	EXP 	start_task_text: text = 'Helyek'
30.4829 	DATA 	Keypress: right
30.7315 	EXP 	main_image: pos = array([200.7391819, 222.9434476])
30.7315 	EXP 	main_image: image = 'Stimuli/Fractals/Practice/148b.jpg'
30.7315 	EXP 	main_image: pos = array([300.,   0.])
30.7315 	EXP 	main_image: image = 'Stimuli/Fractals/Practice/148b.jpg'
30.7315 	EXP 	start_task_text: text = 'Hasonló'
30.7315 	EXP 	start_task_text: text = 'Helyek'
31.5323 	DATA 	Keypress: right
31.7979 	EXP 	main_image: pos = array([ 31.35853898, 298.3565686 ])
31.7979 	EXP 	main_image: image = 'Stimuli/Fractals/Practice/177b.jpg'
31.7979 	EXP 	main_image: pos = array([ -46.93033951, -296.3065022 ])
31.7979 	EXP 	main_image: image = 'Stimuli/Fractals/Practice/177b.jpg'
31.7979 	EXP 	start_task_text: text = 'Új'
31.7979 	EXP 	start_task_text: text = 'Helyek'
45.9576 	DATA 	Keypress: right
47.0475 	EXP 	instr_text: text = 'Most a gyakorlás következik. Ha készen áll, nyomjon le egy billentyűt.'
50.2372 	DATA 	Keypress: escape
50.3974 	EXP 	main_image: pos = array([-99.31902537, 283.0825519 ])
50.3974 	EXP 	main_image: image = 'Stimuli/Fractals/Practice/156b.jpg'
50.3974 	EXP 	start_task_text: text = 'A helyes válasz: Új'
50.3974 	EXP 	start_task_text: text = ''
50.3974 	EXP 	start_task_text: text = ''
50.3974 	EXP 	main_image: pos = array([ 122.0209929, -274.0636373])
50.3974 	EXP 	main_image: image = 'Stimuli/Fractals/Practice/166c.jpg'
50.3974 	EXP 	start_task_text: text = 'A helyes válasz: Hasonló'
50.3974 	EXP 	start_task_text: text = ''
50.3974 	EXP 	start_task_text: text = ''
50.3974 	EXP 	main_image: pos = array([300.,   0.])
50.3974 	EXP 	main_image: image = 'Stimuli/Fractals/Practice/167a.jpg'
50.3974 	EXP 	start_task_text: text = 'A helyes válasz: Régi'
50.3974 	EXP 	start_task_text: text = ''
50.3974 	EXP 	start_task_text: text = ''
50.3974 	EXP 	main_image: pos = array([ 31.35853898, 298.3565686 ])
50.3974 	EXP 	main_image: image = 'Stimuli/Fractals/Practice/177a.jpg'
50.3974 	EXP 	start_task_text: text = 'A helyes válasz: Hasonló'
50.3974 	EXP 	start_task_text: text = ''
50.3974 	EXP 	start_task_text: text = ''
50.3974 	EXP 	main_image: pos = array([-259.8076211,  150.       ])
50.3974 	EXP 	main_image: image = 'Stimuli/Fractals/Practice/159a.jpg'
50.3974 	EXP 	start_task_text: text = 'A helyes válasz: Hasonló'
50.3974 	EXP 	start_task_text: text = ''
50.3974 	EXP 	start_task_text: text = ''
50.3974 	EXP 	main_image: pos = array([-176.3355757, -242.7050983])
50.3974 	EXP 	main_image: image = 'Stimuli/Fractals/Practice/148b.jpg'
50.3974 	EXP 	start_task_text: text = 'A helyes válasz: Új'
50.3974 	EXP 	start_task_text: text = ''
50.3974 	EXP 	start_task_text: text = ''
50.3974 	EXP 	main_image: pos = array([ 122.0209929, -274.0636373])
50.3974 	EXP 	main_image: image = 'Stimuli/Fractals/Practice/166a.jpg'
50.3974 	EXP 	start_task_text: text = 'A helyes válasz: Régi'
50.3974 	EXP 	start_task_text: text = ''
50.3974 	EXP 	start_task_text: text = ''
50.3974 	EXP 	instr_text: text = 'Régi - F\nHasonló - J\nÚj - K\n\nA kísérletvezető indítja a feladatot.'
50.3974 	EXP 	start_task_text: text = 'Figyeljen, kezdődik a feladat...'
50.3974 	EXP 	main_image: pos = array([-299.9187724 ,   -6.98068691])
50.3974 	EXP 	main_image: image = 'Stimuli/Fractals/106a.jpg'
50.3974 	EXP 	logo: opacity = 0.8
51.2932 	DATA 	Keypress: return
51.3396 	EXP 	window1: mouseVisible = True
