11.2959 	WARNING 	Monitor specification not found. Creating a temporary one...
11.9473 	EXP 	Created window1 = Window(allowGUI=False, allowStencil=False, autoLog=True, backendConf=UNKNOWN, bitsMode=UNKNOWN, blendMode='avg', bpc=(8, 8, 8), color=array([0.114, 0.31 , 0.38 ]), colorSpace='rgb', depthBits=8, fullscr=<method-wrapper '__getattribute__' of attributeSetter object at 0x000000001EA0A6A0>, gamma=None, gammaErrorPolicy='raise', lms=UNKNOWN, monitor=<psychopy.monitors.calibTools.Monitor object at 0x000000001EA21080>, multiSample=False, name='window1', numSamples=2, pos=[0.0, 0.0], screen=1, size=array([1920, 1080]), stencilBits=0, stereo=False, units='height', useFBO=True, useRetina=False, viewOri=0.0, viewPos=None, viewScale=None, waitBlanking=True, winType='pyglet')
11.9474 	EXP 	window1: mouseVisible = True
11.9475 	EXP 	window1: recordFrameIntervals = False
12.1138 	EXP 	window1: recordFrameIntervals = True
12.2990 	EXP 	window1: recordFrameIntervals = False
12.3986 	EXP 	window1: mouseVisible = False
12.4559 	EXP 	Created anatomy_text = TextStim(__class__=<class 'psychopy.visual.text.TextStim'>, alignHoriz=method-wrapper(...), alignText='center', alignVert=method-wrapper(...), anchorHoriz='center', anchorVert='center', antialias=True, autoLog=True, bold=False, color=array([-1, -1, -1]), colorSpace='rgb', contrast=1.0, depth=0.0, flipHoriz=False, flipVert=False, font='Arial', fontFiles=[], height=0.05, italic=False, languageStyle='LTR', name='anatomy_text', opacity=1, ori=0, pos=array([0., 0.]), rgb=UNKNOWN, text=str(...), units='height', win=Window(...), wrapWidth=1)
12.4649 	EXP 	Created general_instructions_continue = TextStim(__class__=<class 'psychopy.visual.text.TextStim'>, alignHoriz=method-wrapper(...), alignText='center', alignVert=method-wrapper(...), anchorHoriz='center', anchorVert='center', antialias=True, autoLog=True, bold=False, color=array([-1, -1, -1]), colorSpace='rgb', contrast=1.0, depth=-2.0, flipHoriz=False, flipVert=False, font='Arial', fontFiles=[], height=0.05, italic=False, languageStyle='LTR', name='general_instructions_continue', opacity=1, ori=0, pos=array([ 0. , -0.4]), rgb=UNKNOWN, text=str(...), units='height', win=Window(...), wrapWidth=1)
12.4781 	EXP 	Created choose_video_text = TextStim(__class__=<class 'psychopy.visual.text.TextStim'>, alignHoriz=method-wrapper(...), alignText='center', alignVert=method-wrapper(...), anchorHoriz='center', anchorVert='center', antialias=True, autoLog=True, bold=False, color=array([-1, -1, -1]), colorSpace='rgb', contrast=1.0, depth=0.0, flipHoriz=False, flipVert=False, font='Arial', fontFiles=[], height=0.05, italic=False, languageStyle='LTR', name='choose_video_text', opacity=1, ori=0, pos=array([0., 0.]), rgb=UNKNOWN, text=str(...), units='height', win=Window(...), wrapWidth=1)
12.4883 	EXP 	Created loading_text = TextStim(__class__=<class 'psychopy.visual.text.TextStim'>, alignHoriz=method-wrapper(...), alignText='center', alignVert=method-wrapper(...), anchorHoriz='center', anchorVert='center', antialias=True, autoLog=True, bold=False, color=array([-1, -1, -1]), colorSpace='rgb', contrast=1.0, depth=-1.0, flipHoriz=False, flipVert=False, font='Open Sans', fontFiles=[], height=0.1, italic=False, languageStyle='LTR', name='loading_text', opacity=1, ori=0.0, pos=array([0., 0.]), rgb=UNKNOWN, text='A videó betölt...', units='height', win=Window(...), wrapWidth=1)
12.4913 	EXP 	Created prepare_task_text = TextStim(__class__=<class 'psychopy.visual.text.TextStim'>, alignHoriz=method-wrapper(...), alignText='center', alignVert=method-wrapper(...), anchorHoriz='center', anchorVert='center', antialias=True, autoLog=True, bold=False, color=array([-1, -1, -1]), colorSpace='rgb', contrast=1.0, depth=0.0, flipHoriz=False, flipVert=False, font='Arial', fontFiles=[], height=0.05, italic=False, languageStyle='LTR', name='prepare_task_text', opacity=1, ori=0, pos=array([0., 0.]), rgb=UNKNOWN, text='Vége az anatómiai mérésnek.', units='height', win=Window(...), wrapWidth=0.52)
12.5241 	EXP 	anatomy_text: autoDraw = True
17.5137 	EXP 	general_instructions_continue: autoDraw = True
21.1014 	DATA 	Keypress: d
21.1137 	EXP 	anatomy_text: autoDraw = False
21.1137 	EXP 	general_instructions_continue: autoDraw = False
21.1137 	EXP 	choose_video_text: autoDraw = True
28.4196 	EXP 	window1: recordFrameIntervals = False
28.4211 	DATA 	Keypress: a
28.4331 	EXP 	choose_video_text: autoDraw = False
28.4331 	EXP 	loading_text: autoDraw = True
28.4332 	EXP 	window1: recordFrameIntervals = False
31.5021 	EXP 	Created video_file = MovieStim3(__class__=<class 'psychopy.visual.movie3.MovieStim3'>, autoLog=True, color=UNKNOWN, colorSpace=UNKNOWN, depth=0.0, filename='stimuli/hubble_final.mp4', flipHoriz=False, flipVert=False, fps=UNKNOWN, interpolate=True, loop=True, name='video_file', noAudio=False, opacity=1, ori=method-wrapper(...), pos=array([0., 0.]), size=method-wrapper(...), units='pix', vframe_callback=UNKNOWN, volume=UNKNOWN, win=Window(...))
35.5701 	EXP 	Sound  started
35.5816 	EXP 	loading_text: autoDraw = False
35.5816 	EXP 	loading_text: autoDraw = False
35.5816 	EXP 	video_file: autoLog = True
35.5816 	EXP 	video_file: movie = 'stimuli/hubble_final.mp4'
35.5816 	EXP 	video_file: size = array([1920., 1080.])
35.5816 	EXP 	video_file: ori = 0
35.5816 	EXP 	video_file: autoDraw = True
758.9896 	EXP 	Sound  stopped
758.9926 	DATA 	Keypress: space
758.9935 	EXP 	video_file: autoDraw = False
758.9935 	EXP 	prepare_task_text: autoDraw = True
760.6893 	DATA 	Keypress: space
765.7572 	EXP 	prepare_task_text: autoDraw = False
765.7624 	EXP 	window1: mouseVisible = True
