27.9963 	WARNING 	Monitor specification not found. Creating a temporary one...
28.6518 	EXP 	Created window1 = Window(allowGUI=False, allowStencil=False, autoLog=True, backendConf=UNKNOWN, bitsMode=UNKNOWN, blendMode='avg', bpc=(8, 8, 8), color=array([0.114, 0.31 , 0.38 ]), colorSpace='rgb', depthBits=8, fullscr=<method-wrapper '__getattribute__' of attributeSetter object at 0x000000001EAAB6A0>, gamma=None, gammaErrorPolicy='raise', lms=UNKNOWN, monitor=<psychopy.monitors.calibTools.Monitor object at 0x000000001EAC1080>, multiSample=False, name='window1', numSamples=2, pos=[0.0, 0.0], screen=1, size=array([1920, 1080]), stencilBits=0, stereo=False, units='height', useFBO=True, useRetina=False, viewOri=0.0, viewPos=None, viewScale=None, waitBlanking=True, winType='pyglet')
28.6519 	EXP 	window1: mouseVisible = True
28.6519 	EXP 	window1: recordFrameIntervals = False
28.8181 	EXP 	window1: recordFrameIntervals = True
29.0026 	EXP 	window1: recordFrameIntervals = False
29.1060 	EXP 	window1: mouseVisible = False
29.1872 	EXP 	Created anatomy_text = TextStim(__class__=<class 'psychopy.visual.text.TextStim'>, alignHoriz=method-wrapper(...), alignText='center', alignVert=method-wrapper(...), anchorHoriz='center', anchorVert='center', antialias=True, autoLog=True, bold=False, color=array([-1, -1, -1]), colorSpace='rgb', contrast=1.0, depth=0.0, flipHoriz=False, flipVert=False, font='Arial', fontFiles=[], height=0.05, italic=False, languageStyle='LTR', name='anatomy_text', opacity=1, ori=0, pos=array([0., 0.]), rgb=UNKNOWN, text=str(...), units='height', win=Window(...), wrapWidth=1)
29.1961 	EXP 	Created general_instructions_continue = TextStim(__class__=<class 'psychopy.visual.text.TextStim'>, alignHoriz=method-wrapper(...), alignText='center', alignVert=method-wrapper(...), anchorHoriz='center', anchorVert='center', antialias=True, autoLog=True, bold=False, color=array([-1, -1, -1]), colorSpace='rgb', contrast=1.0, depth=-2.0, flipHoriz=False, flipVert=False, font='Arial', fontFiles=[], height=0.05, italic=False, languageStyle='LTR', name='general_instructions_continue', opacity=1, ori=0, pos=array([ 0. , -0.4]), rgb=UNKNOWN, text=str(...), units='height', win=Window(...), wrapWidth=1)
29.2092 	EXP 	Created choose_video_text = TextStim(__class__=<class 'psychopy.visual.text.TextStim'>, alignHoriz=method-wrapper(...), alignText='center', alignVert=method-wrapper(...), anchorHoriz='center', anchorVert='center', antialias=True, autoLog=True, bold=False, color=array([-1, -1, -1]), colorSpace='rgb', contrast=1.0, depth=0.0, flipHoriz=False, flipVert=False, font='Arial', fontFiles=[], height=0.05, italic=False, languageStyle='LTR', name='choose_video_text', opacity=1, ori=0, pos=array([0., 0.]), rgb=UNKNOWN, text=str(...), units='height', win=Window(...), wrapWidth=1)
29.2191 	EXP 	Created loading_text = TextStim(__class__=<class 'psychopy.visual.text.TextStim'>, alignHoriz=method-wrapper(...), alignText='center', alignVert=method-wrapper(...), anchorHoriz='center', anchorVert='center', antialias=True, autoLog=True, bold=False, color=array([-1, -1, -1]), colorSpace='rgb', contrast=1.0, depth=-1.0, flipHoriz=False, flipVert=False, font='Open Sans', fontFiles=[], height=0.1, italic=False, languageStyle='LTR', name='loading_text', opacity=1, ori=0.0, pos=array([0., 0.]), rgb=UNKNOWN, text='A videó betölt...', units='height', win=Window(...), wrapWidth=1)
29.2221 	EXP 	Created prepare_task_text = TextStim(__class__=<class 'psychopy.visual.text.TextStim'>, alignHoriz=method-wrapper(...), alignText='center', alignVert=method-wrapper(...), anchorHoriz='center', anchorVert='center', antialias=True, autoLog=True, bold=False, color=array([-1, -1, -1]), colorSpace='rgb', contrast=1.0, depth=0.0, flipHoriz=False, flipVert=False, font='Arial', fontFiles=[], height=0.05, italic=False, languageStyle='LTR', name='prepare_task_text', opacity=1, ori=0, pos=array([0., 0.]), rgb=UNKNOWN, text='Vége az anatómiai mérésnek.', units='height', win=Window(...), wrapWidth=0.52)
29.2508 	EXP 	anatomy_text: autoDraw = True
34.2513 	EXP 	general_instructions_continue: autoDraw = True
36.6752 	DATA 	Keypress: d
36.6876 	EXP 	anatomy_text: autoDraw = False
36.6876 	EXP 	general_instructions_continue: autoDraw = False
36.6876 	EXP 	choose_video_text: autoDraw = True
41.8369 	EXP 	window1: recordFrameIntervals = False
41.8384 	DATA 	Keypress: a
41.8508 	EXP 	choose_video_text: autoDraw = False
41.8508 	EXP 	loading_text: autoDraw = True
41.8509 	EXP 	window1: recordFrameIntervals = False
44.9226 	EXP 	Created video_file = MovieStim3(__class__=<class 'psychopy.visual.movie3.MovieStim3'>, autoLog=True, color=UNKNOWN, colorSpace=UNKNOWN, depth=0.0, filename='stimuli/hubble_final.mp4', flipHoriz=False, flipVert=False, fps=UNKNOWN, interpolate=True, loop=True, name='video_file', noAudio=False, opacity=1, ori=method-wrapper(...), pos=array([0., 0.]), size=method-wrapper(...), units='pix', vframe_callback=UNKNOWN, volume=UNKNOWN, win=Window(...))
49.0713 	EXP 	Sound  started
49.0822 	EXP 	loading_text: autoDraw = False
49.0822 	EXP 	loading_text: autoDraw = False
49.0822 	EXP 	video_file: autoLog = True
49.0822 	EXP 	video_file: movie = 'stimuli/hubble_final.mp4'
49.0822 	EXP 	video_file: size = array([1920., 1080.])
49.0822 	EXP 	video_file: ori = 0
49.0822 	EXP 	video_file: autoDraw = True
76.3763 	DATA 	Mouse: wheel shift=(0,1), pos=(0,0)
76.4093 	DATA 	Mouse: wheel shift=(0,1), pos=(0,0)
76.4352 	DATA 	Mouse: wheel shift=(0,1), pos=(0,0)
76.4683 	DATA 	Mouse: wheel shift=(0,1), pos=(0,0)
76.5023 	DATA 	Mouse: wheel shift=(0,1), pos=(0,0)
76.5763 	DATA 	Mouse: wheel shift=(0,1), pos=(0,0)
76.6590 	DATA 	Mouse: wheel shift=(0,1), pos=(0,0)
782.9879 	EXP 	Sound  reached end of file
786.5262 	EXP 	Sound  started
786.5861 	EXP 	Set video_file finished
802.6841 	EXP 	Sound  stopped
802.6985 	EXP 	video_file: autoDraw = False
802.6985 	EXP 	prepare_task_text: autoDraw = True
809.5019 	EXP 	prepare_task_text: autoDraw = False
809.5075 	EXP 	window1: mouseVisible = True
