0.2062 	WARNING 	We strongly recommend you activate the PTB sound engine in PsychoPy prefs as the preferred audio engine. Its timing is vastly superior. Your prefs are currently set to use ['sounddevice', 'PTB', 'pyo', 'pygame'] (in that order).
0.3626 	WARNING 	Monitor specification not found. Creating a temporary one...
1.2627 	WARNING 	Import Error: No module named 'psychtoolbox'. Using event module for keyboard component.
21.2378 	WARNING 	Monitor specification not found. Creating a temporary one...
21.2453 	WARNING 	User requested fullscreen with size [1920 1080], but screen is actually [1920, 1040]. Using actual size
21.3014 	WARNING 	Trying to use a framebuffer object but GL_ARB_texture_float is not supported. Disabling
21.8626 	EXP 	Created window1 = Window(allowGUI=False, allowStencil=False, args=UNKNOWN, autoLog=True, bitsMode=UNKNOWN, blendMode='avg', bpc=(8, 8, 8), color=array([0.804, 0.804, 0.961]), colorSpace='rgb', depthBits=8, fullscr=<method-wrapper '__getattribute__' of attributeSetter object at 0x7fa683db6340>, gamma=None, gammaErrorPolicy='raise', kwargs=UNKNOWN, lms=UNKNOWN, monitor=<psychopy.monitors.calibTools.Monitor object at 0x7fa683d58eb0>, multiSample=False, name='window1', numSamples=2, pos=[0.0, 0.0], screen=0, size=array([1920, 1040]), stencilBits=0, stereo=False, units='height', useFBO=False, useRetina=False, viewOri=0.0, viewPos=None, viewScale=None, waitBlanking=True, winType='pyglet')
21.8627 	EXP 	window1: mouseVisible = True
21.8627 	EXP 	window1: recordFrameIntervals = False
22.0289 	EXP 	window1: recordFrameIntervals = True
22.2123 	EXP 	window1: recordFrameIntervals = False
22.2688 	EXP 	Created start_encoding_text = TextStim(__class__=<class 'psychopy.visual.text.TextStim'>, alignHoriz=method-wrapper(...), alignText='center', alignVert=method-wrapper(...), anchorHoriz='center', anchorVert='center', antialias=True, autoLog=True, bold=False, color='black', colorSpace='named', contrast=1.0, depth=0.0, flipHoriz=False, flipVert=False, font='Arial', fontFiles=[], height=0.1, italic=False, languageStyle='LTR', name='start_encoding_text', opacity=1.0, ori=0, pos=array([0., 0.]), rgb=array([0., 0., 0.]), text='default text', units='height', win=Window(...), wrapWidth=1)
22.2965 	EXP 	Created enc_instructions_1_text = TextStim(__class__=<class 'psychopy.visual.text.TextStim'>, alignHoriz=method-wrapper(...), alignText='center', alignVert=method-wrapper(...), anchorHoriz='center', anchorVert='center', antialias=True, autoLog=True, bold=False, color='black', colorSpace='named', contrast=1.0, depth=0.0, flipHoriz=False, flipVert=False, font='Arial', fontFiles=[], height=0.03, italic=False, languageStyle='LTR', name='enc_instructions_1_text', opacity=1.0, ori=0, pos=array([-0.3,  0. ]), rgb=array([0., 0., 0.]), text=str(...), units='height', win=Window(...), wrapWidth=0.65)
22.4672 	EXP 	Created enc_instructions_1_image = ImageStim(__class__=<class 'psychopy.visual.image.ImageStim'>, autoLog=True, color=array([1., 1., 1.]), colorSpace='rgb', contrast=1.0, depth=-1.0, flipHoriz=False, flipVert=False, image='stimuli/GalleryBuildingFromOutside.jpg', interpolate=True, mask=None, maskParams=None, name='enc_instructions_1_image', opacity=1.0, ori=0.0, pos=array([0.4688, 0.    ]), size=array([0.625 , 0.8333]), texRes=128, units='norm', win=Window(...))
22.4751 	EXP 	Created instructions_1_continue = TextStim(__class__=<class 'psychopy.visual.text.TextStim'>, alignHoriz=method-wrapper(...), alignText='center', alignVert=method-wrapper(...), anchorHoriz='center', anchorVert='center', antialias=True, autoLog=True, bold=False, color='black', colorSpace='named', contrast=1.0, depth=-3.0, flipHoriz=False, flipVert=False, font='Arial', fontFiles=[], height=0.03, italic=False, languageStyle='LTR', name='instructions_1_continue', opacity=1.0, ori=0, pos=array([ 0. , -0.4]), rgb=array([0., 0., 0.]), text=str(...), units='height', win=Window(...), wrapWidth=1)
22.4921 	EXP 	Created enc_instructions_2_text = TextStim(__class__=<class 'psychopy.visual.text.TextStim'>, alignHoriz=method-wrapper(...), alignText='center', alignVert=method-wrapper(...), anchorHoriz='center', anchorVert='center', antialias=True, autoLog=True, bold=False, color='black', colorSpace='named', contrast=1.0, depth=0.0, flipHoriz=False, flipVert=False, font='Arial', fontFiles=[], height=0.03, italic=False, languageStyle='LTR', name='enc_instructions_2_text', opacity=1.0, ori=0, pos=array([-0.35,  0.  ]), rgb=array([0., 0., 0.]), text=str(...), units='height', win=Window(...), wrapWidth=0.5)
23.2489 	EXP 	Created enc_instructions_2_image = ImageStim(__class__=<class 'psychopy.visual.image.ImageStim'>, autoLog=True, color=array([1., 1., 1.]), colorSpace='rgb', contrast=1.0, depth=-1.0, flipHoriz=False, flipVert=False, image='stimuli/GalleryInterior.png', interpolate=True, mask=None, maskParams=None, name='enc_instructions_2_image', opacity=1.0, ori=0.0, pos=array([0.4427, 0.    ]), size=array([0.7604, 0.8185]), texRes=128, units='norm', win=Window(...))
23.2517 	EXP 	Created instructions_2_continue = TextStim(__class__=<class 'psychopy.visual.text.TextStim'>, alignHoriz=method-wrapper(...), alignText='center', alignVert=method-wrapper(...), anchorHoriz='center', anchorVert='center', antialias=True, autoLog=True, bold=False, color='black', colorSpace='named', contrast=1.0, depth=-3.0, flipHoriz=False, flipVert=False, font='Arial', fontFiles=[], height=0.03, italic=False, languageStyle='LTR', name='instructions_2_continue', opacity=1.0, ori=0, pos=array([ 0. , -0.4]), rgb=array([0., 0., 0.]), text=str(...), units='height', win=Window(...), wrapWidth=1)
23.2702 	EXP 	Created enc_instructions_3_text = TextStim(__class__=<class 'psychopy.visual.text.TextStim'>, alignHoriz=method-wrapper(...), alignText='center', alignVert=method-wrapper(...), anchorHoriz='center', anchorVert='center', antialias=True, autoLog=True, bold=False, color='black', colorSpace='named', contrast=1.0, depth=0.0, flipHoriz=False, flipVert=False, font='Arial', fontFiles=[], height=0.04, italic=False, languageStyle='LTR', name='enc_instructions_3_text', opacity=1.0, ori=0, pos=array([0., 0.]), rgb=array([0., 0., 0.]), text=str(...), units='height', win=Window(...), wrapWidth=1)
23.2759 	EXP 	Created enc_instructions_3_continue = TextStim(__class__=<class 'psychopy.visual.text.TextStim'>, alignHoriz=method-wrapper(...), alignText='center', alignVert=method-wrapper(...), anchorHoriz='center', anchorVert='center', antialias=True, autoLog=True, bold=False, color='black', colorSpace='named', contrast=1.0, depth=-2.0, flipHoriz=False, flipVert=False, font='Arial', fontFiles=[], height=0.03, italic=False, languageStyle='LTR', name='enc_instructions_3_continue', opacity=1.0, ori=0, pos=array([ 0. , -0.4]), rgb=array([0., 0., 0.]), text=str(...), units='height', win=Window(...), wrapWidth=1)
23.2844 	EXP 	Created start_practice_text = TextStim(__class__=<class 'psychopy.visual.text.TextStim'>, alignHoriz=method-wrapper(...), alignText='center', alignVert=method-wrapper(...), anchorHoriz='center', anchorVert='center', antialias=True, autoLog=True, bold=False, color='black', colorSpace='named', contrast=1.0, depth=0.0, flipHoriz=False, flipVert=False, font='Arial', fontFiles=[], height=0.1, italic=False, languageStyle='LTR', name='start_practice_text', opacity=1.0, ori=0, pos=array([0., 0.]), rgb=array([0., 0., 0.]), text='Kezdődik a gyakorlás...', units='height', win=Window(...), wrapWidth=1)
24.0655 	EXP 	Created enc_practice_fx_interior = ImageStim(__class__=<class 'psychopy.visual.image.ImageStim'>, autoLog=True, color=array([1., 1., 1.]), colorSpace='rgb', contrast=1.0, depth=0.0, flipHoriz=False, flipVert=False, image='stimuli/GalleryInterior.png', interpolate=True, mask=None, maskParams=None, name='enc_practice_fx_interior', opacity=1.0, ori=0.0, pos=array([0., 0.]), size=array([2., 2.]), texRes=128, units='norm', win=Window(...))
24.0691 	EXP 	Created enc_practice_fx_cross = TextStim(__class__=<class 'psychopy.visual.text.TextStim'>, alignHoriz=method-wrapper(...), alignText='center', alignVert=method-wrapper(...), anchorHoriz='center', anchorVert='center', antialias=True, autoLog=True, bold=False, color='black', colorSpace='named', contrast=1.0, depth=-1.0, flipHoriz=False, flipVert=False, font='Arial', fontFiles=[], height=0.1, italic=False, languageStyle='LTR', name='enc_practice_fx_cross', opacity=1.0, ori=0, pos=array([0., 0.]), rgb=array([0., 0., 0.]), text='+', units='norm', win=Window(...), wrapWidth=1)
24.8221 	EXP 	Created enc_practice_trial_interior = ImageStim(__class__=<class 'psychopy.visual.image.ImageStim'>, autoLog=True, color=array([1., 1., 1.]), colorSpace='rgb', contrast=1.0, depth=-1.0, flipHoriz=False, flipVert=False, image='stimuli/GalleryInterior.png', interpolate=True, mask=None, maskParams=None, name='enc_practice_trial_interior', opacity=1.0, ori=0.0, pos=array([0., 0.]), size=array([2., 2.]), texRes=128, units='norm', win=Window(...))
24.8463 	EXP 	Created enc_practice_trial_main_image = ImageStim(__class__=<class 'psychopy.visual.image.ImageStim'>, autoLog=True, color=array([1., 1., 1.]), colorSpace='rgb', contrast=1.0, depth=-2.0, flipHoriz=False, flipVert=False, image='sin', interpolate=True, mask=None, maskParams=None, name='enc_practice_trial_main_image', opacity=1.0, ori=0.0, pos=array([0., 0.]), size=array([1., 1.]), texRes=128, units='norm', win=Window(...))
25.5993 	EXP 	Created enc_practice_feedback_interior = ImageStim(__class__=<class 'psychopy.visual.image.ImageStim'>, autoLog=True, color=array([1., 1., 1.]), colorSpace='rgb', contrast=1.0, depth=-1.0, flipHoriz=False, flipVert=False, image='stimuli/GalleryInterior.png', interpolate=True, mask=None, maskParams=None, name='enc_practice_feedback_interior', opacity=1.0, ori=0.0, pos=array([0., 0.]), size=array([2., 2.]), texRes=128, units='norm', win=Window(...))
25.6223 	EXP 	Created enc_practice_feedback_image = ImageStim(__class__=<class 'psychopy.visual.image.ImageStim'>, autoLog=True, color=array([1., 1., 1.]), colorSpace='rgb', contrast=1.0, depth=-2.0, flipHoriz=False, flipVert=False, image='sin', interpolate=True, mask=None, maskParams=None, name='enc_practice_feedback_image', opacity=1.0, ori=0.0, pos=array([0., 0.]), size=array([1., 1.]), texRes=128, units='norm', win=Window(...))
25.6295 	EXP 	Created enc_practice_feedback_text = TextStim(__class__=<class 'psychopy.visual.text.TextStim'>, alignHoriz=method-wrapper(...), alignText='center', alignVert=method-wrapper(...), anchorHoriz='center', anchorVert='center', antialias=True, autoLog=True, bold=False, color='black', colorSpace='named', contrast=1.0, depth=-3.0, flipHoriz=False, flipVert=False, font='Arial', fontFiles=[], height=0.05, italic=False, languageStyle='LTR', name='enc_practice_feedback_text', opacity=1.0, ori=0, pos=array([0., 0.]), rgb=array([0., 0., 0.]), text='default text', units='norm', win=Window(...), wrapWidth=1)
25.6427 	EXP 	Created end_practice_text = TextStim(__class__=<class 'psychopy.visual.text.TextStim'>, alignHoriz=method-wrapper(...), alignText='center', alignVert=method-wrapper(...), anchorHoriz='center', anchorVert='center', antialias=True, autoLog=True, bold=False, color='black', colorSpace='named', contrast=1.0, depth=0.0, flipHoriz=False, flipVert=False, font='Arial', fontFiles=[], height=0.05, italic=False, languageStyle='LTR', name='end_practice_text', opacity=1.0, ori=0, pos=array([0., 0.]), rgb=array([0., 0., 0.]), text=str(...), units='height', win=Window(...), wrapWidth=0.8)
25.6496 	EXP 	Created end_practice_continue = TextStim(__class__=<class 'psychopy.visual.text.TextStim'>, alignHoriz=method-wrapper(...), alignText='center', alignVert=method-wrapper(...), anchorHoriz='center', anchorVert='center', antialias=True, autoLog=True, bold=False, color='black', colorSpace='named', contrast=1.0, depth=-2.0, flipHoriz=False, flipVert=False, font='Arial', fontFiles=[], height=0.03, italic=False, languageStyle='LTR', name='end_practice_continue', opacity=1.0, ori=0, pos=array([ 0. , -0.4]), rgb=array([0., 0., 0.]), text=str(...), units='height', win=Window(...), wrapWidth=1)
25.6581 	EXP 	Created start_MR_text = TextStim(__class__=<class 'psychopy.visual.text.TextStim'>, alignHoriz=method-wrapper(...), alignText='center', alignVert=method-wrapper(...), anchorHoriz='center', anchorVert='center', antialias=True, autoLog=True, bold=False, color='black', colorSpace='named', contrast=1.0, depth=0.0, flipHoriz=False, flipVert=False, font='Arial', fontFiles=[], height=0.1, italic=False, languageStyle='LTR', name='start_MR_text', opacity=1.0, ori=0, pos=array([0., 0.]), rgb=array([0., 0., 0.]), text='A vizsgálatvezető indítja a szkennert...', units='norm', win=Window(...), wrapWidth=1)
25.6684 	EXP 	Created start_enc_run_text = TextStim(__class__=<class 'psychopy.visual.text.TextStim'>, alignHoriz=method-wrapper(...), alignText='center', alignVert=method-wrapper(...), anchorHoriz='center', anchorVert='center', antialias=True, autoLog=True, bold=False, color='black', colorSpace='named', contrast=1.0, depth=-2.0, flipHoriz=False, flipVert=False, font='Arial', fontFiles=[], height=0.06, italic=False, languageStyle='LTR', name='start_enc_run_text', opacity=1.0, ori=0, pos=array([0., 0.]), rgb=array([0., 0., 0.]), text='Kezdődik a feladat...', units='height', win=Window(...), wrapWidth=1)
26.4383 	EXP 	Created enc_fx_interior = ImageStim(__class__=<class 'psychopy.visual.image.ImageStim'>, autoLog=True, color=array([1., 1., 1.]), colorSpace='rgb', contrast=1.0, depth=0.0, flipHoriz=False, flipVert=False, image='stimuli/GalleryInterior.png', interpolate=True, mask=None, maskParams=None, name='enc_fx_interior', opacity=1.0, ori=0.0, pos=array([0., 0.]), size=array([2., 2.]), texRes=128, units='norm', win=Window(...))
26.4402 	EXP 	Created enc_fx_cross = TextStim(__class__=<class 'psychopy.visual.text.TextStim'>, alignHoriz=method-wrapper(...), alignText='center', alignVert=method-wrapper(...), anchorHoriz='center', anchorVert='center', antialias=True, autoLog=True, bold=False, color='black', colorSpace='named', contrast=1.0, depth=-1.0, flipHoriz=False, flipVert=False, font='Arial', fontFiles=[], height=0.1, italic=False, languageStyle='LTR', name='enc_fx_cross', opacity=1.0, ori=0, pos=array([0., 0.]), rgb=array([0., 0., 0.]), text='+', units='norm', win=Window(...), wrapWidth=1)
27.2150 	EXP 	Created enc_trial_interior = ImageStim(__class__=<class 'psychopy.visual.image.ImageStim'>, autoLog=True, color=array([1., 1., 1.]), colorSpace='rgb', contrast=1.0, depth=-1.0, flipHoriz=False, flipVert=False, image='stimuli/GalleryInterior.png', interpolate=True, mask=None, maskParams=None, name='enc_trial_interior', opacity=1.0, ori=0.0, pos=array([0., 0.]), size=array([2., 2.]), texRes=128, units='norm', win=Window(...))
27.2398 	EXP 	Created enc_trial_main_image = ImageStim(__class__=<class 'psychopy.visual.image.ImageStim'>, autoLog=True, color=array([1., 1., 1.]), colorSpace='rgb', contrast=1.0, depth=-2.0, flipHoriz=False, flipVert=False, image='sin', interpolate=True, mask=None, maskParams=None, name='enc_trial_main_image', opacity=1.0, ori=0.0, pos=array([0., 0.]), size=array([1., 1.]), texRes=128, units='norm', win=Window(...))
27.2426 	EXP 	Created end_enc_run_text = TextStim(__class__=<class 'psychopy.visual.text.TextStim'>, alignHoriz=method-wrapper(...), alignText='center', alignVert=method-wrapper(...), anchorHoriz='center', anchorVert='center', antialias=True, autoLog=True, bold=False, color='black', colorSpace='named', contrast=1.0, depth=0.0, flipHoriz=False, flipVert=False, font='Arial', fontFiles=[], height=0.06, italic=False, languageStyle='LTR', name='end_enc_run_text', opacity=1.0, ori=0, pos=array([0., 0.]), rgb=array([0., 0., 0.]), text='default text', units='height', win=Window(...), wrapWidth=1)
27.2508 	EXP 	Created enc_run_end_continue = TextStim(__class__=<class 'psychopy.visual.text.TextStim'>, alignHoriz=method-wrapper(...), alignText='center', alignVert=method-wrapper(...), anchorHoriz='center', anchorVert='center', antialias=True, autoLog=True, bold=False, color='black', colorSpace='named', contrast=1.0, depth=-2.0, flipHoriz=False, flipVert=False, font='Arial', fontFiles=[], height=0.03, italic=False, languageStyle='LTR', name='enc_run_end_continue', opacity=1.0, ori=0, pos=array([ 0. , -0.4]), rgb=array([0., 0., 0.]), text=str(...), units='height', win=Window(...), wrapWidth=1)
27.2575 	EXP 	Created inter_task_break_text = TextStim(__class__=<class 'psychopy.visual.text.TextStim'>, alignHoriz=method-wrapper(...), alignText='center', alignVert=method-wrapper(...), anchorHoriz='center', anchorVert='center', antialias=True, autoLog=True, bold=False, color='black', colorSpace='named', contrast=1.0, depth=0.0, flipHoriz=False, flipVert=False, font='Arial', fontFiles=[], height=0.03, italic=False, languageStyle='LTR', name='inter_task_break_text', opacity=1.0, ori=0, pos=array([0., 0.]), rgb=array([0., 0., 0.]), text='Most kivesszük Önt a szkennerből.', units='height', win=Window(...), wrapWidth=1)
27.2925 	EXP 	start_encoding_text: text = 'Első feladat\nGaléria berendezés'
27.2925 	EXP 	start_encoding_text: autoDraw = True
28.7812 	EXP 	start_encoding_text: autoDraw = False
28.7812 	EXP 	enc_instructions_1_text: autoDraw = True
28.7812 	EXP 	enc_instructions_1_image: autoDraw = True
33.7454 	EXP 	instructions_1_continue: autoDraw = True
36.6140 	DATA 	Keypress: d
36.6287 	EXP 	enc_instructions_1_text: autoDraw = False
36.6287 	EXP 	enc_instructions_1_image: autoDraw = False
36.6287 	EXP 	instructions_1_continue: autoDraw = False
36.6287 	EXP 	enc_instructions_2_text: autoDraw = True
36.6287 	EXP 	enc_instructions_2_image: autoDraw = True
41.6133 	EXP 	instructions_2_continue: autoDraw = True
43.4286 	DATA 	Keypress: d
43.4451 	EXP 	enc_instructions_2_text: autoDraw = False
43.4451 	EXP 	enc_instructions_2_image: autoDraw = False
43.4451 	EXP 	instructions_2_continue: autoDraw = False
43.4451 	EXP 	enc_instructions_3_text: autoDraw = True
48.4131 	EXP 	enc_instructions_3_continue: autoDraw = True
49.0452 	DATA 	Keypress: d
49.0616 	EXP 	enc_instructions_3_text: autoDraw = False
49.0616 	EXP 	enc_instructions_3_continue: autoDraw = False
49.0616 	EXP 	start_practice_text: autoDraw = True
50.0540 	EXP 	Imported stimuli_tables/encoding_practice_trials.csv as conditions, 9 conditions, 9 params
50.0542 	EXP 	Created sequence: sequential, trialTypes=9, nReps=1, seed=None
50.0545 	EXP 	New trial (rep=0, index=0): OrderedDict([('Task', 'EncodingPractice'), ('TrialType', 'OBJ'), ('StimType', 'LURE'), ('Order', 1), ('CurrentImage', 'stimuli/fractals/166a.jpg'), ('CurrentX', -0.0781), ('CurrentY', 0.4167), ('Jitter', 1500), ('Section', 'Encoding')])
50.0614 	EXP 	start_practice_text: autoDraw = False
50.0614 	EXP 	start_practice_text: autoDraw = False
50.0614 	EXP 	enc_practice_fx_cross: pos = array([-0.0781,  0.4167])
50.0614 	EXP 	enc_practice_fx_interior: autoDraw = True
50.0614 	EXP 	enc_practice_fx_cross: autoDraw = True
51.8904 	EXP 	enc_practice_fx_interior: autoDraw = False
51.8904 	EXP 	enc_practice_fx_cross: autoDraw = False
51.8904 	EXP 	enc_practice_fx_interior: autoDraw = False
51.8904 	EXP 	enc_practice_fx_cross: autoDraw = False
51.8904 	EXP 	enc_practice_trial_main_image: pos = array([-0.0781,  0.4167])
51.8904 	EXP 	enc_practice_trial_main_image: size = array([0.3125    , 0.57692308])
51.8904 	EXP 	enc_practice_trial_main_image: image = 'stimuli/fractals/166a.jpg'
51.8904 	EXP 	enc_practice_trial_interior: autoDraw = True
51.8904 	EXP 	enc_practice_trial_main_image: autoDraw = True
52.1471 	DATA 	Keypress: d
53.9285 	DATA 	Keypress: v
54.0782 	DATA 	Keypress: c
54.9379 	EXP 	enc_practice_trial_interior: autoDraw = False
54.9379 	EXP 	enc_practice_trial_main_image: autoDraw = False
54.9379 	EXP 	enc_practice_feedback_image: pos = array([-0.0781,  0.4167])
54.9379 	EXP 	enc_practice_feedback_image: size = array([0.3125    , 0.57692308])
54.9379 	EXP 	enc_practice_feedback_image: image = 'stimuli/fractals/166a.jpg'
54.9379 	EXP 	enc_practice_feedback_text: pos = array([-0.0781,  0.0167])
54.9379 	EXP 	enc_practice_feedback_text: text = 'Az Ön válasza:\nA kép marad.'
54.9379 	EXP 	enc_practice_feedback_interior: autoDraw = True
54.9379 	EXP 	enc_practice_feedback_image: autoDraw = True
54.9379 	EXP 	enc_practice_feedback_text: autoDraw = True
55.5623 	EXP 	New trial (rep=0, index=1): OrderedDict([('Task', 'EncodingPractice'), ('TrialType', 'OBJ'), ('StimType', 'TARGET'), ('Order', 1), ('CurrentImage', 'stimuli/fractals/167a.jpg'), ('CurrentX', 0.2344), ('CurrentY', 0.4167), ('Jitter', 500), ('Section', 'Encoding')])
55.5782 	EXP 	enc_practice_feedback_interior: autoDraw = False
55.5782 	EXP 	enc_practice_feedback_image: autoDraw = False
55.5782 	EXP 	enc_practice_feedback_text: autoDraw = False
55.5782 	EXP 	enc_practice_fx_cross: pos = array([0.2344, 0.4167])
55.5782 	EXP 	enc_practice_fx_interior: autoDraw = True
55.5782 	EXP 	enc_practice_fx_cross: autoDraw = True
56.3227 	EXP 	enc_practice_fx_interior: autoDraw = False
56.3227 	EXP 	enc_practice_fx_cross: autoDraw = False
56.3227 	EXP 	enc_practice_fx_interior: autoDraw = False
56.3227 	EXP 	enc_practice_fx_cross: autoDraw = False
56.3227 	EXP 	enc_practice_trial_main_image: pos = array([0.2344, 0.4167])
56.3227 	EXP 	enc_practice_trial_main_image: size = array([0.3125    , 0.57692308])
56.3227 	EXP 	enc_practice_trial_main_image: image = 'stimuli/fractals/167a.jpg'
56.3227 	EXP 	enc_practice_trial_interior: autoDraw = True
56.3227 	EXP 	enc_practice_trial_main_image: autoDraw = True
56.9119 	DATA 	Keypress: b
59.2956 	EXP 	enc_practice_trial_interior: autoDraw = False
59.2956 	EXP 	enc_practice_trial_main_image: autoDraw = False
59.2956 	EXP 	enc_practice_feedback_image: pos = array([0.2344, 0.4167])
59.2956 	EXP 	enc_practice_feedback_image: size = array([0.3125    , 0.57692308])
59.2956 	EXP 	enc_practice_feedback_image: image = 'stimuli/fractals/167a.jpg'
59.2956 	EXP 	enc_practice_feedback_text: pos = array([0.2344, 0.0167])
59.2956 	EXP 	enc_practice_feedback_text: text = 'Az Ön válasza:\nA kép nem marad.'
59.2956 	EXP 	enc_practice_feedback_interior: autoDraw = True
59.2956 	EXP 	enc_practice_feedback_image: autoDraw = True
59.2956 	EXP 	enc_practice_feedback_text: autoDraw = True
60.0787 	EXP 	New trial (rep=0, index=2): OrderedDict([('Task', 'EncodingPractice'), ('TrialType', 'OBJ'), ('StimType', 'FOIL'), ('Order', 1), ('CurrentImage', 'stimuli/fractals/149a.jpg'), ('CurrentX', 0.2344), ('CurrentY', -0.1389), ('Jitter', 1000), ('Section', 'Encoding')])
60.0947 	EXP 	enc_practice_feedback_interior: autoDraw = False
60.0947 	EXP 	enc_practice_feedback_image: autoDraw = False
60.0947 	EXP 	enc_practice_feedback_text: autoDraw = False
60.0947 	EXP 	enc_practice_fx_cross: pos = array([ 0.2344, -0.1389])
60.0947 	EXP 	enc_practice_fx_interior: autoDraw = True
60.0947 	EXP 	enc_practice_fx_cross: autoDraw = True
61.3011 	EXP 	enc_practice_fx_interior: autoDraw = False
61.3011 	EXP 	enc_practice_fx_cross: autoDraw = False
61.3011 	EXP 	enc_practice_fx_interior: autoDraw = False
61.3011 	EXP 	enc_practice_fx_cross: autoDraw = False
61.3011 	EXP 	enc_practice_trial_main_image: pos = array([ 0.2344, -0.1389])
61.3011 	EXP 	enc_practice_trial_main_image: size = array([0.3125    , 0.57692308])
61.3011 	EXP 	enc_practice_trial_main_image: image = 'stimuli/fractals/149a.jpg'
61.3011 	EXP 	enc_practice_trial_interior: autoDraw = True
61.3011 	EXP 	enc_practice_trial_main_image: autoDraw = True
62.2282 	DATA 	Keypress: b
64.3366 	EXP 	enc_practice_trial_interior: autoDraw = False
64.3366 	EXP 	enc_practice_trial_main_image: autoDraw = False
64.3366 	EXP 	enc_practice_feedback_image: pos = array([ 0.2344, -0.1389])
64.3366 	EXP 	enc_practice_feedback_image: size = array([0.3125    , 0.57692308])
64.3366 	EXP 	enc_practice_feedback_image: image = 'stimuli/fractals/149a.jpg'
64.3366 	EXP 	enc_practice_feedback_text: pos = array([ 0.2344, -0.5389])
64.3366 	EXP 	enc_practice_feedback_text: text = 'Az Ön válasza:\nA kép nem marad.'
64.3366 	EXP 	enc_practice_feedback_interior: autoDraw = True
64.3366 	EXP 	enc_practice_feedback_image: autoDraw = True
64.3366 	EXP 	enc_practice_feedback_text: autoDraw = True
65.0951 	EXP 	New trial (rep=0, index=3): OrderedDict([('Task', 'EncodingPractice'), ('TrialType', 'LOC'), ('StimType', 'FOIL'), ('Order', 1), ('CurrentImage', 'stimuli/fractals/148b.jpg'), ('CurrentX', 0.2344), ('CurrentY', -0.1389), ('Jitter', 1000), ('Section', 'Encoding')])
65.1112 	EXP 	enc_practice_feedback_interior: autoDraw = False
65.1112 	EXP 	enc_practice_feedback_image: autoDraw = False
65.1112 	EXP 	enc_practice_feedback_text: autoDraw = False
65.1112 	EXP 	enc_practice_fx_cross: pos = array([ 0.2344, -0.1389])
65.1112 	EXP 	enc_practice_fx_interior: autoDraw = True
65.1112 	EXP 	enc_practice_fx_cross: autoDraw = True
66.2970 	EXP 	enc_practice_fx_interior: autoDraw = False
66.2970 	EXP 	enc_practice_fx_cross: autoDraw = False
66.2970 	EXP 	enc_practice_fx_interior: autoDraw = False
66.2970 	EXP 	enc_practice_fx_cross: autoDraw = False
66.2970 	EXP 	enc_practice_trial_main_image: pos = array([ 0.2344, -0.1389])
66.2970 	EXP 	enc_practice_trial_main_image: size = array([0.3125    , 0.57692308])
66.2970 	EXP 	enc_practice_trial_main_image: image = 'stimuli/fractals/148b.jpg'
66.2970 	EXP 	enc_practice_trial_interior: autoDraw = True
66.2970 	EXP 	enc_practice_trial_main_image: autoDraw = True
66.9281 	DATA 	Keypress: c
69.3357 	EXP 	enc_practice_trial_interior: autoDraw = False
69.3357 	EXP 	enc_practice_trial_main_image: autoDraw = False
69.3357 	EXP 	enc_practice_feedback_image: pos = array([ 0.2344, -0.1389])
69.3357 	EXP 	enc_practice_feedback_image: size = array([0.3125    , 0.57692308])
69.3357 	EXP 	enc_practice_feedback_image: image = 'stimuli/fractals/148b.jpg'
69.3357 	EXP 	enc_practice_feedback_text: pos = array([ 0.2344, -0.5389])
69.3357 	EXP 	enc_practice_feedback_text: text = 'Az Ön válasza:\nA kép marad.'
69.3357 	EXP 	enc_practice_feedback_interior: autoDraw = True
69.3357 	EXP 	enc_practice_feedback_image: autoDraw = True
69.3357 	EXP 	enc_practice_feedback_text: autoDraw = True
70.1118 	EXP 	New trial (rep=0, index=4): OrderedDict([('Task', 'EncodingPractice'), ('TrialType', 'LOC'), ('StimType', 'LURE'), ('Order', 1), ('CurrentImage', 'stimuli/fractals/159a.jpg'), ('CurrentX', -0.3906), ('CurrentY', 0.4167), ('Jitter', 5000), ('Section', 'Encoding')])
70.1278 	EXP 	enc_practice_feedback_interior: autoDraw = False
70.1278 	EXP 	enc_practice_feedback_image: autoDraw = False
70.1278 	EXP 	enc_practice_feedback_text: autoDraw = False
70.1278 	EXP 	enc_practice_fx_cross: pos = array([-0.3906,  0.4167])
70.1278 	EXP 	enc_practice_fx_interior: autoDraw = True
70.1278 	EXP 	enc_practice_fx_cross: autoDraw = True
75.3659 	EXP 	enc_practice_fx_interior: autoDraw = False
75.3659 	EXP 	enc_practice_fx_cross: autoDraw = False
75.3659 	EXP 	enc_practice_fx_interior: autoDraw = False
75.3659 	EXP 	enc_practice_fx_cross: autoDraw = False
75.3659 	EXP 	enc_practice_trial_main_image: pos = array([-0.3906,  0.4167])
75.3659 	EXP 	enc_practice_trial_main_image: size = array([0.3125    , 0.57692308])
75.3659 	EXP 	enc_practice_trial_main_image: image = 'stimuli/fractals/159a.jpg'
75.3659 	EXP 	enc_practice_trial_interior: autoDraw = True
75.3659 	EXP 	enc_practice_trial_main_image: autoDraw = True
78.0127 	DATA 	Keypress: c
78.3561 	EXP 	enc_practice_trial_interior: autoDraw = False
78.3561 	EXP 	enc_practice_trial_main_image: autoDraw = False
78.3561 	EXP 	enc_practice_feedback_image: pos = array([-0.3906,  0.4167])
78.3561 	EXP 	enc_practice_feedback_image: size = array([0.3125    , 0.57692308])
78.3561 	EXP 	enc_practice_feedback_image: image = 'stimuli/fractals/159a.jpg'
78.3561 	EXP 	enc_practice_feedback_text: pos = array([-0.3906,  0.0167])
78.3561 	EXP 	enc_practice_feedback_text: text = 'Az Ön válasza:\nA kép marad.'
78.3561 	EXP 	enc_practice_feedback_interior: autoDraw = True
78.3561 	EXP 	enc_practice_feedback_image: autoDraw = True
78.3561 	EXP 	enc_practice_feedback_text: autoDraw = True
79.1280 	EXP 	New trial (rep=0, index=5): OrderedDict([('Task', 'EncodingPractice'), ('TrialType', 'OBJ'), ('StimType', 'LURE'), ('Order', 1), ('CurrentImage', 'stimuli/fractals/177b.jpg'), ('CurrentX', -0.3906), ('CurrentY', 0.4167), ('Jitter', 800), ('Section', 'Encoding')])
79.1442 	EXP 	enc_practice_feedback_interior: autoDraw = False
79.1442 	EXP 	enc_practice_feedback_image: autoDraw = False
79.1442 	EXP 	enc_practice_feedback_text: autoDraw = False
79.1442 	EXP 	enc_practice_fx_cross: pos = array([-0.3906,  0.4167])
79.1442 	EXP 	enc_practice_fx_interior: autoDraw = True
79.1442 	EXP 	enc_practice_fx_cross: autoDraw = True
80.1363 	EXP 	enc_practice_fx_interior: autoDraw = False
80.1363 	EXP 	enc_practice_fx_cross: autoDraw = False
80.1363 	EXP 	enc_practice_fx_interior: autoDraw = False
80.1363 	EXP 	enc_practice_fx_cross: autoDraw = False
80.1363 	EXP 	enc_practice_trial_main_image: pos = array([-0.3906,  0.4167])
80.1363 	EXP 	enc_practice_trial_main_image: size = array([0.3125    , 0.57692308])
80.1363 	EXP 	enc_practice_trial_main_image: image = 'stimuli/fractals/177b.jpg'
80.1363 	EXP 	enc_practice_trial_interior: autoDraw = True
80.1363 	EXP 	enc_practice_trial_main_image: autoDraw = True
82.0129 	DATA 	Keypress: c
83.1595 	EXP 	enc_practice_trial_interior: autoDraw = False
83.1595 	EXP 	enc_practice_trial_main_image: autoDraw = False
83.1595 	EXP 	enc_practice_feedback_image: pos = array([-0.3906,  0.4167])
83.1595 	EXP 	enc_practice_feedback_image: size = array([0.3125    , 0.57692308])
83.1595 	EXP 	enc_practice_feedback_image: image = 'stimuli/fractals/177b.jpg'
83.1595 	EXP 	enc_practice_feedback_text: pos = array([-0.3906,  0.0167])
83.1595 	EXP 	enc_practice_feedback_text: text = 'Az Ön válasza:\nA kép marad.'
83.1595 	EXP 	enc_practice_feedback_interior: autoDraw = True
83.1595 	EXP 	enc_practice_feedback_image: autoDraw = True
83.1595 	EXP 	enc_practice_feedback_text: autoDraw = True
83.9446 	EXP 	New trial (rep=0, index=6): OrderedDict([('Task', 'EncodingPractice'), ('TrialType', '-'), ('StimType', '-'), ('Order', 1), ('CurrentImage', 'stimuli/fractals/181c.jpg'), ('CurrentX', -0.0781), ('CurrentY', -0.1389), ('Jitter', 3000), ('Section', 'Encoding')])
83.9607 	EXP 	enc_practice_feedback_interior: autoDraw = False
83.9607 	EXP 	enc_practice_feedback_image: autoDraw = False
83.9607 	EXP 	enc_practice_feedback_text: autoDraw = False
83.9607 	EXP 	enc_practice_fx_cross: pos = array([-0.0781, -0.1389])
83.9607 	EXP 	enc_practice_fx_interior: autoDraw = True
83.9607 	EXP 	enc_practice_fx_cross: autoDraw = True
87.1414 	EXP 	enc_practice_fx_interior: autoDraw = False
87.1414 	EXP 	enc_practice_fx_cross: autoDraw = False
87.1414 	EXP 	enc_practice_fx_interior: autoDraw = False
87.1414 	EXP 	enc_practice_fx_cross: autoDraw = False
87.1414 	EXP 	enc_practice_trial_main_image: pos = array([-0.0781, -0.1389])
87.1414 	EXP 	enc_practice_trial_main_image: size = array([0.3125    , 0.57692308])
87.1414 	EXP 	enc_practice_trial_main_image: image = 'stimuli/fractals/181c.jpg'
87.1414 	EXP 	enc_practice_trial_interior: autoDraw = True
87.1414 	EXP 	enc_practice_trial_main_image: autoDraw = True
88.1458 	DATA 	Keypress: c
90.1713 	EXP 	enc_practice_trial_interior: autoDraw = False
90.1713 	EXP 	enc_practice_trial_main_image: autoDraw = False
90.1713 	EXP 	enc_practice_feedback_image: pos = array([-0.0781, -0.1389])
90.1713 	EXP 	enc_practice_feedback_image: size = array([0.3125    , 0.57692308])
90.1713 	EXP 	enc_practice_feedback_image: image = 'stimuli/fractals/181c.jpg'
90.1713 	EXP 	enc_practice_feedback_text: pos = array([-0.0781, -0.5389])
90.1713 	EXP 	enc_practice_feedback_text: text = 'Az Ön válasza:\nA kép marad.'
90.1713 	EXP 	enc_practice_feedback_interior: autoDraw = True
90.1713 	EXP 	enc_practice_feedback_image: autoDraw = True
90.1713 	EXP 	enc_practice_feedback_text: autoDraw = True
90.9474 	EXP 	New trial (rep=0, index=7): OrderedDict([('Task', 'EncodingPractice'), ('TrialType', '-'), ('StimType', '-'), ('Order', 1), ('CurrentImage', 'stimuli/fractals/163a.jpg'), ('CurrentX', -0.2344), ('CurrentY', -0.4167), ('Jitter', 800), ('Section', 'Encoding')])
90.9606 	EXP 	enc_practice_feedback_interior: autoDraw = False
90.9606 	EXP 	enc_practice_feedback_image: autoDraw = False
90.9606 	EXP 	enc_practice_feedback_text: autoDraw = False
90.9606 	EXP 	enc_practice_fx_cross: pos = array([-0.2344, -0.4167])
90.9606 	EXP 	enc_practice_fx_interior: autoDraw = True
90.9606 	EXP 	enc_practice_fx_cross: autoDraw = True
91.9853 	EXP 	enc_practice_fx_interior: autoDraw = False
91.9853 	EXP 	enc_practice_fx_cross: autoDraw = False
91.9853 	EXP 	enc_practice_fx_interior: autoDraw = False
91.9853 	EXP 	enc_practice_fx_cross: autoDraw = False
91.9853 	EXP 	enc_practice_trial_main_image: pos = array([-0.2344, -0.4167])
91.9853 	EXP 	enc_practice_trial_main_image: size = array([0.3125    , 0.57692308])
91.9853 	EXP 	enc_practice_trial_main_image: image = 'stimuli/fractals/163a.jpg'
91.9853 	EXP 	enc_practice_trial_interior: autoDraw = True
91.9853 	EXP 	enc_practice_trial_main_image: autoDraw = True
93.1624 	DATA 	Keypress: c
94.9788 	EXP 	enc_practice_trial_interior: autoDraw = False
94.9788 	EXP 	enc_practice_trial_main_image: autoDraw = False
94.9788 	EXP 	enc_practice_feedback_image: pos = array([-0.2344, -0.4167])
94.9788 	EXP 	enc_practice_feedback_image: size = array([0.3125    , 0.57692308])
94.9788 	EXP 	enc_practice_feedback_image: image = 'stimuli/fractals/163a.jpg'
94.9788 	EXP 	enc_practice_feedback_text: pos = array([-0.2344, -0.8167])
94.9788 	EXP 	enc_practice_feedback_text: text = 'Az Ön válasza:\nA kép marad.'
94.9788 	EXP 	enc_practice_feedback_interior: autoDraw = True
94.9788 	EXP 	enc_practice_feedback_image: autoDraw = True
94.9788 	EXP 	enc_practice_feedback_text: autoDraw = True
95.7609 	EXP 	New trial (rep=0, index=8): OrderedDict([('Task', 'EncodingPractice'), ('TrialType', 'LOC'), ('StimType', 'TARGET'), ('Order', 1), ('CurrentImage', 'stimuli/fractals/166a.jpg'), ('CurrentX', -0.0781), ('CurrentY', 0.4167), ('Jitter', 1500), ('Section', 'Encoding')])
95.7771 	EXP 	enc_practice_feedback_interior: autoDraw = False
95.7771 	EXP 	enc_practice_feedback_image: autoDraw = False
95.7771 	EXP 	enc_practice_feedback_text: autoDraw = False
95.7771 	EXP 	enc_practice_fx_cross: pos = array([-0.0781,  0.4167])
95.7771 	EXP 	enc_practice_fx_interior: autoDraw = True
95.7771 	EXP 	enc_practice_fx_cross: autoDraw = True
97.4725 	EXP 	enc_practice_fx_interior: autoDraw = False
97.4725 	EXP 	enc_practice_fx_cross: autoDraw = False
97.4725 	EXP 	enc_practice_fx_interior: autoDraw = False
97.4725 	EXP 	enc_practice_fx_cross: autoDraw = False
97.4725 	EXP 	enc_practice_trial_main_image: pos = array([-0.0781,  0.4167])
97.4725 	EXP 	enc_practice_trial_main_image: size = array([0.3125    , 0.57692308])
97.4725 	EXP 	enc_practice_trial_main_image: image = 'stimuli/fractals/166a.jpg'
97.4725 	EXP 	enc_practice_trial_interior: autoDraw = True
97.4725 	EXP 	enc_practice_trial_main_image: autoDraw = True
98.0272 	DATA 	Keypress: c
100.4885 	EXP 	enc_practice_trial_interior: autoDraw = False
100.4885 	EXP 	enc_practice_trial_main_image: autoDraw = False
100.4885 	EXP 	enc_practice_feedback_image: pos = array([-0.0781,  0.4167])
100.4885 	EXP 	enc_practice_feedback_image: size = array([0.3125    , 0.57692308])
100.4885 	EXP 	enc_practice_feedback_image: image = 'stimuli/fractals/166a.jpg'
100.4885 	EXP 	enc_practice_feedback_text: pos = array([-0.0781,  0.0167])
100.4885 	EXP 	enc_practice_feedback_text: text = 'Az Ön válasza:\nA kép marad.'
100.4885 	EXP 	enc_practice_feedback_interior: autoDraw = True
100.4885 	EXP 	enc_practice_feedback_image: autoDraw = True
100.4885 	EXP 	enc_practice_feedback_text: autoDraw = True
101.2936 	EXP 	enc_practice_feedback_interior: autoDraw = False
101.2936 	EXP 	enc_practice_feedback_image: autoDraw = False
101.2936 	EXP 	enc_practice_feedback_text: autoDraw = False
101.2936 	EXP 	end_practice_text: autoDraw = True
102.2602 	EXP 	end_practice_continue: autoDraw = True
105.0103 	DATA 	Keypress: d
105.0107 	EXP 	Created sequence: sequential, trialTypes=1, nReps=2, seed=None
105.0108 	EXP 	New trial (rep=0, index=0): None
105.0268 	EXP 	end_practice_text: autoDraw = False
105.0268 	EXP 	end_practice_continue: autoDraw = False
105.0268 	EXP 	start_MR_text: autoDraw = True
107.4454 	DATA 	Keypress: s
107.4495 	EXP 	Added new global key event: get_current_trigger_time
107.4601 	EXP 	start_MR_text: autoDraw = False
107.4601 	EXP 	start_enc_run_text: autoDraw = True
110.4728 	EXP 	Imported stimuli_tables/encoding_trials_0.csv as conditions, 3 conditions, 20 params
110.4732 	EXP 	Created sequence: sequential, trialTypes=3, nReps=1, seed=None
110.4735 	EXP 	New trial (rep=0, index=0): OrderedDict([('TrialIndex', 1.0), ('Jitter', 2000.0), ('ScannerRun', 1.0), ('StimType', 'OLP'), ('Order', 1.0), ('Delay', 3.0), ('CurrentImage', 'stimuli/fractals/42c.jpg'), ('CurrentX', -0.234375), ('CurrentY', 0.1388888888888889), ('TripletMemberA', 'stimuli/fractals/42c.jpg'), ('TripletMemberB', 'stimuli/fractals/42b.jpg'), ('TripletMemberC', 'stimuli/fractals/42a.jpg'), ('Xcoordinate', -0.234375), ('Ycoordinate', 0.1388888888888889), ('Xcoordinate_lure1', -0.234375), ('Ycoordinate_lure1', -0.1388888888888889), ('Xcoordinate_lure2', -0.078125), ('Ycoordinate_lure2', 0.1388888888888889), ('Xcoordinate_foil', 0.234375), ('Ycoordinate_foil', -0.4166666666666667)])
110.4764 	EXP 	start_enc_run_text: autoDraw = False
110.4764 	EXP 	start_enc_run_text: autoDraw = False
110.4764 	EXP 	enc_fx_cross: pos = array([-0.234375  ,  0.13888889])
110.4764 	EXP 	enc_fx_interior: autoDraw = True
110.4764 	EXP 	enc_fx_cross: autoDraw = True
112.6632 	EXP 	enc_fx_interior: autoDraw = False
112.6632 	EXP 	enc_fx_cross: autoDraw = False
112.6632 	EXP 	enc_fx_interior: autoDraw = False
112.6632 	EXP 	enc_fx_cross: autoDraw = False
112.6632 	EXP 	enc_trial_main_image: pos = array([-0.234375  ,  0.13888889])
112.6632 	EXP 	enc_trial_main_image: size = array([0.3125    , 0.57692308])
112.6632 	EXP 	enc_trial_main_image: image = 'stimuli/fractals/42c.jpg'
112.6632 	EXP 	enc_trial_interior: autoDraw = True
112.6632 	EXP 	enc_trial_main_image: autoDraw = True
113.5787 	DATA 	Keypress: s
113.5788 	EXP 	Global key event: get_current_trigger_time. Calling <function get_current_trigger_time at 0x7fa68122dee0>.
113.9267 	DATA 	Keypress: s
113.9268 	EXP 	Global key event: get_current_trigger_time. Calling <function get_current_trigger_time at 0x7fa68122dee0>.
114.3619 	DATA 	Keypress: s
114.3620 	EXP 	Global key event: get_current_trigger_time. Calling <function get_current_trigger_time at 0x7fa68122dee0>.
114.6934 	DATA 	Keypress: s
114.6935 	EXP 	Global key event: get_current_trigger_time. Calling <function get_current_trigger_time at 0x7fa68122dee0>.
115.0617 	DATA 	Keypress: s
115.0618 	EXP 	Global key event: get_current_trigger_time. Calling <function get_current_trigger_time at 0x7fa68122dee0>.
115.4119 	DATA 	Keypress: s
115.4120 	EXP 	Global key event: get_current_trigger_time. Calling <function get_current_trigger_time at 0x7fa68122dee0>.
115.4774 	EXP 	New trial (rep=0, index=1): OrderedDict([('TrialIndex', 2.0), ('Jitter', 6000.0), ('ScannerRun', 1.0), ('StimType', 'OLP'), ('Order', 1.0), ('Delay', 3.0), ('CurrentImage', 'stimuli/fractals/64a.jpg'), ('CurrentX', -0.078125), ('CurrentY', 0.4166666666666667), ('TripletMemberA', 'stimuli/fractals/64a.jpg'), ('TripletMemberB', 'stimuli/fractals/64c.jpg'), ('TripletMemberC', 'stimuli/fractals/64b.jpg'), ('Xcoordinate', -0.078125), ('Ycoordinate', 0.4166666666666667), ('Xcoordinate_lure1', -0.234375), ('Ycoordinate_lure1', 0.4166666666666667), ('Xcoordinate_lure2', -0.078125), ('Ycoordinate_lure2', 0.1388888888888889), ('Xcoordinate_foil', -0.390625), ('Ycoordinate_foil', -0.4166666666666667)])
115.4945 	EXP 	enc_trial_interior: autoDraw = False
115.4945 	EXP 	enc_trial_main_image: autoDraw = False
115.4945 	EXP 	enc_fx_cross: pos = array([-0.078125  ,  0.41666667])
115.4945 	EXP 	enc_fx_interior: autoDraw = True
115.4945 	EXP 	enc_fx_cross: autoDraw = True
115.8119 	DATA 	Keypress: s
115.8120 	EXP 	Global key event: get_current_trigger_time. Calling <function get_current_trigger_time at 0x7fa68122dee0>.
116.1767 	DATA 	Keypress: s
116.1768 	EXP 	Global key event: get_current_trigger_time. Calling <function get_current_trigger_time at 0x7fa68122dee0>.
116.5111 	DATA 	Keypress: s
116.5112 	EXP 	Global key event: get_current_trigger_time. Calling <function get_current_trigger_time at 0x7fa68122dee0>.
116.9101 	DATA 	Keypress: s
116.9101 	EXP 	Global key event: get_current_trigger_time. Calling <function get_current_trigger_time at 0x7fa68122dee0>.
117.2953 	DATA 	Keypress: s
117.2954 	EXP 	Global key event: get_current_trigger_time. Calling <function get_current_trigger_time at 0x7fa68122dee0>.
117.6285 	DATA 	Keypress: s
117.6286 	EXP 	Global key event: get_current_trigger_time. Calling <function get_current_trigger_time at 0x7fa68122dee0>.
117.9602 	DATA 	Keypress: s
117.9602 	EXP 	Global key event: get_current_trigger_time. Calling <function get_current_trigger_time at 0x7fa68122dee0>.
118.3287 	DATA 	Keypress: s
118.3288 	EXP 	Global key event: get_current_trigger_time. Calling <function get_current_trigger_time at 0x7fa68122dee0>.
118.7102 	DATA 	Keypress: s
118.7102 	EXP 	Global key event: get_current_trigger_time. Calling <function get_current_trigger_time at 0x7fa68122dee0>.
119.0936 	DATA 	Keypress: s
119.0936 	EXP 	Global key event: get_current_trigger_time. Calling <function get_current_trigger_time at 0x7fa68122dee0>.
119.4953 	DATA 	Keypress: s
119.4954 	EXP 	Global key event: get_current_trigger_time. Calling <function get_current_trigger_time at 0x7fa68122dee0>.
119.8482 	DATA 	Keypress: s
119.8483 	EXP 	Global key event: get_current_trigger_time. Calling <function get_current_trigger_time at 0x7fa68122dee0>.
120.2432 	DATA 	Keypress: s
120.2433 	EXP 	Global key event: get_current_trigger_time. Calling <function get_current_trigger_time at 0x7fa68122dee0>.
120.6284 	DATA 	Keypress: s
120.6285 	EXP 	Global key event: get_current_trigger_time. Calling <function get_current_trigger_time at 0x7fa68122dee0>.
120.9933 	DATA 	Keypress: s
120.9933 	EXP 	Global key event: get_current_trigger_time. Calling <function get_current_trigger_time at 0x7fa68122dee0>.
121.3949 	DATA 	Keypress: s
121.3950 	EXP 	Global key event: get_current_trigger_time. Calling <function get_current_trigger_time at 0x7fa68122dee0>.
121.7148 	EXP 	enc_fx_interior: autoDraw = False
121.7148 	EXP 	enc_fx_cross: autoDraw = False
121.7148 	EXP 	enc_fx_interior: autoDraw = False
121.7148 	EXP 	enc_fx_cross: autoDraw = False
121.7148 	EXP 	enc_trial_main_image: pos = array([-0.078125  ,  0.41666667])
121.7148 	EXP 	enc_trial_main_image: size = array([0.3125    , 0.57692308])
121.7148 	EXP 	enc_trial_main_image: image = 'stimuli/fractals/64a.jpg'
121.7148 	EXP 	enc_trial_interior: autoDraw = True
121.7148 	EXP 	enc_trial_main_image: autoDraw = True
121.7614 	DATA 	Keypress: s
121.7615 	EXP 	Global key event: get_current_trigger_time. Calling <function get_current_trigger_time at 0x7fa68122dee0>.
122.2455 	DATA 	Keypress: s
122.2456 	EXP 	Global key event: get_current_trigger_time. Calling <function get_current_trigger_time at 0x7fa68122dee0>.
122.7266 	DATA 	Keypress: c
123.3785 	DATA 	Keypress: s
123.3786 	EXP 	Global key event: get_current_trigger_time. Calling <function get_current_trigger_time at 0x7fa68122dee0>.
123.8283 	DATA 	Keypress: s
123.8284 	EXP 	Global key event: get_current_trigger_time. Calling <function get_current_trigger_time at 0x7fa68122dee0>.
124.2099 	DATA 	Keypress: s
124.2099 	EXP 	Global key event: get_current_trigger_time. Calling <function get_current_trigger_time at 0x7fa68122dee0>.
124.4983 	EXP 	New trial (rep=0, index=2): OrderedDict([('TrialIndex', 3.0), ('Jitter', 2000.0), ('ScannerRun', 1.0), ('StimType', 'LLP'), ('Order', 1.0), ('Delay', 5.0), ('CurrentImage', 'stimuli/fractals/25c.jpg'), ('CurrentX', 0.390625), ('CurrentY', 0.4166666666666667), ('TripletMemberA', 'stimuli/fractals/25c.jpg'), ('TripletMemberB', 'stimuli/fractals/25b.jpg'), ('TripletMemberC', 'stimuli/fractals/25a.jpg'), ('Xcoordinate', 0.390625), ('Ycoordinate', 0.4166666666666667), ('Xcoordinate_lure1', 0.234375), ('Ycoordinate_lure1', 0.4166666666666667), ('Xcoordinate_lure2', 0.390625), ('Ycoordinate_lure2', 0.1388888888888889), ('Xcoordinate_foil', -0.078125), ('Ycoordinate_foil', -0.4166666666666667)])
124.5097 	EXP 	enc_trial_interior: autoDraw = False
124.5097 	EXP 	enc_trial_main_image: autoDraw = False
124.5097 	EXP 	enc_fx_cross: pos = array([0.390625  , 0.41666667])
124.5097 	EXP 	enc_fx_interior: autoDraw = True
124.5097 	EXP 	enc_fx_cross: autoDraw = True
124.5453 	DATA 	Keypress: s
124.5454 	EXP 	Global key event: get_current_trigger_time. Calling <function get_current_trigger_time at 0x7fa68122dee0>.
124.9609 	DATA 	Keypress: s
124.9610 	EXP 	Global key event: get_current_trigger_time. Calling <function get_current_trigger_time at 0x7fa68122dee0>.
125.4283 	DATA 	Keypress: b
125.8118 	DATA 	Keypress: s
125.8119 	EXP 	Global key event: get_current_trigger_time. Calling <function get_current_trigger_time at 0x7fa68122dee0>.
126.1948 	DATA 	Keypress: s
126.1949 	EXP 	Global key event: get_current_trigger_time. Calling <function get_current_trigger_time at 0x7fa68122dee0>.
126.6848 	DATA 	Keypress: s
126.6848 	EXP 	Global key event: get_current_trigger_time. Calling <function get_current_trigger_time at 0x7fa68122dee0>.
126.7195 	EXP 	enc_fx_interior: autoDraw = False
126.7195 	EXP 	enc_fx_cross: autoDraw = False
126.7195 	EXP 	enc_fx_interior: autoDraw = False
126.7195 	EXP 	enc_fx_cross: autoDraw = False
126.7195 	EXP 	enc_trial_main_image: pos = array([0.390625  , 0.41666667])
126.7195 	EXP 	enc_trial_main_image: size = array([0.3125    , 0.57692308])
126.7195 	EXP 	enc_trial_main_image: image = 'stimuli/fractals/25c.jpg'
126.7195 	EXP 	enc_trial_interior: autoDraw = True
126.7195 	EXP 	enc_trial_main_image: autoDraw = True
126.9430 	DATA 	Keypress: s
126.9431 	EXP 	Global key event: get_current_trigger_time. Calling <function get_current_trigger_time at 0x7fa68122dee0>.
127.2948 	DATA 	Keypress: b
127.6614 	DATA 	Keypress: s
127.6615 	EXP 	Global key event: get_current_trigger_time. Calling <function get_current_trigger_time at 0x7fa68122dee0>.
128.0599 	DATA 	Keypress: s
128.0599 	EXP 	Global key event: get_current_trigger_time. Calling <function get_current_trigger_time at 0x7fa68122dee0>.
128.4117 	DATA 	Keypress: s
128.4118 	EXP 	Global key event: get_current_trigger_time. Calling <function get_current_trigger_time at 0x7fa68122dee0>.
128.8097 	DATA 	Keypress: s
128.8097 	EXP 	Global key event: get_current_trigger_time. Calling <function get_current_trigger_time at 0x7fa68122dee0>.
129.1096 	DATA 	Keypress: s
129.1097 	EXP 	Global key event: get_current_trigger_time. Calling <function get_current_trigger_time at 0x7fa68122dee0>.
129.4763 	DATA 	Keypress: s
129.4763 	EXP 	Global key event: get_current_trigger_time. Calling <function get_current_trigger_time at 0x7fa68122dee0>.
129.5263 	EXP 	enc_trial_interior: autoDraw = False
129.5263 	EXP 	enc_trial_main_image: autoDraw = False
129.5263 	EXP 	end_enc_run_text: text = 'Rövid szünet.'
129.5263 	EXP 	end_enc_run_text: autoDraw = True
129.8430 	DATA 	Keypress: s
129.8431 	EXP 	Global key event: get_current_trigger_time. Calling <function get_current_trigger_time at 0x7fa68122dee0>.
134.5095 	EXP 	enc_run_end_continue: autoDraw = True
135.9762 	DATA 	Keypress: d
135.9772 	EXP 	New trial (rep=1, index=0): None
135.9927 	EXP 	end_enc_run_text: autoDraw = False
135.9927 	EXP 	enc_run_end_continue: autoDraw = False
135.9927 	EXP 	start_MR_text: autoDraw = True
142.8778 	DATA 	Keypress: s
142.8779 	EXP 	Global key event: get_current_trigger_time. Calling <function get_current_trigger_time at 0x7fa68122dee0>.
142.9901 	EXP 	window1: mouseVisible = True
