26.5706 	EXP 	Created window1 = Window(allowGUI=False, allowStencil=False, args=UNKNOWN, autoLog=True, bitsMode=UNKNOWN, blendMode='avg', color=array([1., 1., 1.]), colorSpace='rgb', fullscr=<method-wrapper '__getattribute__' of attributeSetter object at 0x0000023858F396D8>, gamma=None, gammaErrorPolicy='raise', kwargs=UNKNOWN, lms=UNKNOWN, monitor=<psychopy.monitors.calibTools.Monitor object at 0x0000023858EBDF98>, multiSample=False, name='window1', numSamples=2, pos=[0.0, 0.0], screen=0, size=array([1920, 1080]), stereo=False, units='deg', useFBO=True, useRetina=False, viewOri=0.0, viewPos=None, viewScale=None, waitBlanking=True, winType='pyglet')
26.5706 	EXP 	window1: recordFrameIntervals = False
26.7369 	EXP 	window1: recordFrameIntervals = True
26.9204 	EXP 	window1: recordFrameIntervals = False
27.0809 	EXP 	Created welcome_msg = TextStim(__class__=<class 'psychopy.visual.text.TextStim'>, alignHoriz='center', alignVert='center', antialias=True, autoLog=True, bold=False, color='black', colorSpace='named', contrast=1.0, depth=0.0, flipHoriz=False, flipVert=False, font='Arial', fontFiles=[], height=1, italic=False, languageStyle='LTR', name='welcome_msg', opacity=1.0, ori=0, pos=array([ 0., 12.]), rgb=array([0., 0., 0.]), text='TérKépÉsz', units='deg', win=Window(...), wrapWidth=15.0)
27.1021 	EXP 	Created logo = ImageStim(__class__=<class 'psychopy.visual.image.ImageStim'>, autoLog=True, color=array([1., 1., 1.]), colorSpace='rgb', contrast=1.0, depth=-1.0, flipHoriz=False, flipVert=False, image='Stimuli/terkepesz.png', interpolate=True, mask=None, maskParams=None, name='logo', opacity=1.0, ori=0.0, pos=array([0., 0.]), size=array([0.321875  , 1.23148148]), texRes=128, units='norm', win=Window(...))
27.1154 	EXP 	Created lb_check = TextStim(__class__=<class 'psychopy.visual.text.TextStim'>, alignHoriz='center', alignVert='center', antialias=True, autoLog=True, bold=False, color='black', colorSpace='named', contrast=1.0, depth=0.0, flipHoriz=False, flipVert=False, font='Arial', fontFiles=[], height=0.9, italic=False, languageStyle='LTR', name='lb_check', opacity=1.0, ori=0, pos=array([-23.,   0.]), rgb=array([0., 0., 0.]), text=str(...), units='deg', win=Window(...), wrapWidth=15.0)
27.1195 	EXP 	Created left_upper = ImageStim(__class__=<class 'psychopy.visual.image.ImageStim'>, autoLog=True, color=array([1., 1., 1.]), colorSpace='rgb', contrast=1.0, depth=0.0, flipHoriz=False, flipVert=False, image='Stimuli/ScreenCorner1.png', interpolate=True, mask=None, maskParams=None, name='left_upper', opacity=1.0, ori=0.0, pos=array([-0.9,  0.7]), size=array([0.13541667, 0.51481481]), texRes=128, units='norm', win=Window(...))
27.1237 	EXP 	Created left_lower = ImageStim(__class__=<class 'psychopy.visual.image.ImageStim'>, autoLog=True, color=array([1., 1., 1.]), colorSpace='rgb', contrast=1.0, depth=-1.0, flipHoriz=False, flipVert=False, image='Stimuli/ScreenCorner2.png', interpolate=True, mask=None, maskParams=None, name='left_lower', opacity=1.0, ori=0.0, pos=array([-0.9, -0.7]), size=array([0.115625  , 0.51666667]), texRes=128, units='norm', win=Window(...))
27.1279 	EXP 	Created right_upper = ImageStim(__class__=<class 'psychopy.visual.image.ImageStim'>, autoLog=True, color=array([1., 1., 1.]), colorSpace='rgb', contrast=1.0, depth=-2.0, flipHoriz=False, flipVert=False, image='Stimuli/ScreenCorner3.png', interpolate=True, mask=None, maskParams=None, name='right_upper', opacity=1.0, ori=0.0, pos=array([0.9, 0.7]), size=array([0.11979167, 0.49814815]), texRes=128, units='norm', win=Window(...))
27.1324 	EXP 	Created right_lower = ImageStim(__class__=<class 'psychopy.visual.image.ImageStim'>, autoLog=True, color=array([1., 1., 1.]), colorSpace='rgb', contrast=1.0, depth=-3.0, flipHoriz=False, flipVert=False, image='Stimuli/ScreenCorner4.png', interpolate=True, mask=None, maskParams=None, name='right_lower', opacity=1.0, ori=0.0, pos=array([ 0.9, -0.7]), size=array([0.153125 , 0.5037037]), texRes=128, units='norm', win=Window(...))
27.1408 	EXP 	Created text_2 = TextStim(__class__=<class 'psychopy.visual.text.TextStim'>, alignHoriz='center', alignVert='center', antialias=True, autoLog=True, bold=False, color='black', colorSpace='named', contrast=1.0, depth=-4.0, flipHoriz=False, flipVert=False, font='Arial', fontFiles=[], height=0.9, italic=False, languageStyle='LTR', name='text_2', opacity=1.0, ori=0, pos=array([0., 0.]), rgb=array([0., 0., 0.]), text=str(...), units='deg', win=Window(...), wrapWidth=30)
27.1911 	EXP 	Created story1_image = ImageStim(__class__=<class 'psychopy.visual.image.ImageStim'>, autoLog=True, color=array([1., 1., 1.]), colorSpace='rgb', contrast=1.0, depth=0.0, flipHoriz=False, flipVert=False, image='Stimuli/GalleryBuildingFromOutside.jpg', interpolate=True, mask=None, maskParams=None, name='story1_image', opacity=1.0, ori=0.0, pos=array([0. , 0.9]), size=array([1.01041667, 1.2537037 ]), texRes=128, units='norm', win=Window(...))
27.2188 	EXP 	Created story1_text = TextStim(__class__=<class 'psychopy.visual.text.TextStim'>, alignHoriz='center', alignVert='center', antialias=True, autoLog=True, bold=False, color='black', colorSpace='named', contrast=1.0, depth=-1.0, flipHoriz=False, flipVert=False, font='Arial', fontFiles=[], height=0.9, italic=False, languageStyle='LTR', name='story1_text', opacity=1.0, ori=0, pos=array([ 0., -5.]), rgb=array([0., 0., 0.]), text=str(...), units='deg', win=Window(...), wrapWidth=30)
27.2518 	EXP 	Created story2_image = ImageStim(__class__=<class 'psychopy.visual.image.ImageStim'>, autoLog=True, color=array([1., 1., 1.]), colorSpace='rgb', contrast=1.0, depth=0.0, flipHoriz=False, flipVert=False, image='Stimuli/GalleryInfo.jpg', interpolate=True, mask=None, maskParams=None, name='story2_image', opacity=1.0, ori=0.0, pos=array([425.,   0.]), size=array([1000.,  750.]), texRes=128, units='pix', win=Window(...))
27.2750 	EXP 	Created story2_text = TextStim(__class__=<class 'psychopy.visual.text.TextStim'>, alignHoriz='center', alignVert='center', antialias=True, autoLog=True, bold=False, color='black', colorSpace='named', contrast=1.0, depth=-2.0, flipHoriz=False, flipVert=False, font='Arial', fontFiles=[], height=0.9, italic=False, languageStyle='LTR', name='story2_text', opacity=1.0, ori=0, pos=array([-14.,   0.]), rgb=array([0., 0., 0.]), text=str(...), units='deg', win=Window(...), wrapWidth=24)
27.2923 	EXP 	Created instr_text = TextStim(__class__=<class 'psychopy.visual.text.TextStim'>, alignHoriz='center', alignVert='center', antialias=True, autoLog=True, bold=False, color='black', colorSpace='named', contrast=1.0, depth=0.0, flipHoriz=False, flipVert=False, font='Arial', fontFiles=[], height=0.9, italic=False, languageStyle='LTR', name='instr_text', opacity=1.0, ori=0, pos=array([0., 0.]), rgb=array([0., 0., 0.]), text=str(...), units='deg', win=Window(...), wrapWidth=15.0)
27.2929 	EXP 	Created instr_text = TextStim(__class__=<class 'psychopy.visual.text.TextStim'>, alignHoriz='center', alignVert='center', antialias=True, autoLog=True, bold=False, color='black', colorSpace='named', contrast=1.0, depth=0.0, flipHoriz=False, flipVert=False, font='Arial', fontFiles=[], height=0.9, italic=False, languageStyle='LTR', name='instr_text', opacity=1.0, ori=0, pos=array([0., 0.]), rgb=array([0., 0., 0.]), text='', units='deg', win=Window(...), wrapWidth=15.0)
27.3032 	EXP 	Created start_task_text = TextStim(__class__=<class 'psychopy.visual.text.TextStim'>, alignHoriz='center', alignVert='center', antialias=True, autoLog=True, bold=False, color='black', colorSpace='named', contrast=1.0, depth=0.0, flipHoriz=False, flipVert=False, font='Arial', fontFiles=[], height=0.9, italic=False, languageStyle='LTR', name='start_task_text', opacity=1.0, ori=0, pos=array([0., 0.]), rgb=array([0., 0., 0.]), text=str(...), units='deg', win=Window(...), wrapWidth=15.0)
27.3204 	EXP 	Created map_inside_fx = ImageStim(__class__=<class 'psychopy.visual.image.ImageStim'>, autoLog=True, color=array([1., 1., 1.]), colorSpace='rgb', contrast=1.0, depth=0.0, flipHoriz=False, flipVert=False, image='Stimuli/GalleryPlanInside.jpg', interpolate=True, mask=None, maskParams=None, name='map_inside_fx', opacity=0.5, ori=0.0, pos=array([  0., -25.]), size=array([1040., 1000.]), texRes=128, units='pix', win=Window(...))
27.3215 	EXP 	Created fixation_cross = ShapeStim(__class__=<class 'psychopy.visual.shape.ShapeStim'>, autoDraw=False, autoLog=True, closeShape=True, contrast=1.0, depth=-1.0, fillColor=array([-1., -1., -1.]), fillColorSpace='rgb', interpolate=True, lineColor=array([-1., -1., -1.]), lineColorSpace='rgb', lineWidth=1, name='fixation_cross', opacity=1.0, ori=array(0.), pos=array([0., 0.]), size=array([20., 20.]), units='pix', vertices=ndarray(...), win=Window(...), windingRule=None)
27.3906 	EXP 	Created main_image = ImageStim(__class__=<class 'psychopy.visual.image.ImageStim'>, autoLog=True, color=array([1., 1., 1.]), colorSpace='rgb', contrast=1.0, depth=-1.0, flipHoriz=False, flipVert=False, image='Stimuli/Fractals/61b.jpg', interpolate=True, mask=None, maskParams=None, name='main_image', opacity=1.0, ori=0.0, pos=array([0., 0.]), size=array([300., 300.]), texRes=128, units='pix', win=Window(...))
27.3963 	EXP 	Created text_pause = TextStim(__class__=<class 'psychopy.visual.text.TextStim'>, alignHoriz='center', alignVert='center', antialias=True, autoLog=True, bold=False, color='black', colorSpace='named', contrast=1.0, depth=-2.0, flipHoriz=False, flipVert=False, font='Arial', fontFiles=[], height=0.9, italic=False, languageStyle='LTR', name='text_pause', opacity=1.0, ori=0, pos=array([0., 0.]), rgb=array([0., 0., 0.]), text=str(...), units='deg', win=Window(...), wrapWidth=15.0)
27.4010 	EXP 	Created text_pause = TextStim(__class__=<class 'psychopy.visual.text.TextStim'>, alignHoriz='center', alignVert='center', antialias=True, autoLog=True, bold=False, color='black', colorSpace='named', contrast=1.0, depth=-2.0, flipHoriz=False, flipVert=False, font='Arial', fontFiles=[], height=0.7, italic=False, languageStyle='LTR', name='text_pause', opacity=1.0, ori=0, pos=array([0., 0.]), rgb=array([0., 0., 0.]), text='Szünet...', units='deg', win=Window(...), wrapWidth=15.0)
27.4105 	EXP 	Created text_goodbye = TextStim(__class__=<class 'psychopy.visual.text.TextStim'>, alignHoriz='center', alignVert='center', antialias=True, autoLog=True, bold=False, color='black', colorSpace='named', contrast=1.0, depth=-2.0, flipHoriz=False, flipVert=False, font='Arial', fontFiles=[], height=1.5, italic=False, languageStyle='LTR', name='text_goodbye', opacity=1.0, ori=0, pos=array([0., 0.]), rgb=array([0., 0., 0.]), text='Vége a feladatnak. Köszönjük!', units='deg', win=Window(...), wrapWidth=20)
30.1825 	DATA 	Keypress: f
30.2034 	EXP 	lb_check: text = "Válaszgomb teszt:\n\nNyomja le a 'J' billentyűt!"
30.2034 	EXP 	lb_check: pos = (23, 0)
30.5502 	DATA 	Keypress: j
31.8627 	DATA 	Keypress: right
32.5535 	DATA 	Keypress: right
33.3035 	DATA 	Keypress: right
34.0202 	DATA 	Keypress: right
34.0367 	EXP 	instr_text: text = 'Figyeljen, kezdődik a gyakorlás.'
36.0699 	EXP 	main_image: pos = array([ 122.0209929, -274.0636373])
36.0699 	EXP 	main_image: image = 'Stimuli/Fractals/Practice/166a.jpg'
39.4028 	EXP 	main_image: pos = array([300.,   0.])
39.4028 	EXP 	main_image: image = 'Stimuli/Fractals/Practice/167a.jpg'
42.4361 	EXP 	main_image: pos = array([200.7391819, 222.9434476])
42.4361 	EXP 	main_image: image = 'Stimuli/Fractals/Practice/148b.jpg'
46.0027 	EXP 	main_image: pos = array([-285.3169549 ,  -92.70509831])
46.0027 	EXP 	main_image: image = 'Stimuli/Fractals/Practice/159a.jpg'
53.5525 	EXP 	main_image: pos = array([ 31.35853898, 298.3565686 ])
53.5525 	EXP 	main_image: image = 'Stimuli/Fractals/Practice/177b.jpg'
71.4541 	DATA 	Keypress: right
71.4690 	EXP 	instr_text: text = 'A kísérletvezető indítja a feladatot.'
85.3545 	DATA 	Keypress: space
85.5520 	EXP 	start_task_text: text = 'Figyeljen, kezdődik a feladat...'
87.5853 	EXP 	main_image: pos = array([300.,   0.])
87.5853 	EXP 	main_image: image = 'Stimuli/Fractals/61b.jpg'
92.1183 	EXP 	main_image: pos = array([299.5888604 ,  15.70078687])
92.1183 	EXP 	main_image: image = 'Stimuli/Fractals/133a.jpg'
100.6679 	EXP 	main_image: pos = array([298.3565686 ,  31.35853898])
100.6679 	EXP 	main_image: image = 'Stimuli/Fractals/120b.jpg'
105.2345 	EXP 	main_image: pos = array([296.3065022 ,  46.93033951])
105.2345 	EXP 	main_image: image = 'Stimuli/Fractals/119c.jpg'
108.7510 	EXP 	main_image: pos = array([300.,   0.])
108.7510 	EXP 	main_image: image = 'Stimuli/Fractals/61a.jpg'
116.3175 	EXP 	main_image: pos = array([299.5888604 ,  15.70078687])
116.3175 	EXP 	main_image: image = 'Stimuli/Fractals/133c.jpg'
121.8340 	EXP 	main_image: pos = array([296.3065022 ,  46.93033951])
121.8340 	EXP 	main_image: image = 'Stimuli/Fractals/119c.jpg'
130.3505 	EXP 	main_image: pos = array([293.4442802 ,  62.37350725])
130.3505 	EXP 	main_image: image = 'Stimuli/Fractals/143b.jpg'
134.8837 	EXP 	main_image: pos = array([ 188.7961173, -233.1437884])
134.8837 	EXP 	main_image: image = 'Stimuli/Fractals/120b.jpg'
139.4171 	EXP 	main_image: pos = array([289.7777479 ,  77.64571353])
139.4171 	EXP 	main_image: image = 'Stimuli/Fractals/15c.jpg'
144.9501 	EXP 	main_image: pos = array([285.3169549 ,  92.70509831])
144.9501 	EXP 	main_image: image = 'Stimuli/Fractals/4b.jpg'
149.4667 	EXP 	main_image: pos = array([280.0741279, 107.5103849])
149.4667 	EXP 	main_image: image = 'Stimuli/Fractals/114c.jpg'
153.9999 	EXP 	main_image: pos = array([285.3169549 ,  92.70509831])
153.9999 	EXP 	main_image: image = 'Stimuli/Fractals/4b.jpg'
158.5497 	EXP 	main_image: pos = array([293.4442802 ,  62.37350725])
158.5497 	EXP 	main_image: image = 'Stimuli/Fractals/143b.jpg'
161.5997 	EXP 	main_image: pos = array([176.3355757, 242.7050983])
161.5997 	EXP 	main_image: image = 'Stimuli/Fractals/15c.jpg'
164.6163 	EXP 	main_image: pos = array([274.0636373, 122.0209929])
164.6163 	EXP 	main_image: image = 'Stimuli/Fractals/68a.jpg'
168.1495 	EXP 	main_image: pos = array([280.0741279, 107.5103849])
168.1495 	EXP 	main_image: image = 'Stimuli/Fractals/114a.jpg'
173.7160 	EXP 	main_image: pos = array([267.3019573, 136.1971499])
173.7160 	EXP 	main_image: image = 'Stimuli/Fractals/26c.jpg'
180.2325 	EXP 	main_image: pos = array([300.,   0.])
180.2325 	EXP 	main_image: image = 'Stimuli/Fractals/68a.jpg'
183.7658 	EXP 	main_image: pos = array([267.3019573, 136.1971499])
183.7658 	EXP 	main_image: image = 'Stimuli/Fractals/26a.jpg'
188.3158 	EXP 	main_image: pos = array([259.8076211, 150.       ])
188.3158 	EXP 	main_image: image = 'Stimuli/Fractals/113c.jpg'
194.5343 	DATA 	Keypress: escape
194.8322 	EXP 	logo: opacity = 0.8
195.7179 	DATA 	Keypress: return
195.7693 	EXP 	window1: mouseVisible = True
