6.0690 	EXP 	Created window1 = Window(allowGUI=False, allowStencil=False, args=UNKNOWN, autoLog=True, bitsMode=UNKNOWN, blendMode='avg', color=array([1., 1., 1.]), colorSpace='rgb', fullscr=<method-wrapper '__getattribute__' of attributeSetter object at 0x000001FFEDA8CFD0>, gamma=None, gammaErrorPolicy='raise', kwargs=UNKNOWN, lms=UNKNOWN, monitor=<psychopy.monitors.calibTools.Monitor object at 0x000001FFEDB8D240>, multiSample=False, name='window1', numSamples=2, pos=[0.0, 0.0], screen=0, size=array([1920, 1080]), stereo=False, units='deg', useFBO=True, useRetina=False, viewOri=0.0, viewPos=None, viewScale=None, waitBlanking=True, winType='pyglet')
6.0691 	EXP 	window1: recordFrameIntervals = False
6.2352 	EXP 	window1: recordFrameIntervals = True
6.4187 	EXP 	window1: recordFrameIntervals = False
6.4748 	EXP 	Created welcome_msg = TextStim(__class__=<class 'psychopy.visual.text.TextStim'>, alignHoriz='center', alignVert='center', antialias=True, autoLog=True, bold=False, color='black', colorSpace='named', contrast=1.0, depth=0.0, flipHoriz=False, flipVert=False, font='Arial', fontFiles=[], height=1, italic=False, languageStyle='LTR', name='welcome_msg', opacity=1.0, ori=0, pos=array([ 0., 12.]), rgb=array([0., 0., 0.]), text='TérKépÉsz', units='deg', win=Window(...), wrapWidth=15.0)
6.4939 	EXP 	Created logo = ImageStim(__class__=<class 'psychopy.visual.image.ImageStim'>, autoLog=True, color=array([1., 1., 1.]), colorSpace='rgb', contrast=1.0, depth=-1.0, flipHoriz=False, flipVert=False, image='Stimuli/terkepesz.png', interpolate=True, mask=None, maskParams=None, name='logo', opacity=1.0, ori=0.0, pos=array([0., 0.]), size=array([0.321875  , 1.23148148]), texRes=128, units='norm', win=Window(...))
6.5096 	EXP 	Created lb_check = TextStim(__class__=<class 'psychopy.visual.text.TextStim'>, alignHoriz='center', alignVert='center', antialias=True, autoLog=True, bold=False, color='black', colorSpace='named', contrast=1.0, depth=0.0, flipHoriz=False, flipVert=False, font='Arial', fontFiles=[], height=0.9, italic=False, languageStyle='LTR', name='lb_check', opacity=1.0, ori=0, pos=array([-23.,   0.]), rgb=array([0., 0., 0.]), text=str(...), units='deg', win=Window(...), wrapWidth=15.0)
6.5134 	EXP 	Created left_upper = ImageStim(__class__=<class 'psychopy.visual.image.ImageStim'>, autoLog=True, color=array([1., 1., 1.]), colorSpace='rgb', contrast=1.0, depth=0.0, flipHoriz=False, flipVert=False, image='Stimuli/ScreenCorner1.png', interpolate=True, mask=None, maskParams=None, name='left_upper', opacity=1.0, ori=0.0, pos=array([-0.9,  0.7]), size=array([0.13541667, 0.51481481]), texRes=128, units='norm', win=Window(...))
6.5172 	EXP 	Created left_lower = ImageStim(__class__=<class 'psychopy.visual.image.ImageStim'>, autoLog=True, color=array([1., 1., 1.]), colorSpace='rgb', contrast=1.0, depth=-1.0, flipHoriz=False, flipVert=False, image='Stimuli/ScreenCorner2.png', interpolate=True, mask=None, maskParams=None, name='left_lower', opacity=1.0, ori=0.0, pos=array([-0.9, -0.7]), size=array([0.115625  , 0.51666667]), texRes=128, units='norm', win=Window(...))
6.5211 	EXP 	Created right_upper = ImageStim(__class__=<class 'psychopy.visual.image.ImageStim'>, autoLog=True, color=array([1., 1., 1.]), colorSpace='rgb', contrast=1.0, depth=-2.0, flipHoriz=False, flipVert=False, image='Stimuli/ScreenCorner3.png', interpolate=True, mask=None, maskParams=None, name='right_upper', opacity=1.0, ori=0.0, pos=array([0.9, 0.7]), size=array([0.11979167, 0.49814815]), texRes=128, units='norm', win=Window(...))
6.5251 	EXP 	Created right_lower = ImageStim(__class__=<class 'psychopy.visual.image.ImageStim'>, autoLog=True, color=array([1., 1., 1.]), colorSpace='rgb', contrast=1.0, depth=-3.0, flipHoriz=False, flipVert=False, image='Stimuli/ScreenCorner4.png', interpolate=True, mask=None, maskParams=None, name='right_lower', opacity=1.0, ori=0.0, pos=array([ 0.9, -0.7]), size=array([0.153125 , 0.5037037]), texRes=128, units='norm', win=Window(...))
6.5331 	EXP 	Created text_2 = TextStim(__class__=<class 'psychopy.visual.text.TextStim'>, alignHoriz='center', alignVert='center', antialias=True, autoLog=True, bold=False, color='black', colorSpace='named', contrast=1.0, depth=-4.0, flipHoriz=False, flipVert=False, font='Arial', fontFiles=[], height=0.9, italic=False, languageStyle='LTR', name='text_2', opacity=1.0, ori=0, pos=array([0., 0.]), rgb=array([0., 0., 0.]), text=str(...), units='deg', win=Window(...), wrapWidth=30)
6.5611 	EXP 	Created instr_text = TextStim(__class__=<class 'psychopy.visual.text.TextStim'>, alignHoriz='center', alignVert='center', antialias=True, autoLog=True, bold=False, color='black', colorSpace='named', contrast=1.0, depth=0.0, flipHoriz=False, flipVert=False, font='Arial', fontFiles=[], height=0.8, italic=False, languageStyle='LTR', name='instr_text', opacity=1.0, ori=0, pos=array([0., 0.]), rgb=array([0., 0., 0.]), text=str(...), units='deg', win=Window(...), wrapWidth=40)
6.5615 	EXP 	Created start_task_text = TextStim(__class__=<class 'psychopy.visual.text.TextStim'>, alignHoriz='center', alignVert='center', antialias=True, autoLog=True, bold=False, color='black', colorSpace='named', contrast=1.0, depth=0.0, flipHoriz=False, flipVert=False, font='Arial', fontFiles=[], height=0.9, italic=False, languageStyle='LTR', name='start_task_text', opacity=1.0, ori=0, pos=array([0. , 1.5]), rgb=array([0., 0., 0.]), text='', units='deg', win=Window(...), wrapWidth=15.0)
6.5618 	EXP 	Created start_task_text = TextStim(__class__=<class 'psychopy.visual.text.TextStim'>, alignHoriz='center', alignVert='center', antialias=True, autoLog=True, bold=False, color='black', colorSpace='named', contrast=1.0, depth=0.0, flipHoriz=False, flipVert=False, font='Arial', fontFiles=[], height=0.9, italic=False, languageStyle='LTR', name='start_task_text', opacity=1.0, ori=0, pos=array([ 0. , -1.5]), rgb=array([0., 0., 0.]), text='', units='deg', win=Window(...), wrapWidth=15.0)
6.5621 	EXP 	Created start_task_text = TextStim(__class__=<class 'psychopy.visual.text.TextStim'>, alignHoriz='center', alignVert='center', antialias=True, autoLog=True, bold=False, color='black', colorSpace='named', contrast=1.0, depth=0.0, flipHoriz=False, flipVert=False, font='Arial', fontFiles=[], height=0.9, italic=False, languageStyle='LTR', name='start_task_text', opacity=1.0, ori=0, pos=array([-2.,  0.]), rgb=array([0., 0., 0.]), text='', units='deg', win=Window(...), wrapWidth=15.0)
6.5624 	EXP 	Created start_task_text = TextStim(__class__=<class 'psychopy.visual.text.TextStim'>, alignHoriz='center', alignVert='center', antialias=True, autoLog=True, bold=False, color='black', colorSpace='named', contrast=1.0, depth=0.0, flipHoriz=False, flipVert=False, font='Arial', fontFiles=[], height=0.9, italic=False, languageStyle='LTR', name='start_task_text', opacity=1.0, ori=0, pos=array([2., 0.]), rgb=array([0., 0., 0.]), text='', units='deg', win=Window(...), wrapWidth=15.0)
6.6003 	EXP 	Created main_image = ImageStim(__class__=<class 'psychopy.visual.image.ImageStim'>, autoLog=True, color=array([1., 1., 1.]), colorSpace='rgb', contrast=1.0, depth=-1.0, flipHoriz=False, flipVert=False, image='Stimuli/Fractals/25a.jpg', interpolate=True, mask=None, maskParams=None, name='main_image', opacity=1.0, ori=0.0, pos=array([0., 0.]), size=array([300., 300.]), texRes=128, units='pix', win=Window(...))
6.6151 	EXP 	Created map_inside_fx = ImageStim(__class__=<class 'psychopy.visual.image.ImageStim'>, autoLog=True, color=array([1., 1., 1.]), colorSpace='rgb', contrast=1.0, depth=0.0, flipHoriz=False, flipVert=False, image='Stimuli/GalleryPlanInside.jpg', interpolate=True, mask=None, maskParams=None, name='map_inside_fx', opacity=0.5, ori=0.0, pos=array([  0., -25.]), size=array([1040., 1000.]), texRes=128, units='pix', win=Window(...))
6.6162 	EXP 	Created fixation_cross = ShapeStim(__class__=<class 'psychopy.visual.shape.ShapeStim'>, autoDraw=False, autoLog=True, closeShape=True, contrast=1.0, depth=-1.0, fillColor=array([-1., -1., -1.]), fillColorSpace='rgb', interpolate=True, lineColor=array([-1., -1., -1.]), lineColorSpace='rgb', lineWidth=1, name='fixation_cross', opacity=1.0, ori=array(0.), pos=array([0., 0.]), size=array([20., 20.]), units='pix', vertices=ndarray(...), win=Window(...), windingRule=None)
6.7884 	EXP 	Created main_image = ImageStim(__class__=<class 'psychopy.visual.image.ImageStim'>, autoLog=True, color=array([1., 1., 1.]), colorSpace='rgb', contrast=1.0, depth=-1.0, flipHoriz=False, flipVert=False, image='Stimuli/Fractals/25a.jpg', interpolate=True, mask=None, maskParams=None, name='main_image', opacity=1.0, ori=0.0, pos=array([0., 0.]), size=array([300., 300.]), texRes=128, units='pix', win=Window(...))
6.7953 	EXP 	Created text_pause = TextStim(__class__=<class 'psychopy.visual.text.TextStim'>, alignHoriz='center', alignVert='center', antialias=True, autoLog=True, bold=False, color='black', colorSpace='named', contrast=1.0, depth=-2.0, flipHoriz=False, flipVert=False, font='Arial', fontFiles=[], height=0.9, italic=False, languageStyle='LTR', name='text_pause', opacity=1.0, ori=0, pos=array([0., 0.]), rgb=array([0., 0., 0.]), text=str(...), units='deg', win=Window(...), wrapWidth=15.0)
6.7993 	EXP 	Created start_task_text = TextStim(__class__=<class 'psychopy.visual.text.TextStim'>, alignHoriz='center', alignVert='center', antialias=True, autoLog=True, bold=False, color='black', colorSpace='named', contrast=1.0, depth=0.0, flipHoriz=False, flipVert=False, font='Arial', fontFiles=[], height=0.9, italic=False, languageStyle='LTR', name='start_task_text', opacity=1.0, ori=0, pos=array([0., 0.]), rgb=array([0., 0., 0.]), text='Figyeljen, kezdődik a gyakorlás...', units='deg', win=Window(...), wrapWidth=15.0)
6.8167 	EXP 	Created start_task_text = TextStim(__class__=<class 'psychopy.visual.text.TextStim'>, alignHoriz='center', alignVert='center', antialias=True, autoLog=True, bold=False, color='black', colorSpace='named', contrast=1.0, depth=0.0, flipHoriz=False, flipVert=False, font='Arial', fontFiles=[], height=0.9, italic=False, languageStyle='LTR', name='start_task_text', opacity=1.0, ori=0, pos=array([0., 0.]), rgb=array([0., 0., 0.]), text=str(...), units='deg', win=Window(...), wrapWidth=15.0)
6.8189 	EXP 	Created text_trial_type = TextStim(__class__=<class 'psychopy.visual.text.TextStim'>, alignHoriz='center', alignVert='center', antialias=True, autoLog=True, bold=False, color='black', colorSpace='named', contrast=1.0, depth=-2.0, flipHoriz=False, flipVert=False, font='Arial', fontFiles=[], height=0.9, italic=False, languageStyle='LTR', name='text_trial_type', opacity=1.0, ori=0, pos=array([ 0., 15.]), rgb=array([0., 0., 0.]), text='Kép', units='deg', win=Window(...), wrapWidth=15.0)
6.8208 	EXP 	Created text_trial_type = TextStim(__class__=<class 'psychopy.visual.text.TextStim'>, alignHoriz='center', alignVert='center', antialias=True, autoLog=True, bold=False, color='black', colorSpace='named', contrast=1.0, depth=-2.0, flipHoriz=False, flipVert=False, font='Arial', fontFiles=[], height=0.9, italic=False, languageStyle='LTR', name='text_trial_type', opacity=1.0, ori=0, pos=array([0., 0.]), rgb=array([0., 0., 0.]), text='Kép', units='deg', win=Window(...), wrapWidth=15.0)
6.8227 	EXP 	Created text_trial_type = TextStim(__class__=<class 'psychopy.visual.text.TextStim'>, alignHoriz='center', alignVert='center', antialias=True, autoLog=True, bold=False, color='black', colorSpace='named', contrast=1.0, depth=-2.0, flipHoriz=False, flipVert=False, font='Arial', fontFiles=[], height=0.9, italic=False, languageStyle='LTR', name='text_trial_type', opacity=1.0, ori=0, pos=array([0., 0.]), rgb=array([0., 0., 0.]), text='Hely', units='deg', win=Window(...), wrapWidth=15.0)
6.8270 	EXP 	Created text_trial_type = TextStim(__class__=<class 'psychopy.visual.text.TextStim'>, alignHoriz='center', alignVert='center', antialias=True, autoLog=True, bold=False, color='black', colorSpace='named', contrast=1.0, depth=-2.0, flipHoriz=False, flipVert=False, font='Arial', fontFiles=[], height=0.9, italic=False, languageStyle='LTR', name='text_trial_type', opacity=1.0, ori=0, pos=array([  0., -10.]), rgb=array([0., 0., 0.]), text='Régi - F\t\t\t Hasonló - J\t\t\t Új - K', units='deg', win=Window(...), wrapWidth=30)
6.8382 	EXP 	Created text_pause = TextStim(__class__=<class 'psychopy.visual.text.TextStim'>, alignHoriz='center', alignVert='center', antialias=True, autoLog=True, bold=False, color='black', colorSpace='named', contrast=1.0, depth=-2.0, flipHoriz=False, flipVert=False, font='Arial', fontFiles=[], height=1.5, italic=False, languageStyle='LTR', name='text_pause', opacity=1.0, ori=0, pos=array([0., 0.]), rgb=array([0., 0., 0.]), text='Vége a feladatnak. Köszönjük!', units='deg', win=Window(...), wrapWidth=20)
10.1192 	DATA 	Keypress: f
10.1353 	EXP 	lb_check: text = "Válaszgomb teszt:\n\nNyomja le a 'J' billentyűt!"
10.1353 	EXP 	lb_check: pos = (23, 0)
10.2702 	DATA 	Keypress: j
11.2702 	DATA 	Keypress: j
13.8621 	DATA 	Keypress: right
13.8685 	EXP 	instr_text: text = 'A következő feladatban ismét absztrakt képeket fog látni, és ezekről kell eldöntenie, látta-e őket az első, műalkotás válogató feladataban, és hogy ugyanott látta-e őket.    \n A feladatot két alfeladatra bontottuk. Az egyikben a képekről, a másikban a képek pozíciójáról kell döntenie.    \n\nA folytatáshoz nyomja le a jobb nyilat.'
14.3853 	DATA 	Keypress: right
14.4518 	EXP 	instr_text: text = "A 'Kép' nevű alfeladatban azt kell eldöntenie, látta-e már ezeket a képeket az első, műalkotás válogató feladataban.                    \nHárom csoportba oszthatóak a megjelenő képek:                    \n - Régi: Ezek a képek pontosan megegyeznek majd az első feladatban látott képek egyikével.                    \n - Hasonló: Ezek a képek nagyon hasonlítanak az első feladatban látott képek egyikéhez.                    \n - Új: Teljesen új képek, amelyek nem jelentek meg az első feladatban.                    \nAz Ön feladata, hogy eldöntse, melyik kép ugyanaz, mint az első feladatban, melyik hasonló, és melyik új. \nMinden képet nézzen meg figyelmesen, és minden képre adjon választ, akkor is, ha a döntés nehéz.                    \n\nA döntését így jelölje:\n\tRégi - F\t Hasonló - J\t Új - K                    \n\n A folytatáshoz nyomja le a jobb nyilat"
14.6353 	DATA 	Keypress: right
14.7018 	EXP 	instr_text: text = "A 'Hely' nevű alfeladatban azt kell eldöntenie, a képek ugyanott jelennek-e meg, mint az első, műalkotás válogató feladataban.                    \nEbben az alfeladatban minden kép pontos mása annak, amit az első feladatban látott. A helyek azonban három csoportba oszthatóak:                    \n - Régi: Pontosan ugyanitt jelent meg ez a kép az első feladatban.                    \n - Hasonló: Egy hasonló helyen jelent meg ez a kép az első feladatban.                    \n - Új: Egy teljesen másik helyen jelent meg ez a kép az első feladatban.                    \nAz Ön feladata, hogy eldöntse, melyik kép jelent meg ugyanott, hasonló, és teljesen új helyen.\nMinden képet nézzen meg figyelmesen, és minden képre adjon választ, akkor is, ha a döntés nehéz.                    \n\nA döntését így jelölje:\n\tRégi - F\t Hasonló - J\t Új - K                    \n\nA folytatáshoz nyomja le a jobb nyilat."
16.1686 	DATA 	Keypress: right
16.1851 	EXP 	instr_text: text = "A következőkben bemutatjuk Önnek, milyenek a 'hasonló'/'új' képek és helyek. \nA jobb nyillal tud továbblépni."
17.8019 	DATA 	Keypress: right
17.8351 	EXP 	main_image: pos = array([300.,   0.])
17.8351 	EXP 	main_image: image = 'Stimuli/Fractals/Practice/164a.jpg'
17.8351 	EXP 	main_image: pos = array([-300.,    0.])
17.8351 	EXP 	main_image: image = 'Stimuli/Fractals/Practice/164b.jpg'
17.8351 	EXP 	start_task_text: text = 'Hasonló'
17.8351 	EXP 	start_task_text: text = 'Képek'
18.6362 	DATA 	Keypress: right
18.6368 	DATA 	Keypress: right
18.6373 	DATA 	Keypress: right
18.6378 	DATA 	Keypress: right
18.6383 	DATA 	Keypress: right
18.7820 	DATA 	Keypress: right
19.6535 	DATA 	Keypress: right
19.6540 	DATA 	Keypress: right
19.6545 	DATA 	Keypress: right
19.6550 	DATA 	Keypress: right
19.6555 	DATA 	Keypress: right
19.7101 	DATA 	Keypress: right
20.6693 	DATA 	Keypress: right
20.6699 	DATA 	Keypress: right
20.6704 	DATA 	Keypress: right
20.6709 	DATA 	Keypress: right
24.7346 	DATA 	Keypress: right
24.9682 	EXP 	main_image: pos = array([300.,   0.])
24.9682 	EXP 	main_image: image = 'Stimuli/Fractals/Practice/149a.jpg'
24.9682 	EXP 	main_image: pos = array([-300.,    0.])
24.9682 	EXP 	main_image: image = 'Stimuli/Fractals/Practice/149b.jpg'
24.9682 	EXP 	start_task_text: text = 'Hasonló'
24.9682 	EXP 	start_task_text: text = 'Képek'
26.7862 	DATA 	Keypress: right
27.0515 	EXP 	main_image: pos = array([300.,   0.])
27.0515 	EXP 	main_image: image = 'Stimuli/Fractals/Practice/160b.jpg'
27.0515 	EXP 	main_image: pos = array([-300.,    0.])
27.0515 	EXP 	main_image: image = 'Stimuli/Fractals/Practice/160c.jpg'
27.0515 	EXP 	start_task_text: text = 'Hasonló'
27.0515 	EXP 	start_task_text: text = 'Képek'
27.8523 	DATA 	Keypress: right
27.8528 	DATA 	Keypress: right
27.9821 	DATA 	Keypress: right
28.8697 	DATA 	Keypress: right
28.8702 	DATA 	Keypress: right
28.8703 	DATA 	Keypress: right
28.8703 	DATA 	Keypress: right
28.8704 	DATA 	Keypress: right
28.9187 	DATA 	Keypress: right
29.8860 	DATA 	Keypress: right
29.8866 	DATA 	Keypress: right
29.8871 	DATA 	Keypress: right
29.8876 	DATA 	Keypress: right
29.8881 	DATA 	Keypress: right
29.8886 	DATA 	Keypress: right
30.0461 	DATA 	Keypress: right
30.9031 	DATA 	Keypress: right
30.9032 	DATA 	Keypress: right
30.9033 	DATA 	Keypress: right
30.9034 	DATA 	Keypress: right
30.9105 	DATA 	Keypress: right
31.0940 	DATA 	Keypress: right
31.9198 	DATA 	Keypress: right
35.0145 	DATA 	Keypress: right
35.2179 	EXP 	main_image: pos = array([300.,   0.])
35.2179 	EXP 	main_image: image = 'Stimuli/Fractals/Practice/167a.jpg'
35.2179 	EXP 	main_image: pos = array([-300.,    0.])
35.2179 	EXP 	main_image: image = 'Stimuli/Fractals/Practice/167b.jpg'
35.2179 	EXP 	start_task_text: text = 'Hasonló'
35.2179 	EXP 	start_task_text: text = 'Képek'
36.0466 	DATA 	Keypress: right
36.2679 	EXP 	main_image: pos = array([300.,   0.])
36.2679 	EXP 	main_image: image = 'Stimuli/Fractals/Practice/163a.jpg'
36.2679 	EXP 	main_image: pos = array([-300.,    0.])
36.2679 	EXP 	main_image: image = 'Stimuli/Fractals/Practice/173c.jpg'
36.2679 	EXP 	start_task_text: text = 'Új'
36.2679 	EXP 	start_task_text: text = 'Képek'
39.1020 	DATA 	Keypress: right
39.3512 	EXP 	main_image: pos = array([ 122.0209929, -274.0636373])
39.3512 	EXP 	main_image: image = 'Stimuli/Fractals/Practice/166a.jpg'
39.3512 	EXP 	main_image: pos = array([ 222.9434476, -200.7391819])
39.3512 	EXP 	main_image: image = 'Stimuli/Fractals/Practice/166a.jpg'
39.3512 	EXP 	start_task_text: text = 'Hasonló'
39.3512 	EXP 	start_task_text: text = 'Helyek'
41.1688 	DATA 	Keypress: right
41.4178 	EXP 	main_image: pos = array([-285.3169549 ,  -92.70509831])
41.4178 	EXP 	main_image: image = 'Stimuli/Fractals/Practice/159a.jpg'
41.4178 	EXP 	main_image: pos = array([-136.1971499, -267.3019573])
41.4178 	EXP 	main_image: image = 'Stimuli/Fractals/Practice/159a.jpg'
41.4178 	EXP 	start_task_text: text = 'Hasonló'
41.4178 	EXP 	start_task_text: text = 'Helyek'
43.2338 	DATA 	Keypress: right
43.4846 	EXP 	main_image: pos = array([200.7391819, 222.9434476])
43.4846 	EXP 	main_image: image = 'Stimuli/Fractals/Practice/148b.jpg'
43.4846 	EXP 	main_image: pos = array([300.,   0.])
43.4846 	EXP 	main_image: image = 'Stimuli/Fractals/Practice/148b.jpg'
43.4846 	EXP 	start_task_text: text = 'Hasonló'
43.4846 	EXP 	start_task_text: text = 'Helyek'
45.3010 	DATA 	Keypress: right
45.5510 	EXP 	main_image: pos = array([ 31.35853898, 298.3565686 ])
45.5510 	EXP 	main_image: image = 'Stimuli/Fractals/Practice/177b.jpg'
45.5510 	EXP 	main_image: pos = array([ -46.93033951, -296.3065022 ])
45.5510 	EXP 	main_image: image = 'Stimuli/Fractals/Practice/177b.jpg'
45.5510 	EXP 	start_task_text: text = 'Új'
45.5510 	EXP 	start_task_text: text = 'Helyek'
66.6838 	DATA 	Keypress: right
66.9005 	EXP 	instr_text: text = 'Most a gyakorlás következik. Ha készen áll, nyomjon le egy billentyűt.'
67.6861 	DATA 	Keypress: right
69.7337 	EXP 	main_image: pos = array([-99.31902537, 283.0825519 ])
69.7337 	EXP 	main_image: image = 'Stimuli/Fractals/Practice/156b.jpg'
69.7337 	EXP 	start_task_text: text = 'A helyes válasz: Új'
69.7337 	EXP 	text_trial_type: text = 'Kép'
69.7504 	EXP 	text_trial_type: text = 'Kép'
69.7671 	EXP 	text_trial_type: text = 'Kép'
69.7837 	EXP 	text_trial_type: text = 'Kép'
69.8004 	EXP 	text_trial_type: text = 'Kép'
69.8171 	EXP 	text_trial_type: text = 'Kép'
69.8337 	EXP 	text_trial_type: text = 'Kép'
69.8504 	EXP 	text_trial_type: text = 'Kép'
69.8671 	EXP 	text_trial_type: text = 'Kép'
69.8837 	EXP 	text_trial_type: text = 'Kép'
69.9004 	EXP 	text_trial_type: text = 'Kép'
69.9171 	EXP 	text_trial_type: text = 'Kép'
69.9337 	EXP 	text_trial_type: text = 'Kép'
69.9504 	EXP 	text_trial_type: text = 'Kép'
69.9670 	EXP 	text_trial_type: text = 'Kép'
69.9837 	EXP 	text_trial_type: text = 'Kép'
70.0004 	EXP 	text_trial_type: text = 'Kép'
70.0170 	EXP 	text_trial_type: text = 'Kép'
70.0337 	EXP 	text_trial_type: text = 'Kép'
70.0504 	EXP 	text_trial_type: text = 'Kép'
70.0670 	EXP 	text_trial_type: text = 'Kép'
70.0837 	EXP 	text_trial_type: text = 'Kép'
70.1004 	EXP 	text_trial_type: text = 'Kép'
70.1170 	EXP 	text_trial_type: text = 'Kép'
70.1337 	EXP 	text_trial_type: text = 'Kép'
70.1503 	EXP 	text_trial_type: text = 'Kép'
70.1670 	EXP 	text_trial_type: text = 'Kép'
70.1837 	EXP 	text_trial_type: text = 'Kép'
70.2004 	EXP 	text_trial_type: text = 'Kép'
70.2170 	EXP 	text_trial_type: text = 'Kép'
70.2337 	EXP 	text_trial_type: text = 'Kép'
70.2504 	EXP 	text_trial_type: text = 'Kép'
70.2670 	EXP 	text_trial_type: text = 'Kép'
70.2837 	EXP 	text_trial_type: text = 'Kép'
70.3003 	EXP 	text_trial_type: text = 'Kép'
70.3170 	EXP 	text_trial_type: text = 'Kép'
70.3337 	EXP 	text_trial_type: text = 'Kép'
70.3504 	EXP 	text_trial_type: text = 'Kép'
70.3670 	EXP 	text_trial_type: text = 'Kép'
70.3837 	EXP 	text_trial_type: text = 'Kép'
70.4003 	EXP 	text_trial_type: text = 'Kép'
70.4170 	EXP 	text_trial_type: text = 'Kép'
70.4337 	EXP 	text_trial_type: text = 'Kép'
70.4503 	EXP 	text_trial_type: text = 'Kép'
70.4670 	EXP 	text_trial_type: text = 'Kép'
70.4837 	EXP 	text_trial_type: text = 'Kép'
70.5003 	EXP 	text_trial_type: text = 'Kép'
70.5170 	EXP 	text_trial_type: text = 'Kép'
70.5337 	EXP 	text_trial_type: text = 'Kép'
70.5503 	EXP 	text_trial_type: text = 'Kép'
70.5670 	EXP 	text_trial_type: text = 'Kép'
70.5837 	EXP 	text_trial_type: text = 'Kép'
70.6003 	EXP 	text_trial_type: text = 'Kép'
70.6170 	EXP 	text_trial_type: text = 'Kép'
70.6337 	EXP 	text_trial_type: text = 'Kép'
70.6503 	EXP 	text_trial_type: text = 'Kép'
70.6670 	EXP 	text_trial_type: text = 'Kép'
70.6837 	EXP 	text_trial_type: text = 'Kép'
70.7004 	EXP 	text_trial_type: text = 'Kép'
70.7170 	EXP 	text_trial_type: text = 'Kép'
70.7337 	EXP 	text_trial_type: text = 'Kép'
70.7503 	EXP 	text_trial_type: text = 'Kép'
70.7670 	EXP 	text_trial_type: text = 'Kép'
70.7837 	EXP 	text_trial_type: text = 'Kép'
70.8003 	EXP 	text_trial_type: text = 'Kép'
70.8170 	EXP 	text_trial_type: text = 'Kép'
70.8337 	EXP 	text_trial_type: text = 'Kép'
70.8504 	EXP 	text_trial_type: text = 'Kép'
70.8670 	EXP 	text_trial_type: text = 'Kép'
70.8837 	EXP 	text_trial_type: text = 'Kép'
70.9003 	EXP 	text_trial_type: text = 'Kép'
70.9170 	EXP 	text_trial_type: text = 'Kép'
70.9337 	EXP 	text_trial_type: text = 'Kép'
70.9503 	EXP 	text_trial_type: text = 'Kép'
70.9670 	EXP 	text_trial_type: text = 'Kép'
70.9837 	EXP 	text_trial_type: text = 'Kép'
71.0003 	EXP 	text_trial_type: text = 'Kép'
71.0170 	EXP 	text_trial_type: text = 'Kép'
71.0337 	EXP 	text_trial_type: text = 'Kép'
71.0503 	EXP 	text_trial_type: text = 'Kép'
71.0670 	EXP 	text_trial_type: text = 'Kép'
71.0837 	EXP 	text_trial_type: text = 'Kép'
71.1003 	EXP 	text_trial_type: text = 'Kép'
71.1170 	EXP 	text_trial_type: text = 'Kép'
71.1337 	EXP 	text_trial_type: text = 'Kép'
71.1503 	EXP 	text_trial_type: text = 'Kép'
71.1670 	EXP 	text_trial_type: text = 'Kép'
71.1837 	EXP 	text_trial_type: text = 'Kép'
71.2003 	EXP 	text_trial_type: text = 'Kép'
71.2170 	EXP 	text_trial_type: text = 'Kép'
71.2337 	EXP 	text_trial_type: text = 'Kép'
71.2503 	EXP 	text_trial_type: text = 'Kép'
71.2670 	EXP 	text_trial_type: text = 'Kép'
71.2837 	EXP 	text_trial_type: text = 'Kép'
71.3003 	EXP 	text_trial_type: text = 'Kép'
71.3170 	EXP 	text_trial_type: text = 'Kép'
71.3337 	EXP 	text_trial_type: text = 'Kép'
71.3503 	EXP 	text_trial_type: text = 'Kép'
71.3670 	EXP 	text_trial_type: text = 'Kép'
71.3837 	EXP 	text_trial_type: text = 'Kép'
71.4003 	EXP 	text_trial_type: text = 'Kép'
71.4170 	EXP 	text_trial_type: text = 'Kép'
71.4337 	EXP 	text_trial_type: text = 'Kép'
71.4503 	EXP 	text_trial_type: text = 'Kép'
71.4670 	EXP 	text_trial_type: text = 'Kép'
71.4837 	EXP 	text_trial_type: text = 'Kép'
71.5003 	EXP 	text_trial_type: text = 'Kép'
71.5170 	EXP 	text_trial_type: text = 'Kép'
71.5337 	EXP 	text_trial_type: text = 'Kép'
71.5503 	EXP 	text_trial_type: text = 'Kép'
71.5670 	EXP 	text_trial_type: text = 'Kép'
71.5837 	EXP 	text_trial_type: text = 'Kép'
71.6003 	EXP 	text_trial_type: text = 'Kép'
71.6170 	EXP 	text_trial_type: text = 'Kép'
71.6337 	EXP 	text_trial_type: text = 'Kép'
71.6503 	EXP 	text_trial_type: text = 'Kép'
71.6670 	EXP 	text_trial_type: text = 'Kép'
71.6836 	EXP 	text_trial_type: text = 'Kép'
71.7003 	EXP 	text_trial_type: text = 'Kép'
71.7170 	EXP 	text_trial_type: text = 'Kép'
75.1356 	DATA 	Keypress: k
75.3500 	EXP 	start_task_text: text = 'Az Ön válasza: Új'
78.3834 	EXP 	start_task_text: text = ''
78.3834 	EXP 	start_task_text: text = ''
78.3834 	EXP 	main_image: pos = array([ 122.0209929, -274.0636373])
78.3834 	EXP 	main_image: image = 'Stimuli/Fractals/Practice/166b.jpg'
78.3834 	EXP 	start_task_text: text = 'A helyes válasz: Hasonló'
80.5185 	DATA 	Keypress: j
80.7164 	EXP 	start_task_text: text = 'Az Ön válasza: Hasonló'
85.0329 	EXP 	start_task_text: text = ''
85.0329 	EXP 	start_task_text: text = ''
85.0329 	EXP 	main_image: pos = array([300.,   0.])
85.0329 	EXP 	main_image: image = 'Stimuli/Fractals/Practice/167a.jpg'
85.0329 	EXP 	start_task_text: text = 'A helyes válasz: Régi'
88.8027 	DATA 	Keypress: f
89.0162 	EXP 	start_task_text: text = 'Az Ön válasza: Régi'
93.0994 	EXP 	start_task_text: text = ''
93.0994 	EXP 	start_task_text: text = ''
93.0994 	EXP 	main_image: pos = array([ 31.35853898, 298.3565686 ])
93.0994 	EXP 	main_image: image = 'Stimuli/Fractals/Practice/177c.jpg'
93.0994 	EXP 	start_task_text: text = 'A helyes válasz: Hasonló'
97.5843 	DATA 	Keypress: j
97.7993 	EXP 	start_task_text: text = 'Az Ön válasza: Hasonló'
101.4492 	EXP 	start_task_text: text = ''
101.4492 	EXP 	start_task_text: text = ''
101.4492 	EXP 	main_image: pos = array([-259.8076211,  150.       ])
101.4492 	EXP 	main_image: image = 'Stimuli/Fractals/Practice/159a.jpg'
101.4492 	EXP 	start_task_text: text = 'A helyes válasz: Hasonló'
101.4492 	EXP 	text_trial_type: text = 'Hely'
101.4659 	EXP 	text_trial_type: text = 'Hely'
101.4825 	EXP 	text_trial_type: text = 'Hely'
101.4992 	EXP 	text_trial_type: text = 'Hely'
101.5159 	EXP 	text_trial_type: text = 'Hely'
101.5325 	EXP 	text_trial_type: text = 'Hely'
101.5492 	EXP 	text_trial_type: text = 'Hely'
101.5659 	EXP 	text_trial_type: text = 'Hely'
101.5825 	EXP 	text_trial_type: text = 'Hely'
101.5992 	EXP 	text_trial_type: text = 'Hely'
101.6159 	EXP 	text_trial_type: text = 'Hely'
101.6325 	EXP 	text_trial_type: text = 'Hely'
101.6492 	EXP 	text_trial_type: text = 'Hely'
101.6659 	EXP 	text_trial_type: text = 'Hely'
101.6825 	EXP 	text_trial_type: text = 'Hely'
101.6992 	EXP 	text_trial_type: text = 'Hely'
101.7159 	EXP 	text_trial_type: text = 'Hely'
101.7325 	EXP 	text_trial_type: text = 'Hely'
101.7492 	EXP 	text_trial_type: text = 'Hely'
101.7658 	EXP 	text_trial_type: text = 'Hely'
101.7825 	EXP 	text_trial_type: text = 'Hely'
101.7992 	EXP 	text_trial_type: text = 'Hely'
101.8158 	EXP 	text_trial_type: text = 'Hely'
101.8325 	EXP 	text_trial_type: text = 'Hely'
101.8492 	EXP 	text_trial_type: text = 'Hely'
101.8659 	EXP 	text_trial_type: text = 'Hely'
101.8825 	EXP 	text_trial_type: text = 'Hely'
101.8992 	EXP 	text_trial_type: text = 'Hely'
101.9158 	EXP 	text_trial_type: text = 'Hely'
101.9325 	EXP 	text_trial_type: text = 'Hely'
101.9492 	EXP 	text_trial_type: text = 'Hely'
101.9658 	EXP 	text_trial_type: text = 'Hely'
101.9825 	EXP 	text_trial_type: text = 'Hely'
101.9992 	EXP 	text_trial_type: text = 'Hely'
102.0159 	EXP 	text_trial_type: text = 'Hely'
102.0325 	EXP 	text_trial_type: text = 'Hely'
102.0492 	EXP 	text_trial_type: text = 'Hely'
102.0659 	EXP 	text_trial_type: text = 'Hely'
102.0825 	EXP 	text_trial_type: text = 'Hely'
102.0992 	EXP 	text_trial_type: text = 'Hely'
102.1159 	EXP 	text_trial_type: text = 'Hely'
102.1325 	EXP 	text_trial_type: text = 'Hely'
102.1492 	EXP 	text_trial_type: text = 'Hely'
102.1658 	EXP 	text_trial_type: text = 'Hely'
102.1825 	EXP 	text_trial_type: text = 'Hely'
102.1992 	EXP 	text_trial_type: text = 'Hely'
102.2159 	EXP 	text_trial_type: text = 'Hely'
102.2325 	EXP 	text_trial_type: text = 'Hely'
102.2492 	EXP 	text_trial_type: text = 'Hely'
102.2658 	EXP 	text_trial_type: text = 'Hely'
102.2825 	EXP 	text_trial_type: text = 'Hely'
102.2992 	EXP 	text_trial_type: text = 'Hely'
102.3159 	EXP 	text_trial_type: text = 'Hely'
102.3325 	EXP 	text_trial_type: text = 'Hely'
102.3492 	EXP 	text_trial_type: text = 'Hely'
102.3659 	EXP 	text_trial_type: text = 'Hely'
102.3825 	EXP 	text_trial_type: text = 'Hely'
102.3992 	EXP 	text_trial_type: text = 'Hely'
102.4159 	EXP 	text_trial_type: text = 'Hely'
102.4325 	EXP 	text_trial_type: text = 'Hely'
102.4492 	EXP 	text_trial_type: text = 'Hely'
102.4659 	EXP 	text_trial_type: text = 'Hely'
102.4825 	EXP 	text_trial_type: text = 'Hely'
102.4992 	EXP 	text_trial_type: text = 'Hely'
102.5158 	EXP 	text_trial_type: text = 'Hely'
102.5325 	EXP 	text_trial_type: text = 'Hely'
102.5492 	EXP 	text_trial_type: text = 'Hely'
102.5658 	EXP 	text_trial_type: text = 'Hely'
102.5825 	EXP 	text_trial_type: text = 'Hely'
102.5992 	EXP 	text_trial_type: text = 'Hely'
102.6158 	EXP 	text_trial_type: text = 'Hely'
102.6325 	EXP 	text_trial_type: text = 'Hely'
102.6492 	EXP 	text_trial_type: text = 'Hely'
102.6658 	EXP 	text_trial_type: text = 'Hely'
102.6825 	EXP 	text_trial_type: text = 'Hely'
102.6992 	EXP 	text_trial_type: text = 'Hely'
102.7159 	EXP 	text_trial_type: text = 'Hely'
102.7325 	EXP 	text_trial_type: text = 'Hely'
102.7491 	EXP 	text_trial_type: text = 'Hely'
102.7658 	EXP 	text_trial_type: text = 'Hely'
102.7825 	EXP 	text_trial_type: text = 'Hely'
102.7992 	EXP 	text_trial_type: text = 'Hely'
102.8158 	EXP 	text_trial_type: text = 'Hely'
102.8325 	EXP 	text_trial_type: text = 'Hely'
102.8491 	EXP 	text_trial_type: text = 'Hely'
102.8658 	EXP 	text_trial_type: text = 'Hely'
102.8825 	EXP 	text_trial_type: text = 'Hely'
102.8991 	EXP 	text_trial_type: text = 'Hely'
102.9158 	EXP 	text_trial_type: text = 'Hely'
102.9325 	EXP 	text_trial_type: text = 'Hely'
102.9491 	EXP 	text_trial_type: text = 'Hely'
102.9658 	EXP 	text_trial_type: text = 'Hely'
102.9825 	EXP 	text_trial_type: text = 'Hely'
102.9991 	EXP 	text_trial_type: text = 'Hely'
103.0158 	EXP 	text_trial_type: text = 'Hely'
103.0325 	EXP 	text_trial_type: text = 'Hely'
103.0491 	EXP 	text_trial_type: text = 'Hely'
103.0658 	EXP 	text_trial_type: text = 'Hely'
103.0825 	EXP 	text_trial_type: text = 'Hely'
103.0991 	EXP 	text_trial_type: text = 'Hely'
103.1158 	EXP 	text_trial_type: text = 'Hely'
103.1325 	EXP 	text_trial_type: text = 'Hely'
103.1491 	EXP 	text_trial_type: text = 'Hely'
103.1658 	EXP 	text_trial_type: text = 'Hely'
103.1825 	EXP 	text_trial_type: text = 'Hely'
103.1991 	EXP 	text_trial_type: text = 'Hely'
103.2158 	EXP 	text_trial_type: text = 'Hely'
103.2325 	EXP 	text_trial_type: text = 'Hely'
103.2491 	EXP 	text_trial_type: text = 'Hely'
103.2658 	EXP 	text_trial_type: text = 'Hely'
103.2825 	EXP 	text_trial_type: text = 'Hely'
103.2991 	EXP 	text_trial_type: text = 'Hely'
103.3158 	EXP 	text_trial_type: text = 'Hely'
103.3325 	EXP 	text_trial_type: text = 'Hely'
103.3491 	EXP 	text_trial_type: text = 'Hely'
103.3658 	EXP 	text_trial_type: text = 'Hely'
103.3825 	EXP 	text_trial_type: text = 'Hely'
103.3991 	EXP 	text_trial_type: text = 'Hely'
103.4158 	EXP 	text_trial_type: text = 'Hely'
103.4325 	EXP 	text_trial_type: text = 'Hely'
103.4491 	EXP 	text_trial_type: text = 'Hely'
107.6675 	DATA 	Keypress: k
107.8657 	EXP 	start_task_text: text = 'Az Ön válasza: Új'
110.5156 	EXP 	start_task_text: text = ''
110.5156 	EXP 	start_task_text: text = ''
110.5156 	EXP 	main_image: pos = array([-176.3355757, -242.7050983])
110.5156 	EXP 	main_image: image = 'Stimuli/Fractals/Practice/148b.jpg'
110.5156 	EXP 	start_task_text: text = 'A helyes válasz: Új'
115.7852 	DATA 	Keypress: k
115.9988 	EXP 	start_task_text: text = 'Az Ön válasza: Új'
118.0821 	EXP 	start_task_text: text = ''
118.0821 	EXP 	start_task_text: text = ''
118.0821 	EXP 	main_image: pos = array([ 122.0209929, -274.0636373])
118.0821 	EXP 	main_image: image = 'Stimuli/Fractals/Practice/166a.jpg'
118.0821 	EXP 	start_task_text: text = 'A helyes válasz: Régi'
125.0987 	EXP 	start_task_text: text = ''
125.0987 	EXP 	start_task_text: text = ''
126.4059 	DATA 	Keypress: left
126.4489 	EXP 	main_image: pos = array([300.,   0.])
126.4489 	EXP 	main_image: image = 'Stimuli/Fractals/Practice/164a.jpg'
126.4489 	EXP 	main_image: pos = array([-300.,    0.])
126.4489 	EXP 	main_image: image = 'Stimuli/Fractals/Practice/164b.jpg'
126.4489 	EXP 	start_task_text: text = 'Hasonló'
126.4489 	EXP 	start_task_text: text = 'Képek'
128.2662 	DATA 	Keypress: right
128.4989 	EXP 	main_image: pos = array([300.,   0.])
128.4989 	EXP 	main_image: image = 'Stimuli/Fractals/Practice/149a.jpg'
128.4989 	EXP 	main_image: pos = array([-300.,    0.])
128.4989 	EXP 	main_image: image = 'Stimuli/Fractals/Practice/149b.jpg'
128.4989 	EXP 	start_task_text: text = 'Hasonló'
128.4989 	EXP 	start_task_text: text = 'Képek'
130.3162 	DATA 	Keypress: right
130.5655 	EXP 	main_image: pos = array([300.,   0.])
130.5655 	EXP 	main_image: image = 'Stimuli/Fractals/Practice/160b.jpg'
130.5655 	EXP 	main_image: pos = array([-300.,    0.])
130.5655 	EXP 	main_image: image = 'Stimuli/Fractals/Practice/160c.jpg'
130.5655 	EXP 	start_task_text: text = 'Hasonló'
130.5655 	EXP 	start_task_text: text = 'Képek'
131.3662 	DATA 	Keypress: right
131.6154 	EXP 	main_image: pos = array([300.,   0.])
131.6154 	EXP 	main_image: image = 'Stimuli/Fractals/Practice/167a.jpg'
131.6154 	EXP 	main_image: pos = array([-300.,    0.])
131.6154 	EXP 	main_image: image = 'Stimuli/Fractals/Practice/167b.jpg'
131.6154 	EXP 	start_task_text: text = 'Hasonló'
131.6154 	EXP 	start_task_text: text = 'Képek'
132.5660 	DATA 	Keypress: right
133.6821 	EXP 	main_image: pos = array([300.,   0.])
133.6821 	EXP 	main_image: image = 'Stimuli/Fractals/Practice/163a.jpg'
133.6821 	EXP 	main_image: pos = array([-300.,    0.])
133.6821 	EXP 	main_image: image = 'Stimuli/Fractals/Practice/173c.jpg'
133.6821 	EXP 	start_task_text: text = 'Új'
133.6821 	EXP 	start_task_text: text = 'Képek'
137.5326 	DATA 	Keypress: right
137.7820 	EXP 	main_image: pos = array([ 122.0209929, -274.0636373])
137.7820 	EXP 	main_image: image = 'Stimuli/Fractals/Practice/166a.jpg'
137.7820 	EXP 	main_image: pos = array([ 222.9434476, -200.7391819])
137.7820 	EXP 	main_image: image = 'Stimuli/Fractals/Practice/166a.jpg'
137.7820 	EXP 	start_task_text: text = 'Hasonló'
137.7820 	EXP 	start_task_text: text = 'Helyek'
143.7580 	DATA 	Keypress: right
144.9318 	EXP 	main_image: pos = array([-285.3169549 ,  -92.70509831])
144.9318 	EXP 	main_image: image = 'Stimuli/Fractals/Practice/159a.jpg'
144.9318 	EXP 	main_image: pos = array([-136.1971499, -267.3019573])
144.9318 	EXP 	main_image: image = 'Stimuli/Fractals/Practice/159a.jpg'
144.9318 	EXP 	start_task_text: text = 'Hasonló'
144.9318 	EXP 	start_task_text: text = 'Helyek'
145.7664 	DATA 	Keypress: right
145.9817 	EXP 	main_image: pos = array([200.7391819, 222.9434476])
145.9817 	EXP 	main_image: image = 'Stimuli/Fractals/Practice/148b.jpg'
145.9817 	EXP 	main_image: pos = array([300.,   0.])
145.9817 	EXP 	main_image: image = 'Stimuli/Fractals/Practice/148b.jpg'
145.9817 	EXP 	start_task_text: text = 'Hasonló'
145.9817 	EXP 	start_task_text: text = 'Helyek'
152.8828 	DATA 	Keypress: right
153.1316 	EXP 	main_image: pos = array([ 31.35853898, 298.3565686 ])
153.1316 	EXP 	main_image: image = 'Stimuli/Fractals/Practice/177b.jpg'
153.1316 	EXP 	main_image: pos = array([ -46.93033951, -296.3065022 ])
153.1316 	EXP 	main_image: image = 'Stimuli/Fractals/Practice/177b.jpg'
153.1316 	EXP 	start_task_text: text = 'Új'
153.1316 	EXP 	start_task_text: text = 'Helyek'
175.2808 	DATA 	Keypress: right
175.4976 	EXP 	instr_text: text = 'Most a gyakorlás következik. Ha készen áll, nyomjon le egy billentyűt.'
178.1898 	DATA 	Keypress: right
180.2308 	EXP 	main_image: pos = array([-99.31902537, 283.0825519 ])
180.2308 	EXP 	main_image: image = 'Stimuli/Fractals/Practice/156b.jpg'
180.2308 	EXP 	start_task_text: text = 'A helyes válasz: Új'
180.2308 	EXP 	text_trial_type: text = 'Kép'
180.2475 	EXP 	text_trial_type: text = 'Kép'
180.2642 	EXP 	text_trial_type: text = 'Kép'
180.2809 	EXP 	text_trial_type: text = 'Kép'
180.2975 	EXP 	text_trial_type: text = 'Kép'
180.3142 	EXP 	text_trial_type: text = 'Kép'
180.3309 	EXP 	text_trial_type: text = 'Kép'
180.3475 	EXP 	text_trial_type: text = 'Kép'
180.3642 	EXP 	text_trial_type: text = 'Kép'
180.3808 	EXP 	text_trial_type: text = 'Kép'
180.3975 	EXP 	text_trial_type: text = 'Kép'
180.4142 	EXP 	text_trial_type: text = 'Kép'
180.4308 	EXP 	text_trial_type: text = 'Kép'
180.4475 	EXP 	text_trial_type: text = 'Kép'
180.4642 	EXP 	text_trial_type: text = 'Kép'
180.4808 	EXP 	text_trial_type: text = 'Kép'
180.4975 	EXP 	text_trial_type: text = 'Kép'
180.5142 	EXP 	text_trial_type: text = 'Kép'
180.5309 	EXP 	text_trial_type: text = 'Kép'
180.5475 	EXP 	text_trial_type: text = 'Kép'
180.5642 	EXP 	text_trial_type: text = 'Kép'
180.5809 	EXP 	text_trial_type: text = 'Kép'
180.5975 	EXP 	text_trial_type: text = 'Kép'
180.6142 	EXP 	text_trial_type: text = 'Kép'
180.6309 	EXP 	text_trial_type: text = 'Kép'
180.6475 	EXP 	text_trial_type: text = 'Kép'
180.6642 	EXP 	text_trial_type: text = 'Kép'
180.6809 	EXP 	text_trial_type: text = 'Kép'
180.6975 	EXP 	text_trial_type: text = 'Kép'
180.7142 	EXP 	text_trial_type: text = 'Kép'
180.7309 	EXP 	text_trial_type: text = 'Kép'
180.7475 	EXP 	text_trial_type: text = 'Kép'
180.7642 	EXP 	text_trial_type: text = 'Kép'
180.7808 	EXP 	text_trial_type: text = 'Kép'
180.7975 	EXP 	text_trial_type: text = 'Kép'
180.8142 	EXP 	text_trial_type: text = 'Kép'
180.8308 	EXP 	text_trial_type: text = 'Kép'
180.8475 	EXP 	text_trial_type: text = 'Kép'
180.8642 	EXP 	text_trial_type: text = 'Kép'
180.8809 	EXP 	text_trial_type: text = 'Kép'
180.8975 	EXP 	text_trial_type: text = 'Kép'
180.9142 	EXP 	text_trial_type: text = 'Kép'
180.9309 	EXP 	text_trial_type: text = 'Kép'
180.9475 	EXP 	text_trial_type: text = 'Kép'
180.9642 	EXP 	text_trial_type: text = 'Kép'
180.9809 	EXP 	text_trial_type: text = 'Kép'
180.9975 	EXP 	text_trial_type: text = 'Kép'
181.0142 	EXP 	text_trial_type: text = 'Kép'
181.0309 	EXP 	text_trial_type: text = 'Kép'
181.0475 	EXP 	text_trial_type: text = 'Kép'
181.0642 	EXP 	text_trial_type: text = 'Kép'
181.0809 	EXP 	text_trial_type: text = 'Kép'
181.0975 	EXP 	text_trial_type: text = 'Kép'
181.1142 	EXP 	text_trial_type: text = 'Kép'
181.1308 	EXP 	text_trial_type: text = 'Kép'
181.1475 	EXP 	text_trial_type: text = 'Kép'
181.1642 	EXP 	text_trial_type: text = 'Kép'
181.1808 	EXP 	text_trial_type: text = 'Kép'
181.1975 	EXP 	text_trial_type: text = 'Kép'
181.2142 	EXP 	text_trial_type: text = 'Kép'
181.2308 	EXP 	text_trial_type: text = 'Kép'
181.2475 	EXP 	text_trial_type: text = 'Kép'
181.2642 	EXP 	text_trial_type: text = 'Kép'
181.2808 	EXP 	text_trial_type: text = 'Kép'
181.2975 	EXP 	text_trial_type: text = 'Kép'
181.3142 	EXP 	text_trial_type: text = 'Kép'
181.3308 	EXP 	text_trial_type: text = 'Kép'
181.3475 	EXP 	text_trial_type: text = 'Kép'
181.3641 	EXP 	text_trial_type: text = 'Kép'
181.3808 	EXP 	text_trial_type: text = 'Kép'
181.3975 	EXP 	text_trial_type: text = 'Kép'
181.4142 	EXP 	text_trial_type: text = 'Kép'
181.4308 	EXP 	text_trial_type: text = 'Kép'
181.4475 	EXP 	text_trial_type: text = 'Kép'
181.4642 	EXP 	text_trial_type: text = 'Kép'
181.4808 	EXP 	text_trial_type: text = 'Kép'
181.4975 	EXP 	text_trial_type: text = 'Kép'
181.5142 	EXP 	text_trial_type: text = 'Kép'
181.5308 	EXP 	text_trial_type: text = 'Kép'
181.5475 	EXP 	text_trial_type: text = 'Kép'
181.5641 	EXP 	text_trial_type: text = 'Kép'
181.5808 	EXP 	text_trial_type: text = 'Kép'
181.5975 	EXP 	text_trial_type: text = 'Kép'
181.6141 	EXP 	text_trial_type: text = 'Kép'
181.6308 	EXP 	text_trial_type: text = 'Kép'
181.6475 	EXP 	text_trial_type: text = 'Kép'
181.6641 	EXP 	text_trial_type: text = 'Kép'
181.6808 	EXP 	text_trial_type: text = 'Kép'
181.6975 	EXP 	text_trial_type: text = 'Kép'
181.7141 	EXP 	text_trial_type: text = 'Kép'
181.7308 	EXP 	text_trial_type: text = 'Kép'
181.7475 	EXP 	text_trial_type: text = 'Kép'
181.7642 	EXP 	text_trial_type: text = 'Kép'
181.7808 	EXP 	text_trial_type: text = 'Kép'
181.7975 	EXP 	text_trial_type: text = 'Kép'
181.8141 	EXP 	text_trial_type: text = 'Kép'
181.8308 	EXP 	text_trial_type: text = 'Kép'
181.8475 	EXP 	text_trial_type: text = 'Kép'
181.8641 	EXP 	text_trial_type: text = 'Kép'
181.8808 	EXP 	text_trial_type: text = 'Kép'
181.8975 	EXP 	text_trial_type: text = 'Kép'
181.9141 	EXP 	text_trial_type: text = 'Kép'
181.9308 	EXP 	text_trial_type: text = 'Kép'
181.9475 	EXP 	text_trial_type: text = 'Kép'
181.9641 	EXP 	text_trial_type: text = 'Kép'
181.9808 	EXP 	text_trial_type: text = 'Kép'
181.9975 	EXP 	text_trial_type: text = 'Kép'
182.0141 	EXP 	text_trial_type: text = 'Kép'
182.0308 	EXP 	text_trial_type: text = 'Kép'
182.0475 	EXP 	text_trial_type: text = 'Kép'
182.0641 	EXP 	text_trial_type: text = 'Kép'
182.0808 	EXP 	text_trial_type: text = 'Kép'
182.0975 	EXP 	text_trial_type: text = 'Kép'
182.1141 	EXP 	text_trial_type: text = 'Kép'
182.1308 	EXP 	text_trial_type: text = 'Kép'
182.1475 	EXP 	text_trial_type: text = 'Kép'
182.1641 	EXP 	text_trial_type: text = 'Kép'
182.1808 	EXP 	text_trial_type: text = 'Kép'
182.1975 	EXP 	text_trial_type: text = 'Kép'
182.2141 	EXP 	text_trial_type: text = 'Kép'
184.2326 	DATA 	Keypress: k
184.3970 	EXP 	start_task_text: text = 'Az Ön válasza: Új'
188.8638 	EXP 	start_task_text: text = ''
188.8638 	EXP 	start_task_text: text = ''
188.8638 	EXP 	main_image: pos = array([ 122.0209929, -274.0636373])
188.8638 	EXP 	main_image: image = 'Stimuli/Fractals/Practice/166b.jpg'
188.8638 	EXP 	start_task_text: text = 'A helyes válasz: Hasonló'
191.3821 	DATA 	Keypress: j
191.5969 	EXP 	start_task_text: text = 'Az Ön válasza: Hasonló'
195.5134 	EXP 	start_task_text: text = ''
195.5134 	EXP 	start_task_text: text = ''
195.5134 	EXP 	main_image: pos = array([300.,   0.])
195.5134 	EXP 	main_image: image = 'Stimuli/Fractals/Practice/167a.jpg'
195.5134 	EXP 	start_task_text: text = 'A helyes válasz: Régi'
199.2819 	DATA 	Keypress: f
199.5133 	EXP 	start_task_text: text = 'Az Ön válasza: Régi'
203.5465 	EXP 	start_task_text: text = ''
203.5465 	EXP 	start_task_text: text = ''
203.5465 	EXP 	main_image: pos = array([ 31.35853898, 298.3565686 ])
203.5465 	EXP 	main_image: image = 'Stimuli/Fractals/Practice/177c.jpg'
203.5465 	EXP 	start_task_text: text = 'A helyes válasz: Hasonló'
209.0147 	DATA 	Keypress: j
209.2131 	EXP 	start_task_text: text = 'Az Ön válasza: Hasonló'
211.9297 	EXP 	start_task_text: text = ''
211.9297 	EXP 	start_task_text: text = ''
211.9297 	EXP 	main_image: pos = array([-259.8076211,  150.       ])
211.9297 	EXP 	main_image: image = 'Stimuli/Fractals/Practice/159a.jpg'
211.9297 	EXP 	start_task_text: text = 'A helyes válasz: Hasonló'
211.9297 	EXP 	text_trial_type: text = 'Hely'
211.9463 	EXP 	text_trial_type: text = 'Hely'
211.9630 	EXP 	text_trial_type: text = 'Hely'
211.9797 	EXP 	text_trial_type: text = 'Hely'
211.9963 	EXP 	text_trial_type: text = 'Hely'
212.0130 	EXP 	text_trial_type: text = 'Hely'
212.0297 	EXP 	text_trial_type: text = 'Hely'
212.0463 	EXP 	text_trial_type: text = 'Hely'
212.0630 	EXP 	text_trial_type: text = 'Hely'
212.0797 	EXP 	text_trial_type: text = 'Hely'
212.0963 	EXP 	text_trial_type: text = 'Hely'
212.1130 	EXP 	text_trial_type: text = 'Hely'
212.1297 	EXP 	text_trial_type: text = 'Hely'
212.1464 	EXP 	text_trial_type: text = 'Hely'
212.1630 	EXP 	text_trial_type: text = 'Hely'
212.1797 	EXP 	text_trial_type: text = 'Hely'
212.1963 	EXP 	text_trial_type: text = 'Hely'
212.2130 	EXP 	text_trial_type: text = 'Hely'
212.2297 	EXP 	text_trial_type: text = 'Hely'
212.2463 	EXP 	text_trial_type: text = 'Hely'
212.2630 	EXP 	text_trial_type: text = 'Hely'
212.2797 	EXP 	text_trial_type: text = 'Hely'
212.2963 	EXP 	text_trial_type: text = 'Hely'
212.3130 	EXP 	text_trial_type: text = 'Hely'
212.3297 	EXP 	text_trial_type: text = 'Hely'
212.3463 	EXP 	text_trial_type: text = 'Hely'
212.3630 	EXP 	text_trial_type: text = 'Hely'
212.3797 	EXP 	text_trial_type: text = 'Hely'
212.3963 	EXP 	text_trial_type: text = 'Hely'
212.4130 	EXP 	text_trial_type: text = 'Hely'
212.4296 	EXP 	text_trial_type: text = 'Hely'
212.4463 	EXP 	text_trial_type: text = 'Hely'
212.4630 	EXP 	text_trial_type: text = 'Hely'
212.4797 	EXP 	text_trial_type: text = 'Hely'
212.4963 	EXP 	text_trial_type: text = 'Hely'
212.5130 	EXP 	text_trial_type: text = 'Hely'
212.5296 	EXP 	text_trial_type: text = 'Hely'
212.5463 	EXP 	text_trial_type: text = 'Hely'
212.5630 	EXP 	text_trial_type: text = 'Hely'
212.5797 	EXP 	text_trial_type: text = 'Hely'
212.5963 	EXP 	text_trial_type: text = 'Hely'
212.6130 	EXP 	text_trial_type: text = 'Hely'
212.6296 	EXP 	text_trial_type: text = 'Hely'
212.6463 	EXP 	text_trial_type: text = 'Hely'
212.6630 	EXP 	text_trial_type: text = 'Hely'
212.6797 	EXP 	text_trial_type: text = 'Hely'
212.6963 	EXP 	text_trial_type: text = 'Hely'
212.7130 	EXP 	text_trial_type: text = 'Hely'
212.7297 	EXP 	text_trial_type: text = 'Hely'
212.7463 	EXP 	text_trial_type: text = 'Hely'
212.7630 	EXP 	text_trial_type: text = 'Hely'
212.7796 	EXP 	text_trial_type: text = 'Hely'
212.7963 	EXP 	text_trial_type: text = 'Hely'
212.8130 	EXP 	text_trial_type: text = 'Hely'
212.8296 	EXP 	text_trial_type: text = 'Hely'
212.8463 	EXP 	text_trial_type: text = 'Hely'
212.8630 	EXP 	text_trial_type: text = 'Hely'
212.8796 	EXP 	text_trial_type: text = 'Hely'
212.8963 	EXP 	text_trial_type: text = 'Hely'
212.9130 	EXP 	text_trial_type: text = 'Hely'
212.9296 	EXP 	text_trial_type: text = 'Hely'
212.9463 	EXP 	text_trial_type: text = 'Hely'
212.9630 	EXP 	text_trial_type: text = 'Hely'
212.9796 	EXP 	text_trial_type: text = 'Hely'
212.9963 	EXP 	text_trial_type: text = 'Hely'
213.0130 	EXP 	text_trial_type: text = 'Hely'
213.0296 	EXP 	text_trial_type: text = 'Hely'
213.0463 	EXP 	text_trial_type: text = 'Hely'
213.0630 	EXP 	text_trial_type: text = 'Hely'
213.0796 	EXP 	text_trial_type: text = 'Hely'
213.0963 	EXP 	text_trial_type: text = 'Hely'
213.1130 	EXP 	text_trial_type: text = 'Hely'
213.1296 	EXP 	text_trial_type: text = 'Hely'
213.1463 	EXP 	text_trial_type: text = 'Hely'
213.1630 	EXP 	text_trial_type: text = 'Hely'
213.1796 	EXP 	text_trial_type: text = 'Hely'
213.1963 	EXP 	text_trial_type: text = 'Hely'
213.2130 	EXP 	text_trial_type: text = 'Hely'
213.2296 	EXP 	text_trial_type: text = 'Hely'
213.2463 	EXP 	text_trial_type: text = 'Hely'
213.2630 	EXP 	text_trial_type: text = 'Hely'
213.2796 	EXP 	text_trial_type: text = 'Hely'
213.2963 	EXP 	text_trial_type: text = 'Hely'
213.3130 	EXP 	text_trial_type: text = 'Hely'
213.3296 	EXP 	text_trial_type: text = 'Hely'
213.3463 	EXP 	text_trial_type: text = 'Hely'
213.3630 	EXP 	text_trial_type: text = 'Hely'
213.3796 	EXP 	text_trial_type: text = 'Hely'
213.3963 	EXP 	text_trial_type: text = 'Hely'
213.4130 	EXP 	text_trial_type: text = 'Hely'
213.4296 	EXP 	text_trial_type: text = 'Hely'
213.4463 	EXP 	text_trial_type: text = 'Hely'
213.4630 	EXP 	text_trial_type: text = 'Hely'
213.4796 	EXP 	text_trial_type: text = 'Hely'
213.4963 	EXP 	text_trial_type: text = 'Hely'
213.5130 	EXP 	text_trial_type: text = 'Hely'
213.5296 	EXP 	text_trial_type: text = 'Hely'
213.5463 	EXP 	text_trial_type: text = 'Hely'
213.5630 	EXP 	text_trial_type: text = 'Hely'
213.5796 	EXP 	text_trial_type: text = 'Hely'
213.5963 	EXP 	text_trial_type: text = 'Hely'
213.6130 	EXP 	text_trial_type: text = 'Hely'
213.6296 	EXP 	text_trial_type: text = 'Hely'
213.6463 	EXP 	text_trial_type: text = 'Hely'
213.6630 	EXP 	text_trial_type: text = 'Hely'
213.6796 	EXP 	text_trial_type: text = 'Hely'
213.6963 	EXP 	text_trial_type: text = 'Hely'
213.7130 	EXP 	text_trial_type: text = 'Hely'
213.7296 	EXP 	text_trial_type: text = 'Hely'
213.7463 	EXP 	text_trial_type: text = 'Hely'
213.7630 	EXP 	text_trial_type: text = 'Hely'
213.7796 	EXP 	text_trial_type: text = 'Hely'
213.7963 	EXP 	text_trial_type: text = 'Hely'
213.8130 	EXP 	text_trial_type: text = 'Hely'
213.8296 	EXP 	text_trial_type: text = 'Hely'
213.8463 	EXP 	text_trial_type: text = 'Hely'
213.8630 	EXP 	text_trial_type: text = 'Hely'
213.8796 	EXP 	text_trial_type: text = 'Hely'
213.8963 	EXP 	text_trial_type: text = 'Hely'
213.9129 	EXP 	text_trial_type: text = 'Hely'
220.9628 	EXP 	start_task_text: text = ''
220.9628 	EXP 	start_task_text: text = ''
220.9628 	EXP 	main_image: pos = array([-176.3355757, -242.7050983])
220.9628 	EXP 	main_image: image = 'Stimuli/Fractals/Practice/148b.jpg'
220.9628 	EXP 	start_task_text: text = 'A helyes válasz: Új'
226.1818 	DATA 	Keypress: k
226.3626 	EXP 	start_task_text: text = 'Az Ön válasza: Új'
228.4959 	EXP 	start_task_text: text = ''
228.4959 	EXP 	start_task_text: text = ''
228.4959 	EXP 	main_image: pos = array([ 122.0209929, -274.0636373])
228.4959 	EXP 	main_image: image = 'Stimuli/Fractals/Practice/166a.jpg'
228.4959 	EXP 	start_task_text: text = 'A helyes válasz: Régi'
235.5292 	EXP 	start_task_text: text = ''
235.5292 	EXP 	start_task_text: text = ''
245.5499 	DATA 	Keypress: left
245.5958 	EXP 	main_image: pos = array([300.,   0.])
245.5958 	EXP 	main_image: image = 'Stimuli/Fractals/Practice/164a.jpg'
245.5958 	EXP 	main_image: pos = array([-300.,    0.])
245.5958 	EXP 	main_image: image = 'Stimuli/Fractals/Practice/164b.jpg'
245.5958 	EXP 	start_task_text: text = 'Hasonló'
245.5958 	EXP 	start_task_text: text = 'Képek'
248.4291 	DATA 	Keypress: right
248.6791 	EXP 	main_image: pos = array([300.,   0.])
248.6791 	EXP 	main_image: image = 'Stimuli/Fractals/Practice/149a.jpg'
248.6791 	EXP 	main_image: pos = array([-300.,    0.])
248.6791 	EXP 	main_image: image = 'Stimuli/Fractals/Practice/149b.jpg'
248.6791 	EXP 	start_task_text: text = 'Hasonló'
248.6791 	EXP 	start_task_text: text = 'Képek'
251.5663 	DATA 	Keypress: right
252.7790 	EXP 	main_image: pos = array([300.,   0.])
252.7790 	EXP 	main_image: image = 'Stimuli/Fractals/Practice/160b.jpg'
252.7790 	EXP 	main_image: pos = array([-300.,    0.])
252.7790 	EXP 	main_image: image = 'Stimuli/Fractals/Practice/160c.jpg'
252.7790 	EXP 	start_task_text: text = 'Hasonló'
252.7790 	EXP 	start_task_text: text = 'Képek'
257.6465 	DATA 	Keypress: right
257.8955 	EXP 	main_image: pos = array([300.,   0.])
257.8955 	EXP 	main_image: image = 'Stimuli/Fractals/Practice/167a.jpg'
257.8955 	EXP 	main_image: pos = array([-300.,    0.])
257.8955 	EXP 	main_image: image = 'Stimuli/Fractals/Practice/167b.jpg'
257.8955 	EXP 	start_task_text: text = 'Hasonló'
257.8955 	EXP 	start_task_text: text = 'Képek'
261.7466 	DATA 	Keypress: right
261.9788 	EXP 	main_image: pos = array([300.,   0.])
261.9788 	EXP 	main_image: image = 'Stimuli/Fractals/Practice/163a.jpg'
261.9788 	EXP 	main_image: pos = array([-300.,    0.])
261.9788 	EXP 	main_image: image = 'Stimuli/Fractals/Practice/173c.jpg'
261.9788 	EXP 	start_task_text: text = 'Új'
261.9788 	EXP 	start_task_text: text = 'Képek'
263.7954 	DATA 	Keypress: right
264.0454 	EXP 	main_image: pos = array([ 122.0209929, -274.0636373])
264.0454 	EXP 	main_image: image = 'Stimuli/Fractals/Practice/166a.jpg'
264.0454 	EXP 	main_image: pos = array([ 222.9434476, -200.7391819])
264.0454 	EXP 	main_image: image = 'Stimuli/Fractals/Practice/166a.jpg'
264.0454 	EXP 	start_task_text: text = 'Hasonló'
264.0454 	EXP 	start_task_text: text = 'Helyek'
276.0294 	DATA 	Keypress: right
276.2784 	EXP 	main_image: pos = array([-285.3169549 ,  -92.70509831])
276.2784 	EXP 	main_image: image = 'Stimuli/Fractals/Practice/159a.jpg'
276.2784 	EXP 	main_image: pos = array([-136.1971499, -267.3019573])
276.2784 	EXP 	main_image: image = 'Stimuli/Fractals/Practice/159a.jpg'
276.2784 	EXP 	start_task_text: text = 'Hasonló'
276.2784 	EXP 	start_task_text: text = 'Helyek'
278.0959 	DATA 	Keypress: right
278.3617 	EXP 	main_image: pos = array([200.7391819, 222.9434476])
278.3617 	EXP 	main_image: image = 'Stimuli/Fractals/Practice/148b.jpg'
278.3617 	EXP 	main_image: pos = array([300.,   0.])
278.3617 	EXP 	main_image: image = 'Stimuli/Fractals/Practice/148b.jpg'
278.3617 	EXP 	start_task_text: text = 'Hasonló'
278.3617 	EXP 	start_task_text: text = 'Helyek'
279.2785 	DATA 	Keypress: right
280.4283 	EXP 	main_image: pos = array([ 31.35853898, 298.3565686 ])
280.4283 	EXP 	main_image: image = 'Stimuli/Fractals/Practice/177b.jpg'
280.4283 	EXP 	main_image: pos = array([ -46.93033951, -296.3065022 ])
280.4283 	EXP 	main_image: image = 'Stimuli/Fractals/Practice/177b.jpg'
280.4283 	EXP 	start_task_text: text = 'Új'
280.4283 	EXP 	start_task_text: text = 'Helyek'
282.3258 	DATA 	Keypress: right
283.4782 	EXP 	instr_text: text = 'Most a gyakorlás következik. Ha készen áll, nyomjon le egy billentyűt.'
286.2296 	DATA 	Keypress: escape
286.3948 	EXP 	main_image: pos = array([-99.31902537, 283.0825519 ])
286.3948 	EXP 	main_image: image = 'Stimuli/Fractals/Practice/156b.jpg'
286.3948 	EXP 	start_task_text: text = 'A helyes válasz: Új'
286.3948 	EXP 	start_task_text: text = ''
286.3948 	EXP 	start_task_text: text = ''
286.3948 	EXP 	main_image: pos = array([ 122.0209929, -274.0636373])
286.3948 	EXP 	main_image: image = 'Stimuli/Fractals/Practice/166b.jpg'
286.3948 	EXP 	start_task_text: text = 'A helyes válasz: Hasonló'
286.3948 	EXP 	start_task_text: text = ''
286.3948 	EXP 	start_task_text: text = ''
286.3948 	EXP 	main_image: pos = array([300.,   0.])
286.3948 	EXP 	main_image: image = 'Stimuli/Fractals/Practice/167a.jpg'
286.3948 	EXP 	start_task_text: text = 'A helyes válasz: Régi'
286.3948 	EXP 	start_task_text: text = ''
286.3948 	EXP 	start_task_text: text = ''
286.3948 	EXP 	main_image: pos = array([ 31.35853898, 298.3565686 ])
286.3948 	EXP 	main_image: image = 'Stimuli/Fractals/Practice/177c.jpg'
286.3948 	EXP 	start_task_text: text = 'A helyes válasz: Hasonló'
286.3948 	EXP 	start_task_text: text = ''
286.3948 	EXP 	start_task_text: text = ''
286.3948 	EXP 	main_image: pos = array([-259.8076211,  150.       ])
286.3948 	EXP 	main_image: image = 'Stimuli/Fractals/Practice/159a.jpg'
286.3948 	EXP 	start_task_text: text = 'A helyes válasz: Hasonló'
286.3948 	EXP 	start_task_text: text = ''
286.3948 	EXP 	start_task_text: text = ''
286.3948 	EXP 	main_image: pos = array([-176.3355757, -242.7050983])
286.3948 	EXP 	main_image: image = 'Stimuli/Fractals/Practice/148b.jpg'
286.3948 	EXP 	start_task_text: text = 'A helyes válasz: Új'
286.3948 	EXP 	start_task_text: text = ''
286.3948 	EXP 	start_task_text: text = ''
286.3948 	EXP 	main_image: pos = array([ 122.0209929, -274.0636373])
286.3948 	EXP 	main_image: image = 'Stimuli/Fractals/Practice/166a.jpg'
286.3948 	EXP 	start_task_text: text = 'A helyes válasz: Régi'
286.3948 	EXP 	start_task_text: text = ''
286.3948 	EXP 	start_task_text: text = ''
286.3948 	EXP 	instr_text: text = 'Régi - F\nHasonló - J\nÚj - K\n\nA kísérletvezető indítja a feladatot.'
286.3948 	EXP 	start_task_text: text = 'Figyeljen, kezdődik a feladat...'
286.3948 	EXP 	main_image: pos = array([-299.9187724 ,   -6.98068691])
286.3948 	EXP 	main_image: image = 'Stimuli/Fractals/25a.jpg'
286.3948 	EXP 	logo: opacity = 0.8
287.3178 	DATA 	Keypress: return
287.3658 	EXP 	window1: mouseVisible = True
