5.9277 	EXP 	Created window1 = Window(allowGUI=False, allowStencil=False, args=UNKNOWN, autoLog=True, bitsMode=UNKNOWN, blendMode='avg', color=array([1., 1., 1.]), colorSpace='rgb', fullscr=<method-wrapper '__getattribute__' of attributeSetter object at 0x00000284A220B6D8>, gamma=None, gammaErrorPolicy='raise', kwargs=UNKNOWN, lms=UNKNOWN, monitor=<psychopy.monitors.calibTools.Monitor object at 0x00000284A2119828>, multiSample=False, name='window1', numSamples=2, pos=[0.0, 0.0], screen=0, size=array([1920, 1080]), stereo=False, units='deg', useFBO=True, useRetina=False, viewOri=0.0, viewPos=None, viewScale=None, waitBlanking=True, winType='pyglet')
5.9277 	EXP 	window1: recordFrameIntervals = False
6.0941 	EXP 	window1: recordFrameIntervals = True
6.2776 	EXP 	window1: recordFrameIntervals = False
6.4607 	EXP 	Created welcome_msg = TextStim(__class__=<class 'psychopy.visual.text.TextStim'>, alignHoriz='center', alignVert='center', antialias=True, autoLog=True, bold=False, color='black', colorSpace='named', contrast=1.0, depth=0.0, flipHoriz=False, flipVert=False, font='Arial', fontFiles=[], height=1, italic=False, languageStyle='LTR', name='welcome_msg', opacity=1.0, ori=0, pos=array([ 0., 12.]), rgb=array([0., 0., 0.]), text='TérKépÉsz', units='deg', win=Window(...), wrapWidth=15.0)
6.4822 	EXP 	Created logo = ImageStim(__class__=<class 'psychopy.visual.image.ImageStim'>, autoLog=True, color=array([1., 1., 1.]), colorSpace='rgb', contrast=1.0, depth=-1.0, flipHoriz=False, flipVert=False, image='Stimuli/terkepesz.png', interpolate=True, mask=None, maskParams=None, name='logo', opacity=1.0, ori=0.0, pos=array([0., 0.]), size=array([0.321875  , 1.23148148]), texRes=128, units='norm', win=Window(...))
6.4956 	EXP 	Created lb_check = TextStim(__class__=<class 'psychopy.visual.text.TextStim'>, alignHoriz='center', alignVert='center', antialias=True, autoLog=True, bold=False, color='black', colorSpace='named', contrast=1.0, depth=0.0, flipHoriz=False, flipVert=False, font='Arial', fontFiles=[], height=0.9, italic=False, languageStyle='LTR', name='lb_check', opacity=1.0, ori=0, pos=array([-23.,   0.]), rgb=array([0., 0., 0.]), text=str(...), units='deg', win=Window(...), wrapWidth=15.0)
6.4997 	EXP 	Created left_upper = ImageStim(__class__=<class 'psychopy.visual.image.ImageStim'>, autoLog=True, color=array([1., 1., 1.]), colorSpace='rgb', contrast=1.0, depth=0.0, flipHoriz=False, flipVert=False, image='Stimuli/ScreenCorner1.png', interpolate=True, mask=None, maskParams=None, name='left_upper', opacity=1.0, ori=0.0, pos=array([-0.9,  0.7]), size=array([0.13541667, 0.51481481]), texRes=128, units='norm', win=Window(...))
6.5038 	EXP 	Created left_lower = ImageStim(__class__=<class 'psychopy.visual.image.ImageStim'>, autoLog=True, color=array([1., 1., 1.]), colorSpace='rgb', contrast=1.0, depth=-1.0, flipHoriz=False, flipVert=False, image='Stimuli/ScreenCorner2.png', interpolate=True, mask=None, maskParams=None, name='left_lower', opacity=1.0, ori=0.0, pos=array([-0.9, -0.7]), size=array([0.115625  , 0.51666667]), texRes=128, units='norm', win=Window(...))
6.5079 	EXP 	Created right_upper = ImageStim(__class__=<class 'psychopy.visual.image.ImageStim'>, autoLog=True, color=array([1., 1., 1.]), colorSpace='rgb', contrast=1.0, depth=-2.0, flipHoriz=False, flipVert=False, image='Stimuli/ScreenCorner3.png', interpolate=True, mask=None, maskParams=None, name='right_upper', opacity=1.0, ori=0.0, pos=array([0.9, 0.7]), size=array([0.11979167, 0.49814815]), texRes=128, units='norm', win=Window(...))
6.5126 	EXP 	Created right_lower = ImageStim(__class__=<class 'psychopy.visual.image.ImageStim'>, autoLog=True, color=array([1., 1., 1.]), colorSpace='rgb', contrast=1.0, depth=-3.0, flipHoriz=False, flipVert=False, image='Stimuli/ScreenCorner4.png', interpolate=True, mask=None, maskParams=None, name='right_lower', opacity=1.0, ori=0.0, pos=array([ 0.9, -0.7]), size=array([0.153125 , 0.5037037]), texRes=128, units='norm', win=Window(...))
6.5207 	EXP 	Created text_2 = TextStim(__class__=<class 'psychopy.visual.text.TextStim'>, alignHoriz='center', alignVert='center', antialias=True, autoLog=True, bold=False, color='black', colorSpace='named', contrast=1.0, depth=-4.0, flipHoriz=False, flipVert=False, font='Arial', fontFiles=[], height=0.9, italic=False, languageStyle='LTR', name='text_2', opacity=1.0, ori=0, pos=array([0., 0.]), rgb=array([0., 0., 0.]), text=str(...), units='deg', win=Window(...), wrapWidth=30)
6.5711 	EXP 	Created story1_image = ImageStim(__class__=<class 'psychopy.visual.image.ImageStim'>, autoLog=True, color=array([1., 1., 1.]), colorSpace='rgb', contrast=1.0, depth=0.0, flipHoriz=False, flipVert=False, image='Stimuli/GalleryBuildingFromOutside.jpg', interpolate=True, mask=None, maskParams=None, name='story1_image', opacity=1.0, ori=0.0, pos=array([0. , 0.9]), size=array([1.01041667, 1.2537037 ]), texRes=128, units='norm', win=Window(...))
6.5997 	EXP 	Created story1_text = TextStim(__class__=<class 'psychopy.visual.text.TextStim'>, alignHoriz='center', alignVert='center', antialias=True, autoLog=True, bold=False, color='black', colorSpace='named', contrast=1.0, depth=-1.0, flipHoriz=False, flipVert=False, font='Arial', fontFiles=[], height=0.9, italic=False, languageStyle='LTR', name='story1_text', opacity=1.0, ori=0, pos=array([ 0., -5.]), rgb=array([0., 0., 0.]), text=str(...), units='deg', win=Window(...), wrapWidth=30)
6.6328 	EXP 	Created story2_image = ImageStim(__class__=<class 'psychopy.visual.image.ImageStim'>, autoLog=True, color=array([1., 1., 1.]), colorSpace='rgb', contrast=1.0, depth=0.0, flipHoriz=False, flipVert=False, image='Stimuli/GalleryInfo.jpg', interpolate=True, mask=None, maskParams=None, name='story2_image', opacity=1.0, ori=0.0, pos=array([425.,   0.]), size=array([1000.,  750.]), texRes=128, units='pix', win=Window(...))
6.6561 	EXP 	Created story2_text = TextStim(__class__=<class 'psychopy.visual.text.TextStim'>, alignHoriz='center', alignVert='center', antialias=True, autoLog=True, bold=False, color='black', colorSpace='named', contrast=1.0, depth=-2.0, flipHoriz=False, flipVert=False, font='Arial', fontFiles=[], height=0.9, italic=False, languageStyle='LTR', name='story2_text', opacity=1.0, ori=0, pos=array([-14.,   0.]), rgb=array([0., 0., 0.]), text=str(...), units='deg', win=Window(...), wrapWidth=24)
6.6732 	EXP 	Created instr_text = TextStim(__class__=<class 'psychopy.visual.text.TextStim'>, alignHoriz='center', alignVert='center', antialias=True, autoLog=True, bold=False, color='black', colorSpace='named', contrast=1.0, depth=0.0, flipHoriz=False, flipVert=False, font='Arial', fontFiles=[], height=0.9, italic=False, languageStyle='LTR', name='instr_text', opacity=1.0, ori=0, pos=array([0., 0.]), rgb=array([0., 0., 0.]), text=str(...), units='deg', win=Window(...), wrapWidth=15.0)
6.6738 	EXP 	Created instr_text = TextStim(__class__=<class 'psychopy.visual.text.TextStim'>, alignHoriz='center', alignVert='center', antialias=True, autoLog=True, bold=False, color='black', colorSpace='named', contrast=1.0, depth=0.0, flipHoriz=False, flipVert=False, font='Arial', fontFiles=[], height=0.9, italic=False, languageStyle='LTR', name='instr_text', opacity=1.0, ori=0, pos=array([0., 0.]), rgb=array([0., 0., 0.]), text='', units='deg', win=Window(...), wrapWidth=15.0)
6.6844 	EXP 	Created start_task_text = TextStim(__class__=<class 'psychopy.visual.text.TextStim'>, alignHoriz='center', alignVert='center', antialias=True, autoLog=True, bold=False, color='black', colorSpace='named', contrast=1.0, depth=0.0, flipHoriz=False, flipVert=False, font='Arial', fontFiles=[], height=0.9, italic=False, languageStyle='LTR', name='start_task_text', opacity=1.0, ori=0, pos=array([0., 0.]), rgb=array([0., 0., 0.]), text=str(...), units='deg', win=Window(...), wrapWidth=15.0)
6.7013 	EXP 	Created map_inside_fx = ImageStim(__class__=<class 'psychopy.visual.image.ImageStim'>, autoLog=True, color=array([1., 1., 1.]), colorSpace='rgb', contrast=1.0, depth=0.0, flipHoriz=False, flipVert=False, image='Stimuli/GalleryPlanInside.jpg', interpolate=True, mask=None, maskParams=None, name='map_inside_fx', opacity=0.5, ori=0.0, pos=array([  0., -25.]), size=array([1040., 1000.]), texRes=128, units='pix', win=Window(...))
6.7023 	EXP 	Created fixation_cross = ShapeStim(__class__=<class 'psychopy.visual.shape.ShapeStim'>, autoDraw=False, autoLog=True, closeShape=True, contrast=1.0, depth=-1.0, fillColor=array([-1., -1., -1.]), fillColorSpace='rgb', interpolate=True, lineColor=array([-1., -1., -1.]), lineColorSpace='rgb', lineWidth=1, name='fixation_cross', opacity=1.0, ori=array(0.), pos=array([0., 0.]), size=array([20., 20.]), units='pix', vertices=ndarray(...), win=Window(...), windingRule=None)
6.7446 	EXP 	Created main_image = ImageStim(__class__=<class 'psychopy.visual.image.ImageStim'>, autoLog=True, color=array([1., 1., 1.]), colorSpace='rgb', contrast=1.0, depth=-1.0, flipHoriz=False, flipVert=False, image='Stimuli/Fractals/101a.jpg', interpolate=True, mask=None, maskParams=None, name='main_image', opacity=1.0, ori=0.0, pos=array([0., 0.]), size=array([300., 300.]), texRes=128, units='pix', win=Window(...))
6.7501 	EXP 	Created text_pause = TextStim(__class__=<class 'psychopy.visual.text.TextStim'>, alignHoriz='center', alignVert='center', antialias=True, autoLog=True, bold=False, color='black', colorSpace='named', contrast=1.0, depth=-2.0, flipHoriz=False, flipVert=False, font='Arial', fontFiles=[], height=0.9, italic=False, languageStyle='LTR', name='text_pause', opacity=1.0, ori=0, pos=array([0., 0.]), rgb=array([0., 0., 0.]), text=str(...), units='deg', win=Window(...), wrapWidth=15.0)
6.7542 	EXP 	Created text_pause = TextStim(__class__=<class 'psychopy.visual.text.TextStim'>, alignHoriz='center', alignVert='center', antialias=True, autoLog=True, bold=False, color='black', colorSpace='named', contrast=1.0, depth=-2.0, flipHoriz=False, flipVert=False, font='Arial', fontFiles=[], height=0.7, italic=False, languageStyle='LTR', name='text_pause', opacity=1.0, ori=0, pos=array([0., 0.]), rgb=array([0., 0., 0.]), text='Szünet...', units='deg', win=Window(...), wrapWidth=15.0)
6.7636 	EXP 	Created text_goodbye = TextStim(__class__=<class 'psychopy.visual.text.TextStim'>, alignHoriz='center', alignVert='center', antialias=True, autoLog=True, bold=False, color='black', colorSpace='named', contrast=1.0, depth=-2.0, flipHoriz=False, flipVert=False, font='Arial', fontFiles=[], height=1.5, italic=False, languageStyle='LTR', name='text_goodbye', opacity=1.0, ori=0, pos=array([0., 0.]), rgb=array([0., 0., 0.]), text='Vége a feladatnak. Köszönjük!', units='deg', win=Window(...), wrapWidth=20)
10.5534 	DATA 	Keypress: f
10.5775 	EXP 	lb_check: text = "Válaszgomb teszt:\n\nNyomja le a 'J' billentyűt!"
10.5775 	EXP 	lb_check: pos = (23, 0)
10.7452 	DATA 	Keypress: j
11.8892 	DATA 	Keypress: right
12.3443 	DATA 	Keypress: right
12.8776 	DATA 	Keypress: right
13.8109 	DATA 	Keypress: right
13.8274 	EXP 	instr_text: text = 'Figyeljen, kezdődik a gyakorlás.'
15.8606 	EXP 	main_image: pos = array([ 122.0209929, -274.0636373])
15.8606 	EXP 	main_image: image = 'Stimuli/Fractals/Practice/166a.jpg'
19.1769 	EXP 	main_image: pos = array([300.,   0.])
19.1769 	EXP 	main_image: image = 'Stimuli/Fractals/Practice/167a.jpg'
22.2268 	EXP 	main_image: pos = array([200.7391819, 222.9434476])
22.2268 	EXP 	main_image: image = 'Stimuli/Fractals/Practice/148b.jpg'
25.7434 	EXP 	main_image: pos = array([-285.3169549 ,  -92.70509831])
25.7434 	EXP 	main_image: image = 'Stimuli/Fractals/Practice/159a.jpg'
33.2932 	EXP 	main_image: pos = array([ 31.35853898, 298.3565686 ])
33.2932 	EXP 	main_image: image = 'Stimuli/Fractals/Practice/177b.jpg'
41.9692 	DATA 	Keypress: escape
42.0100 	EXP 	instr_text: text = 'A kísérletvezető indítja a feladatot.'
42.0100 	EXP 	start_task_text: text = 'Figyeljen, kezdődik a feladat...'
42.0100 	EXP 	main_image: pos = array([300.,   0.])
42.0100 	EXP 	main_image: image = 'Stimuli/Fractals/101a.jpg'
42.0100 	EXP 	logo: opacity = 0.8
42.9293 	DATA 	Keypress: escape
42.9969 	EXP 	window1: mouseVisible = True
