5.0968 	EXP 	Created window1 = Window(allowGUI=False, allowStencil=False, args=UNKNOWN, autoLog=True, bitsMode=UNKNOWN, blendMode='avg', color=array([1., 1., 1.]), colorSpace='rgb', fullscr=<method-wrapper '__getattribute__' of attributeSetter object at 0x000001A87B88CF98>, gamma=None, gammaErrorPolicy='raise', kwargs=UNKNOWN, lms=UNKNOWN, monitor=<psychopy.monitors.calibTools.Monitor object at 0x000001A87B98A1D0>, multiSample=False, name='window1', numSamples=2, pos=[0.0, 0.0], screen=0, size=array([1920, 1080]), stereo=False, units='deg', useFBO=True, useRetina=False, viewOri=0.0, viewPos=None, viewScale=None, waitBlanking=True, winType='pyglet')
5.0968 	EXP 	window1: recordFrameIntervals = False
5.2632 	EXP 	window1: recordFrameIntervals = True
5.4466 	EXP 	window1: recordFrameIntervals = False
5.4996 	EXP 	Created welcome_msg = TextStim(__class__=<class 'psychopy.visual.text.TextStim'>, alignHoriz='center', alignVert='center', antialias=True, autoLog=True, bold=False, color='black', colorSpace='named', contrast=1.0, depth=0.0, flipHoriz=False, flipVert=False, font='Arial', fontFiles=[], height=1, italic=False, languageStyle='LTR', name='welcome_msg', opacity=1.0, ori=0, pos=array([ 0., 12.]), rgb=array([0., 0., 0.]), text='TérKépÉsz', units='deg', win=Window(...), wrapWidth=15.0)
5.5179 	EXP 	Created logo = ImageStim(__class__=<class 'psychopy.visual.image.ImageStim'>, autoLog=True, color=array([1., 1., 1.]), colorSpace='rgb', contrast=1.0, depth=-1.0, flipHoriz=False, flipVert=False, image='Stimuli/terkepesz.png', interpolate=True, mask=None, maskParams=None, name='logo', opacity=1.0, ori=0.0, pos=array([0., 0.]), size=array([0.321875  , 1.23148148]), texRes=128, units='norm', win=Window(...))
5.5322 	EXP 	Created lb_check = TextStim(__class__=<class 'psychopy.visual.text.TextStim'>, alignHoriz='center', alignVert='center', antialias=True, autoLog=True, bold=False, color='black', colorSpace='named', contrast=1.0, depth=0.0, flipHoriz=False, flipVert=False, font='Arial', fontFiles=[], height=0.9, italic=False, languageStyle='LTR', name='lb_check', opacity=1.0, ori=0, pos=array([-23.,   0.]), rgb=array([0., 0., 0.]), text=str(...), units='deg', win=Window(...), wrapWidth=15.0)
5.5356 	EXP 	Created left_upper = ImageStim(__class__=<class 'psychopy.visual.image.ImageStim'>, autoLog=True, color=array([1., 1., 1.]), colorSpace='rgb', contrast=1.0, depth=0.0, flipHoriz=False, flipVert=False, image='Stimuli/ScreenCorner1.png', interpolate=True, mask=None, maskParams=None, name='left_upper', opacity=1.0, ori=0.0, pos=array([-0.9,  0.7]), size=array([0.13541667, 0.51481481]), texRes=128, units='norm', win=Window(...))
5.5393 	EXP 	Created left_lower = ImageStim(__class__=<class 'psychopy.visual.image.ImageStim'>, autoLog=True, color=array([1., 1., 1.]), colorSpace='rgb', contrast=1.0, depth=-1.0, flipHoriz=False, flipVert=False, image='Stimuli/ScreenCorner2.png', interpolate=True, mask=None, maskParams=None, name='left_lower', opacity=1.0, ori=0.0, pos=array([-0.9, -0.7]), size=array([0.115625  , 0.51666667]), texRes=128, units='norm', win=Window(...))
5.5428 	EXP 	Created right_upper = ImageStim(__class__=<class 'psychopy.visual.image.ImageStim'>, autoLog=True, color=array([1., 1., 1.]), colorSpace='rgb', contrast=1.0, depth=-2.0, flipHoriz=False, flipVert=False, image='Stimuli/ScreenCorner3.png', interpolate=True, mask=None, maskParams=None, name='right_upper', opacity=1.0, ori=0.0, pos=array([0.9, 0.7]), size=array([0.11979167, 0.49814815]), texRes=128, units='norm', win=Window(...))
5.5467 	EXP 	Created right_lower = ImageStim(__class__=<class 'psychopy.visual.image.ImageStim'>, autoLog=True, color=array([1., 1., 1.]), colorSpace='rgb', contrast=1.0, depth=-3.0, flipHoriz=False, flipVert=False, image='Stimuli/ScreenCorner4.png', interpolate=True, mask=None, maskParams=None, name='right_lower', opacity=1.0, ori=0.0, pos=array([ 0.9, -0.7]), size=array([0.153125 , 0.5037037]), texRes=128, units='norm', win=Window(...))
5.5547 	EXP 	Created text_2 = TextStim(__class__=<class 'psychopy.visual.text.TextStim'>, alignHoriz='center', alignVert='center', antialias=True, autoLog=True, bold=False, color='black', colorSpace='named', contrast=1.0, depth=-4.0, flipHoriz=False, flipVert=False, font='Arial', fontFiles=[], height=0.9, italic=False, languageStyle='LTR', name='text_2', opacity=1.0, ori=0, pos=array([0., 0.]), rgb=array([0., 0., 0.]), text=str(...), units='deg', win=Window(...), wrapWidth=30)
5.5885 	EXP 	Created instr_text = TextStim(__class__=<class 'psychopy.visual.text.TextStim'>, alignHoriz='center', alignVert='center', antialias=True, autoLog=True, bold=False, color='black', colorSpace='named', contrast=1.0, depth=0.0, flipHoriz=False, flipVert=False, font='Arial', fontFiles=[], height=0.8, italic=False, languageStyle='LTR', name='instr_text', opacity=1.0, ori=0, pos=array([0., 0.]), rgb=array([0., 0., 0.]), text=str(...), units='deg', win=Window(...), wrapWidth=40)
5.5889 	EXP 	Created start_task_text = TextStim(__class__=<class 'psychopy.visual.text.TextStim'>, alignHoriz='center', alignVert='center', antialias=True, autoLog=True, bold=False, color='black', colorSpace='named', contrast=1.0, depth=0.0, flipHoriz=False, flipVert=False, font='Arial', fontFiles=[], height=0.9, italic=False, languageStyle='LTR', name='start_task_text', opacity=1.0, ori=0, pos=array([0. , 1.5]), rgb=array([0., 0., 0.]), text='', units='deg', win=Window(...), wrapWidth=15.0)
5.5892 	EXP 	Created start_task_text = TextStim(__class__=<class 'psychopy.visual.text.TextStim'>, alignHoriz='center', alignVert='center', antialias=True, autoLog=True, bold=False, color='black', colorSpace='named', contrast=1.0, depth=0.0, flipHoriz=False, flipVert=False, font='Arial', fontFiles=[], height=0.9, italic=False, languageStyle='LTR', name='start_task_text', opacity=1.0, ori=0, pos=array([ 0. , -1.5]), rgb=array([0., 0., 0.]), text='', units='deg', win=Window(...), wrapWidth=15.0)
5.5895 	EXP 	Created start_task_text = TextStim(__class__=<class 'psychopy.visual.text.TextStim'>, alignHoriz='center', alignVert='center', antialias=True, autoLog=True, bold=False, color='black', colorSpace='named', contrast=1.0, depth=0.0, flipHoriz=False, flipVert=False, font='Arial', fontFiles=[], height=0.9, italic=False, languageStyle='LTR', name='start_task_text', opacity=1.0, ori=0, pos=array([-2., 12.]), rgb=array([0., 0., 0.]), text='', units='deg', win=Window(...), wrapWidth=15.0)
5.5898 	EXP 	Created start_task_text = TextStim(__class__=<class 'psychopy.visual.text.TextStim'>, alignHoriz='center', alignVert='center', antialias=True, autoLog=True, bold=False, color='black', colorSpace='named', contrast=1.0, depth=0.0, flipHoriz=False, flipVert=False, font='Arial', fontFiles=[], height=0.9, italic=False, languageStyle='LTR', name='start_task_text', opacity=1.0, ori=0, pos=array([ 2., 12.]), rgb=array([0., 0., 0.]), text='', units='deg', win=Window(...), wrapWidth=15.0)
5.6445 	EXP 	Created main_image = ImageStim(__class__=<class 'psychopy.visual.image.ImageStim'>, autoLog=True, color=array([1., 1., 1.]), colorSpace='rgb', contrast=1.0, depth=-1.0, flipHoriz=False, flipVert=False, image='Stimuli/Fractals/25a.jpg', interpolate=True, mask=None, maskParams=None, name='main_image', opacity=1.0, ori=0.0, pos=array([0., 0.]), size=array([300., 300.]), texRes=128, units='pix', win=Window(...))
5.6580 	EXP 	Created map_inside_fx = ImageStim(__class__=<class 'psychopy.visual.image.ImageStim'>, autoLog=True, color=array([1., 1., 1.]), colorSpace='rgb', contrast=1.0, depth=0.0, flipHoriz=False, flipVert=False, image='Stimuli/GalleryPlanInside.jpg', interpolate=True, mask=None, maskParams=None, name='map_inside_fx', opacity=0.5, ori=0.0, pos=array([  0., -25.]), size=array([1040., 1000.]), texRes=128, units='pix', win=Window(...))
5.6591 	EXP 	Created fixation_cross = ShapeStim(__class__=<class 'psychopy.visual.shape.ShapeStim'>, autoDraw=False, autoLog=True, closeShape=True, contrast=1.0, depth=-1.0, fillColor=array([-1., -1., -1.]), fillColorSpace='rgb', interpolate=True, lineColor=array([-1., -1., -1.]), lineColorSpace='rgb', lineWidth=1, name='fixation_cross', opacity=1.0, ori=array(0.), pos=array([0., 0.]), size=array([20., 20.]), units='pix', vertices=ndarray(...), win=Window(...), windingRule=None)
5.8404 	EXP 	Created main_image = ImageStim(__class__=<class 'psychopy.visual.image.ImageStim'>, autoLog=True, color=array([1., 1., 1.]), colorSpace='rgb', contrast=1.0, depth=-1.0, flipHoriz=False, flipVert=False, image='Stimuli/Fractals/25a.jpg', interpolate=True, mask=None, maskParams=None, name='main_image', opacity=1.0, ori=0.0, pos=array([0., 0.]), size=array([300., 300.]), texRes=128, units='pix', win=Window(...))
5.8472 	EXP 	Created text_pause = TextStim(__class__=<class 'psychopy.visual.text.TextStim'>, alignHoriz='center', alignVert='center', antialias=True, autoLog=True, bold=False, color='black', colorSpace='named', contrast=1.0, depth=-2.0, flipHoriz=False, flipVert=False, font='Arial', fontFiles=[], height=0.9, italic=False, languageStyle='LTR', name='text_pause', opacity=1.0, ori=0, pos=array([0., 0.]), rgb=array([0., 0., 0.]), text=str(...), units='deg', win=Window(...), wrapWidth=15.0)
5.8513 	EXP 	Created start_task_text = TextStim(__class__=<class 'psychopy.visual.text.TextStim'>, alignHoriz='center', alignVert='center', antialias=True, autoLog=True, bold=False, color='black', colorSpace='named', contrast=1.0, depth=0.0, flipHoriz=False, flipVert=False, font='Arial', fontFiles=[], height=0.9, italic=False, languageStyle='LTR', name='start_task_text', opacity=1.0, ori=0, pos=array([0., 0.]), rgb=array([0., 0., 0.]), text='Figyeljen, kezdődik a gyakorlás...', units='deg', win=Window(...), wrapWidth=15.0)
5.8676 	EXP 	Created start_task_text = TextStim(__class__=<class 'psychopy.visual.text.TextStim'>, alignHoriz='center', alignVert='center', antialias=True, autoLog=True, bold=False, color='black', colorSpace='named', contrast=1.0, depth=0.0, flipHoriz=False, flipVert=False, font='Arial', fontFiles=[], height=0.9, italic=False, languageStyle='LTR', name='start_task_text', opacity=1.0, ori=0, pos=array([0., 0.]), rgb=array([0., 0., 0.]), text=str(...), units='deg', win=Window(...), wrapWidth=15.0)
5.8693 	EXP 	Created text_trial_type = TextStim(__class__=<class 'psychopy.visual.text.TextStim'>, alignHoriz='center', alignVert='center', antialias=True, autoLog=True, bold=False, color='black', colorSpace='named', contrast=1.0, depth=-2.0, flipHoriz=False, flipVert=False, font='Arial', fontFiles=[], height=0.9, italic=False, languageStyle='LTR', name='text_trial_type', opacity=1.0, ori=0, pos=array([ 0., 15.]), rgb=array([0., 0., 0.]), text='Kép', units='deg', win=Window(...), wrapWidth=15.0)
5.8707 	EXP 	Created text_trial_type = TextStim(__class__=<class 'psychopy.visual.text.TextStim'>, alignHoriz='center', alignVert='center', antialias=True, autoLog=True, bold=False, color='black', colorSpace='named', contrast=1.0, depth=-2.0, flipHoriz=False, flipVert=False, font='Arial', fontFiles=[], height=0.9, italic=False, languageStyle='LTR', name='text_trial_type', opacity=1.0, ori=0, pos=array([0., 0.]), rgb=array([0., 0., 0.]), text='Kép', units='deg', win=Window(...), wrapWidth=15.0)
5.8722 	EXP 	Created text_trial_type = TextStim(__class__=<class 'psychopy.visual.text.TextStim'>, alignHoriz='center', alignVert='center', antialias=True, autoLog=True, bold=False, color='black', colorSpace='named', contrast=1.0, depth=-2.0, flipHoriz=False, flipVert=False, font='Arial', fontFiles=[], height=0.9, italic=False, languageStyle='LTR', name='text_trial_type', opacity=1.0, ori=0, pos=array([0., 0.]), rgb=array([0., 0., 0.]), text='Hely', units='deg', win=Window(...), wrapWidth=15.0)
5.8763 	EXP 	Created text_trial_type = TextStim(__class__=<class 'psychopy.visual.text.TextStim'>, alignHoriz='center', alignVert='center', antialias=True, autoLog=True, bold=False, color='black', colorSpace='named', contrast=1.0, depth=-2.0, flipHoriz=False, flipVert=False, font='Arial', fontFiles=[], height=0.9, italic=False, languageStyle='LTR', name='text_trial_type', opacity=1.0, ori=0, pos=array([  0., -10.]), rgb=array([0., 0., 0.]), text='Régi - F\t\t\t Hasonló - J\t\t\t Új - K', units='deg', win=Window(...), wrapWidth=30)
5.8858 	EXP 	Created text_pause = TextStim(__class__=<class 'psychopy.visual.text.TextStim'>, alignHoriz='center', alignVert='center', antialias=True, autoLog=True, bold=False, color='black', colorSpace='named', contrast=1.0, depth=-2.0, flipHoriz=False, flipVert=False, font='Arial', fontFiles=[], height=1.5, italic=False, languageStyle='LTR', name='text_pause', opacity=1.0, ori=0, pos=array([0., 0.]), rgb=array([0., 0., 0.]), text='Vége a feladatnak. Köszönjük!', units='deg', win=Window(...), wrapWidth=20)
8.6103 	DATA 	Keypress: f
8.6300 	EXP 	lb_check: text = "Válaszgomb teszt:\n\nNyomja le a 'J' billentyűt!"
8.6300 	EXP 	lb_check: pos = (23, 0)
8.8342 	DATA 	Keypress: j
9.8902 	DATA 	Keypress: right
9.8966 	EXP 	instr_text: text = 'A következő feladatban ismét absztrakt képeket fog látni, és ezekről kell eldöntenie, látta-e őket az első, műalkotás válogató feladataban, és hogy ugyanott látta-e őket.    \n A feladatot két alfeladatra bontottuk. Az egyikben a képekről, a másikban a képek pozíciójáról kell döntenie.    \n\nA folytatáshoz nyomja le a jobb nyilat.'
10.5635 	DATA 	Keypress: right
10.6299 	EXP 	instr_text: text = "A 'Kép' nevű alfeladatban azt kell eldöntenie, látta-e már ezeket a képeket az első, műalkotás válogató feladataban.                    \nHárom csoportba oszthatóak a megjelenő képek:                    \n - Régi: Ezek a képek pontosan megegyeznek majd az első feladatban látott képek egyikével.                    \n - Hasonló: Ezek a képek nagyon hasonlítanak az első feladatban látott képek egyikéhez.                    \n - Új: Teljesen új képek, amelyek nem jelentek meg az első feladatban.                    \nAz Ön feladata, hogy eldöntse, melyik kép ugyanaz, mint az első feladatban, melyik hasonló, és melyik új. \nMinden képet nézzen meg figyelmesen, és minden képre adjon választ, akkor is, ha a döntés nehéz.                    \n\nA döntését így jelölje:\n\tRégi - F\t Hasonló - J\t Új - K                    \n\n A folytatáshoz nyomja le a jobb nyilat"
11.2967 	DATA 	Keypress: right
11.3632 	EXP 	instr_text: text = "A 'Hely' nevű alfeladatban azt kell eldöntenie, a képek ugyanott jelennek-e meg, mint az első, műalkotás válogató feladataban.                    \nEbben az alfeladatban minden kép pontos mása annak, amit az első feladatban látott. A helyek azonban három csoportba oszthatóak:                    \n - Régi: Pontosan ugyanitt jelent meg ez a kép az első feladatban.                    \n - Hasonló: Egy hasonló helyen jelent meg ez a kép az első feladatban.                    \n - Új: Egy teljesen másik helyen jelent meg ez a kép az első feladatban.                    \nAz Ön feladata, hogy eldöntse, melyik kép jelent meg ugyanott, hasonló, és teljesen új helyen.\nMinden képet nézzen meg figyelmesen, és minden képre adjon választ, akkor is, ha a döntés nehéz.                    \n\nA döntését így jelölje:\n\tRégi - F\t Hasonló - J\t Új - K                    \n\nA folytatáshoz nyomja le a jobb nyilat."
12.4634 	DATA 	Keypress: right
12.4799 	EXP 	instr_text: text = "A következőkben kép-párokban mutatjuk be Önnek, milyenek a 'régi', 'hasonló' és 'új' képek és helyek. \nA folytatáshoz nyomja le a jobb nyilat."
18.3465 	DATA 	Keypress: right
18.3797 	EXP 	main_image: pos = array([300.,   0.])
18.3797 	EXP 	main_image: image = 'Stimuli/Fractals/Practice/164a.jpg'
18.3797 	EXP 	start_task_text: text = 'Hasonló'
18.3797 	EXP 	start_task_text: text = 'Képek'
18.5131 	EXP 	main_image: pos = array([300.,   0.])
18.5131 	EXP 	main_image: image = 'Stimuli/Fractals/Practice/149a.jpg'
18.5131 	EXP 	start_task_text: text = 'Hasonló'
18.5131 	EXP 	start_task_text: text = 'Képek'
30.2651 	DATA 	Keypress: right
30.3961 	EXP 	main_image: pos = array([300.,   0.])
30.3961 	EXP 	main_image: image = 'Stimuli/Fractals/Practice/160b.jpg'
30.3961 	EXP 	start_task_text: text = 'Hasonló'
30.3961 	EXP 	start_task_text: text = 'Képek'
32.7144 	DATA 	Keypress: right
36.6150 	DATA 	Keypress: right
36.7959 	EXP 	main_image: pos = array([300.,   0.])
36.7959 	EXP 	main_image: image = 'Stimuli/Fractals/Practice/167a.jpg'
36.7959 	EXP 	start_task_text: text = 'Hasonló'
36.7959 	EXP 	start_task_text: text = 'Képek'
38.5319 	DATA 	Keypress: right
38.7959 	EXP 	main_image: pos = array([300.,   0.])
38.7959 	EXP 	main_image: image = 'Stimuli/Fractals/Practice/163a.jpg'
38.7959 	EXP 	start_task_text: text = 'Új'
38.7959 	EXP 	start_task_text: text = 'Képek'
41.4148 	DATA 	Keypress: right
41.6291 	EXP 	main_image: pos = array([ 122.0209929, -274.0636373])
41.6291 	EXP 	main_image: image = 'Stimuli/Fractals/Practice/166a.jpg'
41.6291 	EXP 	start_task_text: text = 'Hasonló'
41.6291 	EXP 	start_task_text: text = 'Helyek'
56.3819 	DATA 	Keypress: right
56.5117 	EXP 	main_image: pos = array([-285.3169549 ,  -92.70509831])
56.5117 	EXP 	main_image: image = 'Stimuli/Fractals/Practice/159a.jpg'
56.5117 	EXP 	start_task_text: text = 'Hasonló'
56.5117 	EXP 	start_task_text: text = 'Helyek'
56.9303 	DATA 	Keypress: right
57.0617 	EXP 	main_image: pos = array([200.7391819, 222.9434476])
57.0617 	EXP 	main_image: image = 'Stimuli/Fractals/Practice/148b.jpg'
57.0617 	EXP 	start_task_text: text = 'Hasonló'
57.0617 	EXP 	start_task_text: text = 'Helyek'
57.4819 	DATA 	Keypress: right
57.5950 	EXP 	main_image: pos = array([ 31.35853898, 298.3565686 ])
57.5950 	EXP 	main_image: image = 'Stimuli/Fractals/Practice/177b.jpg'
57.5950 	EXP 	start_task_text: text = 'Új'
57.5950 	EXP 	start_task_text: text = 'Helyek'
58.2479 	DATA 	Keypress: right
58.3617 	EXP 	instr_text: text = 'Most a gyakorlás következik. Ha készen áll, nyomjon le egy billentyűt.'
59.3062 	DATA 	Keypress: escape
59.4955 	EXP 	main_image: pos = array([-99.31902537, 283.0825519 ])
59.4955 	EXP 	main_image: image = 'Stimuli/Fractals/Practice/156b.jpg'
59.4955 	EXP 	start_task_text: text = 'A helyes válasz: Új'
59.4955 	EXP 	start_task_text: text = ''
59.4955 	EXP 	start_task_text: text = ''
59.4955 	EXP 	main_image: pos = array([ 122.0209929, -274.0636373])
59.4955 	EXP 	main_image: image = 'Stimuli/Fractals/Practice/166b.jpg'
59.4955 	EXP 	start_task_text: text = 'A helyes válasz: Hasonló'
59.4955 	EXP 	start_task_text: text = ''
59.4955 	EXP 	start_task_text: text = ''
59.4955 	EXP 	main_image: pos = array([300.,   0.])
59.4955 	EXP 	main_image: image = 'Stimuli/Fractals/Practice/167a.jpg'
59.4955 	EXP 	start_task_text: text = 'A helyes válasz: Régi'
59.4955 	EXP 	start_task_text: text = ''
59.4955 	EXP 	start_task_text: text = ''
59.4955 	EXP 	main_image: pos = array([ 31.35853898, 298.3565686 ])
59.4955 	EXP 	main_image: image = 'Stimuli/Fractals/Practice/177c.jpg'
59.4955 	EXP 	start_task_text: text = 'A helyes válasz: Hasonló'
59.4955 	EXP 	start_task_text: text = ''
59.4955 	EXP 	start_task_text: text = ''
59.4955 	EXP 	main_image: pos = array([-259.8076211,  150.       ])
59.4955 	EXP 	main_image: image = 'Stimuli/Fractals/Practice/159a.jpg'
59.4955 	EXP 	start_task_text: text = 'A helyes válasz: Hasonló'
59.4955 	EXP 	start_task_text: text = ''
59.4955 	EXP 	start_task_text: text = ''
59.4955 	EXP 	main_image: pos = array([-176.3355757, -242.7050983])
59.4955 	EXP 	main_image: image = 'Stimuli/Fractals/Practice/148b.jpg'
59.4955 	EXP 	start_task_text: text = 'A helyes válasz: Új'
59.4955 	EXP 	start_task_text: text = ''
59.4955 	EXP 	start_task_text: text = ''
59.4955 	EXP 	main_image: pos = array([ 122.0209929, -274.0636373])
59.4955 	EXP 	main_image: image = 'Stimuli/Fractals/Practice/166a.jpg'
59.4955 	EXP 	start_task_text: text = 'A helyes válasz: Régi'
59.4955 	EXP 	start_task_text: text = ''
59.4955 	EXP 	start_task_text: text = ''
59.4955 	EXP 	instr_text: text = 'Régi - F\nHasonló - J\nÚj - K\n\nA kísérletvezető indítja a feladatot.'
59.4955 	EXP 	start_task_text: text = 'Figyeljen, kezdődik a feladat...'
59.4955 	EXP 	main_image: pos = array([-299.9187724 ,   -6.98068691])
59.4955 	EXP 	main_image: image = 'Stimuli/Fractals/25a.jpg'
59.4955 	EXP 	logo: opacity = 0.8
60.4901 	DATA 	Keypress: return
60.5547 	EXP 	window1: mouseVisible = True
