8.5581 	EXP 	Created window1 = Window(allowGUI=False, allowStencil=False, args=UNKNOWN, autoLog=True, bitsMode=UNKNOWN, blendMode='avg', color=array([1., 1., 1.]), colorSpace='rgb', fullscr=<method-wrapper '__getattribute__' of attributeSetter object at 0x00000204CF6256D8>, gamma=None, gammaErrorPolicy='raise', kwargs=UNKNOWN, lms=UNKNOWN, monitor=<psychopy.monitors.calibTools.Monitor object at 0x00000204CF8DE080>, multiSample=False, name='window1', numSamples=2, pos=[0.0, 0.0], screen=0, size=array([1920, 1080]), stereo=False, units='deg', useFBO=True, useRetina=False, viewOri=0.0, viewPos=None, viewScale=None, waitBlanking=True, winType='pyglet')
8.5581 	EXP 	window1: recordFrameIntervals = False
8.7244 	EXP 	window1: recordFrameIntervals = True
8.9078 	EXP 	window1: recordFrameIntervals = False
9.1655 	EXP 	Created welcome_msg = TextStim(__class__=<class 'psychopy.visual.text.TextStim'>, alignHoriz='center', alignVert='center', antialias=True, autoLog=True, bold=False, color='black', colorSpace='named', contrast=1.0, depth=0.0, flipHoriz=False, flipVert=False, font='Arial', fontFiles=[], height=1, italic=False, languageStyle='LTR', name='welcome_msg', opacity=1.0, ori=0, pos=array([ 0., 12.]), rgb=array([0., 0., 0.]), text='TérKépÉsz', units='deg', win=Window(...), wrapWidth=15.0)
9.1870 	EXP 	Created logo = ImageStim(__class__=<class 'psychopy.visual.image.ImageStim'>, autoLog=True, color=array([1., 1., 1.]), colorSpace='rgb', contrast=1.0, depth=-1.0, flipHoriz=False, flipVert=False, image='Stimuli/terkepesz.png', interpolate=True, mask=None, maskParams=None, name='logo', opacity=1.0, ori=0.0, pos=array([0., 0.]), size=array([0.321875  , 1.23148148]), texRes=128, units='norm', win=Window(...))
9.2005 	EXP 	Created lb_check = TextStim(__class__=<class 'psychopy.visual.text.TextStim'>, alignHoriz='center', alignVert='center', antialias=True, autoLog=True, bold=False, color='black', colorSpace='named', contrast=1.0, depth=0.0, flipHoriz=False, flipVert=False, font='Arial', fontFiles=[], height=0.9, italic=False, languageStyle='LTR', name='lb_check', opacity=1.0, ori=0, pos=array([-23.,   0.]), rgb=array([0., 0., 0.]), text=str(...), units='deg', win=Window(...), wrapWidth=15.0)
9.2045 	EXP 	Created left_upper = ImageStim(__class__=<class 'psychopy.visual.image.ImageStim'>, autoLog=True, color=array([1., 1., 1.]), colorSpace='rgb', contrast=1.0, depth=0.0, flipHoriz=False, flipVert=False, image='Stimuli/ScreenCorner1.png', interpolate=True, mask=None, maskParams=None, name='left_upper', opacity=1.0, ori=0.0, pos=array([-0.9,  0.7]), size=array([0.13541667, 0.51481481]), texRes=128, units='norm', win=Window(...))
9.2087 	EXP 	Created left_lower = ImageStim(__class__=<class 'psychopy.visual.image.ImageStim'>, autoLog=True, color=array([1., 1., 1.]), colorSpace='rgb', contrast=1.0, depth=-1.0, flipHoriz=False, flipVert=False, image='Stimuli/ScreenCorner2.png', interpolate=True, mask=None, maskParams=None, name='left_lower', opacity=1.0, ori=0.0, pos=array([-0.9, -0.7]), size=array([0.115625  , 0.51666667]), texRes=128, units='norm', win=Window(...))
9.2128 	EXP 	Created right_upper = ImageStim(__class__=<class 'psychopy.visual.image.ImageStim'>, autoLog=True, color=array([1., 1., 1.]), colorSpace='rgb', contrast=1.0, depth=-2.0, flipHoriz=False, flipVert=False, image='Stimuli/ScreenCorner3.png', interpolate=True, mask=None, maskParams=None, name='right_upper', opacity=1.0, ori=0.0, pos=array([0.9, 0.7]), size=array([0.11979167, 0.49814815]), texRes=128, units='norm', win=Window(...))
9.2172 	EXP 	Created right_lower = ImageStim(__class__=<class 'psychopy.visual.image.ImageStim'>, autoLog=True, color=array([1., 1., 1.]), colorSpace='rgb', contrast=1.0, depth=-3.0, flipHoriz=False, flipVert=False, image='Stimuli/ScreenCorner4.png', interpolate=True, mask=None, maskParams=None, name='right_lower', opacity=1.0, ori=0.0, pos=array([ 0.9, -0.7]), size=array([0.153125 , 0.5037037]), texRes=128, units='norm', win=Window(...))
9.2253 	EXP 	Created text_2 = TextStim(__class__=<class 'psychopy.visual.text.TextStim'>, alignHoriz='center', alignVert='center', antialias=True, autoLog=True, bold=False, color='black', colorSpace='named', contrast=1.0, depth=-4.0, flipHoriz=False, flipVert=False, font='Arial', fontFiles=[], height=0.9, italic=False, languageStyle='LTR', name='text_2', opacity=1.0, ori=0, pos=array([0., 0.]), rgb=array([0., 0., 0.]), text=str(...), units='deg', win=Window(...), wrapWidth=30)
9.2757 	EXP 	Created story1_image = ImageStim(__class__=<class 'psychopy.visual.image.ImageStim'>, autoLog=True, color=array([1., 1., 1.]), colorSpace='rgb', contrast=1.0, depth=0.0, flipHoriz=False, flipVert=False, image='Stimuli/GalleryBuildingFromOutside.jpg', interpolate=True, mask=None, maskParams=None, name='story1_image', opacity=1.0, ori=0.0, pos=array([0. , 0.9]), size=array([1.01041667, 1.2537037 ]), texRes=128, units='norm', win=Window(...))
9.3036 	EXP 	Created story1_text = TextStim(__class__=<class 'psychopy.visual.text.TextStim'>, alignHoriz='center', alignVert='center', antialias=True, autoLog=True, bold=False, color='black', colorSpace='named', contrast=1.0, depth=-1.0, flipHoriz=False, flipVert=False, font='Arial', fontFiles=[], height=0.9, italic=False, languageStyle='LTR', name='story1_text', opacity=1.0, ori=0, pos=array([ 0., -5.]), rgb=array([0., 0., 0.]), text=str(...), units='deg', win=Window(...), wrapWidth=30)
9.3367 	EXP 	Created story2_image = ImageStim(__class__=<class 'psychopy.visual.image.ImageStim'>, autoLog=True, color=array([1., 1., 1.]), colorSpace='rgb', contrast=1.0, depth=0.0, flipHoriz=False, flipVert=False, image='Stimuli/GalleryInfo.jpg', interpolate=True, mask=None, maskParams=None, name='story2_image', opacity=1.0, ori=0.0, pos=array([425.,   0.]), size=array([1000.,  750.]), texRes=128, units='pix', win=Window(...))
9.3599 	EXP 	Created story2_text = TextStim(__class__=<class 'psychopy.visual.text.TextStim'>, alignHoriz='center', alignVert='center', antialias=True, autoLog=True, bold=False, color='black', colorSpace='named', contrast=1.0, depth=-2.0, flipHoriz=False, flipVert=False, font='Arial', fontFiles=[], height=0.9, italic=False, languageStyle='LTR', name='story2_text', opacity=1.0, ori=0, pos=array([-14.,   0.]), rgb=array([0., 0., 0.]), text=str(...), units='deg', win=Window(...), wrapWidth=24)
9.3770 	EXP 	Created instr_text = TextStim(__class__=<class 'psychopy.visual.text.TextStim'>, alignHoriz='center', alignVert='center', antialias=True, autoLog=True, bold=False, color='black', colorSpace='named', contrast=1.0, depth=0.0, flipHoriz=False, flipVert=False, font='Arial', fontFiles=[], height=0.9, italic=False, languageStyle='LTR', name='instr_text', opacity=1.0, ori=0, pos=array([0., 0.]), rgb=array([0., 0., 0.]), text=str(...), units='deg', win=Window(...), wrapWidth=15.0)
9.3777 	EXP 	Created instr_text = TextStim(__class__=<class 'psychopy.visual.text.TextStim'>, alignHoriz='center', alignVert='center', antialias=True, autoLog=True, bold=False, color='black', colorSpace='named', contrast=1.0, depth=0.0, flipHoriz=False, flipVert=False, font='Arial', fontFiles=[], height=0.9, italic=False, languageStyle='LTR', name='instr_text', opacity=1.0, ori=0, pos=array([0., 0.]), rgb=array([0., 0., 0.]), text='', units='deg', win=Window(...), wrapWidth=15.0)
9.3882 	EXP 	Created start_task_text = TextStim(__class__=<class 'psychopy.visual.text.TextStim'>, alignHoriz='center', alignVert='center', antialias=True, autoLog=True, bold=False, color='black', colorSpace='named', contrast=1.0, depth=0.0, flipHoriz=False, flipVert=False, font='Arial', fontFiles=[], height=0.9, italic=False, languageStyle='LTR', name='start_task_text', opacity=1.0, ori=0, pos=array([0., 0.]), rgb=array([0., 0., 0.]), text=str(...), units='deg', win=Window(...), wrapWidth=15.0)
9.4058 	EXP 	Created map_inside_fx = ImageStim(__class__=<class 'psychopy.visual.image.ImageStim'>, autoLog=True, color=array([1., 1., 1.]), colorSpace='rgb', contrast=1.0, depth=0.0, flipHoriz=False, flipVert=False, image='Stimuli/GalleryPlanInside.jpg', interpolate=True, mask=None, maskParams=None, name='map_inside_fx', opacity=0.5, ori=0.0, pos=array([  0., -25.]), size=array([1040., 1000.]), texRes=128, units='pix', win=Window(...))
9.4068 	EXP 	Created fixation_cross = ShapeStim(__class__=<class 'psychopy.visual.shape.ShapeStim'>, autoDraw=False, autoLog=True, closeShape=True, contrast=1.0, depth=-1.0, fillColor=array([-1., -1., -1.]), fillColorSpace='rgb', interpolate=True, lineColor=array([-1., -1., -1.]), lineColorSpace='rgb', lineWidth=1, name='fixation_cross', opacity=1.0, ori=array(0.), pos=array([0., 0.]), size=array([20., 20.]), units='pix', vertices=ndarray(...), win=Window(...), windingRule=None)
9.4683 	EXP 	Created main_image = ImageStim(__class__=<class 'psychopy.visual.image.ImageStim'>, autoLog=True, color=array([1., 1., 1.]), colorSpace='rgb', contrast=1.0, depth=-1.0, flipHoriz=False, flipVert=False, image='Stimuli/Fractals/46a.jpg', interpolate=True, mask=None, maskParams=None, name='main_image', opacity=1.0, ori=0.0, pos=array([0., 0.]), size=array([300., 300.]), texRes=128, units='pix', win=Window(...))
9.4747 	EXP 	Created text_pause = TextStim(__class__=<class 'psychopy.visual.text.TextStim'>, alignHoriz='center', alignVert='center', antialias=True, autoLog=True, bold=False, color='black', colorSpace='named', contrast=1.0, depth=-2.0, flipHoriz=False, flipVert=False, font='Arial', fontFiles=[], height=0.9, italic=False, languageStyle='LTR', name='text_pause', opacity=1.0, ori=0, pos=array([0., 0.]), rgb=array([0., 0., 0.]), text=str(...), units='deg', win=Window(...), wrapWidth=15.0)
9.4799 	EXP 	Created text_pause = TextStim(__class__=<class 'psychopy.visual.text.TextStim'>, alignHoriz='center', alignVert='center', antialias=True, autoLog=True, bold=False, color='black', colorSpace='named', contrast=1.0, depth=-2.0, flipHoriz=False, flipVert=False, font='Arial', fontFiles=[], height=0.7, italic=False, languageStyle='LTR', name='text_pause', opacity=1.0, ori=0, pos=array([0., 0.]), rgb=array([0., 0., 0.]), text='Szünet...', units='deg', win=Window(...), wrapWidth=15.0)
9.4912 	EXP 	Created text_goodbye = TextStim(__class__=<class 'psychopy.visual.text.TextStim'>, alignHoriz='center', alignVert='center', antialias=True, autoLog=True, bold=False, color='black', colorSpace='named', contrast=1.0, depth=-2.0, flipHoriz=False, flipVert=False, font='Arial', fontFiles=[], height=1.5, italic=False, languageStyle='LTR', name='text_goodbye', opacity=1.0, ori=0, pos=array([0., 0.]), rgb=array([0., 0., 0.]), text='Vége a feladatnak. Köszönjük!', units='deg', win=Window(...), wrapWidth=20)
12.1081 	DATA 	Keypress: f
12.1242 	EXP 	lb_check: text = "Válaszgomb teszt:\n\nNyomja le a 'J' billentyűt!"
12.1242 	EXP 	lb_check: pos = (23, 0)
12.3081 	DATA 	Keypress: j
13.3314 	DATA 	Keypress: right
13.5743 	DATA 	Keypress: right
13.8910 	DATA 	Keypress: right
14.2576 	DATA 	Keypress: right
14.2742 	EXP 	instr_text: text = 'A kísérletvezető indítja a feladatot.'
15.8590 	DATA 	Keypress: space
16.0075 	EXP 	start_task_text: text = 'Figyeljen, kezdődik a feladat...'
18.0574 	EXP 	main_image: pos = array([212.1320344, 212.1320344])
18.0574 	EXP 	main_image: image = 'Stimuli/Fractals/46a.jpg'
22.3931 	DATA 	Keypress: f
22.5903 	EXP 	main_image: pos = array([ 212.1320344, -212.1320344])
22.5903 	EXP 	main_image: image = 'Stimuli/Fractals/121c.jpg'
31.1401 	EXP 	main_image: pos = array([212.1320344, 212.1320344])
31.1401 	EXP 	main_image: image = 'Stimuli/Fractals/35b.jpg'
35.6733 	EXP 	main_image: pos = array([ 212.1320344, -212.1320344])
35.6733 	EXP 	main_image: image = 'Stimuli/Fractals/38c.jpg'
39.2399 	EXP 	main_image: pos = array([212.1320344, 212.1320344])
39.2399 	EXP 	main_image: image = 'Stimuli/Fractals/46b.jpg'
46.7730 	EXP 	main_image: pos = array([ 212.1320344, -212.1320344])
46.7730 	EXP 	main_image: image = 'Stimuli/Fractals/121b.jpg'
52.3062 	EXP 	main_image: pos = array([ 212.1320344, -212.1320344])
52.3062 	EXP 	main_image: image = 'Stimuli/Fractals/38c.jpg'
60.8393 	EXP 	main_image: pos = array([-212.1320344, -212.1320344])
60.8393 	EXP 	main_image: image = 'Stimuli/Fractals/1c.jpg'
65.3559 	EXP 	main_image: pos = array([300.,   0.])
65.3559 	EXP 	main_image: image = 'Stimuli/Fractals/35b.jpg'
69.8891 	EXP 	main_image: pos = array([ 212.1320344, -212.1320344])
69.8891 	EXP 	main_image: image = 'Stimuli/Fractals/50c.jpg'
75.4223 	EXP 	main_image: pos = array([  0., 300.])
75.4223 	EXP 	main_image: image = 'Stimuli/Fractals/12c.jpg'
79.9722 	EXP 	main_image: pos = array([-212.1320344, -212.1320344])
79.9722 	EXP 	main_image: image = 'Stimuli/Fractals/92c.jpg'
84.5054 	EXP 	main_image: pos = array([  0., 300.])
84.5054 	EXP 	main_image: image = 'Stimuli/Fractals/12c.jpg'
89.0220 	EXP 	main_image: pos = array([-212.1320344, -212.1320344])
89.0220 	EXP 	main_image: image = 'Stimuli/Fractals/1c.jpg'
92.0552 	EXP 	main_image: pos = array([300.,   0.])
92.0552 	EXP 	main_image: image = 'Stimuli/Fractals/50c.jpg'
95.0885 	EXP 	main_image: pos = array([-212.1320344, -212.1320344])
95.0885 	EXP 	main_image: image = 'Stimuli/Fractals/3a.jpg'
98.6217 	EXP 	main_image: pos = array([-212.1320344, -212.1320344])
98.6217 	EXP 	main_image: image = 'Stimuli/Fractals/92b.jpg'
104.1716 	EXP 	main_image: pos = array([  0., 300.])
104.1716 	EXP 	main_image: image = 'Stimuli/Fractals/66a.jpg'
110.7048 	EXP 	main_image: pos = array([-300.,    0.])
110.7048 	EXP 	main_image: image = 'Stimuli/Fractals/3a.jpg'
114.2380 	EXP 	main_image: pos = array([  0., 300.])
114.2380 	EXP 	main_image: image = 'Stimuli/Fractals/66c.jpg'
118.7712 	EXP 	main_image: pos = array([259.8076211, 150.       ])
118.7712 	EXP 	main_image: image = 'Stimuli/Fractals/138c.jpg'
126.3211 	EXP 	main_image: pos = array([-300.,    0.])
126.3211 	EXP 	main_image: image = 'Stimuli/Fractals/100b.jpg'
129.8710 	EXP 	main_image: pos = array([ 212.1320344, -212.1320344])
129.8710 	EXP 	main_image: image = 'Stimuli/Fractals/18c.jpg'
134.4042 	EXP 	main_image: pos = array([ 212.1320344, -212.1320344])
134.4042 	EXP 	main_image: image = 'Stimuli/Fractals/103c.jpg'
137.9541 	EXP 	main_image: pos = array([-300.,    0.])
137.9541 	EXP 	main_image: image = 'Stimuli/Fractals/77b.jpg'
142.5040 	EXP 	main_image: pos = array([-300.,    0.])
142.5040 	EXP 	main_image: image = 'Stimuli/Fractals/100b.jpg'
146.0372 	EXP 	main_image: pos = array([ 212.1320344, -212.1320344])
146.0372 	EXP 	main_image: image = 'Stimuli/Fractals/103c.jpg'
153.5704 	EXP 	main_image: pos = array([   0., -300.])
153.5704 	EXP 	main_image: image = 'Stimuli/Fractals/83c.jpg'
158.1036 	EXP 	main_image: pos = array([   0., -300.])
158.1036 	EXP 	main_image: image = 'Stimuli/Fractals/18c.jpg'
164.6368 	EXP 	main_image: pos = array([300.,   0.])
164.6368 	EXP 	main_image: image = 'Stimuli/Fractals/67c.jpg'
168.1534 	EXP 	main_image: pos = array([-300.,    0.])
168.1534 	EXP 	main_image: image = 'Stimuli/Fractals/77b.jpg'
173.7032 	EXP 	main_image: pos = array([   0., -300.])
173.7032 	EXP 	main_image: image = 'Stimuli/Fractals/83b.jpg'
174.1885 	DATA 	Keypress: escape
174.4699 	EXP 	logo: opacity = 0.8
175.4834 	DATA 	Keypress: return
175.5309 	EXP 	window1: mouseVisible = True
