6.6808 	EXP 	Created window1 = Window(allowGUI=False, allowStencil=False, args=UNKNOWN, autoLog=True, bitsMode=UNKNOWN, blendMode='avg', color=array([1., 1., 1.]), colorSpace='rgb', fullscr=<method-wrapper '__getattribute__' of attributeSetter object at 0x000001DA97E3CBA8>, gamma=None, gammaErrorPolicy='raise', kwargs=UNKNOWN, lms=UNKNOWN, monitor=<psychopy.monitors.calibTools.Monitor object at 0x000001DA97D4D2E8>, multiSample=False, name='window1', numSamples=2, pos=[0.0, 0.0], screen=0, size=array([1920, 1080]), stereo=False, units='deg', useFBO=True, useRetina=False, viewOri=0.0, viewPos=None, viewScale=None, waitBlanking=True, winType='pyglet')
6.6808 	EXP 	window1: recordFrameIntervals = False
6.8471 	EXP 	window1: recordFrameIntervals = True
7.0305 	EXP 	window1: recordFrameIntervals = False
7.0867 	EXP 	Created welcome_msg = TextStim(__class__=<class 'psychopy.visual.text.TextStim'>, alignHoriz='center', alignVert='center', antialias=True, autoLog=True, bold=False, color='black', colorSpace='named', contrast=1.0, depth=0.0, flipHoriz=False, flipVert=False, font='Arial', fontFiles=[], height=1, italic=False, languageStyle='LTR', name='welcome_msg', opacity=1.0, ori=0, pos=array([ 0., 12.]), rgb=array([0., 0., 0.]), text='TérKépÉsz', units='deg', win=Window(...), wrapWidth=15.0)
7.1055 	EXP 	Created logo = ImageStim(__class__=<class 'psychopy.visual.image.ImageStim'>, autoLog=True, color=array([1., 1., 1.]), colorSpace='rgb', contrast=1.0, depth=-1.0, flipHoriz=False, flipVert=False, image='Stimuli/terkepesz.png', interpolate=True, mask=None, maskParams=None, name='logo', opacity=1.0, ori=0.0, pos=array([0., 0.]), size=array([0.321875  , 1.23148148]), texRes=128, units='norm', win=Window(...))
7.1189 	EXP 	Created lb_check = TextStim(__class__=<class 'psychopy.visual.text.TextStim'>, alignHoriz='center', alignVert='center', antialias=True, autoLog=True, bold=False, color='black', colorSpace='named', contrast=1.0, depth=0.0, flipHoriz=False, flipVert=False, font='Arial', fontFiles=[], height=0.9, italic=False, languageStyle='LTR', name='lb_check', opacity=1.0, ori=0, pos=array([-23.,   0.]), rgb=array([0., 0., 0.]), text=str(...), units='deg', win=Window(...), wrapWidth=15.0)
7.1226 	EXP 	Created left_upper = ImageStim(__class__=<class 'psychopy.visual.image.ImageStim'>, autoLog=True, color=array([1., 1., 1.]), colorSpace='rgb', contrast=1.0, depth=0.0, flipHoriz=False, flipVert=False, image='Stimuli/ScreenCorner1.png', interpolate=True, mask=None, maskParams=None, name='left_upper', opacity=1.0, ori=0.0, pos=array([-0.9,  0.7]), size=array([0.13541667, 0.51481481]), texRes=128, units='norm', win=Window(...))
7.1263 	EXP 	Created left_lower = ImageStim(__class__=<class 'psychopy.visual.image.ImageStim'>, autoLog=True, color=array([1., 1., 1.]), colorSpace='rgb', contrast=1.0, depth=-1.0, flipHoriz=False, flipVert=False, image='Stimuli/ScreenCorner2.png', interpolate=True, mask=None, maskParams=None, name='left_lower', opacity=1.0, ori=0.0, pos=array([-0.9, -0.7]), size=array([0.115625  , 0.51666667]), texRes=128, units='norm', win=Window(...))
7.1299 	EXP 	Created right_upper = ImageStim(__class__=<class 'psychopy.visual.image.ImageStim'>, autoLog=True, color=array([1., 1., 1.]), colorSpace='rgb', contrast=1.0, depth=-2.0, flipHoriz=False, flipVert=False, image='Stimuli/ScreenCorner3.png', interpolate=True, mask=None, maskParams=None, name='right_upper', opacity=1.0, ori=0.0, pos=array([0.9, 0.7]), size=array([0.11979167, 0.49814815]), texRes=128, units='norm', win=Window(...))
7.1337 	EXP 	Created right_lower = ImageStim(__class__=<class 'psychopy.visual.image.ImageStim'>, autoLog=True, color=array([1., 1., 1.]), colorSpace='rgb', contrast=1.0, depth=-3.0, flipHoriz=False, flipVert=False, image='Stimuli/ScreenCorner4.png', interpolate=True, mask=None, maskParams=None, name='right_lower', opacity=1.0, ori=0.0, pos=array([ 0.9, -0.7]), size=array([0.153125 , 0.5037037]), texRes=128, units='norm', win=Window(...))
7.1420 	EXP 	Created text_2 = TextStim(__class__=<class 'psychopy.visual.text.TextStim'>, alignHoriz='center', alignVert='center', antialias=True, autoLog=True, bold=False, color='black', colorSpace='named', contrast=1.0, depth=-4.0, flipHoriz=False, flipVert=False, font='Arial', fontFiles=[], height=0.9, italic=False, languageStyle='LTR', name='text_2', opacity=1.0, ori=0, pos=array([0., 0.]), rgb=array([0., 0., 0.]), text=str(...), units='deg', win=Window(...), wrapWidth=30)
7.1725 	EXP 	Created instr_text = TextStim(__class__=<class 'psychopy.visual.text.TextStim'>, alignHoriz='center', alignVert='center', antialias=True, autoLog=True, bold=False, color='black', colorSpace='named', contrast=1.0, depth=0.0, flipHoriz=False, flipVert=False, font='Arial', fontFiles=[], height=0.8, italic=False, languageStyle='LTR', name='instr_text', opacity=1.0, ori=0, pos=array([0., 0.]), rgb=array([0., 0., 0.]), text=str(...), units='deg', win=Window(...), wrapWidth=40)
7.1729 	EXP 	Created start_task_text = TextStim(__class__=<class 'psychopy.visual.text.TextStim'>, alignHoriz='center', alignVert='center', antialias=True, autoLog=True, bold=False, color='black', colorSpace='named', contrast=1.0, depth=0.0, flipHoriz=False, flipVert=False, font='Arial', fontFiles=[], height=0.9, italic=False, languageStyle='LTR', name='start_task_text', opacity=1.0, ori=0, pos=array([0. , 1.5]), rgb=array([0., 0., 0.]), text='', units='deg', win=Window(...), wrapWidth=15.0)
7.1731 	EXP 	Created start_task_text = TextStim(__class__=<class 'psychopy.visual.text.TextStim'>, alignHoriz='center', alignVert='center', antialias=True, autoLog=True, bold=False, color='black', colorSpace='named', contrast=1.0, depth=0.0, flipHoriz=False, flipVert=False, font='Arial', fontFiles=[], height=0.9, italic=False, languageStyle='LTR', name='start_task_text', opacity=1.0, ori=0, pos=array([ 0. , -1.5]), rgb=array([0., 0., 0.]), text='', units='deg', win=Window(...), wrapWidth=15.0)
7.1734 	EXP 	Created start_task_text = TextStim(__class__=<class 'psychopy.visual.text.TextStim'>, alignHoriz='center', alignVert='center', antialias=True, autoLog=True, bold=False, color='black', colorSpace='named', contrast=1.0, depth=0.0, flipHoriz=False, flipVert=False, font='Arial', fontFiles=[], height=0.9, italic=False, languageStyle='LTR', name='start_task_text', opacity=1.0, ori=0, pos=array([-2.,  0.]), rgb=array([0., 0., 0.]), text='', units='deg', win=Window(...), wrapWidth=15.0)
7.1737 	EXP 	Created start_task_text = TextStim(__class__=<class 'psychopy.visual.text.TextStim'>, alignHoriz='center', alignVert='center', antialias=True, autoLog=True, bold=False, color='black', colorSpace='named', contrast=1.0, depth=0.0, flipHoriz=False, flipVert=False, font='Arial', fontFiles=[], height=0.9, italic=False, languageStyle='LTR', name='start_task_text', opacity=1.0, ori=0, pos=array([2., 0.]), rgb=array([0., 0., 0.]), text='', units='deg', win=Window(...), wrapWidth=15.0)
7.2117 	EXP 	Created main_image = ImageStim(__class__=<class 'psychopy.visual.image.ImageStim'>, autoLog=True, color=array([1., 1., 1.]), colorSpace='rgb', contrast=1.0, depth=-1.0, flipHoriz=False, flipVert=False, image='Stimuli/Fractals/125a.jpg', interpolate=True, mask=None, maskParams=None, name='main_image', opacity=1.0, ori=0.0, pos=array([0., 0.]), size=array([300., 300.]), texRes=128, units='pix', win=Window(...))
7.2268 	EXP 	Created map_inside_fx = ImageStim(__class__=<class 'psychopy.visual.image.ImageStim'>, autoLog=True, color=array([1., 1., 1.]), colorSpace='rgb', contrast=1.0, depth=0.0, flipHoriz=False, flipVert=False, image='Stimuli/GalleryPlanInside.jpg', interpolate=True, mask=None, maskParams=None, name='map_inside_fx', opacity=0.5, ori=0.0, pos=array([  0., -25.]), size=array([1040., 1000.]), texRes=128, units='pix', win=Window(...))
7.2278 	EXP 	Created fixation_cross = ShapeStim(__class__=<class 'psychopy.visual.shape.ShapeStim'>, autoDraw=False, autoLog=True, closeShape=True, contrast=1.0, depth=-1.0, fillColor=array([-1., -1., -1.]), fillColorSpace='rgb', interpolate=True, lineColor=array([-1., -1., -1.]), lineColorSpace='rgb', lineWidth=1, name='fixation_cross', opacity=1.0, ori=array(0.), pos=array([0., 0.]), size=array([20., 20.]), units='pix', vertices=ndarray(...), win=Window(...), windingRule=None)
7.4256 	EXP 	Created main_image = ImageStim(__class__=<class 'psychopy.visual.image.ImageStim'>, autoLog=True, color=array([1., 1., 1.]), colorSpace='rgb', contrast=1.0, depth=-1.0, flipHoriz=False, flipVert=False, image='Stimuli/Fractals/125a.jpg', interpolate=True, mask=None, maskParams=None, name='main_image', opacity=1.0, ori=0.0, pos=array([0., 0.]), size=array([300., 300.]), texRes=128, units='pix', win=Window(...))
7.4326 	EXP 	Created text_pause = TextStim(__class__=<class 'psychopy.visual.text.TextStim'>, alignHoriz='center', alignVert='center', antialias=True, autoLog=True, bold=False, color='black', colorSpace='named', contrast=1.0, depth=-2.0, flipHoriz=False, flipVert=False, font='Arial', fontFiles=[], height=0.9, italic=False, languageStyle='LTR', name='text_pause', opacity=1.0, ori=0, pos=array([0., 0.]), rgb=array([0., 0., 0.]), text=str(...), units='deg', win=Window(...), wrapWidth=15.0)
7.4365 	EXP 	Created start_task_text = TextStim(__class__=<class 'psychopy.visual.text.TextStim'>, alignHoriz='center', alignVert='center', antialias=True, autoLog=True, bold=False, color='black', colorSpace='named', contrast=1.0, depth=0.0, flipHoriz=False, flipVert=False, font='Arial', fontFiles=[], height=0.9, italic=False, languageStyle='LTR', name='start_task_text', opacity=1.0, ori=0, pos=array([0., 0.]), rgb=array([0., 0., 0.]), text='Figyeljen, kezdődik a gyakorlás...', units='deg', win=Window(...), wrapWidth=15.0)
7.4531 	EXP 	Created start_task_text = TextStim(__class__=<class 'psychopy.visual.text.TextStim'>, alignHoriz='center', alignVert='center', antialias=True, autoLog=True, bold=False, color='black', colorSpace='named', contrast=1.0, depth=0.0, flipHoriz=False, flipVert=False, font='Arial', fontFiles=[], height=0.9, italic=False, languageStyle='LTR', name='start_task_text', opacity=1.0, ori=0, pos=array([0., 0.]), rgb=array([0., 0., 0.]), text=str(...), units='deg', win=Window(...), wrapWidth=15.0)
7.4548 	EXP 	Created text_trial_type = TextStim(__class__=<class 'psychopy.visual.text.TextStim'>, alignHoriz='center', alignVert='center', antialias=True, autoLog=True, bold=False, color='black', colorSpace='named', contrast=1.0, depth=-2.0, flipHoriz=False, flipVert=False, font='Arial', fontFiles=[], height=0.9, italic=False, languageStyle='LTR', name='text_trial_type', opacity=1.0, ori=0, pos=array([ 0., 15.]), rgb=array([0., 0., 0.]), text='Kép', units='deg', win=Window(...), wrapWidth=15.0)
7.4562 	EXP 	Created text_trial_type = TextStim(__class__=<class 'psychopy.visual.text.TextStim'>, alignHoriz='center', alignVert='center', antialias=True, autoLog=True, bold=False, color='black', colorSpace='named', contrast=1.0, depth=-2.0, flipHoriz=False, flipVert=False, font='Arial', fontFiles=[], height=0.9, italic=False, languageStyle='LTR', name='text_trial_type', opacity=1.0, ori=0, pos=array([0., 0.]), rgb=array([0., 0., 0.]), text='Kép', units='deg', win=Window(...), wrapWidth=15.0)
7.4578 	EXP 	Created text_trial_type = TextStim(__class__=<class 'psychopy.visual.text.TextStim'>, alignHoriz='center', alignVert='center', antialias=True, autoLog=True, bold=False, color='black', colorSpace='named', contrast=1.0, depth=-2.0, flipHoriz=False, flipVert=False, font='Arial', fontFiles=[], height=0.9, italic=False, languageStyle='LTR', name='text_trial_type', opacity=1.0, ori=0, pos=array([0., 0.]), rgb=array([0., 0., 0.]), text='Hely', units='deg', win=Window(...), wrapWidth=15.0)
7.4612 	EXP 	Created text_trial_type = TextStim(__class__=<class 'psychopy.visual.text.TextStim'>, alignHoriz='center', alignVert='center', antialias=True, autoLog=True, bold=False, color='black', colorSpace='named', contrast=1.0, depth=-2.0, flipHoriz=False, flipVert=False, font='Arial', fontFiles=[], height=0.9, italic=False, languageStyle='LTR', name='text_trial_type', opacity=1.0, ori=0, pos=array([  0., -10.]), rgb=array([0., 0., 0.]), text='Régi - F\t\t\t Hasonló - J\t\t\t Új - K', units='deg', win=Window(...), wrapWidth=30)
7.4719 	EXP 	Created text_pause = TextStim(__class__=<class 'psychopy.visual.text.TextStim'>, alignHoriz='center', alignVert='center', antialias=True, autoLog=True, bold=False, color='black', colorSpace='named', contrast=1.0, depth=-2.0, flipHoriz=False, flipVert=False, font='Arial', fontFiles=[], height=1.5, italic=False, languageStyle='LTR', name='text_pause', opacity=1.0, ori=0, pos=array([0., 0.]), rgb=array([0., 0., 0.]), text='Vége a feladatnak. Köszönjük!', units='deg', win=Window(...), wrapWidth=20)
13.8295 	DATA 	Keypress: right
14.9334 	DATA 	Keypress: f
14.9470 	EXP 	lb_check: text = "Válaszgomb teszt:\n\nNyomja le a 'J' billentyűt!"
14.9470 	EXP 	lb_check: pos = (23, 0)
15.5896 	DATA 	Keypress: j
16.6855 	DATA 	Keypress: right
16.6970 	EXP 	instr_text: text = 'A következő feladatban ismét absztrakt képeket fog látni, és ezekről kell eldöntenie, látta-e őket az első, műalkotás válogató feladataban, és hogy ugyanott látta-e őket.    \n A feladatot két alfeladatra bontottuk. Az egyikben a képekről, a másikban a képek pozíciójáról kell döntenie.    \n\nA folytatáshoz nyomja le a jobb nyilat.'
17.0471 	DATA 	Keypress: right
17.1137 	EXP 	instr_text: text = "A 'Kép' nevű alfeladatban azt kell eldöntenie, látta-e már ezeket a képeket az első, műalkotás válogató feladataban.                    \nHárom csoportba oszthatóak a megjelenő képek:                    \n - Régi: Ezek a képek pontosan megegyeznek majd az első feladatban látott képek egyikével.                    \n - Hasonló: Ezek a képek nagyon hasonlítanak az első feladatban látott képek egyikéhez.                    \n - Új: Teljesen új képek, amelyek nem jelentek meg az első feladatban.                    \nAz Ön feladata, hogy eldöntse, melyik kép ugyanaz, mint az első feladatban, melyik hasonló, és melyik új. \nMinden képet nézzen meg figyelmesen, és minden képre adjon választ, akkor is, ha a döntés nehéz.                    \n\nA döntését így jelölje:\n\tRégi - F\t Hasonló - J\t Új - K                    \n\n A folytatáshoz nyomja le a jobb nyilat"
17.4471 	DATA 	Keypress: right
17.5137 	EXP 	instr_text: text = "A 'Hely' nevű alfeladatban azt kell eldöntenie, a képek ugyanott jelennek-e meg, mint az első, műalkotás válogató feladataban.                    \nEbben az alfeladatban minden kép pontos mása annak, amit az első feladatban látott. A helyek azonban három csoportba oszthatóak:                    \n - Régi: Pontosan ugyanitt jelent meg ez a kép az első feladatban.                    \n - Hasonló: Egy hasonló helyen jelent meg ez a kép az első feladatban.                    \n - Új: Egy teljesen másik helyen jelent meg ez a kép az első feladatban.                    \nAz Ön feladata, hogy eldöntse, melyik kép jelent meg ugyanott, hasonló, és teljesen új helyen.\nMinden képet nézzen meg figyelmesen, és minden képre adjon választ, akkor is, ha a döntés nehéz.                    \n\nA döntését így jelölje:\n\tRégi - F\t Hasonló - J\t Új - K                    \n\nA folytatáshoz nyomja le a jobb nyilat."
17.8471 	DATA 	Keypress: right
17.8637 	EXP 	instr_text: text = "A következőkben bemutatjuk Önnek, milyenek a 'hasonló'/'új' képek és helyek. \nA jobb nyillal tud továbblépni."
18.6805 	DATA 	Keypress: right
18.7303 	EXP 	main_image: pos = array([300.,   0.])
18.7303 	EXP 	main_image: image = 'Stimuli/Fractals/Practice/164a.jpg'
18.7303 	EXP 	main_image: pos = array([-300.,    0.])
18.7303 	EXP 	main_image: image = 'Stimuli/Fractals/Practice/164b.jpg'
18.7303 	EXP 	start_task_text: text = 'Hasonló'
18.7303 	EXP 	start_task_text: text = 'Képek'
19.5468 	DATA 	Keypress: right
19.7803 	EXP 	main_image: pos = array([300.,   0.])
19.7803 	EXP 	main_image: image = 'Stimuli/Fractals/Practice/149a.jpg'
19.7803 	EXP 	main_image: pos = array([-300.,    0.])
19.7803 	EXP 	main_image: image = 'Stimuli/Fractals/Practice/149b.jpg'
19.7803 	EXP 	start_task_text: text = 'Hasonló'
19.7803 	EXP 	start_task_text: text = 'Képek'
20.1659 	DATA 	Keypress: right
20.8469 	EXP 	main_image: pos = array([300.,   0.])
20.8469 	EXP 	main_image: image = 'Stimuli/Fractals/Practice/160b.jpg'
20.8469 	EXP 	main_image: pos = array([-300.,    0.])
20.8469 	EXP 	main_image: image = 'Stimuli/Fractals/Practice/160c.jpg'
20.8469 	EXP 	start_task_text: text = 'Hasonló'
20.8469 	EXP 	start_task_text: text = 'Képek'
21.1482 	DATA 	Keypress: right
21.3969 	EXP 	main_image: pos = array([300.,   0.])
21.3969 	EXP 	main_image: image = 'Stimuli/Fractals/Practice/167a.jpg'
21.3969 	EXP 	main_image: pos = array([-300.,    0.])
21.3969 	EXP 	main_image: image = 'Stimuli/Fractals/Practice/167b.jpg'
21.3969 	EXP 	start_task_text: text = 'Hasonló'
21.3969 	EXP 	start_task_text: text = 'Képek'
22.2137 	DATA 	Keypress: right
22.4802 	EXP 	main_image: pos = array([300.,   0.])
22.4802 	EXP 	main_image: image = 'Stimuli/Fractals/Practice/163a.jpg'
22.4802 	EXP 	main_image: pos = array([-300.,    0.])
22.4802 	EXP 	main_image: image = 'Stimuli/Fractals/Practice/173c.jpg'
22.4802 	EXP 	start_task_text: text = 'Új'
22.4802 	EXP 	start_task_text: text = 'Képek'
23.8134 	DATA 	Keypress: right
24.0635 	EXP 	main_image: pos = array([-300.,    0.])
24.0635 	EXP 	main_image: image = 'Stimuli/Fractals/Practice/166a.jpg'
24.0635 	EXP 	main_image: pos = array([-212.1320344, -212.1320344])
24.0635 	EXP 	main_image: image = 'Stimuli/Fractals/Practice/166a.jpg'
24.0635 	EXP 	start_task_text: text = 'Hasonló'
24.0635 	EXP 	start_task_text: text = 'Helyek'
24.8804 	DATA 	Keypress: right
25.1302 	EXP 	main_image: pos = array([  0., 300.])
25.1302 	EXP 	main_image: image = 'Stimuli/Fractals/Practice/159a.jpg'
25.1302 	EXP 	main_image: pos = array([-212.1320344,  212.1320344])
25.1302 	EXP 	main_image: image = 'Stimuli/Fractals/Practice/159a.jpg'
25.1302 	EXP 	start_task_text: text = 'Hasonló'
25.1302 	EXP 	start_task_text: text = 'Helyek'
25.5735 	DATA 	Keypress: right
26.1970 	EXP 	main_image: pos = array([212.1320344, 212.1320344])
26.1970 	EXP 	main_image: image = 'Stimuli/Fractals/Practice/148b.jpg'
26.1970 	EXP 	main_image: pos = array([  0., 300.])
26.1970 	EXP 	main_image: image = 'Stimuli/Fractals/Practice/148b.jpg'
26.1970 	EXP 	start_task_text: text = 'Hasonló'
26.1970 	EXP 	start_task_text: text = 'Helyek'
26.6940 	DATA 	Keypress: right
27.2634 	EXP 	main_image: pos = array([300.,   0.])
27.2634 	EXP 	main_image: image = 'Stimuli/Fractals/Practice/177b.jpg'
27.2634 	EXP 	main_image: pos = array([-212.1320344,  212.1320344])
27.2634 	EXP 	main_image: image = 'Stimuli/Fractals/Practice/177b.jpg'
27.2634 	EXP 	start_task_text: text = 'Új'
27.2634 	EXP 	start_task_text: text = 'Helyek'
29.2214 	DATA 	Keypress: right
29.8800 	EXP 	main_image: pos = array([300.,   0.])
29.8800 	EXP 	main_image: image = 'Stimuli/Fractals/Practice/177b.jpg'
29.8800 	EXP 	main_image: pos = array([-300.,    0.])
29.8800 	EXP 	main_image: image = 'Stimuli/Fractals/Practice/177b.jpg'
29.8800 	EXP 	start_task_text: text = 'Új'
29.8800 	EXP 	start_task_text: text = 'Helyek'
31.3495 	DATA 	Keypress: right
31.9466 	EXP 	instr_text: text = 'Most a gyakorlás következik. Ha készen áll, nyomjon le egy billentyűt.'
37.9901 	DATA 	Keypress: right
40.0298 	EXP 	main_image: pos = array([212.1320344, 212.1320344])
40.0298 	EXP 	main_image: image = 'Stimuli/Fractals/Practice/156b.jpg'
40.0298 	EXP 	start_task_text: text = 'A helyes válasz: Új'
40.0298 	EXP 	text_trial_type: text = 'Kép'
40.0464 	EXP 	text_trial_type: text = 'Kép'
40.0631 	EXP 	text_trial_type: text = 'Kép'
40.0798 	EXP 	text_trial_type: text = 'Kép'
40.0964 	EXP 	text_trial_type: text = 'Kép'
40.1131 	EXP 	text_trial_type: text = 'Kép'
40.1298 	EXP 	text_trial_type: text = 'Kép'
40.1464 	EXP 	text_trial_type: text = 'Kép'
40.1631 	EXP 	text_trial_type: text = 'Kép'
40.1798 	EXP 	text_trial_type: text = 'Kép'
40.1964 	EXP 	text_trial_type: text = 'Kép'
40.2131 	EXP 	text_trial_type: text = 'Kép'
40.2298 	EXP 	text_trial_type: text = 'Kép'
40.2464 	EXP 	text_trial_type: text = 'Kép'
40.2631 	EXP 	text_trial_type: text = 'Kép'
40.2798 	EXP 	text_trial_type: text = 'Kép'
40.2964 	EXP 	text_trial_type: text = 'Kép'
40.3131 	EXP 	text_trial_type: text = 'Kép'
40.3298 	EXP 	text_trial_type: text = 'Kép'
40.3464 	EXP 	text_trial_type: text = 'Kép'
40.3631 	EXP 	text_trial_type: text = 'Kép'
40.3798 	EXP 	text_trial_type: text = 'Kép'
40.3964 	EXP 	text_trial_type: text = 'Kép'
40.4131 	EXP 	text_trial_type: text = 'Kép'
40.4298 	EXP 	text_trial_type: text = 'Kép'
40.4464 	EXP 	text_trial_type: text = 'Kép'
40.4631 	EXP 	text_trial_type: text = 'Kép'
40.4798 	EXP 	text_trial_type: text = 'Kép'
40.4964 	EXP 	text_trial_type: text = 'Kép'
40.5131 	EXP 	text_trial_type: text = 'Kép'
40.5298 	EXP 	text_trial_type: text = 'Kép'
40.5464 	EXP 	text_trial_type: text = 'Kép'
40.5631 	EXP 	text_trial_type: text = 'Kép'
40.5797 	EXP 	text_trial_type: text = 'Kép'
40.5964 	EXP 	text_trial_type: text = 'Kép'
40.6131 	EXP 	text_trial_type: text = 'Kép'
40.6298 	EXP 	text_trial_type: text = 'Kép'
40.6464 	EXP 	text_trial_type: text = 'Kép'
40.6631 	EXP 	text_trial_type: text = 'Kép'
40.6798 	EXP 	text_trial_type: text = 'Kép'
40.6964 	EXP 	text_trial_type: text = 'Kép'
40.7131 	EXP 	text_trial_type: text = 'Kép'
40.7298 	EXP 	text_trial_type: text = 'Kép'
40.7464 	EXP 	text_trial_type: text = 'Kép'
40.7631 	EXP 	text_trial_type: text = 'Kép'
40.7798 	EXP 	text_trial_type: text = 'Kép'
40.7964 	EXP 	text_trial_type: text = 'Kép'
40.8131 	EXP 	text_trial_type: text = 'Kép'
40.8297 	EXP 	text_trial_type: text = 'Kép'
40.8464 	EXP 	text_trial_type: text = 'Kép'
40.8631 	EXP 	text_trial_type: text = 'Kép'
40.8797 	EXP 	text_trial_type: text = 'Kép'
40.8964 	EXP 	text_trial_type: text = 'Kép'
40.9131 	EXP 	text_trial_type: text = 'Kép'
40.9297 	EXP 	text_trial_type: text = 'Kép'
40.9464 	EXP 	text_trial_type: text = 'Kép'
40.9631 	EXP 	text_trial_type: text = 'Kép'
40.9798 	EXP 	text_trial_type: text = 'Kép'
40.9964 	EXP 	text_trial_type: text = 'Kép'
41.0131 	EXP 	text_trial_type: text = 'Kép'
41.0298 	EXP 	text_trial_type: text = 'Kép'
41.0464 	EXP 	text_trial_type: text = 'Kép'
41.0631 	EXP 	text_trial_type: text = 'Kép'
41.0798 	EXP 	text_trial_type: text = 'Kép'
41.0964 	EXP 	text_trial_type: text = 'Kép'
41.1131 	EXP 	text_trial_type: text = 'Kép'
41.1298 	EXP 	text_trial_type: text = 'Kép'
41.1464 	EXP 	text_trial_type: text = 'Kép'
41.1631 	EXP 	text_trial_type: text = 'Kép'
41.1798 	EXP 	text_trial_type: text = 'Kép'
41.1964 	EXP 	text_trial_type: text = 'Kép'
41.2131 	EXP 	text_trial_type: text = 'Kép'
41.2297 	EXP 	text_trial_type: text = 'Kép'
41.2464 	EXP 	text_trial_type: text = 'Kép'
41.2631 	EXP 	text_trial_type: text = 'Kép'
41.2797 	EXP 	text_trial_type: text = 'Kép'
41.2964 	EXP 	text_trial_type: text = 'Kép'
41.3131 	EXP 	text_trial_type: text = 'Kép'
41.3297 	EXP 	text_trial_type: text = 'Kép'
41.3464 	EXP 	text_trial_type: text = 'Kép'
41.3631 	EXP 	text_trial_type: text = 'Kép'
41.3798 	EXP 	text_trial_type: text = 'Kép'
41.3964 	EXP 	text_trial_type: text = 'Kép'
41.4131 	EXP 	text_trial_type: text = 'Kép'
41.4298 	EXP 	text_trial_type: text = 'Kép'
41.4464 	EXP 	text_trial_type: text = 'Kép'
41.4631 	EXP 	text_trial_type: text = 'Kép'
41.4798 	EXP 	text_trial_type: text = 'Kép'
41.4964 	EXP 	text_trial_type: text = 'Kép'
41.5131 	EXP 	text_trial_type: text = 'Kép'
41.5298 	EXP 	text_trial_type: text = 'Kép'
41.5464 	EXP 	text_trial_type: text = 'Kép'
41.5631 	EXP 	text_trial_type: text = 'Kép'
41.5797 	EXP 	text_trial_type: text = 'Kép'
41.5964 	EXP 	text_trial_type: text = 'Kép'
41.6131 	EXP 	text_trial_type: text = 'Kép'
41.6298 	EXP 	text_trial_type: text = 'Kép'
41.6464 	EXP 	text_trial_type: text = 'Kép'
41.6631 	EXP 	text_trial_type: text = 'Kép'
41.6797 	EXP 	text_trial_type: text = 'Kép'
41.6964 	EXP 	text_trial_type: text = 'Kép'
41.7131 	EXP 	text_trial_type: text = 'Kép'
41.7298 	EXP 	text_trial_type: text = 'Kép'
41.7464 	EXP 	text_trial_type: text = 'Kép'
41.7631 	EXP 	text_trial_type: text = 'Kép'
41.7798 	EXP 	text_trial_type: text = 'Kép'
41.7964 	EXP 	text_trial_type: text = 'Kép'
41.8131 	EXP 	text_trial_type: text = 'Kép'
41.8298 	EXP 	text_trial_type: text = 'Kép'
41.8464 	EXP 	text_trial_type: text = 'Kép'
41.8631 	EXP 	text_trial_type: text = 'Kép'
41.8798 	EXP 	text_trial_type: text = 'Kép'
41.8964 	EXP 	text_trial_type: text = 'Kép'
41.9131 	EXP 	text_trial_type: text = 'Kép'
41.9298 	EXP 	text_trial_type: text = 'Kép'
41.9464 	EXP 	text_trial_type: text = 'Kép'
41.9631 	EXP 	text_trial_type: text = 'Kép'
41.9797 	EXP 	text_trial_type: text = 'Kép'
41.9964 	EXP 	text_trial_type: text = 'Kép'
42.0130 	EXP 	text_trial_type: text = 'Kép'
46.6460 	EXP 	start_task_text: text = ''
48.6794 	EXP 	start_task_text: text = ''
48.6794 	EXP 	start_task_text: text = ''
48.6794 	EXP 	main_image: pos = array([-300.,    0.])
48.6794 	EXP 	main_image: image = 'Stimuli/Fractals/Practice/166c.jpg'
48.6794 	EXP 	start_task_text: text = 'A helyes válasz: Hasonló'
55.3124 	EXP 	start_task_text: text = ''
55.3124 	EXP 	start_task_text: text = ''
55.3124 	EXP 	main_image: pos = array([  0., 300.])
55.3124 	EXP 	main_image: image = 'Stimuli/Fractals/Practice/167a.jpg'
55.3124 	EXP 	start_task_text: text = 'A helyes válasz: Régi'
63.3622 	EXP 	start_task_text: text = ''
63.3622 	EXP 	start_task_text: text = ''
63.3622 	EXP 	main_image: pos = array([212.1320344, 212.1320344])
63.3622 	EXP 	main_image: image = 'Stimuli/Fractals/Practice/159a.jpg'
63.3622 	EXP 	start_task_text: text = 'A helyes válasz: Hasonló'
63.3622 	EXP 	text_trial_type: text = 'Hely'
63.3788 	EXP 	text_trial_type: text = 'Hely'
63.3955 	EXP 	text_trial_type: text = 'Hely'
63.4122 	EXP 	text_trial_type: text = 'Hely'
63.4289 	EXP 	text_trial_type: text = 'Hely'
63.4455 	EXP 	text_trial_type: text = 'Hely'
63.4622 	EXP 	text_trial_type: text = 'Hely'
63.4789 	EXP 	text_trial_type: text = 'Hely'
63.4955 	EXP 	text_trial_type: text = 'Hely'
63.5122 	EXP 	text_trial_type: text = 'Hely'
63.5288 	EXP 	text_trial_type: text = 'Hely'
63.5455 	EXP 	text_trial_type: text = 'Hely'
63.5622 	EXP 	text_trial_type: text = 'Hely'
63.5789 	EXP 	text_trial_type: text = 'Hely'
63.5955 	EXP 	text_trial_type: text = 'Hely'
63.6122 	EXP 	text_trial_type: text = 'Hely'
63.6288 	EXP 	text_trial_type: text = 'Hely'
63.6455 	EXP 	text_trial_type: text = 'Hely'
63.6622 	EXP 	text_trial_type: text = 'Hely'
63.6788 	EXP 	text_trial_type: text = 'Hely'
63.6955 	EXP 	text_trial_type: text = 'Hely'
63.7122 	EXP 	text_trial_type: text = 'Hely'
63.7288 	EXP 	text_trial_type: text = 'Hely'
63.7455 	EXP 	text_trial_type: text = 'Hely'
63.7622 	EXP 	text_trial_type: text = 'Hely'
63.7788 	EXP 	text_trial_type: text = 'Hely'
63.7955 	EXP 	text_trial_type: text = 'Hely'
63.8122 	EXP 	text_trial_type: text = 'Hely'
63.8288 	EXP 	text_trial_type: text = 'Hely'
63.8455 	EXP 	text_trial_type: text = 'Hely'
63.8622 	EXP 	text_trial_type: text = 'Hely'
63.8788 	EXP 	text_trial_type: text = 'Hely'
63.8955 	EXP 	text_trial_type: text = 'Hely'
63.9122 	EXP 	text_trial_type: text = 'Hely'
63.9288 	EXP 	text_trial_type: text = 'Hely'
63.9455 	EXP 	text_trial_type: text = 'Hely'
63.9622 	EXP 	text_trial_type: text = 'Hely'
63.9788 	EXP 	text_trial_type: text = 'Hely'
63.9955 	EXP 	text_trial_type: text = 'Hely'
64.0122 	EXP 	text_trial_type: text = 'Hely'
64.0288 	EXP 	text_trial_type: text = 'Hely'
64.0455 	EXP 	text_trial_type: text = 'Hely'
64.0622 	EXP 	text_trial_type: text = 'Hely'
64.0788 	EXP 	text_trial_type: text = 'Hely'
64.0955 	EXP 	text_trial_type: text = 'Hely'
64.1122 	EXP 	text_trial_type: text = 'Hely'
64.1288 	EXP 	text_trial_type: text = 'Hely'
64.1455 	EXP 	text_trial_type: text = 'Hely'
64.1622 	EXP 	text_trial_type: text = 'Hely'
64.1788 	EXP 	text_trial_type: text = 'Hely'
64.1955 	EXP 	text_trial_type: text = 'Hely'
64.2121 	EXP 	text_trial_type: text = 'Hely'
64.2288 	EXP 	text_trial_type: text = 'Hely'
64.2455 	EXP 	text_trial_type: text = 'Hely'
64.2622 	EXP 	text_trial_type: text = 'Hely'
64.2788 	EXP 	text_trial_type: text = 'Hely'
64.2955 	EXP 	text_trial_type: text = 'Hely'
64.3122 	EXP 	text_trial_type: text = 'Hely'
64.3288 	EXP 	text_trial_type: text = 'Hely'
64.3455 	EXP 	text_trial_type: text = 'Hely'
64.3622 	EXP 	text_trial_type: text = 'Hely'
64.3788 	EXP 	text_trial_type: text = 'Hely'
64.3955 	EXP 	text_trial_type: text = 'Hely'
64.4122 	EXP 	text_trial_type: text = 'Hely'
64.4288 	EXP 	text_trial_type: text = 'Hely'
64.4455 	EXP 	text_trial_type: text = 'Hely'
64.4622 	EXP 	text_trial_type: text = 'Hely'
64.4788 	EXP 	text_trial_type: text = 'Hely'
64.4955 	EXP 	text_trial_type: text = 'Hely'
64.5122 	EXP 	text_trial_type: text = 'Hely'
64.5288 	EXP 	text_trial_type: text = 'Hely'
64.5455 	EXP 	text_trial_type: text = 'Hely'
64.5622 	EXP 	text_trial_type: text = 'Hely'
64.5788 	EXP 	text_trial_type: text = 'Hely'
64.5955 	EXP 	text_trial_type: text = 'Hely'
64.6122 	EXP 	text_trial_type: text = 'Hely'
64.6288 	EXP 	text_trial_type: text = 'Hely'
64.6455 	EXP 	text_trial_type: text = 'Hely'
64.6622 	EXP 	text_trial_type: text = 'Hely'
64.6788 	EXP 	text_trial_type: text = 'Hely'
64.6955 	EXP 	text_trial_type: text = 'Hely'
64.7122 	EXP 	text_trial_type: text = 'Hely'
64.7288 	EXP 	text_trial_type: text = 'Hely'
64.7455 	EXP 	text_trial_type: text = 'Hely'
64.7622 	EXP 	text_trial_type: text = 'Hely'
64.7788 	EXP 	text_trial_type: text = 'Hely'
64.7955 	EXP 	text_trial_type: text = 'Hely'
64.8122 	EXP 	text_trial_type: text = 'Hely'
64.8288 	EXP 	text_trial_type: text = 'Hely'
64.8455 	EXP 	text_trial_type: text = 'Hely'
64.8621 	EXP 	text_trial_type: text = 'Hely'
64.8788 	EXP 	text_trial_type: text = 'Hely'
64.8955 	EXP 	text_trial_type: text = 'Hely'
64.9121 	EXP 	text_trial_type: text = 'Hely'
64.9288 	EXP 	text_trial_type: text = 'Hely'
64.9455 	EXP 	text_trial_type: text = 'Hely'
64.9621 	EXP 	text_trial_type: text = 'Hely'
64.9788 	EXP 	text_trial_type: text = 'Hely'
64.9955 	EXP 	text_trial_type: text = 'Hely'
65.0121 	EXP 	text_trial_type: text = 'Hely'
65.0288 	EXP 	text_trial_type: text = 'Hely'
65.0455 	EXP 	text_trial_type: text = 'Hely'
65.0621 	EXP 	text_trial_type: text = 'Hely'
65.0788 	EXP 	text_trial_type: text = 'Hely'
65.0955 	EXP 	text_trial_type: text = 'Hely'
65.1121 	EXP 	text_trial_type: text = 'Hely'
65.1288 	EXP 	text_trial_type: text = 'Hely'
65.1455 	EXP 	text_trial_type: text = 'Hely'
65.1621 	EXP 	text_trial_type: text = 'Hely'
65.1788 	EXP 	text_trial_type: text = 'Hely'
65.1955 	EXP 	text_trial_type: text = 'Hely'
65.2122 	EXP 	text_trial_type: text = 'Hely'
65.2288 	EXP 	text_trial_type: text = 'Hely'
65.2455 	EXP 	text_trial_type: text = 'Hely'
65.2621 	EXP 	text_trial_type: text = 'Hely'
65.2788 	EXP 	text_trial_type: text = 'Hely'
65.2955 	EXP 	text_trial_type: text = 'Hely'
65.3121 	EXP 	text_trial_type: text = 'Hely'
65.3288 	EXP 	text_trial_type: text = 'Hely'
65.3455 	EXP 	text_trial_type: text = 'Hely'
65.3621 	EXP 	text_trial_type: text = 'Hely'
72.4286 	EXP 	start_task_text: text = ''
72.4286 	EXP 	start_task_text: text = ''
72.4286 	EXP 	main_image: pos = array([-212.1320344, -212.1320344])
72.4286 	EXP 	main_image: image = 'Stimuli/Fractals/Practice/148b.jpg'
72.4286 	EXP 	start_task_text: text = 'A helyes válasz: Új'
76.1478 	DATA 	Keypress: l
79.9785 	EXP 	start_task_text: text = ''
79.9785 	EXP 	start_task_text: text = ''
79.9785 	EXP 	main_image: pos = array([-300.,    0.])
79.9785 	EXP 	main_image: image = 'Stimuli/Fractals/Practice/166a.jpg'
79.9785 	EXP 	start_task_text: text = 'A helyes válasz: Régi'
81.1973 	DATA 	Keypress: p
85.5634 	DATA 	Keypress: right
87.7783 	EXP 	start_task_text: text = ''
87.7783 	EXP 	start_task_text: text = ''
102.4134 	DATA 	Keypress: right
102.4283 	EXP 	instr_text: text = 'Régi - F\nHasonló - J\nÚj - K\n\nA kísérletvezető indítja a feladatot.'
106.1809 	DATA 	Keypress: space
106.2949 	EXP 	start_task_text: text = 'Figyeljen, kezdődik a feladat...'
108.3115 	EXP 	text_trial_type: text = 'Kép'
108.3281 	EXP 	text_trial_type: text = 'Kép'
108.3448 	EXP 	text_trial_type: text = 'Kép'
108.3615 	EXP 	text_trial_type: text = 'Kép'
108.3781 	EXP 	text_trial_type: text = 'Kép'
108.3948 	EXP 	text_trial_type: text = 'Kép'
108.4115 	EXP 	text_trial_type: text = 'Kép'
108.4281 	EXP 	text_trial_type: text = 'Kép'
108.4448 	EXP 	text_trial_type: text = 'Kép'
108.4615 	EXP 	text_trial_type: text = 'Kép'
108.4781 	EXP 	text_trial_type: text = 'Kép'
108.4948 	EXP 	text_trial_type: text = 'Kép'
108.5115 	EXP 	text_trial_type: text = 'Kép'
108.5281 	EXP 	text_trial_type: text = 'Kép'
108.5448 	EXP 	text_trial_type: text = 'Kép'
108.5615 	EXP 	text_trial_type: text = 'Kép'
108.5781 	EXP 	text_trial_type: text = 'Kép'
108.5948 	EXP 	text_trial_type: text = 'Kép'
108.6115 	EXP 	text_trial_type: text = 'Kép'
108.6281 	EXP 	text_trial_type: text = 'Kép'
108.6448 	EXP 	text_trial_type: text = 'Kép'
108.6615 	EXP 	text_trial_type: text = 'Kép'
108.6781 	EXP 	text_trial_type: text = 'Kép'
108.6948 	EXP 	text_trial_type: text = 'Kép'
108.7115 	EXP 	text_trial_type: text = 'Kép'
108.7281 	EXP 	text_trial_type: text = 'Kép'
108.7448 	EXP 	text_trial_type: text = 'Kép'
108.7615 	EXP 	text_trial_type: text = 'Kép'
108.7781 	EXP 	text_trial_type: text = 'Kép'
108.7948 	EXP 	text_trial_type: text = 'Kép'
108.8115 	EXP 	text_trial_type: text = 'Kép'
108.8281 	EXP 	text_trial_type: text = 'Kép'
108.8448 	EXP 	text_trial_type: text = 'Kép'
108.8615 	EXP 	text_trial_type: text = 'Kép'
108.8781 	EXP 	text_trial_type: text = 'Kép'
108.8948 	EXP 	text_trial_type: text = 'Kép'
108.9115 	EXP 	text_trial_type: text = 'Kép'
108.9281 	EXP 	text_trial_type: text = 'Kép'
108.9448 	EXP 	text_trial_type: text = 'Kép'
108.9615 	EXP 	text_trial_type: text = 'Kép'
108.9781 	EXP 	text_trial_type: text = 'Kép'
108.9948 	EXP 	text_trial_type: text = 'Kép'
109.0115 	EXP 	text_trial_type: text = 'Kép'
109.0281 	EXP 	text_trial_type: text = 'Kép'
109.0448 	EXP 	text_trial_type: text = 'Kép'
109.0466 	DATA 	Keypress: escape
109.0614 	EXP 	text_trial_type: text = 'Kép'
109.0781 	EXP 	text_trial_type: text = 'Kép'
109.0948 	EXP 	text_trial_type: text = 'Kép'
109.1115 	EXP 	text_trial_type: text = 'Kép'
109.1281 	EXP 	text_trial_type: text = 'Kép'
109.1448 	EXP 	text_trial_type: text = 'Kép'
109.1615 	EXP 	text_trial_type: text = 'Kép'
109.1781 	EXP 	text_trial_type: text = 'Kép'
109.1948 	EXP 	text_trial_type: text = 'Kép'
109.2115 	EXP 	text_trial_type: text = 'Kép'
109.2281 	EXP 	text_trial_type: text = 'Kép'
109.2781 	EXP 	main_image: pos = array([-299.9187724 ,   -6.98068691])
109.2781 	EXP 	main_image: image = 'Stimuli/Fractals/125a.jpg'
109.2781 	EXP 	logo: opacity = 0.8
110.0055 	DATA 	Keypress: return
110.0537 	EXP 	window1: mouseVisible = True
