6.9668 	EXP 	Created window1 = Window(allowGUI=False, allowStencil=False, args=UNKNOWN, autoLog=True, bitsMode=UNKNOWN, blendMode='avg', color=array([1., 1., 1.]), colorSpace='rgb', fullscr=<method-wrapper '__getattribute__' of attributeSetter object at 0x0000017AD810BFD0>, gamma=None, gammaErrorPolicy='raise', kwargs=UNKNOWN, lms=UNKNOWN, monitor=<psychopy.monitors.calibTools.Monitor object at 0x0000017AD801A240>, multiSample=False, name='window1', numSamples=2, pos=[0.0, 0.0], screen=0, size=array([1920, 1080]), stereo=False, units='deg', useFBO=True, useRetina=False, viewOri=0.0, viewPos=None, viewScale=None, waitBlanking=True, winType='pyglet')
6.9668 	EXP 	window1: recordFrameIntervals = False
7.1331 	EXP 	window1: recordFrameIntervals = True
7.3165 	EXP 	window1: recordFrameIntervals = False
7.3720 	EXP 	Created welcome_msg = TextStim(__class__=<class 'psychopy.visual.text.TextStim'>, alignHoriz='center', alignVert='center', antialias=True, autoLog=True, bold=False, color='black', colorSpace='named', contrast=1.0, depth=0.0, flipHoriz=False, flipVert=False, font='Arial', fontFiles=[], height=1, italic=False, languageStyle='LTR', name='welcome_msg', opacity=1.0, ori=0, pos=array([ 0., 12.]), rgb=array([0., 0., 0.]), text='TérKépÉsz', units='deg', win=Window(...), wrapWidth=15.0)
7.3913 	EXP 	Created logo = ImageStim(__class__=<class 'psychopy.visual.image.ImageStim'>, autoLog=True, color=array([1., 1., 1.]), colorSpace='rgb', contrast=1.0, depth=-1.0, flipHoriz=False, flipVert=False, image='Stimuli/terkepesz.png', interpolate=True, mask=None, maskParams=None, name='logo', opacity=1.0, ori=0.0, pos=array([0., 0.]), size=array([0.321875  , 1.23148148]), texRes=128, units='norm', win=Window(...))
7.4045 	EXP 	Created lb_check = TextStim(__class__=<class 'psychopy.visual.text.TextStim'>, alignHoriz='center', alignVert='center', antialias=True, autoLog=True, bold=False, color='black', colorSpace='named', contrast=1.0, depth=0.0, flipHoriz=False, flipVert=False, font='Arial', fontFiles=[], height=0.9, italic=False, languageStyle='LTR', name='lb_check', opacity=1.0, ori=0, pos=array([-23.,   0.]), rgb=array([0., 0., 0.]), text=str(...), units='deg', win=Window(...), wrapWidth=15.0)
7.4083 	EXP 	Created left_upper = ImageStim(__class__=<class 'psychopy.visual.image.ImageStim'>, autoLog=True, color=array([1., 1., 1.]), colorSpace='rgb', contrast=1.0, depth=0.0, flipHoriz=False, flipVert=False, image='Stimuli/ScreenCorner1.png', interpolate=True, mask=None, maskParams=None, name='left_upper', opacity=1.0, ori=0.0, pos=array([-0.9,  0.7]), size=array([0.13541667, 0.51481481]), texRes=128, units='norm', win=Window(...))
7.4120 	EXP 	Created left_lower = ImageStim(__class__=<class 'psychopy.visual.image.ImageStim'>, autoLog=True, color=array([1., 1., 1.]), colorSpace='rgb', contrast=1.0, depth=-1.0, flipHoriz=False, flipVert=False, image='Stimuli/ScreenCorner2.png', interpolate=True, mask=None, maskParams=None, name='left_lower', opacity=1.0, ori=0.0, pos=array([-0.9, -0.7]), size=array([0.115625  , 0.51666667]), texRes=128, units='norm', win=Window(...))
7.4158 	EXP 	Created right_upper = ImageStim(__class__=<class 'psychopy.visual.image.ImageStim'>, autoLog=True, color=array([1., 1., 1.]), colorSpace='rgb', contrast=1.0, depth=-2.0, flipHoriz=False, flipVert=False, image='Stimuli/ScreenCorner3.png', interpolate=True, mask=None, maskParams=None, name='right_upper', opacity=1.0, ori=0.0, pos=array([0.9, 0.7]), size=array([0.11979167, 0.49814815]), texRes=128, units='norm', win=Window(...))
7.4198 	EXP 	Created right_lower = ImageStim(__class__=<class 'psychopy.visual.image.ImageStim'>, autoLog=True, color=array([1., 1., 1.]), colorSpace='rgb', contrast=1.0, depth=-3.0, flipHoriz=False, flipVert=False, image='Stimuli/ScreenCorner4.png', interpolate=True, mask=None, maskParams=None, name='right_lower', opacity=1.0, ori=0.0, pos=array([ 0.9, -0.7]), size=array([0.153125 , 0.5037037]), texRes=128, units='norm', win=Window(...))
7.4285 	EXP 	Created text_2 = TextStim(__class__=<class 'psychopy.visual.text.TextStim'>, alignHoriz='center', alignVert='center', antialias=True, autoLog=True, bold=False, color='black', colorSpace='named', contrast=1.0, depth=-4.0, flipHoriz=False, flipVert=False, font='Arial', fontFiles=[], height=0.9, italic=False, languageStyle='LTR', name='text_2', opacity=1.0, ori=0, pos=array([0., 0.]), rgb=array([0., 0., 0.]), text=str(...), units='deg', win=Window(...), wrapWidth=30)
7.4597 	EXP 	Created instr_text = TextStim(__class__=<class 'psychopy.visual.text.TextStim'>, alignHoriz='center', alignVert='center', antialias=True, autoLog=True, bold=False, color='black', colorSpace='named', contrast=1.0, depth=0.0, flipHoriz=False, flipVert=False, font='Arial', fontFiles=[], height=0.8, italic=False, languageStyle='LTR', name='instr_text', opacity=1.0, ori=0, pos=array([0., 0.]), rgb=array([0., 0., 0.]), text=str(...), units='deg', win=Window(...), wrapWidth=40)
7.4600 	EXP 	Created start_task_text = TextStim(__class__=<class 'psychopy.visual.text.TextStim'>, alignHoriz='center', alignVert='center', antialias=True, autoLog=True, bold=False, color='black', colorSpace='named', contrast=1.0, depth=0.0, flipHoriz=False, flipVert=False, font='Arial', fontFiles=[], height=0.9, italic=False, languageStyle='LTR', name='start_task_text', opacity=1.0, ori=0, pos=array([0. , 1.5]), rgb=array([0., 0., 0.]), text='', units='deg', win=Window(...), wrapWidth=15.0)
7.4603 	EXP 	Created start_task_text = TextStim(__class__=<class 'psychopy.visual.text.TextStim'>, alignHoriz='center', alignVert='center', antialias=True, autoLog=True, bold=False, color='black', colorSpace='named', contrast=1.0, depth=0.0, flipHoriz=False, flipVert=False, font='Arial', fontFiles=[], height=0.9, italic=False, languageStyle='LTR', name='start_task_text', opacity=1.0, ori=0, pos=array([ 0. , -1.5]), rgb=array([0., 0., 0.]), text='', units='deg', win=Window(...), wrapWidth=15.0)
7.4606 	EXP 	Created start_task_text = TextStim(__class__=<class 'psychopy.visual.text.TextStim'>, alignHoriz='center', alignVert='center', antialias=True, autoLog=True, bold=False, color='black', colorSpace='named', contrast=1.0, depth=0.0, flipHoriz=False, flipVert=False, font='Arial', fontFiles=[], height=0.9, italic=False, languageStyle='LTR', name='start_task_text', opacity=1.0, ori=0, pos=array([-2.,  0.]), rgb=array([0., 0., 0.]), text='', units='deg', win=Window(...), wrapWidth=15.0)
7.4609 	EXP 	Created start_task_text = TextStim(__class__=<class 'psychopy.visual.text.TextStim'>, alignHoriz='center', alignVert='center', antialias=True, autoLog=True, bold=False, color='black', colorSpace='named', contrast=1.0, depth=0.0, flipHoriz=False, flipVert=False, font='Arial', fontFiles=[], height=0.9, italic=False, languageStyle='LTR', name='start_task_text', opacity=1.0, ori=0, pos=array([2., 0.]), rgb=array([0., 0., 0.]), text='', units='deg', win=Window(...), wrapWidth=15.0)
7.4990 	EXP 	Created main_image = ImageStim(__class__=<class 'psychopy.visual.image.ImageStim'>, autoLog=True, color=array([1., 1., 1.]), colorSpace='rgb', contrast=1.0, depth=-1.0, flipHoriz=False, flipVert=False, image='Stimuli/Fractals/125a.jpg', interpolate=True, mask=None, maskParams=None, name='main_image', opacity=1.0, ori=0.0, pos=array([0., 0.]), size=array([300., 300.]), texRes=128, units='pix', win=Window(...))
7.5143 	EXP 	Created map_inside_fx = ImageStim(__class__=<class 'psychopy.visual.image.ImageStim'>, autoLog=True, color=array([1., 1., 1.]), colorSpace='rgb', contrast=1.0, depth=0.0, flipHoriz=False, flipVert=False, image='Stimuli/GalleryPlanInside.jpg', interpolate=True, mask=None, maskParams=None, name='map_inside_fx', opacity=0.5, ori=0.0, pos=array([  0., -25.]), size=array([1040., 1000.]), texRes=128, units='pix', win=Window(...))
7.5153 	EXP 	Created fixation_cross = ShapeStim(__class__=<class 'psychopy.visual.shape.ShapeStim'>, autoDraw=False, autoLog=True, closeShape=True, contrast=1.0, depth=-1.0, fillColor=array([-1., -1., -1.]), fillColorSpace='rgb', interpolate=True, lineColor=array([-1., -1., -1.]), lineColorSpace='rgb', lineWidth=1, name='fixation_cross', opacity=1.0, ori=array(0.), pos=array([0., 0.]), size=array([20., 20.]), units='pix', vertices=ndarray(...), win=Window(...), windingRule=None)
7.6875 	EXP 	Created main_image = ImageStim(__class__=<class 'psychopy.visual.image.ImageStim'>, autoLog=True, color=array([1., 1., 1.]), colorSpace='rgb', contrast=1.0, depth=-1.0, flipHoriz=False, flipVert=False, image='Stimuli/Fractals/125a.jpg', interpolate=True, mask=None, maskParams=None, name='main_image', opacity=1.0, ori=0.0, pos=array([0., 0.]), size=array([300., 300.]), texRes=128, units='pix', win=Window(...))
7.6947 	EXP 	Created text_pause = TextStim(__class__=<class 'psychopy.visual.text.TextStim'>, alignHoriz='center', alignVert='center', antialias=True, autoLog=True, bold=False, color='black', colorSpace='named', contrast=1.0, depth=-2.0, flipHoriz=False, flipVert=False, font='Arial', fontFiles=[], height=0.9, italic=False, languageStyle='LTR', name='text_pause', opacity=1.0, ori=0, pos=array([0., 0.]), rgb=array([0., 0., 0.]), text=str(...), units='deg', win=Window(...), wrapWidth=15.0)
7.6990 	EXP 	Created start_task_text = TextStim(__class__=<class 'psychopy.visual.text.TextStim'>, alignHoriz='center', alignVert='center', antialias=True, autoLog=True, bold=False, color='black', colorSpace='named', contrast=1.0, depth=0.0, flipHoriz=False, flipVert=False, font='Arial', fontFiles=[], height=0.9, italic=False, languageStyle='LTR', name='start_task_text', opacity=1.0, ori=0, pos=array([0., 0.]), rgb=array([0., 0., 0.]), text='Figyeljen, kezdődik a gyakorlás...', units='deg', win=Window(...), wrapWidth=15.0)
7.7166 	EXP 	Created start_task_text = TextStim(__class__=<class 'psychopy.visual.text.TextStim'>, alignHoriz='center', alignVert='center', antialias=True, autoLog=True, bold=False, color='black', colorSpace='named', contrast=1.0, depth=0.0, flipHoriz=False, flipVert=False, font='Arial', fontFiles=[], height=0.9, italic=False, languageStyle='LTR', name='start_task_text', opacity=1.0, ori=0, pos=array([0., 0.]), rgb=array([0., 0., 0.]), text=str(...), units='deg', win=Window(...), wrapWidth=15.0)
7.7185 	EXP 	Created text_trial_type = TextStim(__class__=<class 'psychopy.visual.text.TextStim'>, alignHoriz='center', alignVert='center', antialias=True, autoLog=True, bold=False, color='black', colorSpace='named', contrast=1.0, depth=-2.0, flipHoriz=False, flipVert=False, font='Arial', fontFiles=[], height=0.9, italic=False, languageStyle='LTR', name='text_trial_type', opacity=1.0, ori=0, pos=array([ 0., 15.]), rgb=array([0., 0., 0.]), text='Kép', units='deg', win=Window(...), wrapWidth=15.0)
7.7201 	EXP 	Created text_trial_type = TextStim(__class__=<class 'psychopy.visual.text.TextStim'>, alignHoriz='center', alignVert='center', antialias=True, autoLog=True, bold=False, color='black', colorSpace='named', contrast=1.0, depth=-2.0, flipHoriz=False, flipVert=False, font='Arial', fontFiles=[], height=0.9, italic=False, languageStyle='LTR', name='text_trial_type', opacity=1.0, ori=0, pos=array([0., 0.]), rgb=array([0., 0., 0.]), text='Kép', units='deg', win=Window(...), wrapWidth=15.0)
7.7218 	EXP 	Created text_trial_type = TextStim(__class__=<class 'psychopy.visual.text.TextStim'>, alignHoriz='center', alignVert='center', antialias=True, autoLog=True, bold=False, color='black', colorSpace='named', contrast=1.0, depth=-2.0, flipHoriz=False, flipVert=False, font='Arial', fontFiles=[], height=0.9, italic=False, languageStyle='LTR', name='text_trial_type', opacity=1.0, ori=0, pos=array([0., 0.]), rgb=array([0., 0., 0.]), text='Hely', units='deg', win=Window(...), wrapWidth=15.0)
7.7255 	EXP 	Created text_trial_type = TextStim(__class__=<class 'psychopy.visual.text.TextStim'>, alignHoriz='center', alignVert='center', antialias=True, autoLog=True, bold=False, color='black', colorSpace='named', contrast=1.0, depth=-2.0, flipHoriz=False, flipVert=False, font='Arial', fontFiles=[], height=0.9, italic=False, languageStyle='LTR', name='text_trial_type', opacity=1.0, ori=0, pos=array([  0., -10.]), rgb=array([0., 0., 0.]), text='Régi - F\t\t\t Hasonló - J\t\t\t Új - K', units='deg', win=Window(...), wrapWidth=30)
7.7367 	EXP 	Created text_pause = TextStim(__class__=<class 'psychopy.visual.text.TextStim'>, alignHoriz='center', alignVert='center', antialias=True, autoLog=True, bold=False, color='black', colorSpace='named', contrast=1.0, depth=-2.0, flipHoriz=False, flipVert=False, font='Arial', fontFiles=[], height=1.5, italic=False, languageStyle='LTR', name='text_pause', opacity=1.0, ori=0, pos=array([0., 0.]), rgb=array([0., 0., 0.]), text='Vége a feladatnak. Köszönjük!', units='deg', win=Window(...), wrapWidth=20)
10.7260 	DATA 	Keypress: f
10.7498 	EXP 	lb_check: text = "Válaszgomb teszt:\n\nNyomja le a 'J' billentyűt!"
10.7498 	EXP 	lb_check: pos = (23, 0)
10.9899 	DATA 	Keypress: j
11.7420 	DATA 	Keypress: right
11.7498 	EXP 	instr_text: text = 'A következő feladatban ismét absztrakt képeket fog látni, és ezekről kell eldöntenie, látta-e őket az első, műalkotás válogató feladataban, és hogy ugyanott látta-e őket.    \n A feladatot két alfeladatra bontottuk. Az egyikben a képekről, a másikban a képek pozíciójáról kell döntenie.    \n\nA folytatáshoz nyomja le a jobb nyilat.'
12.0333 	DATA 	Keypress: right
12.0998 	EXP 	instr_text: text = "A 'Kép' nevű alfeladatban azt kell eldöntenie, látta-e már ezeket a képeket az első, műalkotás válogató feladataban.                    \nHárom csoportba oszthatóak a megjelenő képek:                    \n - Régi: Ezek a képek pontosan megegyeznek majd az első feladatban látott képek egyikével.                    \n - Hasonló: Ezek a képek nagyon hasonlítanak az első feladatban látott képek egyikéhez.                    \n - Új: Teljesen új képek, amelyek nem jelentek meg az első feladatban.                    \nAz Ön feladata, hogy eldöntse, melyik kép ugyanaz, mint az első feladatban, melyik hasonló, és melyik új. \nMinden képet nézzen meg figyelmesen, és minden képre adjon választ, akkor is, ha a döntés nehéz.                    \n\nA döntését így jelölje:\n\tRégi - F\t Hasonló - J\t Új - K                    \n\n A folytatáshoz nyomja le a jobb nyilat"
12.2499 	DATA 	Keypress: right
12.3165 	EXP 	instr_text: text = "A 'Hely' nevű alfeladatban azt kell eldöntenie, a képek ugyanott jelennek-e meg, mint az első, műalkotás válogató feladataban.                    \nEbben az alfeladatban minden kép pontos mása annak, amit az első feladatban látott. A helyek azonban három csoportba oszthatóak:                    \n - Régi: Pontosan ugyanitt jelent meg ez a kép az első feladatban.                    \n - Hasonló: Egy hasonló helyen jelent meg ez a kép az első feladatban.                    \n - Új: Egy teljesen másik helyen jelent meg ez a kép az első feladatban.                    \nAz Ön feladata, hogy eldöntse, melyik kép jelent meg ugyanott, hasonló, és teljesen új helyen.\nMinden képet nézzen meg figyelmesen, és minden képre adjon választ, akkor is, ha a döntés nehéz.                    \n\nA döntését így jelölje:\n\tRégi - F\t Hasonló - J\t Új - K                    \n\nA folytatáshoz nyomja le a jobb nyilat."
12.4499 	DATA 	Keypress: right
12.4665 	EXP 	instr_text: text = "A következőkben bemutatjuk Önnek, milyenek a 'hasonló'/'új' képek és helyek. \nA jobb nyillal tud továbblépni."
12.9499 	DATA 	Keypress: right
12.9998 	EXP 	main_image: pos = array([300.,   0.])
12.9998 	EXP 	main_image: image = 'Stimuli/Fractals/Practice/164a.jpg'
12.9998 	EXP 	main_image: pos = array([-300.,    0.])
12.9998 	EXP 	main_image: image = 'Stimuli/Fractals/Practice/164b.jpg'
12.9998 	EXP 	start_task_text: text = 'Hasonló'
12.9998 	EXP 	start_task_text: text = 'Képek'
13.8009 	DATA 	Keypress: right
14.9980 	DATA 	Keypress: right
16.0664 	EXP 	main_image: pos = array([300.,   0.])
16.0664 	EXP 	main_image: image = 'Stimuli/Fractals/Practice/149a.jpg'
16.0664 	EXP 	main_image: pos = array([-300.,    0.])
16.0664 	EXP 	main_image: image = 'Stimuli/Fractals/Practice/149b.jpg'
16.0664 	EXP 	start_task_text: text = 'Hasonló'
16.0664 	EXP 	start_task_text: text = 'Képek'
16.8671 	DATA 	Keypress: right
17.1163 	EXP 	main_image: pos = array([300.,   0.])
17.1163 	EXP 	main_image: image = 'Stimuli/Fractals/Practice/160b.jpg'
17.1163 	EXP 	main_image: pos = array([-300.,    0.])
17.1163 	EXP 	main_image: image = 'Stimuli/Fractals/Practice/160c.jpg'
17.1163 	EXP 	start_task_text: text = 'Hasonló'
17.1163 	EXP 	start_task_text: text = 'Képek'
17.9175 	DATA 	Keypress: right
18.1663 	EXP 	main_image: pos = array([300.,   0.])
18.1663 	EXP 	main_image: image = 'Stimuli/Fractals/Practice/167a.jpg'
18.1663 	EXP 	main_image: pos = array([-300.,    0.])
18.1663 	EXP 	main_image: image = 'Stimuli/Fractals/Practice/167b.jpg'
18.1663 	EXP 	start_task_text: text = 'Hasonló'
18.1663 	EXP 	start_task_text: text = 'Képek'
18.9669 	DATA 	Keypress: right
19.2163 	EXP 	main_image: pos = array([300.,   0.])
19.2163 	EXP 	main_image: image = 'Stimuli/Fractals/Practice/163a.jpg'
19.2163 	EXP 	main_image: pos = array([-300.,    0.])
19.2163 	EXP 	main_image: image = 'Stimuli/Fractals/Practice/173c.jpg'
19.2163 	EXP 	start_task_text: text = 'Új'
19.2163 	EXP 	start_task_text: text = 'Képek'
20.0163 	DATA 	Keypress: right
20.2663 	EXP 	main_image: pos = array([-300.,    0.])
20.2663 	EXP 	main_image: image = 'Stimuli/Fractals/Practice/166a.jpg'
20.2663 	EXP 	main_image: pos = array([-212.1320344, -212.1320344])
20.2663 	EXP 	main_image: image = 'Stimuli/Fractals/Practice/166a.jpg'
20.2663 	EXP 	start_task_text: text = 'Hasonló'
20.2663 	EXP 	start_task_text: text = 'Helyek'
21.0673 	DATA 	Keypress: right
21.3162 	EXP 	main_image: pos = array([  0., 300.])
21.3162 	EXP 	main_image: image = 'Stimuli/Fractals/Practice/159a.jpg'
21.3162 	EXP 	main_image: pos = array([-212.1320344,  212.1320344])
21.3162 	EXP 	main_image: image = 'Stimuli/Fractals/Practice/159a.jpg'
21.3162 	EXP 	start_task_text: text = 'Hasonló'
21.3162 	EXP 	start_task_text: text = 'Helyek'
22.1175 	DATA 	Keypress: right
22.3663 	EXP 	main_image: pos = array([212.1320344, 212.1320344])
22.3663 	EXP 	main_image: image = 'Stimuli/Fractals/Practice/148b.jpg'
22.3663 	EXP 	main_image: pos = array([  0., 300.])
22.3663 	EXP 	main_image: image = 'Stimuli/Fractals/Practice/148b.jpg'
22.3663 	EXP 	start_task_text: text = 'Hasonló'
22.3663 	EXP 	start_task_text: text = 'Helyek'
23.1669 	DATA 	Keypress: right
23.4162 	EXP 	main_image: pos = array([300.,   0.])
23.4162 	EXP 	main_image: image = 'Stimuli/Fractals/Practice/177b.jpg'
23.4162 	EXP 	main_image: pos = array([-212.1320344,  212.1320344])
23.4162 	EXP 	main_image: image = 'Stimuli/Fractals/Practice/177b.jpg'
23.4162 	EXP 	start_task_text: text = 'Új'
23.4162 	EXP 	start_task_text: text = 'Helyek'
24.2163 	DATA 	Keypress: right
24.4662 	EXP 	main_image: pos = array([300.,   0.])
24.4662 	EXP 	main_image: image = 'Stimuli/Fractals/Practice/177b.jpg'
24.4662 	EXP 	main_image: pos = array([-300.,    0.])
24.4662 	EXP 	main_image: image = 'Stimuli/Fractals/Practice/177b.jpg'
24.4662 	EXP 	start_task_text: text = 'Új'
24.4662 	EXP 	start_task_text: text = 'Helyek'
25.2675 	DATA 	Keypress: right
25.4828 	EXP 	instr_text: text = 'Most a gyakorlás következik. Ha készen áll, nyomjon le egy billentyűt.'
26.4859 	DATA 	Keypress: right
28.5494 	EXP 	main_image: pos = array([212.1320344, 212.1320344])
28.5494 	EXP 	main_image: image = 'Stimuli/Fractals/Practice/156b.jpg'
28.5494 	EXP 	start_task_text: text = 'A helyes válasz: Új'
28.5494 	EXP 	text_trial_type: text = 'Kép'
28.5661 	EXP 	text_trial_type: text = 'Kép'
28.5827 	EXP 	text_trial_type: text = 'Kép'
28.5994 	EXP 	text_trial_type: text = 'Kép'
28.6161 	EXP 	text_trial_type: text = 'Kép'
28.6327 	EXP 	text_trial_type: text = 'Kép'
28.6494 	EXP 	text_trial_type: text = 'Kép'
28.6661 	EXP 	text_trial_type: text = 'Kép'
28.6827 	EXP 	text_trial_type: text = 'Kép'
28.6994 	EXP 	text_trial_type: text = 'Kép'
28.7161 	EXP 	text_trial_type: text = 'Kép'
28.7327 	EXP 	text_trial_type: text = 'Kép'
28.7494 	EXP 	text_trial_type: text = 'Kép'
28.7661 	EXP 	text_trial_type: text = 'Kép'
28.7827 	EXP 	text_trial_type: text = 'Kép'
28.7994 	EXP 	text_trial_type: text = 'Kép'
28.8161 	EXP 	text_trial_type: text = 'Kép'
28.8327 	EXP 	text_trial_type: text = 'Kép'
28.8494 	EXP 	text_trial_type: text = 'Kép'
28.8661 	EXP 	text_trial_type: text = 'Kép'
28.8827 	EXP 	text_trial_type: text = 'Kép'
28.8994 	EXP 	text_trial_type: text = 'Kép'
28.9161 	EXP 	text_trial_type: text = 'Kép'
28.9327 	EXP 	text_trial_type: text = 'Kép'
28.9494 	EXP 	text_trial_type: text = 'Kép'
28.9661 	EXP 	text_trial_type: text = 'Kép'
28.9827 	EXP 	text_trial_type: text = 'Kép'
28.9994 	EXP 	text_trial_type: text = 'Kép'
29.0160 	EXP 	text_trial_type: text = 'Kép'
29.0327 	EXP 	text_trial_type: text = 'Kép'
29.0494 	EXP 	text_trial_type: text = 'Kép'
29.0660 	EXP 	text_trial_type: text = 'Kép'
29.0827 	EXP 	text_trial_type: text = 'Kép'
29.0994 	EXP 	text_trial_type: text = 'Kép'
29.1161 	EXP 	text_trial_type: text = 'Kép'
29.1327 	EXP 	text_trial_type: text = 'Kép'
29.1494 	EXP 	text_trial_type: text = 'Kép'
29.1661 	EXP 	text_trial_type: text = 'Kép'
29.1827 	EXP 	text_trial_type: text = 'Kép'
29.1994 	EXP 	text_trial_type: text = 'Kép'
29.2161 	EXP 	text_trial_type: text = 'Kép'
29.2327 	EXP 	text_trial_type: text = 'Kép'
29.2494 	EXP 	text_trial_type: text = 'Kép'
29.2661 	EXP 	text_trial_type: text = 'Kép'
29.2827 	EXP 	text_trial_type: text = 'Kép'
29.2994 	EXP 	text_trial_type: text = 'Kép'
29.3161 	EXP 	text_trial_type: text = 'Kép'
29.3327 	EXP 	text_trial_type: text = 'Kép'
29.3494 	EXP 	text_trial_type: text = 'Kép'
29.3661 	EXP 	text_trial_type: text = 'Kép'
29.3827 	EXP 	text_trial_type: text = 'Kép'
29.3994 	EXP 	text_trial_type: text = 'Kép'
29.4160 	EXP 	text_trial_type: text = 'Kép'
29.4327 	EXP 	text_trial_type: text = 'Kép'
29.4494 	EXP 	text_trial_type: text = 'Kép'
29.4661 	EXP 	text_trial_type: text = 'Kép'
29.4827 	EXP 	text_trial_type: text = 'Kép'
29.4994 	EXP 	text_trial_type: text = 'Kép'
29.5161 	EXP 	text_trial_type: text = 'Kép'
29.5327 	EXP 	text_trial_type: text = 'Kép'
29.5494 	EXP 	text_trial_type: text = 'Kép'
29.5661 	EXP 	text_trial_type: text = 'Kép'
29.5827 	EXP 	text_trial_type: text = 'Kép'
29.5994 	EXP 	text_trial_type: text = 'Kép'
29.6161 	EXP 	text_trial_type: text = 'Kép'
29.6327 	EXP 	text_trial_type: text = 'Kép'
29.6494 	EXP 	text_trial_type: text = 'Kép'
29.6661 	EXP 	text_trial_type: text = 'Kép'
29.6827 	EXP 	text_trial_type: text = 'Kép'
29.6994 	EXP 	text_trial_type: text = 'Kép'
29.7161 	EXP 	text_trial_type: text = 'Kép'
29.7327 	EXP 	text_trial_type: text = 'Kép'
29.7494 	EXP 	text_trial_type: text = 'Kép'
29.7660 	EXP 	text_trial_type: text = 'Kép'
29.7827 	EXP 	text_trial_type: text = 'Kép'
29.7994 	EXP 	text_trial_type: text = 'Kép'
29.8160 	EXP 	text_trial_type: text = 'Kép'
29.8327 	EXP 	text_trial_type: text = 'Kép'
29.8494 	EXP 	text_trial_type: text = 'Kép'
29.8661 	EXP 	text_trial_type: text = 'Kép'
29.8827 	EXP 	text_trial_type: text = 'Kép'
29.8994 	EXP 	text_trial_type: text = 'Kép'
29.9160 	EXP 	text_trial_type: text = 'Kép'
29.9327 	EXP 	text_trial_type: text = 'Kép'
29.9494 	EXP 	text_trial_type: text = 'Kép'
29.9660 	EXP 	text_trial_type: text = 'Kép'
29.9827 	EXP 	text_trial_type: text = 'Kép'
29.9994 	EXP 	text_trial_type: text = 'Kép'
30.0160 	EXP 	text_trial_type: text = 'Kép'
30.0327 	EXP 	text_trial_type: text = 'Kép'
30.0494 	EXP 	text_trial_type: text = 'Kép'
30.0660 	EXP 	text_trial_type: text = 'Kép'
30.0827 	EXP 	text_trial_type: text = 'Kép'
30.0993 	EXP 	text_trial_type: text = 'Kép'
30.1160 	EXP 	text_trial_type: text = 'Kép'
30.1327 	EXP 	text_trial_type: text = 'Kép'
30.1493 	EXP 	text_trial_type: text = 'Kép'
30.1661 	EXP 	text_trial_type: text = 'Kép'
30.1827 	EXP 	text_trial_type: text = 'Kép'
30.1993 	EXP 	text_trial_type: text = 'Kép'
30.2160 	EXP 	text_trial_type: text = 'Kép'
30.2327 	EXP 	text_trial_type: text = 'Kép'
30.2493 	EXP 	text_trial_type: text = 'Kép'
30.2660 	EXP 	text_trial_type: text = 'Kép'
30.2827 	EXP 	text_trial_type: text = 'Kép'
30.2993 	EXP 	text_trial_type: text = 'Kép'
30.3160 	EXP 	text_trial_type: text = 'Kép'
30.3327 	EXP 	text_trial_type: text = 'Kép'
30.3493 	EXP 	text_trial_type: text = 'Kép'
30.3660 	EXP 	text_trial_type: text = 'Kép'
30.3827 	EXP 	text_trial_type: text = 'Kép'
30.3993 	EXP 	text_trial_type: text = 'Kép'
30.4160 	EXP 	text_trial_type: text = 'Kép'
30.4327 	EXP 	text_trial_type: text = 'Kép'
30.4494 	EXP 	text_trial_type: text = 'Kép'
30.4660 	EXP 	text_trial_type: text = 'Kép'
30.4827 	EXP 	text_trial_type: text = 'Kép'
30.4993 	EXP 	text_trial_type: text = 'Kép'
30.5160 	EXP 	text_trial_type: text = 'Kép'
30.5327 	EXP 	text_trial_type: text = 'Kép'
32.4842 	DATA 	Keypress: k
32.6489 	EXP 	start_task_text: text = 'Az Ön válasza: Új'
37.2157 	EXP 	start_task_text: text = ''
37.2157 	EXP 	start_task_text: text = ''
37.2157 	EXP 	main_image: pos = array([-300.,    0.])
37.2157 	EXP 	main_image: image = 'Stimuli/Fractals/Practice/166c.jpg'
37.2157 	EXP 	start_task_text: text = 'A helyes válasz: Hasonló'
39.3838 	DATA 	Keypress: j
39.5654 	EXP 	start_task_text: text = 'Az Ön válasza: Hasonló'
43.8487 	EXP 	start_task_text: text = ''
43.8487 	EXP 	start_task_text: text = ''
43.8487 	EXP 	main_image: pos = array([  0., 300.])
43.8487 	EXP 	main_image: image = 'Stimuli/Fractals/Practice/167a.jpg'
43.8487 	EXP 	start_task_text: text = 'A helyes válasz: Régi'
47.6836 	DATA 	Keypress: f
47.8486 	EXP 	start_task_text: text = 'Az Ön válasza: Régi'
51.8985 	EXP 	start_task_text: text = ''
51.8985 	EXP 	start_task_text: text = ''
51.8985 	EXP 	main_image: pos = array([212.1320344, 212.1320344])
51.8985 	EXP 	main_image: image = 'Stimuli/Fractals/Practice/159a.jpg'
51.8985 	EXP 	start_task_text: text = 'A helyes válasz: Hasonló'
51.8985 	EXP 	text_trial_type: text = 'Hely'
51.9152 	EXP 	text_trial_type: text = 'Hely'
51.9318 	EXP 	text_trial_type: text = 'Hely'
51.9485 	EXP 	text_trial_type: text = 'Hely'
51.9651 	EXP 	text_trial_type: text = 'Hely'
51.9818 	EXP 	text_trial_type: text = 'Hely'
51.9985 	EXP 	text_trial_type: text = 'Hely'
52.0151 	EXP 	text_trial_type: text = 'Hely'
52.0318 	EXP 	text_trial_type: text = 'Hely'
52.0485 	EXP 	text_trial_type: text = 'Hely'
52.0651 	EXP 	text_trial_type: text = 'Hely'
52.0818 	EXP 	text_trial_type: text = 'Hely'
52.0985 	EXP 	text_trial_type: text = 'Hely'
52.1152 	EXP 	text_trial_type: text = 'Hely'
52.1318 	EXP 	text_trial_type: text = 'Hely'
52.1485 	EXP 	text_trial_type: text = 'Hely'
52.1652 	EXP 	text_trial_type: text = 'Hely'
52.1818 	EXP 	text_trial_type: text = 'Hely'
52.1985 	EXP 	text_trial_type: text = 'Hely'
52.2152 	EXP 	text_trial_type: text = 'Hely'
52.2318 	EXP 	text_trial_type: text = 'Hely'
52.2485 	EXP 	text_trial_type: text = 'Hely'
52.2652 	EXP 	text_trial_type: text = 'Hely'
52.2818 	EXP 	text_trial_type: text = 'Hely'
52.2985 	EXP 	text_trial_type: text = 'Hely'
52.3151 	EXP 	text_trial_type: text = 'Hely'
52.3318 	EXP 	text_trial_type: text = 'Hely'
52.3485 	EXP 	text_trial_type: text = 'Hely'
52.3651 	EXP 	text_trial_type: text = 'Hely'
52.3818 	EXP 	text_trial_type: text = 'Hely'
52.3985 	EXP 	text_trial_type: text = 'Hely'
52.4151 	EXP 	text_trial_type: text = 'Hely'
52.4318 	EXP 	text_trial_type: text = 'Hely'
52.4485 	EXP 	text_trial_type: text = 'Hely'
52.4652 	EXP 	text_trial_type: text = 'Hely'
52.4818 	EXP 	text_trial_type: text = 'Hely'
52.4984 	EXP 	text_trial_type: text = 'Hely'
52.5151 	EXP 	text_trial_type: text = 'Hely'
52.5318 	EXP 	text_trial_type: text = 'Hely'
52.5484 	EXP 	text_trial_type: text = 'Hely'
52.5651 	EXP 	text_trial_type: text = 'Hely'
52.5818 	EXP 	text_trial_type: text = 'Hely'
52.5985 	EXP 	text_trial_type: text = 'Hely'
52.6151 	EXP 	text_trial_type: text = 'Hely'
52.6318 	EXP 	text_trial_type: text = 'Hely'
52.6484 	EXP 	text_trial_type: text = 'Hely'
52.6651 	EXP 	text_trial_type: text = 'Hely'
52.6818 	EXP 	text_trial_type: text = 'Hely'
52.6985 	EXP 	text_trial_type: text = 'Hely'
52.7151 	EXP 	text_trial_type: text = 'Hely'
52.7318 	EXP 	text_trial_type: text = 'Hely'
52.7485 	EXP 	text_trial_type: text = 'Hely'
52.7651 	EXP 	text_trial_type: text = 'Hely'
52.7818 	EXP 	text_trial_type: text = 'Hely'
52.7984 	EXP 	text_trial_type: text = 'Hely'
52.8151 	EXP 	text_trial_type: text = 'Hely'
52.8318 	EXP 	text_trial_type: text = 'Hely'
52.8485 	EXP 	text_trial_type: text = 'Hely'
52.8651 	EXP 	text_trial_type: text = 'Hely'
52.8818 	EXP 	text_trial_type: text = 'Hely'
52.8984 	EXP 	text_trial_type: text = 'Hely'
52.9151 	EXP 	text_trial_type: text = 'Hely'
52.9318 	EXP 	text_trial_type: text = 'Hely'
52.9484 	EXP 	text_trial_type: text = 'Hely'
52.9651 	EXP 	text_trial_type: text = 'Hely'
52.9818 	EXP 	text_trial_type: text = 'Hely'
52.9984 	EXP 	text_trial_type: text = 'Hely'
53.0151 	EXP 	text_trial_type: text = 'Hely'
53.0318 	EXP 	text_trial_type: text = 'Hely'
53.0484 	EXP 	text_trial_type: text = 'Hely'
53.0651 	EXP 	text_trial_type: text = 'Hely'
53.0818 	EXP 	text_trial_type: text = 'Hely'
53.0984 	EXP 	text_trial_type: text = 'Hely'
53.1151 	EXP 	text_trial_type: text = 'Hely'
53.1318 	EXP 	text_trial_type: text = 'Hely'
53.1484 	EXP 	text_trial_type: text = 'Hely'
53.1651 	EXP 	text_trial_type: text = 'Hely'
53.1818 	EXP 	text_trial_type: text = 'Hely'
53.1984 	EXP 	text_trial_type: text = 'Hely'
53.2151 	EXP 	text_trial_type: text = 'Hely'
53.2318 	EXP 	text_trial_type: text = 'Hely'
53.2484 	EXP 	text_trial_type: text = 'Hely'
53.2651 	EXP 	text_trial_type: text = 'Hely'
53.2818 	EXP 	text_trial_type: text = 'Hely'
53.2984 	EXP 	text_trial_type: text = 'Hely'
53.3151 	EXP 	text_trial_type: text = 'Hely'
53.3318 	EXP 	text_trial_type: text = 'Hely'
53.3484 	EXP 	text_trial_type: text = 'Hely'
53.3651 	EXP 	text_trial_type: text = 'Hely'
53.3818 	EXP 	text_trial_type: text = 'Hely'
53.3984 	EXP 	text_trial_type: text = 'Hely'
53.4151 	EXP 	text_trial_type: text = 'Hely'
53.4318 	EXP 	text_trial_type: text = 'Hely'
53.4484 	EXP 	text_trial_type: text = 'Hely'
53.4651 	EXP 	text_trial_type: text = 'Hely'
53.4818 	EXP 	text_trial_type: text = 'Hely'
53.4984 	EXP 	text_trial_type: text = 'Hely'
53.5151 	EXP 	text_trial_type: text = 'Hely'
53.5318 	EXP 	text_trial_type: text = 'Hely'
53.5484 	EXP 	text_trial_type: text = 'Hely'
53.5651 	EXP 	text_trial_type: text = 'Hely'
53.5818 	EXP 	text_trial_type: text = 'Hely'
53.5984 	EXP 	text_trial_type: text = 'Hely'
53.6151 	EXP 	text_trial_type: text = 'Hely'
53.6318 	EXP 	text_trial_type: text = 'Hely'
53.6484 	EXP 	text_trial_type: text = 'Hely'
53.6651 	EXP 	text_trial_type: text = 'Hely'
53.6818 	EXP 	text_trial_type: text = 'Hely'
53.6984 	EXP 	text_trial_type: text = 'Hely'
53.7151 	EXP 	text_trial_type: text = 'Hely'
53.7318 	EXP 	text_trial_type: text = 'Hely'
53.7484 	EXP 	text_trial_type: text = 'Hely'
53.7651 	EXP 	text_trial_type: text = 'Hely'
53.7818 	EXP 	text_trial_type: text = 'Hely'
53.7984 	EXP 	text_trial_type: text = 'Hely'
53.8151 	EXP 	text_trial_type: text = 'Hely'
53.8318 	EXP 	text_trial_type: text = 'Hely'
53.8484 	EXP 	text_trial_type: text = 'Hely'
53.8651 	EXP 	text_trial_type: text = 'Hely'
53.8818 	EXP 	text_trial_type: text = 'Hely'
53.8984 	EXP 	text_trial_type: text = 'Hely'
56.2670 	DATA 	Keypress: j
56.4150 	EXP 	start_task_text: text = 'Az Ön válasza: Hasonló'
60.9483 	EXP 	start_task_text: text = ''
60.9483 	EXP 	start_task_text: text = ''
60.9483 	EXP 	main_image: pos = array([-212.1320344, -212.1320344])
60.9483 	EXP 	main_image: image = 'Stimuli/Fractals/Practice/148b.jpg'
60.9483 	EXP 	start_task_text: text = 'A helyes válasz: Új'
63.9003 	DATA 	Keypress: k
64.0815 	EXP 	start_task_text: text = 'Az Ön válasza: Új'
68.4814 	EXP 	start_task_text: text = ''
68.4814 	EXP 	start_task_text: text = ''
68.4814 	EXP 	main_image: pos = array([-300.,    0.])
68.4814 	EXP 	main_image: image = 'Stimuli/Fractals/Practice/166a.jpg'
68.4814 	EXP 	start_task_text: text = 'A helyes válasz: Régi'
70.6833 	DATA 	Keypress: f
70.8647 	EXP 	start_task_text: text = 'Az Ön válasza: Régi'
75.4979 	EXP 	start_task_text: text = ''
75.4979 	EXP 	start_task_text: text = ''
78.9499 	DATA 	Keypress: space
78.9982 	EXP 	main_image: pos = array([300.,   0.])
78.9982 	EXP 	main_image: image = 'Stimuli/Fractals/Practice/164a.jpg'
78.9982 	EXP 	main_image: pos = array([-300.,    0.])
78.9982 	EXP 	main_image: image = 'Stimuli/Fractals/Practice/164b.jpg'
78.9982 	EXP 	start_task_text: text = 'Hasonló'
78.9982 	EXP 	start_task_text: text = 'Képek'
80.8149 	DATA 	Keypress: space
80.9900 	DATA 	Keypress: escape
82.3648 	EXP 	main_image: pos = array([300.,   0.])
82.3648 	EXP 	main_image: image = 'Stimuli/Fractals/Practice/149a.jpg'
82.3648 	EXP 	main_image: pos = array([-300.,    0.])
82.3648 	EXP 	main_image: image = 'Stimuli/Fractals/Practice/149b.jpg'
82.3648 	EXP 	start_task_text: text = 'Hasonló'
82.3648 	EXP 	start_task_text: text = 'Képek'
82.3648 	EXP 	main_image: pos = array([300.,   0.])
82.3648 	EXP 	main_image: image = 'Stimuli/Fractals/Practice/160b.jpg'
82.3648 	EXP 	main_image: pos = array([-300.,    0.])
82.3648 	EXP 	main_image: image = 'Stimuli/Fractals/Practice/160c.jpg'
82.3648 	EXP 	start_task_text: text = 'Hasonló'
82.3648 	EXP 	start_task_text: text = 'Képek'
82.3648 	EXP 	main_image: pos = array([300.,   0.])
82.3648 	EXP 	main_image: image = 'Stimuli/Fractals/Practice/167a.jpg'
82.3648 	EXP 	main_image: pos = array([-300.,    0.])
82.3648 	EXP 	main_image: image = 'Stimuli/Fractals/Practice/167b.jpg'
82.3648 	EXP 	start_task_text: text = 'Hasonló'
82.3648 	EXP 	start_task_text: text = 'Képek'
82.3648 	EXP 	main_image: pos = array([300.,   0.])
82.3648 	EXP 	main_image: image = 'Stimuli/Fractals/Practice/163a.jpg'
82.3648 	EXP 	main_image: pos = array([-300.,    0.])
82.3648 	EXP 	main_image: image = 'Stimuli/Fractals/Practice/173c.jpg'
82.3648 	EXP 	start_task_text: text = 'Új'
82.3648 	EXP 	start_task_text: text = 'Képek'
82.3648 	EXP 	main_image: pos = array([-300.,    0.])
82.3648 	EXP 	main_image: image = 'Stimuli/Fractals/Practice/166a.jpg'
82.3648 	EXP 	main_image: pos = array([-212.1320344, -212.1320344])
82.3648 	EXP 	main_image: image = 'Stimuli/Fractals/Practice/166a.jpg'
82.3648 	EXP 	start_task_text: text = 'Hasonló'
82.3648 	EXP 	start_task_text: text = 'Helyek'
82.3648 	EXP 	main_image: pos = array([  0., 300.])
82.3648 	EXP 	main_image: image = 'Stimuli/Fractals/Practice/159a.jpg'
82.3648 	EXP 	main_image: pos = array([-212.1320344,  212.1320344])
82.3648 	EXP 	main_image: image = 'Stimuli/Fractals/Practice/159a.jpg'
82.3648 	EXP 	start_task_text: text = 'Hasonló'
82.3648 	EXP 	start_task_text: text = 'Helyek'
82.3648 	EXP 	main_image: pos = array([212.1320344, 212.1320344])
82.3648 	EXP 	main_image: image = 'Stimuli/Fractals/Practice/148b.jpg'
82.3648 	EXP 	main_image: pos = array([  0., 300.])
82.3648 	EXP 	main_image: image = 'Stimuli/Fractals/Practice/148b.jpg'
82.3648 	EXP 	start_task_text: text = 'Hasonló'
82.3648 	EXP 	start_task_text: text = 'Helyek'
82.3648 	EXP 	main_image: pos = array([300.,   0.])
82.3648 	EXP 	main_image: image = 'Stimuli/Fractals/Practice/177b.jpg'
82.3648 	EXP 	main_image: pos = array([-212.1320344,  212.1320344])
82.3648 	EXP 	main_image: image = 'Stimuli/Fractals/Practice/177b.jpg'
82.3648 	EXP 	start_task_text: text = 'Új'
82.3648 	EXP 	start_task_text: text = 'Helyek'
82.3648 	EXP 	main_image: pos = array([300.,   0.])
82.3648 	EXP 	main_image: image = 'Stimuli/Fractals/Practice/177b.jpg'
82.3648 	EXP 	main_image: pos = array([-300.,    0.])
82.3648 	EXP 	main_image: image = 'Stimuli/Fractals/Practice/177b.jpg'
82.3648 	EXP 	start_task_text: text = 'Új'
82.3648 	EXP 	start_task_text: text = 'Helyek'
82.3648 	EXP 	main_image: pos = array([212.1320344, 212.1320344])
82.3648 	EXP 	main_image: image = 'Stimuli/Fractals/Practice/156b.jpg'
82.3648 	EXP 	start_task_text: text = 'A helyes válasz: Új'
82.3648 	EXP 	start_task_text: text = ''
82.3648 	EXP 	start_task_text: text = ''
82.3648 	EXP 	main_image: pos = array([-300.,    0.])
82.3648 	EXP 	main_image: image = 'Stimuli/Fractals/Practice/166c.jpg'
82.3648 	EXP 	start_task_text: text = 'A helyes válasz: Hasonló'
82.3648 	EXP 	start_task_text: text = ''
82.3648 	EXP 	start_task_text: text = ''
82.3648 	EXP 	main_image: pos = array([  0., 300.])
82.3648 	EXP 	main_image: image = 'Stimuli/Fractals/Practice/167a.jpg'
82.3648 	EXP 	start_task_text: text = 'A helyes válasz: Régi'
82.3648 	EXP 	start_task_text: text = ''
82.3648 	EXP 	start_task_text: text = ''
82.3648 	EXP 	main_image: pos = array([212.1320344, 212.1320344])
82.3648 	EXP 	main_image: image = 'Stimuli/Fractals/Practice/159a.jpg'
82.3648 	EXP 	start_task_text: text = 'A helyes válasz: Hasonló'
82.3648 	EXP 	start_task_text: text = ''
82.3648 	EXP 	start_task_text: text = ''
82.3648 	EXP 	main_image: pos = array([-212.1320344, -212.1320344])
82.3648 	EXP 	main_image: image = 'Stimuli/Fractals/Practice/148b.jpg'
82.3648 	EXP 	start_task_text: text = 'A helyes válasz: Új'
82.3648 	EXP 	start_task_text: text = ''
82.3648 	EXP 	start_task_text: text = ''
82.3648 	EXP 	main_image: pos = array([-300.,    0.])
82.3648 	EXP 	main_image: image = 'Stimuli/Fractals/Practice/166a.jpg'
82.3648 	EXP 	start_task_text: text = 'A helyes válasz: Régi'
82.3648 	EXP 	start_task_text: text = ''
82.3648 	EXP 	start_task_text: text = ''
82.3648 	EXP 	instr_text: text = 'Régi - F\nHasonló - J\nÚj - K\n\nA kísérletvezető indítja a feladatot.'
82.3648 	EXP 	start_task_text: text = 'Figyeljen, kezdődik a feladat...'
82.3648 	EXP 	main_image: pos = array([-299.9187724 ,   -6.98068691])
82.3648 	EXP 	main_image: image = 'Stimuli/Fractals/125a.jpg'
82.3648 	EXP 	logo: opacity = 0.8
82.9420 	DATA 	Keypress: return
82.9903 	EXP 	window1: mouseVisible = True
