9.6563 	EXP 	Created window1 = Window(allowGUI=False, allowStencil=False, args=UNKNOWN, autoLog=True, bitsMode=UNKNOWN, blendMode='avg', color=array([1., 1., 1.]), colorSpace='rgb', fullscr=<method-wrapper '__getattribute__' of attributeSetter object at 0x0000024664374668>, gamma=None, gammaErrorPolicy='raise', kwargs=UNKNOWN, lms=UNKNOWN, monitor=<psychopy.monitors.calibTools.Monitor object at 0x00000246643EBF98>, multiSample=False, name='window1', numSamples=2, pos=[0.0, 0.0], screen=0, size=array([1920, 1080]), stereo=False, units='deg', useFBO=True, useRetina=False, viewOri=0.0, viewPos=None, viewScale=None, waitBlanking=True, winType='pyglet')
9.6564 	EXP 	window1: recordFrameIntervals = False
9.8227 	EXP 	window1: recordFrameIntervals = True
10.0061 	EXP 	window1: recordFrameIntervals = False
10.8404 	EXP 	Created welcome_msg = TextStim(__class__=<class 'psychopy.visual.text.TextStim'>, alignHoriz='center', alignVert='center', antialias=True, autoLog=True, bold=False, color='black', colorSpace='named', contrast=1.0, depth=0.0, flipHoriz=False, flipVert=False, font='Arial', fontFiles=[], height=1, italic=False, languageStyle='LTR', name='welcome_msg', opacity=1.0, ori=0, pos=array([ 0., 12.]), rgb=array([0., 0., 0.]), text='TérKépÉsz', units='deg', win=Window(...), wrapWidth=15.0)
10.8696 	EXP 	Created logo = ImageStim(__class__=<class 'psychopy.visual.image.ImageStim'>, autoLog=True, color=array([1., 1., 1.]), colorSpace='rgb', contrast=1.0, depth=-1.0, flipHoriz=False, flipVert=False, image='Stimuli/terkepesz.png', interpolate=True, mask=None, maskParams=None, name='logo', opacity=1.0, ori=0.0, pos=array([0., 0.]), size=array([0.321875  , 1.23148148]), texRes=128, units='norm', win=Window(...))
10.8934 	EXP 	Created lb_check = TextStim(__class__=<class 'psychopy.visual.text.TextStim'>, alignHoriz='center', alignVert='center', antialias=True, autoLog=True, bold=False, color='black', colorSpace='named', contrast=1.0, depth=0.0, flipHoriz=False, flipVert=False, font='Arial', fontFiles=[], height=0.9, italic=False, languageStyle='LTR', name='lb_check', opacity=1.0, ori=0, pos=array([-23.,   0.]), rgb=array([0., 0., 0.]), text=str(...), units='deg', win=Window(...), wrapWidth=15.0)
10.8982 	EXP 	Created left_upper = ImageStim(__class__=<class 'psychopy.visual.image.ImageStim'>, autoLog=True, color=array([1., 1., 1.]), colorSpace='rgb', contrast=1.0, depth=0.0, flipHoriz=False, flipVert=False, image='Stimuli/ScreenCorner1.png', interpolate=True, mask=None, maskParams=None, name='left_upper', opacity=1.0, ori=0.0, pos=array([-0.9,  0.7]), size=array([0.13541667, 0.51481481]), texRes=128, units='norm', win=Window(...))
10.9026 	EXP 	Created left_lower = ImageStim(__class__=<class 'psychopy.visual.image.ImageStim'>, autoLog=True, color=array([1., 1., 1.]), colorSpace='rgb', contrast=1.0, depth=-1.0, flipHoriz=False, flipVert=False, image='Stimuli/ScreenCorner2.png', interpolate=True, mask=None, maskParams=None, name='left_lower', opacity=1.0, ori=0.0, pos=array([-0.9, -0.7]), size=array([0.115625  , 0.51666667]), texRes=128, units='norm', win=Window(...))
10.9069 	EXP 	Created right_upper = ImageStim(__class__=<class 'psychopy.visual.image.ImageStim'>, autoLog=True, color=array([1., 1., 1.]), colorSpace='rgb', contrast=1.0, depth=-2.0, flipHoriz=False, flipVert=False, image='Stimuli/ScreenCorner3.png', interpolate=True, mask=None, maskParams=None, name='right_upper', opacity=1.0, ori=0.0, pos=array([0.9, 0.7]), size=array([0.11979167, 0.49814815]), texRes=128, units='norm', win=Window(...))
10.9118 	EXP 	Created right_lower = ImageStim(__class__=<class 'psychopy.visual.image.ImageStim'>, autoLog=True, color=array([1., 1., 1.]), colorSpace='rgb', contrast=1.0, depth=-3.0, flipHoriz=False, flipVert=False, image='Stimuli/ScreenCorner4.png', interpolate=True, mask=None, maskParams=None, name='right_lower', opacity=1.0, ori=0.0, pos=array([ 0.9, -0.7]), size=array([0.153125 , 0.5037037]), texRes=128, units='norm', win=Window(...))
10.9216 	EXP 	Created text_2 = TextStim(__class__=<class 'psychopy.visual.text.TextStim'>, alignHoriz='center', alignVert='center', antialias=True, autoLog=True, bold=False, color='black', colorSpace='named', contrast=1.0, depth=-4.0, flipHoriz=False, flipVert=False, font='Arial', fontFiles=[], height=0.9, italic=False, languageStyle='LTR', name='text_2', opacity=1.0, ori=0, pos=array([0., 0.]), rgb=array([0., 0., 0.]), text=str(...), units='deg', win=Window(...), wrapWidth=30)
10.9750 	EXP 	Created story1_image = ImageStim(__class__=<class 'psychopy.visual.image.ImageStim'>, autoLog=True, color=array([1., 1., 1.]), colorSpace='rgb', contrast=1.0, depth=0.0, flipHoriz=False, flipVert=False, image='Stimuli/GalleryBuildingFromOutside.jpg', interpolate=True, mask=None, maskParams=None, name='story1_image', opacity=1.0, ori=0.0, pos=array([0. , 0.9]), size=array([1.01041667, 1.2537037 ]), texRes=128, units='norm', win=Window(...))
11.0046 	EXP 	Created story1_text = TextStim(__class__=<class 'psychopy.visual.text.TextStim'>, alignHoriz='center', alignVert='center', antialias=True, autoLog=True, bold=False, color='black', colorSpace='named', contrast=1.0, depth=-1.0, flipHoriz=False, flipVert=False, font='Arial', fontFiles=[], height=0.9, italic=False, languageStyle='LTR', name='story1_text', opacity=1.0, ori=0, pos=array([ 0., -5.]), rgb=array([0., 0., 0.]), text=str(...), units='deg', win=Window(...), wrapWidth=30)
11.0249 	EXP 	Created story2_image = ImageStim(__class__=<class 'psychopy.visual.image.ImageStim'>, autoLog=True, color=array([1., 1., 1.]), colorSpace='rgb', contrast=1.0, depth=0.0, flipHoriz=False, flipVert=False, image='Stimuli/GalleryPlanInside.jpg', interpolate=True, mask=None, maskParams=None, name='story2_image', opacity=1.0, ori=0.0, pos=array([0.5, 0. ]), size=array([0.47916667, 0.84074074]), texRes=128, units='norm', win=Window(...))
11.0514 	EXP 	Created story2_text = TextStim(__class__=<class 'psychopy.visual.text.TextStim'>, alignHoriz='center', alignVert='center', antialias=True, autoLog=True, bold=False, color='black', colorSpace='named', contrast=1.0, depth=-2.0, flipHoriz=False, flipVert=False, font='Arial', fontFiles=[], height=0.9, italic=False, languageStyle='LTR', name='story2_text', opacity=1.0, ori=0, pos=array([-6.,  0.]), rgb=array([0., 0., 0.]), text=str(...), units='deg', win=Window(...), wrapWidth=20)
11.0689 	EXP 	Created instr_text = TextStim(__class__=<class 'psychopy.visual.text.TextStim'>, alignHoriz='center', alignVert='center', antialias=True, autoLog=True, bold=False, color='black', colorSpace='named', contrast=1.0, depth=0.0, flipHoriz=False, flipVert=False, font='Arial', fontFiles=[], height=0.9, italic=False, languageStyle='LTR', name='instr_text', opacity=1.0, ori=0, pos=array([0., 0.]), rgb=array([0., 0., 0.]), text=str(...), units='deg', win=Window(...), wrapWidth=15.0)
11.0696 	EXP 	Created instr_text = TextStim(__class__=<class 'psychopy.visual.text.TextStim'>, alignHoriz='center', alignVert='center', antialias=True, autoLog=True, bold=False, color='black', colorSpace='named', contrast=1.0, depth=0.0, flipHoriz=False, flipVert=False, font='Arial', fontFiles=[], height=0.9, italic=False, languageStyle='LTR', name='instr_text', opacity=1.0, ori=0, pos=array([0., 0.]), rgb=array([0., 0., 0.]), text='', units='deg', win=Window(...), wrapWidth=15.0)
11.0803 	EXP 	Created start_task_text = TextStim(__class__=<class 'psychopy.visual.text.TextStim'>, alignHoriz='center', alignVert='center', antialias=True, autoLog=True, bold=False, color='black', colorSpace='named', contrast=1.0, depth=0.0, flipHoriz=False, flipVert=False, font='Arial', fontFiles=[], height=0.9, italic=False, languageStyle='LTR', name='start_task_text', opacity=1.0, ori=0, pos=array([0., 0.]), rgb=array([0., 0., 0.]), text=str(...), units='deg', win=Window(...), wrapWidth=15.0)
11.0979 	EXP 	Created map_inside_fx = ImageStim(__class__=<class 'psychopy.visual.image.ImageStim'>, autoLog=True, color=array([1., 1., 1.]), colorSpace='rgb', contrast=1.0, depth=0.0, flipHoriz=False, flipVert=False, image='Stimuli/GalleryPlanInside.jpg', interpolate=True, mask=None, maskParams=None, name='map_inside_fx', opacity=0.5, ori=0.0, pos=array([  0., -25.]), size=array([1040., 1000.]), texRes=128, units='pix', win=Window(...))
11.0989 	EXP 	Created fixation_cross = ShapeStim(__class__=<class 'psychopy.visual.shape.ShapeStim'>, autoDraw=False, autoLog=True, closeShape=True, contrast=1.0, depth=-1.0, fillColor=array([-1., -1., -1.]), fillColorSpace='rgb', interpolate=True, lineColor=array([-1., -1., -1.]), lineColorSpace='rgb', lineWidth=1, name='fixation_cross', opacity=1.0, ori=array(0.), pos=array([0., 0.]), size=array([20., 20.]), units='pix', vertices=ndarray(...), win=Window(...), windingRule=None)
11.1449 	EXP 	Created main_image = ImageStim(__class__=<class 'psychopy.visual.image.ImageStim'>, autoLog=True, color=array([1., 1., 1.]), colorSpace='rgb', contrast=1.0, depth=-1.0, flipHoriz=False, flipVert=False, image='Stimuli/Fractals/134a.jpg', interpolate=True, mask=None, maskParams=None, name='main_image', opacity=1.0, ori=0.0, pos=array([0., 0.]), size=array([300., 300.]), texRes=128, units='pix', win=Window(...))
11.1506 	EXP 	Created text_pause = TextStim(__class__=<class 'psychopy.visual.text.TextStim'>, alignHoriz='center', alignVert='center', antialias=True, autoLog=True, bold=False, color='black', colorSpace='named', contrast=1.0, depth=-2.0, flipHoriz=False, flipVert=False, font='Arial', fontFiles=[], height=0.9, italic=False, languageStyle='LTR', name='text_pause', opacity=1.0, ori=0, pos=array([0., 0.]), rgb=array([0., 0., 0.]), text=str(...), units='deg', win=Window(...), wrapWidth=15.0)
11.1561 	EXP 	Created text_pause = TextStim(__class__=<class 'psychopy.visual.text.TextStim'>, alignHoriz='center', alignVert='center', antialias=True, autoLog=True, bold=False, color='black', colorSpace='named', contrast=1.0, depth=-2.0, flipHoriz=False, flipVert=False, font='Arial', fontFiles=[], height=0.7, italic=False, languageStyle='LTR', name='text_pause', opacity=1.0, ori=0, pos=array([0., 0.]), rgb=array([0., 0., 0.]), text='Szünet...', units='deg', win=Window(...), wrapWidth=15.0)
11.1687 	EXP 	Created text_goodbye = TextStim(__class__=<class 'psychopy.visual.text.TextStim'>, alignHoriz='center', alignVert='center', antialias=True, autoLog=True, bold=False, color='black', colorSpace='named', contrast=1.0, depth=-2.0, flipHoriz=False, flipVert=False, font='Arial', fontFiles=[], height=1.5, italic=False, languageStyle='LTR', name='text_goodbye', opacity=1.0, ori=0, pos=array([0., 0.]), rgb=array([0., 0., 0.]), text='Vége a feladatnak. Köszönjük!', units='deg', win=Window(...), wrapWidth=20)
18.8292 	DATA 	Keypress: f
18.8390 	EXP 	lb_check: text = "Válaszgomb teszt:\n\nNyomja le a 'J' billentyűt!"
18.8390 	EXP 	lb_check: pos = (23, 0)
19.1651 	DATA 	Keypress: j
20.5011 	DATA 	Keypress: right
21.2058 	DATA 	Keypress: right
21.9224 	DATA 	Keypress: right
22.2557 	DATA 	Keypress: right
22.2722 	EXP 	instr_text: text = 'A kísérletvezető indítja a feladatot.'
24.3572 	DATA 	Keypress: e
24.4389 	EXP 	start_task_text: text = 'Figyeljen, kezdődik a feladat...'
26.4888 	EXP 	main_image: pos = array([300.,   0.])
26.4888 	EXP 	main_image: image = 'Stimuli/Fractals/134a.jpg'
31.0050 	EXP 	main_image: pos = array([299.5888604 ,  15.70078687])
31.0050 	EXP 	main_image: image = 'Stimuli/Fractals/79a.jpg'
32.7906 	DATA 	Keypress: f
34.2068 	DATA 	Keypress: j
37.5738 	DATA 	Keypress: f
39.5548 	EXP 	main_image: pos = array([298.3565686 ,  31.35853898])
39.5548 	EXP 	main_image: image = 'Stimuli/Fractals/84a.jpg'
44.1047 	EXP 	main_image: pos = array([222.9434476, 200.7391819])
44.1047 	EXP 	main_image: image = 'Stimuli/Fractals/134a.jpg'
47.6379 	EXP 	main_image: pos = array([299.5888604 ,  15.70078687])
47.6379 	EXP 	main_image: image = 'Stimuli/Fractals/79a.jpg'
55.1712 	EXP 	main_image: pos = array([296.3065022 ,  46.93033951])
55.1712 	EXP 	main_image: image = 'Stimuli/Fractals/126a.jpg'
60.7043 	EXP 	main_image: pos = array([293.4442802 ,  62.37350725])
60.7043 	EXP 	main_image: image = 'Stimuli/Fractals/47c.jpg'
69.2374 	EXP 	main_image: pos = array([289.7777479 ,  77.64571353])
69.2374 	EXP 	main_image: image = 'Stimuli/Fractals/82c.jpg'
73.7539 	EXP 	main_image: pos = array([285.3169549 , -77.64571353])
73.7539 	EXP 	main_image: image = 'Stimuli/Fractals/84a.jpg'
78.2872 	EXP 	main_image: pos = array([285.3169549 ,  92.70509831])
78.2872 	EXP 	main_image: image = 'Stimuli/Fractals/140b.jpg'
83.8204 	EXP 	main_image: pos = array([280.0741279, 107.5103849])
83.8204 	EXP 	main_image: image = 'Stimuli/Fractals/96a.jpg'
88.3369 	EXP 	main_image: pos = array([280.0741279, 107.5103849])
88.3369 	EXP 	main_image: image = 'Stimuli/Fractals/47c.jpg'
92.8701 	EXP 	main_image: pos = array([274.0636373, 122.0209929])
92.8701 	EXP 	main_image: image = 'Stimuli/Fractals/109a.jpg'
97.3867 	EXP 	main_image: pos = array([267.3019573, 136.1971499])
97.3867 	EXP 	main_image: image = 'Stimuli/Fractals/95b.jpg'
100.4199 	EXP 	main_image: pos = array([296.3065022 ,  46.93033951])
100.4199 	EXP 	main_image: image = 'Stimuli/Fractals/126b.jpg'
103.4533 	EXP 	main_image: pos = array([285.3169549 ,  92.70509831])
103.4533 	EXP 	main_image: image = 'Stimuli/Fractals/140c.jpg'
106.9865 	EXP 	main_image: pos = array([289.7777479 ,  77.64571353])
106.9865 	EXP 	main_image: image = 'Stimuli/Fractals/82b.jpg'
112.5196 	EXP 	main_image: pos = array([280.0741279, 107.5103849])
112.5196 	EXP 	main_image: image = 'Stimuli/Fractals/96b.jpg'
119.0695 	EXP 	main_image: pos = array([267.3019573, 136.1971499])
119.0695 	EXP 	main_image: image = 'Stimuli/Fractals/95b.jpg'
122.5861 	EXP 	main_image: pos = array([274.0636373, 122.0209929])
122.5861 	EXP 	main_image: image = 'Stimuli/Fractals/109b.jpg'
127.1193 	EXP 	main_image: pos = array([259.8076211, 150.       ])
127.1193 	EXP 	main_image: image = 'Stimuli/Fractals/78c.jpg'
134.6524 	EXP 	main_image: pos = array([251.6011704, 163.3917105])
134.6524 	EXP 	main_image: image = 'Stimuli/Fractals/39c.jpg'
138.1857 	EXP 	main_image: pos = array([242.7050983, 176.3355757])
138.1857 	EXP 	main_image: image = 'Stimuli/Fractals/67c.jpg'
142.7356 	EXP 	main_image: pos = array([233.1437884, 188.7961173])
142.7356 	EXP 	main_image: image = 'Stimuli/Fractals/118b.jpg'
146.2688 	EXP 	main_image: pos = array([251.6011704, 163.3917105])
146.2688 	EXP 	main_image: image = 'Stimuli/Fractals/39b.jpg'
150.8022 	EXP 	main_image: pos = array([222.9434476, 200.7391819])
150.8022 	EXP 	main_image: image = 'Stimuli/Fractals/97c.jpg'
154.3519 	EXP 	main_image: pos = array([233.1437884, 188.7961173])
154.3519 	EXP 	main_image: image = 'Stimuli/Fractals/118c.jpg'
161.9018 	EXP 	main_image: pos = array([212.1320344, 212.1320344])
161.9018 	EXP 	main_image: image = 'Stimuli/Fractals/81b.jpg'
166.4517 	EXP 	main_image: pos = array([200.7391819, 222.9434476])
166.4517 	EXP 	main_image: image = 'Stimuli/Fractals/59a.jpg'
172.9848 	EXP 	main_image: pos = array([242.7050983, 176.3355757])
172.9848 	EXP 	main_image: image = 'Stimuli/Fractals/67b.jpg'
176.5347 	EXP 	main_image: pos = array([188.7961173, 233.1437884])
176.5347 	EXP 	main_image: image = 'Stimuli/Fractals/101c.jpg'
182.0679 	EXP 	main_image: pos = array([176.3355757, 242.7050983])
182.0679 	EXP 	main_image: image = 'Stimuli/Fractals/18c.jpg'
188.6178 	EXP 	main_image: pos = array([ 136.1971499, -259.8076211])
188.6178 	EXP 	main_image: image = 'Stimuli/Fractals/81b.jpg'
192.1510 	EXP 	main_image: pos = array([163.3917105, 251.6011704])
192.1510 	EXP 	main_image: image = 'Stimuli/Fractals/70a.jpg'
197.6842 	EXP 	main_image: pos = array([136.1971499, 274.0636373])
197.6842 	EXP 	main_image: image = 'Stimuli/Fractals/97c.jpg'
207.2007 	EXP 	main_image: pos = array([150.       , 259.8076211])
207.2007 	EXP 	main_image: image = 'Stimuli/Fractals/103b.jpg'
210.7506 	EXP 	main_image: pos = array([ 31.35853898, 299.5888604 ])
210.7506 	EXP 	main_image: image = 'Stimuli/Fractals/101c.jpg'
214.2838 	EXP 	main_image: pos = array([200.7391819, 222.9434476])
214.2838 	EXP 	main_image: image = 'Stimuli/Fractals/59a.jpg'
219.8170 	EXP 	main_image: pos = array([176.3355757, 242.7050983])
219.8170 	EXP 	main_image: image = 'Stimuli/Fractals/18b.jpg'
224.3502 	EXP 	main_image: pos = array([163.3917105, 251.6011704])
224.3502 	EXP 	main_image: image = 'Stimuli/Fractals/70c.jpg'
227.8668 	EXP 	main_image: pos = array([ 62.37350725, 293.4442802 ])
227.8668 	EXP 	main_image: image = 'Stimuli/Fractals/103b.jpg'
233.4000 	EXP 	main_image: pos = array([259.8076211, 150.       ])
233.4000 	EXP 	main_image: image = 'Stimuli/Fractals/78c.jpg'
238.9332 	EXP 	main_image: pos = array([136.1971499, 267.3019573])
238.9332 	EXP 	main_image: image = 'Stimuli/Fractals/20c.jpg'
243.4664 	EXP 	main_image: pos = array([122.0209929, 274.0636373])
243.4664 	EXP 	main_image: image = 'Stimuli/Fractals/68a.jpg'
243.5020 	DATA 	Keypress: escape
243.6997 	EXP 	logo: opacity = 0.8
245.9655 	DATA 	Keypress: space
246.6570 	EXP 	window1: mouseVisible = True
