7.8449 	EXP 	Created window1 = Window(allowGUI=False, allowStencil=False, args=UNKNOWN, autoLog=True, bitsMode=UNKNOWN, blendMode='avg', color=array([1., 1., 1.]), colorSpace='rgb', fullscr=<method-wrapper '__getattribute__' of attributeSetter object at 0x000002018B13BB70>, gamma=None, gammaErrorPolicy='raise', kwargs=UNKNOWN, lms=UNKNOWN, monitor=<psychopy.monitors.calibTools.Monitor object at 0x000002018B04D278>, multiSample=False, name='window1', numSamples=2, pos=[0.0, 0.0], screen=0, size=array([1920, 1080]), stereo=False, units='deg', useFBO=True, useRetina=False, viewOri=0.0, viewPos=None, viewScale=None, waitBlanking=True, winType='pyglet')
7.8449 	EXP 	window1: recordFrameIntervals = False
8.0111 	EXP 	window1: recordFrameIntervals = True
8.1945 	EXP 	window1: recordFrameIntervals = False
8.2493 	EXP 	Created welcome_msg = TextStim(__class__=<class 'psychopy.visual.text.TextStim'>, alignHoriz='center', alignVert='center', antialias=True, autoLog=True, bold=False, color='black', colorSpace='named', contrast=1.0, depth=0.0, flipHoriz=False, flipVert=False, font='Arial', fontFiles=[], height=1, italic=False, languageStyle='LTR', name='welcome_msg', opacity=1.0, ori=0, pos=array([ 0., 12.]), rgb=array([0., 0., 0.]), text='TérKépÉsz', units='deg', win=Window(...), wrapWidth=15.0)
8.2708 	EXP 	Created logo = ImageStim(__class__=<class 'psychopy.visual.image.ImageStim'>, autoLog=True, color=array([1., 1., 1.]), colorSpace='rgb', contrast=1.0, depth=-1.0, flipHoriz=False, flipVert=False, image='Stimuli/terkepesz.png', interpolate=True, mask=None, maskParams=None, name='logo', opacity=1.0, ori=0.0, pos=array([0., 0.]), size=array([0.321875  , 1.23148148]), texRes=128, units='norm', win=Window(...))
8.2857 	EXP 	Created lb_check = TextStim(__class__=<class 'psychopy.visual.text.TextStim'>, alignHoriz='center', alignVert='center', antialias=True, autoLog=True, bold=False, color='black', colorSpace='named', contrast=1.0, depth=0.0, flipHoriz=False, flipVert=False, font='Arial', fontFiles=[], height=0.9, italic=False, languageStyle='LTR', name='lb_check', opacity=1.0, ori=0, pos=array([-23.,   0.]), rgb=array([0., 0., 0.]), text=str(...), units='deg', win=Window(...), wrapWidth=15.0)
8.2897 	EXP 	Created left_upper = ImageStim(__class__=<class 'psychopy.visual.image.ImageStim'>, autoLog=True, color=array([1., 1., 1.]), colorSpace='rgb', contrast=1.0, depth=0.0, flipHoriz=False, flipVert=False, image='Stimuli/ScreenCorner1.png', interpolate=True, mask=None, maskParams=None, name='left_upper', opacity=1.0, ori=0.0, pos=array([-0.9,  0.7]), size=array([0.13541667, 0.51481481]), texRes=128, units='norm', win=Window(...))
8.2938 	EXP 	Created left_lower = ImageStim(__class__=<class 'psychopy.visual.image.ImageStim'>, autoLog=True, color=array([1., 1., 1.]), colorSpace='rgb', contrast=1.0, depth=-1.0, flipHoriz=False, flipVert=False, image='Stimuli/ScreenCorner2.png', interpolate=True, mask=None, maskParams=None, name='left_lower', opacity=1.0, ori=0.0, pos=array([-0.9, -0.7]), size=array([0.115625  , 0.51666667]), texRes=128, units='norm', win=Window(...))
8.2978 	EXP 	Created right_upper = ImageStim(__class__=<class 'psychopy.visual.image.ImageStim'>, autoLog=True, color=array([1., 1., 1.]), colorSpace='rgb', contrast=1.0, depth=-2.0, flipHoriz=False, flipVert=False, image='Stimuli/ScreenCorner3.png', interpolate=True, mask=None, maskParams=None, name='right_upper', opacity=1.0, ori=0.0, pos=array([0.9, 0.7]), size=array([0.11979167, 0.49814815]), texRes=128, units='norm', win=Window(...))
8.3021 	EXP 	Created right_lower = ImageStim(__class__=<class 'psychopy.visual.image.ImageStim'>, autoLog=True, color=array([1., 1., 1.]), colorSpace='rgb', contrast=1.0, depth=-3.0, flipHoriz=False, flipVert=False, image='Stimuli/ScreenCorner4.png', interpolate=True, mask=None, maskParams=None, name='right_lower', opacity=1.0, ori=0.0, pos=array([ 0.9, -0.7]), size=array([0.153125 , 0.5037037]), texRes=128, units='norm', win=Window(...))
8.3103 	EXP 	Created text_2 = TextStim(__class__=<class 'psychopy.visual.text.TextStim'>, alignHoriz='center', alignVert='center', antialias=True, autoLog=True, bold=False, color='black', colorSpace='named', contrast=1.0, depth=-4.0, flipHoriz=False, flipVert=False, font='Arial', fontFiles=[], height=0.9, italic=False, languageStyle='LTR', name='text_2', opacity=1.0, ori=0, pos=array([0., 0.]), rgb=array([0., 0., 0.]), text=str(...), units='deg', win=Window(...), wrapWidth=30)
8.3398 	EXP 	Created instr_text = TextStim(__class__=<class 'psychopy.visual.text.TextStim'>, alignHoriz='center', alignVert='center', antialias=True, autoLog=True, bold=False, color='black', colorSpace='named', contrast=1.0, depth=0.0, flipHoriz=False, flipVert=False, font='Arial', fontFiles=[], height=0.8, italic=False, languageStyle='LTR', name='instr_text', opacity=1.0, ori=0, pos=array([0., 0.]), rgb=array([0., 0., 0.]), text=str(...), units='deg', win=Window(...), wrapWidth=40)
8.3401 	EXP 	Created start_task_text = TextStim(__class__=<class 'psychopy.visual.text.TextStim'>, alignHoriz='center', alignVert='center', antialias=True, autoLog=True, bold=False, color='black', colorSpace='named', contrast=1.0, depth=0.0, flipHoriz=False, flipVert=False, font='Arial', fontFiles=[], height=0.9, italic=False, languageStyle='LTR', name='start_task_text', opacity=1.0, ori=0, pos=array([0. , 1.5]), rgb=array([0., 0., 0.]), text='', units='deg', win=Window(...), wrapWidth=15.0)
8.3403 	EXP 	Created start_task_text = TextStim(__class__=<class 'psychopy.visual.text.TextStim'>, alignHoriz='center', alignVert='center', antialias=True, autoLog=True, bold=False, color='black', colorSpace='named', contrast=1.0, depth=0.0, flipHoriz=False, flipVert=False, font='Arial', fontFiles=[], height=0.9, italic=False, languageStyle='LTR', name='start_task_text', opacity=1.0, ori=0, pos=array([ 0. , -1.5]), rgb=array([0., 0., 0.]), text='', units='deg', win=Window(...), wrapWidth=15.0)
8.3406 	EXP 	Created start_task_text = TextStim(__class__=<class 'psychopy.visual.text.TextStim'>, alignHoriz='center', alignVert='center', antialias=True, autoLog=True, bold=False, color='black', colorSpace='named', contrast=1.0, depth=0.0, flipHoriz=False, flipVert=False, font='Arial', fontFiles=[], height=0.9, italic=False, languageStyle='LTR', name='start_task_text', opacity=1.0, ori=0, pos=array([-2.,  0.]), rgb=array([0., 0., 0.]), text='', units='deg', win=Window(...), wrapWidth=15.0)
8.3409 	EXP 	Created start_task_text = TextStim(__class__=<class 'psychopy.visual.text.TextStim'>, alignHoriz='center', alignVert='center', antialias=True, autoLog=True, bold=False, color='black', colorSpace='named', contrast=1.0, depth=0.0, flipHoriz=False, flipVert=False, font='Arial', fontFiles=[], height=0.9, italic=False, languageStyle='LTR', name='start_task_text', opacity=1.0, ori=0, pos=array([2., 0.]), rgb=array([0., 0., 0.]), text='', units='deg', win=Window(...), wrapWidth=15.0)
8.3848 	EXP 	Created main_image = ImageStim(__class__=<class 'psychopy.visual.image.ImageStim'>, autoLog=True, color=array([1., 1., 1.]), colorSpace='rgb', contrast=1.0, depth=-1.0, flipHoriz=False, flipVert=False, image='Stimuli/Fractals/59b.jpg', interpolate=True, mask=None, maskParams=None, name='main_image', opacity=1.0, ori=0.0, pos=array([0., 0.]), size=array([300., 300.]), texRes=128, units='pix', win=Window(...))
8.4027 	EXP 	Created map_inside_fx = ImageStim(__class__=<class 'psychopy.visual.image.ImageStim'>, autoLog=True, color=array([1., 1., 1.]), colorSpace='rgb', contrast=1.0, depth=0.0, flipHoriz=False, flipVert=False, image='Stimuli/GalleryPlanInside.jpg', interpolate=True, mask=None, maskParams=None, name='map_inside_fx', opacity=0.5, ori=0.0, pos=array([  0., -25.]), size=array([1040., 1000.]), texRes=128, units='pix', win=Window(...))
8.4037 	EXP 	Created fixation_cross = ShapeStim(__class__=<class 'psychopy.visual.shape.ShapeStim'>, autoDraw=False, autoLog=True, closeShape=True, contrast=1.0, depth=-1.0, fillColor=array([-1., -1., -1.]), fillColorSpace='rgb', interpolate=True, lineColor=array([-1., -1., -1.]), lineColorSpace='rgb', lineWidth=1, name='fixation_cross', opacity=1.0, ori=array(0.), pos=array([0., 0.]), size=array([20., 20.]), units='pix', vertices=ndarray(...), win=Window(...), windingRule=None)
8.5840 	EXP 	Created main_image = ImageStim(__class__=<class 'psychopy.visual.image.ImageStim'>, autoLog=True, color=array([1., 1., 1.]), colorSpace='rgb', contrast=1.0, depth=-1.0, flipHoriz=False, flipVert=False, image='Stimuli/Fractals/59b.jpg', interpolate=True, mask=None, maskParams=None, name='main_image', opacity=1.0, ori=0.0, pos=array([0., 0.]), size=array([300., 300.]), texRes=128, units='pix', win=Window(...))
8.5907 	EXP 	Created text_pause = TextStim(__class__=<class 'psychopy.visual.text.TextStim'>, alignHoriz='center', alignVert='center', antialias=True, autoLog=True, bold=False, color='black', colorSpace='named', contrast=1.0, depth=-2.0, flipHoriz=False, flipVert=False, font='Arial', fontFiles=[], height=0.9, italic=False, languageStyle='LTR', name='text_pause', opacity=1.0, ori=0, pos=array([0., 0.]), rgb=array([0., 0., 0.]), text=str(...), units='deg', win=Window(...), wrapWidth=15.0)
8.5945 	EXP 	Created start_task_text = TextStim(__class__=<class 'psychopy.visual.text.TextStim'>, alignHoriz='center', alignVert='center', antialias=True, autoLog=True, bold=False, color='black', colorSpace='named', contrast=1.0, depth=0.0, flipHoriz=False, flipVert=False, font='Arial', fontFiles=[], height=0.9, italic=False, languageStyle='LTR', name='start_task_text', opacity=1.0, ori=0, pos=array([0., 0.]), rgb=array([0., 0., 0.]), text='Figyeljen, kezdődik a gyakorlás...', units='deg', win=Window(...), wrapWidth=15.0)
8.6111 	EXP 	Created start_task_text = TextStim(__class__=<class 'psychopy.visual.text.TextStim'>, alignHoriz='center', alignVert='center', antialias=True, autoLog=True, bold=False, color='black', colorSpace='named', contrast=1.0, depth=0.0, flipHoriz=False, flipVert=False, font='Arial', fontFiles=[], height=0.9, italic=False, languageStyle='LTR', name='start_task_text', opacity=1.0, ori=0, pos=array([0., 0.]), rgb=array([0., 0., 0.]), text=str(...), units='deg', win=Window(...), wrapWidth=15.0)
8.6127 	EXP 	Created text_trial_type = TextStim(__class__=<class 'psychopy.visual.text.TextStim'>, alignHoriz='center', alignVert='center', antialias=True, autoLog=True, bold=False, color='black', colorSpace='named', contrast=1.0, depth=-2.0, flipHoriz=False, flipVert=False, font='Arial', fontFiles=[], height=0.9, italic=False, languageStyle='LTR', name='text_trial_type', opacity=1.0, ori=0, pos=array([ 0., 15.]), rgb=array([0., 0., 0.]), text='Kép', units='deg', win=Window(...), wrapWidth=15.0)
8.6142 	EXP 	Created text_trial_type = TextStim(__class__=<class 'psychopy.visual.text.TextStim'>, alignHoriz='center', alignVert='center', antialias=True, autoLog=True, bold=False, color='black', colorSpace='named', contrast=1.0, depth=-2.0, flipHoriz=False, flipVert=False, font='Arial', fontFiles=[], height=0.9, italic=False, languageStyle='LTR', name='text_trial_type', opacity=1.0, ori=0, pos=array([0., 0.]), rgb=array([0., 0., 0.]), text='Kép', units='deg', win=Window(...), wrapWidth=15.0)
8.6156 	EXP 	Created text_trial_type = TextStim(__class__=<class 'psychopy.visual.text.TextStim'>, alignHoriz='center', alignVert='center', antialias=True, autoLog=True, bold=False, color='black', colorSpace='named', contrast=1.0, depth=-2.0, flipHoriz=False, flipVert=False, font='Arial', fontFiles=[], height=0.9, italic=False, languageStyle='LTR', name='text_trial_type', opacity=1.0, ori=0, pos=array([0., 0.]), rgb=array([0., 0., 0.]), text='Hely', units='deg', win=Window(...), wrapWidth=15.0)
8.6195 	EXP 	Created text_trial_type = TextStim(__class__=<class 'psychopy.visual.text.TextStim'>, alignHoriz='center', alignVert='center', antialias=True, autoLog=True, bold=False, color='black', colorSpace='named', contrast=1.0, depth=-2.0, flipHoriz=False, flipVert=False, font='Arial', fontFiles=[], height=0.9, italic=False, languageStyle='LTR', name='text_trial_type', opacity=1.0, ori=0, pos=array([  0., -10.]), rgb=array([0., 0., 0.]), text='Régi - F\t\t\t Hasonló - J\t\t\t Új - K', units='deg', win=Window(...), wrapWidth=30)
8.6295 	EXP 	Created text_pause = TextStim(__class__=<class 'psychopy.visual.text.TextStim'>, alignHoriz='center', alignVert='center', antialias=True, autoLog=True, bold=False, color='black', colorSpace='named', contrast=1.0, depth=-2.0, flipHoriz=False, flipVert=False, font='Arial', fontFiles=[], height=1.5, italic=False, languageStyle='LTR', name='text_pause', opacity=1.0, ori=0, pos=array([0., 0.]), rgb=array([0., 0., 0.]), text='Vége a feladatnak. Köszönjük!', units='deg', win=Window(...), wrapWidth=20)
11.8763 	DATA 	Keypress: right
12.7322 	DATA 	Keypress: f
12.7443 	EXP 	lb_check: text = "Válaszgomb teszt:\n\nNyomja le a 'J' billentyűt!"
12.7443 	EXP 	lb_check: pos = (23, 0)
13.1562 	DATA 	Keypress: j
14.0202 	DATA 	Keypress: right
14.0276 	EXP 	instr_text: text = 'A következő feladatban ismét absztrakt képeket fog látni, és ezekről kell eldöntenie, látta-e őket az első, műalkotás válogató feladataban, és hogy ugyanott látta-e őket.    \n A feladatot két alfeladatra bontottuk. Az egyikben a képekről, a másikban a képek pozíciójáról kell döntenie.    \n\nA folytatáshoz nyomja le a jobb nyilat.'
14.3278 	DATA 	Keypress: right
14.3943 	EXP 	instr_text: text = "A 'Kép' nevű alfeladatban azt kell eldöntenie, látta-e már ezeket a képeket az első, műalkotás válogató feladataban.                    \nHárom csoportba oszthatóak a megjelenő képek:                    \n - Régi: Ezek a képek pontosan megegyeznek majd az első feladatban látott képek egyikével.                    \n - Hasonló: Ezek a képek nagyon hasonlítanak az első feladatban látott képek egyikéhez.                    \n - Új: Teljesen új képek, amelyek nem jelentek meg az első feladatban.                    \nAz Ön feladata, hogy eldöntse, melyik kép ugyanaz, mint az első feladatban, melyik hasonló, és melyik új. \nMinden képet nézzen meg figyelmesen, és minden képre adjon választ, akkor is, ha a döntés nehéz.                    \n\nA döntését így jelölje:\n\tRégi - F\t Hasonló - J\t Új - K                    \n\n A folytatáshoz nyomja le a jobb nyilat"
14.6778 	DATA 	Keypress: right
14.7443 	EXP 	instr_text: text = "A 'Hely' nevű alfeladatban azt kell eldöntenie, a képek ugyanott jelennek-e meg, mint az első, műalkotás válogató feladataban.                    \nEbben az alfeladatban minden kép pontos mása annak, amit az első feladatban látott. A helyek azonban három csoportba oszthatóak:                    \n - Régi: Pontosan ugyanitt jelent meg ez a kép az első feladatban.                    \n - Hasonló: Egy hasonló helyen jelent meg ez a kép az első feladatban.                    \n - Új: Egy teljesen másik helyen jelent meg ez a kép az első feladatban.                    \nAz Ön feladata, hogy eldöntse, melyik kép jelent meg ugyanott, hasonló, és teljesen új helyen.\nMinden képet nézzen meg figyelmesen, és minden képre adjon választ, akkor is, ha a döntés nehéz.                    \n\nA döntését így jelölje:\n\tRégi - F\t Hasonló - J\t Új - K                    \n\nA folytatáshoz nyomja le a jobb nyilat."
15.0444 	DATA 	Keypress: right
15.0610 	EXP 	instr_text: text = "A következőkben bemutatjuk Önnek, milyenek a 'hasonló'/'új' képek és helyek. \nA jobb nyillal tud továbblépni."
15.5778 	DATA 	Keypress: right
15.6276 	EXP 	main_image: pos = array([300.,   0.])
15.6276 	EXP 	main_image: image = 'Stimuli/Fractals/Practice/164a.jpg'
15.6276 	EXP 	main_image: pos = array([-300.,    0.])
15.6276 	EXP 	main_image: image = 'Stimuli/Fractals/Practice/164b.jpg'
15.6276 	EXP 	start_task_text: text = 'Hasonló'
15.6276 	EXP 	start_task_text: text = 'Képek'
16.4277 	DATA 	Keypress: right
18.4609 	DATA 	Keypress: right
18.6942 	EXP 	main_image: pos = array([300.,   0.])
18.6942 	EXP 	main_image: image = 'Stimuli/Fractals/Practice/149a.jpg'
18.6942 	EXP 	main_image: pos = array([-300.,    0.])
18.6942 	EXP 	main_image: image = 'Stimuli/Fractals/Practice/149b.jpg'
18.6942 	EXP 	start_task_text: text = 'Hasonló'
18.6942 	EXP 	start_task_text: text = 'Képek'
19.4944 	DATA 	Keypress: right
19.7442 	EXP 	main_image: pos = array([300.,   0.])
19.7442 	EXP 	main_image: image = 'Stimuli/Fractals/Practice/160b.jpg'
19.7442 	EXP 	main_image: pos = array([-300.,    0.])
19.7442 	EXP 	main_image: image = 'Stimuli/Fractals/Practice/160c.jpg'
19.7442 	EXP 	start_task_text: text = 'Hasonló'
19.7442 	EXP 	start_task_text: text = 'Képek'
20.5448 	DATA 	Keypress: right
20.7941 	EXP 	main_image: pos = array([300.,   0.])
20.7941 	EXP 	main_image: image = 'Stimuli/Fractals/Practice/167a.jpg'
20.7941 	EXP 	main_image: pos = array([-300.,    0.])
20.7941 	EXP 	main_image: image = 'Stimuli/Fractals/Practice/167b.jpg'
20.7941 	EXP 	start_task_text: text = 'Hasonló'
20.7941 	EXP 	start_task_text: text = 'Képek'
21.5942 	DATA 	Keypress: right
21.8608 	EXP 	main_image: pos = array([300.,   0.])
21.8608 	EXP 	main_image: image = 'Stimuli/Fractals/Practice/163a.jpg'
21.8608 	EXP 	main_image: pos = array([-300.,    0.])
21.8608 	EXP 	main_image: image = 'Stimuli/Fractals/Practice/173c.jpg'
21.8608 	EXP 	start_task_text: text = 'Új'
21.8608 	EXP 	start_task_text: text = 'Képek'
22.6606 	DATA 	Keypress: right
22.9108 	EXP 	main_image: pos = array([-300.,    0.])
22.9108 	EXP 	main_image: image = 'Stimuli/Fractals/Practice/166a.jpg'
22.9108 	EXP 	main_image: pos = array([-212.1320344, -212.1320344])
22.9108 	EXP 	main_image: image = 'Stimuli/Fractals/Practice/166a.jpg'
22.9108 	EXP 	start_task_text: text = 'Hasonló'
22.9108 	EXP 	start_task_text: text = 'Helyek'
23.8763 	DATA 	Keypress: right
24.9774 	EXP 	main_image: pos = array([  0., 300.])
24.9774 	EXP 	main_image: image = 'Stimuli/Fractals/Practice/159a.jpg'
24.9774 	EXP 	main_image: pos = array([-212.1320344,  212.1320344])
24.9774 	EXP 	main_image: image = 'Stimuli/Fractals/Practice/159a.jpg'
24.9774 	EXP 	start_task_text: text = 'Hasonló'
24.9774 	EXP 	start_task_text: text = 'Helyek'
25.7774 	DATA 	Keypress: right
26.0276 	EXP 	main_image: pos = array([212.1320344, 212.1320344])
26.0276 	EXP 	main_image: image = 'Stimuli/Fractals/Practice/148b.jpg'
26.0276 	EXP 	main_image: pos = array([  0., 300.])
26.0276 	EXP 	main_image: image = 'Stimuli/Fractals/Practice/148b.jpg'
26.0276 	EXP 	start_task_text: text = 'Hasonló'
26.0276 	EXP 	start_task_text: text = 'Helyek'
31.0442 	DATA 	Keypress: right
32.1605 	EXP 	main_image: pos = array([300.,   0.])
32.1605 	EXP 	main_image: image = 'Stimuli/Fractals/Practice/177b.jpg'
32.1605 	EXP 	main_image: pos = array([-212.1320344,  212.1320344])
32.1605 	EXP 	main_image: image = 'Stimuli/Fractals/Practice/177b.jpg'
32.1605 	EXP 	start_task_text: text = 'Új'
32.1605 	EXP 	start_task_text: text = 'Helyek'
36.1882 	DATA 	Keypress: left
37.2041 	DATA 	Keypress: right
38.2604 	EXP 	instr_text: text = 'Most a gyakorlás következik. Ha készen áll, nyomjon le egy billentyűt.'
39.9482 	DATA 	Keypress: escape
40.1104 	EXP 	main_image: pos = array([212.1320344, 212.1320344])
40.1104 	EXP 	main_image: image = 'Stimuli/Fractals/Practice/156b.jpg'
40.1104 	EXP 	start_task_text: text = 'A helyes válasz: Új'
40.1104 	EXP 	start_task_text: text = ''
40.1104 	EXP 	start_task_text: text = ''
40.1104 	EXP 	main_image: pos = array([-300.,    0.])
40.1104 	EXP 	main_image: image = 'Stimuli/Fractals/Practice/166c.jpg'
40.1104 	EXP 	start_task_text: text = 'A helyes válasz: Hasonló'
40.1104 	EXP 	start_task_text: text = ''
40.1104 	EXP 	start_task_text: text = ''
40.1104 	EXP 	main_image: pos = array([  0., 300.])
40.1104 	EXP 	main_image: image = 'Stimuli/Fractals/Practice/167a.jpg'
40.1104 	EXP 	start_task_text: text = 'A helyes válasz: Régi'
40.1104 	EXP 	start_task_text: text = ''
40.1104 	EXP 	start_task_text: text = ''
40.1104 	EXP 	main_image: pos = array([212.1320344, 212.1320344])
40.1104 	EXP 	main_image: image = 'Stimuli/Fractals/Practice/159a.jpg'
40.1104 	EXP 	start_task_text: text = 'A helyes válasz: Hasonló'
40.1104 	EXP 	start_task_text: text = ''
40.1104 	EXP 	start_task_text: text = ''
40.1104 	EXP 	main_image: pos = array([212.1320344, 212.1320344])
40.1104 	EXP 	main_image: image = 'Stimuli/Fractals/Practice/148b.jpg'
40.1104 	EXP 	start_task_text: text = 'A helyes válasz: Új'
40.1104 	EXP 	start_task_text: text = ''
40.1104 	EXP 	start_task_text: text = ''
40.1104 	EXP 	main_image: pos = array([-300.,    0.])
40.1104 	EXP 	main_image: image = 'Stimuli/Fractals/Practice/166a.jpg'
40.1104 	EXP 	start_task_text: text = 'A helyes válasz: Régi'
40.1104 	EXP 	start_task_text: text = ''
40.1104 	EXP 	start_task_text: text = ''
40.1104 	EXP 	instr_text: text = 'Régi - F\nHasonló - J\nÚj - K\n\nA kísérletvezető indítja a feladatot.'
40.1104 	EXP 	start_task_text: text = 'Figyeljen, kezdődik a feladat...'
40.1104 	EXP 	main_image: pos = array([-299.9187724 ,   -6.98068691])
40.1104 	EXP 	main_image: image = 'Stimuli/Fractals/59b.jpg'
40.1104 	EXP 	logo: opacity = 0.8
40.8442 	DATA 	Keypress: return
40.8983 	EXP 	window1: mouseVisible = True
